ERROR - 2025-07-14 03:54:18 --> CORS Filter
ERROR - 2025-07-14 03:54:18 --> Origin: http://localhost:4200
ERROR - 2025-07-14 03:54:18 --> CORS Filter
ERROR - 2025-07-14 03:54:18 --> Origin: http://localhost:4200
ERROR - 2025-07-14 03:54:22 --> CORS Filter
ERROR - 2025-07-14 03:54:22 --> Origin: http://localhost:4200
ERROR - 2025-07-14 03:54:22 --> CORS Filter
ERROR - 2025-07-14 03:54:22 --> Origin: http://localhost:4200
ERROR - 2025-07-14 03:54:23 --> CORS Filter
ERROR - 2025-07-14 03:54:23 --> Origin: http://localhost:4200
ERROR - 2025-07-14 03:54:23 --> CORS Filter
ERROR - 2025-07-14 03:54:23 --> Origin: http://localhost:4200
ERROR - 2025-07-14 04:24:25 --> CORS Filter
ERROR - 2025-07-14 04:24:25 --> Origin: http://localhost:4200
ERROR - 2025-07-14 04:24:25 --> CORS Filter
ERROR - 2025-07-14 04:24:25 --> Origin: http://localhost:4200
ERROR - 2025-07-14 04:24:27 --> CORS Filter
ERROR - 2025-07-14 04:24:27 --> Origin: http://localhost:4200
ERROR - 2025-07-14 04:24:28 --> CORS Filter
ERROR - 2025-07-14 04:24:28 --> Origin: http://localhost:4200
ERROR - 2025-07-14 04:24:28 --> CORS Filter
ERROR - 2025-07-14 04:24:28 --> Origin: http://localhost:4200
ERROR - 2025-07-14 04:24:28 --> CORS Filter
ERROR - 2025-07-14 04:24:28 --> Origin: http://localhost:4200
ERROR - 2025-07-14 04:24:30 --> CORS Filter
ERROR - 2025-07-14 04:24:30 --> Origin: http://localhost:4200
ERROR - 2025-07-14 04:24:30 --> CORS Filter
ERROR - 2025-07-14 04:24:30 --> Origin: http://localhost:4200
ERROR - 2025-07-14 04:24:59 --> CORS Filter
ERROR - 2025-07-14 04:24:59 --> Origin: http://localhost:4200
ERROR - 2025-07-14 04:24:59 --> CORS Filter
ERROR - 2025-07-14 04:24:59 --> Origin: http://localhost:4200
ERROR - 2025-07-14 04:25:00 --> CORS Filter
ERROR - 2025-07-14 04:25:00 --> Origin: http://localhost:4200
ERROR - 2025-07-14 04:25:00 --> CORS Filter
ERROR - 2025-07-14 04:25:00 --> Origin: http://localhost:4200
ERROR - 2025-07-14 04:25:00 --> CORS Filter
ERROR - 2025-07-14 04:25:00 --> Origin: http://localhost:4200
ERROR - 2025-07-14 04:25:00 --> CORS Filter
ERROR - 2025-07-14 04:25:00 --> Origin: http://localhost:4200
ERROR - 2025-07-14 04:30:02 --> CORS Filter
ERROR - 2025-07-14 04:30:02 --> Origin: http://localhost:4200
ERROR - 2025-07-14 04:30:03 --> CORS Filter
ERROR - 2025-07-14 04:30:03 --> Origin: http://localhost:4200
ERROR - 2025-07-14 04:30:03 --> CORS Filter
ERROR - 2025-07-14 04:30:03 --> Origin: http://localhost:4200
ERROR - 2025-07-14 04:30:03 --> CORS Filter
ERROR - 2025-07-14 04:30:03 --> Origin: http://localhost:4200
ERROR - 2025-07-14 04:33:29 --> CORS Filter
ERROR - 2025-07-14 04:33:29 --> Origin: http://localhost:4200
ERROR - 2025-07-14 04:33:29 --> CORS Filter
ERROR - 2025-07-14 04:33:29 --> Origin: http://localhost:4200
ERROR - 2025-07-14 04:33:31 --> CORS Filter
ERROR - 2025-07-14 04:33:31 --> Origin: http://localhost:4200
ERROR - 2025-07-14 04:33:31 --> CORS Filter
ERROR - 2025-07-14 04:33:31 --> Origin: http://localhost:4200
ERROR - 2025-07-14 04:33:50 --> CORS Filter
ERROR - 2025-07-14 04:33:50 --> Origin: http://localhost:4200
ERROR - 2025-07-14 04:33:50 --> CORS Filter
ERROR - 2025-07-14 04:33:50 --> Origin: http://localhost:4200
ERROR - 2025-07-14 04:33:50 --> CORS Filter
ERROR - 2025-07-14 04:33:50 --> Origin: http://localhost:4200
ERROR - 2025-07-14 04:33:50 --> CORS Filter
ERROR - 2025-07-14 04:33:50 --> Origin: http://localhost:4200
ERROR - 2025-07-14 04:37:24 --> CORS Filter
ERROR - 2025-07-14 04:37:24 --> Origin: http://localhost:4200
ERROR - 2025-07-14 04:37:24 --> CORS Filter
ERROR - 2025-07-14 04:37:24 --> Origin: http://localhost:4200
ERROR - 2025-07-14 04:37:25 --> CORS Filter
ERROR - 2025-07-14 04:37:25 --> Origin: http://localhost:4200
ERROR - 2025-07-14 04:37:25 --> CORS Filter
ERROR - 2025-07-14 04:37:25 --> Origin: http://localhost:4200
ERROR - 2025-07-14 04:37:33 --> CORS Filter
ERROR - 2025-07-14 04:37:33 --> Origin: http://localhost:4200
ERROR - 2025-07-14 04:37:33 --> CORS Filter
ERROR - 2025-07-14 04:37:33 --> Origin: http://localhost:4200
ERROR - 2025-07-14 04:37:40 --> CORS Filter
ERROR - 2025-07-14 04:37:40 --> Origin: http://localhost:4200
ERROR - 2025-07-14 04:37:40 --> CORS Filter
ERROR - 2025-07-14 04:37:40 --> Origin: http://localhost:4200
ERROR - 2025-07-14 04:37:46 --> CORS Filter
ERROR - 2025-07-14 04:37:46 --> Origin: http://localhost:4200
ERROR - 2025-07-14 04:37:46 --> CORS Filter
ERROR - 2025-07-14 04:37:46 --> Origin: http://localhost:4200
ERROR - 2025-07-14 04:39:01 --> CORS Filter
ERROR - 2025-07-14 04:39:01 --> Origin: http://localhost:4200
ERROR - 2025-07-14 04:39:01 --> CORS Filter
ERROR - 2025-07-14 04:39:01 --> Origin: http://localhost:4200
ERROR - 2025-07-14 04:39:08 --> CORS Filter
ERROR - 2025-07-14 04:39:08 --> Origin: http://localhost:4200
ERROR - 2025-07-14 04:39:08 --> CORS Filter
ERROR - 2025-07-14 04:39:08 --> Origin: http://localhost:4200
ERROR - 2025-07-14 04:43:49 --> CORS Filter
ERROR - 2025-07-14 04:43:49 --> Origin: http://localhost:4200
ERROR - 2025-07-14 04:43:49 --> CORS Filter
ERROR - 2025-07-14 04:43:49 --> Origin: http://localhost:4200
ERROR - 2025-07-14 04:43:49 --> CORS Filter
ERROR - 2025-07-14 04:43:49 --> Origin: http://localhost:4200
ERROR - 2025-07-14 04:43:49 --> CORS Filter
ERROR - 2025-07-14 04:43:49 --> Origin: http://localhost:4200
ERROR - 2025-07-14 04:44:28 --> CORS Filter
ERROR - 2025-07-14 04:44:28 --> Origin: http://localhost:4200
ERROR - 2025-07-14 04:44:28 --> CORS Filter
ERROR - 2025-07-14 04:44:28 --> Origin: http://localhost:4200
ERROR - 2025-07-14 04:44:28 --> CORS Filter
ERROR - 2025-07-14 04:44:28 --> Origin: http://localhost:4200
ERROR - 2025-07-14 04:44:28 --> CORS Filter
ERROR - 2025-07-14 04:44:28 --> Origin: http://localhost:4200
ERROR - 2025-07-14 04:44:31 --> CORS Filter
ERROR - 2025-07-14 04:44:31 --> Origin: http://localhost:4200
ERROR - 2025-07-14 04:44:31 --> CORS Filter
ERROR - 2025-07-14 04:44:31 --> Origin: http://localhost:4200
ERROR - 2025-07-14 04:56:41 --> CORS Filter
ERROR - 2025-07-14 04:56:41 --> Origin: http://localhost:4200
ERROR - 2025-07-14 04:56:41 --> CORS Filter
ERROR - 2025-07-14 04:56:41 --> Origin: http://localhost:4200
ERROR - 2025-07-14 04:56:42 --> mysqli_sql_exception: Table 'exiaa_ex0009.gallery_mst' doesn't exist in C:\xampp\htdocs\exiaa-material-api\vendor\codeigniter4\framework\system\Database\MySQLi\Connection.php:312
Stack trace:
#0 C:\xampp\htdocs\exiaa-material-api\vendor\codeigniter4\framework\system\Database\MySQLi\Connection.php(312): mysqli->query('SELECT COUNT(*)...', 0)
#1 C:\xampp\htdocs\exiaa-material-api\vendor\codeigniter4\framework\system\Database\BaseConnection.php(734): CodeIgniter\Database\MySQLi\Connection->execute('SELECT COUNT(*)...')
#2 C:\xampp\htdocs\exiaa-material-api\vendor\codeigniter4\framework\system\Database\BaseConnection.php(648): CodeIgniter\Database\BaseConnection->simpleQuery('SELECT COUNT(*)...')
#3 C:\xampp\htdocs\exiaa-material-api\vendor\codeigniter4\framework\system\Database\BaseBuilder.php(1728): CodeIgniter\Database\BaseConnection->query('SELECT COUNT(*)...', Array, false)
#4 C:\xampp\htdocs\exiaa-material-api\vendor\codeigniter4\framework\system\Model.php(676): CodeIgniter\Database\BaseBuilder->countAllResults(false)
#5 C:\xampp\htdocs\exiaa-material-api\vendor\codeigniter4\framework\system\BaseModel.php(1283): CodeIgniter\Model->countAllResults(false)
#6 C:\xampp\htdocs\exiaa-material-api\app\Controllers\Gallery.php(86): CodeIgniter\BaseModel->paginate(10, 'default', 1)
#7 C:\xampp\htdocs\exiaa-material-api\vendor\codeigniter4\framework\system\CodeIgniter.php(933): App\Controllers\Gallery->getGallerysPaging()
#8 C:\xampp\htdocs\exiaa-material-api\vendor\codeigniter4\framework\system\CodeIgniter.php(509): CodeIgniter\CodeIgniter->runController(Object(App\Controllers\Gallery))
#9 C:\xampp\htdocs\exiaa-material-api\vendor\codeigniter4\framework\system\CodeIgniter.php(355): CodeIgniter\CodeIgniter->handleRequest(NULL, Object(Config\Cache), false)
#10 C:\xampp\htdocs\exiaa-material-api\vendor\codeigniter4\framework\system\Boot.php(334): CodeIgniter\CodeIgniter->run()
#11 C:\xampp\htdocs\exiaa-material-api\vendor\codeigniter4\framework\system\Boot.php(67): CodeIgniter\Boot::runCodeIgniter(Object(CodeIgniter\CodeIgniter))
#12 C:\xampp\htdocs\exiaa-material-api\public\index.php(56): CodeIgniter\Boot::bootWeb(Object(Config\Paths))
#13 C:\xampp\htdocs\exiaa-material-api\vendor\codeigniter4\framework\system\rewrite.php(44): require_once('C:\\xampp\\htdocs...')
#14 {main}
CRITICAL - 2025-07-14 04:56:42 --> CodeIgniter\Database\Exceptions\DatabaseException: Table 'exiaa_ex0009.gallery_mst' doesn't exist
[Method: POST, Route: api/gallery/getallpaging]
in SYSTEMPATH\Database\BaseConnection.php on line 688.
 1 SYSTEMPATH\Database\BaseBuilder.php(1728): CodeIgniter\Database\BaseConnection->query('SELECT COUNT(*) AS `numrows`
FROM `gallery_mst`
WHERE `isDeleted` = :isDeleted:
AND `businessId` = :businessId:', [...], false)
 2 SYSTEMPATH\Model.php(676): CodeIgniter\Database\BaseBuilder->countAllResults(false)
 3 SYSTEMPATH\BaseModel.php(1283): CodeIgniter\Model->countAllResults(false)
 4 APPPATH\Controllers\Gallery.php(86): CodeIgniter\BaseModel->paginate(10, 'default', 1)
 5 SYSTEMPATH\CodeIgniter.php(933): App\Controllers\Gallery->getGallerysPaging()
 6 SYSTEMPATH\CodeIgniter.php(509): CodeIgniter\CodeIgniter->runController(Object(App\Controllers\Gallery))
 7 SYSTEMPATH\CodeIgniter.php(355): CodeIgniter\CodeIgniter->handleRequest(null, Object(Config\Cache), false)
 8 SYSTEMPATH\Boot.php(334): CodeIgniter\CodeIgniter->run()
 9 SYSTEMPATH\Boot.php(67): CodeIgniter\Boot::runCodeIgniter(Object(CodeIgniter\CodeIgniter))
10 FCPATH\index.php(56): CodeIgniter\Boot::bootWeb(Object(Config\Paths))
11 SYSTEMPATH\rewrite.php(44): require_once('C:\\xampp\\htdocs\\exiaa-material-api\\public\\index.php')
CRITICAL - 2025-07-14 04:56:42 --> [Caused by] CodeIgniter\Database\Exceptions\DatabaseException: Table 'exiaa_ex0009.gallery_mst' doesn't exist
in SYSTEMPATH\Database\MySQLi\Connection.php on line 317.
 1 SYSTEMPATH\Database\BaseConnection.php(734): CodeIgniter\Database\MySQLi\Connection->execute('SELECT COUNT(*) AS `numrows`
FROM `gallery_mst`
WHERE `isDeleted` = 0
AND `businessId` = 4')
 2 SYSTEMPATH\Database\BaseConnection.php(648): CodeIgniter\Database\BaseConnection->simpleQuery('SELECT COUNT(*) AS `numrows`
FROM `gallery_mst`
WHERE `isDeleted` = 0
AND `businessId` = 4')
 3 SYSTEMPATH\Database\BaseBuilder.php(1728): CodeIgniter\Database\BaseConnection->query('SELECT COUNT(*) AS `numrows`
FROM `gallery_mst`
WHERE `isDeleted` = :isDeleted:
AND `businessId` = :businessId:', [...], false)
 4 SYSTEMPATH\Model.php(676): CodeIgniter\Database\BaseBuilder->countAllResults(false)
 5 SYSTEMPATH\BaseModel.php(1283): CodeIgniter\Model->countAllResults(false)
 6 APPPATH\Controllers\Gallery.php(86): CodeIgniter\BaseModel->paginate(10, 'default', 1)
 7 SYSTEMPATH\CodeIgniter.php(933): App\Controllers\Gallery->getGallerysPaging()
 8 SYSTEMPATH\CodeIgniter.php(509): CodeIgniter\CodeIgniter->runController(Object(App\Controllers\Gallery))
 9 SYSTEMPATH\CodeIgniter.php(355): CodeIgniter\CodeIgniter->handleRequest(null, Object(Config\Cache), false)
10 SYSTEMPATH\Boot.php(334): CodeIgniter\CodeIgniter->run()
11 SYSTEMPATH\Boot.php(67): CodeIgniter\Boot::runCodeIgniter(Object(CodeIgniter\CodeIgniter))
12 FCPATH\index.php(56): CodeIgniter\Boot::bootWeb(Object(Config\Paths))
13 SYSTEMPATH\rewrite.php(44): require_once('C:\\xampp\\htdocs\\exiaa-material-api\\public\\index.php')
CRITICAL - 2025-07-14 04:56:42 --> [Caused by] mysqli_sql_exception: Table 'exiaa_ex0009.gallery_mst' doesn't exist
in SYSTEMPATH\Database\MySQLi\Connection.php on line 312.
 1 SYSTEMPATH\Database\MySQLi\Connection.php(312): mysqli->query('SELECT COUNT(*) AS `numrows`
FROM `gallery_mst`
WHERE `isDeleted` = 0
AND `businessId` = 4', 0)
 2 SYSTEMPATH\Database\BaseConnection.php(734): CodeIgniter\Database\MySQLi\Connection->execute('SELECT COUNT(*) AS `numrows`
FROM `gallery_mst`
WHERE `isDeleted` = 0
AND `businessId` = 4')
 3 SYSTEMPATH\Database\BaseConnection.php(648): CodeIgniter\Database\BaseConnection->simpleQuery('SELECT COUNT(*) AS `numrows`
FROM `gallery_mst`
WHERE `isDeleted` = 0
AND `businessId` = 4')
 4 SYSTEMPATH\Database\BaseBuilder.php(1728): CodeIgniter\Database\BaseConnection->query('SELECT COUNT(*) AS `numrows`
FROM `gallery_mst`
WHERE `isDeleted` = :isDeleted:
AND `businessId` = :businessId:', [...], false)
 5 SYSTEMPATH\Model.php(676): CodeIgniter\Database\BaseBuilder->countAllResults(false)
 6 SYSTEMPATH\BaseModel.php(1283): CodeIgniter\Model->countAllResults(false)
 7 APPPATH\Controllers\Gallery.php(86): CodeIgniter\BaseModel->paginate(10, 'default', 1)
 8 SYSTEMPATH\CodeIgniter.php(933): App\Controllers\Gallery->getGallerysPaging()
 9 SYSTEMPATH\CodeIgniter.php(509): CodeIgniter\CodeIgniter->runController(Object(App\Controllers\Gallery))
10 SYSTEMPATH\CodeIgniter.php(355): CodeIgniter\CodeIgniter->handleRequest(null, Object(Config\Cache), false)
11 SYSTEMPATH\Boot.php(334): CodeIgniter\CodeIgniter->run()
12 SYSTEMPATH\Boot.php(67): CodeIgniter\Boot::runCodeIgniter(Object(CodeIgniter\CodeIgniter))
13 FCPATH\index.php(56): CodeIgniter\Boot::bootWeb(Object(Config\Paths))
14 SYSTEMPATH\rewrite.php(44): require_once('C:\\xampp\\htdocs\\exiaa-material-api\\public\\index.php')
ERROR - 2025-07-14 04:56:46 --> CORS Filter
ERROR - 2025-07-14 04:56:46 --> Origin: http://localhost:4200
ERROR - 2025-07-14 04:56:46 --> CORS Filter
ERROR - 2025-07-14 04:56:46 --> Origin: http://localhost:4200
ERROR - 2025-07-14 04:56:51 --> CORS Filter
ERROR - 2025-07-14 04:56:51 --> Origin: http://localhost:4200
ERROR - 2025-07-14 04:56:51 --> CORS Filter
ERROR - 2025-07-14 04:56:51 --> Origin: http://localhost:4200
ERROR - 2025-07-14 04:56:56 --> CORS Filter
ERROR - 2025-07-14 04:56:56 --> Origin: http://localhost:4200
ERROR - 2025-07-14 04:57:25 --> CORS Filter
ERROR - 2025-07-14 04:57:25 --> Origin: http://localhost:4200
ERROR - 2025-07-14 04:57:25 --> CORS Filter
ERROR - 2025-07-14 04:57:25 --> Origin: http://localhost:4200
ERROR - 2025-07-14 04:57:43 --> CORS Filter
ERROR - 2025-07-14 04:57:43 --> Origin: http://localhost:4200
ERROR - 2025-07-14 04:57:43 --> CORS Filter
ERROR - 2025-07-14 04:57:43 --> Origin: http://localhost:4200
ERROR - 2025-07-14 04:57:44 --> CORS Filter
ERROR - 2025-07-14 04:57:44 --> Origin: http://localhost:4200
ERROR - 2025-07-14 04:57:44 --> CORS Filter
ERROR - 2025-07-14 04:57:44 --> Origin: http://localhost:4200
ERROR - 2025-07-14 04:57:44 --> CORS Filter
ERROR - 2025-07-14 04:57:44 --> Origin: http://localhost:4200
ERROR - 2025-07-14 04:57:44 --> CORS Filter
ERROR - 2025-07-14 04:57:44 --> Origin: http://localhost:4200
ERROR - 2025-07-14 04:57:44 --> CORS Filter
ERROR - 2025-07-14 04:57:44 --> Origin: http://localhost:4200
ERROR - 2025-07-14 04:57:45 --> CORS Filter
ERROR - 2025-07-14 04:57:45 --> Origin: http://localhost:4200
ERROR - 2025-07-14 04:57:45 --> CORS Filter
ERROR - 2025-07-14 04:57:45 --> Origin: http://localhost:4200
ERROR - 2025-07-14 04:57:45 --> CORS Filter
ERROR - 2025-07-14 04:57:45 --> Origin: http://localhost:4200
ERROR - 2025-07-14 04:57:49 --> CORS Filter
ERROR - 2025-07-14 04:57:49 --> Origin: http://localhost:4200
ERROR - 2025-07-14 04:57:49 --> CORS Filter
ERROR - 2025-07-14 04:57:49 --> Origin: http://localhost:4200
ERROR - 2025-07-14 04:58:16 --> CORS Filter
ERROR - 2025-07-14 04:58:16 --> Origin: http://localhost:4200
ERROR - 2025-07-14 04:58:16 --> CORS Filter
ERROR - 2025-07-14 04:58:16 --> Origin: http://localhost:4200
ERROR - 2025-07-14 05:00:13 --> CORS Filter
ERROR - 2025-07-14 05:00:13 --> Origin: http://localhost:4200
ERROR - 2025-07-14 05:00:13 --> CORS Filter
ERROR - 2025-07-14 05:00:13 --> Origin: http://localhost:4200
ERROR - 2025-07-14 05:00:32 --> CORS Filter
ERROR - 2025-07-14 05:00:32 --> Origin: http://localhost:4200
ERROR - 2025-07-14 05:00:32 --> CORS Filter
ERROR - 2025-07-14 05:00:32 --> Origin: http://localhost:4200
ERROR - 2025-07-14 05:01:52 --> CORS Filter
ERROR - 2025-07-14 05:01:52 --> Origin: http://localhost:4200
ERROR - 2025-07-14 05:01:52 --> CORS Filter
ERROR - 2025-07-14 05:01:52 --> Origin: http://localhost:4200
ERROR - 2025-07-14 05:01:52 --> CORS Filter
ERROR - 2025-07-14 05:01:52 --> Origin: http://localhost:4200
ERROR - 2025-07-14 05:01:53 --> CORS Filter
ERROR - 2025-07-14 05:01:53 --> Origin: http://localhost:4200
ERROR - 2025-07-14 05:01:53 --> CORS Filter
ERROR - 2025-07-14 05:01:53 --> Origin: http://localhost:4200
ERROR - 2025-07-14 05:01:53 --> CORS Filter
ERROR - 2025-07-14 05:01:53 --> Origin: http://localhost:4200
ERROR - 2025-07-14 05:02:37 --> CORS Filter
ERROR - 2025-07-14 05:02:37 --> Origin: http://localhost:4200
ERROR - 2025-07-14 05:02:38 --> CORS Filter
ERROR - 2025-07-14 05:02:38 --> Origin: http://localhost:4200
ERROR - 2025-07-14 05:02:38 --> CORS Filter
ERROR - 2025-07-14 05:02:38 --> Origin: http://localhost:4200
ERROR - 2025-07-14 05:02:38 --> CORS Filter
ERROR - 2025-07-14 05:02:38 --> Origin: http://localhost:4200
ERROR - 2025-07-14 05:02:38 --> CORS Filter
ERROR - 2025-07-14 05:02:38 --> Origin: http://localhost:4200
ERROR - 2025-07-14 05:02:38 --> CORS Filter
ERROR - 2025-07-14 05:02:38 --> Origin: http://localhost:4200
ERROR - 2025-07-14 05:04:09 --> CORS Filter
ERROR - 2025-07-14 05:04:09 --> Origin: http://localhost:4200
ERROR - 2025-07-14 05:04:09 --> CORS Filter
ERROR - 2025-07-14 05:04:09 --> Origin: http://localhost:4200
ERROR - 2025-07-14 05:04:09 --> CORS Filter
ERROR - 2025-07-14 05:04:09 --> Origin: http://localhost:4200
ERROR - 2025-07-14 05:04:09 --> CORS Filter
ERROR - 2025-07-14 05:04:09 --> Origin: http://localhost:4200
ERROR - 2025-07-14 05:04:09 --> CORS Filter
ERROR - 2025-07-14 05:04:09 --> Origin: http://localhost:4200
ERROR - 2025-07-14 05:04:10 --> CORS Filter
ERROR - 2025-07-14 05:04:10 --> Origin: http://localhost:4200
ERROR - 2025-07-14 05:04:13 --> CORS Filter
ERROR - 2025-07-14 05:04:13 --> Origin: http://localhost:4200
ERROR - 2025-07-14 05:04:13 --> CORS Filter
ERROR - 2025-07-14 05:04:13 --> Origin: http://localhost:4200
ERROR - 2025-07-14 05:04:13 --> CORS Filter
ERROR - 2025-07-14 05:04:13 --> Origin: http://localhost:4200
ERROR - 2025-07-14 05:04:18 --> CORS Filter
ERROR - 2025-07-14 05:04:18 --> Origin: http://localhost:4200
ERROR - 2025-07-14 05:04:18 --> CORS Filter
ERROR - 2025-07-14 05:04:18 --> Origin: http://localhost:4200
ERROR - 2025-07-14 05:04:40 --> CORS Filter
ERROR - 2025-07-14 05:04:40 --> Origin: http://localhost:4200
ERROR - 2025-07-14 05:04:40 --> CORS Filter
ERROR - 2025-07-14 05:04:40 --> Origin: http://localhost:4200
ERROR - 2025-07-14 05:04:41 --> CORS Filter
ERROR - 2025-07-14 05:04:41 --> Origin: http://localhost:4200
ERROR - 2025-07-14 05:04:41 --> CORS Filter
ERROR - 2025-07-14 05:04:41 --> Origin: http://localhost:4200
ERROR - 2025-07-14 05:04:41 --> CORS Filter
ERROR - 2025-07-14 05:04:41 --> Origin: http://localhost:4200
ERROR - 2025-07-14 05:04:41 --> CORS Filter
ERROR - 2025-07-14 05:04:41 --> Origin: http://localhost:4200
ERROR - 2025-07-14 05:04:41 --> CORS Filter
ERROR - 2025-07-14 05:04:41 --> Origin: http://localhost:4200
ERROR - 2025-07-14 05:04:41 --> mysqli_sql_exception: Table 'exiaa_ex0009.shift_mst' doesn't exist in C:\xampp\htdocs\exiaa-material-api\vendor\codeigniter4\framework\system\Database\MySQLi\Connection.php:312
Stack trace:
#0 C:\xampp\htdocs\exiaa-material-api\vendor\codeigniter4\framework\system\Database\MySQLi\Connection.php(312): mysqli->query('SELECT COUNT(*)...', 0)
#1 C:\xampp\htdocs\exiaa-material-api\vendor\codeigniter4\framework\system\Database\BaseConnection.php(734): CodeIgniter\Database\MySQLi\Connection->execute('SELECT COUNT(*)...')
#2 C:\xampp\htdocs\exiaa-material-api\vendor\codeigniter4\framework\system\Database\BaseConnection.php(648): CodeIgniter\Database\BaseConnection->simpleQuery('SELECT COUNT(*)...')
#3 C:\xampp\htdocs\exiaa-material-api\vendor\codeigniter4\framework\system\Database\BaseBuilder.php(1728): CodeIgniter\Database\BaseConnection->query('SELECT COUNT(*)...', Array, false)
#4 C:\xampp\htdocs\exiaa-material-api\vendor\codeigniter4\framework\system\Model.php(676): CodeIgniter\Database\BaseBuilder->countAllResults(false)
#5 C:\xampp\htdocs\exiaa-material-api\vendor\codeigniter4\framework\system\BaseModel.php(1283): CodeIgniter\Model->countAllResults(false)
#6 C:\xampp\htdocs\exiaa-material-api\app\Controllers\Course.php(915): CodeIgniter\BaseModel->paginate(10, 'default', 1)
#7 C:\xampp\htdocs\exiaa-material-api\vendor\codeigniter4\framework\system\CodeIgniter.php(933): App\Controllers\Course->getShiftPaging()
#8 C:\xampp\htdocs\exiaa-material-api\vendor\codeigniter4\framework\system\CodeIgniter.php(509): CodeIgniter\CodeIgniter->runController(Object(App\Controllers\Course))
#9 C:\xampp\htdocs\exiaa-material-api\vendor\codeigniter4\framework\system\CodeIgniter.php(355): CodeIgniter\CodeIgniter->handleRequest(NULL, Object(Config\Cache), false)
#10 C:\xampp\htdocs\exiaa-material-api\vendor\codeigniter4\framework\system\Boot.php(334): CodeIgniter\CodeIgniter->run()
#11 C:\xampp\htdocs\exiaa-material-api\vendor\codeigniter4\framework\system\Boot.php(67): CodeIgniter\Boot::runCodeIgniter(Object(CodeIgniter\CodeIgniter))
#12 C:\xampp\htdocs\exiaa-material-api\public\index.php(56): CodeIgniter\Boot::bootWeb(Object(Config\Paths))
#13 C:\xampp\htdocs\exiaa-material-api\vendor\codeigniter4\framework\system\rewrite.php(44): require_once('C:\\xampp\\htdocs...')
#14 {main}
CRITICAL - 2025-07-14 05:04:41 --> CodeIgniter\Database\Exceptions\DatabaseException: Table 'exiaa_ex0009.shift_mst' doesn't exist
[Method: POST, Route: api/course/getshiftpaging]
in SYSTEMPATH\Database\BaseConnection.php on line 688.
 1 SYSTEMPATH\Database\BaseBuilder.php(1728): CodeIgniter\Database\BaseConnection->query('SELECT COUNT(*) AS `numrows`
FROM `shift_mst`
WHERE `businessId` = :businessId:
AND `isDeleted` = :isDeleted:
AND `businessId` = :businessId.1:', [...], false)
 2 SYSTEMPATH\Model.php(676): CodeIgniter\Database\BaseBuilder->countAllResults(false)
 3 SYSTEMPATH\BaseModel.php(1283): CodeIgniter\Model->countAllResults(false)
 4 APPPATH\Controllers\Course.php(915): CodeIgniter\BaseModel->paginate(10, 'default', 1)
 5 SYSTEMPATH\CodeIgniter.php(933): App\Controllers\Course->getShiftPaging()
 6 SYSTEMPATH\CodeIgniter.php(509): CodeIgniter\CodeIgniter->runController(Object(App\Controllers\Course))
 7 SYSTEMPATH\CodeIgniter.php(355): CodeIgniter\CodeIgniter->handleRequest(null, Object(Config\Cache), false)
 8 SYSTEMPATH\Boot.php(334): CodeIgniter\CodeIgniter->run()
 9 SYSTEMPATH\Boot.php(67): CodeIgniter\Boot::runCodeIgniter(Object(CodeIgniter\CodeIgniter))
10 FCPATH\index.php(56): CodeIgniter\Boot::bootWeb(Object(Config\Paths))
11 SYSTEMPATH\rewrite.php(44): require_once('C:\\xampp\\htdocs\\exiaa-material-api\\public\\index.php')
CRITICAL - 2025-07-14 05:04:41 --> [Caused by] CodeIgniter\Database\Exceptions\DatabaseException: Table 'exiaa_ex0009.shift_mst' doesn't exist
in SYSTEMPATH\Database\MySQLi\Connection.php on line 317.
 1 SYSTEMPATH\Database\BaseConnection.php(734): CodeIgniter\Database\MySQLi\Connection->execute('SELECT COUNT(*) AS `numrows`
FROM `shift_mst`
WHERE `businessId` = 4
AND `isDeleted` = 0
AND `businessId` = 4')
 2 SYSTEMPATH\Database\BaseConnection.php(648): CodeIgniter\Database\BaseConnection->simpleQuery('SELECT COUNT(*) AS `numrows`
FROM `shift_mst`
WHERE `businessId` = 4
AND `isDeleted` = 0
AND `businessId` = 4')
 3 SYSTEMPATH\Database\BaseBuilder.php(1728): CodeIgniter\Database\BaseConnection->query('SELECT COUNT(*) AS `numrows`
FROM `shift_mst`
WHERE `businessId` = :businessId:
AND `isDeleted` = :isDeleted:
AND `businessId` = :businessId.1:', [...], false)
 4 SYSTEMPATH\Model.php(676): CodeIgniter\Database\BaseBuilder->countAllResults(false)
 5 SYSTEMPATH\BaseModel.php(1283): CodeIgniter\Model->countAllResults(false)
 6 APPPATH\Controllers\Course.php(915): CodeIgniter\BaseModel->paginate(10, 'default', 1)
 7 SYSTEMPATH\CodeIgniter.php(933): App\Controllers\Course->getShiftPaging()
 8 SYSTEMPATH\CodeIgniter.php(509): CodeIgniter\CodeIgniter->runController(Object(App\Controllers\Course))
 9 SYSTEMPATH\CodeIgniter.php(355): CodeIgniter\CodeIgniter->handleRequest(null, Object(Config\Cache), false)
10 SYSTEMPATH\Boot.php(334): CodeIgniter\CodeIgniter->run()
11 SYSTEMPATH\Boot.php(67): CodeIgniter\Boot::runCodeIgniter(Object(CodeIgniter\CodeIgniter))
12 FCPATH\index.php(56): CodeIgniter\Boot::bootWeb(Object(Config\Paths))
13 SYSTEMPATH\rewrite.php(44): require_once('C:\\xampp\\htdocs\\exiaa-material-api\\public\\index.php')
CRITICAL - 2025-07-14 05:04:41 --> [Caused by] mysqli_sql_exception: Table 'exiaa_ex0009.shift_mst' doesn't exist
in SYSTEMPATH\Database\MySQLi\Connection.php on line 312.
 1 SYSTEMPATH\Database\MySQLi\Connection.php(312): mysqli->query('SELECT COUNT(*) AS `numrows`
FROM `shift_mst`
WHERE `businessId` = 4
AND `isDeleted` = 0
AND `businessId` = 4', 0)
 2 SYSTEMPATH\Database\BaseConnection.php(734): CodeIgniter\Database\MySQLi\Connection->execute('SELECT COUNT(*) AS `numrows`
FROM `shift_mst`
WHERE `businessId` = 4
AND `isDeleted` = 0
AND `businessId` = 4')
 3 SYSTEMPATH\Database\BaseConnection.php(648): CodeIgniter\Database\BaseConnection->simpleQuery('SELECT COUNT(*) AS `numrows`
FROM `shift_mst`
WHERE `businessId` = 4
AND `isDeleted` = 0
AND `businessId` = 4')
 4 SYSTEMPATH\Database\BaseBuilder.php(1728): CodeIgniter\Database\BaseConnection->query('SELECT COUNT(*) AS `numrows`
FROM `shift_mst`
WHERE `businessId` = :businessId:
AND `isDeleted` = :isDeleted:
AND `businessId` = :businessId.1:', [...], false)
 5 SYSTEMPATH\Model.php(676): CodeIgniter\Database\BaseBuilder->countAllResults(false)
 6 SYSTEMPATH\BaseModel.php(1283): CodeIgniter\Model->countAllResults(false)
 7 APPPATH\Controllers\Course.php(915): CodeIgniter\BaseModel->paginate(10, 'default', 1)
 8 SYSTEMPATH\CodeIgniter.php(933): App\Controllers\Course->getShiftPaging()
 9 SYSTEMPATH\CodeIgniter.php(509): CodeIgniter\CodeIgniter->runController(Object(App\Controllers\Course))
10 SYSTEMPATH\CodeIgniter.php(355): CodeIgniter\CodeIgniter->handleRequest(null, Object(Config\Cache), false)
11 SYSTEMPATH\Boot.php(334): CodeIgniter\CodeIgniter->run()
12 SYSTEMPATH\Boot.php(67): CodeIgniter\Boot::runCodeIgniter(Object(CodeIgniter\CodeIgniter))
13 FCPATH\index.php(56): CodeIgniter\Boot::bootWeb(Object(Config\Paths))
14 SYSTEMPATH\rewrite.php(44): require_once('C:\\xampp\\htdocs\\exiaa-material-api\\public\\index.php')
ERROR - 2025-07-14 05:04:41 --> CORS Filter
ERROR - 2025-07-14 05:04:41 --> Origin: http://localhost:4200
ERROR - 2025-07-14 05:04:50 --> CORS Filter
ERROR - 2025-07-14 05:04:50 --> Origin: http://localhost:4200
ERROR - 2025-07-14 05:04:50 --> CORS Filter
ERROR - 2025-07-14 05:04:50 --> Origin: http://localhost:4200
ERROR - 2025-07-14 05:04:50 --> CORS Filter
ERROR - 2025-07-14 05:04:50 --> Origin: http://localhost:4200
ERROR - 2025-07-14 05:04:50 --> CORS Filter
ERROR - 2025-07-14 05:04:50 --> Origin: http://localhost:4200
ERROR - 2025-07-14 05:04:56 --> CORS Filter
ERROR - 2025-07-14 05:04:56 --> Origin: http://localhost:4200
ERROR - 2025-07-14 05:04:56 --> CORS Filter
ERROR - 2025-07-14 05:04:56 --> Origin: http://localhost:4200
ERROR - 2025-07-14 05:05:00 --> CORS Filter
ERROR - 2025-07-14 05:05:00 --> Origin: http://localhost:4200
ERROR - 2025-07-14 05:05:01 --> CORS Filter
ERROR - 2025-07-14 05:05:01 --> Origin: http://localhost:4200
ERROR - 2025-07-14 05:05:01 --> CORS Filter
ERROR - 2025-07-14 05:05:01 --> Origin: http://localhost:4200
ERROR - 2025-07-14 05:05:35 --> CORS Filter
ERROR - 2025-07-14 05:05:35 --> Origin: http://localhost:4200
ERROR - 2025-07-14 05:05:36 --> CORS Filter
ERROR - 2025-07-14 05:05:36 --> Origin: http://localhost:4200
ERROR - 2025-07-14 05:05:36 --> CORS Filter
ERROR - 2025-07-14 05:05:36 --> Origin: http://localhost:4200
ERROR - 2025-07-14 05:05:36 --> CORS Filter
ERROR - 2025-07-14 05:05:36 --> Origin: http://localhost:4200
ERROR - 2025-07-14 05:05:36 --> CORS Filter
ERROR - 2025-07-14 05:05:36 --> Origin: http://localhost:4200
ERROR - 2025-07-14 05:05:36 --> CORS Filter
ERROR - 2025-07-14 05:05:36 --> Origin: http://localhost:4200
ERROR - 2025-07-14 05:05:55 --> CORS Filter
ERROR - 2025-07-14 05:05:55 --> Origin: http://localhost:4200
ERROR - 2025-07-14 05:05:55 --> CORS Filter
ERROR - 2025-07-14 05:05:55 --> Origin: http://localhost:4200
ERROR - 2025-07-14 05:05:55 --> CORS Filter
ERROR - 2025-07-14 05:05:55 --> Origin: http://localhost:4200
ERROR - 2025-07-14 05:05:55 --> CORS Filter
ERROR - 2025-07-14 05:05:55 --> Origin: http://localhost:4200
ERROR - 2025-07-14 05:05:55 --> CORS Filter
ERROR - 2025-07-14 05:05:55 --> Origin: http://localhost:4200
ERROR - 2025-07-14 05:05:56 --> CORS Filter
ERROR - 2025-07-14 05:05:56 --> Origin: http://localhost:4200
ERROR - 2025-07-14 05:07:48 --> CORS Filter
ERROR - 2025-07-14 05:07:48 --> Origin: http://localhost:4200
ERROR - 2025-07-14 05:07:48 --> CORS Filter
ERROR - 2025-07-14 05:07:48 --> Origin: http://localhost:4200
ERROR - 2025-07-14 05:07:48 --> CORS Filter
ERROR - 2025-07-14 05:07:48 --> Origin: http://localhost:4200
ERROR - 2025-07-14 05:07:48 --> CORS Filter
ERROR - 2025-07-14 05:07:48 --> Origin: http://localhost:4200
ERROR - 2025-07-14 05:07:49 --> CORS Filter
ERROR - 2025-07-14 05:07:49 --> Origin: http://localhost:4200
ERROR - 2025-07-14 05:07:49 --> CORS Filter
ERROR - 2025-07-14 05:07:49 --> Origin: http://localhost:4200
ERROR - 2025-07-14 05:12:10 --> CORS Filter
ERROR - 2025-07-14 05:12:10 --> Origin: http://localhost:4200
ERROR - 2025-07-14 05:12:10 --> CORS Filter
ERROR - 2025-07-14 05:12:10 --> Origin: http://localhost:4200
ERROR - 2025-07-14 05:12:10 --> CORS Filter
ERROR - 2025-07-14 05:12:10 --> Origin: http://localhost:4200
ERROR - 2025-07-14 05:12:10 --> CORS Filter
ERROR - 2025-07-14 05:12:10 --> Origin: http://localhost:4200
ERROR - 2025-07-14 05:12:11 --> CORS Filter
ERROR - 2025-07-14 05:12:11 --> Origin: http://localhost:4200
ERROR - 2025-07-14 05:12:11 --> CORS Filter
ERROR - 2025-07-14 05:12:11 --> Origin: http://localhost:4200
ERROR - 2025-07-14 05:12:18 --> CORS Filter
ERROR - 2025-07-14 05:12:18 --> Origin: http://localhost:4200
ERROR - 2025-07-14 05:12:18 --> CORS Filter
ERROR - 2025-07-14 05:12:18 --> Origin: http://localhost:4200
ERROR - 2025-07-14 05:12:18 --> CORS Filter
ERROR - 2025-07-14 05:12:18 --> Origin: http://localhost:4200
ERROR - 2025-07-14 05:12:18 --> CORS Filter
ERROR - 2025-07-14 05:12:18 --> Origin: http://localhost:4200
ERROR - 2025-07-14 05:12:19 --> CORS Filter
ERROR - 2025-07-14 05:12:19 --> Origin: http://localhost:4200
ERROR - 2025-07-14 05:12:19 --> CORS Filter
ERROR - 2025-07-14 05:12:19 --> Origin: http://localhost:4200
ERROR - 2025-07-14 05:12:24 --> CORS Filter
ERROR - 2025-07-14 05:12:24 --> Origin: http://localhost:4200
ERROR - 2025-07-14 05:12:24 --> CORS Filter
ERROR - 2025-07-14 05:12:24 --> Origin: http://localhost:4200
ERROR - 2025-07-14 05:12:24 --> CORS Filter
ERROR - 2025-07-14 05:12:24 --> Origin: http://localhost:4200
ERROR - 2025-07-14 05:12:25 --> CORS Filter
ERROR - 2025-07-14 05:12:25 --> Origin: http://localhost:4200
ERROR - 2025-07-14 05:12:37 --> CORS Filter
ERROR - 2025-07-14 05:12:37 --> Origin: http://localhost:4200
ERROR - 2025-07-14 05:12:37 --> CORS Filter
ERROR - 2025-07-14 05:12:37 --> Origin: http://localhost:4200
ERROR - 2025-07-14 05:12:38 --> CORS Filter
ERROR - 2025-07-14 05:12:38 --> Origin: http://localhost:4200
ERROR - 2025-07-14 05:12:38 --> CORS Filter
ERROR - 2025-07-14 05:12:38 --> Origin: http://localhost:4200
ERROR - 2025-07-14 05:12:56 --> CORS Filter
ERROR - 2025-07-14 05:12:56 --> Origin: http://localhost:4200
ERROR - 2025-07-14 05:12:56 --> CORS Filter
ERROR - 2025-07-14 05:12:56 --> Origin: http://localhost:4200
ERROR - 2025-07-14 05:12:56 --> CORS Filter
ERROR - 2025-07-14 05:12:56 --> Origin: http://localhost:4200
ERROR - 2025-07-14 05:12:56 --> CORS Filter
ERROR - 2025-07-14 05:12:56 --> Origin: http://localhost:4200
ERROR - 2025-07-14 05:12:58 --> CORS Filter
ERROR - 2025-07-14 05:12:58 --> Origin: http://localhost:4200
ERROR - 2025-07-14 05:12:58 --> CORS Filter
ERROR - 2025-07-14 05:12:58 --> Origin: http://localhost:4200
ERROR - 2025-07-14 05:13:01 --> CORS Filter
ERROR - 2025-07-14 05:13:01 --> Origin: http://localhost:4200
ERROR - 2025-07-14 05:13:01 --> CORS Filter
ERROR - 2025-07-14 05:13:01 --> Origin: http://localhost:4200
ERROR - 2025-07-14 05:13:09 --> CORS Filter
ERROR - 2025-07-14 05:13:09 --> Origin: http://localhost:4200
ERROR - 2025-07-14 05:13:09 --> CORS Filter
ERROR - 2025-07-14 05:13:09 --> Origin: http://localhost:4200
ERROR - 2025-07-14 05:14:53 --> CORS Filter
ERROR - 2025-07-14 05:14:53 --> Origin: http://localhost:4200
ERROR - 2025-07-14 05:14:53 --> CORS Filter
ERROR - 2025-07-14 05:14:53 --> Origin: http://localhost:4200
ERROR - 2025-07-14 05:14:54 --> CORS Filter
ERROR - 2025-07-14 05:14:54 --> Origin: http://localhost:4200
ERROR - 2025-07-14 05:14:54 --> CORS Filter
ERROR - 2025-07-14 05:14:54 --> Origin: http://localhost:4200
ERROR - 2025-07-14 05:14:54 --> CORS Filter
ERROR - 2025-07-14 05:14:54 --> Origin: http://localhost:4200
ERROR - 2025-07-14 05:14:54 --> CORS Filter
ERROR - 2025-07-14 05:14:54 --> Origin: http://localhost:4200
ERROR - 2025-07-14 05:16:22 --> CORS Filter
ERROR - 2025-07-14 05:16:22 --> Origin: http://localhost:4200
ERROR - 2025-07-14 05:16:22 --> CORS Filter
ERROR - 2025-07-14 05:16:22 --> Origin: http://localhost:4200
ERROR - 2025-07-14 05:16:22 --> CORS Filter
ERROR - 2025-07-14 05:16:22 --> Origin: http://localhost:4200
ERROR - 2025-07-14 05:16:22 --> CORS Filter
ERROR - 2025-07-14 05:16:22 --> Origin: http://localhost:4200
ERROR - 2025-07-14 05:16:22 --> CORS Filter
ERROR - 2025-07-14 05:16:22 --> Origin: http://localhost:4200
ERROR - 2025-07-14 05:16:22 --> CORS Filter
ERROR - 2025-07-14 05:16:22 --> Origin: http://localhost:4200
ERROR - 2025-07-14 05:16:36 --> CORS Filter
ERROR - 2025-07-14 05:16:36 --> Origin: http://localhost:4200
ERROR - 2025-07-14 05:16:37 --> CORS Filter
ERROR - 2025-07-14 05:16:37 --> Origin: http://localhost:4200
ERROR - 2025-07-14 05:16:37 --> CORS Filter
ERROR - 2025-07-14 05:16:37 --> Origin: http://localhost:4200
ERROR - 2025-07-14 05:16:37 --> CORS Filter
ERROR - 2025-07-14 05:16:37 --> Origin: http://localhost:4200
ERROR - 2025-07-14 05:16:37 --> CORS Filter
ERROR - 2025-07-14 05:16:37 --> Origin: http://localhost:4200
ERROR - 2025-07-14 05:16:37 --> CORS Filter
ERROR - 2025-07-14 05:16:37 --> Origin: http://localhost:4200
ERROR - 2025-07-14 05:17:36 --> CORS Filter
ERROR - 2025-07-14 05:17:36 --> Origin: http://localhost:4200
ERROR - 2025-07-14 05:17:37 --> CORS Filter
ERROR - 2025-07-14 05:17:37 --> Origin: http://localhost:4200
ERROR - 2025-07-14 05:17:37 --> CORS Filter
ERROR - 2025-07-14 05:17:37 --> Origin: http://localhost:4200
ERROR - 2025-07-14 05:17:37 --> CORS Filter
ERROR - 2025-07-14 05:17:37 --> Origin: http://localhost:4200
ERROR - 2025-07-14 05:17:37 --> CORS Filter
ERROR - 2025-07-14 05:17:37 --> Origin: http://localhost:4200
ERROR - 2025-07-14 05:17:37 --> CORS Filter
ERROR - 2025-07-14 05:17:37 --> Origin: http://localhost:4200
ERROR - 2025-07-14 05:17:44 --> CORS Filter
ERROR - 2025-07-14 05:17:44 --> Origin: http://localhost:4200
ERROR - 2025-07-14 05:17:44 --> CORS Filter
ERROR - 2025-07-14 05:17:44 --> Origin: http://localhost:4200
ERROR - 2025-07-14 05:17:44 --> CORS Filter
ERROR - 2025-07-14 05:17:44 --> Origin: http://localhost:4200
ERROR - 2025-07-14 05:17:44 --> CORS Filter
ERROR - 2025-07-14 05:17:44 --> Origin: http://localhost:4200
ERROR - 2025-07-14 05:17:44 --> CORS Filter
ERROR - 2025-07-14 05:17:44 --> Origin: http://localhost:4200
ERROR - 2025-07-14 05:17:44 --> CORS Filter
ERROR - 2025-07-14 05:17:44 --> Origin: http://localhost:4200
ERROR - 2025-07-14 05:18:00 --> CORS Filter
ERROR - 2025-07-14 05:18:00 --> Origin: http://localhost:4200
ERROR - 2025-07-14 05:18:00 --> CORS Filter
ERROR - 2025-07-14 05:18:00 --> Origin: http://localhost:4200
ERROR - 2025-07-14 05:18:47 --> CORS Filter
ERROR - 2025-07-14 05:18:47 --> Origin: http://localhost:4200
ERROR - 2025-07-14 05:18:47 --> CORS Filter
ERROR - 2025-07-14 05:18:47 --> Origin: http://localhost:4200
ERROR - 2025-07-14 05:18:50 --> CORS Filter
ERROR - 2025-07-14 05:18:50 --> Origin: http://localhost:4200
ERROR - 2025-07-14 05:18:50 --> CORS Filter
ERROR - 2025-07-14 05:18:50 --> Origin: http://localhost:4200
ERROR - 2025-07-14 05:19:35 --> CORS Filter
ERROR - 2025-07-14 05:19:35 --> Origin: http://localhost:4200
ERROR - 2025-07-14 05:19:35 --> CORS Filter
ERROR - 2025-07-14 05:19:35 --> Origin: http://localhost:4200
ERROR - 2025-07-14 05:19:35 --> CORS Filter
ERROR - 2025-07-14 05:19:35 --> Origin: http://localhost:4200
ERROR - 2025-07-14 05:19:35 --> CORS Filter
ERROR - 2025-07-14 05:19:35 --> Origin: http://localhost:4200
ERROR - 2025-07-14 05:19:43 --> CORS Filter
ERROR - 2025-07-14 05:19:43 --> Origin: http://localhost:4200
ERROR - 2025-07-14 05:19:44 --> CORS Filter
ERROR - 2025-07-14 05:19:44 --> Origin: http://localhost:4200
ERROR - 2025-07-14 05:19:44 --> CORS Filter
ERROR - 2025-07-14 05:19:44 --> Origin: http://localhost:4200
ERROR - 2025-07-14 05:19:44 --> CORS Filter
ERROR - 2025-07-14 05:19:44 --> Origin: http://localhost:4200
ERROR - 2025-07-14 05:20:06 --> CORS Filter
ERROR - 2025-07-14 05:20:06 --> Origin: http://localhost:4200
ERROR - 2025-07-14 05:20:06 --> CORS Filter
ERROR - 2025-07-14 05:20:06 --> Origin: http://localhost:4200
ERROR - 2025-07-14 05:20:07 --> CORS Filter
ERROR - 2025-07-14 05:20:07 --> Origin: http://localhost:4200
ERROR - 2025-07-14 05:20:07 --> CORS Filter
ERROR - 2025-07-14 05:20:07 --> Origin: http://localhost:4200
ERROR - 2025-07-14 05:20:07 --> CORS Filter
ERROR - 2025-07-14 05:20:07 --> Origin: http://localhost:4200
ERROR - 2025-07-14 05:20:07 --> CORS Filter
ERROR - 2025-07-14 05:20:07 --> Origin: http://localhost:4200
ERROR - 2025-07-14 06:05:09 --> CORS Filter
ERROR - 2025-07-14 06:05:09 --> Origin: http://localhost:4200
ERROR - 2025-07-14 06:05:09 --> CORS Filter
ERROR - 2025-07-14 06:05:09 --> Origin: http://localhost:4200
ERROR - 2025-07-14 06:05:10 --> CORS Filter
ERROR - 2025-07-14 06:05:10 --> Origin: http://localhost:4200
ERROR - 2025-07-14 06:05:10 --> CORS Filter
ERROR - 2025-07-14 06:05:10 --> Origin: http://localhost:4200
ERROR - 2025-07-14 06:05:11 --> CORS Filter
ERROR - 2025-07-14 06:05:11 --> Origin: http://localhost:4200
ERROR - 2025-07-14 06:05:11 --> CORS Filter
ERROR - 2025-07-14 06:05:11 --> Origin: http://localhost:4200
ERROR - 2025-07-14 06:07:36 --> CORS Filter
ERROR - 2025-07-14 06:07:36 --> Origin: http://localhost:4200
ERROR - 2025-07-14 06:07:37 --> CORS Filter
ERROR - 2025-07-14 06:07:37 --> Origin: http://localhost:4200
ERROR - 2025-07-14 06:07:41 --> CORS Filter
ERROR - 2025-07-14 06:07:41 --> Origin: http://localhost:4200
ERROR - 2025-07-14 06:10:31 --> CORS Filter
ERROR - 2025-07-14 06:10:31 --> Origin: http://localhost:4200
ERROR - 2025-07-14 06:10:31 --> CORS Filter
ERROR - 2025-07-14 06:10:31 --> Origin: http://localhost:4200
ERROR - 2025-07-14 06:10:47 --> CORS Filter
ERROR - 2025-07-14 06:10:47 --> Origin: http://localhost:4200
ERROR - 2025-07-14 06:10:47 --> CORS Filter
ERROR - 2025-07-14 06:10:47 --> Origin: http://localhost:4200
ERROR - 2025-07-14 06:10:48 --> CORS Filter
ERROR - 2025-07-14 06:10:48 --> Origin: http://localhost:4200
ERROR - 2025-07-14 06:10:48 --> CORS Filter
ERROR - 2025-07-14 06:10:48 --> Origin: http://localhost:4200
ERROR - 2025-07-14 06:10:49 --> CORS Filter
ERROR - 2025-07-14 06:10:49 --> Origin: http://localhost:4200
ERROR - 2025-07-14 06:10:49 --> CORS Filter
ERROR - 2025-07-14 06:10:49 --> Origin: http://localhost:4200
ERROR - 2025-07-14 06:11:23 --> CORS Filter
ERROR - 2025-07-14 06:11:23 --> Origin: http://localhost:4200
ERROR - 2025-07-14 06:11:23 --> CORS Filter
ERROR - 2025-07-14 06:11:23 --> Origin: http://localhost:4200
ERROR - 2025-07-14 06:11:34 --> CORS Filter
ERROR - 2025-07-14 06:11:34 --> Origin: http://localhost:4200
ERROR - 2025-07-14 06:11:34 --> CORS Filter
ERROR - 2025-07-14 06:11:34 --> Origin: http://localhost:4200
ERROR - 2025-07-14 06:11:35 --> CORS Filter
ERROR - 2025-07-14 06:11:35 --> Origin: http://localhost:4200
ERROR - 2025-07-14 06:11:35 --> CORS Filter
ERROR - 2025-07-14 06:11:35 --> Origin: http://localhost:4200
ERROR - 2025-07-14 06:28:59 --> CORS Filter
ERROR - 2025-07-14 06:28:59 --> Origin: http://localhost:4200
ERROR - 2025-07-14 06:29:00 --> CORS Filter
ERROR - 2025-07-14 06:29:00 --> Origin: http://localhost:4200
ERROR - 2025-07-14 06:29:00 --> CORS Filter
ERROR - 2025-07-14 06:29:00 --> Origin: http://localhost:4200
ERROR - 2025-07-14 06:29:00 --> CORS Filter
ERROR - 2025-07-14 06:29:00 --> Origin: http://localhost:4200
ERROR - 2025-07-14 06:29:01 --> CORS Filter
ERROR - 2025-07-14 06:29:01 --> Origin: http://localhost:4200
ERROR - 2025-07-14 06:29:01 --> CORS Filter
ERROR - 2025-07-14 06:29:01 --> Origin: http://localhost:4200
ERROR - 2025-07-14 06:29:40 --> CORS Filter
ERROR - 2025-07-14 06:29:40 --> Origin: http://localhost:4200
ERROR - 2025-07-14 06:29:40 --> CORS Filter
ERROR - 2025-07-14 06:29:40 --> Origin: http://localhost:4200
ERROR - 2025-07-14 06:29:41 --> CORS Filter
ERROR - 2025-07-14 06:29:41 --> Origin: http://localhost:4200
ERROR - 2025-07-14 06:29:41 --> CORS Filter
ERROR - 2025-07-14 06:29:41 --> Origin: http://localhost:4200
ERROR - 2025-07-14 07:37:34 --> CORS Filter
ERROR - 2025-07-14 07:37:34 --> Origin: http://localhost:4200
ERROR - 2025-07-14 07:37:34 --> CORS Filter
ERROR - 2025-07-14 07:37:34 --> Origin: http://localhost:4200
ERROR - 2025-07-14 07:37:35 --> CORS Filter
ERROR - 2025-07-14 07:37:35 --> Origin: http://localhost:4200
ERROR - 2025-07-14 07:37:36 --> CORS Filter
ERROR - 2025-07-14 07:37:36 --> Origin: http://localhost:4200
ERROR - 2025-07-14 07:37:36 --> CORS Filter
ERROR - 2025-07-14 07:37:36 --> Origin: http://localhost:4200
ERROR - 2025-07-14 07:37:36 --> CORS Filter
ERROR - 2025-07-14 07:37:36 --> Origin: http://localhost:4200
ERROR - 2025-07-14 07:41:12 --> CORS Filter
ERROR - 2025-07-14 07:41:12 --> Origin: http://localhost:4200
ERROR - 2025-07-14 07:41:12 --> CORS Filter
ERROR - 2025-07-14 07:41:12 --> Origin: http://localhost:4200
ERROR - 2025-07-14 07:43:38 --> CORS Filter
ERROR - 2025-07-14 07:43:38 --> Origin: http://localhost:4200
ERROR - 2025-07-14 07:43:38 --> CORS Filter
ERROR - 2025-07-14 07:43:38 --> Origin: http://localhost:4200
ERROR - 2025-07-14 07:43:38 --> CORS Filter
ERROR - 2025-07-14 07:43:38 --> Origin: http://localhost:4200
ERROR - 2025-07-14 07:43:38 --> CORS Filter
ERROR - 2025-07-14 07:43:38 --> Origin: http://localhost:4200
ERROR - 2025-07-14 07:43:39 --> CORS Filter
ERROR - 2025-07-14 07:43:39 --> Origin: http://localhost:4200
ERROR - 2025-07-14 07:43:39 --> CORS Filter
ERROR - 2025-07-14 07:43:39 --> Origin: http://localhost:4200
ERROR - 2025-07-14 07:45:23 --> CORS Filter
ERROR - 2025-07-14 07:45:23 --> Origin: http://localhost:4200
ERROR - 2025-07-14 07:45:23 --> CORS Filter
ERROR - 2025-07-14 07:45:23 --> Origin: http://localhost:4200
ERROR - 2025-07-14 07:46:18 --> CORS Filter
ERROR - 2025-07-14 07:46:18 --> Origin: http://localhost:4200
ERROR - 2025-07-14 07:46:18 --> CORS Filter
ERROR - 2025-07-14 07:46:18 --> Origin: http://localhost:4200
ERROR - 2025-07-14 07:46:18 --> CORS Filter
ERROR - 2025-07-14 07:46:18 --> Origin: http://localhost:4200
ERROR - 2025-07-14 07:46:18 --> CORS Filter
ERROR - 2025-07-14 07:46:18 --> Origin: http://localhost:4200
ERROR - 2025-07-14 07:46:19 --> CORS Filter
ERROR - 2025-07-14 07:46:19 --> Origin: http://localhost:4200
ERROR - 2025-07-14 07:46:19 --> CORS Filter
ERROR - 2025-07-14 07:46:19 --> Origin: http://localhost:4200
ERROR - 2025-07-14 07:46:26 --> CORS Filter
ERROR - 2025-07-14 07:46:26 --> Origin: http://localhost:4200
ERROR - 2025-07-14 07:46:26 --> CORS Filter
ERROR - 2025-07-14 07:46:26 --> Origin: http://localhost:4200
ERROR - 2025-07-14 07:46:55 --> CORS Filter
ERROR - 2025-07-14 07:46:55 --> Origin: http://localhost:4200
ERROR - 2025-07-14 07:46:55 --> CORS Filter
ERROR - 2025-07-14 07:46:55 --> Origin: http://localhost:4200
ERROR - 2025-07-14 07:46:57 --> CORS Filter
ERROR - 2025-07-14 07:46:57 --> Origin: http://localhost:4200
ERROR - 2025-07-14 07:46:57 --> CORS Filter
ERROR - 2025-07-14 07:46:57 --> Origin: http://localhost:4200
ERROR - 2025-07-14 07:48:19 --> CORS Filter
ERROR - 2025-07-14 07:48:19 --> Origin: http://localhost:4200
ERROR - 2025-07-14 07:48:19 --> CORS Filter
ERROR - 2025-07-14 07:48:19 --> Origin: http://localhost:4200
ERROR - 2025-07-14 07:48:19 --> CORS Filter
ERROR - 2025-07-14 07:48:19 --> Origin: http://localhost:4200
ERROR - 2025-07-14 07:48:19 --> CORS Filter
ERROR - 2025-07-14 07:48:19 --> Origin: http://localhost:4200
ERROR - 2025-07-14 07:48:20 --> CORS Filter
ERROR - 2025-07-14 07:48:20 --> Origin: http://localhost:4200
ERROR - 2025-07-14 07:48:21 --> CORS Filter
ERROR - 2025-07-14 07:48:21 --> Origin: http://localhost:4200
ERROR - 2025-07-14 07:49:10 --> CORS Filter
ERROR - 2025-07-14 07:49:10 --> Origin: http://localhost:4200
ERROR - 2025-07-14 07:49:11 --> CORS Filter
ERROR - 2025-07-14 07:49:11 --> Origin: http://localhost:4200
ERROR - 2025-07-14 07:49:11 --> CORS Filter
ERROR - 2025-07-14 07:49:11 --> Origin: http://localhost:4200
ERROR - 2025-07-14 07:49:11 --> CORS Filter
ERROR - 2025-07-14 07:49:11 --> Origin: http://localhost:4200
ERROR - 2025-07-14 07:49:12 --> CORS Filter
ERROR - 2025-07-14 07:49:12 --> Origin: http://localhost:4200
ERROR - 2025-07-14 07:49:12 --> CORS Filter
ERROR - 2025-07-14 07:49:12 --> Origin: http://localhost:4200
ERROR - 2025-07-14 07:49:12 --> CORS Filter
ERROR - 2025-07-14 07:49:12 --> Origin: http://localhost:4200
ERROR - 2025-07-14 07:49:12 --> CORS Filter
ERROR - 2025-07-14 07:49:12 --> Origin: http://localhost:4200
ERROR - 2025-07-14 07:49:13 --> CORS Filter
ERROR - 2025-07-14 07:49:13 --> Origin: http://localhost:4200
ERROR - 2025-07-14 07:49:36 --> CORS Filter
ERROR - 2025-07-14 07:49:36 --> Origin: http://localhost:4200
ERROR - 2025-07-14 07:49:36 --> CORS Filter
ERROR - 2025-07-14 07:49:36 --> Origin: http://localhost:4200
ERROR - 2025-07-14 07:49:36 --> CORS Filter
ERROR - 2025-07-14 07:49:36 --> Origin: http://localhost:4200
ERROR - 2025-07-14 07:49:36 --> CORS Filter
ERROR - 2025-07-14 07:49:36 --> Origin: http://localhost:4200
ERROR - 2025-07-14 07:49:37 --> CORS Filter
ERROR - 2025-07-14 07:49:37 --> Origin: http://localhost:4200
ERROR - 2025-07-14 07:49:37 --> CORS Filter
ERROR - 2025-07-14 07:49:37 --> Origin: http://localhost:4200
ERROR - 2025-07-14 07:53:11 --> CORS Filter
ERROR - 2025-07-14 07:53:11 --> Origin: http://localhost:4200
ERROR - 2025-07-14 07:53:11 --> CORS Filter
ERROR - 2025-07-14 07:53:11 --> Origin: http://localhost:4200
ERROR - 2025-07-14 07:53:11 --> CORS Filter
ERROR - 2025-07-14 07:53:11 --> Origin: http://localhost:4200
ERROR - 2025-07-14 07:53:11 --> CORS Filter
ERROR - 2025-07-14 07:53:11 --> Origin: http://localhost:4200
ERROR - 2025-07-14 07:53:12 --> CORS Filter
ERROR - 2025-07-14 07:53:12 --> Origin: http://localhost:4200
ERROR - 2025-07-14 07:53:12 --> CORS Filter
ERROR - 2025-07-14 07:53:12 --> Origin: http://localhost:4200
ERROR - 2025-07-14 07:54:27 --> CORS Filter
ERROR - 2025-07-14 07:54:27 --> Origin: http://localhost:4200
ERROR - 2025-07-14 07:54:27 --> CORS Filter
ERROR - 2025-07-14 07:54:27 --> Origin: http://localhost:4200
ERROR - 2025-07-14 07:54:29 --> CORS Filter
ERROR - 2025-07-14 07:54:29 --> Origin: http://localhost:4200
ERROR - 2025-07-14 07:54:29 --> CORS Filter
ERROR - 2025-07-14 07:54:29 --> Origin: http://localhost:4200
ERROR - 2025-07-14 07:54:30 --> CORS Filter
ERROR - 2025-07-14 07:54:30 --> Origin: http://localhost:4200
ERROR - 2025-07-14 07:54:30 --> CORS Filter
ERROR - 2025-07-14 07:54:30 --> Origin: http://localhost:4200
ERROR - 2025-07-14 07:54:30 --> CORS Filter
ERROR - 2025-07-14 07:54:30 --> Origin: http://localhost:4200
ERROR - 2025-07-14 07:54:42 --> CORS Filter
ERROR - 2025-07-14 07:54:42 --> Origin: http://localhost:4200
ERROR - 2025-07-14 07:54:42 --> CORS Filter
ERROR - 2025-07-14 07:54:42 --> Origin: http://localhost:4200
ERROR - 2025-07-14 07:56:10 --> CORS Filter
ERROR - 2025-07-14 07:56:10 --> Origin: http://localhost:4200
ERROR - 2025-07-14 07:56:10 --> CORS Filter
ERROR - 2025-07-14 07:56:10 --> Origin: http://localhost:4200
ERROR - 2025-07-14 07:56:10 --> CORS Filter
ERROR - 2025-07-14 07:56:10 --> Origin: http://localhost:4200
ERROR - 2025-07-14 07:56:10 --> CORS Filter
ERROR - 2025-07-14 07:56:10 --> Origin: http://localhost:4200
ERROR - 2025-07-14 07:56:11 --> CORS Filter
ERROR - 2025-07-14 07:56:11 --> Origin: http://localhost:4200
ERROR - 2025-07-14 07:56:11 --> CORS Filter
ERROR - 2025-07-14 07:56:11 --> Origin: http://localhost:4200
ERROR - 2025-07-14 07:57:35 --> CORS Filter
ERROR - 2025-07-14 07:57:35 --> Origin: http://localhost:4200
ERROR - 2025-07-14 07:57:35 --> CORS Filter
ERROR - 2025-07-14 07:57:35 --> Origin: http://localhost:4200
ERROR - 2025-07-14 07:57:38 --> CORS Filter
ERROR - 2025-07-14 07:57:38 --> Origin: http://localhost:4200
ERROR - 2025-07-14 07:57:38 --> CORS Filter
ERROR - 2025-07-14 07:57:38 --> Origin: http://localhost:4200
ERROR - 2025-07-14 07:57:38 --> CORS Filter
ERROR - 2025-07-14 07:57:38 --> Origin: http://localhost:4200
ERROR - 2025-07-14 07:57:39 --> CORS Filter
ERROR - 2025-07-14 07:57:39 --> Origin: http://localhost:4200
ERROR - 2025-07-14 07:57:39 --> CORS Filter
ERROR - 2025-07-14 07:57:39 --> Origin: http://localhost:4200
ERROR - 2025-07-14 07:57:56 --> CORS Filter
ERROR - 2025-07-14 07:57:56 --> Origin: http://localhost:4200
ERROR - 2025-07-14 07:57:57 --> CORS Filter
ERROR - 2025-07-14 07:57:57 --> Origin: http://localhost:4200
ERROR - 2025-07-14 08:29:24 --> CORS Filter
ERROR - 2025-07-14 08:29:24 --> Origin: http://localhost:4200
ERROR - 2025-07-14 08:29:24 --> CORS Filter
ERROR - 2025-07-14 08:29:24 --> Origin: http://localhost:4200
ERROR - 2025-07-14 08:29:24 --> CORS Filter
ERROR - 2025-07-14 08:29:24 --> Origin: http://localhost:4200
ERROR - 2025-07-14 08:29:24 --> CORS Filter
ERROR - 2025-07-14 08:29:24 --> Origin: http://localhost:4200
ERROR - 2025-07-14 08:29:25 --> CORS Filter
ERROR - 2025-07-14 08:29:25 --> Origin: http://localhost:4200
ERROR - 2025-07-14 08:29:25 --> CORS Filter
ERROR - 2025-07-14 08:29:25 --> Origin: http://localhost:4200
ERROR - 2025-07-14 08:50:16 --> CORS Filter
ERROR - 2025-07-14 08:50:16 --> Origin: http://localhost:4200
ERROR - 2025-07-14 08:50:16 --> CORS Filter
ERROR - 2025-07-14 08:50:16 --> Origin: http://localhost:4200
ERROR - 2025-07-14 08:50:17 --> CORS Filter
ERROR - 2025-07-14 08:50:17 --> Origin: http://localhost:4200
ERROR - 2025-07-14 08:50:17 --> CORS Filter
ERROR - 2025-07-14 08:50:17 --> Origin: http://localhost:4200
ERROR - 2025-07-14 08:50:17 --> CORS Filter
ERROR - 2025-07-14 08:50:17 --> Origin: http://localhost:4200
ERROR - 2025-07-14 08:50:17 --> CORS Filter
ERROR - 2025-07-14 08:50:17 --> Origin: http://localhost:4200
ERROR - 2025-07-14 08:50:23 --> CORS Filter
ERROR - 2025-07-14 08:50:23 --> Origin: http://localhost:4200
ERROR - 2025-07-14 08:50:23 --> CORS Filter
ERROR - 2025-07-14 08:50:23 --> Origin: http://localhost:4200
ERROR - 2025-07-14 08:50:28 --> CORS Filter
ERROR - 2025-07-14 08:50:28 --> Origin: http://localhost:4200
ERROR - 2025-07-14 08:50:28 --> CORS Filter
ERROR - 2025-07-14 08:50:28 --> Origin: http://localhost:4200
ERROR - 2025-07-14 08:51:16 --> CORS Filter
ERROR - 2025-07-14 08:51:16 --> Origin: http://localhost:4200
ERROR - 2025-07-14 08:51:16 --> CORS Filter
ERROR - 2025-07-14 08:51:16 --> Origin: http://localhost:4200
ERROR - 2025-07-14 08:51:34 --> CORS Filter
ERROR - 2025-07-14 08:51:34 --> Origin: http://localhost:4200
ERROR - 2025-07-14 08:51:34 --> CORS Filter
ERROR - 2025-07-14 08:51:34 --> Origin: http://localhost:4200
ERROR - 2025-07-14 08:55:27 --> CORS Filter
ERROR - 2025-07-14 08:55:27 --> Origin: http://localhost:4200
ERROR - 2025-07-14 08:55:28 --> CORS Filter
ERROR - 2025-07-14 08:55:28 --> Origin: http://localhost:4200
ERROR - 2025-07-14 08:55:39 --> CORS Filter
ERROR - 2025-07-14 08:55:39 --> Origin: http://localhost:4200
ERROR - 2025-07-14 08:55:40 --> CORS Filter
ERROR - 2025-07-14 08:55:40 --> Origin: http://localhost:4200
ERROR - 2025-07-14 08:55:40 --> CORS Filter
ERROR - 2025-07-14 08:55:40 --> Origin: http://localhost:4200
ERROR - 2025-07-14 08:55:41 --> CORS Filter
ERROR - 2025-07-14 08:55:41 --> Origin: http://localhost:4200
ERROR - 2025-07-14 08:55:42 --> CORS Filter
ERROR - 2025-07-14 08:55:42 --> Origin: http://localhost:4200
ERROR - 2025-07-14 08:55:42 --> CORS Filter
ERROR - 2025-07-14 08:55:42 --> Origin: http://localhost:4200
ERROR - 2025-07-14 08:56:29 --> CORS Filter
ERROR - 2025-07-14 08:56:29 --> Origin: http://localhost:4200
ERROR - 2025-07-14 08:56:29 --> CORS Filter
ERROR - 2025-07-14 08:56:29 --> Origin: http://localhost:4200
ERROR - 2025-07-14 09:52:28 --> CORS Filter
ERROR - 2025-07-14 09:52:28 --> Origin: http://localhost:4200
ERROR - 2025-07-14 09:52:28 --> CORS Filter
ERROR - 2025-07-14 09:52:28 --> Origin: http://localhost:4200
ERROR - 2025-07-14 09:52:29 --> CORS Filter
ERROR - 2025-07-14 09:52:29 --> Origin: http://localhost:4200
ERROR - 2025-07-14 09:52:29 --> CORS Filter
ERROR - 2025-07-14 09:52:29 --> Origin: http://localhost:4200
ERROR - 2025-07-14 09:52:29 --> CORS Filter
ERROR - 2025-07-14 09:52:29 --> Origin: http://localhost:4200
ERROR - 2025-07-14 09:52:29 --> CORS Filter
ERROR - 2025-07-14 09:52:29 --> Origin: http://localhost:4200
ERROR - 2025-07-14 09:52:32 --> CORS Filter
ERROR - 2025-07-14 09:52:32 --> Origin: http://localhost:4200
ERROR - 2025-07-14 09:52:32 --> CORS Filter
ERROR - 2025-07-14 09:52:32 --> Origin: http://localhost:4200
ERROR - 2025-07-14 09:59:23 --> CORS Filter
ERROR - 2025-07-14 09:59:23 --> Origin: http://localhost:4200
ERROR - 2025-07-14 09:59:23 --> CORS Filter
ERROR - 2025-07-14 09:59:23 --> Origin: http://localhost:4200
ERROR - 2025-07-14 09:59:23 --> CORS Filter
ERROR - 2025-07-14 09:59:23 --> Origin: http://localhost:4200
ERROR - 2025-07-14 09:59:23 --> CORS Filter
ERROR - 2025-07-14 09:59:23 --> Origin: http://localhost:4200
ERROR - 2025-07-14 09:59:24 --> CORS Filter
ERROR - 2025-07-14 09:59:24 --> Origin: http://localhost:4200
ERROR - 2025-07-14 09:59:24 --> CORS Filter
ERROR - 2025-07-14 09:59:24 --> Origin: http://localhost:4200
ERROR - 2025-07-14 10:00:23 --> CORS Filter
ERROR - 2025-07-14 10:00:23 --> Origin: http://localhost:4200
ERROR - 2025-07-14 10:00:23 --> CORS Filter
ERROR - 2025-07-14 10:00:23 --> Origin: http://localhost:4200
CRITICAL - 2025-07-14 10:00:23 --> Error: Class "App\Models\UserBusinessModel" not found
[Method: POST, Route: api/user/create]
in APPPATH\Controllers\User.php on line 375.
 1 SYSTEMPATH\CodeIgniter.php(933): App\Controllers\User->create()
 2 SYSTEMPATH\CodeIgniter.php(509): CodeIgniter\CodeIgniter->runController(Object(App\Controllers\User))
 3 SYSTEMPATH\CodeIgniter.php(355): CodeIgniter\CodeIgniter->handleRequest(null, Object(Config\Cache), false)
 4 SYSTEMPATH\Boot.php(334): CodeIgniter\CodeIgniter->run()
 5 SYSTEMPATH\Boot.php(67): CodeIgniter\Boot::runCodeIgniter(Object(CodeIgniter\CodeIgniter))
 6 FCPATH\index.php(56): CodeIgniter\Boot::bootWeb(Object(Config\Paths))
 7 SYSTEMPATH\rewrite.php(44): require_once('C:\\xampp\\htdocs\\exiaa-material-api\\public\\index.php')
ERROR - 2025-07-14 10:03:05 --> CORS Filter
ERROR - 2025-07-14 10:03:05 --> Origin: http://localhost:4200
ERROR - 2025-07-14 10:03:05 --> CORS Filter
ERROR - 2025-07-14 10:03:05 --> Origin: http://localhost:4200
ERROR - 2025-07-14 10:03:06 --> CORS Filter
ERROR - 2025-07-14 10:03:06 --> Origin: http://localhost:4200
ERROR - 2025-07-14 10:03:06 --> CORS Filter
ERROR - 2025-07-14 10:03:06 --> Origin: http://localhost:4200
ERROR - 2025-07-14 10:03:37 --> CORS Filter
ERROR - 2025-07-14 10:03:37 --> Origin: http://localhost:4200
ERROR - 2025-07-14 10:03:38 --> CORS Filter
ERROR - 2025-07-14 10:03:38 --> Origin: http://localhost:4200
ERROR - 2025-07-14 10:03:39 --> CORS Filter
ERROR - 2025-07-14 10:03:39 --> Origin: http://localhost:4200
ERROR - 2025-07-14 10:03:39 --> CORS Filter
ERROR - 2025-07-14 10:03:39 --> Origin: http://localhost:4200
ERROR - 2025-07-14 10:03:40 --> CORS Filter
ERROR - 2025-07-14 10:03:40 --> Origin: http://localhost:4200
ERROR - 2025-07-14 10:03:40 --> CORS Filter
ERROR - 2025-07-14 10:03:40 --> Origin: http://localhost:4200
ERROR - 2025-07-14 10:04:01 --> CORS Filter
ERROR - 2025-07-14 10:04:01 --> Origin: http://localhost:4200
ERROR - 2025-07-14 10:04:02 --> CORS Filter
ERROR - 2025-07-14 10:04:02 --> Origin: http://localhost:4200
ERROR - 2025-07-14 10:04:02 --> CORS Filter
ERROR - 2025-07-14 10:04:02 --> Origin: http://localhost:4200
ERROR - 2025-07-14 10:04:03 --> CORS Filter
ERROR - 2025-07-14 10:04:03 --> Origin: http://localhost:4200
ERROR - 2025-07-14 10:06:50 --> CORS Filter
ERROR - 2025-07-14 10:06:50 --> Origin: http://localhost:4200
ERROR - 2025-07-14 10:06:50 --> CORS Filter
ERROR - 2025-07-14 10:06:50 --> Origin: http://localhost:4200
ERROR - 2025-07-14 10:06:50 --> CORS Filter
ERROR - 2025-07-14 10:06:50 --> Origin: http://localhost:4200
ERROR - 2025-07-14 10:06:50 --> CORS Filter
ERROR - 2025-07-14 10:06:50 --> Origin: http://localhost:4200
ERROR - 2025-07-14 10:06:51 --> CORS Filter
ERROR - 2025-07-14 10:06:51 --> Origin: http://localhost:4200
ERROR - 2025-07-14 10:06:51 --> CORS Filter
ERROR - 2025-07-14 10:06:51 --> Origin: http://localhost:4200
ERROR - 2025-07-14 10:06:51 --> CORS Filter
ERROR - 2025-07-14 10:06:51 --> Origin: http://localhost:4200
ERROR - 2025-07-14 10:06:51 --> CORS Filter
ERROR - 2025-07-14 10:06:51 --> Origin: http://localhost:4200
ERROR - 2025-07-14 10:06:55 --> CORS Filter
ERROR - 2025-07-14 10:06:55 --> Origin: http://localhost:4200
ERROR - 2025-07-14 10:06:56 --> CORS Filter
ERROR - 2025-07-14 10:06:56 --> Origin: http://localhost:4200
ERROR - 2025-07-14 10:06:58 --> CORS Filter
ERROR - 2025-07-14 10:06:58 --> Origin: http://localhost:4200
ERROR - 2025-07-14 10:06:58 --> CORS Filter
ERROR - 2025-07-14 10:06:58 --> Origin: http://localhost:4200
ERROR - 2025-07-14 10:07:03 --> CORS Filter
ERROR - 2025-07-14 10:07:03 --> Origin: http://localhost:4200
ERROR - 2025-07-14 10:07:03 --> CORS Filter
ERROR - 2025-07-14 10:07:03 --> Origin: http://localhost:4200
ERROR - 2025-07-14 10:07:03 --> CORS Filter
ERROR - 2025-07-14 10:07:03 --> Origin: http://localhost:4200
ERROR - 2025-07-14 10:07:04 --> CORS Filter
ERROR - 2025-07-14 10:07:04 --> Origin: http://localhost:4200
ERROR - 2025-07-14 10:07:24 --> CORS Filter
ERROR - 2025-07-14 10:07:24 --> Origin: http://localhost:4200
ERROR - 2025-07-14 10:07:24 --> CORS Filter
ERROR - 2025-07-14 10:07:24 --> Origin: http://localhost:4200
ERROR - 2025-07-14 10:07:24 --> CORS Filter
ERROR - 2025-07-14 10:07:24 --> Origin: http://localhost:4200
ERROR - 2025-07-14 10:07:24 --> CORS Filter
ERROR - 2025-07-14 10:07:24 --> Origin: http://localhost:4200
ERROR - 2025-07-14 10:07:25 --> CORS Filter
ERROR - 2025-07-14 10:07:25 --> Origin: http://localhost:4200
ERROR - 2025-07-14 10:07:25 --> CORS Filter
ERROR - 2025-07-14 10:07:25 --> Origin: http://localhost:4200
ERROR - 2025-07-14 10:07:25 --> CORS Filter
ERROR - 2025-07-14 10:07:25 --> Origin: http://localhost:4200
ERROR - 2025-07-14 10:07:25 --> CORS Filter
ERROR - 2025-07-14 10:07:25 --> Origin: http://localhost:4200
ERROR - 2025-07-14 10:07:25 --> mysqli_sql_exception: Table 'exiaa_ex0009.staff_mst' doesn't exist in C:\xampp\htdocs\exiaa-material-api\vendor\codeigniter4\framework\system\Database\MySQLi\Connection.php:312
Stack trace:
#0 C:\xampp\htdocs\exiaa-material-api\vendor\codeigniter4\framework\system\Database\MySQLi\Connection.php(312): mysqli->query('SELECT COUNT(*)...', 0)
#1 C:\xampp\htdocs\exiaa-material-api\vendor\codeigniter4\framework\system\Database\BaseConnection.php(734): CodeIgniter\Database\MySQLi\Connection->execute('SELECT COUNT(*)...')
#2 C:\xampp\htdocs\exiaa-material-api\vendor\codeigniter4\framework\system\Database\BaseConnection.php(648): CodeIgniter\Database\BaseConnection->simpleQuery('SELECT COUNT(*)...')
#3 C:\xampp\htdocs\exiaa-material-api\vendor\codeigniter4\framework\system\Database\BaseBuilder.php(1728): CodeIgniter\Database\BaseConnection->query('SELECT COUNT(*)...', Array, false)
#4 C:\xampp\htdocs\exiaa-material-api\vendor\codeigniter4\framework\system\Model.php(676): CodeIgniter\Database\BaseBuilder->countAllResults(false)
#5 C:\xampp\htdocs\exiaa-material-api\vendor\codeigniter4\framework\system\BaseModel.php(1283): CodeIgniter\Model->countAllResults(false)
#6 C:\xampp\htdocs\exiaa-material-api\app\Controllers\Staff.php(104): CodeIgniter\BaseModel->paginate(10, 'default', 1)
#7 C:\xampp\htdocs\exiaa-material-api\vendor\codeigniter4\framework\system\CodeIgniter.php(933): App\Controllers\Staff->getStaffPaging()
#8 C:\xampp\htdocs\exiaa-material-api\vendor\codeigniter4\framework\system\CodeIgniter.php(509): CodeIgniter\CodeIgniter->runController(Object(App\Controllers\Staff))
#9 C:\xampp\htdocs\exiaa-material-api\vendor\codeigniter4\framework\system\CodeIgniter.php(355): CodeIgniter\CodeIgniter->handleRequest(NULL, Object(Config\Cache), false)
#10 C:\xampp\htdocs\exiaa-material-api\vendor\codeigniter4\framework\system\Boot.php(334): CodeIgniter\CodeIgniter->run()
#11 C:\xampp\htdocs\exiaa-material-api\vendor\codeigniter4\framework\system\Boot.php(67): CodeIgniter\Boot::runCodeIgniter(Object(CodeIgniter\CodeIgniter))
#12 C:\xampp\htdocs\exiaa-material-api\public\index.php(56): CodeIgniter\Boot::bootWeb(Object(Config\Paths))
#13 C:\xampp\htdocs\exiaa-material-api\vendor\codeigniter4\framework\system\rewrite.php(44): require_once('C:\\xampp\\htdocs...')
#14 {main}
CRITICAL - 2025-07-14 10:07:25 --> CodeIgniter\Database\Exceptions\DatabaseException: Table 'exiaa_ex0009.staff_mst' doesn't exist
[Method: POST, Route: api/staff/getallpaging]
in SYSTEMPATH\Database\BaseConnection.php on line 688.
 1 SYSTEMPATH\Database\BaseBuilder.php(1728): CodeIgniter\Database\BaseConnection->query('SELECT COUNT(*) AS `numrows`
FROM `staff_mst`
WHERE `isDeleted` = :isDeleted:
AND `businessId` = :businessId:', [...], false)
 2 SYSTEMPATH\Model.php(676): CodeIgniter\Database\BaseBuilder->countAllResults(false)
 3 SYSTEMPATH\BaseModel.php(1283): CodeIgniter\Model->countAllResults(false)
 4 APPPATH\Controllers\Staff.php(104): CodeIgniter\BaseModel->paginate(10, 'default', 1)
 5 SYSTEMPATH\CodeIgniter.php(933): App\Controllers\Staff->getStaffPaging()
 6 SYSTEMPATH\CodeIgniter.php(509): CodeIgniter\CodeIgniter->runController(Object(App\Controllers\Staff))
 7 SYSTEMPATH\CodeIgniter.php(355): CodeIgniter\CodeIgniter->handleRequest(null, Object(Config\Cache), false)
 8 SYSTEMPATH\Boot.php(334): CodeIgniter\CodeIgniter->run()
 9 SYSTEMPATH\Boot.php(67): CodeIgniter\Boot::runCodeIgniter(Object(CodeIgniter\CodeIgniter))
10 FCPATH\index.php(56): CodeIgniter\Boot::bootWeb(Object(Config\Paths))
11 SYSTEMPATH\rewrite.php(44): require_once('C:\\xampp\\htdocs\\exiaa-material-api\\public\\index.php')
CRITICAL - 2025-07-14 10:07:25 --> [Caused by] CodeIgniter\Database\Exceptions\DatabaseException: Table 'exiaa_ex0009.staff_mst' doesn't exist
in SYSTEMPATH\Database\MySQLi\Connection.php on line 317.
 1 SYSTEMPATH\Database\BaseConnection.php(734): CodeIgniter\Database\MySQLi\Connection->execute('SELECT COUNT(*) AS `numrows`
FROM `staff_mst`
WHERE `isDeleted` = 0
AND `businessId` = 4')
 2 SYSTEMPATH\Database\BaseConnection.php(648): CodeIgniter\Database\BaseConnection->simpleQuery('SELECT COUNT(*) AS `numrows`
FROM `staff_mst`
WHERE `isDeleted` = 0
AND `businessId` = 4')
 3 SYSTEMPATH\Database\BaseBuilder.php(1728): CodeIgniter\Database\BaseConnection->query('SELECT COUNT(*) AS `numrows`
FROM `staff_mst`
WHERE `isDeleted` = :isDeleted:
AND `businessId` = :businessId:', [...], false)
 4 SYSTEMPATH\Model.php(676): CodeIgniter\Database\BaseBuilder->countAllResults(false)
 5 SYSTEMPATH\BaseModel.php(1283): CodeIgniter\Model->countAllResults(false)
 6 APPPATH\Controllers\Staff.php(104): CodeIgniter\BaseModel->paginate(10, 'default', 1)
 7 SYSTEMPATH\CodeIgniter.php(933): App\Controllers\Staff->getStaffPaging()
 8 SYSTEMPATH\CodeIgniter.php(509): CodeIgniter\CodeIgniter->runController(Object(App\Controllers\Staff))
 9 SYSTEMPATH\CodeIgniter.php(355): CodeIgniter\CodeIgniter->handleRequest(null, Object(Config\Cache), false)
10 SYSTEMPATH\Boot.php(334): CodeIgniter\CodeIgniter->run()
11 SYSTEMPATH\Boot.php(67): CodeIgniter\Boot::runCodeIgniter(Object(CodeIgniter\CodeIgniter))
12 FCPATH\index.php(56): CodeIgniter\Boot::bootWeb(Object(Config\Paths))
13 SYSTEMPATH\rewrite.php(44): require_once('C:\\xampp\\htdocs\\exiaa-material-api\\public\\index.php')
CRITICAL - 2025-07-14 10:07:25 --> [Caused by] mysqli_sql_exception: Table 'exiaa_ex0009.staff_mst' doesn't exist
in SYSTEMPATH\Database\MySQLi\Connection.php on line 312.
 1 SYSTEMPATH\Database\MySQLi\Connection.php(312): mysqli->query('SELECT COUNT(*) AS `numrows`
FROM `staff_mst`
WHERE `isDeleted` = 0
AND `businessId` = 4', 0)
 2 SYSTEMPATH\Database\BaseConnection.php(734): CodeIgniter\Database\MySQLi\Connection->execute('SELECT COUNT(*) AS `numrows`
FROM `staff_mst`
WHERE `isDeleted` = 0
AND `businessId` = 4')
 3 SYSTEMPATH\Database\BaseConnection.php(648): CodeIgniter\Database\BaseConnection->simpleQuery('SELECT COUNT(*) AS `numrows`
FROM `staff_mst`
WHERE `isDeleted` = 0
AND `businessId` = 4')
 4 SYSTEMPATH\Database\BaseBuilder.php(1728): CodeIgniter\Database\BaseConnection->query('SELECT COUNT(*) AS `numrows`
FROM `staff_mst`
WHERE `isDeleted` = :isDeleted:
AND `businessId` = :businessId:', [...], false)
 5 SYSTEMPATH\Model.php(676): CodeIgniter\Database\BaseBuilder->countAllResults(false)
 6 SYSTEMPATH\BaseModel.php(1283): CodeIgniter\Model->countAllResults(false)
 7 APPPATH\Controllers\Staff.php(104): CodeIgniter\BaseModel->paginate(10, 'default', 1)
 8 SYSTEMPATH\CodeIgniter.php(933): App\Controllers\Staff->getStaffPaging()
 9 SYSTEMPATH\CodeIgniter.php(509): CodeIgniter\CodeIgniter->runController(Object(App\Controllers\Staff))
10 SYSTEMPATH\CodeIgniter.php(355): CodeIgniter\CodeIgniter->handleRequest(null, Object(Config\Cache), false)
11 SYSTEMPATH\Boot.php(334): CodeIgniter\CodeIgniter->run()
12 SYSTEMPATH\Boot.php(67): CodeIgniter\Boot::runCodeIgniter(Object(CodeIgniter\CodeIgniter))
13 FCPATH\index.php(56): CodeIgniter\Boot::bootWeb(Object(Config\Paths))
14 SYSTEMPATH\rewrite.php(44): require_once('C:\\xampp\\htdocs\\exiaa-material-api\\public\\index.php')
ERROR - 2025-07-14 10:07:25 --> CORS Filter
ERROR - 2025-07-14 10:07:25 --> Origin: http://localhost:4200
ERROR - 2025-07-14 10:07:26 --> mysqli_sql_exception: Table 'exiaa_ex0009.staff_mst' doesn't exist in C:\xampp\htdocs\exiaa-material-api\vendor\codeigniter4\framework\system\Database\MySQLi\Connection.php:312
Stack trace:
#0 C:\xampp\htdocs\exiaa-material-api\vendor\codeigniter4\framework\system\Database\MySQLi\Connection.php(312): mysqli->query('SELECT `staffId...', 0)
#1 C:\xampp\htdocs\exiaa-material-api\vendor\codeigniter4\framework\system\Database\BaseConnection.php(734): CodeIgniter\Database\MySQLi\Connection->execute('SELECT `staffId...')
#2 C:\xampp\htdocs\exiaa-material-api\vendor\codeigniter4\framework\system\Database\BaseConnection.php(648): CodeIgniter\Database\BaseConnection->simpleQuery('SELECT `staffId...')
#3 C:\xampp\htdocs\exiaa-material-api\vendor\codeigniter4\framework\system\Database\BaseBuilder.php(1644): CodeIgniter\Database\BaseConnection->query('SELECT `staffId...', Array, false)
#4 C:\xampp\htdocs\exiaa-material-api\app\Controllers\StaffAttendance.php(163): CodeIgniter\Database\BaseBuilder->get()
#5 C:\xampp\htdocs\exiaa-material-api\vendor\codeigniter4\framework\system\CodeIgniter.php(933): App\Controllers\StaffAttendance->getStaffPaging()
#6 C:\xampp\htdocs\exiaa-material-api\vendor\codeigniter4\framework\system\CodeIgniter.php(509): CodeIgniter\CodeIgniter->runController(Object(App\Controllers\StaffAttendance))
#7 C:\xampp\htdocs\exiaa-material-api\vendor\codeigniter4\framework\system\CodeIgniter.php(355): CodeIgniter\CodeIgniter->handleRequest(NULL, Object(Config\Cache), false)
#8 C:\xampp\htdocs\exiaa-material-api\vendor\codeigniter4\framework\system\Boot.php(334): CodeIgniter\CodeIgniter->run()
#9 C:\xampp\htdocs\exiaa-material-api\vendor\codeigniter4\framework\system\Boot.php(67): CodeIgniter\Boot::runCodeIgniter(Object(CodeIgniter\CodeIgniter))
#10 C:\xampp\htdocs\exiaa-material-api\public\index.php(56): CodeIgniter\Boot::bootWeb(Object(Config\Paths))
#11 C:\xampp\htdocs\exiaa-material-api\vendor\codeigniter4\framework\system\rewrite.php(44): require_once('C:\\xampp\\htdocs...')
#12 {main}
CRITICAL - 2025-07-14 10:07:26 --> CodeIgniter\Database\Exceptions\DatabaseException: Table 'exiaa_ex0009.staff_mst' doesn't exist
[Method: POST, Route: api/staffAttendance/getallpaging]
in SYSTEMPATH\Database\BaseConnection.php on line 688.
 1 SYSTEMPATH\Database\BaseBuilder.php(1644): CodeIgniter\Database\BaseConnection->query('SELECT `staffId`
FROM `staff_mst`
WHERE `isDeleted` = :isDeleted:
AND `businessId` = :businessId:', [...], false)
 2 APPPATH\Controllers\StaffAttendance.php(163): CodeIgniter\Database\BaseBuilder->get()
 3 SYSTEMPATH\CodeIgniter.php(933): App\Controllers\StaffAttendance->getStaffPaging()
 4 SYSTEMPATH\CodeIgniter.php(509): CodeIgniter\CodeIgniter->runController(Object(App\Controllers\StaffAttendance))
 5 SYSTEMPATH\CodeIgniter.php(355): CodeIgniter\CodeIgniter->handleRequest(null, Object(Config\Cache), false)
 6 SYSTEMPATH\Boot.php(334): CodeIgniter\CodeIgniter->run()
 7 SYSTEMPATH\Boot.php(67): CodeIgniter\Boot::runCodeIgniter(Object(CodeIgniter\CodeIgniter))
 8 FCPATH\index.php(56): CodeIgniter\Boot::bootWeb(Object(Config\Paths))
 9 SYSTEMPATH\rewrite.php(44): require_once('C:\\xampp\\htdocs\\exiaa-material-api\\public\\index.php')
CRITICAL - 2025-07-14 10:07:26 --> [Caused by] CodeIgniter\Database\Exceptions\DatabaseException: Table 'exiaa_ex0009.staff_mst' doesn't exist
in SYSTEMPATH\Database\MySQLi\Connection.php on line 317.
 1 SYSTEMPATH\Database\BaseConnection.php(734): CodeIgniter\Database\MySQLi\Connection->execute('SELECT `staffId`
FROM `staff_mst`
WHERE `isDeleted` = 0
AND `businessId` = \'4\'')
 2 SYSTEMPATH\Database\BaseConnection.php(648): CodeIgniter\Database\BaseConnection->simpleQuery('SELECT `staffId`
FROM `staff_mst`
WHERE `isDeleted` = 0
AND `businessId` = \'4\'')
 3 SYSTEMPATH\Database\BaseBuilder.php(1644): CodeIgniter\Database\BaseConnection->query('SELECT `staffId`
FROM `staff_mst`
WHERE `isDeleted` = :isDeleted:
AND `businessId` = :businessId:', [...], false)
 4 APPPATH\Controllers\StaffAttendance.php(163): CodeIgniter\Database\BaseBuilder->get()
 5 SYSTEMPATH\CodeIgniter.php(933): App\Controllers\StaffAttendance->getStaffPaging()
 6 SYSTEMPATH\CodeIgniter.php(509): CodeIgniter\CodeIgniter->runController(Object(App\Controllers\StaffAttendance))
 7 SYSTEMPATH\CodeIgniter.php(355): CodeIgniter\CodeIgniter->handleRequest(null, Object(Config\Cache), false)
 8 SYSTEMPATH\Boot.php(334): CodeIgniter\CodeIgniter->run()
 9 SYSTEMPATH\Boot.php(67): CodeIgniter\Boot::runCodeIgniter(Object(CodeIgniter\CodeIgniter))
10 FCPATH\index.php(56): CodeIgniter\Boot::bootWeb(Object(Config\Paths))
11 SYSTEMPATH\rewrite.php(44): require_once('C:\\xampp\\htdocs\\exiaa-material-api\\public\\index.php')
CRITICAL - 2025-07-14 10:07:26 --> [Caused by] mysqli_sql_exception: Table 'exiaa_ex0009.staff_mst' doesn't exist
in SYSTEMPATH\Database\MySQLi\Connection.php on line 312.
 1 SYSTEMPATH\Database\MySQLi\Connection.php(312): mysqli->query('SELECT `staffId`
FROM `staff_mst`
WHERE `isDeleted` = 0
AND `businessId` = \'4\'', 0)
 2 SYSTEMPATH\Database\BaseConnection.php(734): CodeIgniter\Database\MySQLi\Connection->execute('SELECT `staffId`
FROM `staff_mst`
WHERE `isDeleted` = 0
AND `businessId` = \'4\'')
 3 SYSTEMPATH\Database\BaseConnection.php(648): CodeIgniter\Database\BaseConnection->simpleQuery('SELECT `staffId`
FROM `staff_mst`
WHERE `isDeleted` = 0
AND `businessId` = \'4\'')
 4 SYSTEMPATH\Database\BaseBuilder.php(1644): CodeIgniter\Database\BaseConnection->query('SELECT `staffId`
FROM `staff_mst`
WHERE `isDeleted` = :isDeleted:
AND `businessId` = :businessId:', [...], false)
 5 APPPATH\Controllers\StaffAttendance.php(163): CodeIgniter\Database\BaseBuilder->get()
 6 SYSTEMPATH\CodeIgniter.php(933): App\Controllers\StaffAttendance->getStaffPaging()
 7 SYSTEMPATH\CodeIgniter.php(509): CodeIgniter\CodeIgniter->runController(Object(App\Controllers\StaffAttendance))
 8 SYSTEMPATH\CodeIgniter.php(355): CodeIgniter\CodeIgniter->handleRequest(null, Object(Config\Cache), false)
 9 SYSTEMPATH\Boot.php(334): CodeIgniter\CodeIgniter->run()
10 SYSTEMPATH\Boot.php(67): CodeIgniter\Boot::runCodeIgniter(Object(CodeIgniter\CodeIgniter))
11 FCPATH\index.php(56): CodeIgniter\Boot::bootWeb(Object(Config\Paths))
12 SYSTEMPATH\rewrite.php(44): require_once('C:\\xampp\\htdocs\\exiaa-material-api\\public\\index.php')
ERROR - 2025-07-14 10:07:26 --> CORS Filter
ERROR - 2025-07-14 10:07:26 --> Origin: http://localhost:4200
ERROR - 2025-07-14 10:08:10 --> CORS Filter
ERROR - 2025-07-14 10:08:10 --> Origin: http://localhost:4200
ERROR - 2025-07-14 10:08:10 --> CORS Filter
ERROR - 2025-07-14 10:08:10 --> Origin: http://localhost:4200
ERROR - 2025-07-14 10:08:10 --> CORS Filter
ERROR - 2025-07-14 10:08:10 --> Origin: http://localhost:4200
ERROR - 2025-07-14 10:08:10 --> CORS Filter
ERROR - 2025-07-14 10:08:10 --> Origin: http://localhost:4200
ERROR - 2025-07-14 10:12:25 --> CORS Filter
ERROR - 2025-07-14 10:12:25 --> Origin: http://localhost:4200
ERROR - 2025-07-14 10:12:25 --> CORS Filter
ERROR - 2025-07-14 10:12:25 --> Origin: http://localhost:4200
ERROR - 2025-07-14 10:49:46 --> CORS Filter
ERROR - 2025-07-14 10:49:46 --> Origin: http://localhost:4200
ERROR - 2025-07-14 10:49:46 --> CORS Filter
ERROR - 2025-07-14 10:49:46 --> Origin: http://localhost:4200
ERROR - 2025-07-14 10:49:53 --> CORS Filter
ERROR - 2025-07-14 10:49:53 --> Origin: http://localhost:4200
ERROR - 2025-07-14 10:49:53 --> CORS Filter
ERROR - 2025-07-14 10:49:53 --> Origin: http://localhost:4200
ERROR - 2025-07-14 10:49:58 --> CORS Filter
ERROR - 2025-07-14 10:49:58 --> Origin: http://localhost:4200
ERROR - 2025-07-14 10:49:59 --> CORS Filter
ERROR - 2025-07-14 10:49:59 --> Origin: http://localhost:4200
ERROR - 2025-07-14 11:55:03 --> CORS Filter
ERROR - 2025-07-14 11:55:03 --> Origin: http://localhost:4200
ERROR - 2025-07-14 11:55:03 --> CORS Filter
ERROR - 2025-07-14 11:55:03 --> Origin: http://localhost:4200
ERROR - 2025-07-14 11:55:05 --> CORS Filter
ERROR - 2025-07-14 11:55:05 --> Origin: http://localhost:4200
ERROR - 2025-07-14 11:55:05 --> CORS Filter
ERROR - 2025-07-14 11:55:05 --> Origin: http://localhost:4200
ERROR - 2025-07-14 11:55:05 --> CORS Filter
ERROR - 2025-07-14 11:55:05 --> Origin: http://localhost:4200
ERROR - 2025-07-14 11:55:06 --> CORS Filter
ERROR - 2025-07-14 11:55:06 --> Origin: http://localhost:4200
ERROR - 2025-07-14 11:55:51 --> CORS Filter
ERROR - 2025-07-14 11:55:51 --> Origin: http://localhost:4200
ERROR - 2025-07-14 11:55:51 --> CORS Filter
ERROR - 2025-07-14 11:55:51 --> Origin: http://localhost:4200
