ERROR - 2025-08-15 06:20:37 --> CORS Filter
ERROR - 2025-08-15 06:20:37 --> Origin: http://localhost:4200
ERROR - 2025-08-15 06:20:37 --> CORS Filter
ERROR - 2025-08-15 06:20:37 --> Origin: http://localhost:4200
ERROR - 2025-08-15 06:20:43 --> CORS Filter
ERROR - 2025-08-15 06:20:43 --> Origin: http://localhost:4200
ERROR - 2025-08-15 06:20:43 --> CORS Filter
ERROR - 2025-08-15 06:20:43 --> Origin: http://localhost:4200
ERROR - 2025-08-15 06:20:44 --> CORS Filter
ERROR - 2025-08-15 06:20:44 --> Origin: http://localhost:4200
ERROR - 2025-08-15 06:20:44 --> CORS Filter
ERROR - 2025-08-15 06:20:44 --> Origin: http://localhost:4200
ERROR - 2025-08-15 06:20:45 --> CORS Filter
ERROR - 2025-08-15 06:20:45 --> Origin: http://localhost:4200
ERROR - 2025-08-15 06:20:45 --> CORS Filter
ERROR - 2025-08-15 06:20:45 --> Origin: http://localhost:4200
ERROR - 2025-08-15 06:20:51 --> CORS Filter
ERROR - 2025-08-15 06:20:51 --> Origin: http://localhost:4200
ERROR - 2025-08-15 06:20:51 --> CORS Filter
ERROR - 2025-08-15 06:20:51 --> Origin: http://localhost:4200
ERROR - 2025-08-15 06:20:57 --> CORS Filter
ERROR - 2025-08-15 06:20:57 --> Origin: http://localhost:4200
ERROR - 2025-08-15 06:20:57 --> CORS Filter
ERROR - 2025-08-15 06:20:57 --> Origin: http://localhost:4200
ERROR - 2025-08-15 06:21:34 --> CORS Filter
ERROR - 2025-08-15 06:21:34 --> Origin: http://localhost:4200
ERROR - 2025-08-15 06:21:34 --> CORS Filter
ERROR - 2025-08-15 06:21:34 --> Origin: http://localhost:4200
ERROR - 2025-08-15 06:34:33 --> CORS Filter
ERROR - 2025-08-15 06:34:33 --> Origin: http://localhost:4200
ERROR - 2025-08-15 06:34:33 --> CORS Filter
ERROR - 2025-08-15 06:34:33 --> Origin: http://localhost:4200
ERROR - 2025-08-15 06:34:34 --> CORS Filter
ERROR - 2025-08-15 06:34:34 --> Origin: http://localhost:4200
ERROR - 2025-08-15 06:34:34 --> CORS Filter
ERROR - 2025-08-15 06:34:34 --> Origin: http://localhost:4200
ERROR - 2025-08-15 06:34:35 --> CORS Filter
ERROR - 2025-08-15 06:34:35 --> Origin: http://localhost:4200
ERROR - 2025-08-15 06:34:35 --> CORS Filter
ERROR - 2025-08-15 06:34:35 --> Origin: http://localhost:4200
ERROR - 2025-08-15 06:35:00 --> CORS Filter
ERROR - 2025-08-15 06:35:00 --> Origin: http://localhost:4200
ERROR - 2025-08-15 06:35:00 --> CORS Filter
ERROR - 2025-08-15 06:35:00 --> Origin: http://localhost:4200
ERROR - 2025-08-15 06:35:05 --> CORS Filter
ERROR - 2025-08-15 06:35:05 --> Origin: http://localhost:4200
ERROR - 2025-08-15 06:35:05 --> CORS Filter
ERROR - 2025-08-15 06:35:05 --> Origin: http://localhost:4200
ERROR - 2025-08-15 06:36:40 --> CORS Filter
ERROR - 2025-08-15 06:36:40 --> Origin: http://localhost:4200
ERROR - 2025-08-15 06:36:41 --> CORS Filter
ERROR - 2025-08-15 06:36:41 --> Origin: http://localhost:4200
ERROR - 2025-08-15 06:36:41 --> CORS Filter
ERROR - 2025-08-15 06:36:41 --> Origin: http://localhost:4200
ERROR - 2025-08-15 06:36:41 --> CORS Filter
ERROR - 2025-08-15 06:36:41 --> Origin: http://localhost:4200
ERROR - 2025-08-15 06:36:42 --> CORS Filter
ERROR - 2025-08-15 06:36:42 --> Origin: http://localhost:4200
ERROR - 2025-08-15 06:36:42 --> CORS Filter
ERROR - 2025-08-15 06:36:42 --> Origin: http://localhost:4200
ERROR - 2025-08-15 06:36:45 --> CORS Filter
ERROR - 2025-08-15 06:36:45 --> Origin: http://localhost:4200
ERROR - 2025-08-15 06:36:45 --> CORS Filter
ERROR - 2025-08-15 06:36:45 --> Origin: http://localhost:4200
CRITICAL - 2025-08-15 06:36:45 --> ErrorException: Undefined property: App\Controllers\Settings::$db
[Method: GET, Route: api/settings/getallfooter]
in APPPATH\Controllers\Settings.php on line 820.
 1 APPPATH\Controllers\Settings.php(820): CodeIgniter\Debug\Exceptions->errorHandler(2, 'Undefined property: App\\Controllers\\Settings::$db', 'C:\\xampp\\htdocs\\exiaa-material-api\\app\\Controllers\\Settings.php', 820)
 2 SYSTEMPATH\CodeIgniter.php(933): App\Controllers\Settings->getAllFooter()
 3 SYSTEMPATH\CodeIgniter.php(509): CodeIgniter\CodeIgniter->runController(Object(App\Controllers\Settings))
 4 SYSTEMPATH\CodeIgniter.php(355): CodeIgniter\CodeIgniter->handleRequest(null, Object(Config\Cache), false)
 5 SYSTEMPATH\Boot.php(334): CodeIgniter\CodeIgniter->run()
 6 SYSTEMPATH\Boot.php(67): CodeIgniter\Boot::runCodeIgniter(Object(CodeIgniter\CodeIgniter))
 7 FCPATH\index.php(56): CodeIgniter\Boot::bootWeb(Object(Config\Paths))
 8 SYSTEMPATH\rewrite.php(44): require_once('C:\\xampp\\htdocs\\exiaa-material-api\\public\\index.php')
ERROR - 2025-08-15 06:37:40 --> CORS Filter
ERROR - 2025-08-15 06:37:40 --> Origin: http://localhost:4200
ERROR - 2025-08-15 06:37:41 --> CORS Filter
ERROR - 2025-08-15 06:37:41 --> Origin: http://localhost:4200
ERROR - 2025-08-15 06:37:41 --> CORS Filter
ERROR - 2025-08-15 06:37:41 --> Origin: http://localhost:4200
ERROR - 2025-08-15 06:37:41 --> CORS Filter
ERROR - 2025-08-15 06:37:41 --> Origin: http://localhost:4200
ERROR - 2025-08-15 06:37:42 --> CORS Filter
ERROR - 2025-08-15 06:37:42 --> Origin: http://localhost:4200
ERROR - 2025-08-15 06:37:42 --> CORS Filter
ERROR - 2025-08-15 06:37:42 --> Origin: http://localhost:4200
ERROR - 2025-08-15 06:37:44 --> CORS Filter
ERROR - 2025-08-15 06:37:44 --> Origin: http://localhost:4200
ERROR - 2025-08-15 06:37:44 --> CORS Filter
ERROR - 2025-08-15 06:37:44 --> Origin: http://localhost:4200
CRITICAL - 2025-08-15 06:37:44 --> ErrorException: Undefined property: App\Controllers\Settings::$db
[Method: GET, Route: api/settings/getallfooter]
in APPPATH\Controllers\Settings.php on line 820.
 1 APPPATH\Controllers\Settings.php(820): CodeIgniter\Debug\Exceptions->errorHandler(2, 'Undefined property: App\\Controllers\\Settings::$db', 'C:\\xampp\\htdocs\\exiaa-material-api\\app\\Controllers\\Settings.php', 820)
 2 SYSTEMPATH\CodeIgniter.php(933): App\Controllers\Settings->getAllFooter()
 3 SYSTEMPATH\CodeIgniter.php(509): CodeIgniter\CodeIgniter->runController(Object(App\Controllers\Settings))
 4 SYSTEMPATH\CodeIgniter.php(355): CodeIgniter\CodeIgniter->handleRequest(null, Object(Config\Cache), false)
 5 SYSTEMPATH\Boot.php(334): CodeIgniter\CodeIgniter->run()
 6 SYSTEMPATH\Boot.php(67): CodeIgniter\Boot::runCodeIgniter(Object(CodeIgniter\CodeIgniter))
 7 FCPATH\index.php(56): CodeIgniter\Boot::bootWeb(Object(Config\Paths))
 8 SYSTEMPATH\rewrite.php(44): require_once('C:\\xampp\\htdocs\\exiaa-material-api\\public\\index.php')
ERROR - 2025-08-15 06:40:00 --> CORS Filter
ERROR - 2025-08-15 06:40:00 --> Origin: http://localhost:4200
ERROR - 2025-08-15 06:40:00 --> CORS Filter
ERROR - 2025-08-15 06:40:00 --> Origin: http://localhost:4200
ERROR - 2025-08-15 06:40:01 --> CORS Filter
ERROR - 2025-08-15 06:40:01 --> Origin: http://localhost:4200
ERROR - 2025-08-15 06:40:01 --> CORS Filter
ERROR - 2025-08-15 06:40:01 --> Origin: http://localhost:4200
ERROR - 2025-08-15 06:40:01 --> CORS Filter
ERROR - 2025-08-15 06:40:01 --> Origin: http://localhost:4200
ERROR - 2025-08-15 06:40:01 --> CORS Filter
ERROR - 2025-08-15 06:40:01 --> Origin: http://localhost:4200
ERROR - 2025-08-15 06:40:06 --> CORS Filter
ERROR - 2025-08-15 06:40:06 --> Origin: http://localhost:4200
ERROR - 2025-08-15 06:40:06 --> CORS Filter
ERROR - 2025-08-15 06:40:06 --> Origin: http://localhost:4200
CRITICAL - 2025-08-15 06:40:07 --> ErrorException: Undefined property: App\Controllers\Settings::$db
[Method: GET, Route: api/settings/getallfooter]
in APPPATH\Controllers\Settings.php on line 820.
 1 APPPATH\Controllers\Settings.php(820): CodeIgniter\Debug\Exceptions->errorHandler(2, 'Undefined property: App\\Controllers\\Settings::$db', 'C:\\xampp\\htdocs\\exiaa-material-api\\app\\Controllers\\Settings.php', 820)
 2 SYSTEMPATH\CodeIgniter.php(933): App\Controllers\Settings->getAllFooter()
 3 SYSTEMPATH\CodeIgniter.php(509): CodeIgniter\CodeIgniter->runController(Object(App\Controllers\Settings))
 4 SYSTEMPATH\CodeIgniter.php(355): CodeIgniter\CodeIgniter->handleRequest(null, Object(Config\Cache), false)
 5 SYSTEMPATH\Boot.php(334): CodeIgniter\CodeIgniter->run()
 6 SYSTEMPATH\Boot.php(67): CodeIgniter\Boot::runCodeIgniter(Object(CodeIgniter\CodeIgniter))
 7 FCPATH\index.php(56): CodeIgniter\Boot::bootWeb(Object(Config\Paths))
 8 SYSTEMPATH\rewrite.php(44): require_once('C:\\xampp\\htdocs\\exiaa-material-api\\public\\index.php')
ERROR - 2025-08-15 06:43:00 --> CORS Filter
ERROR - 2025-08-15 06:43:00 --> Origin: http://localhost:4200
ERROR - 2025-08-15 06:43:01 --> CORS Filter
ERROR - 2025-08-15 06:43:01 --> Origin: http://localhost:4200
ERROR - 2025-08-15 06:43:01 --> CORS Filter
ERROR - 2025-08-15 06:43:01 --> Origin: http://localhost:4200
ERROR - 2025-08-15 06:43:01 --> CORS Filter
ERROR - 2025-08-15 06:43:01 --> Origin: http://localhost:4200
ERROR - 2025-08-15 06:43:02 --> CORS Filter
ERROR - 2025-08-15 06:43:02 --> Origin: http://localhost:4200
ERROR - 2025-08-15 06:43:03 --> CORS Filter
ERROR - 2025-08-15 06:43:03 --> Origin: http://localhost:4200
ERROR - 2025-08-15 06:43:06 --> CORS Filter
ERROR - 2025-08-15 06:43:06 --> Origin: http://localhost:4200
ERROR - 2025-08-15 06:43:07 --> CORS Filter
ERROR - 2025-08-15 06:43:07 --> Origin: http://localhost:4200
ERROR - 2025-08-15 06:46:02 --> CORS Filter
ERROR - 2025-08-15 06:46:02 --> Origin: http://localhost:4200
ERROR - 2025-08-15 06:46:02 --> CORS Filter
ERROR - 2025-08-15 06:46:02 --> Origin: http://localhost:4200
ERROR - 2025-08-15 06:46:03 --> CORS Filter
ERROR - 2025-08-15 06:46:03 --> Origin: http://localhost:4200
ERROR - 2025-08-15 06:46:04 --> CORS Filter
ERROR - 2025-08-15 06:46:04 --> Origin: http://localhost:4200
ERROR - 2025-08-15 06:46:21 --> CORS Filter
ERROR - 2025-08-15 06:46:21 --> Origin: http://localhost:4200
ERROR - 2025-08-15 06:46:21 --> CORS Filter
ERROR - 2025-08-15 06:46:21 --> Origin: http://localhost:4200
ERROR - 2025-08-15 06:46:21 --> CORS Filter
ERROR - 2025-08-15 06:46:21 --> Origin: http://localhost:4200
ERROR - 2025-08-15 06:46:22 --> CORS Filter
ERROR - 2025-08-15 06:46:22 --> Origin: http://localhost:4200
ERROR - 2025-08-15 07:06:00 --> CORS Filter
ERROR - 2025-08-15 07:06:00 --> Origin: http://localhost:4200
ERROR - 2025-08-15 07:06:01 --> CORS Filter
ERROR - 2025-08-15 07:06:01 --> Origin: http://localhost:4200
ERROR - 2025-08-15 07:06:01 --> CORS Filter
ERROR - 2025-08-15 07:06:01 --> Origin: http://localhost:4200
ERROR - 2025-08-15 07:06:03 --> CORS Filter
ERROR - 2025-08-15 07:06:03 --> Origin: http://localhost:4200
ERROR - 2025-08-15 07:06:04 --> CORS Filter
ERROR - 2025-08-15 07:06:04 --> Origin: http://localhost:4200
ERROR - 2025-08-15 07:06:05 --> CORS Filter
ERROR - 2025-08-15 07:06:05 --> Origin: http://localhost:4200
ERROR - 2025-08-15 07:06:06 --> CORS Filter
ERROR - 2025-08-15 07:06:06 --> Origin: http://localhost:4200
ERROR - 2025-08-15 07:06:09 --> CORS Filter
ERROR - 2025-08-15 07:06:09 --> Origin: http://localhost:4200
ERROR - 2025-08-15 07:06:09 --> CORS Filter
ERROR - 2025-08-15 07:06:09 --> Origin: http://localhost:4200
ERROR - 2025-08-15 07:06:22 --> CORS Filter
ERROR - 2025-08-15 07:06:22 --> Origin: http://localhost:4200
ERROR - 2025-08-15 07:06:22 --> CORS Filter
ERROR - 2025-08-15 07:06:22 --> Origin: http://localhost:4200
ERROR - 2025-08-15 07:06:25 --> CORS Filter
ERROR - 2025-08-15 07:06:25 --> Origin: http://localhost:4200
ERROR - 2025-08-15 07:06:25 --> CORS Filter
ERROR - 2025-08-15 07:06:25 --> Origin: http://localhost:4200
ERROR - 2025-08-15 07:06:28 --> CORS Filter
ERROR - 2025-08-15 07:06:28 --> Origin: http://localhost:4200
ERROR - 2025-08-15 07:06:28 --> CORS Filter
ERROR - 2025-08-15 07:06:28 --> Origin: http://localhost:4200
ERROR - 2025-08-15 07:06:51 --> CORS Filter
ERROR - 2025-08-15 07:06:51 --> Origin: http://localhost:4200
ERROR - 2025-08-15 07:06:51 --> CORS Filter
ERROR - 2025-08-15 07:06:51 --> Origin: http://localhost:4200
ERROR - 2025-08-15 07:07:03 --> CORS Filter
ERROR - 2025-08-15 07:07:03 --> Origin: http://localhost:4200
ERROR - 2025-08-15 07:07:03 --> CORS Filter
ERROR - 2025-08-15 07:07:03 --> Origin: http://localhost:4200
ERROR - 2025-08-15 07:07:03 --> CORS Filter
ERROR - 2025-08-15 07:07:03 --> Origin: http://localhost:4200
ERROR - 2025-08-15 07:07:04 --> CORS Filter
ERROR - 2025-08-15 07:07:04 --> Origin: http://localhost:4200
ERROR - 2025-08-15 07:09:11 --> CORS Filter
ERROR - 2025-08-15 07:09:11 --> Origin: http://localhost:4200
ERROR - 2025-08-15 07:09:11 --> CORS Filter
ERROR - 2025-08-15 07:09:11 --> Origin: http://localhost:4200
ERROR - 2025-08-15 07:09:12 --> CORS Filter
ERROR - 2025-08-15 07:09:12 --> Origin: http://localhost:4200
ERROR - 2025-08-15 07:09:12 --> CORS Filter
ERROR - 2025-08-15 07:09:12 --> Origin: http://localhost:4200
ERROR - 2025-08-15 07:09:13 --> CORS Filter
ERROR - 2025-08-15 07:09:13 --> Origin: http://localhost:4200
ERROR - 2025-08-15 07:09:13 --> CORS Filter
ERROR - 2025-08-15 07:09:13 --> Origin: http://localhost:4200
ERROR - 2025-08-15 07:09:16 --> CORS Filter
ERROR - 2025-08-15 07:09:16 --> Origin: http://localhost:4200
ERROR - 2025-08-15 07:09:16 --> CORS Filter
ERROR - 2025-08-15 07:09:16 --> Origin: http://localhost:4200
ERROR - 2025-08-15 07:09:28 --> CORS Filter
ERROR - 2025-08-15 07:09:28 --> Origin: http://localhost:4200
ERROR - 2025-08-15 07:09:28 --> CORS Filter
ERROR - 2025-08-15 07:09:28 --> Origin: http://localhost:4200
ERROR - 2025-08-15 07:09:29 --> CORS Filter
ERROR - 2025-08-15 07:09:29 --> Origin: http://localhost:4200
ERROR - 2025-08-15 07:09:29 --> CORS Filter
ERROR - 2025-08-15 07:09:29 --> Origin: http://localhost:4200
ERROR - 2025-08-15 07:11:44 --> CORS Filter
ERROR - 2025-08-15 07:11:44 --> Origin: http://localhost:4200
ERROR - 2025-08-15 07:11:44 --> CORS Filter
ERROR - 2025-08-15 07:11:44 --> Origin: http://localhost:4200
ERROR - 2025-08-15 07:11:44 --> CORS Filter
ERROR - 2025-08-15 07:11:44 --> Origin: http://localhost:4200
ERROR - 2025-08-15 07:11:44 --> CORS Filter
ERROR - 2025-08-15 07:11:44 --> Origin: http://localhost:4200
ERROR - 2025-08-15 07:11:46 --> CORS Filter
ERROR - 2025-08-15 07:11:46 --> Origin: http://localhost:4200
ERROR - 2025-08-15 07:11:46 --> CORS Filter
ERROR - 2025-08-15 07:11:46 --> Origin: http://localhost:4200
ERROR - 2025-08-15 07:11:48 --> CORS Filter
ERROR - 2025-08-15 07:11:48 --> Origin: http://localhost:4200
ERROR - 2025-08-15 07:11:48 --> CORS Filter
ERROR - 2025-08-15 07:11:48 --> Origin: http://localhost:4200
ERROR - 2025-08-15 07:11:58 --> CORS Filter
ERROR - 2025-08-15 07:11:58 --> Origin: http://localhost:4200
ERROR - 2025-08-15 07:11:58 --> CORS Filter
ERROR - 2025-08-15 07:11:58 --> Origin: http://localhost:4200
ERROR - 2025-08-15 07:12:00 --> CORS Filter
ERROR - 2025-08-15 07:12:00 --> Origin: http://localhost:4200
ERROR - 2025-08-15 07:12:01 --> CORS Filter
ERROR - 2025-08-15 07:12:01 --> Origin: http://localhost:4200
ERROR - 2025-08-15 07:12:10 --> CORS Filter
ERROR - 2025-08-15 07:12:10 --> Origin: http://localhost:4200
ERROR - 2025-08-15 07:12:10 --> CORS Filter
ERROR - 2025-08-15 07:12:10 --> Origin: http://localhost:4200
CRITICAL - 2025-08-15 07:12:11 --> CodeIgniter\HTTP\Exceptions\HTTPException: Failed to parse JSON string. Error: Syntax error
[Method: POST, Route: api/settings/createfooter]
in SYSTEMPATH\HTTP\IncomingRequest.php on line 537.
 1 SYSTEMPATH\HTTP\IncomingRequest.php(537): CodeIgniter\HTTP\Exceptions\HTTPException::forInvalidJSON('Syntax error')
 2 APPPATH\Controllers\Settings.php(758): CodeIgniter\HTTP\IncomingRequest->getJSON(true)
 3 SYSTEMPATH\CodeIgniter.php(933): App\Controllers\Settings->createFooter()
 4 SYSTEMPATH\CodeIgniter.php(509): CodeIgniter\CodeIgniter->runController(Object(App\Controllers\Settings))
 5 SYSTEMPATH\CodeIgniter.php(355): CodeIgniter\CodeIgniter->handleRequest(null, Object(Config\Cache), false)
 6 SYSTEMPATH\Boot.php(334): CodeIgniter\CodeIgniter->run()
 7 SYSTEMPATH\Boot.php(67): CodeIgniter\Boot::runCodeIgniter(Object(CodeIgniter\CodeIgniter))
 8 FCPATH\index.php(56): CodeIgniter\Boot::bootWeb(Object(Config\Paths))
 9 SYSTEMPATH\rewrite.php(44): require_once('C:\\xampp\\htdocs\\exiaa-material-api\\public\\index.php')
ERROR - 2025-08-15 07:12:31 --> CORS Filter
ERROR - 2025-08-15 07:12:31 --> Origin: http://localhost:4200
ERROR - 2025-08-15 07:12:32 --> CORS Filter
ERROR - 2025-08-15 07:12:32 --> Origin: http://localhost:4200
ERROR - 2025-08-15 07:12:32 --> CORS Filter
ERROR - 2025-08-15 07:12:32 --> Origin: http://localhost:4200
ERROR - 2025-08-15 07:12:32 --> CORS Filter
ERROR - 2025-08-15 07:12:32 --> Origin: http://localhost:4200
ERROR - 2025-08-15 07:12:33 --> CORS Filter
ERROR - 2025-08-15 07:12:33 --> Origin: http://localhost:4200
ERROR - 2025-08-15 07:12:33 --> CORS Filter
ERROR - 2025-08-15 07:12:33 --> Origin: http://localhost:4200
ERROR - 2025-08-15 07:12:38 --> CORS Filter
ERROR - 2025-08-15 07:12:38 --> Origin: http://localhost:4200
ERROR - 2025-08-15 07:12:38 --> CORS Filter
ERROR - 2025-08-15 07:12:38 --> Origin: http://localhost:4200
ERROR - 2025-08-15 07:12:45 --> CORS Filter
ERROR - 2025-08-15 07:12:45 --> Origin: http://localhost:4200
ERROR - 2025-08-15 07:12:45 --> CORS Filter
ERROR - 2025-08-15 07:12:45 --> Origin: http://localhost:4200
ERROR - 2025-08-15 07:12:45 --> CORS Filter
ERROR - 2025-08-15 07:12:45 --> Origin: http://localhost:4200
ERROR - 2025-08-15 07:12:46 --> CORS Filter
ERROR - 2025-08-15 07:12:46 --> Origin: http://localhost:4200
ERROR - 2025-08-15 07:19:41 --> CORS Filter
ERROR - 2025-08-15 07:19:41 --> Origin: http://localhost:4200
ERROR - 2025-08-15 07:19:42 --> CORS Filter
ERROR - 2025-08-15 07:19:42 --> Origin: http://localhost:4200
ERROR - 2025-08-15 07:20:36 --> CORS Filter
ERROR - 2025-08-15 07:20:36 --> Origin: http://localhost:4200
ERROR - 2025-08-15 07:20:36 --> CORS Filter
ERROR - 2025-08-15 07:20:36 --> Origin: http://localhost:4200
ERROR - 2025-08-15 07:20:36 --> CORS Filter
ERROR - 2025-08-15 07:20:36 --> Origin: http://localhost:4200
ERROR - 2025-08-15 07:20:36 --> CORS Filter
ERROR - 2025-08-15 07:20:36 --> Origin: http://localhost:4200
ERROR - 2025-08-15 07:20:36 --> CORS Filter
ERROR - 2025-08-15 07:20:36 --> Origin: http://localhost:4200
ERROR - 2025-08-15 07:20:36 --> CORS Filter
ERROR - 2025-08-15 07:20:36 --> Origin: http://localhost:4200
ERROR - 2025-08-15 07:20:37 --> CORS Filter
ERROR - 2025-08-15 07:20:37 --> Origin: http://localhost:4200
ERROR - 2025-08-15 07:20:37 --> CORS Filter
ERROR - 2025-08-15 07:20:37 --> Origin: http://localhost:4200
ERROR - 2025-08-15 07:20:37 --> CORS Filter
ERROR - 2025-08-15 07:20:37 --> Origin: http://localhost:4200
ERROR - 2025-08-15 07:22:23 --> CORS Filter
ERROR - 2025-08-15 07:22:23 --> Origin: http://localhost:4200
ERROR - 2025-08-15 07:22:23 --> CORS Filter
ERROR - 2025-08-15 07:22:23 --> Origin: http://localhost:4200
ERROR - 2025-08-15 07:22:23 --> CORS Filter
ERROR - 2025-08-15 07:22:23 --> Origin: http://localhost:4200
ERROR - 2025-08-15 07:22:24 --> CORS Filter
ERROR - 2025-08-15 07:22:24 --> Origin: http://localhost:4200
ERROR - 2025-08-15 07:22:24 --> CORS Filter
ERROR - 2025-08-15 07:22:24 --> Origin: http://localhost:4200
ERROR - 2025-08-15 07:22:24 --> CORS Filter
ERROR - 2025-08-15 07:22:24 --> Origin: http://localhost:4200
ERROR - 2025-08-15 07:22:25 --> CORS Filter
ERROR - 2025-08-15 07:22:25 --> Origin: http://localhost:4200
ERROR - 2025-08-15 07:22:25 --> CORS Filter
ERROR - 2025-08-15 07:22:25 --> Origin: http://localhost:4200
ERROR - 2025-08-15 07:22:39 --> CORS Filter
ERROR - 2025-08-15 07:22:39 --> Origin: http://localhost:4200
ERROR - 2025-08-15 07:22:39 --> CORS Filter
ERROR - 2025-08-15 07:22:39 --> Origin: http://localhost:4200
ERROR - 2025-08-15 07:22:41 --> CORS Filter
ERROR - 2025-08-15 07:22:41 --> Origin: http://localhost:4200
ERROR - 2025-08-15 07:22:41 --> CORS Filter
ERROR - 2025-08-15 07:22:41 --> Origin: http://localhost:4200
ERROR - 2025-08-15 07:22:57 --> CORS Filter
ERROR - 2025-08-15 07:22:57 --> Origin: http://localhost:4200
ERROR - 2025-08-15 07:22:57 --> CORS Filter
ERROR - 2025-08-15 07:22:57 --> Origin: http://localhost:4200
ERROR - 2025-08-15 07:22:58 --> CORS Filter
ERROR - 2025-08-15 07:22:58 --> Origin: http://localhost:4200
ERROR - 2025-08-15 07:22:58 --> CORS Filter
ERROR - 2025-08-15 07:22:58 --> Origin: http://localhost:4200
ERROR - 2025-08-15 07:23:13 --> CORS Filter
ERROR - 2025-08-15 07:23:13 --> Origin: http://localhost:4200
ERROR - 2025-08-15 07:23:13 --> CORS Filter
ERROR - 2025-08-15 07:23:13 --> Origin: http://localhost:4200
ERROR - 2025-08-15 07:23:14 --> CORS Filter
ERROR - 2025-08-15 07:23:14 --> Origin: http://localhost:4200
ERROR - 2025-08-15 07:23:14 --> CORS Filter
ERROR - 2025-08-15 07:23:14 --> Origin: http://localhost:4200
ERROR - 2025-08-15 07:26:14 --> CORS Filter
ERROR - 2025-08-15 07:26:14 --> Origin: http://localhost:4200
ERROR - 2025-08-15 07:26:14 --> CORS Filter
ERROR - 2025-08-15 07:26:14 --> Origin: http://localhost:4200
ERROR - 2025-08-15 07:26:14 --> CORS Filter
ERROR - 2025-08-15 07:26:14 --> Origin: http://localhost:4200
ERROR - 2025-08-15 07:26:15 --> CORS Filter
ERROR - 2025-08-15 07:26:15 --> Origin: http://localhost:4200
ERROR - 2025-08-15 07:26:16 --> CORS Filter
ERROR - 2025-08-15 07:26:16 --> Origin: http://localhost:4200
ERROR - 2025-08-15 07:26:16 --> CORS Filter
ERROR - 2025-08-15 07:26:16 --> Origin: http://localhost:4200
ERROR - 2025-08-15 07:26:18 --> CORS Filter
ERROR - 2025-08-15 07:26:18 --> Origin: http://localhost:4200
ERROR - 2025-08-15 07:26:18 --> CORS Filter
ERROR - 2025-08-15 07:26:18 --> Origin: http://localhost:4200
ERROR - 2025-08-15 07:26:29 --> CORS Filter
ERROR - 2025-08-15 07:26:29 --> Origin: http://localhost:4200
ERROR - 2025-08-15 07:26:29 --> CORS Filter
ERROR - 2025-08-15 07:26:29 --> Origin: http://localhost:4200
ERROR - 2025-08-15 07:26:29 --> CORS Filter
ERROR - 2025-08-15 07:26:29 --> Origin: http://localhost:4200
ERROR - 2025-08-15 07:26:29 --> CORS Filter
ERROR - 2025-08-15 07:26:29 --> Origin: http://localhost:4200
ERROR - 2025-08-15 07:28:48 --> CORS Filter
ERROR - 2025-08-15 07:28:48 --> Origin: http://localhost:4200
ERROR - 2025-08-15 07:28:48 --> CORS Filter
ERROR - 2025-08-15 07:28:48 --> Origin: http://localhost:4200
ERROR - 2025-08-15 07:28:49 --> CORS Filter
ERROR - 2025-08-15 07:28:49 --> Origin: http://localhost:4200
ERROR - 2025-08-15 07:28:49 --> CORS Filter
ERROR - 2025-08-15 07:28:49 --> Origin: http://localhost:4200
ERROR - 2025-08-15 07:28:50 --> CORS Filter
ERROR - 2025-08-15 07:28:50 --> Origin: http://localhost:4200
ERROR - 2025-08-15 07:28:50 --> CORS Filter
ERROR - 2025-08-15 07:28:50 --> Origin: http://localhost:4200
ERROR - 2025-08-15 07:28:52 --> CORS Filter
ERROR - 2025-08-15 07:28:52 --> Origin: http://localhost:4200
ERROR - 2025-08-15 07:28:53 --> CORS Filter
ERROR - 2025-08-15 07:28:53 --> Origin: http://localhost:4200
ERROR - 2025-08-15 07:29:02 --> CORS Filter
ERROR - 2025-08-15 07:29:02 --> Origin: http://localhost:4200
ERROR - 2025-08-15 07:29:03 --> CORS Filter
ERROR - 2025-08-15 07:29:03 --> Origin: http://localhost:4200
ERROR - 2025-08-15 07:29:03 --> CORS Filter
ERROR - 2025-08-15 07:29:03 --> Origin: http://localhost:4200
ERROR - 2025-08-15 07:29:03 --> CORS Filter
ERROR - 2025-08-15 07:29:03 --> Origin: http://localhost:4200
ERROR - 2025-08-15 07:30:48 --> CORS Filter
ERROR - 2025-08-15 07:30:48 --> Origin: http://localhost:4200
ERROR - 2025-08-15 07:30:48 --> CORS Filter
ERROR - 2025-08-15 07:30:48 --> Origin: http://localhost:4200
ERROR - 2025-08-15 07:30:48 --> CORS Filter
ERROR - 2025-08-15 07:30:48 --> Origin: http://localhost:4200
ERROR - 2025-08-15 07:30:49 --> CORS Filter
ERROR - 2025-08-15 07:30:49 --> Origin: http://localhost:4200
ERROR - 2025-08-15 07:30:50 --> CORS Filter
ERROR - 2025-08-15 07:30:50 --> Origin: http://localhost:4200
ERROR - 2025-08-15 07:30:50 --> CORS Filter
ERROR - 2025-08-15 07:30:50 --> Origin: http://localhost:4200
ERROR - 2025-08-15 07:30:59 --> CORS Filter
ERROR - 2025-08-15 07:30:59 --> Origin: http://localhost:4200
ERROR - 2025-08-15 07:31:00 --> CORS Filter
ERROR - 2025-08-15 07:31:00 --> Origin: http://localhost:4200
ERROR - 2025-08-15 07:31:08 --> CORS Filter
ERROR - 2025-08-15 07:31:08 --> Origin: http://localhost:4200
ERROR - 2025-08-15 07:31:08 --> CORS Filter
ERROR - 2025-08-15 07:31:08 --> Origin: http://localhost:4200
ERROR - 2025-08-15 07:31:08 --> CORS Filter
ERROR - 2025-08-15 07:31:08 --> Origin: http://localhost:4200
ERROR - 2025-08-15 07:31:09 --> CORS Filter
ERROR - 2025-08-15 07:31:09 --> Origin: http://localhost:4200
ERROR - 2025-08-15 07:33:41 --> CORS Filter
ERROR - 2025-08-15 07:33:41 --> Origin: http://localhost:4200
ERROR - 2025-08-15 07:33:41 --> CORS Filter
ERROR - 2025-08-15 07:33:41 --> Origin: http://localhost:4200
ERROR - 2025-08-15 07:33:42 --> CORS Filter
ERROR - 2025-08-15 07:33:42 --> Origin: http://localhost:4200
ERROR - 2025-08-15 07:33:42 --> CORS Filter
ERROR - 2025-08-15 07:33:42 --> Origin: http://localhost:4200
ERROR - 2025-08-15 07:33:42 --> CORS Filter
ERROR - 2025-08-15 07:33:42 --> Origin: http://localhost:4200
ERROR - 2025-08-15 07:33:43 --> CORS Filter
ERROR - 2025-08-15 07:33:43 --> Origin: http://localhost:4200
ERROR - 2025-08-15 07:35:17 --> CORS Filter
ERROR - 2025-08-15 07:35:17 --> Origin: http://localhost:4200
ERROR - 2025-08-15 07:35:18 --> CORS Filter
ERROR - 2025-08-15 07:35:18 --> Origin: http://localhost:4200
ERROR - 2025-08-15 07:35:18 --> CORS Filter
ERROR - 2025-08-15 07:35:18 --> Origin: http://localhost:4200
ERROR - 2025-08-15 07:35:18 --> CORS Filter
ERROR - 2025-08-15 07:35:18 --> Origin: http://localhost:4200
ERROR - 2025-08-15 07:35:19 --> CORS Filter
ERROR - 2025-08-15 07:35:19 --> Origin: http://localhost:4200
ERROR - 2025-08-15 07:35:19 --> CORS Filter
ERROR - 2025-08-15 07:35:19 --> Origin: http://localhost:4200
ERROR - 2025-08-15 07:35:21 --> CORS Filter
ERROR - 2025-08-15 07:35:21 --> Origin: http://localhost:4200
ERROR - 2025-08-15 07:35:21 --> CORS Filter
ERROR - 2025-08-15 07:35:21 --> Origin: http://localhost:4200
ERROR - 2025-08-15 07:35:27 --> CORS Filter
ERROR - 2025-08-15 07:35:27 --> Origin: http://localhost:4200
ERROR - 2025-08-15 07:35:27 --> CORS Filter
ERROR - 2025-08-15 07:35:27 --> Origin: http://localhost:4200
ERROR - 2025-08-15 07:35:28 --> CORS Filter
ERROR - 2025-08-15 07:35:28 --> Origin: http://localhost:4200
ERROR - 2025-08-15 07:35:28 --> CORS Filter
ERROR - 2025-08-15 07:35:28 --> Origin: http://localhost:4200
ERROR - 2025-08-15 07:40:53 --> CORS Filter
ERROR - 2025-08-15 07:40:53 --> Origin: http://localhost:4200
ERROR - 2025-08-15 07:40:54 --> CORS Filter
ERROR - 2025-08-15 07:40:54 --> Origin: http://localhost:4200
ERROR - 2025-08-15 07:40:54 --> CORS Filter
ERROR - 2025-08-15 07:40:54 --> Origin: http://localhost:4200
ERROR - 2025-08-15 07:40:54 --> CORS Filter
ERROR - 2025-08-15 07:40:54 --> Origin: http://localhost:4200
ERROR - 2025-08-15 07:40:55 --> CORS Filter
ERROR - 2025-08-15 07:40:55 --> Origin: http://localhost:4200
ERROR - 2025-08-15 07:40:56 --> CORS Filter
ERROR - 2025-08-15 07:40:56 --> Origin: http://localhost:4200
ERROR - 2025-08-15 07:40:57 --> CORS Filter
ERROR - 2025-08-15 07:40:57 --> Origin: http://localhost:4200
ERROR - 2025-08-15 07:40:57 --> CORS Filter
ERROR - 2025-08-15 07:40:57 --> Origin: http://localhost:4200
ERROR - 2025-08-15 07:41:07 --> CORS Filter
ERROR - 2025-08-15 07:41:07 --> Origin: http://localhost:4200
ERROR - 2025-08-15 07:41:07 --> CORS Filter
ERROR - 2025-08-15 07:41:07 --> Origin: http://localhost:4200
ERROR - 2025-08-15 07:41:07 --> CORS Filter
ERROR - 2025-08-15 07:41:07 --> Origin: http://localhost:4200
ERROR - 2025-08-15 07:41:07 --> CORS Filter
ERROR - 2025-08-15 07:41:07 --> Origin: http://localhost:4200
ERROR - 2025-08-15 07:43:43 --> CORS Filter
ERROR - 2025-08-15 07:43:43 --> Origin: http://localhost:4200
ERROR - 2025-08-15 07:43:44 --> CORS Filter
ERROR - 2025-08-15 07:43:44 --> Origin: http://localhost:4200
ERROR - 2025-08-15 07:43:47 --> CORS Filter
ERROR - 2025-08-15 07:43:47 --> Origin: http://localhost:4200
ERROR - 2025-08-15 07:43:47 --> CORS Filter
ERROR - 2025-08-15 07:43:47 --> Origin: http://localhost:4200
ERROR - 2025-08-15 07:43:54 --> CORS Filter
ERROR - 2025-08-15 07:43:54 --> Origin: http://localhost:4200
ERROR - 2025-08-15 07:43:54 --> CORS Filter
ERROR - 2025-08-15 07:43:54 --> Origin: http://localhost:4200
ERROR - 2025-08-15 07:43:54 --> CORS Filter
ERROR - 2025-08-15 07:43:54 --> Origin: http://localhost:4200
ERROR - 2025-08-15 07:43:54 --> CORS Filter
ERROR - 2025-08-15 07:43:54 --> Origin: http://localhost:4200
ERROR - 2025-08-15 07:44:05 --> CORS Filter
ERROR - 2025-08-15 07:44:05 --> Origin: http://localhost:4200
ERROR - 2025-08-15 07:44:05 --> CORS Filter
ERROR - 2025-08-15 07:44:05 --> Origin: http://localhost:4200
ERROR - 2025-08-15 07:44:53 --> CORS Filter
ERROR - 2025-08-15 07:44:53 --> Origin: http://localhost:4200
ERROR - 2025-08-15 07:44:54 --> CORS Filter
ERROR - 2025-08-15 07:44:54 --> Origin: http://localhost:4200
ERROR - 2025-08-15 07:44:54 --> CORS Filter
ERROR - 2025-08-15 07:44:54 --> Origin: http://localhost:4200
ERROR - 2025-08-15 07:44:54 --> CORS Filter
ERROR - 2025-08-15 07:44:54 --> Origin: http://localhost:4200
ERROR - 2025-08-15 07:44:55 --> CORS Filter
ERROR - 2025-08-15 07:44:55 --> Origin: http://localhost:4200
ERROR - 2025-08-15 07:44:55 --> CORS Filter
ERROR - 2025-08-15 07:44:55 --> Origin: http://localhost:4200
ERROR - 2025-08-15 07:45:11 --> CORS Filter
ERROR - 2025-08-15 07:45:11 --> Origin: http://localhost:4200
ERROR - 2025-08-15 07:45:11 --> CORS Filter
ERROR - 2025-08-15 07:45:11 --> Origin: http://localhost:4200
ERROR - 2025-08-15 07:45:19 --> CORS Filter
ERROR - 2025-08-15 07:45:19 --> Origin: http://localhost:4200
ERROR - 2025-08-15 07:45:19 --> CORS Filter
ERROR - 2025-08-15 07:45:19 --> Origin: http://localhost:4200
ERROR - 2025-08-15 07:45:20 --> CORS Filter
ERROR - 2025-08-15 07:45:20 --> Origin: http://localhost:4200
ERROR - 2025-08-15 07:45:20 --> CORS Filter
ERROR - 2025-08-15 07:45:20 --> Origin: http://localhost:4200
ERROR - 2025-08-15 07:45:52 --> CORS Filter
ERROR - 2025-08-15 07:45:52 --> Origin: http://localhost:4200
ERROR - 2025-08-15 07:45:52 --> CORS Filter
ERROR - 2025-08-15 07:45:52 --> Origin: http://localhost:4200
ERROR - 2025-08-15 07:48:10 --> CORS Filter
ERROR - 2025-08-15 07:48:10 --> Origin: http://localhost:4200
ERROR - 2025-08-15 07:48:11 --> CORS Filter
ERROR - 2025-08-15 07:48:11 --> Origin: http://localhost:4200
ERROR - 2025-08-15 07:48:11 --> CORS Filter
ERROR - 2025-08-15 07:48:11 --> Origin: http://localhost:4200
ERROR - 2025-08-15 07:48:11 --> CORS Filter
ERROR - 2025-08-15 07:48:11 --> Origin: http://localhost:4200
ERROR - 2025-08-15 07:48:12 --> CORS Filter
ERROR - 2025-08-15 07:48:12 --> Origin: http://localhost:4200
ERROR - 2025-08-15 07:48:13 --> CORS Filter
ERROR - 2025-08-15 07:48:13 --> Origin: http://localhost:4200
ERROR - 2025-08-15 07:48:15 --> CORS Filter
ERROR - 2025-08-15 07:48:15 --> Origin: http://localhost:4200
ERROR - 2025-08-15 07:48:15 --> CORS Filter
ERROR - 2025-08-15 07:48:15 --> Origin: http://localhost:4200
ERROR - 2025-08-15 07:48:21 --> CORS Filter
ERROR - 2025-08-15 07:48:21 --> Origin: http://localhost:4200
ERROR - 2025-08-15 07:48:21 --> CORS Filter
ERROR - 2025-08-15 07:48:21 --> Origin: http://localhost:4200
ERROR - 2025-08-15 07:48:21 --> CORS Filter
ERROR - 2025-08-15 07:48:21 --> Origin: http://localhost:4200
ERROR - 2025-08-15 07:48:21 --> CORS Filter
ERROR - 2025-08-15 07:48:21 --> Origin: http://localhost:4200
ERROR - 2025-08-15 07:48:32 --> CORS Filter
ERROR - 2025-08-15 07:48:32 --> Origin: http://localhost:4200
ERROR - 2025-08-15 07:48:32 --> CORS Filter
ERROR - 2025-08-15 07:48:32 --> Origin: http://localhost:4200
ERROR - 2025-08-15 07:48:42 --> CORS Filter
ERROR - 2025-08-15 07:48:42 --> Origin: http://localhost:4200
ERROR - 2025-08-15 07:48:42 --> CORS Filter
ERROR - 2025-08-15 07:48:42 --> Origin: http://localhost:4200
ERROR - 2025-08-15 07:48:43 --> CORS Filter
ERROR - 2025-08-15 07:48:43 --> Origin: http://localhost:4200
ERROR - 2025-08-15 07:48:43 --> CORS Filter
ERROR - 2025-08-15 07:48:43 --> Origin: http://localhost:4200
ERROR - 2025-08-15 07:48:46 --> CORS Filter
ERROR - 2025-08-15 07:48:46 --> Origin: http://localhost:4200
ERROR - 2025-08-15 07:48:46 --> CORS Filter
ERROR - 2025-08-15 07:48:46 --> Origin: http://localhost:4200
ERROR - 2025-08-15 07:48:49 --> CORS Filter
ERROR - 2025-08-15 07:48:49 --> Origin: http://localhost:4200
ERROR - 2025-08-15 07:48:49 --> CORS Filter
ERROR - 2025-08-15 07:48:49 --> Origin: http://localhost:4200
ERROR - 2025-08-15 07:48:50 --> CORS Filter
ERROR - 2025-08-15 07:48:50 --> Origin: http://localhost:4200
ERROR - 2025-08-15 07:48:51 --> CORS Filter
ERROR - 2025-08-15 07:48:51 --> Origin: http://localhost:4200
ERROR - 2025-08-15 07:48:52 --> CORS Filter
ERROR - 2025-08-15 07:48:52 --> Origin: http://localhost:4200
ERROR - 2025-08-15 07:48:52 --> CORS Filter
ERROR - 2025-08-15 07:48:52 --> Origin: http://localhost:4200
ERROR - 2025-08-15 07:48:54 --> CORS Filter
ERROR - 2025-08-15 07:48:54 --> Origin: http://localhost:4200
ERROR - 2025-08-15 07:48:54 --> CORS Filter
ERROR - 2025-08-15 07:48:54 --> Origin: http://localhost:4200
ERROR - 2025-08-15 07:48:59 --> CORS Filter
ERROR - 2025-08-15 07:48:59 --> Origin: http://localhost:4200
ERROR - 2025-08-15 07:48:59 --> CORS Filter
ERROR - 2025-08-15 07:48:59 --> Origin: http://localhost:4200
ERROR - 2025-08-15 07:49:00 --> CORS Filter
ERROR - 2025-08-15 07:49:00 --> Origin: http://localhost:4200
ERROR - 2025-08-15 07:49:00 --> CORS Filter
ERROR - 2025-08-15 07:49:00 --> Origin: http://localhost:4200
ERROR - 2025-08-15 07:49:37 --> CORS Filter
ERROR - 2025-08-15 07:49:37 --> Origin: http://localhost:4200
ERROR - 2025-08-15 07:49:37 --> CORS Filter
ERROR - 2025-08-15 07:49:37 --> Origin: http://localhost:4200
ERROR - 2025-08-15 07:49:37 --> CORS Filter
ERROR - 2025-08-15 07:49:37 --> Origin: http://localhost:4200
ERROR - 2025-08-15 07:49:37 --> CORS Filter
ERROR - 2025-08-15 07:49:37 --> Origin: http://localhost:4200
