ERROR - 2025-05-27 04:40:49 --> CORS Filter
ERROR - 2025-05-27 04:40:49 --> Origin: http://localhost:4200
ERROR - 2025-05-27 04:40:49 --> CORS Filter
ERROR - 2025-05-27 04:40:49 --> Origin: http://localhost:4200
ERROR - 2025-05-27 04:41:14 --> CORS Filter
ERROR - 2025-05-27 04:41:14 --> Origin: http://localhost:4200
ERROR - 2025-05-27 04:41:14 --> CORS Filter
ERROR - 2025-05-27 04:41:14 --> Origin: http://localhost:4200
ERROR - 2025-05-27 04:47:11 --> CORS Filter
ERROR - 2025-05-27 04:47:11 --> Origin: http://localhost:4200
ERROR - 2025-05-27 04:47:11 --> CORS Filter
ERROR - 2025-05-27 04:47:11 --> Origin: http://localhost:4200
ERROR - 2025-05-27 05:04:35 --> CORS Filter
ERROR - 2025-05-27 05:04:35 --> Origin: http://localhost:4200
ERROR - 2025-05-27 05:04:52 --> CORS Filter
ERROR - 2025-05-27 05:04:52 --> Origin: http://localhost:4200
ERROR - 2025-05-27 05:12:42 --> CORS Filter
ERROR - 2025-05-27 05:12:42 --> Origin: http://localhost:4200
ERROR - 2025-05-27 05:13:15 --> CORS Filter
ERROR - 2025-05-27 05:13:15 --> Origin: http://localhost:4200
ERROR - 2025-05-27 05:13:16 --> CORS Filter
ERROR - 2025-05-27 05:13:16 --> Origin: http://localhost:4200
ERROR - 2025-05-27 05:22:50 --> CORS Filter
ERROR - 2025-05-27 05:22:50 --> Origin: http://localhost:4200
ERROR - 2025-05-27 05:22:50 --> CORS Filter
ERROR - 2025-05-27 05:22:50 --> Origin: http://localhost:4200
ERROR - 2025-05-27 05:23:20 --> CORS Filter
ERROR - 2025-05-27 05:23:20 --> Origin: http://localhost:4200
ERROR - 2025-05-27 05:23:20 --> CORS Filter
ERROR - 2025-05-27 05:23:20 --> Origin: http://localhost:4200
ERROR - 2025-05-27 05:23:24 --> CORS Filter
ERROR - 2025-05-27 05:23:24 --> Origin: http://localhost:4200
ERROR - 2025-05-27 05:23:40 --> CORS Filter
ERROR - 2025-05-27 05:23:40 --> Origin: http://localhost:4200
ERROR - 2025-05-27 05:24:56 --> CORS Filter
ERROR - 2025-05-27 05:24:56 --> Origin: http://localhost:4200
ERROR - 2025-05-27 05:25:03 --> CORS Filter
ERROR - 2025-05-27 05:25:03 --> Origin: http://localhost:4200
ERROR - 2025-05-27 05:26:33 --> CORS Filter
ERROR - 2025-05-27 05:26:33 --> Origin: http://localhost:4200
ERROR - 2025-05-27 05:26:53 --> CORS Filter
ERROR - 2025-05-27 05:26:53 --> Origin: http://localhost:4200
ERROR - 2025-05-27 05:26:58 --> CORS Filter
ERROR - 2025-05-27 05:26:58 --> Origin: http://localhost:4200
ERROR - 2025-05-27 05:27:08 --> CORS Filter
ERROR - 2025-05-27 05:27:08 --> Origin: http://localhost:4200
ERROR - 2025-05-27 05:31:22 --> CORS Filter
ERROR - 2025-05-27 05:31:22 --> Origin: http://localhost:4200
ERROR - 2025-05-27 05:35:17 --> CORS Filter
ERROR - 2025-05-27 05:35:17 --> Origin: http://localhost:4200
ERROR - 2025-05-27 05:39:14 --> CORS Filter
ERROR - 2025-05-27 05:39:14 --> Origin: http://localhost:4200
ERROR - 2025-05-27 05:39:24 --> CORS Filter
ERROR - 2025-05-27 05:39:24 --> Origin: http://localhost:4200
ERROR - 2025-05-27 05:39:54 --> CORS Filter
ERROR - 2025-05-27 05:39:54 --> Origin: http://localhost:4200
ERROR - 2025-05-27 05:40:19 --> CORS Filter
ERROR - 2025-05-27 05:40:19 --> Origin: http://localhost:4200
ERROR - 2025-05-27 05:46:06 --> CORS Filter
ERROR - 2025-05-27 05:46:06 --> Origin: http://localhost:4200
ERROR - 2025-05-27 05:46:19 --> CORS Filter
ERROR - 2025-05-27 05:46:19 --> Origin: http://localhost:4200
ERROR - 2025-05-27 05:50:03 --> CORS Filter
ERROR - 2025-05-27 05:50:03 --> Origin: http://localhost:4200
ERROR - 2025-05-27 05:52:16 --> CORS Filter
ERROR - 2025-05-27 05:52:16 --> Origin: http://localhost:4200
ERROR - 2025-05-27 05:53:03 --> CORS Filter
ERROR - 2025-05-27 05:53:03 --> Origin: http://localhost:4200
ERROR - 2025-05-27 05:56:45 --> CORS Filter
ERROR - 2025-05-27 05:56:45 --> Origin: http://localhost:4200
ERROR - 2025-05-27 05:56:51 --> CORS Filter
ERROR - 2025-05-27 05:56:51 --> Origin: http://localhost:4200
ERROR - 2025-05-27 05:57:21 --> CORS Filter
ERROR - 2025-05-27 05:57:21 --> Origin: http://localhost:4200
ERROR - 2025-05-27 05:58:56 --> CORS Filter
ERROR - 2025-05-27 05:58:56 --> Origin: http://localhost:4200
ERROR - 2025-05-27 05:59:03 --> CORS Filter
ERROR - 2025-05-27 05:59:03 --> Origin: http://localhost:4200
ERROR - 2025-05-27 05:59:48 --> CORS Filter
ERROR - 2025-05-27 05:59:48 --> Origin: http://localhost:4200
ERROR - 2025-05-27 06:00:30 --> CORS Filter
ERROR - 2025-05-27 06:00:30 --> Origin: http://localhost:4200
ERROR - 2025-05-27 06:01:04 --> CORS Filter
ERROR - 2025-05-27 06:01:04 --> Origin: http://localhost:4200
ERROR - 2025-05-27 06:02:51 --> CORS Filter
ERROR - 2025-05-27 06:02:51 --> Origin: http://localhost:4200
ERROR - 2025-05-27 06:03:20 --> CORS Filter
ERROR - 2025-05-27 06:03:20 --> Origin: http://localhost:4200
ERROR - 2025-05-27 06:09:50 --> CORS Filter
ERROR - 2025-05-27 06:09:50 --> Origin: http://localhost:4200
ERROR - 2025-05-27 06:10:00 --> CORS Filter
ERROR - 2025-05-27 06:10:00 --> Origin: http://localhost:4200
ERROR - 2025-05-27 06:13:10 --> CORS Filter
ERROR - 2025-05-27 06:13:10 --> Origin: http://localhost:4200
ERROR - 2025-05-27 06:18:04 --> CORS Filter
ERROR - 2025-05-27 06:18:04 --> Origin: http://localhost:4200
ERROR - 2025-05-27 06:21:28 --> CORS Filter
ERROR - 2025-05-27 06:21:28 --> Origin: http://localhost:4200
ERROR - 2025-05-27 06:21:28 --> CORS Filter
ERROR - 2025-05-27 06:21:28 --> Origin: http://localhost:4200
ERROR - 2025-05-27 06:29:05 --> CORS Filter
ERROR - 2025-05-27 06:29:05 --> Origin: http://localhost:4200
ERROR - 2025-05-27 06:32:18 --> CORS Filter
ERROR - 2025-05-27 06:32:18 --> Origin: http://localhost:4200
ERROR - 2025-05-27 06:32:19 --> CORS Filter
ERROR - 2025-05-27 06:32:19 --> Origin: http://localhost:4200
ERROR - 2025-05-27 06:57:54 --> CORS Filter
ERROR - 2025-05-27 06:57:54 --> Origin: http://localhost:4200
ERROR - 2025-05-27 06:57:55 --> CORS Filter
ERROR - 2025-05-27 06:57:55 --> Origin: http://localhost:4200
ERROR - 2025-05-27 06:58:28 --> CORS Filter
ERROR - 2025-05-27 06:58:28 --> Origin: http://localhost:4200
ERROR - 2025-05-27 06:58:28 --> CORS Filter
ERROR - 2025-05-27 06:58:28 --> Origin: http://localhost:4200
ERROR - 2025-05-27 06:58:48 --> CORS Filter
ERROR - 2025-05-27 06:58:48 --> Origin: http://localhost:4200
ERROR - 2025-05-27 06:58:48 --> CORS Filter
ERROR - 2025-05-27 06:58:48 --> Origin: http://localhost:4200
ERROR - 2025-05-27 06:59:36 --> CORS Filter
ERROR - 2025-05-27 06:59:36 --> Origin: http://localhost:4200
ERROR - 2025-05-27 06:59:37 --> CORS Filter
ERROR - 2025-05-27 06:59:37 --> Origin: http://localhost:4200
ERROR - 2025-05-27 07:00:37 --> CORS Filter
ERROR - 2025-05-27 07:00:37 --> Origin: http://localhost:4200
ERROR - 2025-05-27 07:00:38 --> CORS Filter
ERROR - 2025-05-27 07:00:38 --> Origin: http://localhost:4200
ERROR - 2025-05-27 07:33:16 --> CORS Filter
ERROR - 2025-05-27 07:33:16 --> Origin: http://localhost:4200
ERROR - 2025-05-27 07:33:16 --> CORS Filter
ERROR - 2025-05-27 07:33:16 --> Origin: http://localhost:4200
ERROR - 2025-05-27 07:36:54 --> CORS Filter
ERROR - 2025-05-27 07:36:54 --> Origin: http://localhost:4200
ERROR - 2025-05-27 07:36:54 --> CORS Filter
ERROR - 2025-05-27 07:36:54 --> Origin: http://localhost:4200
ERROR - 2025-05-27 07:37:18 --> CORS Filter
ERROR - 2025-05-27 07:37:18 --> Origin: http://localhost:4200
ERROR - 2025-05-27 07:37:18 --> CORS Filter
ERROR - 2025-05-27 07:37:18 --> Origin: http://localhost:4200
ERROR - 2025-05-27 07:54:48 --> CORS Filter
ERROR - 2025-05-27 07:54:48 --> Origin: http://localhost:4200
ERROR - 2025-05-27 07:54:48 --> CORS Filter
ERROR - 2025-05-27 07:54:48 --> Origin: http://localhost:4200
ERROR - 2025-05-27 08:56:34 --> CORS Filter
ERROR - 2025-05-27 08:56:34 --> Origin: http://localhost:4200
ERROR - 2025-05-27 08:56:34 --> CORS Filter
ERROR - 2025-05-27 08:56:34 --> Origin: http://localhost:4200
ERROR - 2025-05-27 09:33:42 --> CORS Filter
ERROR - 2025-05-27 09:33:42 --> Origin: http://localhost:4200
ERROR - 2025-05-27 09:33:42 --> CORS Filter
ERROR - 2025-05-27 09:33:42 --> Origin: http://localhost:4200
ERROR - 2025-05-27 10:00:00 --> CORS Filter
ERROR - 2025-05-27 10:00:00 --> Origin: http://localhost:4200
ERROR - 2025-05-27 10:00:00 --> CORS Filter
ERROR - 2025-05-27 10:00:00 --> Origin: http://localhost:4200
ERROR - 2025-05-27 10:33:22 --> CORS Filter
ERROR - 2025-05-27 10:33:22 --> Origin: http://localhost:63606
ERROR - 2025-05-27 10:33:42 --> CORS Filter
ERROR - 2025-05-27 10:33:42 --> Origin: http://localhost:63606
ERROR - 2025-05-27 10:33:55 --> CORS Filter
ERROR - 2025-05-27 10:33:55 --> Origin: http://localhost:63606
ERROR - 2025-05-27 10:34:01 --> CORS Filter
ERROR - 2025-05-27 10:34:01 --> Origin: http://localhost:63606
ERROR - 2025-05-27 10:34:05 --> CORS Filter
ERROR - 2025-05-27 10:34:05 --> Origin: http://localhost:63606
ERROR - 2025-05-27 10:36:23 --> CORS Filter
ERROR - 2025-05-27 10:36:23 --> Origin: http://localhost:63606
ERROR - 2025-05-27 10:36:32 --> CORS Filter
ERROR - 2025-05-27 10:36:32 --> Origin: http://localhost:63606
ERROR - 2025-05-27 10:36:40 --> CORS Filter
ERROR - 2025-05-27 10:36:40 --> Origin: http://localhost:63606
ERROR - 2025-05-27 10:37:47 --> CORS Filter
ERROR - 2025-05-27 10:37:47 --> Origin: http://localhost:63606
ERROR - 2025-05-27 10:40:24 --> CORS Filter
ERROR - 2025-05-27 10:40:24 --> Origin: http://localhost:4200
ERROR - 2025-05-27 10:40:25 --> CORS Filter
ERROR - 2025-05-27 10:40:25 --> Origin: http://localhost:4200
ERROR - 2025-05-27 10:41:09 --> CORS Filter
ERROR - 2025-05-27 10:41:09 --> Origin: http://localhost:4200
ERROR - 2025-05-27 10:41:09 --> CORS Filter
ERROR - 2025-05-27 10:41:09 --> Origin: http://localhost:4200
ERROR - 2025-05-27 10:41:41 --> CORS Filter
ERROR - 2025-05-27 10:41:41 --> Origin: http://localhost:4200
ERROR - 2025-05-27 10:41:41 --> CORS Filter
ERROR - 2025-05-27 10:41:41 --> Origin: http://localhost:4200
ERROR - 2025-05-27 10:43:50 --> CORS Filter
ERROR - 2025-05-27 10:43:50 --> Origin: http://localhost:4200
ERROR - 2025-05-27 10:43:50 --> CORS Filter
ERROR - 2025-05-27 10:43:50 --> Origin: http://localhost:4200
ERROR - 2025-05-27 10:44:07 --> CORS Filter
ERROR - 2025-05-27 10:44:07 --> Origin: http://localhost:4200
ERROR - 2025-05-27 10:44:07 --> CORS Filter
ERROR - 2025-05-27 10:44:07 --> Origin: http://localhost:4200
ERROR - 2025-05-27 10:44:35 --> CORS Filter
ERROR - 2025-05-27 10:44:35 --> Origin: http://localhost:4200
ERROR - 2025-05-27 10:44:35 --> CORS Filter
ERROR - 2025-05-27 10:44:35 --> Origin: http://localhost:4200
ERROR - 2025-05-27 10:44:57 --> CORS Filter
ERROR - 2025-05-27 10:44:57 --> Origin: http://localhost:4200
ERROR - 2025-05-27 10:44:58 --> CORS Filter
ERROR - 2025-05-27 10:44:58 --> Origin: http://localhost:4200
ERROR - 2025-05-27 10:47:16 --> CORS Filter
ERROR - 2025-05-27 10:47:16 --> Origin: http://localhost:4200
ERROR - 2025-05-27 10:47:16 --> CORS Filter
ERROR - 2025-05-27 10:47:16 --> Origin: http://localhost:4200
ERROR - 2025-05-27 11:07:43 --> CORS Filter
ERROR - 2025-05-27 11:07:43 --> Origin: http://localhost:4200
ERROR - 2025-05-27 11:07:44 --> CORS Filter
ERROR - 2025-05-27 11:07:44 --> Origin: http://localhost:4200
ERROR - 2025-05-27 11:39:14 --> CORS Filter
ERROR - 2025-05-27 11:39:14 --> Origin: http://localhost:4200
ERROR - 2025-05-27 11:39:14 --> CORS Filter
ERROR - 2025-05-27 11:39:14 --> Origin: http://localhost:4200
ERROR - 2025-05-27 11:39:32 --> CORS Filter
ERROR - 2025-05-27 11:39:32 --> Origin: http://localhost:4200
ERROR - 2025-05-27 11:39:32 --> CORS Filter
ERROR - 2025-05-27 11:39:32 --> Origin: http://localhost:4200
ERROR - 2025-05-27 11:40:06 --> CORS Filter
ERROR - 2025-05-27 11:40:06 --> Origin: http://localhost:4200
ERROR - 2025-05-27 11:40:06 --> CORS Filter
ERROR - 2025-05-27 11:40:06 --> Origin: http://localhost:4200
ERROR - 2025-05-27 11:40:21 --> CORS Filter
ERROR - 2025-05-27 11:40:21 --> Origin: http://localhost:4200
ERROR - 2025-05-27 11:40:21 --> CORS Filter
ERROR - 2025-05-27 11:40:21 --> Origin: http://localhost:4200
ERROR - 2025-05-27 11:50:07 --> CORS Filter
ERROR - 2025-05-27 11:50:07 --> Origin: http://localhost:4200
ERROR - 2025-05-27 11:50:08 --> CORS Filter
ERROR - 2025-05-27 11:50:08 --> Origin: http://localhost:4200
CRITICAL - 2025-05-27 11:50:08 --> ErrorException: Trying to access array offset on value of type null
[Method: POST, Route: api/user/login]
in APPPATH\Controllers\User.php on line 195.
 1 APPPATH\Controllers\User.php(195): CodeIgniter\Debug\Exceptions->errorHandler(2, 'Trying to access array offset on value of type null', 'C:\\xampp\\htdocs\\exiaa-material-api\\app\\Controllers\\User.php', 195)
 2 SYSTEMPATH\CodeIgniter.php(933): App\Controllers\User->login()
 3 SYSTEMPATH\CodeIgniter.php(509): CodeIgniter\CodeIgniter->runController(Object(App\Controllers\User))
 4 SYSTEMPATH\CodeIgniter.php(355): CodeIgniter\CodeIgniter->handleRequest(null, Object(Config\Cache), false)
 5 SYSTEMPATH\Boot.php(334): CodeIgniter\CodeIgniter->run()
 6 SYSTEMPATH\Boot.php(67): CodeIgniter\Boot::runCodeIgniter(Object(CodeIgniter\CodeIgniter))
 7 FCPATH\index.php(56): CodeIgniter\Boot::bootWeb(Object(Config\Paths))
 8 SYSTEMPATH\rewrite.php(44): require_once('C:\\xampp\\htdocs\\exiaa-material-api\\public\\index.php')
ERROR - 2025-05-27 11:50:56 --> CORS Filter
ERROR - 2025-05-27 11:50:56 --> Origin: http://localhost:4200
ERROR - 2025-05-27 11:50:56 --> CORS Filter
ERROR - 2025-05-27 11:50:56 --> Origin: http://localhost:4200
CRITICAL - 2025-05-27 11:50:57 --> ErrorException: Trying to access array offset on value of type null
[Method: POST, Route: api/user/login]
in APPPATH\Controllers\User.php on line 195.
 1 APPPATH\Controllers\User.php(195): CodeIgniter\Debug\Exceptions->errorHandler(2, 'Trying to access array offset on value of type null', 'C:\\xampp\\htdocs\\exiaa-material-api\\app\\Controllers\\User.php', 195)
 2 SYSTEMPATH\CodeIgniter.php(933): App\Controllers\User->login()
 3 SYSTEMPATH\CodeIgniter.php(509): CodeIgniter\CodeIgniter->runController(Object(App\Controllers\User))
 4 SYSTEMPATH\CodeIgniter.php(355): CodeIgniter\CodeIgniter->handleRequest(null, Object(Config\Cache), false)
 5 SYSTEMPATH\Boot.php(334): CodeIgniter\CodeIgniter->run()
 6 SYSTEMPATH\Boot.php(67): CodeIgniter\Boot::runCodeIgniter(Object(CodeIgniter\CodeIgniter))
 7 FCPATH\index.php(56): CodeIgniter\Boot::bootWeb(Object(Config\Paths))
 8 SYSTEMPATH\rewrite.php(44): require_once('C:\\xampp\\htdocs\\exiaa-material-api\\public\\index.php')
ERROR - 2025-05-27 11:51:11 --> CORS Filter
ERROR - 2025-05-27 11:51:11 --> Origin: http://localhost:4200
ERROR - 2025-05-27 11:51:11 --> CORS Filter
ERROR - 2025-05-27 11:51:11 --> Origin: http://localhost:4200
CRITICAL - 2025-05-27 11:51:11 --> ErrorException: Trying to access array offset on value of type null
[Method: POST, Route: api/user/login]
in APPPATH\Controllers\User.php on line 195.
 1 APPPATH\Controllers\User.php(195): CodeIgniter\Debug\Exceptions->errorHandler(2, 'Trying to access array offset on value of type null', 'C:\\xampp\\htdocs\\exiaa-material-api\\app\\Controllers\\User.php', 195)
 2 SYSTEMPATH\CodeIgniter.php(933): App\Controllers\User->login()
 3 SYSTEMPATH\CodeIgniter.php(509): CodeIgniter\CodeIgniter->runController(Object(App\Controllers\User))
 4 SYSTEMPATH\CodeIgniter.php(355): CodeIgniter\CodeIgniter->handleRequest(null, Object(Config\Cache), false)
 5 SYSTEMPATH\Boot.php(334): CodeIgniter\CodeIgniter->run()
 6 SYSTEMPATH\Boot.php(67): CodeIgniter\Boot::runCodeIgniter(Object(CodeIgniter\CodeIgniter))
 7 FCPATH\index.php(56): CodeIgniter\Boot::bootWeb(Object(Config\Paths))
 8 SYSTEMPATH\rewrite.php(44): require_once('C:\\xampp\\htdocs\\exiaa-material-api\\public\\index.php')
ERROR - 2025-05-27 11:55:08 --> CORS Filter
ERROR - 2025-05-27 11:55:08 --> Origin: http://localhost:4200
ERROR - 2025-05-27 11:55:08 --> CORS Filter
ERROR - 2025-05-27 11:55:08 --> Origin: http://localhost:4200
ERROR - 2025-05-27 11:55:09 --> CORS Filter
ERROR - 2025-05-27 11:55:09 --> Origin: http://localhost:4200
ERROR - 2025-05-27 11:55:10 --> CORS Filter
ERROR - 2025-05-27 11:55:10 --> Origin: http://localhost:4200
ERROR - 2025-05-27 11:55:11 --> CORS Filter
ERROR - 2025-05-27 11:55:11 --> Origin: http://localhost:4200
ERROR - 2025-05-27 11:55:11 --> CORS Filter
ERROR - 2025-05-27 11:55:11 --> Origin: http://localhost:4200
ERROR - 2025-05-27 11:57:08 --> CORS Filter
ERROR - 2025-05-27 11:57:08 --> Origin: http://localhost:4200
ERROR - 2025-05-27 11:57:08 --> CORS Filter
ERROR - 2025-05-27 11:57:08 --> Origin: http://localhost:4200
ERROR - 2025-05-27 11:57:08 --> CORS Filter
ERROR - 2025-05-27 11:57:08 --> Origin: http://localhost:4200
ERROR - 2025-05-27 11:57:09 --> CORS Filter
ERROR - 2025-05-27 11:57:09 --> Origin: http://localhost:4200
ERROR - 2025-05-27 11:59:24 --> CORS Filter
ERROR - 2025-05-27 11:59:24 --> Origin: http://localhost:4200
ERROR - 2025-05-27 11:59:25 --> CORS Filter
ERROR - 2025-05-27 11:59:25 --> Origin: http://localhost:4200
ERROR - 2025-05-27 11:59:25 --> CORS Filter
ERROR - 2025-05-27 11:59:25 --> Origin: http://localhost:4200
ERROR - 2025-05-27 11:59:25 --> CORS Filter
ERROR - 2025-05-27 11:59:25 --> Origin: http://localhost:4200
ERROR - 2025-05-27 11:59:40 --> CORS Filter
ERROR - 2025-05-27 11:59:40 --> Origin: http://localhost:4200
ERROR - 2025-05-27 11:59:40 --> CORS Filter
ERROR - 2025-05-27 11:59:40 --> Origin: http://localhost:4200
ERROR - 2025-05-27 11:59:41 --> CORS Filter
ERROR - 2025-05-27 11:59:41 --> Origin: http://localhost:4200
ERROR - 2025-05-27 11:59:41 --> CORS Filter
ERROR - 2025-05-27 11:59:41 --> Origin: http://localhost:4200
ERROR - 2025-05-27 12:00:22 --> CORS Filter
ERROR - 2025-05-27 12:00:22 --> Origin: http://localhost:4200
ERROR - 2025-05-27 12:00:22 --> CORS Filter
ERROR - 2025-05-27 12:00:22 --> Origin: http://localhost:4200
ERROR - 2025-05-27 12:00:23 --> CORS Filter
ERROR - 2025-05-27 12:00:23 --> Origin: http://localhost:4200
ERROR - 2025-05-27 12:00:23 --> CORS Filter
ERROR - 2025-05-27 12:00:23 --> Origin: http://localhost:4200
ERROR - 2025-05-27 12:00:24 --> CORS Filter
ERROR - 2025-05-27 12:00:24 --> Origin: http://localhost:4200
ERROR - 2025-05-27 12:00:24 --> CORS Filter
ERROR - 2025-05-27 12:00:24 --> Origin: http://localhost:4200
ERROR - 2025-05-27 12:00:25 --> mysqli_sql_exception: Table 'exiaa_ex0001.link_mst' doesn't exist in C:\xampp\htdocs\exiaa-material-api\vendor\codeigniter4\framework\system\Database\MySQLi\Connection.php:312
Stack trace:
#0 C:\xampp\htdocs\exiaa-material-api\vendor\codeigniter4\framework\system\Database\MySQLi\Connection.php(312): mysqli->query('SELECT COUNT(*)...', 0)
#1 C:\xampp\htdocs\exiaa-material-api\vendor\codeigniter4\framework\system\Database\BaseConnection.php(734): CodeIgniter\Database\MySQLi\Connection->execute('SELECT COUNT(*)...')
#2 C:\xampp\htdocs\exiaa-material-api\vendor\codeigniter4\framework\system\Database\BaseConnection.php(648): CodeIgniter\Database\BaseConnection->simpleQuery('SELECT COUNT(*)...')
#3 C:\xampp\htdocs\exiaa-material-api\vendor\codeigniter4\framework\system\Database\BaseBuilder.php(1728): CodeIgniter\Database\BaseConnection->query('SELECT COUNT(*)...', Array, false)
#4 C:\xampp\htdocs\exiaa-material-api\vendor\codeigniter4\framework\system\Model.php(676): CodeIgniter\Database\BaseBuilder->countAllResults(false)
#5 C:\xampp\htdocs\exiaa-material-api\vendor\codeigniter4\framework\system\BaseModel.php(1283): CodeIgniter\Model->countAllResults(false)
#6 C:\xampp\htdocs\exiaa-material-api\app\Controllers\Link.php(85): CodeIgniter\BaseModel->paginate(10, 'default', 1)
#7 C:\xampp\htdocs\exiaa-material-api\vendor\codeigniter4\framework\system\CodeIgniter.php(933): App\Controllers\Link->getLinksPaging()
#8 C:\xampp\htdocs\exiaa-material-api\vendor\codeigniter4\framework\system\CodeIgniter.php(509): CodeIgniter\CodeIgniter->runController(Object(App\Controllers\Link))
#9 C:\xampp\htdocs\exiaa-material-api\vendor\codeigniter4\framework\system\CodeIgniter.php(355): CodeIgniter\CodeIgniter->handleRequest(NULL, Object(Config\Cache), false)
#10 C:\xampp\htdocs\exiaa-material-api\vendor\codeigniter4\framework\system\Boot.php(334): CodeIgniter\CodeIgniter->run()
#11 C:\xampp\htdocs\exiaa-material-api\vendor\codeigniter4\framework\system\Boot.php(67): CodeIgniter\Boot::runCodeIgniter(Object(CodeIgniter\CodeIgniter))
#12 C:\xampp\htdocs\exiaa-material-api\public\index.php(56): CodeIgniter\Boot::bootWeb(Object(Config\Paths))
#13 C:\xampp\htdocs\exiaa-material-api\vendor\codeigniter4\framework\system\rewrite.php(44): require_once('C:\\xampp\\htdocs...')
#14 {main}
CRITICAL - 2025-05-27 12:00:25 --> CodeIgniter\Database\Exceptions\DatabaseException: Table 'exiaa_ex0001.link_mst' doesn't exist
[Method: POST, Route: api/link/getallpaging]
in SYSTEMPATH\Database\BaseConnection.php on line 688.
 1 SYSTEMPATH\Database\BaseBuilder.php(1728): CodeIgniter\Database\BaseConnection->query('SELECT COUNT(*) AS `numrows`
FROM `link_mst`
WHERE `isDeleted` = :isDeleted:', [...], false)
 2 SYSTEMPATH\Model.php(676): CodeIgniter\Database\BaseBuilder->countAllResults(false)
 3 SYSTEMPATH\BaseModel.php(1283): CodeIgniter\Model->countAllResults(false)
 4 APPPATH\Controllers\Link.php(85): CodeIgniter\BaseModel->paginate(10, 'default', 1)
 5 SYSTEMPATH\CodeIgniter.php(933): App\Controllers\Link->getLinksPaging()
 6 SYSTEMPATH\CodeIgniter.php(509): CodeIgniter\CodeIgniter->runController(Object(App\Controllers\Link))
 7 SYSTEMPATH\CodeIgniter.php(355): CodeIgniter\CodeIgniter->handleRequest(null, Object(Config\Cache), false)
 8 SYSTEMPATH\Boot.php(334): CodeIgniter\CodeIgniter->run()
 9 SYSTEMPATH\Boot.php(67): CodeIgniter\Boot::runCodeIgniter(Object(CodeIgniter\CodeIgniter))
10 FCPATH\index.php(56): CodeIgniter\Boot::bootWeb(Object(Config\Paths))
11 SYSTEMPATH\rewrite.php(44): require_once('C:\\xampp\\htdocs\\exiaa-material-api\\public\\index.php')
CRITICAL - 2025-05-27 12:00:25 --> [Caused by] CodeIgniter\Database\Exceptions\DatabaseException: Table 'exiaa_ex0001.link_mst' doesn't exist
in SYSTEMPATH\Database\MySQLi\Connection.php on line 317.
 1 SYSTEMPATH\Database\BaseConnection.php(734): CodeIgniter\Database\MySQLi\Connection->execute('SELECT COUNT(*) AS `numrows`
FROM `link_mst`
WHERE `isDeleted` = 0')
 2 SYSTEMPATH\Database\BaseConnection.php(648): CodeIgniter\Database\BaseConnection->simpleQuery('SELECT COUNT(*) AS `numrows`
FROM `link_mst`
WHERE `isDeleted` = 0')
 3 SYSTEMPATH\Database\BaseBuilder.php(1728): CodeIgniter\Database\BaseConnection->query('SELECT COUNT(*) AS `numrows`
FROM `link_mst`
WHERE `isDeleted` = :isDeleted:', [...], false)
 4 SYSTEMPATH\Model.php(676): CodeIgniter\Database\BaseBuilder->countAllResults(false)
 5 SYSTEMPATH\BaseModel.php(1283): CodeIgniter\Model->countAllResults(false)
 6 APPPATH\Controllers\Link.php(85): CodeIgniter\BaseModel->paginate(10, 'default', 1)
 7 SYSTEMPATH\CodeIgniter.php(933): App\Controllers\Link->getLinksPaging()
 8 SYSTEMPATH\CodeIgniter.php(509): CodeIgniter\CodeIgniter->runController(Object(App\Controllers\Link))
 9 SYSTEMPATH\CodeIgniter.php(355): CodeIgniter\CodeIgniter->handleRequest(null, Object(Config\Cache), false)
10 SYSTEMPATH\Boot.php(334): CodeIgniter\CodeIgniter->run()
11 SYSTEMPATH\Boot.php(67): CodeIgniter\Boot::runCodeIgniter(Object(CodeIgniter\CodeIgniter))
12 FCPATH\index.php(56): CodeIgniter\Boot::bootWeb(Object(Config\Paths))
13 SYSTEMPATH\rewrite.php(44): require_once('C:\\xampp\\htdocs\\exiaa-material-api\\public\\index.php')
CRITICAL - 2025-05-27 12:00:25 --> [Caused by] mysqli_sql_exception: Table 'exiaa_ex0001.link_mst' doesn't exist
in SYSTEMPATH\Database\MySQLi\Connection.php on line 312.
 1 SYSTEMPATH\Database\MySQLi\Connection.php(312): mysqli->query('SELECT COUNT(*) AS `numrows`
FROM `link_mst`
WHERE `isDeleted` = 0', 0)
 2 SYSTEMPATH\Database\BaseConnection.php(734): CodeIgniter\Database\MySQLi\Connection->execute('SELECT COUNT(*) AS `numrows`
FROM `link_mst`
WHERE `isDeleted` = 0')
 3 SYSTEMPATH\Database\BaseConnection.php(648): CodeIgniter\Database\BaseConnection->simpleQuery('SELECT COUNT(*) AS `numrows`
FROM `link_mst`
WHERE `isDeleted` = 0')
 4 SYSTEMPATH\Database\BaseBuilder.php(1728): CodeIgniter\Database\BaseConnection->query('SELECT COUNT(*) AS `numrows`
FROM `link_mst`
WHERE `isDeleted` = :isDeleted:', [...], false)
 5 SYSTEMPATH\Model.php(676): CodeIgniter\Database\BaseBuilder->countAllResults(false)
 6 SYSTEMPATH\BaseModel.php(1283): CodeIgniter\Model->countAllResults(false)
 7 APPPATH\Controllers\Link.php(85): CodeIgniter\BaseModel->paginate(10, 'default', 1)
 8 SYSTEMPATH\CodeIgniter.php(933): App\Controllers\Link->getLinksPaging()
 9 SYSTEMPATH\CodeIgniter.php(509): CodeIgniter\CodeIgniter->runController(Object(App\Controllers\Link))
10 SYSTEMPATH\CodeIgniter.php(355): CodeIgniter\CodeIgniter->handleRequest(null, Object(Config\Cache), false)
11 SYSTEMPATH\Boot.php(334): CodeIgniter\CodeIgniter->run()
12 SYSTEMPATH\Boot.php(67): CodeIgniter\Boot::runCodeIgniter(Object(CodeIgniter\CodeIgniter))
13 FCPATH\index.php(56): CodeIgniter\Boot::bootWeb(Object(Config\Paths))
14 SYSTEMPATH\rewrite.php(44): require_once('C:\\xampp\\htdocs\\exiaa-material-api\\public\\index.php')
ERROR - 2025-05-27 12:02:14 --> CORS Filter
ERROR - 2025-05-27 12:02:14 --> Origin: http://localhost:4200
ERROR - 2025-05-27 12:02:14 --> CORS Filter
ERROR - 2025-05-27 12:02:14 --> Origin: http://localhost:4200
ERROR - 2025-05-27 12:02:15 --> CORS Filter
ERROR - 2025-05-27 12:02:15 --> Origin: http://localhost:4200
ERROR - 2025-05-27 12:02:15 --> CORS Filter
ERROR - 2025-05-27 12:02:15 --> Origin: http://localhost:4200
ERROR - 2025-05-27 12:02:16 --> CORS Filter
ERROR - 2025-05-27 12:02:16 --> Origin: http://localhost:4200
ERROR - 2025-05-27 12:02:16 --> CORS Filter
ERROR - 2025-05-27 12:02:16 --> Origin: http://localhost:4200
ERROR - 2025-05-27 12:02:16 --> mysqli_sql_exception: Table 'exiaa_ex0001.link_mst' doesn't exist in C:\xampp\htdocs\exiaa-material-api\vendor\codeigniter4\framework\system\Database\MySQLi\Connection.php:312
Stack trace:
#0 C:\xampp\htdocs\exiaa-material-api\vendor\codeigniter4\framework\system\Database\MySQLi\Connection.php(312): mysqli->query('SELECT COUNT(*)...', 0)
#1 C:\xampp\htdocs\exiaa-material-api\vendor\codeigniter4\framework\system\Database\BaseConnection.php(734): CodeIgniter\Database\MySQLi\Connection->execute('SELECT COUNT(*)...')
#2 C:\xampp\htdocs\exiaa-material-api\vendor\codeigniter4\framework\system\Database\BaseConnection.php(648): CodeIgniter\Database\BaseConnection->simpleQuery('SELECT COUNT(*)...')
#3 C:\xampp\htdocs\exiaa-material-api\vendor\codeigniter4\framework\system\Database\BaseBuilder.php(1728): CodeIgniter\Database\BaseConnection->query('SELECT COUNT(*)...', Array, false)
#4 C:\xampp\htdocs\exiaa-material-api\vendor\codeigniter4\framework\system\Model.php(676): CodeIgniter\Database\BaseBuilder->countAllResults(false)
#5 C:\xampp\htdocs\exiaa-material-api\vendor\codeigniter4\framework\system\BaseModel.php(1283): CodeIgniter\Model->countAllResults(false)
#6 C:\xampp\htdocs\exiaa-material-api\app\Controllers\Link.php(85): CodeIgniter\BaseModel->paginate(10, 'default', 1)
#7 C:\xampp\htdocs\exiaa-material-api\vendor\codeigniter4\framework\system\CodeIgniter.php(933): App\Controllers\Link->getLinksPaging()
#8 C:\xampp\htdocs\exiaa-material-api\vendor\codeigniter4\framework\system\CodeIgniter.php(509): CodeIgniter\CodeIgniter->runController(Object(App\Controllers\Link))
#9 C:\xampp\htdocs\exiaa-material-api\vendor\codeigniter4\framework\system\CodeIgniter.php(355): CodeIgniter\CodeIgniter->handleRequest(NULL, Object(Config\Cache), false)
#10 C:\xampp\htdocs\exiaa-material-api\vendor\codeigniter4\framework\system\Boot.php(334): CodeIgniter\CodeIgniter->run()
#11 C:\xampp\htdocs\exiaa-material-api\vendor\codeigniter4\framework\system\Boot.php(67): CodeIgniter\Boot::runCodeIgniter(Object(CodeIgniter\CodeIgniter))
#12 C:\xampp\htdocs\exiaa-material-api\public\index.php(56): CodeIgniter\Boot::bootWeb(Object(Config\Paths))
#13 C:\xampp\htdocs\exiaa-material-api\vendor\codeigniter4\framework\system\rewrite.php(44): require_once('C:\\xampp\\htdocs...')
#14 {main}
CRITICAL - 2025-05-27 12:02:16 --> CodeIgniter\Database\Exceptions\DatabaseException: Table 'exiaa_ex0001.link_mst' doesn't exist
[Method: POST, Route: api/link/getallpaging]
in SYSTEMPATH\Database\BaseConnection.php on line 688.
 1 SYSTEMPATH\Database\BaseBuilder.php(1728): CodeIgniter\Database\BaseConnection->query('SELECT COUNT(*) AS `numrows`
FROM `link_mst`
WHERE `isDeleted` = :isDeleted:', [...], false)
 2 SYSTEMPATH\Model.php(676): CodeIgniter\Database\BaseBuilder->countAllResults(false)
 3 SYSTEMPATH\BaseModel.php(1283): CodeIgniter\Model->countAllResults(false)
 4 APPPATH\Controllers\Link.php(85): CodeIgniter\BaseModel->paginate(10, 'default', 1)
 5 SYSTEMPATH\CodeIgniter.php(933): App\Controllers\Link->getLinksPaging()
 6 SYSTEMPATH\CodeIgniter.php(509): CodeIgniter\CodeIgniter->runController(Object(App\Controllers\Link))
 7 SYSTEMPATH\CodeIgniter.php(355): CodeIgniter\CodeIgniter->handleRequest(null, Object(Config\Cache), false)
 8 SYSTEMPATH\Boot.php(334): CodeIgniter\CodeIgniter->run()
 9 SYSTEMPATH\Boot.php(67): CodeIgniter\Boot::runCodeIgniter(Object(CodeIgniter\CodeIgniter))
10 FCPATH\index.php(56): CodeIgniter\Boot::bootWeb(Object(Config\Paths))
11 SYSTEMPATH\rewrite.php(44): require_once('C:\\xampp\\htdocs\\exiaa-material-api\\public\\index.php')
CRITICAL - 2025-05-27 12:02:16 --> [Caused by] CodeIgniter\Database\Exceptions\DatabaseException: Table 'exiaa_ex0001.link_mst' doesn't exist
in SYSTEMPATH\Database\MySQLi\Connection.php on line 317.
 1 SYSTEMPATH\Database\BaseConnection.php(734): CodeIgniter\Database\MySQLi\Connection->execute('SELECT COUNT(*) AS `numrows`
FROM `link_mst`
WHERE `isDeleted` = 0')
 2 SYSTEMPATH\Database\BaseConnection.php(648): CodeIgniter\Database\BaseConnection->simpleQuery('SELECT COUNT(*) AS `numrows`
FROM `link_mst`
WHERE `isDeleted` = 0')
 3 SYSTEMPATH\Database\BaseBuilder.php(1728): CodeIgniter\Database\BaseConnection->query('SELECT COUNT(*) AS `numrows`
FROM `link_mst`
WHERE `isDeleted` = :isDeleted:', [...], false)
 4 SYSTEMPATH\Model.php(676): CodeIgniter\Database\BaseBuilder->countAllResults(false)
 5 SYSTEMPATH\BaseModel.php(1283): CodeIgniter\Model->countAllResults(false)
 6 APPPATH\Controllers\Link.php(85): CodeIgniter\BaseModel->paginate(10, 'default', 1)
 7 SYSTEMPATH\CodeIgniter.php(933): App\Controllers\Link->getLinksPaging()
 8 SYSTEMPATH\CodeIgniter.php(509): CodeIgniter\CodeIgniter->runController(Object(App\Controllers\Link))
 9 SYSTEMPATH\CodeIgniter.php(355): CodeIgniter\CodeIgniter->handleRequest(null, Object(Config\Cache), false)
10 SYSTEMPATH\Boot.php(334): CodeIgniter\CodeIgniter->run()
11 SYSTEMPATH\Boot.php(67): CodeIgniter\Boot::runCodeIgniter(Object(CodeIgniter\CodeIgniter))
12 FCPATH\index.php(56): CodeIgniter\Boot::bootWeb(Object(Config\Paths))
13 SYSTEMPATH\rewrite.php(44): require_once('C:\\xampp\\htdocs\\exiaa-material-api\\public\\index.php')
CRITICAL - 2025-05-27 12:02:16 --> [Caused by] mysqli_sql_exception: Table 'exiaa_ex0001.link_mst' doesn't exist
in SYSTEMPATH\Database\MySQLi\Connection.php on line 312.
 1 SYSTEMPATH\Database\MySQLi\Connection.php(312): mysqli->query('SELECT COUNT(*) AS `numrows`
FROM `link_mst`
WHERE `isDeleted` = 0', 0)
 2 SYSTEMPATH\Database\BaseConnection.php(734): CodeIgniter\Database\MySQLi\Connection->execute('SELECT COUNT(*) AS `numrows`
FROM `link_mst`
WHERE `isDeleted` = 0')
 3 SYSTEMPATH\Database\BaseConnection.php(648): CodeIgniter\Database\BaseConnection->simpleQuery('SELECT COUNT(*) AS `numrows`
FROM `link_mst`
WHERE `isDeleted` = 0')
 4 SYSTEMPATH\Database\BaseBuilder.php(1728): CodeIgniter\Database\BaseConnection->query('SELECT COUNT(*) AS `numrows`
FROM `link_mst`
WHERE `isDeleted` = :isDeleted:', [...], false)
 5 SYSTEMPATH\Model.php(676): CodeIgniter\Database\BaseBuilder->countAllResults(false)
 6 SYSTEMPATH\BaseModel.php(1283): CodeIgniter\Model->countAllResults(false)
 7 APPPATH\Controllers\Link.php(85): CodeIgniter\BaseModel->paginate(10, 'default', 1)
 8 SYSTEMPATH\CodeIgniter.php(933): App\Controllers\Link->getLinksPaging()
 9 SYSTEMPATH\CodeIgniter.php(509): CodeIgniter\CodeIgniter->runController(Object(App\Controllers\Link))
10 SYSTEMPATH\CodeIgniter.php(355): CodeIgniter\CodeIgniter->handleRequest(null, Object(Config\Cache), false)
11 SYSTEMPATH\Boot.php(334): CodeIgniter\CodeIgniter->run()
12 SYSTEMPATH\Boot.php(67): CodeIgniter\Boot::runCodeIgniter(Object(CodeIgniter\CodeIgniter))
13 FCPATH\index.php(56): CodeIgniter\Boot::bootWeb(Object(Config\Paths))
14 SYSTEMPATH\rewrite.php(44): require_once('C:\\xampp\\htdocs\\exiaa-material-api\\public\\index.php')
ERROR - 2025-05-27 12:03:03 --> CORS Filter
ERROR - 2025-05-27 12:03:03 --> Origin: http://localhost:4200
ERROR - 2025-05-27 12:03:03 --> CORS Filter
ERROR - 2025-05-27 12:03:03 --> Origin: http://localhost:4200
ERROR - 2025-05-27 12:03:03 --> CORS Filter
ERROR - 2025-05-27 12:03:03 --> Origin: http://localhost:4200
ERROR - 2025-05-27 12:03:04 --> CORS Filter
ERROR - 2025-05-27 12:03:04 --> Origin: http://localhost:4200
ERROR - 2025-05-27 12:03:04 --> CORS Filter
ERROR - 2025-05-27 12:03:04 --> Origin: http://localhost:4200
ERROR - 2025-05-27 12:03:05 --> CORS Filter
ERROR - 2025-05-27 12:03:05 --> Origin: http://localhost:4200
ERROR - 2025-05-27 12:03:55 --> CORS Filter
ERROR - 2025-05-27 12:03:55 --> Origin: http://localhost:4200
ERROR - 2025-05-27 12:03:55 --> CORS Filter
ERROR - 2025-05-27 12:03:55 --> Origin: http://localhost:4200
ERROR - 2025-05-27 12:04:05 --> CORS Filter
ERROR - 2025-05-27 12:04:05 --> Origin: http://localhost:4200
ERROR - 2025-05-27 12:04:05 --> CORS Filter
ERROR - 2025-05-27 12:04:05 --> Origin: http://localhost:4200
ERROR - 2025-05-27 12:04:26 --> CORS Filter
ERROR - 2025-05-27 12:04:26 --> Origin: http://localhost:4200
ERROR - 2025-05-27 12:04:26 --> CORS Filter
ERROR - 2025-05-27 12:04:26 --> Origin: http://localhost:4200
ERROR - 2025-05-27 12:04:27 --> CORS Filter
ERROR - 2025-05-27 12:04:27 --> Origin: http://localhost:4200
ERROR - 2025-05-27 12:04:27 --> CORS Filter
ERROR - 2025-05-27 12:04:27 --> Origin: http://localhost:4200
ERROR - 2025-05-27 12:06:40 --> CORS Filter
ERROR - 2025-05-27 12:06:40 --> Origin: http://localhost:4200
ERROR - 2025-05-27 12:06:41 --> CORS Filter
ERROR - 2025-05-27 12:06:41 --> Origin: http://localhost:4200
ERROR - 2025-05-27 12:20:02 --> CORS Filter
ERROR - 2025-05-27 12:20:02 --> Origin: http://localhost:4200
ERROR - 2025-05-27 12:20:02 --> CORS Filter
ERROR - 2025-05-27 12:20:02 --> Origin: http://localhost:4200
ERROR - 2025-05-27 12:38:00 --> CORS Filter
ERROR - 2025-05-27 12:38:00 --> Origin: http://localhost:4200
ERROR - 2025-05-27 12:38:01 --> CORS Filter
ERROR - 2025-05-27 12:38:01 --> Origin: http://localhost:4200
ERROR - 2025-05-27 12:38:01 --> CORS Filter
ERROR - 2025-05-27 12:38:01 --> Origin: http://localhost:4200
ERROR - 2025-05-27 12:38:01 --> CORS Filter
ERROR - 2025-05-27 12:38:01 --> Origin: http://localhost:4200
ERROR - 2025-05-27 12:38:01 --> CORS Filter
ERROR - 2025-05-27 12:38:01 --> Origin: http://localhost:4200
ERROR - 2025-05-27 12:38:01 --> CORS Filter
ERROR - 2025-05-27 12:38:01 --> Origin: http://localhost:4200
ERROR - 2025-05-27 12:41:41 --> CORS Filter
ERROR - 2025-05-27 12:41:41 --> Origin: http://localhost:4200
ERROR - 2025-05-27 12:41:41 --> CORS Filter
ERROR - 2025-05-27 12:41:41 --> Origin: http://localhost:4200
ERROR - 2025-05-27 12:41:41 --> CORS Filter
ERROR - 2025-05-27 12:41:41 --> Origin: http://localhost:4200
ERROR - 2025-05-27 12:41:41 --> CORS Filter
ERROR - 2025-05-27 12:41:41 --> Origin: http://localhost:4200
ERROR - 2025-05-27 12:47:20 --> CORS Filter
ERROR - 2025-05-27 12:47:20 --> Origin: http://localhost:4200
ERROR - 2025-05-27 12:47:20 --> CORS Filter
ERROR - 2025-05-27 12:47:20 --> Origin: http://localhost:4200
ERROR - 2025-05-27 12:47:21 --> CORS Filter
ERROR - 2025-05-27 12:47:21 --> Origin: http://localhost:4200
ERROR - 2025-05-27 12:47:21 --> CORS Filter
ERROR - 2025-05-27 12:47:21 --> Origin: http://localhost:4200
ERROR - 2025-05-27 12:51:32 --> CORS Filter
ERROR - 2025-05-27 12:51:32 --> Origin: http://localhost:4200
ERROR - 2025-05-27 12:51:32 --> CORS Filter
ERROR - 2025-05-27 12:51:32 --> Origin: http://localhost:4200
ERROR - 2025-05-27 12:51:32 --> CORS Filter
ERROR - 2025-05-27 12:51:32 --> Origin: http://localhost:4200
ERROR - 2025-05-27 12:51:32 --> CORS Filter
ERROR - 2025-05-27 12:51:32 --> Origin: http://localhost:4200
ERROR - 2025-05-27 12:52:05 --> CORS Filter
ERROR - 2025-05-27 12:52:05 --> Origin: http://localhost:4200
ERROR - 2025-05-27 12:52:05 --> CORS Filter
ERROR - 2025-05-27 12:52:05 --> Origin: http://localhost:4200
ERROR - 2025-05-27 12:52:08 --> CORS Filter
ERROR - 2025-05-27 12:52:08 --> Origin: http://localhost:4200
ERROR - 2025-05-27 12:52:08 --> CORS Filter
ERROR - 2025-05-27 12:52:08 --> Origin: http://localhost:4200
ERROR - 2025-05-27 12:52:08 --> CORS Filter
ERROR - 2025-05-27 12:52:08 --> Origin: http://localhost:4200
ERROR - 2025-05-27 12:52:09 --> CORS Filter
ERROR - 2025-05-27 12:52:09 --> Origin: http://localhost:4200
ERROR - 2025-05-27 12:52:10 --> CORS Filter
ERROR - 2025-05-27 12:52:10 --> Origin: http://localhost:4200
ERROR - 2025-05-27 12:52:10 --> CORS Filter
ERROR - 2025-05-27 12:52:10 --> Origin: http://localhost:4200
ERROR - 2025-05-27 12:53:30 --> CORS Filter
ERROR - 2025-05-27 12:53:30 --> Origin: http://localhost:4200
ERROR - 2025-05-27 12:53:31 --> CORS Filter
ERROR - 2025-05-27 12:53:31 --> Origin: http://localhost:4200
ERROR - 2025-05-27 12:53:31 --> CORS Filter
ERROR - 2025-05-27 12:53:31 --> Origin: http://localhost:4200
ERROR - 2025-05-27 12:53:31 --> CORS Filter
ERROR - 2025-05-27 12:53:31 --> Origin: http://localhost:4200
ERROR - 2025-05-27 12:53:36 --> CORS Filter
ERROR - 2025-05-27 12:53:36 --> Origin: http://localhost:4200
ERROR - 2025-05-27 12:53:36 --> CORS Filter
ERROR - 2025-05-27 12:53:36 --> Origin: http://localhost:4200
ERROR - 2025-05-27 12:53:36 --> CORS Filter
ERROR - 2025-05-27 12:53:36 --> Origin: http://localhost:4200
ERROR - 2025-05-27 12:53:47 --> CORS Filter
ERROR - 2025-05-27 12:53:47 --> Origin: http://localhost:4200
ERROR - 2025-05-27 12:53:47 --> CORS Filter
ERROR - 2025-05-27 12:53:47 --> Origin: http://localhost:4200
ERROR - 2025-05-27 12:53:47 --> CORS Filter
ERROR - 2025-05-27 12:53:47 --> Origin: http://localhost:4200
ERROR - 2025-05-27 12:53:48 --> CORS Filter
ERROR - 2025-05-27 12:53:48 --> Origin: http://localhost:4200
ERROR - 2025-05-27 13:03:18 --> CORS Filter
ERROR - 2025-05-27 13:03:18 --> Origin: http://localhost:4200
ERROR - 2025-05-27 13:03:18 --> CORS Filter
ERROR - 2025-05-27 13:03:18 --> Origin: http://localhost:4200
ERROR - 2025-05-27 13:03:18 --> CORS Filter
ERROR - 2025-05-27 13:03:18 --> Origin: http://localhost:4200
ERROR - 2025-05-27 13:03:18 --> CORS Filter
ERROR - 2025-05-27 13:03:18 --> Origin: http://localhost:4200
ERROR - 2025-05-27 13:03:19 --> CORS Filter
ERROR - 2025-05-27 13:03:19 --> Origin: http://localhost:4200
ERROR - 2025-05-27 13:03:19 --> CORS Filter
ERROR - 2025-05-27 13:03:19 --> Origin: http://localhost:4200
ERROR - 2025-05-27 13:20:28 --> CORS Filter
ERROR - 2025-05-27 13:20:28 --> Origin: http://localhost:4200
ERROR - 2025-05-27 13:20:28 --> CORS Filter
ERROR - 2025-05-27 13:20:28 --> Origin: http://localhost:4200
ERROR - 2025-05-27 13:20:30 --> CORS Filter
ERROR - 2025-05-27 13:20:30 --> Origin: http://localhost:4200
ERROR - 2025-05-27 13:20:30 --> CORS Filter
ERROR - 2025-05-27 13:20:30 --> Origin: http://localhost:4200
