ERROR - 2025-12-03 04:19:04 --> CORS Filter
ERROR - 2025-12-03 04:19:04 --> Origin: http://localhost:4200
ERROR - 2025-12-03 04:19:05 --> CORS Filter
ERROR - 2025-12-03 04:19:05 --> Origin: http://localhost:4200
ERROR - 2025-12-03 04:21:37 --> CORS Filter
ERROR - 2025-12-03 04:21:37 --> Origin: http://localhost:4200
ERROR - 2025-12-03 04:21:38 --> CORS Filter
ERROR - 2025-12-03 04:21:38 --> Origin: http://localhost:4200
ERROR - 2025-12-03 04:45:10 --> CORS Filter
ERROR - 2025-12-03 04:45:10 --> Origin: http://localhost:4200
ERROR - 2025-12-03 04:45:10 --> CORS Filter
ERROR - 2025-12-03 04:45:10 --> Origin: http://localhost:4200
ERROR - 2025-12-03 04:49:02 --> CORS Filter
ERROR - 2025-12-03 04:49:02 --> Origin: http://localhost:4200
ERROR - 2025-12-03 04:49:02 --> CORS Filter
ERROR - 2025-12-03 04:49:02 --> Origin: http://localhost:4200
ERROR - 2025-12-03 04:52:44 --> CORS Filter
ERROR - 2025-12-03 04:52:44 --> Origin: http://localhost:4200
ERROR - 2025-12-03 04:52:44 --> CORS Filter
ERROR - 2025-12-03 04:52:44 --> Origin: http://localhost:4200
ERROR - 2025-12-03 04:54:24 --> CORS Filter
ERROR - 2025-12-03 04:54:24 --> Origin: http://localhost:4200
ERROR - 2025-12-03 04:54:24 --> CORS Filter
ERROR - 2025-12-03 04:54:24 --> Origin: http://localhost:4200
ERROR - 2025-12-03 05:01:15 --> CORS Filter
ERROR - 2025-12-03 05:01:15 --> Origin: http://localhost:4200
ERROR - 2025-12-03 05:01:15 --> CORS Filter
ERROR - 2025-12-03 05:01:15 --> Origin: http://localhost:4200
ERROR - 2025-12-03 05:02:53 --> CORS Filter
ERROR - 2025-12-03 05:02:53 --> Origin: http://localhost:4200
ERROR - 2025-12-03 05:02:54 --> CORS Filter
ERROR - 2025-12-03 05:02:54 --> Origin: http://localhost:4200
ERROR - 2025-12-03 05:04:43 --> CORS Filter
ERROR - 2025-12-03 05:04:43 --> Origin: http://localhost:4200
ERROR - 2025-12-03 05:04:43 --> CORS Filter
ERROR - 2025-12-03 05:04:43 --> Origin: http://localhost:4200
ERROR - 2025-12-03 05:07:58 --> CORS Filter
ERROR - 2025-12-03 05:07:58 --> Origin: http://localhost:4200
ERROR - 2025-12-03 05:07:58 --> CORS Filter
ERROR - 2025-12-03 05:07:58 --> Origin: http://localhost:4200
ERROR - 2025-12-03 05:29:07 --> CORS Filter
ERROR - 2025-12-03 05:29:07 --> Origin: http://localhost:4200
ERROR - 2025-12-03 05:29:07 --> CORS Filter
ERROR - 2025-12-03 05:29:07 --> Origin: http://localhost:4200
ERROR - 2025-12-03 05:30:25 --> CORS Filter
ERROR - 2025-12-03 05:30:25 --> Origin: http://localhost:4200
ERROR - 2025-12-03 05:30:25 --> CORS Filter
ERROR - 2025-12-03 05:30:25 --> Origin: http://localhost:4200
ERROR - 2025-12-03 05:31:16 --> CORS Filter
ERROR - 2025-12-03 05:31:16 --> Origin: http://localhost:4200
ERROR - 2025-12-03 05:31:17 --> CORS Filter
ERROR - 2025-12-03 05:31:17 --> Origin: http://localhost:4200
ERROR - 2025-12-03 05:31:26 --> CORS Filter
ERROR - 2025-12-03 05:31:26 --> Origin: http://localhost:4200
ERROR - 2025-12-03 05:31:26 --> CORS Filter
ERROR - 2025-12-03 05:31:26 --> Origin: http://localhost:4200
ERROR - 2025-12-03 05:31:53 --> CORS Filter
ERROR - 2025-12-03 05:31:53 --> Origin: http://localhost:4200
ERROR - 2025-12-03 05:31:54 --> CORS Filter
ERROR - 2025-12-03 05:31:54 --> Origin: http://localhost:4200
ERROR - 2025-12-03 05:32:32 --> CORS Filter
ERROR - 2025-12-03 05:32:32 --> Origin: http://localhost:4200
ERROR - 2025-12-03 05:32:32 --> CORS Filter
ERROR - 2025-12-03 05:32:32 --> Origin: http://localhost:4200
ERROR - 2025-12-03 05:36:52 --> CORS Filter
ERROR - 2025-12-03 05:36:52 --> Origin: http://localhost:4200
ERROR - 2025-12-03 05:36:52 --> CORS Filter
ERROR - 2025-12-03 05:36:52 --> Origin: http://localhost:4200
ERROR - 2025-12-03 05:37:31 --> CORS Filter
ERROR - 2025-12-03 05:37:31 --> Origin: http://localhost:4200
ERROR - 2025-12-03 05:37:31 --> CORS Filter
ERROR - 2025-12-03 05:37:31 --> Origin: http://localhost:4200
ERROR - 2025-12-03 05:37:32 --> mysqli_sql_exception: Column 'gender' cannot be null in C:\xampp\htdocs\exiaa-material-api\vendor\codeigniter4\framework\system\Database\MySQLi\Connection.php:312
Stack trace:
#0 C:\xampp\htdocs\exiaa-material-api\vendor\codeigniter4\framework\system\Database\MySQLi\Connection.php(312): mysqli->query('INSERT INTO `ca...', 0)
#1 C:\xampp\htdocs\exiaa-material-api\vendor\codeigniter4\framework\system\Database\BaseConnection.php(734): CodeIgniter\Database\MySQLi\Connection->execute('INSERT INTO `ca...')
#2 C:\xampp\htdocs\exiaa-material-api\vendor\codeigniter4\framework\system\Database\BaseConnection.php(648): CodeIgniter\Database\BaseConnection->simpleQuery('INSERT INTO `ca...')
#3 C:\xampp\htdocs\exiaa-material-api\vendor\codeigniter4\framework\system\Database\BaseBuilder.php(2340): CodeIgniter\Database\BaseConnection->query('INSERT INTO `ca...', Array, false)
#4 C:\xampp\htdocs\exiaa-material-api\vendor\codeigniter4\framework\system\Model.php(394): CodeIgniter\Database\BaseBuilder->insert()
#5 C:\xampp\htdocs\exiaa-material-api\vendor\codeigniter4\framework\system\BaseModel.php(839): CodeIgniter\Model->doInsert(Array)
#6 C:\xampp\htdocs\exiaa-material-api\vendor\codeigniter4\framework\system\Model.php(800): CodeIgniter\BaseModel->insert(Array, true)
#7 C:\xampp\htdocs\exiaa-material-api\app\Controllers\Communitee.php(77): CodeIgniter\Model->insert(Array)
#8 C:\xampp\htdocs\exiaa-material-api\vendor\codeigniter4\framework\system\CodeIgniter.php(933): App\Controllers\Communitee->adduser()
#9 C:\xampp\htdocs\exiaa-material-api\vendor\codeigniter4\framework\system\CodeIgniter.php(509): CodeIgniter\CodeIgniter->runController(Object(App\Controllers\Communitee))
#10 C:\xampp\htdocs\exiaa-material-api\vendor\codeigniter4\framework\system\CodeIgniter.php(355): CodeIgniter\CodeIgniter->handleRequest(NULL, Object(Config\Cache), false)
#11 C:\xampp\htdocs\exiaa-material-api\vendor\codeigniter4\framework\system\Boot.php(334): CodeIgniter\CodeIgniter->run()
#12 C:\xampp\htdocs\exiaa-material-api\vendor\codeigniter4\framework\system\Boot.php(67): CodeIgniter\Boot::runCodeIgniter(Object(CodeIgniter\CodeIgniter))
#13 C:\xampp\htdocs\exiaa-material-api\public\index.php(56): CodeIgniter\Boot::bootWeb(Object(Config\Paths))
#14 C:\xampp\htdocs\exiaa-material-api\vendor\codeigniter4\framework\system\rewrite.php(44): require_once('C:\\xampp\\htdocs...')
#15 {main}
CRITICAL - 2025-12-03 05:37:32 --> CodeIgniter\Database\Exceptions\DatabaseException: Column 'gender' cannot be null
[Method: POST, Route: webapi/communitee/adduser]
in SYSTEMPATH\Database\BaseConnection.php on line 688.
 1 SYSTEMPATH\Database\BaseBuilder.php(2340): CodeIgniter\Database\BaseConnection->query('INSERT INTO `candidate_mst` (`userId`, `mobileNo`, `email`, `userType`, `gender`, `isActive`, `isDeleted`, `createdDate`, `modifiedDate`) VALUES (:userId:, :mobileNo:, :email:, :userType:, :gender:, :isActive:, :isDeleted:, :createdDate:, :modifiedDate:)', [...], false)
 2 SYSTEMPATH\Model.php(394): CodeIgniter\Database\BaseBuilder->insert()
 3 SYSTEMPATH\BaseModel.php(839): CodeIgniter\Model->doInsert([...])
 4 SYSTEMPATH\Model.php(800): CodeIgniter\BaseModel->insert([...], true)
 5 APPPATH\Controllers\Communitee.php(77): CodeIgniter\Model->insert([...])
 6 SYSTEMPATH\CodeIgniter.php(933): App\Controllers\Communitee->adduser()
 7 SYSTEMPATH\CodeIgniter.php(509): CodeIgniter\CodeIgniter->runController(Object(App\Controllers\Communitee))
 8 SYSTEMPATH\CodeIgniter.php(355): CodeIgniter\CodeIgniter->handleRequest(null, Object(Config\Cache), false)
 9 SYSTEMPATH\Boot.php(334): CodeIgniter\CodeIgniter->run()
10 SYSTEMPATH\Boot.php(67): CodeIgniter\Boot::runCodeIgniter(Object(CodeIgniter\CodeIgniter))
11 FCPATH\index.php(56): CodeIgniter\Boot::bootWeb(Object(Config\Paths))
12 SYSTEMPATH\rewrite.php(44): require_once('C:\\xampp\\htdocs\\exiaa-material-api\\public\\index.php')
CRITICAL - 2025-12-03 05:37:32 --> [Caused by] CodeIgniter\Database\Exceptions\DatabaseException: Column 'gender' cannot be null
in SYSTEMPATH\Database\MySQLi\Connection.php on line 317.
 1 SYSTEMPATH\Database\BaseConnection.php(734): CodeIgniter\Database\MySQLi\Connection->execute('INSERT INTO `candidate_mst` (`userId`, `mobileNo`, `email`, `userType`, `gender`, `isActive`, `isDeleted`, `createdDate`, `modifiedDate`) VALUES (4, \'5555555555\', \'gd@gmail.com\', \'My Son\', NULL, 1, 0, \'2025-12-03 05:37:32\', \'2025-12-03 05:37:32\')')
 2 SYSTEMPATH\Database\BaseConnection.php(648): CodeIgniter\Database\BaseConnection->simpleQuery('INSERT INTO `candidate_mst` (`userId`, `mobileNo`, `email`, `userType`, `gender`, `isActive`, `isDeleted`, `createdDate`, `modifiedDate`) VALUES (4, \'5555555555\', \'gd@gmail.com\', \'My Son\', NULL, 1, 0, \'2025-12-03 05:37:32\', \'2025-12-03 05:37:32\')')
 3 SYSTEMPATH\Database\BaseBuilder.php(2340): CodeIgniter\Database\BaseConnection->query('INSERT INTO `candidate_mst` (`userId`, `mobileNo`, `email`, `userType`, `gender`, `isActive`, `isDeleted`, `createdDate`, `modifiedDate`) VALUES (:userId:, :mobileNo:, :email:, :userType:, :gender:, :isActive:, :isDeleted:, :createdDate:, :modifiedDate:)', [...], false)
 4 SYSTEMPATH\Model.php(394): CodeIgniter\Database\BaseBuilder->insert()
 5 SYSTEMPATH\BaseModel.php(839): CodeIgniter\Model->doInsert([...])
 6 SYSTEMPATH\Model.php(800): CodeIgniter\BaseModel->insert([...], true)
 7 APPPATH\Controllers\Communitee.php(77): CodeIgniter\Model->insert([...])
 8 SYSTEMPATH\CodeIgniter.php(933): App\Controllers\Communitee->adduser()
 9 SYSTEMPATH\CodeIgniter.php(509): CodeIgniter\CodeIgniter->runController(Object(App\Controllers\Communitee))
10 SYSTEMPATH\CodeIgniter.php(355): CodeIgniter\CodeIgniter->handleRequest(null, Object(Config\Cache), false)
11 SYSTEMPATH\Boot.php(334): CodeIgniter\CodeIgniter->run()
12 SYSTEMPATH\Boot.php(67): CodeIgniter\Boot::runCodeIgniter(Object(CodeIgniter\CodeIgniter))
13 FCPATH\index.php(56): CodeIgniter\Boot::bootWeb(Object(Config\Paths))
14 SYSTEMPATH\rewrite.php(44): require_once('C:\\xampp\\htdocs\\exiaa-material-api\\public\\index.php')
CRITICAL - 2025-12-03 05:37:32 --> [Caused by] mysqli_sql_exception: Column 'gender' cannot be null
in SYSTEMPATH\Database\MySQLi\Connection.php on line 312.
 1 SYSTEMPATH\Database\MySQLi\Connection.php(312): mysqli->query('INSERT INTO `candidate_mst` (`userId`, `mobileNo`, `email`, `userType`, `gender`, `isActive`, `isDeleted`, `createdDate`, `modifiedDate`) VALUES (4, \'5555555555\', \'gd@gmail.com\', \'My Son\', NULL, 1, 0, \'2025-12-03 05:37:32\', \'2025-12-03 05:37:32\')', 0)
 2 SYSTEMPATH\Database\BaseConnection.php(734): CodeIgniter\Database\MySQLi\Connection->execute('INSERT INTO `candidate_mst` (`userId`, `mobileNo`, `email`, `userType`, `gender`, `isActive`, `isDeleted`, `createdDate`, `modifiedDate`) VALUES (4, \'5555555555\', \'gd@gmail.com\', \'My Son\', NULL, 1, 0, \'2025-12-03 05:37:32\', \'2025-12-03 05:37:32\')')
 3 SYSTEMPATH\Database\BaseConnection.php(648): CodeIgniter\Database\BaseConnection->simpleQuery('INSERT INTO `candidate_mst` (`userId`, `mobileNo`, `email`, `userType`, `gender`, `isActive`, `isDeleted`, `createdDate`, `modifiedDate`) VALUES (4, \'5555555555\', \'gd@gmail.com\', \'My Son\', NULL, 1, 0, \'2025-12-03 05:37:32\', \'2025-12-03 05:37:32\')')
 4 SYSTEMPATH\Database\BaseBuilder.php(2340): CodeIgniter\Database\BaseConnection->query('INSERT INTO `candidate_mst` (`userId`, `mobileNo`, `email`, `userType`, `gender`, `isActive`, `isDeleted`, `createdDate`, `modifiedDate`) VALUES (:userId:, :mobileNo:, :email:, :userType:, :gender:, :isActive:, :isDeleted:, :createdDate:, :modifiedDate:)', [...], false)
 5 SYSTEMPATH\Model.php(394): CodeIgniter\Database\BaseBuilder->insert()
 6 SYSTEMPATH\BaseModel.php(839): CodeIgniter\Model->doInsert([...])
 7 SYSTEMPATH\Model.php(800): CodeIgniter\BaseModel->insert([...], true)
 8 APPPATH\Controllers\Communitee.php(77): CodeIgniter\Model->insert([...])
 9 SYSTEMPATH\CodeIgniter.php(933): App\Controllers\Communitee->adduser()
10 SYSTEMPATH\CodeIgniter.php(509): CodeIgniter\CodeIgniter->runController(Object(App\Controllers\Communitee))
11 SYSTEMPATH\CodeIgniter.php(355): CodeIgniter\CodeIgniter->handleRequest(null, Object(Config\Cache), false)
12 SYSTEMPATH\Boot.php(334): CodeIgniter\CodeIgniter->run()
13 SYSTEMPATH\Boot.php(67): CodeIgniter\Boot::runCodeIgniter(Object(CodeIgniter\CodeIgniter))
14 FCPATH\index.php(56): CodeIgniter\Boot::bootWeb(Object(Config\Paths))
15 SYSTEMPATH\rewrite.php(44): require_once('C:\\xampp\\htdocs\\exiaa-material-api\\public\\index.php')
ERROR - 2025-12-03 05:40:06 --> CORS Filter
ERROR - 2025-12-03 05:40:06 --> Origin: http://localhost:4200
ERROR - 2025-12-03 05:40:06 --> CORS Filter
ERROR - 2025-12-03 05:40:06 --> Origin: http://localhost:4200
ERROR - 2025-12-03 05:40:07 --> mysqli_sql_exception: Column 'gender' cannot be null in C:\xampp\htdocs\exiaa-material-api\vendor\codeigniter4\framework\system\Database\MySQLi\Connection.php:312
Stack trace:
#0 C:\xampp\htdocs\exiaa-material-api\vendor\codeigniter4\framework\system\Database\MySQLi\Connection.php(312): mysqli->query('INSERT INTO `ca...', 0)
#1 C:\xampp\htdocs\exiaa-material-api\vendor\codeigniter4\framework\system\Database\BaseConnection.php(734): CodeIgniter\Database\MySQLi\Connection->execute('INSERT INTO `ca...')
#2 C:\xampp\htdocs\exiaa-material-api\vendor\codeigniter4\framework\system\Database\BaseConnection.php(648): CodeIgniter\Database\BaseConnection->simpleQuery('INSERT INTO `ca...')
#3 C:\xampp\htdocs\exiaa-material-api\vendor\codeigniter4\framework\system\Database\BaseBuilder.php(2340): CodeIgniter\Database\BaseConnection->query('INSERT INTO `ca...', Array, false)
#4 C:\xampp\htdocs\exiaa-material-api\vendor\codeigniter4\framework\system\Model.php(394): CodeIgniter\Database\BaseBuilder->insert()
#5 C:\xampp\htdocs\exiaa-material-api\vendor\codeigniter4\framework\system\BaseModel.php(839): CodeIgniter\Model->doInsert(Array)
#6 C:\xampp\htdocs\exiaa-material-api\vendor\codeigniter4\framework\system\Model.php(800): CodeIgniter\BaseModel->insert(Array, true)
#7 C:\xampp\htdocs\exiaa-material-api\app\Controllers\Communitee.php(80): CodeIgniter\Model->insert(Array)
#8 C:\xampp\htdocs\exiaa-material-api\vendor\codeigniter4\framework\system\CodeIgniter.php(933): App\Controllers\Communitee->adduser()
#9 C:\xampp\htdocs\exiaa-material-api\vendor\codeigniter4\framework\system\CodeIgniter.php(509): CodeIgniter\CodeIgniter->runController(Object(App\Controllers\Communitee))
#10 C:\xampp\htdocs\exiaa-material-api\vendor\codeigniter4\framework\system\CodeIgniter.php(355): CodeIgniter\CodeIgniter->handleRequest(NULL, Object(Config\Cache), false)
#11 C:\xampp\htdocs\exiaa-material-api\vendor\codeigniter4\framework\system\Boot.php(334): CodeIgniter\CodeIgniter->run()
#12 C:\xampp\htdocs\exiaa-material-api\vendor\codeigniter4\framework\system\Boot.php(67): CodeIgniter\Boot::runCodeIgniter(Object(CodeIgniter\CodeIgniter))
#13 C:\xampp\htdocs\exiaa-material-api\public\index.php(56): CodeIgniter\Boot::bootWeb(Object(Config\Paths))
#14 C:\xampp\htdocs\exiaa-material-api\vendor\codeigniter4\framework\system\rewrite.php(44): require_once('C:\\xampp\\htdocs...')
#15 {main}
CRITICAL - 2025-12-03 05:40:07 --> CodeIgniter\Database\Exceptions\DatabaseException: Column 'gender' cannot be null
[Method: POST, Route: webapi/communitee/adduser]
in SYSTEMPATH\Database\BaseConnection.php on line 688.
 1 SYSTEMPATH\Database\BaseBuilder.php(2340): CodeIgniter\Database\BaseConnection->query('INSERT INTO `candidate_mst` (`userId`, `mobileNo`, `email`, `userType`, `gender`, `isActive`, `isDeleted`, `createdDate`, `modifiedDate`) VALUES (:userId:, :mobileNo:, :email:, :userType:, :gender:, :isActive:, :isDeleted:, :createdDate:, :modifiedDate:)', [...], false)
 2 SYSTEMPATH\Model.php(394): CodeIgniter\Database\BaseBuilder->insert()
 3 SYSTEMPATH\BaseModel.php(839): CodeIgniter\Model->doInsert([...])
 4 SYSTEMPATH\Model.php(800): CodeIgniter\BaseModel->insert([...], true)
 5 APPPATH\Controllers\Communitee.php(80): CodeIgniter\Model->insert([...])
 6 SYSTEMPATH\CodeIgniter.php(933): App\Controllers\Communitee->adduser()
 7 SYSTEMPATH\CodeIgniter.php(509): CodeIgniter\CodeIgniter->runController(Object(App\Controllers\Communitee))
 8 SYSTEMPATH\CodeIgniter.php(355): CodeIgniter\CodeIgniter->handleRequest(null, Object(Config\Cache), false)
 9 SYSTEMPATH\Boot.php(334): CodeIgniter\CodeIgniter->run()
10 SYSTEMPATH\Boot.php(67): CodeIgniter\Boot::runCodeIgniter(Object(CodeIgniter\CodeIgniter))
11 FCPATH\index.php(56): CodeIgniter\Boot::bootWeb(Object(Config\Paths))
12 SYSTEMPATH\rewrite.php(44): require_once('C:\\xampp\\htdocs\\exiaa-material-api\\public\\index.php')
CRITICAL - 2025-12-03 05:40:07 --> [Caused by] CodeIgniter\Database\Exceptions\DatabaseException: Column 'gender' cannot be null
in SYSTEMPATH\Database\MySQLi\Connection.php on line 317.
 1 SYSTEMPATH\Database\BaseConnection.php(734): CodeIgniter\Database\MySQLi\Connection->execute('INSERT INTO `candidate_mst` (`userId`, `mobileNo`, `email`, `userType`, `gender`, `isActive`, `isDeleted`, `createdDate`, `modifiedDate`) VALUES (5, \'5555555555\', \'gd@gmail.com\', \'My Son\', NULL, 1, 0, \'2025-12-03 05:40:07\', \'2025-12-03 05:40:07\')')
 2 SYSTEMPATH\Database\BaseConnection.php(648): CodeIgniter\Database\BaseConnection->simpleQuery('INSERT INTO `candidate_mst` (`userId`, `mobileNo`, `email`, `userType`, `gender`, `isActive`, `isDeleted`, `createdDate`, `modifiedDate`) VALUES (5, \'5555555555\', \'gd@gmail.com\', \'My Son\', NULL, 1, 0, \'2025-12-03 05:40:07\', \'2025-12-03 05:40:07\')')
 3 SYSTEMPATH\Database\BaseBuilder.php(2340): CodeIgniter\Database\BaseConnection->query('INSERT INTO `candidate_mst` (`userId`, `mobileNo`, `email`, `userType`, `gender`, `isActive`, `isDeleted`, `createdDate`, `modifiedDate`) VALUES (:userId:, :mobileNo:, :email:, :userType:, :gender:, :isActive:, :isDeleted:, :createdDate:, :modifiedDate:)', [...], false)
 4 SYSTEMPATH\Model.php(394): CodeIgniter\Database\BaseBuilder->insert()
 5 SYSTEMPATH\BaseModel.php(839): CodeIgniter\Model->doInsert([...])
 6 SYSTEMPATH\Model.php(800): CodeIgniter\BaseModel->insert([...], true)
 7 APPPATH\Controllers\Communitee.php(80): CodeIgniter\Model->insert([...])
 8 SYSTEMPATH\CodeIgniter.php(933): App\Controllers\Communitee->adduser()
 9 SYSTEMPATH\CodeIgniter.php(509): CodeIgniter\CodeIgniter->runController(Object(App\Controllers\Communitee))
10 SYSTEMPATH\CodeIgniter.php(355): CodeIgniter\CodeIgniter->handleRequest(null, Object(Config\Cache), false)
11 SYSTEMPATH\Boot.php(334): CodeIgniter\CodeIgniter->run()
12 SYSTEMPATH\Boot.php(67): CodeIgniter\Boot::runCodeIgniter(Object(CodeIgniter\CodeIgniter))
13 FCPATH\index.php(56): CodeIgniter\Boot::bootWeb(Object(Config\Paths))
14 SYSTEMPATH\rewrite.php(44): require_once('C:\\xampp\\htdocs\\exiaa-material-api\\public\\index.php')
CRITICAL - 2025-12-03 05:40:07 --> [Caused by] mysqli_sql_exception: Column 'gender' cannot be null
in SYSTEMPATH\Database\MySQLi\Connection.php on line 312.
 1 SYSTEMPATH\Database\MySQLi\Connection.php(312): mysqli->query('INSERT INTO `candidate_mst` (`userId`, `mobileNo`, `email`, `userType`, `gender`, `isActive`, `isDeleted`, `createdDate`, `modifiedDate`) VALUES (5, \'5555555555\', \'gd@gmail.com\', \'My Son\', NULL, 1, 0, \'2025-12-03 05:40:07\', \'2025-12-03 05:40:07\')', 0)
 2 SYSTEMPATH\Database\BaseConnection.php(734): CodeIgniter\Database\MySQLi\Connection->execute('INSERT INTO `candidate_mst` (`userId`, `mobileNo`, `email`, `userType`, `gender`, `isActive`, `isDeleted`, `createdDate`, `modifiedDate`) VALUES (5, \'5555555555\', \'gd@gmail.com\', \'My Son\', NULL, 1, 0, \'2025-12-03 05:40:07\', \'2025-12-03 05:40:07\')')
 3 SYSTEMPATH\Database\BaseConnection.php(648): CodeIgniter\Database\BaseConnection->simpleQuery('INSERT INTO `candidate_mst` (`userId`, `mobileNo`, `email`, `userType`, `gender`, `isActive`, `isDeleted`, `createdDate`, `modifiedDate`) VALUES (5, \'5555555555\', \'gd@gmail.com\', \'My Son\', NULL, 1, 0, \'2025-12-03 05:40:07\', \'2025-12-03 05:40:07\')')
 4 SYSTEMPATH\Database\BaseBuilder.php(2340): CodeIgniter\Database\BaseConnection->query('INSERT INTO `candidate_mst` (`userId`, `mobileNo`, `email`, `userType`, `gender`, `isActive`, `isDeleted`, `createdDate`, `modifiedDate`) VALUES (:userId:, :mobileNo:, :email:, :userType:, :gender:, :isActive:, :isDeleted:, :createdDate:, :modifiedDate:)', [...], false)
 5 SYSTEMPATH\Model.php(394): CodeIgniter\Database\BaseBuilder->insert()
 6 SYSTEMPATH\BaseModel.php(839): CodeIgniter\Model->doInsert([...])
 7 SYSTEMPATH\Model.php(800): CodeIgniter\BaseModel->insert([...], true)
 8 APPPATH\Controllers\Communitee.php(80): CodeIgniter\Model->insert([...])
 9 SYSTEMPATH\CodeIgniter.php(933): App\Controllers\Communitee->adduser()
10 SYSTEMPATH\CodeIgniter.php(509): CodeIgniter\CodeIgniter->runController(Object(App\Controllers\Communitee))
11 SYSTEMPATH\CodeIgniter.php(355): CodeIgniter\CodeIgniter->handleRequest(null, Object(Config\Cache), false)
12 SYSTEMPATH\Boot.php(334): CodeIgniter\CodeIgniter->run()
13 SYSTEMPATH\Boot.php(67): CodeIgniter\Boot::runCodeIgniter(Object(CodeIgniter\CodeIgniter))
14 FCPATH\index.php(56): CodeIgniter\Boot::bootWeb(Object(Config\Paths))
15 SYSTEMPATH\rewrite.php(44): require_once('C:\\xampp\\htdocs\\exiaa-material-api\\public\\index.php')
ERROR - 2025-12-03 05:40:42 --> CORS Filter
ERROR - 2025-12-03 05:40:42 --> Origin: http://localhost:4200
ERROR - 2025-12-03 05:40:42 --> CORS Filter
ERROR - 2025-12-03 05:40:42 --> Origin: http://localhost:4200
ERROR - 2025-12-03 05:41:30 --> CORS Filter
ERROR - 2025-12-03 05:41:30 --> Origin: http://localhost:4200
ERROR - 2025-12-03 05:41:30 --> CORS Filter
ERROR - 2025-12-03 05:41:30 --> Origin: http://localhost:4200
ERROR - 2025-12-03 05:42:08 --> CORS Filter
ERROR - 2025-12-03 05:42:08 --> Origin: http://localhost:4200
ERROR - 2025-12-03 05:42:09 --> CORS Filter
ERROR - 2025-12-03 05:42:09 --> Origin: http://localhost:4200
ERROR - 2025-12-03 05:42:37 --> CORS Filter
ERROR - 2025-12-03 05:42:37 --> Origin: http://localhost:4200
ERROR - 2025-12-03 05:42:38 --> CORS Filter
ERROR - 2025-12-03 05:42:38 --> Origin: http://localhost:4200
ERROR - 2025-12-03 05:43:27 --> CORS Filter
ERROR - 2025-12-03 05:43:27 --> Origin: http://localhost:4200
ERROR - 2025-12-03 05:43:27 --> CORS Filter
ERROR - 2025-12-03 05:43:27 --> Origin: http://localhost:4200
ERROR - 2025-12-03 06:40:01 --> CORS Filter
ERROR - 2025-12-03 06:40:01 --> Origin: http://localhost:4200
ERROR - 2025-12-03 06:40:01 --> CORS Filter
ERROR - 2025-12-03 06:40:01 --> Origin: http://localhost:4200
ERROR - 2025-12-03 06:41:57 --> CORS Filter
ERROR - 2025-12-03 06:41:57 --> Origin: http://localhost:4200
ERROR - 2025-12-03 06:41:57 --> CORS Filter
ERROR - 2025-12-03 06:41:57 --> Origin: http://localhost:4200
ERROR - 2025-12-03 07:06:09 --> CORS Filter
ERROR - 2025-12-03 07:06:09 --> Origin: http://localhost:4200
ERROR - 2025-12-03 07:06:10 --> CORS Filter
ERROR - 2025-12-03 07:06:10 --> Origin: http://localhost:4200
ERROR - 2025-12-03 07:06:26 --> CORS Filter
ERROR - 2025-12-03 07:06:26 --> Origin: http://localhost:4200
ERROR - 2025-12-03 07:06:26 --> CORS Filter
ERROR - 2025-12-03 07:06:26 --> Origin: http://localhost:4200
ERROR - 2025-12-03 07:06:49 --> CORS Filter
ERROR - 2025-12-03 07:06:49 --> Origin: http://localhost:4200
ERROR - 2025-12-03 07:06:50 --> CORS Filter
ERROR - 2025-12-03 07:06:50 --> Origin: http://localhost:4200
ERROR - 2025-12-03 07:08:41 --> CORS Filter
ERROR - 2025-12-03 07:08:41 --> Origin: http://localhost:4200
ERROR - 2025-12-03 07:08:41 --> CORS Filter
ERROR - 2025-12-03 07:08:41 --> Origin: http://localhost:4200
ERROR - 2025-12-03 07:08:56 --> CORS Filter
ERROR - 2025-12-03 07:08:56 --> Origin: http://localhost:4200
ERROR - 2025-12-03 07:08:56 --> CORS Filter
ERROR - 2025-12-03 07:08:56 --> Origin: http://localhost:4200
ERROR - 2025-12-03 07:09:55 --> CORS Filter
ERROR - 2025-12-03 07:09:55 --> Origin: http://localhost:4200
ERROR - 2025-12-03 07:09:55 --> CORS Filter
ERROR - 2025-12-03 07:09:55 --> Origin: http://localhost:4200
ERROR - 2025-12-03 07:13:37 --> CORS Filter
ERROR - 2025-12-03 07:13:37 --> Origin: http://localhost:4200
ERROR - 2025-12-03 07:13:37 --> CORS Filter
ERROR - 2025-12-03 07:13:37 --> Origin: http://localhost:4200
ERROR - 2025-12-03 07:14:44 --> CORS Filter
ERROR - 2025-12-03 07:14:44 --> Origin: http://localhost:4200
ERROR - 2025-12-03 07:14:44 --> CORS Filter
ERROR - 2025-12-03 07:14:44 --> Origin: http://localhost:4200
ERROR - 2025-12-03 07:14:58 --> CORS Filter
ERROR - 2025-12-03 07:14:58 --> Origin: http://localhost:4200
ERROR - 2025-12-03 07:14:58 --> CORS Filter
ERROR - 2025-12-03 07:14:58 --> Origin: http://localhost:4200
ERROR - 2025-12-03 07:16:01 --> CORS Filter
ERROR - 2025-12-03 07:16:01 --> Origin: http://localhost:4200
ERROR - 2025-12-03 07:16:02 --> CORS Filter
ERROR - 2025-12-03 07:16:02 --> Origin: http://localhost:4200
ERROR - 2025-12-03 07:16:06 --> CORS Filter
ERROR - 2025-12-03 07:16:06 --> Origin: http://localhost:4200
ERROR - 2025-12-03 08:23:57 --> CORS Filter
ERROR - 2025-12-03 08:23:57 --> Origin: http://localhost:4200
ERROR - 2025-12-03 08:23:57 --> CORS Filter
ERROR - 2025-12-03 08:23:57 --> Origin: http://localhost:4200
ERROR - 2025-12-03 08:24:26 --> CORS Filter
ERROR - 2025-12-03 08:24:26 --> Origin: http://localhost:4200
ERROR - 2025-12-03 08:24:26 --> CORS Filter
ERROR - 2025-12-03 08:24:26 --> Origin: http://localhost:4200
ERROR - 2025-12-03 08:25:22 --> CORS Filter
ERROR - 2025-12-03 08:25:22 --> Origin: http://localhost:4200
ERROR - 2025-12-03 08:25:23 --> CORS Filter
ERROR - 2025-12-03 08:25:23 --> Origin: http://localhost:4200
ERROR - 2025-12-03 08:25:37 --> CORS Filter
ERROR - 2025-12-03 08:25:37 --> Origin: http://localhost:4200
ERROR - 2025-12-03 08:25:38 --> CORS Filter
ERROR - 2025-12-03 08:25:38 --> Origin: http://localhost:4200
ERROR - 2025-12-03 08:31:15 --> CORS Filter
ERROR - 2025-12-03 08:31:15 --> Origin: http://localhost:4200
ERROR - 2025-12-03 08:31:15 --> CORS Filter
ERROR - 2025-12-03 08:31:15 --> Origin: http://localhost:4200
ERROR - 2025-12-03 08:33:08 --> CORS Filter
ERROR - 2025-12-03 08:33:08 --> Origin: http://localhost:4200
ERROR - 2025-12-03 08:33:09 --> CORS Filter
ERROR - 2025-12-03 08:33:09 --> Origin: http://localhost:4200
ERROR - 2025-12-03 08:33:46 --> CORS Filter
ERROR - 2025-12-03 08:33:46 --> Origin: http://localhost:4200
ERROR - 2025-12-03 08:33:46 --> CORS Filter
ERROR - 2025-12-03 08:33:46 --> Origin: http://localhost:4200
ERROR - 2025-12-03 08:34:05 --> CORS Filter
ERROR - 2025-12-03 08:34:05 --> Origin: http://localhost:4200
ERROR - 2025-12-03 08:34:05 --> CORS Filter
ERROR - 2025-12-03 08:34:05 --> Origin: http://localhost:4200
ERROR - 2025-12-03 08:34:44 --> CORS Filter
ERROR - 2025-12-03 08:34:44 --> Origin: http://localhost:4200
ERROR - 2025-12-03 08:34:44 --> CORS Filter
ERROR - 2025-12-03 08:34:44 --> Origin: http://localhost:4200
ERROR - 2025-12-03 08:35:24 --> CORS Filter
ERROR - 2025-12-03 08:35:24 --> Origin: http://localhost:4200
ERROR - 2025-12-03 08:35:24 --> CORS Filter
ERROR - 2025-12-03 08:35:24 --> Origin: http://localhost:4200
ERROR - 2025-12-03 08:35:26 --> CORS Filter
ERROR - 2025-12-03 08:35:26 --> Origin: http://localhost:4200
ERROR - 2025-12-03 08:35:47 --> CORS Filter
ERROR - 2025-12-03 08:35:47 --> Origin: http://localhost:4200
ERROR - 2025-12-03 08:35:47 --> CORS Filter
ERROR - 2025-12-03 08:35:47 --> Origin: http://localhost:4200
ERROR - 2025-12-03 08:35:51 --> CORS Filter
ERROR - 2025-12-03 08:35:51 --> Origin: http://localhost:4200
ERROR - 2025-12-03 08:36:34 --> CORS Filter
ERROR - 2025-12-03 08:36:34 --> Origin: http://localhost:4200
ERROR - 2025-12-03 08:36:34 --> CORS Filter
ERROR - 2025-12-03 08:36:34 --> Origin: http://localhost:4200
ERROR - 2025-12-03 08:37:25 --> CORS Filter
ERROR - 2025-12-03 08:37:25 --> Origin: http://localhost:4200
ERROR - 2025-12-03 08:37:25 --> CORS Filter
ERROR - 2025-12-03 08:37:25 --> Origin: http://localhost:4200
ERROR - 2025-12-03 08:37:43 --> CORS Filter
ERROR - 2025-12-03 08:37:43 --> Origin: http://localhost:4200
ERROR - 2025-12-03 08:37:43 --> CORS Filter
ERROR - 2025-12-03 08:37:43 --> Origin: http://localhost:4200
ERROR - 2025-12-03 08:39:59 --> CORS Filter
ERROR - 2025-12-03 08:39:59 --> Origin: http://localhost:4200
ERROR - 2025-12-03 08:39:59 --> CORS Filter
ERROR - 2025-12-03 08:39:59 --> Origin: http://localhost:4200
ERROR - 2025-12-03 08:45:53 --> CORS Filter
ERROR - 2025-12-03 08:45:53 --> Origin: http://localhost:4200
ERROR - 2025-12-03 08:45:53 --> CORS Filter
ERROR - 2025-12-03 08:45:53 --> Origin: http://localhost:4200
ERROR - 2025-12-03 08:48:18 --> CORS Filter
ERROR - 2025-12-03 08:48:18 --> Origin: http://localhost:4200
ERROR - 2025-12-03 08:48:18 --> CORS Filter
ERROR - 2025-12-03 08:48:18 --> Origin: http://localhost:4200
ERROR - 2025-12-03 08:48:43 --> CORS Filter
ERROR - 2025-12-03 08:48:43 --> Origin: http://localhost:4200
ERROR - 2025-12-03 08:48:43 --> CORS Filter
ERROR - 2025-12-03 08:48:43 --> Origin: http://localhost:4200
ERROR - 2025-12-03 08:50:29 --> CORS Filter
ERROR - 2025-12-03 08:50:29 --> Origin: http://localhost:4200
ERROR - 2025-12-03 08:50:29 --> CORS Filter
ERROR - 2025-12-03 08:50:29 --> Origin: http://localhost:4200
ERROR - 2025-12-03 08:50:35 --> CORS Filter
ERROR - 2025-12-03 08:50:35 --> Origin: http://localhost:4200
ERROR - 2025-12-03 08:50:35 --> CORS Filter
ERROR - 2025-12-03 08:50:35 --> Origin: http://localhost:4200
ERROR - 2025-12-03 08:55:02 --> CORS Filter
ERROR - 2025-12-03 08:55:02 --> Origin: http://localhost:4200
ERROR - 2025-12-03 08:55:02 --> CORS Filter
ERROR - 2025-12-03 08:55:02 --> Origin: http://localhost:4200
ERROR - 2025-12-03 08:56:29 --> CORS Filter
ERROR - 2025-12-03 08:56:29 --> Origin: http://localhost:4200
ERROR - 2025-12-03 08:56:29 --> CORS Filter
ERROR - 2025-12-03 08:56:29 --> Origin: http://localhost:4200
ERROR - 2025-12-03 09:02:57 --> CORS Filter
ERROR - 2025-12-03 09:02:57 --> Origin: http://localhost:4200
ERROR - 2025-12-03 09:02:57 --> CORS Filter
ERROR - 2025-12-03 09:02:57 --> Origin: http://localhost:4200
ERROR - 2025-12-03 09:03:24 --> CORS Filter
ERROR - 2025-12-03 09:03:24 --> Origin: http://localhost:4200
ERROR - 2025-12-03 09:03:24 --> CORS Filter
ERROR - 2025-12-03 09:03:24 --> Origin: http://localhost:4200
ERROR - 2025-12-03 09:04:13 --> CORS Filter
ERROR - 2025-12-03 09:04:13 --> Origin: http://localhost:4200
ERROR - 2025-12-03 09:04:13 --> CORS Filter
ERROR - 2025-12-03 09:04:13 --> Origin: http://localhost:4200
ERROR - 2025-12-03 09:05:18 --> CORS Filter
ERROR - 2025-12-03 09:05:18 --> Origin: http://localhost:4200
ERROR - 2025-12-03 09:05:19 --> CORS Filter
ERROR - 2025-12-03 09:05:19 --> Origin: http://localhost:4200
ERROR - 2025-12-03 09:05:19 --> CORS Filter
ERROR - 2025-12-03 09:05:19 --> Origin: http://localhost:4200
ERROR - 2025-12-03 09:05:19 --> CORS Filter
ERROR - 2025-12-03 09:05:19 --> Origin: http://localhost:4200
ERROR - 2025-12-03 09:08:35 --> CORS Filter
ERROR - 2025-12-03 09:08:35 --> Origin: http://localhost:4200
ERROR - 2025-12-03 09:08:35 --> CORS Filter
ERROR - 2025-12-03 09:08:35 --> Origin: http://localhost:4200
ERROR - 2025-12-03 09:09:40 --> CORS Filter
ERROR - 2025-12-03 09:09:40 --> Origin: http://localhost:4200
ERROR - 2025-12-03 09:09:41 --> CORS Filter
ERROR - 2025-12-03 09:09:41 --> Origin: http://localhost:4200
ERROR - 2025-12-03 09:17:01 --> CORS Filter
ERROR - 2025-12-03 09:17:01 --> Origin: http://localhost:4200
ERROR - 2025-12-03 09:17:01 --> CORS Filter
ERROR - 2025-12-03 09:17:01 --> Origin: http://localhost:4200
ERROR - 2025-12-03 09:18:28 --> CORS Filter
ERROR - 2025-12-03 09:18:28 --> Origin: http://localhost:4200
ERROR - 2025-12-03 09:18:28 --> CORS Filter
ERROR - 2025-12-03 09:18:28 --> Origin: http://localhost:4200
ERROR - 2025-12-03 09:19:47 --> CORS Filter
ERROR - 2025-12-03 09:19:47 --> Origin: http://localhost:4200
ERROR - 2025-12-03 09:19:47 --> CORS Filter
ERROR - 2025-12-03 09:19:47 --> Origin: http://localhost:4200
ERROR - 2025-12-03 09:20:12 --> CORS Filter
ERROR - 2025-12-03 09:20:12 --> Origin: http://localhost:4200
ERROR - 2025-12-03 09:20:12 --> CORS Filter
ERROR - 2025-12-03 09:20:12 --> Origin: http://localhost:4200
ERROR - 2025-12-03 09:20:12 --> CORS Filter
ERROR - 2025-12-03 09:20:12 --> Origin: http://localhost:4200
ERROR - 2025-12-03 09:20:13 --> CORS Filter
ERROR - 2025-12-03 09:20:13 --> Origin: http://localhost:4200
ERROR - 2025-12-03 09:20:58 --> CORS Filter
ERROR - 2025-12-03 09:20:58 --> Origin: http://localhost:4200
ERROR - 2025-12-03 09:20:58 --> CORS Filter
ERROR - 2025-12-03 09:20:58 --> Origin: http://localhost:4200
CRITICAL - 2025-12-03 09:20:59 --> ErrorException: Undefined property: CodeIgniter\HTTP\IncomingRequest::$userId
[Method: POST, Route: webapi/communitee/addcandidate]
in APPPATH\Controllers\Communitee.php on line 115.
 1 APPPATH\Controllers\Communitee.php(115): CodeIgniter\Debug\Exceptions->errorHandler(2, 'Undefined property: CodeIgniter\\HTTP\\IncomingRequest::$userId', 'C:\\xampp\\htdocs\\exiaa-material-api\\app\\Controllers\\Communitee.php', 115)
 2 SYSTEMPATH\CodeIgniter.php(933): App\Controllers\Communitee->addCandidate()
 3 SYSTEMPATH\CodeIgniter.php(509): CodeIgniter\CodeIgniter->runController(Object(App\Controllers\Communitee))
 4 SYSTEMPATH\CodeIgniter.php(355): CodeIgniter\CodeIgniter->handleRequest(null, Object(Config\Cache), false)
 5 SYSTEMPATH\Boot.php(334): CodeIgniter\CodeIgniter->run()
 6 SYSTEMPATH\Boot.php(67): CodeIgniter\Boot::runCodeIgniter(Object(CodeIgniter\CodeIgniter))
 7 FCPATH\index.php(56): CodeIgniter\Boot::bootWeb(Object(Config\Paths))
 8 SYSTEMPATH\rewrite.php(44): require_once('C:\\xampp\\htdocs\\exiaa-material-api\\public\\index.php')
ERROR - 2025-12-03 09:21:24 --> CORS Filter
ERROR - 2025-12-03 09:21:24 --> Origin: http://localhost:4200
ERROR - 2025-12-03 09:21:24 --> CORS Filter
ERROR - 2025-12-03 09:21:24 --> Origin: http://localhost:4200
CRITICAL - 2025-12-03 09:21:24 --> ErrorException: Undefined property: CodeIgniter\HTTP\IncomingRequest::$userId
[Method: POST, Route: webapi/communitee/addcandidate]
in APPPATH\Controllers\Communitee.php on line 115.
 1 APPPATH\Controllers\Communitee.php(115): CodeIgniter\Debug\Exceptions->errorHandler(2, 'Undefined property: CodeIgniter\\HTTP\\IncomingRequest::$userId', 'C:\\xampp\\htdocs\\exiaa-material-api\\app\\Controllers\\Communitee.php', 115)
 2 SYSTEMPATH\CodeIgniter.php(933): App\Controllers\Communitee->addCandidate()
 3 SYSTEMPATH\CodeIgniter.php(509): CodeIgniter\CodeIgniter->runController(Object(App\Controllers\Communitee))
 4 SYSTEMPATH\CodeIgniter.php(355): CodeIgniter\CodeIgniter->handleRequest(null, Object(Config\Cache), false)
 5 SYSTEMPATH\Boot.php(334): CodeIgniter\CodeIgniter->run()
 6 SYSTEMPATH\Boot.php(67): CodeIgniter\Boot::runCodeIgniter(Object(CodeIgniter\CodeIgniter))
 7 FCPATH\index.php(56): CodeIgniter\Boot::bootWeb(Object(Config\Paths))
 8 SYSTEMPATH\rewrite.php(44): require_once('C:\\xampp\\htdocs\\exiaa-material-api\\public\\index.php')
ERROR - 2025-12-03 09:23:15 --> CORS Filter
ERROR - 2025-12-03 09:23:15 --> Origin: http://localhost:4200
ERROR - 2025-12-03 09:23:15 --> CORS Filter
ERROR - 2025-12-03 09:23:15 --> Origin: http://localhost:4200
ERROR - 2025-12-03 09:23:17 --> CORS Filter
ERROR - 2025-12-03 09:23:17 --> Origin: http://localhost:4200
ERROR - 2025-12-03 09:24:47 --> CORS Filter
ERROR - 2025-12-03 09:24:47 --> Origin: http://localhost:4200
ERROR - 2025-12-03 09:24:48 --> CORS Filter
ERROR - 2025-12-03 09:24:48 --> Origin: http://localhost:4200
ERROR - 2025-12-03 09:25:43 --> CORS Filter
ERROR - 2025-12-03 09:25:43 --> Origin: http://localhost:4200
ERROR - 2025-12-03 09:25:43 --> CORS Filter
ERROR - 2025-12-03 09:25:43 --> Origin: http://localhost:4200
ERROR - 2025-12-03 09:31:13 --> CORS Filter
ERROR - 2025-12-03 09:31:13 --> Origin: http://localhost:4200
ERROR - 2025-12-03 09:31:13 --> CORS Filter
ERROR - 2025-12-03 09:31:13 --> Origin: http://localhost:4200
ERROR - 2025-12-03 09:32:25 --> CORS Filter
ERROR - 2025-12-03 09:32:25 --> Origin: http://localhost:4200
ERROR - 2025-12-03 09:32:25 --> CORS Filter
ERROR - 2025-12-03 09:32:25 --> Origin: http://localhost:4200
ERROR - 2025-12-03 09:55:57 --> CORS Filter
ERROR - 2025-12-03 09:55:57 --> Origin: http://localhost:4200
ERROR - 2025-12-03 09:55:57 --> CORS Filter
ERROR - 2025-12-03 09:55:57 --> Origin: http://localhost:4200
ERROR - 2025-12-03 09:56:46 --> CORS Filter
ERROR - 2025-12-03 09:56:46 --> Origin: http://localhost:4200
ERROR - 2025-12-03 09:56:47 --> CORS Filter
ERROR - 2025-12-03 09:56:47 --> Origin: http://localhost:4200
ERROR - 2025-12-03 09:56:59 --> CORS Filter
ERROR - 2025-12-03 09:56:59 --> Origin: http://localhost:4200
ERROR - 2025-12-03 09:57:00 --> CORS Filter
ERROR - 2025-12-03 09:57:00 --> Origin: http://localhost:4200
ERROR - 2025-12-03 09:57:06 --> CORS Filter
ERROR - 2025-12-03 09:57:06 --> Origin: http://localhost:4200
ERROR - 2025-12-03 09:57:06 --> CORS Filter
ERROR - 2025-12-03 09:57:06 --> Origin: http://localhost:4200
ERROR - 2025-12-03 09:57:12 --> CORS Filter
ERROR - 2025-12-03 09:57:12 --> Origin: http://localhost:4200
ERROR - 2025-12-03 09:57:12 --> CORS Filter
ERROR - 2025-12-03 09:57:12 --> Origin: http://localhost:4200
ERROR - 2025-12-03 09:57:14 --> CORS Filter
ERROR - 2025-12-03 09:57:14 --> Origin: http://localhost:4200
ERROR - 2025-12-03 09:57:14 --> CORS Filter
ERROR - 2025-12-03 09:57:14 --> Origin: http://localhost:4200
ERROR - 2025-12-03 09:57:19 --> CORS Filter
ERROR - 2025-12-03 09:57:19 --> Origin: http://localhost:4200
ERROR - 2025-12-03 09:58:41 --> CORS Filter
ERROR - 2025-12-03 09:58:41 --> Origin: http://localhost:4200
ERROR - 2025-12-03 09:58:41 --> CORS Filter
ERROR - 2025-12-03 09:58:41 --> Origin: http://localhost:4200
ERROR - 2025-12-03 09:59:04 --> CORS Filter
ERROR - 2025-12-03 09:59:04 --> Origin: http://localhost:4200
ERROR - 2025-12-03 09:59:05 --> CORS Filter
ERROR - 2025-12-03 09:59:05 --> Origin: http://localhost:4200
ERROR - 2025-12-03 09:59:06 --> CORS Filter
ERROR - 2025-12-03 09:59:06 --> Origin: http://localhost:4200
ERROR - 2025-12-03 09:59:07 --> CORS Filter
ERROR - 2025-12-03 09:59:07 --> Origin: http://localhost:4200
ERROR - 2025-12-03 09:59:10 --> CORS Filter
ERROR - 2025-12-03 09:59:10 --> Origin: http://localhost:4200
ERROR - 2025-12-03 09:59:10 --> CORS Filter
ERROR - 2025-12-03 09:59:10 --> Origin: http://localhost:4200
ERROR - 2025-12-03 09:59:21 --> CORS Filter
ERROR - 2025-12-03 09:59:21 --> Origin: http://localhost:4200
ERROR - 2025-12-03 09:59:22 --> CORS Filter
ERROR - 2025-12-03 09:59:22 --> Origin: http://localhost:4200
ERROR - 2025-12-03 09:59:23 --> CORS Filter
ERROR - 2025-12-03 09:59:23 --> Origin: http://localhost:4200
ERROR - 2025-12-03 09:59:28 --> CORS Filter
ERROR - 2025-12-03 09:59:28 --> Origin: http://localhost:4200
ERROR - 2025-12-03 09:59:28 --> CORS Filter
ERROR - 2025-12-03 09:59:28 --> Origin: http://localhost:4200
ERROR - 2025-12-03 09:59:33 --> CORS Filter
ERROR - 2025-12-03 09:59:33 --> Origin: http://localhost:4200
ERROR - 2025-12-03 09:59:39 --> CORS Filter
ERROR - 2025-12-03 09:59:39 --> Origin: http://localhost:4200
ERROR - 2025-12-03 09:59:39 --> CORS Filter
ERROR - 2025-12-03 09:59:39 --> Origin: http://localhost:4200
ERROR - 2025-12-03 09:59:43 --> CORS Filter
ERROR - 2025-12-03 09:59:43 --> Origin: http://localhost:4200
ERROR - 2025-12-03 09:59:56 --> CORS Filter
ERROR - 2025-12-03 09:59:56 --> Origin: http://localhost:4200
ERROR - 2025-12-03 09:59:56 --> CORS Filter
ERROR - 2025-12-03 09:59:56 --> Origin: http://localhost:4200
ERROR - 2025-12-03 09:59:58 --> CORS Filter
ERROR - 2025-12-03 09:59:58 --> Origin: http://localhost:4200
ERROR - 2025-12-03 10:00:16 --> CORS Filter
ERROR - 2025-12-03 10:00:16 --> Origin: http://localhost:4200
ERROR - 2025-12-03 10:00:17 --> CORS Filter
ERROR - 2025-12-03 10:00:17 --> Origin: http://localhost:4200
ERROR - 2025-12-03 10:00:31 --> CORS Filter
ERROR - 2025-12-03 10:00:31 --> Origin: http://localhost:4200
ERROR - 2025-12-03 10:00:31 --> CORS Filter
ERROR - 2025-12-03 10:00:31 --> Origin: http://localhost:4200
ERROR - 2025-12-03 10:00:39 --> CORS Filter
ERROR - 2025-12-03 10:00:39 --> Origin: http://localhost:4200
ERROR - 2025-12-03 10:00:40 --> CORS Filter
ERROR - 2025-12-03 10:00:40 --> Origin: http://localhost:4200
ERROR - 2025-12-03 10:01:31 --> CORS Filter
ERROR - 2025-12-03 10:01:31 --> Origin: http://localhost:4200
ERROR - 2025-12-03 10:01:31 --> CORS Filter
ERROR - 2025-12-03 10:01:31 --> Origin: http://localhost:4200
ERROR - 2025-12-03 10:01:44 --> CORS Filter
ERROR - 2025-12-03 10:01:44 --> Origin: http://localhost:4200
ERROR - 2025-12-03 10:01:44 --> CORS Filter
ERROR - 2025-12-03 10:01:44 --> Origin: http://localhost:4200
ERROR - 2025-12-03 10:50:09 --> CORS Filter
ERROR - 2025-12-03 10:50:09 --> Origin: http://localhost:4200
ERROR - 2025-12-03 10:50:09 --> CORS Filter
ERROR - 2025-12-03 10:50:09 --> Origin: http://localhost:4200
ERROR - 2025-12-03 11:50:41 --> CORS Filter
ERROR - 2025-12-03 11:50:41 --> Origin: http://localhost:4200
ERROR - 2025-12-03 11:50:41 --> CORS Filter
ERROR - 2025-12-03 11:50:41 --> Origin: http://localhost:4200
ERROR - 2025-12-03 11:51:15 --> CORS Filter
ERROR - 2025-12-03 11:51:15 --> Origin: http://localhost:4200
ERROR - 2025-12-03 11:51:15 --> CORS Filter
ERROR - 2025-12-03 11:51:15 --> Origin: http://localhost:4200
ERROR - 2025-12-03 11:51:15 --> CORS Filter
ERROR - 2025-12-03 11:51:15 --> Origin: http://localhost:4200
ERROR - 2025-12-03 11:51:16 --> CORS Filter
ERROR - 2025-12-03 11:51:16 --> Origin: http://localhost:4200
ERROR - 2025-12-03 11:53:55 --> CORS Filter
ERROR - 2025-12-03 11:53:55 --> Origin: http://localhost:4200
ERROR - 2025-12-03 11:53:56 --> CORS Filter
ERROR - 2025-12-03 11:53:56 --> Origin: http://localhost:4200
ERROR - 2025-12-03 11:54:05 --> CORS Filter
ERROR - 2025-12-03 11:54:05 --> Origin: http://localhost:4200
ERROR - 2025-12-03 11:54:05 --> CORS Filter
ERROR - 2025-12-03 11:54:05 --> Origin: http://localhost:4200
ERROR - 2025-12-03 11:54:34 --> CORS Filter
ERROR - 2025-12-03 11:54:34 --> Origin: http://localhost:4200
ERROR - 2025-12-03 11:54:34 --> CORS Filter
ERROR - 2025-12-03 11:54:34 --> Origin: http://localhost:4200
ERROR - 2025-12-03 11:54:41 --> CORS Filter
ERROR - 2025-12-03 11:54:41 --> Origin: http://localhost:4200
ERROR - 2025-12-03 11:54:41 --> CORS Filter
ERROR - 2025-12-03 11:54:41 --> Origin: http://localhost:4200
ERROR - 2025-12-03 11:54:57 --> CORS Filter
ERROR - 2025-12-03 11:54:57 --> Origin: http://localhost:4200
ERROR - 2025-12-03 11:54:57 --> CORS Filter
ERROR - 2025-12-03 11:54:57 --> Origin: http://localhost:4200
ERROR - 2025-12-03 11:55:06 --> CORS Filter
ERROR - 2025-12-03 11:55:06 --> Origin: http://localhost:4200
ERROR - 2025-12-03 11:55:06 --> CORS Filter
ERROR - 2025-12-03 11:55:06 --> Origin: http://localhost:4200
ERROR - 2025-12-03 11:55:54 --> CORS Filter
ERROR - 2025-12-03 11:55:54 --> Origin: http://localhost:4200
ERROR - 2025-12-03 11:55:54 --> CORS Filter
ERROR - 2025-12-03 11:55:54 --> Origin: http://localhost:4200
ERROR - 2025-12-03 11:56:00 --> CORS Filter
ERROR - 2025-12-03 11:56:00 --> Origin: http://localhost:4200
ERROR - 2025-12-03 11:56:00 --> CORS Filter
ERROR - 2025-12-03 11:56:00 --> Origin: http://localhost:4200
ERROR - 2025-12-03 11:56:26 --> CORS Filter
ERROR - 2025-12-03 11:56:26 --> Origin: http://localhost:4200
ERROR - 2025-12-03 11:56:26 --> CORS Filter
ERROR - 2025-12-03 11:56:26 --> Origin: http://localhost:4200
ERROR - 2025-12-03 11:56:54 --> CORS Filter
ERROR - 2025-12-03 11:56:54 --> Origin: http://localhost:4200
ERROR - 2025-12-03 11:56:54 --> CORS Filter
ERROR - 2025-12-03 11:56:54 --> Origin: http://localhost:4200
ERROR - 2025-12-03 11:57:11 --> CORS Filter
ERROR - 2025-12-03 11:57:11 --> Origin: http://localhost:4200
ERROR - 2025-12-03 11:57:11 --> CORS Filter
ERROR - 2025-12-03 11:57:11 --> Origin: http://localhost:4200
ERROR - 2025-12-03 11:57:17 --> CORS Filter
ERROR - 2025-12-03 11:57:17 --> Origin: http://localhost:4200
ERROR - 2025-12-03 11:57:17 --> CORS Filter
ERROR - 2025-12-03 11:57:17 --> Origin: http://localhost:4200
ERROR - 2025-12-03 11:57:28 --> CORS Filter
ERROR - 2025-12-03 11:57:28 --> Origin: http://localhost:4200
ERROR - 2025-12-03 11:57:28 --> CORS Filter
ERROR - 2025-12-03 11:57:28 --> Origin: http://localhost:4200
ERROR - 2025-12-03 11:58:04 --> CORS Filter
ERROR - 2025-12-03 11:58:04 --> Origin: http://localhost:4200
ERROR - 2025-12-03 11:58:04 --> CORS Filter
ERROR - 2025-12-03 11:58:04 --> Origin: http://localhost:4200
ERROR - 2025-12-03 11:58:17 --> CORS Filter
ERROR - 2025-12-03 11:58:17 --> Origin: http://localhost:4200
ERROR - 2025-12-03 11:58:17 --> CORS Filter
ERROR - 2025-12-03 11:58:17 --> Origin: http://localhost:4200
ERROR - 2025-12-03 11:58:27 --> CORS Filter
ERROR - 2025-12-03 11:58:27 --> Origin: http://localhost:4200
ERROR - 2025-12-03 11:58:27 --> CORS Filter
ERROR - 2025-12-03 11:58:27 --> Origin: http://localhost:4200
ERROR - 2025-12-03 11:58:31 --> CORS Filter
ERROR - 2025-12-03 11:58:31 --> Origin: http://localhost:4200
ERROR - 2025-12-03 11:58:37 --> CORS Filter
ERROR - 2025-12-03 11:58:37 --> Origin: http://localhost:4200
ERROR - 2025-12-03 11:58:37 --> CORS Filter
ERROR - 2025-12-03 11:58:37 --> Origin: http://localhost:4200
ERROR - 2025-12-03 11:58:42 --> CORS Filter
ERROR - 2025-12-03 11:58:42 --> Origin: http://localhost:4200
ERROR - 2025-12-03 11:58:54 --> CORS Filter
ERROR - 2025-12-03 11:58:54 --> Origin: http://localhost:4200
ERROR - 2025-12-03 11:58:54 --> CORS Filter
ERROR - 2025-12-03 11:58:54 --> Origin: http://localhost:4200
ERROR - 2025-12-03 13:43:27 --> CORS Filter
ERROR - 2025-12-03 13:43:27 --> Origin: http://localhost:4200
ERROR - 2025-12-03 13:43:27 --> CORS Filter
ERROR - 2025-12-03 13:43:27 --> Origin: http://localhost:4200
ERROR - 2025-12-03 13:43:32 --> Error connecting to the database: mysqli_sql_exception: No connection could be made because the target machine actively refused it in C:\xampp\htdocs\exiaa-material-api\vendor\codeigniter4\framework\system\Database\MySQLi\Connection.php:186
Stack trace:
#0 C:\xampp\htdocs\exiaa-material-api\vendor\codeigniter4\framework\system\Database\MySQLi\Connection.php(186): mysqli->real_connect('localhost', 'root', Object(SensitiveParameterValue), 'exiaa_db', 3306, '', 0)
#1 C:\xampp\htdocs\exiaa-material-api\vendor\codeigniter4\framework\system\Database\BaseConnection.php(421): CodeIgniter\Database\MySQLi\Connection->connect(false)
#2 C:\xampp\htdocs\exiaa-material-api\vendor\codeigniter4\framework\system\Database\BaseConnection.php(616): CodeIgniter\Database\BaseConnection->initialize()
#3 C:\xampp\htdocs\exiaa-material-api\vendor\codeigniter4\framework\system\Database\BaseBuilder.php(1644): CodeIgniter\Database\BaseConnection->query('SELECT *\nFROM `...', Array, false)
#4 C:\xampp\htdocs\exiaa-material-api\vendor\codeigniter4\framework\system\Model.php(330): CodeIgniter\Database\BaseBuilder->get()
#5 C:\xampp\htdocs\exiaa-material-api\vendor\codeigniter4\framework\system\BaseModel.php(713): CodeIgniter\Model->doFirst()
#6 C:\xampp\htdocs\exiaa-material-api\app\Models\TenantModel.php(58): CodeIgniter\BaseModel->first()
#7 C:\xampp\htdocs\exiaa-material-api\app\Filters\TenantFilter.php(46): App\Models\TenantModel->getTenantDatabaseConfig('exCommunitee')
#8 C:\xampp\htdocs\exiaa-material-api\vendor\codeigniter4\framework\system\Filters\Filters.php(203): App\Filters\TenantFilter->before(Object(CodeIgniter\HTTP\IncomingRequest), NULL)
#9 C:\xampp\htdocs\exiaa-material-api\vendor\codeigniter4\framework\system\Filters\Filters.php(184): CodeIgniter\Filters\Filters->runBefore(Array)
#10 C:\xampp\htdocs\exiaa-material-api\vendor\codeigniter4\framework\system\CodeIgniter.php(481): CodeIgniter\Filters\Filters->run('webapi/communit...', 'before')
#11 C:\xampp\htdocs\exiaa-material-api\vendor\codeigniter4\framework\system\CodeIgniter.php(355): CodeIgniter\CodeIgniter->handleRequest(NULL, Object(Config\Cache), false)
#12 C:\xampp\htdocs\exiaa-material-api\vendor\codeigniter4\framework\system\Boot.php(334): CodeIgniter\CodeIgniter->run()
#13 C:\xampp\htdocs\exiaa-material-api\vendor\codeigniter4\framework\system\Boot.php(67): CodeIgniter\Boot::runCodeIgniter(Object(CodeIgniter\CodeIgniter))
#14 C:\xampp\htdocs\exiaa-material-api\public\index.php(56): CodeIgniter\Boot::bootWeb(Object(Config\Paths))
#15 C:\xampp\htdocs\exiaa-material-api\vendor\codeigniter4\framework\system\rewrite.php(44): require_once('C:\\xampp\\htdocs...')
#16 {main}

Next CodeIgniter\Database\Exceptions\DatabaseException: No connection could be made because the target machine actively refused it in C:\xampp\htdocs\exiaa-material-api\vendor\codeigniter4\framework\system\Database\MySQLi\Connection.php:231
Stack trace:
#0 C:\xampp\htdocs\exiaa-material-api\vendor\codeigniter4\framework\system\Database\BaseConnection.php(421): CodeIgniter\Database\MySQLi\Connection->connect(false)
#1 C:\xampp\htdocs\exiaa-material-api\vendor\codeigniter4\framework\system\Database\BaseConnection.php(616): CodeIgniter\Database\BaseConnection->initialize()
#2 C:\xampp\htdocs\exiaa-material-api\vendor\codeigniter4\framework\system\Database\BaseBuilder.php(1644): CodeIgniter\Database\BaseConnection->query('SELECT *\nFROM `...', Array, false)
#3 C:\xampp\htdocs\exiaa-material-api\vendor\codeigniter4\framework\system\Model.php(330): CodeIgniter\Database\BaseBuilder->get()
#4 C:\xampp\htdocs\exiaa-material-api\vendor\codeigniter4\framework\system\BaseModel.php(713): CodeIgniter\Model->doFirst()
#5 C:\xampp\htdocs\exiaa-material-api\app\Models\TenantModel.php(58): CodeIgniter\BaseModel->first()
#6 C:\xampp\htdocs\exiaa-material-api\app\Filters\TenantFilter.php(46): App\Models\TenantModel->getTenantDatabaseConfig('exCommunitee')
#7 C:\xampp\htdocs\exiaa-material-api\vendor\codeigniter4\framework\system\Filters\Filters.php(203): App\Filters\TenantFilter->before(Object(CodeIgniter\HTTP\IncomingRequest), NULL)
#8 C:\xampp\htdocs\exiaa-material-api\vendor\codeigniter4\framework\system\Filters\Filters.php(184): CodeIgniter\Filters\Filters->runBefore(Array)
#9 C:\xampp\htdocs\exiaa-material-api\vendor\codeigniter4\framework\system\CodeIgniter.php(481): CodeIgniter\Filters\Filters->run('webapi/communit...', 'before')
#10 C:\xampp\htdocs\exiaa-material-api\vendor\codeigniter4\framework\system\CodeIgniter.php(355): CodeIgniter\CodeIgniter->handleRequest(NULL, Object(Config\Cache), false)
#11 C:\xampp\htdocs\exiaa-material-api\vendor\codeigniter4\framework\system\Boot.php(334): CodeIgniter\CodeIgniter->run()
#12 C:\xampp\htdocs\exiaa-material-api\vendor\codeigniter4\framework\system\Boot.php(67): CodeIgniter\Boot::runCodeIgniter(Object(CodeIgniter\CodeIgniter))
#13 C:\xampp\htdocs\exiaa-material-api\public\index.php(56): CodeIgniter\Boot::bootWeb(Object(Config\Paths))
#14 C:\xampp\htdocs\exiaa-material-api\vendor\codeigniter4\framework\system\rewrite.php(44): require_once('C:\\xampp\\htdocs...')
#15 {main}
CRITICAL - 2025-12-03 13:43:32 --> CodeIgniter\Database\Exceptions\DatabaseException: Unable to connect to the database.
Main connection [MySQLi]: No connection could be made because the target machine actively refused it
[Method: POST, Route: webapi/communitee/getcandidate]
in SYSTEMPATH\Database\BaseConnection.php on line 467.
 1 SYSTEMPATH\Database\BaseConnection.php(616): CodeIgniter\Database\BaseConnection->initialize()
 2 SYSTEMPATH\Database\BaseBuilder.php(1644): CodeIgniter\Database\BaseConnection->query('SELECT *
FROM `tenant_mst`
WHERE `tenantName` = :tenantName:
AND `isActive` = :isActive:
AND `isDeleted` = :isDeleted:
 LIMIT 1', [...], false)
 3 SYSTEMPATH\Model.php(330): CodeIgniter\Database\BaseBuilder->get()
 4 SYSTEMPATH\BaseModel.php(713): CodeIgniter\Model->doFirst()
 5 APPPATH\Models\TenantModel.php(58): CodeIgniter\BaseModel->first()
 6 APPPATH\Filters\TenantFilter.php(46): App\Models\TenantModel->getTenantDatabaseConfig('exCommunitee')
 7 SYSTEMPATH\Filters\Filters.php(203): App\Filters\TenantFilter->before(Object(CodeIgniter\HTTP\IncomingRequest), null)
 8 SYSTEMPATH\Filters\Filters.php(184): CodeIgniter\Filters\Filters->runBefore([...])
 9 SYSTEMPATH\CodeIgniter.php(481): CodeIgniter\Filters\Filters->run('webapi/communitee/getcandidate', 'before')
10 SYSTEMPATH\CodeIgniter.php(355): CodeIgniter\CodeIgniter->handleRequest(null, Object(Config\Cache), false)
11 SYSTEMPATH\Boot.php(334): CodeIgniter\CodeIgniter->run()
12 SYSTEMPATH\Boot.php(67): CodeIgniter\Boot::runCodeIgniter(Object(CodeIgniter\CodeIgniter))
13 FCPATH\index.php(56): CodeIgniter\Boot::bootWeb(Object(Config\Paths))
14 SYSTEMPATH\rewrite.php(44): require_once('C:\\xampp\\htdocs\\exiaa-material-api\\public\\index.php')
