ERROR - 2025-10-18 03:30:35 --> CORS Filter
ERROR - 2025-10-18 03:30:35 --> Origin: http://localhost:4200
ERROR - 2025-10-18 03:30:35 --> CORS Filter
ERROR - 2025-10-18 03:30:35 --> Origin: http://localhost:4200
ERROR - 2025-10-18 03:30:35 --> CORS Filter
ERROR - 2025-10-18 03:30:35 --> Origin: http://localhost:4200
ERROR - 2025-10-18 03:30:36 --> CORS Filter
ERROR - 2025-10-18 03:30:36 --> Origin: http://localhost:4200
ERROR - 2025-10-18 03:30:36 --> CORS Filter
ERROR - 2025-10-18 03:30:36 --> Origin: http://localhost:4200
ERROR - 2025-10-18 03:30:36 --> CORS Filter
ERROR - 2025-10-18 03:30:36 --> Origin: http://localhost:4200
ERROR - 2025-10-18 03:30:36 --> CORS Filter
ERROR - 2025-10-18 03:30:36 --> Origin: http://localhost:4200
ERROR - 2025-10-18 03:30:41 --> CORS Filter
ERROR - 2025-10-18 03:30:41 --> Origin: http://localhost:4200
ERROR - 2025-10-18 03:30:41 --> CORS Filter
ERROR - 2025-10-18 03:30:41 --> Origin: http://localhost:4200
ERROR - 2025-10-18 03:30:42 --> CORS Filter
ERROR - 2025-10-18 03:30:42 --> Origin: http://localhost:4200
ERROR - 2025-10-18 03:30:42 --> CORS Filter
ERROR - 2025-10-18 03:30:42 --> Origin: http://localhost:4200
ERROR - 2025-10-18 03:30:43 --> CORS Filter
ERROR - 2025-10-18 03:30:43 --> Origin: http://localhost:4200
ERROR - 2025-10-18 03:30:44 --> CORS Filter
ERROR - 2025-10-18 03:30:44 --> Origin: http://localhost:4200
ERROR - 2025-10-18 03:30:44 --> CORS Filter
ERROR - 2025-10-18 03:30:44 --> Origin: http://localhost:4200
ERROR - 2025-10-18 03:30:44 --> CORS Filter
ERROR - 2025-10-18 03:30:44 --> Origin: http://localhost:4200
ERROR - 2025-10-18 03:30:44 --> CORS Filter
ERROR - 2025-10-18 03:30:44 --> Origin: http://localhost:4200
ERROR - 2025-10-18 03:30:45 --> CORS Filter
ERROR - 2025-10-18 03:30:45 --> Origin: http://localhost:4200
ERROR - 2025-10-18 03:30:45 --> CORS Filter
ERROR - 2025-10-18 03:30:45 --> Origin: http://localhost:4200
ERROR - 2025-10-18 03:30:45 --> CORS Filter
ERROR - 2025-10-18 03:30:45 --> Origin: http://localhost:4200
ERROR - 2025-10-18 03:30:45 --> CORS Filter
ERROR - 2025-10-18 03:30:45 --> Origin: http://localhost:4200
ERROR - 2025-10-18 03:30:45 --> CORS Filter
ERROR - 2025-10-18 03:30:45 --> Origin: http://localhost:4200
ERROR - 2025-10-18 03:30:46 --> CORS Filter
ERROR - 2025-10-18 03:30:46 --> Origin: http://localhost:4200
ERROR - 2025-10-18 03:30:46 --> CORS Filter
ERROR - 2025-10-18 03:30:46 --> Origin: http://localhost:4200
ERROR - 2025-10-18 03:30:46 --> CORS Filter
ERROR - 2025-10-18 03:30:46 --> Origin: http://localhost:4200
ERROR - 2025-10-18 03:30:47 --> CORS Filter
ERROR - 2025-10-18 03:30:47 --> Origin: http://localhost:4200
ERROR - 2025-10-18 03:30:47 --> CORS Filter
ERROR - 2025-10-18 03:30:47 --> Origin: http://localhost:4200
ERROR - 2025-10-18 03:30:48 --> CORS Filter
ERROR - 2025-10-18 03:30:48 --> Origin: http://localhost:4200
ERROR - 2025-10-18 03:30:48 --> CORS Filter
ERROR - 2025-10-18 03:30:48 --> Origin: http://localhost:4200
ERROR - 2025-10-18 03:30:49 --> CORS Filter
ERROR - 2025-10-18 03:30:49 --> Origin: http://localhost:4200
ERROR - 2025-10-18 03:30:49 --> CORS Filter
ERROR - 2025-10-18 03:30:49 --> Origin: http://localhost:4200
ERROR - 2025-10-18 03:30:50 --> CORS Filter
ERROR - 2025-10-18 03:30:50 --> Origin: http://localhost:4200
ERROR - 2025-10-18 03:30:50 --> CORS Filter
ERROR - 2025-10-18 03:30:50 --> Origin: http://localhost:4200
ERROR - 2025-10-18 03:30:50 --> CORS Filter
ERROR - 2025-10-18 03:30:50 --> Origin: http://localhost:4200
ERROR - 2025-10-18 03:30:51 --> CORS Filter
ERROR - 2025-10-18 03:30:51 --> Origin: http://localhost:4200
ERROR - 2025-10-18 03:30:51 --> CORS Filter
ERROR - 2025-10-18 03:30:51 --> Origin: http://localhost:4200
ERROR - 2025-10-18 03:30:51 --> CORS Filter
ERROR - 2025-10-18 03:30:51 --> Origin: http://localhost:4200
ERROR - 2025-10-18 03:30:51 --> CORS Filter
ERROR - 2025-10-18 03:30:51 --> Origin: http://localhost:4200
ERROR - 2025-10-18 03:31:23 --> CORS Filter
ERROR - 2025-10-18 03:31:23 --> Origin: http://localhost:4200
ERROR - 2025-10-18 03:31:23 --> CORS Filter
ERROR - 2025-10-18 03:31:23 --> Origin: http://localhost:4200
ERROR - 2025-10-18 03:31:23 --> CORS Filter
ERROR - 2025-10-18 03:31:23 --> Origin: http://localhost:4200
ERROR - 2025-10-18 03:31:23 --> CORS Filter
ERROR - 2025-10-18 03:31:23 --> Origin: http://localhost:4200
ERROR - 2025-10-18 03:31:24 --> CORS Filter
ERROR - 2025-10-18 03:31:24 --> Origin: http://localhost:4200
ERROR - 2025-10-18 03:31:24 --> CORS Filter
ERROR - 2025-10-18 03:31:24 --> Origin: http://localhost:4200
ERROR - 2025-10-18 03:31:24 --> CORS Filter
ERROR - 2025-10-18 03:31:24 --> Origin: http://localhost:4200
ERROR - 2025-10-18 03:31:24 --> CORS Filter
ERROR - 2025-10-18 03:31:24 --> Origin: http://localhost:4200
ERROR - 2025-10-18 03:31:25 --> CORS Filter
ERROR - 2025-10-18 03:31:25 --> Origin: http://localhost:4200
ERROR - 2025-10-18 03:31:25 --> CORS Filter
ERROR - 2025-10-18 03:31:25 --> Origin: http://localhost:4200
ERROR - 2025-10-18 03:31:25 --> CORS Filter
ERROR - 2025-10-18 03:31:25 --> Origin: http://localhost:4200
ERROR - 2025-10-18 03:35:10 --> CORS Filter
ERROR - 2025-10-18 03:35:10 --> Origin: http://localhost:4200
ERROR - 2025-10-18 03:35:11 --> CORS Filter
ERROR - 2025-10-18 03:35:11 --> Origin: http://localhost:4200
ERROR - 2025-10-18 03:35:11 --> CORS Filter
ERROR - 2025-10-18 03:35:11 --> Origin: http://localhost:4200
ERROR - 2025-10-18 03:35:11 --> CORS Filter
ERROR - 2025-10-18 03:35:11 --> Origin: http://localhost:4200
ERROR - 2025-10-18 03:35:11 --> CORS Filter
ERROR - 2025-10-18 03:35:11 --> Origin: http://localhost:4200
ERROR - 2025-10-18 03:35:12 --> CORS Filter
ERROR - 2025-10-18 03:35:12 --> Origin: http://localhost:4200
ERROR - 2025-10-18 03:35:12 --> CORS Filter
ERROR - 2025-10-18 03:35:12 --> Origin: http://localhost:4200
ERROR - 2025-10-18 03:35:12 --> CORS Filter
ERROR - 2025-10-18 03:35:12 --> Origin: http://localhost:4200
ERROR - 2025-10-18 03:35:13 --> CORS Filter
ERROR - 2025-10-18 03:35:13 --> Origin: http://localhost:4200
ERROR - 2025-10-18 03:35:13 --> CORS Filter
ERROR - 2025-10-18 03:35:13 --> Origin: http://localhost:4200
ERROR - 2025-10-18 03:35:13 --> CORS Filter
ERROR - 2025-10-18 03:35:13 --> Origin: http://localhost:4200
ERROR - 2025-10-18 03:35:30 --> CORS Filter
ERROR - 2025-10-18 03:35:30 --> Origin: http://localhost:4200
ERROR - 2025-10-18 03:35:30 --> CORS Filter
ERROR - 2025-10-18 03:35:30 --> Origin: http://localhost:4200
ERROR - 2025-10-18 03:35:31 --> CORS Filter
ERROR - 2025-10-18 03:35:31 --> Origin: http://localhost:4200
ERROR - 2025-10-18 03:35:31 --> CORS Filter
ERROR - 2025-10-18 03:35:31 --> Origin: http://localhost:4200
ERROR - 2025-10-18 03:35:31 --> CORS Filter
ERROR - 2025-10-18 03:35:31 --> Origin: http://localhost:4200
ERROR - 2025-10-18 03:35:32 --> CORS Filter
ERROR - 2025-10-18 03:35:32 --> Origin: http://localhost:4200
ERROR - 2025-10-18 03:35:32 --> CORS Filter
ERROR - 2025-10-18 03:35:32 --> Origin: http://localhost:4200
ERROR - 2025-10-18 03:35:32 --> CORS Filter
ERROR - 2025-10-18 03:35:32 --> Origin: http://localhost:4200
ERROR - 2025-10-18 03:35:32 --> CORS Filter
ERROR - 2025-10-18 03:35:32 --> Origin: http://localhost:4200
ERROR - 2025-10-18 03:35:33 --> CORS Filter
ERROR - 2025-10-18 03:35:33 --> Origin: http://localhost:4200
ERROR - 2025-10-18 03:35:33 --> CORS Filter
ERROR - 2025-10-18 03:35:33 --> Origin: http://localhost:4200
ERROR - 2025-10-18 03:35:33 --> CORS Filter
ERROR - 2025-10-18 03:35:33 --> Origin: http://localhost:4200
ERROR - 2025-10-18 03:35:34 --> CORS Filter
ERROR - 2025-10-18 03:35:34 --> Origin: http://localhost:4200
ERROR - 2025-10-18 04:06:48 --> CORS Filter
ERROR - 2025-10-18 04:06:48 --> Origin: http://localhost:4200
ERROR - 2025-10-18 04:06:48 --> CORS Filter
ERROR - 2025-10-18 04:06:48 --> Origin: http://localhost:4200
ERROR - 2025-10-18 04:06:57 --> CORS Filter
ERROR - 2025-10-18 04:06:57 --> Origin: http://localhost:4200
ERROR - 2025-10-18 04:06:57 --> CORS Filter
ERROR - 2025-10-18 04:06:57 --> Origin: http://localhost:4200
ERROR - 2025-10-18 04:06:58 --> CORS Filter
ERROR - 2025-10-18 04:06:58 --> Origin: http://localhost:4200
ERROR - 2025-10-18 04:06:59 --> CORS Filter
ERROR - 2025-10-18 04:06:59 --> Origin: http://localhost:4200
ERROR - 2025-10-18 04:18:18 --> CORS Filter
ERROR - 2025-10-18 04:18:18 --> Origin: http://localhost:4200
ERROR - 2025-10-18 04:18:19 --> CORS Filter
ERROR - 2025-10-18 04:18:19 --> Origin: http://localhost:4200
ERROR - 2025-10-18 04:18:20 --> CORS Filter
ERROR - 2025-10-18 04:18:20 --> Origin: http://localhost:4200
ERROR - 2025-10-18 04:18:20 --> CORS Filter
ERROR - 2025-10-18 04:18:20 --> Origin: http://localhost:4200
ERROR - 2025-10-18 04:18:20 --> CORS Filter
ERROR - 2025-10-18 04:18:20 --> Origin: http://localhost:4200
ERROR - 2025-10-18 04:18:20 --> CORS Filter
ERROR - 2025-10-18 04:18:20 --> Origin: http://localhost:4200
ERROR - 2025-10-18 04:27:06 --> CORS Filter
ERROR - 2025-10-18 04:27:06 --> Origin: http://localhost:4200
ERROR - 2025-10-18 04:27:07 --> CORS Filter
ERROR - 2025-10-18 04:27:07 --> Origin: http://localhost:4200
ERROR - 2025-10-18 04:27:07 --> CORS Filter
ERROR - 2025-10-18 04:27:07 --> Origin: http://localhost:4200
ERROR - 2025-10-18 04:27:07 --> CORS Filter
ERROR - 2025-10-18 04:27:07 --> Origin: http://localhost:4200
ERROR - 2025-10-18 04:27:31 --> CORS Filter
ERROR - 2025-10-18 04:27:31 --> Origin: http://localhost:4200
ERROR - 2025-10-18 04:27:31 --> CORS Filter
ERROR - 2025-10-18 04:27:31 --> Origin: http://localhost:4200
ERROR - 2025-10-18 04:27:32 --> CORS Filter
ERROR - 2025-10-18 04:27:32 --> Origin: http://localhost:4200
ERROR - 2025-10-18 04:27:32 --> CORS Filter
ERROR - 2025-10-18 04:27:32 --> Origin: http://localhost:4200
ERROR - 2025-10-18 04:27:35 --> CORS Filter
ERROR - 2025-10-18 04:27:35 --> Origin: http://localhost:4200
ERROR - 2025-10-18 04:27:35 --> CORS Filter
ERROR - 2025-10-18 04:27:35 --> Origin: http://localhost:4200
ERROR - 2025-10-18 04:27:59 --> CORS Filter
ERROR - 2025-10-18 04:27:59 --> Origin: http://localhost:4200
ERROR - 2025-10-18 04:27:59 --> CORS Filter
ERROR - 2025-10-18 04:27:59 --> Origin: http://localhost:4200
ERROR - 2025-10-18 04:27:59 --> CORS Filter
ERROR - 2025-10-18 04:27:59 --> Origin: http://localhost:4200
ERROR - 2025-10-18 04:27:59 --> CORS Filter
ERROR - 2025-10-18 04:27:59 --> Origin: http://localhost:4200
ERROR - 2025-10-18 04:28:00 --> CORS Filter
ERROR - 2025-10-18 04:28:00 --> Origin: http://localhost:4200
ERROR - 2025-10-18 04:28:01 --> mysqli_sql_exception: Table 'exiaa_ex0002.tags' doesn't exist in C:\xampp\htdocs\exiaa-material-api\vendor\codeigniter4\framework\system\Database\MySQLi\Connection.php:312
Stack trace:
#0 C:\xampp\htdocs\exiaa-material-api\vendor\codeigniter4\framework\system\Database\MySQLi\Connection.php(312): mysqli->query('SELECT *\nFROM `...', 0)
#1 C:\xampp\htdocs\exiaa-material-api\vendor\codeigniter4\framework\system\Database\BaseConnection.php(734): CodeIgniter\Database\MySQLi\Connection->execute('SELECT *\nFROM `...')
#2 C:\xampp\htdocs\exiaa-material-api\vendor\codeigniter4\framework\system\Database\BaseConnection.php(648): CodeIgniter\Database\BaseConnection->simpleQuery('SELECT *\nFROM `...')
#3 C:\xampp\htdocs\exiaa-material-api\vendor\codeigniter4\framework\system\Database\BaseBuilder.php(1644): CodeIgniter\Database\BaseConnection->query('SELECT *\nFROM `...', Array, false)
#4 C:\xampp\htdocs\exiaa-material-api\vendor\codeigniter4\framework\system\Model.php(286): CodeIgniter\Database\BaseBuilder->get()
#5 C:\xampp\htdocs\exiaa-material-api\vendor\codeigniter4\framework\system\BaseModel.php(675): CodeIgniter\Model->doFindAll(0, 0)
#6 C:\xampp\htdocs\exiaa-material-api\app\Controllers\Tag.php(38): CodeIgniter\BaseModel->findAll()
#7 C:\xampp\htdocs\exiaa-material-api\vendor\codeigniter4\framework\system\CodeIgniter.php(933): App\Controllers\Tag->index()
#8 C:\xampp\htdocs\exiaa-material-api\vendor\codeigniter4\framework\system\CodeIgniter.php(509): CodeIgniter\CodeIgniter->runController(Object(App\Controllers\Tag))
#9 C:\xampp\htdocs\exiaa-material-api\vendor\codeigniter4\framework\system\CodeIgniter.php(355): CodeIgniter\CodeIgniter->handleRequest(NULL, Object(Config\Cache), false)
#10 C:\xampp\htdocs\exiaa-material-api\vendor\codeigniter4\framework\system\Boot.php(334): CodeIgniter\CodeIgniter->run()
#11 C:\xampp\htdocs\exiaa-material-api\vendor\codeigniter4\framework\system\Boot.php(67): CodeIgniter\Boot::runCodeIgniter(Object(CodeIgniter\CodeIgniter))
#12 C:\xampp\htdocs\exiaa-material-api\public\index.php(56): CodeIgniter\Boot::bootWeb(Object(Config\Paths))
#13 C:\xampp\htdocs\exiaa-material-api\vendor\codeigniter4\framework\system\rewrite.php(44): require_once('C:\\xampp\\htdocs...')
#14 {main}
CRITICAL - 2025-10-18 04:28:01 --> CodeIgniter\Database\Exceptions\DatabaseException: Table 'exiaa_ex0002.tags' doesn't exist
[Method: POST, Route: api/tag/getall]
in SYSTEMPATH\Database\BaseConnection.php on line 688.
 1 SYSTEMPATH\Database\BaseBuilder.php(1644): CodeIgniter\Database\BaseConnection->query('SELECT *
FROM `tags`
WHERE `businessId` = :businessId:', [...], false)
 2 SYSTEMPATH\Model.php(286): CodeIgniter\Database\BaseBuilder->get()
 3 SYSTEMPATH\BaseModel.php(675): CodeIgniter\Model->doFindAll(0, 0)
 4 APPPATH\Controllers\Tag.php(38): CodeIgniter\BaseModel->findAll()
 5 SYSTEMPATH\CodeIgniter.php(933): App\Controllers\Tag->index()
 6 SYSTEMPATH\CodeIgniter.php(509): CodeIgniter\CodeIgniter->runController(Object(App\Controllers\Tag))
 7 SYSTEMPATH\CodeIgniter.php(355): CodeIgniter\CodeIgniter->handleRequest(null, Object(Config\Cache), false)
 8 SYSTEMPATH\Boot.php(334): CodeIgniter\CodeIgniter->run()
 9 SYSTEMPATH\Boot.php(67): CodeIgniter\Boot::runCodeIgniter(Object(CodeIgniter\CodeIgniter))
10 FCPATH\index.php(56): CodeIgniter\Boot::bootWeb(Object(Config\Paths))
11 SYSTEMPATH\rewrite.php(44): require_once('C:\\xampp\\htdocs\\exiaa-material-api\\public\\index.php')
CRITICAL - 2025-10-18 04:28:01 --> [Caused by] CodeIgniter\Database\Exceptions\DatabaseException: Table 'exiaa_ex0002.tags' doesn't exist
in SYSTEMPATH\Database\MySQLi\Connection.php on line 317.
 1 SYSTEMPATH\Database\BaseConnection.php(734): CodeIgniter\Database\MySQLi\Connection->execute('SELECT *
FROM `tags`
WHERE `businessId` = \'2\'')
 2 SYSTEMPATH\Database\BaseConnection.php(648): CodeIgniter\Database\BaseConnection->simpleQuery('SELECT *
FROM `tags`
WHERE `businessId` = \'2\'')
 3 SYSTEMPATH\Database\BaseBuilder.php(1644): CodeIgniter\Database\BaseConnection->query('SELECT *
FROM `tags`
WHERE `businessId` = :businessId:', [...], false)
 4 SYSTEMPATH\Model.php(286): CodeIgniter\Database\BaseBuilder->get()
 5 SYSTEMPATH\BaseModel.php(675): CodeIgniter\Model->doFindAll(0, 0)
 6 APPPATH\Controllers\Tag.php(38): CodeIgniter\BaseModel->findAll()
 7 SYSTEMPATH\CodeIgniter.php(933): App\Controllers\Tag->index()
 8 SYSTEMPATH\CodeIgniter.php(509): CodeIgniter\CodeIgniter->runController(Object(App\Controllers\Tag))
 9 SYSTEMPATH\CodeIgniter.php(355): CodeIgniter\CodeIgniter->handleRequest(null, Object(Config\Cache), false)
10 SYSTEMPATH\Boot.php(334): CodeIgniter\CodeIgniter->run()
11 SYSTEMPATH\Boot.php(67): CodeIgniter\Boot::runCodeIgniter(Object(CodeIgniter\CodeIgniter))
12 FCPATH\index.php(56): CodeIgniter\Boot::bootWeb(Object(Config\Paths))
13 SYSTEMPATH\rewrite.php(44): require_once('C:\\xampp\\htdocs\\exiaa-material-api\\public\\index.php')
CRITICAL - 2025-10-18 04:28:01 --> [Caused by] mysqli_sql_exception: Table 'exiaa_ex0002.tags' doesn't exist
in SYSTEMPATH\Database\MySQLi\Connection.php on line 312.
 1 SYSTEMPATH\Database\MySQLi\Connection.php(312): mysqli->query('SELECT *
FROM `tags`
WHERE `businessId` = \'2\'', 0)
 2 SYSTEMPATH\Database\BaseConnection.php(734): CodeIgniter\Database\MySQLi\Connection->execute('SELECT *
FROM `tags`
WHERE `businessId` = \'2\'')
 3 SYSTEMPATH\Database\BaseConnection.php(648): CodeIgniter\Database\BaseConnection->simpleQuery('SELECT *
FROM `tags`
WHERE `businessId` = \'2\'')
 4 SYSTEMPATH\Database\BaseBuilder.php(1644): CodeIgniter\Database\BaseConnection->query('SELECT *
FROM `tags`
WHERE `businessId` = :businessId:', [...], false)
 5 SYSTEMPATH\Model.php(286): CodeIgniter\Database\BaseBuilder->get()
 6 SYSTEMPATH\BaseModel.php(675): CodeIgniter\Model->doFindAll(0, 0)
 7 APPPATH\Controllers\Tag.php(38): CodeIgniter\BaseModel->findAll()
 8 SYSTEMPATH\CodeIgniter.php(933): App\Controllers\Tag->index()
 9 SYSTEMPATH\CodeIgniter.php(509): CodeIgniter\CodeIgniter->runController(Object(App\Controllers\Tag))
10 SYSTEMPATH\CodeIgniter.php(355): CodeIgniter\CodeIgniter->handleRequest(null, Object(Config\Cache), false)
11 SYSTEMPATH\Boot.php(334): CodeIgniter\CodeIgniter->run()
12 SYSTEMPATH\Boot.php(67): CodeIgniter\Boot::runCodeIgniter(Object(CodeIgniter\CodeIgniter))
13 FCPATH\index.php(56): CodeIgniter\Boot::bootWeb(Object(Config\Paths))
14 SYSTEMPATH\rewrite.php(44): require_once('C:\\xampp\\htdocs\\exiaa-material-api\\public\\index.php')
ERROR - 2025-10-18 04:28:02 --> CORS Filter
ERROR - 2025-10-18 04:28:02 --> Origin: http://localhost:4200
ERROR - 2025-10-18 04:28:02 --> CORS Filter
ERROR - 2025-10-18 04:28:02 --> Origin: http://localhost:4200
ERROR - 2025-10-18 04:28:02 --> Inside getAllItemCategory function
ERROR - 2025-10-18 04:28:02 --> Tenant Header: {"DSN":"","hostname":"localhost","username":"root","password":"","database":"exiaa_ex0002","DBDriver":"MySQLi","DBPrefix":"","pConnect":false,"DBDebug":true,"charset":"utf8","DBCollat":"utf8_general_ci","swapPre":"","encrypt":false,"compress":false,"strictOn":false,"failover":[],"port":3306}
ERROR - 2025-10-18 04:28:02 --> CORS Filter
ERROR - 2025-10-18 04:28:02 --> Origin: http://localhost:4200
ERROR - 2025-10-18 04:28:37 --> CORS Filter
ERROR - 2025-10-18 04:28:37 --> Origin: http://localhost:4200
ERROR - 2025-10-18 04:28:37 --> CORS Filter
ERROR - 2025-10-18 04:28:37 --> Origin: http://localhost:4200
ERROR - 2025-10-18 04:29:07 --> CORS Filter
ERROR - 2025-10-18 04:29:07 --> Origin: http://localhost:4200
ERROR - 2025-10-18 04:29:08 --> CORS Filter
ERROR - 2025-10-18 04:29:08 --> Origin: http://localhost:4200
ERROR - 2025-10-18 04:29:08 --> CORS Filter
ERROR - 2025-10-18 04:29:08 --> Origin: http://localhost:4200
ERROR - 2025-10-18 04:29:08 --> CORS Filter
ERROR - 2025-10-18 04:29:08 --> Origin: http://localhost:4200
ERROR - 2025-10-18 04:29:08 --> CORS Filter
ERROR - 2025-10-18 04:29:08 --> Origin: http://localhost:4200
ERROR - 2025-10-18 04:29:09 --> CORS Filter
ERROR - 2025-10-18 04:29:09 --> Origin: http://localhost:4200
ERROR - 2025-10-18 04:29:09 --> CORS Filter
ERROR - 2025-10-18 04:29:09 --> Origin: http://localhost:4200
ERROR - 2025-10-18 04:29:09 --> CORS Filter
ERROR - 2025-10-18 04:29:09 --> Origin: http://localhost:4200
ERROR - 2025-10-18 04:29:09 --> CORS Filter
ERROR - 2025-10-18 04:29:09 --> Origin: http://localhost:4200
ERROR - 2025-10-18 04:29:09 --> mysqli_sql_exception: Table 'exiaa_ex0002.tags' doesn't exist in C:\xampp\htdocs\exiaa-material-api\vendor\codeigniter4\framework\system\Database\MySQLi\Connection.php:312
Stack trace:
#0 C:\xampp\htdocs\exiaa-material-api\vendor\codeigniter4\framework\system\Database\MySQLi\Connection.php(312): mysqli->query('SELECT *\nFROM `...', 0)
#1 C:\xampp\htdocs\exiaa-material-api\vendor\codeigniter4\framework\system\Database\BaseConnection.php(734): CodeIgniter\Database\MySQLi\Connection->execute('SELECT *\nFROM `...')
#2 C:\xampp\htdocs\exiaa-material-api\vendor\codeigniter4\framework\system\Database\BaseConnection.php(648): CodeIgniter\Database\BaseConnection->simpleQuery('SELECT *\nFROM `...')
#3 C:\xampp\htdocs\exiaa-material-api\vendor\codeigniter4\framework\system\Database\BaseBuilder.php(1644): CodeIgniter\Database\BaseConnection->query('SELECT *\nFROM `...', Array, false)
#4 C:\xampp\htdocs\exiaa-material-api\vendor\codeigniter4\framework\system\Model.php(286): CodeIgniter\Database\BaseBuilder->get()
#5 C:\xampp\htdocs\exiaa-material-api\vendor\codeigniter4\framework\system\BaseModel.php(675): CodeIgniter\Model->doFindAll(0, 0)
#6 C:\xampp\htdocs\exiaa-material-api\app\Controllers\Tag.php(38): CodeIgniter\BaseModel->findAll()
#7 C:\xampp\htdocs\exiaa-material-api\vendor\codeigniter4\framework\system\CodeIgniter.php(933): App\Controllers\Tag->index()
#8 C:\xampp\htdocs\exiaa-material-api\vendor\codeigniter4\framework\system\CodeIgniter.php(509): CodeIgniter\CodeIgniter->runController(Object(App\Controllers\Tag))
#9 C:\xampp\htdocs\exiaa-material-api\vendor\codeigniter4\framework\system\CodeIgniter.php(355): CodeIgniter\CodeIgniter->handleRequest(NULL, Object(Config\Cache), false)
#10 C:\xampp\htdocs\exiaa-material-api\vendor\codeigniter4\framework\system\Boot.php(334): CodeIgniter\CodeIgniter->run()
#11 C:\xampp\htdocs\exiaa-material-api\vendor\codeigniter4\framework\system\Boot.php(67): CodeIgniter\Boot::runCodeIgniter(Object(CodeIgniter\CodeIgniter))
#12 C:\xampp\htdocs\exiaa-material-api\public\index.php(56): CodeIgniter\Boot::bootWeb(Object(Config\Paths))
#13 C:\xampp\htdocs\exiaa-material-api\vendor\codeigniter4\framework\system\rewrite.php(44): require_once('C:\\xampp\\htdocs...')
#14 {main}
CRITICAL - 2025-10-18 04:29:09 --> CodeIgniter\Database\Exceptions\DatabaseException: Table 'exiaa_ex0002.tags' doesn't exist
[Method: POST, Route: api/tag/getall]
in SYSTEMPATH\Database\BaseConnection.php on line 688.
 1 SYSTEMPATH\Database\BaseBuilder.php(1644): CodeIgniter\Database\BaseConnection->query('SELECT *
FROM `tags`
WHERE `businessId` = :businessId:', [...], false)
 2 SYSTEMPATH\Model.php(286): CodeIgniter\Database\BaseBuilder->get()
 3 SYSTEMPATH\BaseModel.php(675): CodeIgniter\Model->doFindAll(0, 0)
 4 APPPATH\Controllers\Tag.php(38): CodeIgniter\BaseModel->findAll()
 5 SYSTEMPATH\CodeIgniter.php(933): App\Controllers\Tag->index()
 6 SYSTEMPATH\CodeIgniter.php(509): CodeIgniter\CodeIgniter->runController(Object(App\Controllers\Tag))
 7 SYSTEMPATH\CodeIgniter.php(355): CodeIgniter\CodeIgniter->handleRequest(null, Object(Config\Cache), false)
 8 SYSTEMPATH\Boot.php(334): CodeIgniter\CodeIgniter->run()
 9 SYSTEMPATH\Boot.php(67): CodeIgniter\Boot::runCodeIgniter(Object(CodeIgniter\CodeIgniter))
10 FCPATH\index.php(56): CodeIgniter\Boot::bootWeb(Object(Config\Paths))
11 SYSTEMPATH\rewrite.php(44): require_once('C:\\xampp\\htdocs\\exiaa-material-api\\public\\index.php')
CRITICAL - 2025-10-18 04:29:09 --> [Caused by] CodeIgniter\Database\Exceptions\DatabaseException: Table 'exiaa_ex0002.tags' doesn't exist
in SYSTEMPATH\Database\MySQLi\Connection.php on line 317.
 1 SYSTEMPATH\Database\BaseConnection.php(734): CodeIgniter\Database\MySQLi\Connection->execute('SELECT *
FROM `tags`
WHERE `businessId` = \'3\'')
 2 SYSTEMPATH\Database\BaseConnection.php(648): CodeIgniter\Database\BaseConnection->simpleQuery('SELECT *
FROM `tags`
WHERE `businessId` = \'3\'')
 3 SYSTEMPATH\Database\BaseBuilder.php(1644): CodeIgniter\Database\BaseConnection->query('SELECT *
FROM `tags`
WHERE `businessId` = :businessId:', [...], false)
 4 SYSTEMPATH\Model.php(286): CodeIgniter\Database\BaseBuilder->get()
 5 SYSTEMPATH\BaseModel.php(675): CodeIgniter\Model->doFindAll(0, 0)
 6 APPPATH\Controllers\Tag.php(38): CodeIgniter\BaseModel->findAll()
 7 SYSTEMPATH\CodeIgniter.php(933): App\Controllers\Tag->index()
 8 SYSTEMPATH\CodeIgniter.php(509): CodeIgniter\CodeIgniter->runController(Object(App\Controllers\Tag))
 9 SYSTEMPATH\CodeIgniter.php(355): CodeIgniter\CodeIgniter->handleRequest(null, Object(Config\Cache), false)
10 SYSTEMPATH\Boot.php(334): CodeIgniter\CodeIgniter->run()
11 SYSTEMPATH\Boot.php(67): CodeIgniter\Boot::runCodeIgniter(Object(CodeIgniter\CodeIgniter))
12 FCPATH\index.php(56): CodeIgniter\Boot::bootWeb(Object(Config\Paths))
13 SYSTEMPATH\rewrite.php(44): require_once('C:\\xampp\\htdocs\\exiaa-material-api\\public\\index.php')
CRITICAL - 2025-10-18 04:29:09 --> [Caused by] mysqli_sql_exception: Table 'exiaa_ex0002.tags' doesn't exist
in SYSTEMPATH\Database\MySQLi\Connection.php on line 312.
 1 SYSTEMPATH\Database\MySQLi\Connection.php(312): mysqli->query('SELECT *
FROM `tags`
WHERE `businessId` = \'3\'', 0)
 2 SYSTEMPATH\Database\BaseConnection.php(734): CodeIgniter\Database\MySQLi\Connection->execute('SELECT *
FROM `tags`
WHERE `businessId` = \'3\'')
 3 SYSTEMPATH\Database\BaseConnection.php(648): CodeIgniter\Database\BaseConnection->simpleQuery('SELECT *
FROM `tags`
WHERE `businessId` = \'3\'')
 4 SYSTEMPATH\Database\BaseBuilder.php(1644): CodeIgniter\Database\BaseConnection->query('SELECT *
FROM `tags`
WHERE `businessId` = :businessId:', [...], false)
 5 SYSTEMPATH\Model.php(286): CodeIgniter\Database\BaseBuilder->get()
 6 SYSTEMPATH\BaseModel.php(675): CodeIgniter\Model->doFindAll(0, 0)
 7 APPPATH\Controllers\Tag.php(38): CodeIgniter\BaseModel->findAll()
 8 SYSTEMPATH\CodeIgniter.php(933): App\Controllers\Tag->index()
 9 SYSTEMPATH\CodeIgniter.php(509): CodeIgniter\CodeIgniter->runController(Object(App\Controllers\Tag))
10 SYSTEMPATH\CodeIgniter.php(355): CodeIgniter\CodeIgniter->handleRequest(null, Object(Config\Cache), false)
11 SYSTEMPATH\Boot.php(334): CodeIgniter\CodeIgniter->run()
12 SYSTEMPATH\Boot.php(67): CodeIgniter\Boot::runCodeIgniter(Object(CodeIgniter\CodeIgniter))
13 FCPATH\index.php(56): CodeIgniter\Boot::bootWeb(Object(Config\Paths))
14 SYSTEMPATH\rewrite.php(44): require_once('C:\\xampp\\htdocs\\exiaa-material-api\\public\\index.php')
ERROR - 2025-10-18 04:29:09 --> CORS Filter
ERROR - 2025-10-18 04:29:09 --> Origin: http://localhost:4200
ERROR - 2025-10-18 04:29:34 --> CORS Filter
ERROR - 2025-10-18 04:29:34 --> Origin: http://localhost:4200
ERROR - 2025-10-18 04:29:34 --> CORS Filter
ERROR - 2025-10-18 04:29:34 --> Origin: http://localhost:4200
ERROR - 2025-10-18 04:29:35 --> CORS Filter
ERROR - 2025-10-18 04:29:35 --> Origin: http://localhost:4200
ERROR - 2025-10-18 04:29:35 --> CORS Filter
ERROR - 2025-10-18 04:29:35 --> Origin: http://localhost:4200
ERROR - 2025-10-18 04:29:36 --> CORS Filter
ERROR - 2025-10-18 04:29:36 --> Origin: http://localhost:4200
ERROR - 2025-10-18 04:29:36 --> CORS Filter
ERROR - 2025-10-18 04:29:36 --> Origin: http://localhost:4200
ERROR - 2025-10-18 04:29:39 --> CORS Filter
ERROR - 2025-10-18 04:29:39 --> Origin: http://localhost:4200
ERROR - 2025-10-18 04:29:40 --> CORS Filter
ERROR - 2025-10-18 04:29:40 --> Origin: http://localhost:4200
ERROR - 2025-10-18 04:29:40 --> CORS Filter
ERROR - 2025-10-18 04:29:40 --> Origin: http://localhost:4200
ERROR - 2025-10-18 04:29:40 --> CORS Filter
ERROR - 2025-10-18 04:29:40 --> Origin: http://localhost:4200
ERROR - 2025-10-18 04:29:41 --> CORS Filter
ERROR - 2025-10-18 04:29:41 --> Origin: http://localhost:4200
ERROR - 2025-10-18 04:29:41 --> mysqli_sql_exception: Table 'exiaa_ex0002.tags' doesn't exist in C:\xampp\htdocs\exiaa-material-api\vendor\codeigniter4\framework\system\Database\MySQLi\Connection.php:312
Stack trace:
#0 C:\xampp\htdocs\exiaa-material-api\vendor\codeigniter4\framework\system\Database\MySQLi\Connection.php(312): mysqli->query('SELECT *\nFROM `...', 0)
#1 C:\xampp\htdocs\exiaa-material-api\vendor\codeigniter4\framework\system\Database\BaseConnection.php(734): CodeIgniter\Database\MySQLi\Connection->execute('SELECT *\nFROM `...')
#2 C:\xampp\htdocs\exiaa-material-api\vendor\codeigniter4\framework\system\Database\BaseConnection.php(648): CodeIgniter\Database\BaseConnection->simpleQuery('SELECT *\nFROM `...')
#3 C:\xampp\htdocs\exiaa-material-api\vendor\codeigniter4\framework\system\Database\BaseBuilder.php(1644): CodeIgniter\Database\BaseConnection->query('SELECT *\nFROM `...', Array, false)
#4 C:\xampp\htdocs\exiaa-material-api\vendor\codeigniter4\framework\system\Model.php(286): CodeIgniter\Database\BaseBuilder->get()
#5 C:\xampp\htdocs\exiaa-material-api\vendor\codeigniter4\framework\system\BaseModel.php(675): CodeIgniter\Model->doFindAll(0, 0)
#6 C:\xampp\htdocs\exiaa-material-api\app\Controllers\Tag.php(38): CodeIgniter\BaseModel->findAll()
#7 C:\xampp\htdocs\exiaa-material-api\vendor\codeigniter4\framework\system\CodeIgniter.php(933): App\Controllers\Tag->index()
#8 C:\xampp\htdocs\exiaa-material-api\vendor\codeigniter4\framework\system\CodeIgniter.php(509): CodeIgniter\CodeIgniter->runController(Object(App\Controllers\Tag))
#9 C:\xampp\htdocs\exiaa-material-api\vendor\codeigniter4\framework\system\CodeIgniter.php(355): CodeIgniter\CodeIgniter->handleRequest(NULL, Object(Config\Cache), false)
#10 C:\xampp\htdocs\exiaa-material-api\vendor\codeigniter4\framework\system\Boot.php(334): CodeIgniter\CodeIgniter->run()
#11 C:\xampp\htdocs\exiaa-material-api\vendor\codeigniter4\framework\system\Boot.php(67): CodeIgniter\Boot::runCodeIgniter(Object(CodeIgniter\CodeIgniter))
#12 C:\xampp\htdocs\exiaa-material-api\public\index.php(56): CodeIgniter\Boot::bootWeb(Object(Config\Paths))
#13 C:\xampp\htdocs\exiaa-material-api\vendor\codeigniter4\framework\system\rewrite.php(44): require_once('C:\\xampp\\htdocs...')
#14 {main}
CRITICAL - 2025-10-18 04:29:41 --> CodeIgniter\Database\Exceptions\DatabaseException: Table 'exiaa_ex0002.tags' doesn't exist
[Method: POST, Route: api/tag/getall]
in SYSTEMPATH\Database\BaseConnection.php on line 688.
 1 SYSTEMPATH\Database\BaseBuilder.php(1644): CodeIgniter\Database\BaseConnection->query('SELECT *
FROM `tags`
WHERE `businessId` = :businessId:', [...], false)
 2 SYSTEMPATH\Model.php(286): CodeIgniter\Database\BaseBuilder->get()
 3 SYSTEMPATH\BaseModel.php(675): CodeIgniter\Model->doFindAll(0, 0)
 4 APPPATH\Controllers\Tag.php(38): CodeIgniter\BaseModel->findAll()
 5 SYSTEMPATH\CodeIgniter.php(933): App\Controllers\Tag->index()
 6 SYSTEMPATH\CodeIgniter.php(509): CodeIgniter\CodeIgniter->runController(Object(App\Controllers\Tag))
 7 SYSTEMPATH\CodeIgniter.php(355): CodeIgniter\CodeIgniter->handleRequest(null, Object(Config\Cache), false)
 8 SYSTEMPATH\Boot.php(334): CodeIgniter\CodeIgniter->run()
 9 SYSTEMPATH\Boot.php(67): CodeIgniter\Boot::runCodeIgniter(Object(CodeIgniter\CodeIgniter))
10 FCPATH\index.php(56): CodeIgniter\Boot::bootWeb(Object(Config\Paths))
11 SYSTEMPATH\rewrite.php(44): require_once('C:\\xampp\\htdocs\\exiaa-material-api\\public\\index.php')
CRITICAL - 2025-10-18 04:29:41 --> [Caused by] CodeIgniter\Database\Exceptions\DatabaseException: Table 'exiaa_ex0002.tags' doesn't exist
in SYSTEMPATH\Database\MySQLi\Connection.php on line 317.
 1 SYSTEMPATH\Database\BaseConnection.php(734): CodeIgniter\Database\MySQLi\Connection->execute('SELECT *
FROM `tags`
WHERE `businessId` = \'3\'')
 2 SYSTEMPATH\Database\BaseConnection.php(648): CodeIgniter\Database\BaseConnection->simpleQuery('SELECT *
FROM `tags`
WHERE `businessId` = \'3\'')
 3 SYSTEMPATH\Database\BaseBuilder.php(1644): CodeIgniter\Database\BaseConnection->query('SELECT *
FROM `tags`
WHERE `businessId` = :businessId:', [...], false)
 4 SYSTEMPATH\Model.php(286): CodeIgniter\Database\BaseBuilder->get()
 5 SYSTEMPATH\BaseModel.php(675): CodeIgniter\Model->doFindAll(0, 0)
 6 APPPATH\Controllers\Tag.php(38): CodeIgniter\BaseModel->findAll()
 7 SYSTEMPATH\CodeIgniter.php(933): App\Controllers\Tag->index()
 8 SYSTEMPATH\CodeIgniter.php(509): CodeIgniter\CodeIgniter->runController(Object(App\Controllers\Tag))
 9 SYSTEMPATH\CodeIgniter.php(355): CodeIgniter\CodeIgniter->handleRequest(null, Object(Config\Cache), false)
10 SYSTEMPATH\Boot.php(334): CodeIgniter\CodeIgniter->run()
11 SYSTEMPATH\Boot.php(67): CodeIgniter\Boot::runCodeIgniter(Object(CodeIgniter\CodeIgniter))
12 FCPATH\index.php(56): CodeIgniter\Boot::bootWeb(Object(Config\Paths))
13 SYSTEMPATH\rewrite.php(44): require_once('C:\\xampp\\htdocs\\exiaa-material-api\\public\\index.php')
CRITICAL - 2025-10-18 04:29:41 --> [Caused by] mysqli_sql_exception: Table 'exiaa_ex0002.tags' doesn't exist
in SYSTEMPATH\Database\MySQLi\Connection.php on line 312.
 1 SYSTEMPATH\Database\MySQLi\Connection.php(312): mysqli->query('SELECT *
FROM `tags`
WHERE `businessId` = \'3\'', 0)
 2 SYSTEMPATH\Database\BaseConnection.php(734): CodeIgniter\Database\MySQLi\Connection->execute('SELECT *
FROM `tags`
WHERE `businessId` = \'3\'')
 3 SYSTEMPATH\Database\BaseConnection.php(648): CodeIgniter\Database\BaseConnection->simpleQuery('SELECT *
FROM `tags`
WHERE `businessId` = \'3\'')
 4 SYSTEMPATH\Database\BaseBuilder.php(1644): CodeIgniter\Database\BaseConnection->query('SELECT *
FROM `tags`
WHERE `businessId` = :businessId:', [...], false)
 5 SYSTEMPATH\Model.php(286): CodeIgniter\Database\BaseBuilder->get()
 6 SYSTEMPATH\BaseModel.php(675): CodeIgniter\Model->doFindAll(0, 0)
 7 APPPATH\Controllers\Tag.php(38): CodeIgniter\BaseModel->findAll()
 8 SYSTEMPATH\CodeIgniter.php(933): App\Controllers\Tag->index()
 9 SYSTEMPATH\CodeIgniter.php(509): CodeIgniter\CodeIgniter->runController(Object(App\Controllers\Tag))
10 SYSTEMPATH\CodeIgniter.php(355): CodeIgniter\CodeIgniter->handleRequest(null, Object(Config\Cache), false)
11 SYSTEMPATH\Boot.php(334): CodeIgniter\CodeIgniter->run()
12 SYSTEMPATH\Boot.php(67): CodeIgniter\Boot::runCodeIgniter(Object(CodeIgniter\CodeIgniter))
13 FCPATH\index.php(56): CodeIgniter\Boot::bootWeb(Object(Config\Paths))
14 SYSTEMPATH\rewrite.php(44): require_once('C:\\xampp\\htdocs\\exiaa-material-api\\public\\index.php')
ERROR - 2025-10-18 04:29:41 --> CORS Filter
ERROR - 2025-10-18 04:29:41 --> Origin: http://localhost:4200
ERROR - 2025-10-18 04:29:41 --> Inside getAllItemCategory function
ERROR - 2025-10-18 04:29:41 --> Tenant Header: {"DSN":"","hostname":"localhost","username":"root","password":"","database":"exiaa_ex0002","DBDriver":"MySQLi","DBPrefix":"","pConnect":false,"DBDebug":true,"charset":"utf8","DBCollat":"utf8_general_ci","swapPre":"","encrypt":false,"compress":false,"strictOn":false,"failover":[],"port":3306}
ERROR - 2025-10-18 04:29:41 --> CORS Filter
ERROR - 2025-10-18 04:29:41 --> Origin: http://localhost:4200
ERROR - 2025-10-18 04:36:43 --> CORS Filter
ERROR - 2025-10-18 04:36:43 --> Origin: http://localhost:4200
ERROR - 2025-10-18 04:36:43 --> CORS Filter
ERROR - 2025-10-18 04:36:43 --> Origin: http://localhost:4200
ERROR - 2025-10-18 04:36:44 --> CORS Filter
ERROR - 2025-10-18 04:36:44 --> Origin: http://localhost:4200
ERROR - 2025-10-18 04:36:44 --> CORS Filter
ERROR - 2025-10-18 04:36:44 --> Origin: http://localhost:4200
ERROR - 2025-10-18 04:36:46 --> CORS Filter
ERROR - 2025-10-18 04:36:46 --> Origin: http://localhost:4200
ERROR - 2025-10-18 04:36:47 --> CORS Filter
ERROR - 2025-10-18 04:36:47 --> Origin: http://localhost:4200
ERROR - 2025-10-18 04:36:47 --> CORS Filter
ERROR - 2025-10-18 04:36:47 --> Origin: http://localhost:4200
ERROR - 2025-10-18 04:36:47 --> CORS Filter
ERROR - 2025-10-18 04:36:47 --> Origin: http://localhost:4200
ERROR - 2025-10-18 04:36:47 --> CORS Filter
ERROR - 2025-10-18 04:36:47 --> Origin: http://localhost:4200
ERROR - 2025-10-18 04:36:48 --> CORS Filter
ERROR - 2025-10-18 04:36:48 --> Origin: http://localhost:4200
ERROR - 2025-10-18 04:36:48 --> CORS Filter
ERROR - 2025-10-18 04:36:48 --> Origin: http://localhost:4200
ERROR - 2025-10-18 04:36:48 --> Inside getAllItemCategory function
ERROR - 2025-10-18 04:36:48 --> Tenant Header: {"DSN":"","hostname":"localhost","username":"root","password":"","database":"exiaa_ex0002","DBDriver":"MySQLi","DBPrefix":"","pConnect":false,"DBDebug":true,"charset":"utf8","DBCollat":"utf8_general_ci","swapPre":"","encrypt":false,"compress":false,"strictOn":false,"failover":[],"port":3306}
ERROR - 2025-10-18 04:36:48 --> CORS Filter
ERROR - 2025-10-18 04:36:48 --> Origin: http://localhost:4200
ERROR - 2025-10-18 04:37:35 --> CORS Filter
ERROR - 2025-10-18 04:37:35 --> Origin: http://localhost:4200
ERROR - 2025-10-18 04:37:35 --> CORS Filter
ERROR - 2025-10-18 04:37:35 --> Origin: http://localhost:4200
ERROR - 2025-10-18 04:37:38 --> CORS Filter
ERROR - 2025-10-18 04:37:38 --> Origin: http://localhost:4200
ERROR - 2025-10-18 04:37:38 --> CORS Filter
ERROR - 2025-10-18 04:37:38 --> Origin: http://localhost:4200
ERROR - 2025-10-18 04:37:38 --> CORS Filter
ERROR - 2025-10-18 04:37:38 --> Origin: http://localhost:4200
ERROR - 2025-10-18 04:37:38 --> CORS Filter
ERROR - 2025-10-18 04:37:38 --> Origin: http://localhost:4200
ERROR - 2025-10-18 04:37:38 --> CORS Filter
ERROR - 2025-10-18 04:37:38 --> Origin: http://localhost:4200
ERROR - 2025-10-18 04:37:39 --> CORS Filter
ERROR - 2025-10-18 04:37:39 --> Origin: http://localhost:4200
ERROR - 2025-10-18 04:37:39 --> CORS Filter
ERROR - 2025-10-18 04:37:39 --> Origin: http://localhost:4200
ERROR - 2025-10-18 04:37:39 --> Inside getAllItemCategory function
ERROR - 2025-10-18 04:37:39 --> Tenant Header: {"DSN":"","hostname":"localhost","username":"root","password":"","database":"exiaa_ex0002","DBDriver":"MySQLi","DBPrefix":"","pConnect":false,"DBDebug":true,"charset":"utf8","DBCollat":"utf8_general_ci","swapPre":"","encrypt":false,"compress":false,"strictOn":false,"failover":[],"port":3306}
ERROR - 2025-10-18 04:37:39 --> CORS Filter
ERROR - 2025-10-18 04:37:39 --> Origin: http://localhost:4200
ERROR - 2025-10-18 04:37:59 --> CORS Filter
ERROR - 2025-10-18 04:37:59 --> Origin: http://localhost:4200
ERROR - 2025-10-18 04:37:59 --> CORS Filter
ERROR - 2025-10-18 04:37:59 --> Origin: http://localhost:4200
ERROR - 2025-10-18 04:37:59 --> mysqli_sql_exception: Unknown column 'ownProduct' in 'field list' in C:\xampp\htdocs\exiaa-material-api\vendor\codeigniter4\framework\system\Database\MySQLi\Connection.php:312
Stack trace:
#0 C:\xampp\htdocs\exiaa-material-api\vendor\codeigniter4\framework\system\Database\MySQLi\Connection.php(312): mysqli->query('INSERT INTO `it...', 0)
#1 C:\xampp\htdocs\exiaa-material-api\vendor\codeigniter4\framework\system\Database\BaseConnection.php(734): CodeIgniter\Database\MySQLi\Connection->execute('INSERT INTO `it...')
#2 C:\xampp\htdocs\exiaa-material-api\vendor\codeigniter4\framework\system\Database\BaseConnection.php(648): CodeIgniter\Database\BaseConnection->simpleQuery('INSERT INTO `it...')
#3 C:\xampp\htdocs\exiaa-material-api\vendor\codeigniter4\framework\system\Database\BaseBuilder.php(2340): CodeIgniter\Database\BaseConnection->query('INSERT INTO `it...', Array, false)
#4 C:\xampp\htdocs\exiaa-material-api\vendor\codeigniter4\framework\system\Model.php(394): CodeIgniter\Database\BaseBuilder->insert()
#5 C:\xampp\htdocs\exiaa-material-api\vendor\codeigniter4\framework\system\BaseModel.php(839): CodeIgniter\Model->doInsert(Array)
#6 C:\xampp\htdocs\exiaa-material-api\vendor\codeigniter4\framework\system\Model.php(800): CodeIgniter\BaseModel->insert(Array, true)
#7 C:\xampp\htdocs\exiaa-material-api\app\Controllers\Item.php(253): CodeIgniter\Model->insert(Array)
#8 C:\xampp\htdocs\exiaa-material-api\vendor\codeigniter4\framework\system\CodeIgniter.php(933): App\Controllers\Item->create()
#9 C:\xampp\htdocs\exiaa-material-api\vendor\codeigniter4\framework\system\CodeIgniter.php(509): CodeIgniter\CodeIgniter->runController(Object(App\Controllers\Item))
#10 C:\xampp\htdocs\exiaa-material-api\vendor\codeigniter4\framework\system\CodeIgniter.php(355): CodeIgniter\CodeIgniter->handleRequest(NULL, Object(Config\Cache), false)
#11 C:\xampp\htdocs\exiaa-material-api\vendor\codeigniter4\framework\system\Boot.php(334): CodeIgniter\CodeIgniter->run()
#12 C:\xampp\htdocs\exiaa-material-api\vendor\codeigniter4\framework\system\Boot.php(67): CodeIgniter\Boot::runCodeIgniter(Object(CodeIgniter\CodeIgniter))
#13 C:\xampp\htdocs\exiaa-material-api\public\index.php(56): CodeIgniter\Boot::bootWeb(Object(Config\Paths))
#14 C:\xampp\htdocs\exiaa-material-api\vendor\codeigniter4\framework\system\rewrite.php(44): require_once('C:\\xampp\\htdocs...')
#15 {main}
CRITICAL - 2025-10-18 04:37:59 --> CodeIgniter\Database\Exceptions\DatabaseException: Unknown column 'ownProduct' in 'field list'
[Method: POST, Route: api/item/create]
in SYSTEMPATH\Database\BaseConnection.php on line 688.
 1 SYSTEMPATH\Database\BaseBuilder.php(2340): CodeIgniter\Database\BaseConnection->query('INSERT INTO `item_mst` (`itemName`, `description`, `barcode`, `sku`, `ownProduct`, `usageType`, `hsnCode`, `mrp`, `discount`, `discountType`, `finalPrice`, `minStockLevel`, `unitName`, `unitSize`, `itemCategoryId`, `tags`, `termsCondition`, `feature`, `businessId`, `itemTypeId`, `createdDate`, `modifiedDate`, `createdBy`) VALUES (:itemName:, :description:, :barcode:, :sku:, :ownProduct:, :usageType:, :hsnCode:, :mrp:, :discount:, :discountType:, :finalPrice:, :minStockLevel:, :unitName:, :unitSize:, :itemCategoryId:, :tags:, :termsCondition:, :feature:, :businessId:, :itemTypeId:, :createdDate:, :modifiedDate:, :createdBy:)', [...], false)
 2 SYSTEMPATH\Model.php(394): CodeIgniter\Database\BaseBuilder->insert()
 3 SYSTEMPATH\BaseModel.php(839): CodeIgniter\Model->doInsert([...])
 4 SYSTEMPATH\Model.php(800): CodeIgniter\BaseModel->insert([...], true)
 5 APPPATH\Controllers\Item.php(253): CodeIgniter\Model->insert([...])
 6 SYSTEMPATH\CodeIgniter.php(933): App\Controllers\Item->create()
 7 SYSTEMPATH\CodeIgniter.php(509): CodeIgniter\CodeIgniter->runController(Object(App\Controllers\Item))
 8 SYSTEMPATH\CodeIgniter.php(355): CodeIgniter\CodeIgniter->handleRequest(null, Object(Config\Cache), false)
 9 SYSTEMPATH\Boot.php(334): CodeIgniter\CodeIgniter->run()
10 SYSTEMPATH\Boot.php(67): CodeIgniter\Boot::runCodeIgniter(Object(CodeIgniter\CodeIgniter))
11 FCPATH\index.php(56): CodeIgniter\Boot::bootWeb(Object(Config\Paths))
12 SYSTEMPATH\rewrite.php(44): require_once('C:\\xampp\\htdocs\\exiaa-material-api\\public\\index.php')
CRITICAL - 2025-10-18 04:37:59 --> [Caused by] CodeIgniter\Database\Exceptions\DatabaseException: Unknown column 'ownProduct' in 'field list'
in SYSTEMPATH\Database\MySQLi\Connection.php on line 317.
 1 SYSTEMPATH\Database\BaseConnection.php(734): CodeIgniter\Database\MySQLi\Connection->execute('INSERT INTO `item_mst` (`itemName`, `description`, `barcode`, `sku`, `ownProduct`, `usageType`, `hsnCode`, `mrp`, `discount`, `discountType`, `finalPrice`, `minStockLevel`, `unitName`, `unitSize`, `itemCategoryId`, `tags`, `termsCondition`, `feature`, `businessId`, `itemTypeId`, `createdDate`, `modifiedDate`, `createdBy`) VALUES (\'product\', \'<p>xyz</p>\', \'\', \'pd001\', \'Purches\', \'Consumable\', \'\', \'10\', \'\', \'\', \'10\', \'\', \'\', \'\', \'3\', \'[]\', \'\', \'\', \'3\', \'3\', \'2025-10-18 04:37:59\', \'2025-10-18 04:37:59\', \'7\')')
 2 SYSTEMPATH\Database\BaseConnection.php(648): CodeIgniter\Database\BaseConnection->simpleQuery('INSERT INTO `item_mst` (`itemName`, `description`, `barcode`, `sku`, `ownProduct`, `usageType`, `hsnCode`, `mrp`, `discount`, `discountType`, `finalPrice`, `minStockLevel`, `unitName`, `unitSize`, `itemCategoryId`, `tags`, `termsCondition`, `feature`, `businessId`, `itemTypeId`, `createdDate`, `modifiedDate`, `createdBy`) VALUES (\'product\', \'<p>xyz</p>\', \'\', \'pd001\', \'Purches\', \'Consumable\', \'\', \'10\', \'\', \'\', \'10\', \'\', \'\', \'\', \'3\', \'[]\', \'\', \'\', \'3\', \'3\', \'2025-10-18 04:37:59\', \'2025-10-18 04:37:59\', \'7\')')
 3 SYSTEMPATH\Database\BaseBuilder.php(2340): CodeIgniter\Database\BaseConnection->query('INSERT INTO `item_mst` (`itemName`, `description`, `barcode`, `sku`, `ownProduct`, `usageType`, `hsnCode`, `mrp`, `discount`, `discountType`, `finalPrice`, `minStockLevel`, `unitName`, `unitSize`, `itemCategoryId`, `tags`, `termsCondition`, `feature`, `businessId`, `itemTypeId`, `createdDate`, `modifiedDate`, `createdBy`) VALUES (:itemName:, :description:, :barcode:, :sku:, :ownProduct:, :usageType:, :hsnCode:, :mrp:, :discount:, :discountType:, :finalPrice:, :minStockLevel:, :unitName:, :unitSize:, :itemCategoryId:, :tags:, :termsCondition:, :feature:, :businessId:, :itemTypeId:, :createdDate:, :modifiedDate:, :createdBy:)', [...], false)
 4 SYSTEMPATH\Model.php(394): CodeIgniter\Database\BaseBuilder->insert()
 5 SYSTEMPATH\BaseModel.php(839): CodeIgniter\Model->doInsert([...])
 6 SYSTEMPATH\Model.php(800): CodeIgniter\BaseModel->insert([...], true)
 7 APPPATH\Controllers\Item.php(253): CodeIgniter\Model->insert([...])
 8 SYSTEMPATH\CodeIgniter.php(933): App\Controllers\Item->create()
 9 SYSTEMPATH\CodeIgniter.php(509): CodeIgniter\CodeIgniter->runController(Object(App\Controllers\Item))
10 SYSTEMPATH\CodeIgniter.php(355): CodeIgniter\CodeIgniter->handleRequest(null, Object(Config\Cache), false)
11 SYSTEMPATH\Boot.php(334): CodeIgniter\CodeIgniter->run()
12 SYSTEMPATH\Boot.php(67): CodeIgniter\Boot::runCodeIgniter(Object(CodeIgniter\CodeIgniter))
13 FCPATH\index.php(56): CodeIgniter\Boot::bootWeb(Object(Config\Paths))
14 SYSTEMPATH\rewrite.php(44): require_once('C:\\xampp\\htdocs\\exiaa-material-api\\public\\index.php')
CRITICAL - 2025-10-18 04:37:59 --> [Caused by] mysqli_sql_exception: Unknown column 'ownProduct' in 'field list'
in SYSTEMPATH\Database\MySQLi\Connection.php on line 312.
 1 SYSTEMPATH\Database\MySQLi\Connection.php(312): mysqli->query('INSERT INTO `item_mst` (`itemName`, `description`, `barcode`, `sku`, `ownProduct`, `usageType`, `hsnCode`, `mrp`, `discount`, `discountType`, `finalPrice`, `minStockLevel`, `unitName`, `unitSize`, `itemCategoryId`, `tags`, `termsCondition`, `feature`, `businessId`, `itemTypeId`, `createdDate`, `modifiedDate`, `createdBy`) VALUES (\'product\', \'<p>xyz</p>\', \'\', \'pd001\', \'Purches\', \'Consumable\', \'\', \'10\', \'\', \'\', \'10\', \'\', \'\', \'\', \'3\', \'[]\', \'\', \'\', \'3\', \'3\', \'2025-10-18 04:37:59\', \'2025-10-18 04:37:59\', \'7\')', 0)
 2 SYSTEMPATH\Database\BaseConnection.php(734): CodeIgniter\Database\MySQLi\Connection->execute('INSERT INTO `item_mst` (`itemName`, `description`, `barcode`, `sku`, `ownProduct`, `usageType`, `hsnCode`, `mrp`, `discount`, `discountType`, `finalPrice`, `minStockLevel`, `unitName`, `unitSize`, `itemCategoryId`, `tags`, `termsCondition`, `feature`, `businessId`, `itemTypeId`, `createdDate`, `modifiedDate`, `createdBy`) VALUES (\'product\', \'<p>xyz</p>\', \'\', \'pd001\', \'Purches\', \'Consumable\', \'\', \'10\', \'\', \'\', \'10\', \'\', \'\', \'\', \'3\', \'[]\', \'\', \'\', \'3\', \'3\', \'2025-10-18 04:37:59\', \'2025-10-18 04:37:59\', \'7\')')
 3 SYSTEMPATH\Database\BaseConnection.php(648): CodeIgniter\Database\BaseConnection->simpleQuery('INSERT INTO `item_mst` (`itemName`, `description`, `barcode`, `sku`, `ownProduct`, `usageType`, `hsnCode`, `mrp`, `discount`, `discountType`, `finalPrice`, `minStockLevel`, `unitName`, `unitSize`, `itemCategoryId`, `tags`, `termsCondition`, `feature`, `businessId`, `itemTypeId`, `createdDate`, `modifiedDate`, `createdBy`) VALUES (\'product\', \'<p>xyz</p>\', \'\', \'pd001\', \'Purches\', \'Consumable\', \'\', \'10\', \'\', \'\', \'10\', \'\', \'\', \'\', \'3\', \'[]\', \'\', \'\', \'3\', \'3\', \'2025-10-18 04:37:59\', \'2025-10-18 04:37:59\', \'7\')')
 4 SYSTEMPATH\Database\BaseBuilder.php(2340): CodeIgniter\Database\BaseConnection->query('INSERT INTO `item_mst` (`itemName`, `description`, `barcode`, `sku`, `ownProduct`, `usageType`, `hsnCode`, `mrp`, `discount`, `discountType`, `finalPrice`, `minStockLevel`, `unitName`, `unitSize`, `itemCategoryId`, `tags`, `termsCondition`, `feature`, `businessId`, `itemTypeId`, `createdDate`, `modifiedDate`, `createdBy`) VALUES (:itemName:, :description:, :barcode:, :sku:, :ownProduct:, :usageType:, :hsnCode:, :mrp:, :discount:, :discountType:, :finalPrice:, :minStockLevel:, :unitName:, :unitSize:, :itemCategoryId:, :tags:, :termsCondition:, :feature:, :businessId:, :itemTypeId:, :createdDate:, :modifiedDate:, :createdBy:)', [...], false)
 5 SYSTEMPATH\Model.php(394): CodeIgniter\Database\BaseBuilder->insert()
 6 SYSTEMPATH\BaseModel.php(839): CodeIgniter\Model->doInsert([...])
 7 SYSTEMPATH\Model.php(800): CodeIgniter\BaseModel->insert([...], true)
 8 APPPATH\Controllers\Item.php(253): CodeIgniter\Model->insert([...])
 9 SYSTEMPATH\CodeIgniter.php(933): App\Controllers\Item->create()
10 SYSTEMPATH\CodeIgniter.php(509): CodeIgniter\CodeIgniter->runController(Object(App\Controllers\Item))
11 SYSTEMPATH\CodeIgniter.php(355): CodeIgniter\CodeIgniter->handleRequest(null, Object(Config\Cache), false)
12 SYSTEMPATH\Boot.php(334): CodeIgniter\CodeIgniter->run()
13 SYSTEMPATH\Boot.php(67): CodeIgniter\Boot::runCodeIgniter(Object(CodeIgniter\CodeIgniter))
14 FCPATH\index.php(56): CodeIgniter\Boot::bootWeb(Object(Config\Paths))
15 SYSTEMPATH\rewrite.php(44): require_once('C:\\xampp\\htdocs\\exiaa-material-api\\public\\index.php')
ERROR - 2025-10-18 05:19:03 --> CORS Filter
ERROR - 2025-10-18 05:19:03 --> Origin: http://localhost:4200
ERROR - 2025-10-18 05:19:04 --> CORS Filter
ERROR - 2025-10-18 05:19:04 --> Origin: http://localhost:4200
ERROR - 2025-10-18 05:19:05 --> CORS Filter
ERROR - 2025-10-18 05:19:05 --> Origin: http://localhost:4200
ERROR - 2025-10-18 05:19:05 --> CORS Filter
ERROR - 2025-10-18 05:19:05 --> Origin: http://localhost:4200
ERROR - 2025-10-18 05:19:44 --> CORS Filter
ERROR - 2025-10-18 05:19:44 --> Origin: http://localhost:4200
ERROR - 2025-10-18 05:19:45 --> CORS Filter
ERROR - 2025-10-18 05:19:45 --> Origin: http://localhost:4200
ERROR - 2025-10-18 05:19:45 --> CORS Filter
ERROR - 2025-10-18 05:19:45 --> Origin: http://localhost:4200
ERROR - 2025-10-18 05:19:45 --> CORS Filter
ERROR - 2025-10-18 05:19:45 --> Origin: http://localhost:4200
ERROR - 2025-10-18 05:19:46 --> CORS Filter
ERROR - 2025-10-18 05:19:46 --> Origin: http://localhost:4200
ERROR - 2025-10-18 05:19:47 --> CORS Filter
ERROR - 2025-10-18 05:19:47 --> Origin: http://localhost:4200
ERROR - 2025-10-18 05:19:50 --> CORS Filter
ERROR - 2025-10-18 05:19:50 --> Origin: http://localhost:4200
ERROR - 2025-10-18 05:19:51 --> CORS Filter
ERROR - 2025-10-18 05:19:51 --> Origin: http://localhost:4200
ERROR - 2025-10-18 05:19:51 --> CORS Filter
ERROR - 2025-10-18 05:19:51 --> Origin: http://localhost:4200
ERROR - 2025-10-18 05:19:51 --> CORS Filter
ERROR - 2025-10-18 05:19:51 --> Origin: http://localhost:4200
ERROR - 2025-10-18 05:19:51 --> CORS Filter
ERROR - 2025-10-18 05:19:51 --> Origin: http://localhost:4200
ERROR - 2025-10-18 05:19:51 --> CORS Filter
ERROR - 2025-10-18 05:19:51 --> Origin: http://localhost:4200
ERROR - 2025-10-18 05:19:51 --> Inside getAllItemCategory function
ERROR - 2025-10-18 05:19:51 --> Tenant Header: {"DSN":"","hostname":"localhost","username":"root","password":"","database":"exiaa_ex0002","DBDriver":"MySQLi","DBPrefix":"","pConnect":false,"DBDebug":true,"charset":"utf8","DBCollat":"utf8_general_ci","swapPre":"","encrypt":false,"compress":false,"strictOn":false,"failover":[],"port":3306}
ERROR - 2025-10-18 05:19:51 --> CORS Filter
ERROR - 2025-10-18 05:19:51 --> Origin: http://localhost:4200
ERROR - 2025-10-18 05:20:44 --> CORS Filter
ERROR - 2025-10-18 05:20:44 --> Origin: http://localhost:4200
ERROR - 2025-10-18 05:20:44 --> CORS Filter
ERROR - 2025-10-18 05:20:44 --> Origin: http://localhost:4200
ERROR - 2025-10-18 05:20:45 --> CORS Filter
ERROR - 2025-10-18 05:20:45 --> Origin: http://localhost:4200
ERROR - 2025-10-18 05:20:45 --> CORS Filter
ERROR - 2025-10-18 05:20:45 --> Origin: http://localhost:4200
ERROR - 2025-10-18 05:20:54 --> CORS Filter
ERROR - 2025-10-18 05:20:54 --> Origin: http://localhost:4200
ERROR - 2025-10-18 05:20:54 --> CORS Filter
ERROR - 2025-10-18 05:20:55 --> Origin: http://localhost:4200
ERROR - 2025-10-18 05:20:55 --> CORS Filter
ERROR - 2025-10-18 05:20:55 --> Origin: http://localhost:4200
ERROR - 2025-10-18 05:20:55 --> CORS Filter
ERROR - 2025-10-18 05:20:55 --> Origin: http://localhost:4200
ERROR - 2025-10-18 05:20:55 --> CORS Filter
ERROR - 2025-10-18 05:20:55 --> Origin: http://localhost:4200
ERROR - 2025-10-18 05:20:56 --> CORS Filter
ERROR - 2025-10-18 05:20:56 --> Origin: http://localhost:4200
ERROR - 2025-10-18 05:20:56 --> CORS Filter
ERROR - 2025-10-18 05:20:56 --> Origin: http://localhost:4200
ERROR - 2025-10-18 05:20:56 --> Inside getAllItemCategory function
ERROR - 2025-10-18 05:20:56 --> Tenant Header: {"DSN":"","hostname":"localhost","username":"root","password":"","database":"exiaa_ex0002","DBDriver":"MySQLi","DBPrefix":"","pConnect":false,"DBDebug":true,"charset":"utf8","DBCollat":"utf8_general_ci","swapPre":"","encrypt":false,"compress":false,"strictOn":false,"failover":[],"port":3306}
ERROR - 2025-10-18 05:20:56 --> CORS Filter
ERROR - 2025-10-18 05:20:56 --> Origin: http://localhost:4200
ERROR - 2025-10-18 05:21:03 --> CORS Filter
ERROR - 2025-10-18 05:21:03 --> Origin: http://localhost:4200
ERROR - 2025-10-18 05:21:03 --> CORS Filter
ERROR - 2025-10-18 05:21:03 --> Origin: http://localhost:4200
ERROR - 2025-10-18 05:21:05 --> CORS Filter
ERROR - 2025-10-18 05:21:05 --> Origin: http://localhost:4200
ERROR - 2025-10-18 05:21:05 --> CORS Filter
ERROR - 2025-10-18 05:21:05 --> Origin: http://localhost:4200
ERROR - 2025-10-18 05:21:05 --> Inside getAllItemCategory function
ERROR - 2025-10-18 05:21:05 --> Tenant Header: {"DSN":"","hostname":"localhost","username":"root","password":"","database":"exiaa_ex0002","DBDriver":"MySQLi","DBPrefix":"","pConnect":false,"DBDebug":true,"charset":"utf8","DBCollat":"utf8_general_ci","swapPre":"","encrypt":false,"compress":false,"strictOn":false,"failover":[],"port":3306}
ERROR - 2025-10-18 05:21:41 --> CORS Filter
ERROR - 2025-10-18 05:21:41 --> Origin: http://localhost:4200
ERROR - 2025-10-18 05:21:41 --> CORS Filter
ERROR - 2025-10-18 05:21:41 --> Origin: http://localhost:4200
ERROR - 2025-10-18 05:21:41 --> CORS Filter
ERROR - 2025-10-18 05:21:41 --> Origin: http://localhost:4200
ERROR - 2025-10-18 05:21:41 --> CORS Filter
ERROR - 2025-10-18 05:21:41 --> Origin: http://localhost:4200
ERROR - 2025-10-18 05:21:41 --> CORS Filter
ERROR - 2025-10-18 05:21:41 --> Origin: http://localhost:4200
ERROR - 2025-10-18 05:21:41 --> CORS Filter
ERROR - 2025-10-18 05:21:41 --> Origin: http://localhost:4200
ERROR - 2025-10-18 05:21:41 --> CORS Filter
ERROR - 2025-10-18 05:21:41 --> Origin: http://localhost:4200
ERROR - 2025-10-18 05:21:42 --> Inside getAllItemCategory function
ERROR - 2025-10-18 05:21:42 --> Tenant Header: {"DSN":"","hostname":"localhost","username":"root","password":"","database":"exiaa_ex0002","DBDriver":"MySQLi","DBPrefix":"","pConnect":false,"DBDebug":true,"charset":"utf8","DBCollat":"utf8_general_ci","swapPre":"","encrypt":false,"compress":false,"strictOn":false,"failover":[],"port":3306}
ERROR - 2025-10-18 05:21:42 --> CORS Filter
ERROR - 2025-10-18 05:21:42 --> Origin: http://localhost:4200
ERROR - 2025-10-18 05:21:51 --> CORS Filter
ERROR - 2025-10-18 05:21:51 --> Origin: http://localhost:4200
ERROR - 2025-10-18 05:21:51 --> CORS Filter
ERROR - 2025-10-18 05:21:51 --> Origin: http://localhost:4200
ERROR - 2025-10-18 05:21:57 --> CORS Filter
ERROR - 2025-10-18 05:21:57 --> Origin: http://localhost:4200
ERROR - 2025-10-18 05:21:58 --> CORS Filter
ERROR - 2025-10-18 05:21:58 --> Origin: http://localhost:4200
ERROR - 2025-10-18 05:21:58 --> CORS Filter
ERROR - 2025-10-18 05:21:58 --> Origin: http://localhost:4200
ERROR - 2025-10-18 05:21:58 --> CORS Filter
ERROR - 2025-10-18 05:21:58 --> Origin: http://localhost:4200
ERROR - 2025-10-18 05:22:06 --> CORS Filter
ERROR - 2025-10-18 05:22:06 --> Origin: http://localhost:4200
ERROR - 2025-10-18 05:22:06 --> CORS Filter
ERROR - 2025-10-18 05:22:06 --> Origin: http://localhost:4200
ERROR - 2025-10-18 05:22:07 --> CORS Filter
ERROR - 2025-10-18 05:22:07 --> Origin: http://localhost:4200
ERROR - 2025-10-18 05:22:07 --> CORS Filter
ERROR - 2025-10-18 05:22:07 --> Origin: http://localhost:4200
ERROR - 2025-10-18 05:22:07 --> CORS Filter
ERROR - 2025-10-18 05:22:07 --> Origin: http://localhost:4200
ERROR - 2025-10-18 05:22:07 --> CORS Filter
ERROR - 2025-10-18 05:22:07 --> Origin: http://localhost:4200
ERROR - 2025-10-18 05:22:07 --> CORS Filter
ERROR - 2025-10-18 05:22:07 --> Origin: http://localhost:4200
ERROR - 2025-10-18 05:22:07 --> Inside getAllItemCategory function
ERROR - 2025-10-18 05:22:07 --> Tenant Header: {"DSN":"","hostname":"localhost","username":"root","password":"","database":"exiaa_ex0002","DBDriver":"MySQLi","DBPrefix":"","pConnect":false,"DBDebug":true,"charset":"utf8","DBCollat":"utf8_general_ci","swapPre":"","encrypt":false,"compress":false,"strictOn":false,"failover":[],"port":3306}
ERROR - 2025-10-18 05:22:07 --> CORS Filter
ERROR - 2025-10-18 05:22:07 --> Origin: http://localhost:4200
ERROR - 2025-10-18 05:24:14 --> CORS Filter
ERROR - 2025-10-18 05:24:14 --> Origin: http://localhost:4200
ERROR - 2025-10-18 05:24:14 --> CORS Filter
ERROR - 2025-10-18 05:24:14 --> Origin: http://localhost:4200
ERROR - 2025-10-18 05:24:15 --> CORS Filter
ERROR - 2025-10-18 05:24:15 --> Origin: http://localhost:4200
ERROR - 2025-10-18 05:24:15 --> CORS Filter
ERROR - 2025-10-18 05:24:15 --> Origin: http://localhost:4200
ERROR - 2025-10-18 05:24:17 --> CORS Filter
ERROR - 2025-10-18 05:24:17 --> Origin: http://localhost:4200
ERROR - 2025-10-18 05:24:17 --> CORS Filter
ERROR - 2025-10-18 05:24:17 --> Origin: http://localhost:4200
ERROR - 2025-10-18 05:24:17 --> CORS Filter
ERROR - 2025-10-18 05:24:17 --> Origin: http://localhost:4200
ERROR - 2025-10-18 05:24:17 --> CORS Filter
ERROR - 2025-10-18 05:24:17 --> Origin: http://localhost:4200
ERROR - 2025-10-18 05:24:18 --> CORS Filter
ERROR - 2025-10-18 05:24:18 --> Origin: http://localhost:4200
ERROR - 2025-10-18 05:24:18 --> CORS Filter
ERROR - 2025-10-18 05:24:18 --> Origin: http://localhost:4200
ERROR - 2025-10-18 05:24:18 --> Inside getAllItemCategory function
ERROR - 2025-10-18 05:24:18 --> Tenant Header: {"DSN":"","hostname":"localhost","username":"root","password":"","database":"exiaa_ex0002","DBDriver":"MySQLi","DBPrefix":"","pConnect":false,"DBDebug":true,"charset":"utf8","DBCollat":"utf8_general_ci","swapPre":"","encrypt":false,"compress":false,"strictOn":false,"failover":[],"port":3306}
ERROR - 2025-10-18 05:24:18 --> CORS Filter
ERROR - 2025-10-18 05:24:18 --> Origin: http://localhost:4200
ERROR - 2025-10-18 05:29:06 --> CORS Filter
ERROR - 2025-10-18 05:29:06 --> Origin: http://localhost:4200
ERROR - 2025-10-18 05:29:06 --> CORS Filter
ERROR - 2025-10-18 05:29:06 --> Origin: http://localhost:4200
ERROR - 2025-10-18 05:29:07 --> CORS Filter
ERROR - 2025-10-18 05:29:07 --> Origin: http://localhost:4200
ERROR - 2025-10-18 05:29:07 --> CORS Filter
ERROR - 2025-10-18 05:29:07 --> Origin: http://localhost:4200
ERROR - 2025-10-18 05:29:07 --> CORS Filter
ERROR - 2025-10-18 05:29:07 --> Origin: http://localhost:4200
ERROR - 2025-10-18 05:29:07 --> CORS Filter
ERROR - 2025-10-18 05:29:07 --> Origin: http://localhost:4200
ERROR - 2025-10-18 05:29:07 --> CORS Filter
ERROR - 2025-10-18 05:29:07 --> Origin: http://localhost:4200
ERROR - 2025-10-18 05:29:07 --> CORS Filter
ERROR - 2025-10-18 05:29:07 --> Origin: http://localhost:4200
ERROR - 2025-10-18 05:29:07 --> CORS Filter
ERROR - 2025-10-18 05:29:07 --> Origin: http://localhost:4200
ERROR - 2025-10-18 05:29:07 --> CORS Filter
ERROR - 2025-10-18 05:29:07 --> Origin: http://localhost:4200
ERROR - 2025-10-18 05:29:07 --> CORS Filter
ERROR - 2025-10-18 05:29:07 --> Origin: http://localhost:4200
ERROR - 2025-10-18 05:29:08 --> CORS Filter
ERROR - 2025-10-18 05:29:08 --> Origin: http://localhost:4200
ERROR - 2025-10-18 05:29:08 --> CORS Filter
ERROR - 2025-10-18 05:29:08 --> Origin: http://localhost:4200
ERROR - 2025-10-18 05:29:08 --> CORS Filter
ERROR - 2025-10-18 05:29:08 --> Origin: http://localhost:4200
ERROR - 2025-10-18 05:29:08 --> CORS Filter
ERROR - 2025-10-18 05:29:08 --> Origin: http://localhost:4200
ERROR - 2025-10-18 05:29:08 --> CORS Filter
ERROR - 2025-10-18 05:29:08 --> Origin: http://localhost:4200
ERROR - 2025-10-18 05:29:08 --> CORS Filter
ERROR - 2025-10-18 05:29:08 --> Origin: http://localhost:4200
ERROR - 2025-10-18 05:29:08 --> CORS Filter
ERROR - 2025-10-18 05:29:08 --> Origin: http://localhost:4200
ERROR - 2025-10-18 05:29:08 --> CORS Filter
ERROR - 2025-10-18 05:29:08 --> Origin: http://localhost:4200
ERROR - 2025-10-18 05:29:09 --> CORS Filter
ERROR - 2025-10-18 05:29:09 --> Origin: http://localhost:4200
ERROR - 2025-10-18 05:29:09 --> CORS Filter
ERROR - 2025-10-18 05:29:09 --> Origin: http://localhost:4200
ERROR - 2025-10-18 05:29:09 --> CORS Filter
ERROR - 2025-10-18 05:29:09 --> Origin: http://localhost:4200
ERROR - 2025-10-18 05:29:09 --> CORS Filter
ERROR - 2025-10-18 05:29:09 --> Origin: http://localhost:4200
ERROR - 2025-10-18 05:29:09 --> CORS Filter
ERROR - 2025-10-18 05:29:09 --> Origin: http://localhost:4200
ERROR - 2025-10-18 05:29:09 --> CORS Filter
ERROR - 2025-10-18 05:29:09 --> Origin: http://localhost:4200
ERROR - 2025-10-18 05:29:09 --> CORS Filter
ERROR - 2025-10-18 05:29:09 --> Origin: http://localhost:4200
ERROR - 2025-10-18 05:29:10 --> CORS Filter
ERROR - 2025-10-18 05:29:10 --> Origin: http://localhost:4200
ERROR - 2025-10-18 05:29:10 --> CORS Filter
ERROR - 2025-10-18 05:29:10 --> Origin: http://localhost:4200
ERROR - 2025-10-18 05:29:10 --> CORS Filter
ERROR - 2025-10-18 05:29:10 --> Origin: http://localhost:4200
ERROR - 2025-10-18 05:29:10 --> CORS Filter
ERROR - 2025-10-18 05:29:10 --> Origin: http://localhost:4200
ERROR - 2025-10-18 05:29:10 --> CORS Filter
ERROR - 2025-10-18 05:29:10 --> Origin: http://localhost:4200
ERROR - 2025-10-18 05:29:10 --> CORS Filter
ERROR - 2025-10-18 05:29:10 --> Origin: http://localhost:4200
ERROR - 2025-10-18 05:29:10 --> CORS Filter
ERROR - 2025-10-18 05:29:10 --> Origin: http://localhost:4200
ERROR - 2025-10-18 05:29:10 --> CORS Filter
ERROR - 2025-10-18 05:29:10 --> Origin: http://localhost:4200
ERROR - 2025-10-18 05:29:10 --> CORS Filter
ERROR - 2025-10-18 05:29:10 --> Origin: http://localhost:4200
ERROR - 2025-10-18 05:29:11 --> CORS Filter
ERROR - 2025-10-18 05:29:11 --> Origin: http://localhost:4200
ERROR - 2025-10-18 05:39:49 --> CORS Filter
ERROR - 2025-10-18 05:39:49 --> Origin: http://localhost:4200
ERROR - 2025-10-18 05:39:49 --> CORS Filter
ERROR - 2025-10-18 05:39:49 --> Origin: http://localhost:4200
ERROR - 2025-10-18 05:39:50 --> CORS Filter
ERROR - 2025-10-18 05:39:50 --> Origin: http://localhost:4200
ERROR - 2025-10-18 05:39:50 --> CORS Filter
ERROR - 2025-10-18 05:39:50 --> Origin: http://localhost:4200
ERROR - 2025-10-18 05:39:50 --> CORS Filter
ERROR - 2025-10-18 05:39:50 --> Origin: http://localhost:4200
ERROR - 2025-10-18 05:39:50 --> CORS Filter
ERROR - 2025-10-18 05:39:50 --> Origin: http://localhost:4200
ERROR - 2025-10-18 05:39:50 --> CORS Filter
ERROR - 2025-10-18 05:39:50 --> Origin: http://localhost:4200
ERROR - 2025-10-18 05:39:50 --> CORS Filter
ERROR - 2025-10-18 05:39:50 --> Origin: http://localhost:4200
ERROR - 2025-10-18 05:39:51 --> CORS Filter
ERROR - 2025-10-18 05:39:51 --> Origin: http://localhost:4200
ERROR - 2025-10-18 05:39:51 --> CORS Filter
ERROR - 2025-10-18 05:39:51 --> Origin: http://localhost:4200
ERROR - 2025-10-18 05:39:51 --> CORS Filter
ERROR - 2025-10-18 05:39:51 --> Origin: http://localhost:4200
ERROR - 2025-10-18 05:39:51 --> CORS Filter
ERROR - 2025-10-18 05:39:51 --> Origin: http://localhost:4200
ERROR - 2025-10-18 05:39:51 --> CORS Filter
ERROR - 2025-10-18 05:39:51 --> Origin: http://localhost:4200
ERROR - 2025-10-18 05:39:51 --> CORS Filter
ERROR - 2025-10-18 05:39:51 --> Origin: http://localhost:4200
ERROR - 2025-10-18 05:39:51 --> CORS Filter
ERROR - 2025-10-18 05:39:51 --> Origin: http://localhost:4200
ERROR - 2025-10-18 05:39:51 --> CORS Filter
ERROR - 2025-10-18 05:39:51 --> Origin: http://localhost:4200
ERROR - 2025-10-18 05:39:52 --> CORS Filter
ERROR - 2025-10-18 05:39:52 --> Origin: http://localhost:4200
ERROR - 2025-10-18 05:39:52 --> CORS Filter
ERROR - 2025-10-18 05:39:52 --> Origin: http://localhost:4200
ERROR - 2025-10-18 05:39:52 --> CORS Filter
ERROR - 2025-10-18 05:39:52 --> Origin: http://localhost:4200
ERROR - 2025-10-18 05:39:52 --> CORS Filter
ERROR - 2025-10-18 05:39:52 --> Origin: http://localhost:4200
ERROR - 2025-10-18 05:39:52 --> CORS Filter
ERROR - 2025-10-18 05:39:52 --> Origin: http://localhost:4200
ERROR - 2025-10-18 05:39:52 --> CORS Filter
ERROR - 2025-10-18 05:39:52 --> Origin: http://localhost:4200
ERROR - 2025-10-18 05:39:52 --> Inside getAllItemCategory function
ERROR - 2025-10-18 05:39:52 --> Tenant Header: {"DSN":"","hostname":"localhost","username":"root","password":"","database":"exiaa_ex0002","DBDriver":"MySQLi","DBPrefix":"","pConnect":false,"DBDebug":true,"charset":"utf8","DBCollat":"utf8_general_ci","swapPre":"","encrypt":false,"compress":false,"strictOn":false,"failover":[],"port":3306}
ERROR - 2025-10-18 05:39:52 --> CORS Filter
ERROR - 2025-10-18 05:39:52 --> Origin: http://localhost:4200
ERROR - 2025-10-18 05:39:53 --> CORS Filter
ERROR - 2025-10-18 05:39:53 --> Origin: http://localhost:4200
ERROR - 2025-10-18 05:39:53 --> CORS Filter
ERROR - 2025-10-18 05:39:53 --> Origin: http://localhost:4200
ERROR - 2025-10-18 05:39:53 --> CORS Filter
ERROR - 2025-10-18 05:39:53 --> Origin: http://localhost:4200
ERROR - 2025-10-18 05:39:53 --> CORS Filter
ERROR - 2025-10-18 05:39:53 --> Origin: http://localhost:4200
ERROR - 2025-10-18 05:39:53 --> CORS Filter
ERROR - 2025-10-18 05:39:53 --> Origin: http://localhost:4200
ERROR - 2025-10-18 05:40:41 --> CORS Filter
ERROR - 2025-10-18 05:40:41 --> Origin: http://localhost:4200
ERROR - 2025-10-18 05:40:42 --> CORS Filter
ERROR - 2025-10-18 05:40:42 --> Origin: http://localhost:4200
ERROR - 2025-10-18 06:49:23 --> CORS Filter
ERROR - 2025-10-18 06:49:23 --> Origin: http://localhost:4200
ERROR - 2025-10-18 06:49:24 --> CORS Filter
ERROR - 2025-10-18 06:49:24 --> Origin: http://localhost:4200
ERROR - 2025-10-18 06:53:46 --> CORS Filter
ERROR - 2025-10-18 06:53:46 --> Origin: http://localhost:4200
ERROR - 2025-10-18 06:53:46 --> CORS Filter
ERROR - 2025-10-18 06:53:46 --> Origin: http://localhost:4200
ERROR - 2025-10-18 07:23:02 --> CORS Filter
ERROR - 2025-10-18 07:23:02 --> Origin: http://localhost:4200
ERROR - 2025-10-18 07:23:02 --> CORS Filter
ERROR - 2025-10-18 07:23:02 --> Origin: http://localhost:4200
ERROR - 2025-10-18 07:23:02 --> CORS Filter
ERROR - 2025-10-18 07:23:02 --> Origin: http://localhost:4200
ERROR - 2025-10-18 07:23:03 --> CORS Filter
ERROR - 2025-10-18 07:23:03 --> Origin: http://localhost:4200
ERROR - 2025-10-18 07:23:03 --> CORS Filter
ERROR - 2025-10-18 07:23:03 --> Origin: http://localhost:4200
ERROR - 2025-10-18 07:23:03 --> CORS Filter
ERROR - 2025-10-18 07:23:03 --> Origin: http://localhost:4200
ERROR - 2025-10-18 07:23:04 --> CORS Filter
ERROR - 2025-10-18 07:23:04 --> Origin: http://localhost:4200
ERROR - 2025-10-18 07:23:08 --> CORS Filter
ERROR - 2025-10-18 07:23:08 --> Origin: http://localhost:4200
ERROR - 2025-10-18 07:23:10 --> CORS Filter
ERROR - 2025-10-18 07:23:10 --> Origin: http://localhost:4200
ERROR - 2025-10-18 07:23:13 --> CORS Filter
ERROR - 2025-10-18 07:23:13 --> Origin: http://localhost:4200
ERROR - 2025-10-18 07:23:14 --> CORS Filter
ERROR - 2025-10-18 07:23:14 --> Origin: http://localhost:4200
ERROR - 2025-10-18 07:23:17 --> CORS Filter
ERROR - 2025-10-18 07:23:17 --> Origin: http://localhost:4200
ERROR - 2025-10-18 07:23:26 --> CORS Filter
ERROR - 2025-10-18 07:23:26 --> Origin: http://localhost:4200
ERROR - 2025-10-18 07:23:26 --> CORS Filter
ERROR - 2025-10-18 07:23:26 --> Origin: http://localhost:4200
ERROR - 2025-10-18 07:43:55 --> CORS Filter
ERROR - 2025-10-18 07:43:55 --> Origin: http://localhost:4200
ERROR - 2025-10-18 07:43:55 --> CORS Filter
ERROR - 2025-10-18 07:43:55 --> Origin: http://localhost:4200
ERROR - 2025-10-18 07:43:55 --> Insert Data: {"fName":"dfg","lName":"gddg","primaryMobileNo":null,"email":null,"address":null,"companyName":null,"location":null,"requirementDetails":null,"businessId":3,"inquiryNo":"RP-013"}
ERROR - 2025-10-18 07:43:55 --> mysqli_sql_exception: Column 'primaryMobileNo' cannot be null in C:\xampp\htdocs\exiaa-material-api\vendor\codeigniter4\framework\system\Database\MySQLi\Connection.php:312
Stack trace:
#0 C:\xampp\htdocs\exiaa-material-api\vendor\codeigniter4\framework\system\Database\MySQLi\Connection.php(312): mysqli->query('INSERT INTO `le...', 0)
#1 C:\xampp\htdocs\exiaa-material-api\vendor\codeigniter4\framework\system\Database\BaseConnection.php(734): CodeIgniter\Database\MySQLi\Connection->execute('INSERT INTO `le...')
#2 C:\xampp\htdocs\exiaa-material-api\vendor\codeigniter4\framework\system\Database\BaseConnection.php(648): CodeIgniter\Database\BaseConnection->simpleQuery('INSERT INTO `le...')
#3 C:\xampp\htdocs\exiaa-material-api\vendor\codeigniter4\framework\system\Database\BaseBuilder.php(2340): CodeIgniter\Database\BaseConnection->query('INSERT INTO `le...', Array, false)
#4 C:\xampp\htdocs\exiaa-material-api\vendor\codeigniter4\framework\system\Model.php(394): CodeIgniter\Database\BaseBuilder->insert()
#5 C:\xampp\htdocs\exiaa-material-api\vendor\codeigniter4\framework\system\BaseModel.php(839): CodeIgniter\Model->doInsert(Array)
#6 C:\xampp\htdocs\exiaa-material-api\vendor\codeigniter4\framework\system\Model.php(800): CodeIgniter\BaseModel->insert(Array, true)
#7 C:\xampp\htdocs\exiaa-material-api\app\Controllers\Lead.php(385): CodeIgniter\Model->insert(Array)
#8 C:\xampp\htdocs\exiaa-material-api\vendor\codeigniter4\framework\system\CodeIgniter.php(933): App\Controllers\Lead->createWeb()
#9 C:\xampp\htdocs\exiaa-material-api\vendor\codeigniter4\framework\system\CodeIgniter.php(509): CodeIgniter\CodeIgniter->runController(Object(App\Controllers\Lead))
#10 C:\xampp\htdocs\exiaa-material-api\vendor\codeigniter4\framework\system\CodeIgniter.php(355): CodeIgniter\CodeIgniter->handleRequest(NULL, Object(Config\Cache), false)
#11 C:\xampp\htdocs\exiaa-material-api\vendor\codeigniter4\framework\system\Boot.php(334): CodeIgniter\CodeIgniter->run()
#12 C:\xampp\htdocs\exiaa-material-api\vendor\codeigniter4\framework\system\Boot.php(67): CodeIgniter\Boot::runCodeIgniter(Object(CodeIgniter\CodeIgniter))
#13 C:\xampp\htdocs\exiaa-material-api\public\index.php(56): CodeIgniter\Boot::bootWeb(Object(Config\Paths))
#14 C:\xampp\htdocs\exiaa-material-api\vendor\codeigniter4\framework\system\rewrite.php(44): require_once('C:\\xampp\\htdocs...')
#15 {main}
ERROR - 2025-10-18 07:43:55 --> CreateWeb Lead Exception: Column 'primaryMobileNo' cannot be null
ERROR - 2025-10-18 07:44:25 --> CORS Filter
ERROR - 2025-10-18 07:44:25 --> Origin: http://localhost:4200
ERROR - 2025-10-18 07:44:25 --> CORS Filter
ERROR - 2025-10-18 07:44:25 --> Origin: http://localhost:4200
ERROR - 2025-10-18 07:44:25 --> Insert Data: {"fName":"dfsd","lName":"fd","primaryMobileNo":"8989898989","email":null,"address":null,"companyName":null,"location":null,"requirementDetails":null,"businessId":3,"inquiryNo":"RP-013"}
ERROR - 2025-10-18 07:50:37 --> CORS Filter
ERROR - 2025-10-18 07:50:37 --> Origin: http://localhost:4200
ERROR - 2025-10-18 07:50:37 --> CORS Filter
ERROR - 2025-10-18 07:50:37 --> Origin: http://localhost:4200
ERROR - 2025-10-18 07:50:37 --> Insert Data: {"fName":"fsd","lName":"sdfs","primaryMobileNo":"5656565656","email":null,"address":null,"companyName":"sdfd","location":null,"requirementDetails":null,"businessId":3,"inquiryNo":"RP-014"}
ERROR - 2025-10-18 08:05:46 --> CORS Filter
ERROR - 2025-10-18 08:05:46 --> Origin: http://localhost:4200
ERROR - 2025-10-18 08:05:46 --> CORS Filter
ERROR - 2025-10-18 08:05:46 --> Origin: http://localhost:4200
ERROR - 2025-10-18 08:05:57 --> CORS Filter
ERROR - 2025-10-18 08:05:57 --> Origin: http://localhost:4200
ERROR - 2025-10-18 08:05:57 --> CORS Filter
ERROR - 2025-10-18 08:05:57 --> Origin: http://localhost:4200
ERROR - 2025-10-18 08:05:57 --> Insert Data: {"fName":"dfdf","lName":"fs","primaryMobileNo":null,"email":null,"address":null,"companyName":null,"location":null,"requirementDetails":null,"businessId":3,"inquiryNo":"RP-015"}
ERROR - 2025-10-18 08:05:58 --> mysqli_sql_exception: Column 'primaryMobileNo' cannot be null in C:\xampp\htdocs\exiaa-material-api\vendor\codeigniter4\framework\system\Database\MySQLi\Connection.php:312
Stack trace:
#0 C:\xampp\htdocs\exiaa-material-api\vendor\codeigniter4\framework\system\Database\MySQLi\Connection.php(312): mysqli->query('INSERT INTO `le...', 0)
#1 C:\xampp\htdocs\exiaa-material-api\vendor\codeigniter4\framework\system\Database\BaseConnection.php(734): CodeIgniter\Database\MySQLi\Connection->execute('INSERT INTO `le...')
#2 C:\xampp\htdocs\exiaa-material-api\vendor\codeigniter4\framework\system\Database\BaseConnection.php(648): CodeIgniter\Database\BaseConnection->simpleQuery('INSERT INTO `le...')
#3 C:\xampp\htdocs\exiaa-material-api\vendor\codeigniter4\framework\system\Database\BaseBuilder.php(2340): CodeIgniter\Database\BaseConnection->query('INSERT INTO `le...', Array, false)
#4 C:\xampp\htdocs\exiaa-material-api\vendor\codeigniter4\framework\system\Model.php(394): CodeIgniter\Database\BaseBuilder->insert()
#5 C:\xampp\htdocs\exiaa-material-api\vendor\codeigniter4\framework\system\BaseModel.php(839): CodeIgniter\Model->doInsert(Array)
#6 C:\xampp\htdocs\exiaa-material-api\vendor\codeigniter4\framework\system\Model.php(800): CodeIgniter\BaseModel->insert(Array, true)
#7 C:\xampp\htdocs\exiaa-material-api\app\Controllers\Lead.php(385): CodeIgniter\Model->insert(Array)
#8 C:\xampp\htdocs\exiaa-material-api\vendor\codeigniter4\framework\system\CodeIgniter.php(933): App\Controllers\Lead->createWeb()
#9 C:\xampp\htdocs\exiaa-material-api\vendor\codeigniter4\framework\system\CodeIgniter.php(509): CodeIgniter\CodeIgniter->runController(Object(App\Controllers\Lead))
#10 C:\xampp\htdocs\exiaa-material-api\vendor\codeigniter4\framework\system\CodeIgniter.php(355): CodeIgniter\CodeIgniter->handleRequest(NULL, Object(Config\Cache), false)
#11 C:\xampp\htdocs\exiaa-material-api\vendor\codeigniter4\framework\system\Boot.php(334): CodeIgniter\CodeIgniter->run()
#12 C:\xampp\htdocs\exiaa-material-api\vendor\codeigniter4\framework\system\Boot.php(67): CodeIgniter\Boot::runCodeIgniter(Object(CodeIgniter\CodeIgniter))
#13 C:\xampp\htdocs\exiaa-material-api\public\index.php(56): CodeIgniter\Boot::bootWeb(Object(Config\Paths))
#14 C:\xampp\htdocs\exiaa-material-api\vendor\codeigniter4\framework\system\rewrite.php(44): require_once('C:\\xampp\\htdocs...')
#15 {main}
ERROR - 2025-10-18 08:05:58 --> CreateWeb Lead Exception: Column 'primaryMobileNo' cannot be null
ERROR - 2025-10-18 08:06:20 --> CORS Filter
ERROR - 2025-10-18 08:06:20 --> Origin: http://localhost:4200
ERROR - 2025-10-18 08:06:21 --> CORS Filter
ERROR - 2025-10-18 08:06:21 --> Origin: http://localhost:4200
ERROR - 2025-10-18 08:06:21 --> Insert Data: {"fName":"dfd","lName":"fs","primaryMobileNo":"7887787878","email":null,"address":null,"companyName":null,"location":null,"requirementDetails":null,"businessId":3,"inquiryNo":"RP-015"}
ERROR - 2025-10-18 08:07:01 --> CORS Filter
ERROR - 2025-10-18 08:07:01 --> Origin: http://localhost:4200
ERROR - 2025-10-18 08:07:01 --> CORS Filter
ERROR - 2025-10-18 08:07:01 --> Origin: http://localhost:4200
ERROR - 2025-10-18 08:07:01 --> Insert Data: {"fName":"dffdd","lName":"df","primaryMobileNo":"7878787878","email":null,"address":null,"companyName":null,"location":null,"requirementDetails":null,"businessId":"3","inquiryNo":"RP-016"}
ERROR - 2025-10-18 08:13:21 --> CORS Filter
ERROR - 2025-10-18 08:13:21 --> Origin: http://localhost:4200
ERROR - 2025-10-18 08:13:22 --> CORS Filter
ERROR - 2025-10-18 08:13:22 --> Origin: http://localhost:4200
ERROR - 2025-10-18 08:13:22 --> Insert Data: {"fName":"dfs","lName":"","primaryMobileNo":"","email":"","address":"","companyName":"","location":"","requirementDetails":"","businessId":3,"inquiryNo":"RP-017"}
ERROR - 2025-10-18 08:17:56 --> CORS Filter
ERROR - 2025-10-18 08:17:56 --> Origin: http://localhost:4200
ERROR - 2025-10-18 08:17:56 --> CORS Filter
ERROR - 2025-10-18 08:17:56 --> Origin: http://localhost:4200
ERROR - 2025-10-18 08:17:57 --> CORS Filter
ERROR - 2025-10-18 08:17:57 --> Origin: http://localhost:4200
ERROR - 2025-10-18 08:17:57 --> CORS Filter
ERROR - 2025-10-18 08:17:57 --> Origin: http://localhost:4200
ERROR - 2025-10-18 08:17:57 --> CORS Filter
ERROR - 2025-10-18 08:17:57 --> Origin: http://localhost:4200
ERROR - 2025-10-18 08:17:58 --> CORS Filter
ERROR - 2025-10-18 08:17:58 --> Origin: http://localhost:4200
ERROR - 2025-10-18 08:17:58 --> CORS Filter
ERROR - 2025-10-18 08:17:58 --> Origin: http://localhost:4200
ERROR - 2025-10-18 08:17:58 --> CORS Filter
ERROR - 2025-10-18 08:17:58 --> Origin: http://localhost:4200
ERROR - 2025-10-18 08:17:59 --> CORS Filter
ERROR - 2025-10-18 08:17:59 --> Origin: http://localhost:4200
ERROR - 2025-10-18 08:17:59 --> CORS Filter
ERROR - 2025-10-18 08:17:59 --> Origin: http://localhost:4200
ERROR - 2025-10-18 08:18:00 --> CORS Filter
ERROR - 2025-10-18 08:18:00 --> Origin: http://localhost:4200
ERROR - 2025-10-18 08:19:52 --> CORS Filter
ERROR - 2025-10-18 08:19:52 --> Origin: http://localhost:4200
ERROR - 2025-10-18 08:19:52 --> CORS Filter
ERROR - 2025-10-18 08:19:52 --> Origin: http://localhost:4200
ERROR - 2025-10-18 08:19:52 --> CORS Filter
ERROR - 2025-10-18 08:19:52 --> Origin: http://localhost:4200
ERROR - 2025-10-18 08:19:53 --> CORS Filter
ERROR - 2025-10-18 08:19:53 --> Origin: http://localhost:4200
ERROR - 2025-10-18 08:19:53 --> CORS Filter
ERROR - 2025-10-18 08:19:53 --> Origin: http://localhost:4200
ERROR - 2025-10-18 08:19:53 --> CORS Filter
ERROR - 2025-10-18 08:19:53 --> Origin: http://localhost:4200
ERROR - 2025-10-18 08:19:53 --> CORS Filter
ERROR - 2025-10-18 08:19:53 --> Origin: http://localhost:4200
ERROR - 2025-10-18 08:19:54 --> CORS Filter
ERROR - 2025-10-18 08:19:54 --> Origin: http://localhost:4200
ERROR - 2025-10-18 08:19:54 --> CORS Filter
ERROR - 2025-10-18 08:19:54 --> Origin: http://localhost:4200
ERROR - 2025-10-18 08:19:54 --> CORS Filter
ERROR - 2025-10-18 08:19:54 --> Origin: http://localhost:4200
ERROR - 2025-10-18 08:19:55 --> CORS Filter
ERROR - 2025-10-18 08:19:55 --> Origin: http://localhost:4200
ERROR - 2025-10-18 08:21:45 --> CORS Filter
ERROR - 2025-10-18 08:21:45 --> Origin: http://localhost:4200
ERROR - 2025-10-18 08:21:45 --> CORS Filter
ERROR - 2025-10-18 08:21:45 --> Origin: http://localhost:4200
ERROR - 2025-10-18 08:21:45 --> CORS Filter
ERROR - 2025-10-18 08:21:45 --> Origin: http://localhost:4200
ERROR - 2025-10-18 08:21:45 --> CORS Filter
ERROR - 2025-10-18 08:21:45 --> Origin: http://localhost:4200
ERROR - 2025-10-18 08:21:46 --> CORS Filter
ERROR - 2025-10-18 08:21:46 --> Origin: http://localhost:4200
ERROR - 2025-10-18 08:21:46 --> CORS Filter
ERROR - 2025-10-18 08:21:46 --> Origin: http://localhost:4200
ERROR - 2025-10-18 08:21:46 --> CORS Filter
ERROR - 2025-10-18 08:21:46 --> Origin: http://localhost:4200
ERROR - 2025-10-18 08:21:47 --> CORS Filter
ERROR - 2025-10-18 08:21:47 --> Origin: http://localhost:4200
ERROR - 2025-10-18 08:21:47 --> CORS Filter
ERROR - 2025-10-18 08:21:47 --> Origin: http://localhost:4200
ERROR - 2025-10-18 08:21:47 --> CORS Filter
ERROR - 2025-10-18 08:21:47 --> Origin: http://localhost:4200
ERROR - 2025-10-18 08:21:48 --> CORS Filter
ERROR - 2025-10-18 08:21:48 --> Origin: http://localhost:4200
ERROR - 2025-10-18 08:23:21 --> CORS Filter
ERROR - 2025-10-18 08:23:21 --> Origin: http://localhost:4200
ERROR - 2025-10-18 08:23:21 --> CORS Filter
ERROR - 2025-10-18 08:23:21 --> Origin: http://localhost:4200
ERROR - 2025-10-18 08:23:21 --> CORS Filter
ERROR - 2025-10-18 08:23:21 --> Origin: http://localhost:4200
ERROR - 2025-10-18 08:23:21 --> CORS Filter
ERROR - 2025-10-18 08:23:21 --> Origin: http://localhost:4200
ERROR - 2025-10-18 08:23:21 --> CORS Filter
ERROR - 2025-10-18 08:23:21 --> Origin: http://localhost:4200
ERROR - 2025-10-18 08:23:22 --> CORS Filter
ERROR - 2025-10-18 08:23:22 --> Origin: http://localhost:4200
ERROR - 2025-10-18 08:23:22 --> CORS Filter
ERROR - 2025-10-18 08:23:22 --> Origin: http://localhost:4200
ERROR - 2025-10-18 08:23:22 --> CORS Filter
ERROR - 2025-10-18 08:23:22 --> Origin: http://localhost:4200
ERROR - 2025-10-18 08:23:23 --> CORS Filter
ERROR - 2025-10-18 08:23:23 --> Origin: http://localhost:4200
ERROR - 2025-10-18 08:23:23 --> CORS Filter
ERROR - 2025-10-18 08:23:23 --> Origin: http://localhost:4200
ERROR - 2025-10-18 08:23:23 --> CORS Filter
ERROR - 2025-10-18 08:23:23 --> Origin: http://localhost:4200
ERROR - 2025-10-18 08:23:32 --> CORS Filter
ERROR - 2025-10-18 08:23:32 --> Origin: http://localhost:4200
ERROR - 2025-10-18 08:23:32 --> CORS Filter
ERROR - 2025-10-18 08:23:32 --> Origin: http://localhost:4200
ERROR - 2025-10-18 08:23:45 --> CORS Filter
ERROR - 2025-10-18 08:23:45 --> Origin: http://localhost:4200
ERROR - 2025-10-18 08:23:45 --> CORS Filter
ERROR - 2025-10-18 08:23:45 --> Origin: http://localhost:4200
ERROR - 2025-10-18 08:23:45 --> CORS Filter
ERROR - 2025-10-18 08:23:45 --> Origin: http://localhost:4200
ERROR - 2025-10-18 08:23:45 --> CORS Filter
ERROR - 2025-10-18 08:23:45 --> Origin: http://localhost:4200
ERROR - 2025-10-18 08:23:46 --> CORS Filter
ERROR - 2025-10-18 08:23:46 --> Origin: http://localhost:4200
ERROR - 2025-10-18 08:23:46 --> CORS Filter
ERROR - 2025-10-18 08:23:46 --> Origin: http://localhost:4200
ERROR - 2025-10-18 08:23:46 --> CORS Filter
ERROR - 2025-10-18 08:23:46 --> Origin: http://localhost:4200
ERROR - 2025-10-18 08:23:46 --> CORS Filter
ERROR - 2025-10-18 08:23:46 --> Origin: http://localhost:4200
ERROR - 2025-10-18 08:23:47 --> CORS Filter
ERROR - 2025-10-18 08:23:47 --> Origin: http://localhost:4200
ERROR - 2025-10-18 08:23:47 --> CORS Filter
ERROR - 2025-10-18 08:23:47 --> Origin: http://localhost:4200
ERROR - 2025-10-18 08:23:47 --> CORS Filter
ERROR - 2025-10-18 08:23:47 --> Origin: http://localhost:4200
ERROR - 2025-10-18 08:23:47 --> CORS Filter
ERROR - 2025-10-18 08:23:47 --> Origin: http://localhost:4200
ERROR - 2025-10-18 08:23:47 --> CORS Filter
ERROR - 2025-10-18 08:23:47 --> Origin: http://localhost:4200
ERROR - 2025-10-18 08:23:47 --> CORS Filter
ERROR - 2025-10-18 08:23:47 --> Origin: http://localhost:4200
ERROR - 2025-10-18 08:23:48 --> CORS Filter
ERROR - 2025-10-18 08:23:48 --> Origin: http://localhost:4200
ERROR - 2025-10-18 08:23:48 --> CORS Filter
ERROR - 2025-10-18 08:23:48 --> Origin: http://localhost:4200
ERROR - 2025-10-18 08:23:48 --> CORS Filter
ERROR - 2025-10-18 08:23:48 --> Origin: http://localhost:4200
ERROR - 2025-10-18 08:23:49 --> CORS Filter
ERROR - 2025-10-18 08:23:49 --> Origin: http://localhost:4200
ERROR - 2025-10-18 08:23:49 --> CORS Filter
ERROR - 2025-10-18 08:23:49 --> Origin: http://localhost:4200
ERROR - 2025-10-18 08:23:49 --> CORS Filter
ERROR - 2025-10-18 08:23:49 --> Origin: http://localhost:4200
ERROR - 2025-10-18 08:23:49 --> CORS Filter
ERROR - 2025-10-18 08:23:49 --> Origin: http://localhost:4200
ERROR - 2025-10-18 08:23:50 --> CORS Filter
ERROR - 2025-10-18 08:23:50 --> Origin: http://localhost:4200
ERROR - 2025-10-18 08:23:50 --> CORS Filter
ERROR - 2025-10-18 08:23:50 --> Origin: http://localhost:4200
ERROR - 2025-10-18 08:23:50 --> CORS Filter
ERROR - 2025-10-18 08:23:50 --> Origin: http://localhost:4200
ERROR - 2025-10-18 09:09:47 --> CORS Filter
ERROR - 2025-10-18 09:09:47 --> Origin: http://localhost:4200
ERROR - 2025-10-18 09:09:47 --> CORS Filter
ERROR - 2025-10-18 09:09:47 --> Origin: http://localhost:4200
ERROR - 2025-10-18 09:09:51 --> CORS Filter
ERROR - 2025-10-18 09:09:51 --> Origin: http://localhost:4200
ERROR - 2025-10-18 09:09:51 --> CORS Filter
ERROR - 2025-10-18 09:09:51 --> Origin: http://localhost:4200
ERROR - 2025-10-18 09:09:52 --> CORS Filter
ERROR - 2025-10-18 09:09:52 --> Origin: http://localhost:4200
ERROR - 2025-10-18 09:09:52 --> CORS Filter
ERROR - 2025-10-18 09:09:52 --> Origin: http://localhost:4200
ERROR - 2025-10-18 09:10:20 --> CORS Filter
ERROR - 2025-10-18 09:10:20 --> Origin: http://localhost:4200
ERROR - 2025-10-18 09:10:20 --> CORS Filter
ERROR - 2025-10-18 09:10:20 --> Origin: http://localhost:4200
ERROR - 2025-10-18 09:11:01 --> CORS Filter
ERROR - 2025-10-18 09:11:01 --> Origin: http://localhost:4200
ERROR - 2025-10-18 09:11:01 --> CORS Filter
ERROR - 2025-10-18 09:11:01 --> Origin: http://localhost:4200
ERROR - 2025-10-18 09:11:04 --> CORS Filter
ERROR - 2025-10-18 09:11:04 --> Origin: http://localhost:4200
ERROR - 2025-10-18 09:11:04 --> CORS Filter
ERROR - 2025-10-18 09:11:04 --> Origin: http://localhost:4200
