ERROR - 2025-10-17 03:50:21 --> CORS Filter
ERROR - 2025-10-17 03:50:21 --> Origin: http://localhost:4200
ERROR - 2025-10-17 03:50:21 --> CORS Filter
ERROR - 2025-10-17 03:50:21 --> Origin: http://localhost:4200
ERROR - 2025-10-17 03:50:22 --> CORS Filter
ERROR - 2025-10-17 03:50:22 --> Origin: http://localhost:4200
ERROR - 2025-10-17 03:50:22 --> CORS Filter
ERROR - 2025-10-17 03:50:22 --> Origin: http://localhost:4200
ERROR - 2025-10-17 03:50:22 --> CORS Filter
ERROR - 2025-10-17 03:50:22 --> Origin: http://localhost:4200
ERROR - 2025-10-17 03:50:22 --> CORS Filter
ERROR - 2025-10-17 03:50:22 --> Origin: http://localhost:4200
ERROR - 2025-10-17 03:50:22 --> CORS Filter
ERROR - 2025-10-17 03:50:22 --> Origin: http://localhost:4200
ERROR - 2025-10-17 03:50:26 --> CORS Filter
ERROR - 2025-10-17 03:50:26 --> Origin: http://localhost:4200
ERROR - 2025-10-17 03:50:27 --> CORS Filter
ERROR - 2025-10-17 03:50:27 --> Origin: http://localhost:4200
ERROR - 2025-10-17 03:50:27 --> CORS Filter
ERROR - 2025-10-17 03:50:27 --> Origin: http://localhost:4200
ERROR - 2025-10-17 03:50:28 --> CORS Filter
ERROR - 2025-10-17 03:50:28 --> Origin: http://localhost:4200
ERROR - 2025-10-17 04:11:11 --> CORS Filter
ERROR - 2025-10-17 04:11:11 --> Origin: http://localhost:4200
ERROR - 2025-10-17 04:11:11 --> CORS Filter
ERROR - 2025-10-17 04:11:11 --> Origin: http://localhost:4200
ERROR - 2025-10-17 04:11:11 --> CORS Filter
ERROR - 2025-10-17 04:11:11 --> Origin: http://localhost:4200
ERROR - 2025-10-17 04:11:11 --> CORS Filter
ERROR - 2025-10-17 04:11:11 --> Origin: http://localhost:4200
ERROR - 2025-10-17 04:11:12 --> CORS Filter
ERROR - 2025-10-17 04:11:12 --> Origin: http://localhost:4200
ERROR - 2025-10-17 04:11:12 --> CORS Filter
ERROR - 2025-10-17 04:11:12 --> Origin: http://localhost:4200
ERROR - 2025-10-17 04:11:12 --> CORS Filter
ERROR - 2025-10-17 04:11:12 --> Origin: http://localhost:4200
ERROR - 2025-10-17 04:11:12 --> CORS Filter
ERROR - 2025-10-17 04:11:12 --> Origin: http://localhost:4200
ERROR - 2025-10-17 04:11:13 --> CORS Filter
ERROR - 2025-10-17 04:11:13 --> Origin: http://localhost:4200
ERROR - 2025-10-17 04:11:13 --> CORS Filter
ERROR - 2025-10-17 04:11:13 --> Origin: http://localhost:4200
ERROR - 2025-10-17 04:11:13 --> CORS Filter
ERROR - 2025-10-17 04:11:13 --> Origin: http://localhost:4200
ERROR - 2025-10-17 04:30:37 --> CORS Filter
ERROR - 2025-10-17 04:30:37 --> Origin: http://localhost:4200
ERROR - 2025-10-17 04:30:37 --> CORS Filter
ERROR - 2025-10-17 04:30:37 --> Origin: http://localhost:4200
ERROR - 2025-10-17 04:30:39 --> CORS Filter
ERROR - 2025-10-17 04:30:39 --> Origin: http://localhost:4200
ERROR - 2025-10-17 04:30:39 --> CORS Filter
ERROR - 2025-10-17 04:30:39 --> Origin: http://localhost:4200
ERROR - 2025-10-17 04:30:39 --> CORS Filter
ERROR - 2025-10-17 04:30:39 --> Origin: http://localhost:4200
ERROR - 2025-10-17 04:30:39 --> CORS Filter
ERROR - 2025-10-17 04:30:39 --> Origin: http://localhost:4200
ERROR - 2025-10-17 04:30:47 --> CORS Filter
ERROR - 2025-10-17 04:30:47 --> Origin: http://localhost:4200
ERROR - 2025-10-17 04:30:47 --> CORS Filter
ERROR - 2025-10-17 04:30:47 --> Origin: http://localhost:4200
ERROR - 2025-10-17 04:32:04 --> CORS Filter
ERROR - 2025-10-17 04:32:04 --> Origin: http://localhost:4200
ERROR - 2025-10-17 04:32:05 --> CORS Filter
ERROR - 2025-10-17 04:32:05 --> Origin: http://localhost:4200
ERROR - 2025-10-17 04:32:06 --> CORS Filter
ERROR - 2025-10-17 04:32:06 --> Origin: http://localhost:4200
ERROR - 2025-10-17 04:32:06 --> CORS Filter
ERROR - 2025-10-17 04:32:06 --> Origin: http://localhost:4200
ERROR - 2025-10-17 06:00:16 --> CORS Filter
ERROR - 2025-10-17 06:00:16 --> Origin: http://localhost:4200
ERROR - 2025-10-17 06:00:16 --> CORS Filter
ERROR - 2025-10-17 06:00:16 --> Origin: http://localhost:4200
ERROR - 2025-10-17 06:00:34 --> CORS Filter
ERROR - 2025-10-17 06:00:34 --> Origin: http://localhost:4200
ERROR - 2025-10-17 06:00:34 --> CORS Filter
ERROR - 2025-10-17 06:00:34 --> Origin: http://localhost:4200
ERROR - 2025-10-17 07:31:48 --> CORS Filter
ERROR - 2025-10-17 07:31:48 --> Origin: http://localhost:4200
ERROR - 2025-10-17 07:31:48 --> CORS Filter
ERROR - 2025-10-17 07:31:48 --> Origin: http://localhost:4200
ERROR - 2025-10-17 08:38:45 --> CORS Filter
ERROR - 2025-10-17 08:38:45 --> Origin: http://localhost:4200
ERROR - 2025-10-17 08:38:46 --> CORS Filter
ERROR - 2025-10-17 08:38:46 --> Origin: http://localhost:4200
ERROR - 2025-10-17 08:42:16 --> CORS Filter
ERROR - 2025-10-17 08:42:16 --> Origin: http://localhost:4200
ERROR - 2025-10-17 08:42:16 --> CORS Filter
ERROR - 2025-10-17 08:42:16 --> Origin: http://localhost:4200
ERROR - 2025-10-17 10:32:30 --> CORS Filter
ERROR - 2025-10-17 10:32:30 --> Origin: http://localhost:4200
ERROR - 2025-10-17 10:32:30 --> CORS Filter
ERROR - 2025-10-17 10:32:30 --> Origin: http://localhost:4200
ERROR - 2025-10-17 10:32:31 --> Create Lead Exception: Undefined variable $lastInquiry
ERROR - 2025-10-17 10:34:12 --> CORS Filter
ERROR - 2025-10-17 10:34:12 --> Origin: http://localhost:4200
ERROR - 2025-10-17 10:34:13 --> CORS Filter
ERROR - 2025-10-17 10:34:13 --> Origin: http://localhost:4200
ERROR - 2025-10-17 10:42:27 --> CORS Filter
ERROR - 2025-10-17 10:42:27 --> Origin: http://localhost:4200
ERROR - 2025-10-17 10:42:27 --> CORS Filter
ERROR - 2025-10-17 10:42:27 --> Origin: http://localhost:4200
ERROR - 2025-10-17 10:44:20 --> CORS Filter
ERROR - 2025-10-17 10:44:20 --> Origin: http://localhost:4200
ERROR - 2025-10-17 10:44:20 --> CORS Filter
ERROR - 2025-10-17 10:44:20 --> Origin: http://localhost:4200
ERROR - 2025-10-17 10:54:59 --> CORS Filter
ERROR - 2025-10-17 10:54:59 --> Origin: http://localhost:4200
ERROR - 2025-10-17 10:55:00 --> CORS Filter
ERROR - 2025-10-17 10:55:00 --> Origin: http://localhost:4200
ERROR - 2025-10-17 10:55:02 --> CORS Filter
ERROR - 2025-10-17 10:55:02 --> Origin: http://localhost:4200
ERROR - 2025-10-17 10:55:03 --> CORS Filter
ERROR - 2025-10-17 10:55:03 --> Origin: http://localhost:4200
ERROR - 2025-10-17 10:55:03 --> CORS Filter
ERROR - 2025-10-17 10:55:03 --> Origin: http://localhost:4200
ERROR - 2025-10-17 10:55:03 --> CORS Filter
ERROR - 2025-10-17 10:55:03 --> Origin: http://localhost:4200
ERROR - 2025-10-17 10:55:15 --> CORS Filter
ERROR - 2025-10-17 10:55:15 --> Origin: http://localhost:4200
ERROR - 2025-10-17 10:55:16 --> CORS Filter
ERROR - 2025-10-17 10:55:16 --> Origin: http://localhost:4200
ERROR - 2025-10-17 10:55:16 --> CORS Filter
ERROR - 2025-10-17 10:55:16 --> Origin: http://localhost:4200
ERROR - 2025-10-17 10:55:17 --> CORS Filter
ERROR - 2025-10-17 10:55:17 --> Origin: http://localhost:4200
ERROR - 2025-10-17 10:55:24 --> CORS Filter
ERROR - 2025-10-17 10:55:24 --> Origin: http://localhost:4200
ERROR - 2025-10-17 10:55:24 --> CORS Filter
ERROR - 2025-10-17 10:55:24 --> Origin: http://localhost:4200
ERROR - 2025-10-17 11:03:14 --> CORS Filter
ERROR - 2025-10-17 11:03:14 --> Origin: http://localhost:4200
ERROR - 2025-10-17 11:03:14 --> CORS Filter
ERROR - 2025-10-17 11:03:14 --> Origin: http://localhost:4200
ERROR - 2025-10-17 11:03:14 --> CORS Filter
ERROR - 2025-10-17 11:03:14 --> Origin: http://localhost:4200
ERROR - 2025-10-17 11:03:14 --> CORS Filter
ERROR - 2025-10-17 11:03:14 --> Origin: http://localhost:4200
ERROR - 2025-10-17 11:03:14 --> CORS Filter
ERROR - 2025-10-17 11:03:14 --> Origin: http://localhost:4200
ERROR - 2025-10-17 11:03:14 --> CORS Filter
ERROR - 2025-10-17 11:03:14 --> Origin: http://localhost:4200
ERROR - 2025-10-17 11:03:15 --> CORS Filter
ERROR - 2025-10-17 11:03:15 --> Origin: http://localhost:4200
ERROR - 2025-10-17 11:03:15 --> CORS Filter
ERROR - 2025-10-17 11:03:15 --> Origin: http://localhost:4200
ERROR - 2025-10-17 11:03:15 --> CORS Filter
ERROR - 2025-10-17 11:03:15 --> Origin: http://localhost:4200
ERROR - 2025-10-17 11:03:15 --> CORS Filter
ERROR - 2025-10-17 11:03:15 --> Origin: http://localhost:4200
ERROR - 2025-10-17 11:03:16 --> CORS Filter
ERROR - 2025-10-17 11:03:16 --> Origin: http://localhost:4200
ERROR - 2025-10-17 11:03:47 --> CORS Filter
ERROR - 2025-10-17 11:03:47 --> Origin: http://localhost:4200
ERROR - 2025-10-17 11:03:47 --> CORS Filter
ERROR - 2025-10-17 11:03:47 --> Origin: http://localhost:4200
ERROR - 2025-10-17 11:23:23 --> CORS Filter
ERROR - 2025-10-17 11:23:23 --> Origin: http://localhost:4200
ERROR - 2025-10-17 11:23:23 --> CORS Filter
ERROR - 2025-10-17 11:23:23 --> Origin: http://localhost:4200
ERROR - 2025-10-17 11:23:34 --> CORS Filter
ERROR - 2025-10-17 11:23:34 --> Origin: http://localhost:4200
ERROR - 2025-10-17 11:23:35 --> CORS Filter
ERROR - 2025-10-17 11:23:35 --> Origin: http://localhost:4200
ERROR - 2025-10-17 11:23:35 --> CORS Filter
ERROR - 2025-10-17 11:23:35 --> Origin: http://localhost:4200
ERROR - 2025-10-17 11:23:43 --> CORS Filter
ERROR - 2025-10-17 11:23:43 --> Origin: http://localhost:4200
ERROR - 2025-10-17 11:23:43 --> CORS Filter
ERROR - 2025-10-17 11:23:43 --> Origin: http://localhost:4200
ERROR - 2025-10-17 11:23:45 --> CORS Filter
ERROR - 2025-10-17 11:23:45 --> Origin: http://localhost:4200
ERROR - 2025-10-17 11:23:45 --> CORS Filter
ERROR - 2025-10-17 11:23:45 --> Origin: http://localhost:4200
ERROR - 2025-10-17 11:23:45 --> CORS Filter
ERROR - 2025-10-17 11:23:45 --> Origin: http://localhost:4200
ERROR - 2025-10-17 11:23:45 --> CORS Filter
ERROR - 2025-10-17 11:23:45 --> Origin: http://localhost:4200
ERROR - 2025-10-17 11:23:46 --> CORS Filter
ERROR - 2025-10-17 11:23:46 --> Origin: http://localhost:4200
ERROR - 2025-10-17 11:23:47 --> CORS Filter
ERROR - 2025-10-17 11:23:47 --> Origin: http://localhost:4200
ERROR - 2025-10-17 11:23:59 --> CORS Filter
ERROR - 2025-10-17 11:23:59 --> Origin: http://localhost:4200
ERROR - 2025-10-17 11:23:59 --> CORS Filter
ERROR - 2025-10-17 11:23:59 --> Origin: http://localhost:4200
ERROR - 2025-10-17 11:24:18 --> CORS Filter
ERROR - 2025-10-17 11:24:18 --> Origin: http://localhost:4200
ERROR - 2025-10-17 11:24:19 --> CORS Filter
ERROR - 2025-10-17 11:24:19 --> Origin: http://localhost:4200
ERROR - 2025-10-17 11:24:19 --> CORS Filter
ERROR - 2025-10-17 11:24:19 --> Origin: http://localhost:4200
ERROR - 2025-10-17 11:24:19 --> Inside getAllItemCategory function
ERROR - 2025-10-17 11:24:19 --> Tenant Header: {"DSN":"","hostname":"localhost","username":"root","password":"","database":"exiaa_ex0002","DBDriver":"MySQLi","DBPrefix":"","pConnect":false,"DBDebug":true,"charset":"utf8","DBCollat":"utf8_general_ci","swapPre":"","encrypt":false,"compress":false,"strictOn":false,"failover":[],"port":3306}
ERROR - 2025-10-17 11:24:19 --> CORS Filter
ERROR - 2025-10-17 11:24:19 --> Origin: http://localhost:4200
ERROR - 2025-10-17 11:24:36 --> CORS Filter
ERROR - 2025-10-17 11:24:36 --> Origin: http://localhost:4200
ERROR - 2025-10-17 11:24:36 --> CORS Filter
ERROR - 2025-10-17 11:24:36 --> Origin: http://localhost:4200
ERROR - 2025-10-17 11:24:43 --> CORS Filter
ERROR - 2025-10-17 11:24:43 --> Origin: http://localhost:4200
ERROR - 2025-10-17 11:24:44 --> CORS Filter
ERROR - 2025-10-17 11:24:44 --> Origin: http://localhost:4200
ERROR - 2025-10-17 11:24:44 --> CORS Filter
ERROR - 2025-10-17 11:24:44 --> Origin: http://localhost:4200
ERROR - 2025-10-17 11:24:44 --> CORS Filter
ERROR - 2025-10-17 11:24:44 --> Origin: http://localhost:4200
ERROR - 2025-10-17 11:24:44 --> CORS Filter
ERROR - 2025-10-17 11:24:44 --> Origin: http://localhost:4200
ERROR - 2025-10-17 11:24:44 --> CORS Filter
ERROR - 2025-10-17 11:24:44 --> Origin: http://localhost:4200
ERROR - 2025-10-17 11:25:03 --> CORS Filter
ERROR - 2025-10-17 11:25:03 --> Origin: http://localhost:4200
ERROR - 2025-10-17 11:25:03 --> CORS Filter
ERROR - 2025-10-17 11:25:03 --> Origin: http://localhost:4200
ERROR - 2025-10-17 11:25:27 --> CORS Filter
ERROR - 2025-10-17 11:25:27 --> Origin: http://localhost:4200
ERROR - 2025-10-17 11:25:27 --> CORS Filter
ERROR - 2025-10-17 11:25:27 --> Origin: http://localhost:4200
ERROR - 2025-10-17 11:25:27 --> Create Lead Exception: Call to undefined method App\Models\LeadModel::setDBGroup
ERROR - 2025-10-17 11:27:09 --> CORS Filter
ERROR - 2025-10-17 11:27:09 --> Origin: http://localhost:4200
ERROR - 2025-10-17 11:27:09 --> CORS Filter
ERROR - 2025-10-17 11:27:09 --> Origin: http://localhost:4200
ERROR - 2025-10-17 11:27:10 --> CORS Filter
ERROR - 2025-10-17 11:27:10 --> Origin: http://localhost:4200
ERROR - 2025-10-17 11:27:10 --> CORS Filter
ERROR - 2025-10-17 11:27:10 --> Origin: http://localhost:4200
ERROR - 2025-10-17 11:27:11 --> CORS Filter
ERROR - 2025-10-17 11:27:11 --> Origin: http://localhost:4200
ERROR - 2025-10-17 11:27:12 --> CORS Filter
ERROR - 2025-10-17 11:27:12 --> Origin: http://localhost:4200
ERROR - 2025-10-17 11:27:12 --> CORS Filter
ERROR - 2025-10-17 11:27:12 --> Origin: http://localhost:4200
ERROR - 2025-10-17 11:27:12 --> CORS Filter
ERROR - 2025-10-17 11:27:12 --> Origin: http://localhost:4200
ERROR - 2025-10-17 11:27:12 --> CORS Filter
ERROR - 2025-10-17 11:27:12 --> Origin: http://localhost:4200
ERROR - 2025-10-17 11:27:12 --> CORS Filter
ERROR - 2025-10-17 11:27:12 --> Origin: http://localhost:4200
ERROR - 2025-10-17 11:27:26 --> CORS Filter
ERROR - 2025-10-17 11:27:26 --> Origin: http://localhost:4200
ERROR - 2025-10-17 11:27:26 --> CORS Filter
ERROR - 2025-10-17 11:27:26 --> Origin: http://localhost:4200
ERROR - 2025-10-17 11:27:32 --> CORS Filter
ERROR - 2025-10-17 11:27:32 --> Origin: http://localhost:4200
ERROR - 2025-10-17 11:27:32 --> CORS Filter
ERROR - 2025-10-17 11:27:32 --> Origin: http://localhost:4200
ERROR - 2025-10-17 11:27:33 --> Create Lead Exception: Cannot access protected property App\Models\LeadModel::$db
ERROR - 2025-10-17 11:27:48 --> CORS Filter
ERROR - 2025-10-17 11:27:48 --> Origin: http://localhost:4200
ERROR - 2025-10-17 11:27:48 --> CORS Filter
ERROR - 2025-10-17 11:27:48 --> Origin: http://localhost:4200
ERROR - 2025-10-17 11:27:49 --> CORS Filter
ERROR - 2025-10-17 11:27:49 --> Origin: http://localhost:4200
ERROR - 2025-10-17 11:27:49 --> CORS Filter
ERROR - 2025-10-17 11:27:49 --> Origin: http://localhost:4200
ERROR - 2025-10-17 11:27:50 --> CORS Filter
ERROR - 2025-10-17 11:27:50 --> Origin: http://localhost:4200
ERROR - 2025-10-17 11:27:50 --> CORS Filter
ERROR - 2025-10-17 11:27:50 --> Origin: http://localhost:4200
ERROR - 2025-10-17 11:27:50 --> CORS Filter
ERROR - 2025-10-17 11:27:50 --> Origin: http://localhost:4200
ERROR - 2025-10-17 11:27:50 --> CORS Filter
ERROR - 2025-10-17 11:27:50 --> Origin: http://localhost:4200
ERROR - 2025-10-17 11:27:51 --> CORS Filter
ERROR - 2025-10-17 11:27:51 --> Origin: http://localhost:4200
ERROR - 2025-10-17 11:27:51 --> CORS Filter
ERROR - 2025-10-17 11:27:51 --> Origin: http://localhost:4200
ERROR - 2025-10-17 11:28:01 --> CORS Filter
ERROR - 2025-10-17 11:28:01 --> Origin: http://localhost:4200
ERROR - 2025-10-17 11:28:02 --> CORS Filter
ERROR - 2025-10-17 11:28:02 --> Origin: http://localhost:4200
ERROR - 2025-10-17 11:28:07 --> CORS Filter
ERROR - 2025-10-17 11:28:07 --> Origin: http://localhost:4200
ERROR - 2025-10-17 11:28:07 --> CORS Filter
ERROR - 2025-10-17 11:28:07 --> Origin: http://localhost:4200
ERROR - 2025-10-17 11:28:07 --> CORS Filter
ERROR - 2025-10-17 11:28:07 --> Origin: http://localhost:4200
ERROR - 2025-10-17 11:28:07 --> CORS Filter
ERROR - 2025-10-17 11:28:07 --> Origin: http://localhost:4200
ERROR - 2025-10-17 11:30:09 --> CORS Filter
ERROR - 2025-10-17 11:30:09 --> Origin: http://localhost:4200
ERROR - 2025-10-17 11:30:09 --> CORS Filter
ERROR - 2025-10-17 11:30:09 --> Origin: http://localhost:4200
ERROR - 2025-10-17 11:30:10 --> CORS Filter
ERROR - 2025-10-17 11:30:10 --> Origin: http://localhost:4200
ERROR - 2025-10-17 11:30:10 --> CORS Filter
ERROR - 2025-10-17 11:30:10 --> Origin: http://localhost:4200
ERROR - 2025-10-17 11:30:11 --> CORS Filter
ERROR - 2025-10-17 11:30:11 --> Origin: http://localhost:4200
ERROR - 2025-10-17 11:30:11 --> CORS Filter
ERROR - 2025-10-17 11:30:11 --> Origin: http://localhost:4200
ERROR - 2025-10-17 11:30:13 --> CORS Filter
ERROR - 2025-10-17 11:30:13 --> Origin: http://localhost:4200
ERROR - 2025-10-17 11:30:13 --> CORS Filter
ERROR - 2025-10-17 11:30:13 --> Origin: http://localhost:4200
ERROR - 2025-10-17 11:30:13 --> CORS Filter
ERROR - 2025-10-17 11:30:13 --> Origin: http://localhost:4200
ERROR - 2025-10-17 11:30:13 --> CORS Filter
ERROR - 2025-10-17 11:30:13 --> Origin: http://localhost:4200
ERROR - 2025-10-17 11:30:14 --> CORS Filter
ERROR - 2025-10-17 11:30:14 --> Origin: http://localhost:4200
ERROR - 2025-10-17 11:30:14 --> CORS Filter
ERROR - 2025-10-17 11:30:14 --> Origin: http://localhost:4200
ERROR - 2025-10-17 11:30:24 --> CORS Filter
ERROR - 2025-10-17 11:30:24 --> Origin: http://localhost:4200
ERROR - 2025-10-17 11:30:24 --> CORS Filter
ERROR - 2025-10-17 11:30:24 --> Origin: http://localhost:4200
ERROR - 2025-10-17 11:30:30 --> CORS Filter
ERROR - 2025-10-17 11:30:30 --> Origin: http://localhost:4200
ERROR - 2025-10-17 11:30:31 --> CORS Filter
ERROR - 2025-10-17 11:30:31 --> Origin: http://localhost:4200
ERROR - 2025-10-17 11:30:31 --> Create Lead Exception: Cannot access protected property App\Models\LeadModel::$db
ERROR - 2025-10-17 11:33:51 --> CORS Filter
ERROR - 2025-10-17 11:33:51 --> Origin: http://localhost:4200
ERROR - 2025-10-17 11:33:52 --> CORS Filter
ERROR - 2025-10-17 11:33:52 --> Origin: http://localhost:4200
ERROR - 2025-10-17 11:33:52 --> CORS Filter
ERROR - 2025-10-17 11:33:52 --> Origin: http://localhost:4200
ERROR - 2025-10-17 11:33:53 --> CORS Filter
ERROR - 2025-10-17 11:33:53 --> Origin: http://localhost:4200
ERROR - 2025-10-17 11:33:53 --> CORS Filter
ERROR - 2025-10-17 11:33:53 --> Origin: http://localhost:4200
ERROR - 2025-10-17 11:33:54 --> CORS Filter
ERROR - 2025-10-17 11:33:54 --> Origin: http://localhost:4200
ERROR - 2025-10-17 11:33:54 --> CORS Filter
ERROR - 2025-10-17 11:33:54 --> Origin: http://localhost:4200
ERROR - 2025-10-17 11:33:54 --> CORS Filter
ERROR - 2025-10-17 11:33:54 --> Origin: http://localhost:4200
ERROR - 2025-10-17 11:33:54 --> CORS Filter
ERROR - 2025-10-17 11:33:54 --> Origin: http://localhost:4200
ERROR - 2025-10-17 11:33:55 --> CORS Filter
ERROR - 2025-10-17 11:33:55 --> Origin: http://localhost:4200
ERROR - 2025-10-17 11:34:04 --> CORS Filter
ERROR - 2025-10-17 11:34:04 --> Origin: http://localhost:4200
ERROR - 2025-10-17 11:34:04 --> CORS Filter
ERROR - 2025-10-17 11:34:04 --> Origin: http://localhost:4200
ERROR - 2025-10-17 11:34:09 --> CORS Filter
ERROR - 2025-10-17 11:34:09 --> Origin: http://localhost:4200
ERROR - 2025-10-17 11:34:09 --> CORS Filter
ERROR - 2025-10-17 11:34:09 --> Origin: http://localhost:4200
ERROR - 2025-10-17 11:34:09 --> Create Lead Exception: Call to undefined method App\Models\LeadModel::setDBGroup
ERROR - 2025-10-17 11:34:28 --> CORS Filter
ERROR - 2025-10-17 11:34:28 --> Origin: http://localhost:4200
ERROR - 2025-10-17 11:34:29 --> CORS Filter
ERROR - 2025-10-17 11:34:29 --> Origin: http://localhost:4200
ERROR - 2025-10-17 11:34:29 --> CORS Filter
ERROR - 2025-10-17 11:34:29 --> Origin: http://localhost:4200
ERROR - 2025-10-17 11:34:30 --> CORS Filter
ERROR - 2025-10-17 11:34:30 --> Origin: http://localhost:4200
ERROR - 2025-10-17 11:34:31 --> CORS Filter
ERROR - 2025-10-17 11:34:31 --> Origin: http://localhost:4200
ERROR - 2025-10-17 11:34:31 --> CORS Filter
ERROR - 2025-10-17 11:34:31 --> Origin: http://localhost:4200
ERROR - 2025-10-17 11:34:31 --> CORS Filter
ERROR - 2025-10-17 11:34:31 --> Origin: http://localhost:4200
ERROR - 2025-10-17 11:34:32 --> CORS Filter
ERROR - 2025-10-17 11:34:32 --> Origin: http://localhost:4200
ERROR - 2025-10-17 11:34:32 --> CORS Filter
ERROR - 2025-10-17 11:34:32 --> Origin: http://localhost:4200
ERROR - 2025-10-17 11:34:32 --> CORS Filter
ERROR - 2025-10-17 11:34:32 --> Origin: http://localhost:4200
ERROR - 2025-10-17 11:37:23 --> CORS Filter
ERROR - 2025-10-17 11:37:23 --> Origin: http://localhost:4200
ERROR - 2025-10-17 11:37:23 --> CORS Filter
ERROR - 2025-10-17 11:37:23 --> Origin: http://localhost:4200
ERROR - 2025-10-17 11:37:24 --> CORS Filter
ERROR - 2025-10-17 11:37:24 --> Origin: http://localhost:4200
ERROR - 2025-10-17 11:37:24 --> CORS Filter
ERROR - 2025-10-17 11:37:24 --> Origin: http://localhost:4200
ERROR - 2025-10-17 11:37:25 --> CORS Filter
ERROR - 2025-10-17 11:37:25 --> Origin: http://localhost:4200
ERROR - 2025-10-17 11:37:25 --> CORS Filter
ERROR - 2025-10-17 11:37:25 --> Origin: http://localhost:4200
ERROR - 2025-10-17 11:37:25 --> CORS Filter
ERROR - 2025-10-17 11:37:25 --> Origin: http://localhost:4200
ERROR - 2025-10-17 11:37:26 --> CORS Filter
ERROR - 2025-10-17 11:37:26 --> Origin: http://localhost:4200
ERROR - 2025-10-17 11:37:26 --> CORS Filter
ERROR - 2025-10-17 11:37:26 --> Origin: http://localhost:4200
ERROR - 2025-10-17 11:37:26 --> CORS Filter
ERROR - 2025-10-17 11:37:26 --> Origin: http://localhost:4200
ERROR - 2025-10-17 11:38:02 --> CORS Filter
ERROR - 2025-10-17 11:38:02 --> Origin: http://localhost:4200
ERROR - 2025-10-17 11:38:03 --> CORS Filter
ERROR - 2025-10-17 11:38:03 --> Origin: http://localhost:4200
ERROR - 2025-10-17 11:38:03 --> CORS Filter
ERROR - 2025-10-17 11:38:03 --> Origin: http://localhost:4200
ERROR - 2025-10-17 11:38:04 --> CORS Filter
ERROR - 2025-10-17 11:38:04 --> Origin: http://localhost:4200
ERROR - 2025-10-17 11:38:04 --> CORS Filter
ERROR - 2025-10-17 11:38:04 --> Origin: http://localhost:4200
ERROR - 2025-10-17 11:38:05 --> CORS Filter
ERROR - 2025-10-17 11:38:05 --> Origin: http://localhost:4200
ERROR - 2025-10-17 11:38:05 --> CORS Filter
ERROR - 2025-10-17 11:38:05 --> Origin: http://localhost:4200
ERROR - 2025-10-17 11:38:05 --> CORS Filter
ERROR - 2025-10-17 11:38:05 --> Origin: http://localhost:4200
ERROR - 2025-10-17 11:38:05 --> CORS Filter
ERROR - 2025-10-17 11:38:05 --> Origin: http://localhost:4200
ERROR - 2025-10-17 11:38:06 --> CORS Filter
ERROR - 2025-10-17 11:38:06 --> Origin: http://localhost:4200
ERROR - 2025-10-17 11:38:18 --> CORS Filter
ERROR - 2025-10-17 11:38:18 --> Origin: http://localhost:4200
ERROR - 2025-10-17 11:38:18 --> CORS Filter
ERROR - 2025-10-17 11:38:18 --> Origin: http://localhost:4200
ERROR - 2025-10-17 11:38:23 --> CORS Filter
ERROR - 2025-10-17 11:38:23 --> Origin: http://localhost:4200
ERROR - 2025-10-17 11:38:23 --> CORS Filter
ERROR - 2025-10-17 11:38:23 --> Origin: http://localhost:4200
ERROR - 2025-10-17 11:38:23 --> Create Lead Exception: Call to undefined method App\Models\LeadModel::setDBGroup
ERROR - 2025-10-17 11:39:09 --> CORS Filter
ERROR - 2025-10-17 11:39:09 --> Origin: http://localhost:4200
ERROR - 2025-10-17 11:39:11 --> CORS Filter
ERROR - 2025-10-17 11:39:11 --> Origin: http://localhost:4200
ERROR - 2025-10-17 11:39:11 --> CORS Filter
ERROR - 2025-10-17 11:39:11 --> Origin: http://localhost:4200
ERROR - 2025-10-17 11:39:12 --> CORS Filter
ERROR - 2025-10-17 11:39:12 --> Origin: http://localhost:4200
ERROR - 2025-10-17 11:39:13 --> CORS Filter
ERROR - 2025-10-17 11:39:13 --> Origin: http://localhost:4200
ERROR - 2025-10-17 11:39:13 --> CORS Filter
ERROR - 2025-10-17 11:39:13 --> Origin: http://localhost:4200
ERROR - 2025-10-17 11:39:13 --> CORS Filter
ERROR - 2025-10-17 11:39:13 --> Origin: http://localhost:4200
ERROR - 2025-10-17 11:39:13 --> CORS Filter
ERROR - 2025-10-17 11:39:13 --> Origin: http://localhost:4200
CRITICAL - 2025-10-17 11:39:13 --> ParseError: syntax error, unexpected identifier "z", expecting "function" or "const"
[Method: GET, Route: api/lead/getallleadinterest]
in APPPATH\Controllers\Lead.php on line 142.
 1 VENDORPATH\composer\ClassLoader.php(427): Composer\Autoload\{closure}('C:\\xampp\\htdocs\\exiaa-material-api\\vendor\\composer/../../app/Controllers/Lead.php')
 2 [internal function]: Composer\Autoload\ClassLoader->loadClass('App\\Controllers\\Lead')
 3 SYSTEMPATH\CodeIgniter.php(887): class_exists('\\App\\Controllers\\Lead', true)
 4 SYSTEMPATH\CodeIgniter.php(496): CodeIgniter\CodeIgniter->startController()
 5 SYSTEMPATH\CodeIgniter.php(355): CodeIgniter\CodeIgniter->handleRequest(null, Object(Config\Cache), false)
 6 SYSTEMPATH\Boot.php(334): CodeIgniter\CodeIgniter->run()
 7 SYSTEMPATH\Boot.php(67): CodeIgniter\Boot::runCodeIgniter(Object(CodeIgniter\CodeIgniter))
 8 FCPATH\index.php(56): CodeIgniter\Boot::bootWeb(Object(Config\Paths))
 9 SYSTEMPATH\rewrite.php(44): require_once('C:\\xampp\\htdocs\\exiaa-material-api\\public\\index.php')
ERROR - 2025-10-17 11:39:14 --> CORS Filter
ERROR - 2025-10-17 11:39:14 --> Origin: http://localhost:4200
CRITICAL - 2025-10-17 11:39:14 --> ParseError: syntax error, unexpected identifier "z", expecting "function" or "const"
[Method: GET, Route: api/lead/getallleadsource]
in APPPATH\Controllers\Lead.php on line 142.
 1 VENDORPATH\composer\ClassLoader.php(427): Composer\Autoload\{closure}('C:\\xampp\\htdocs\\exiaa-material-api\\vendor\\composer/../../app/Controllers/Lead.php')
 2 [internal function]: Composer\Autoload\ClassLoader->loadClass('App\\Controllers\\Lead')
 3 SYSTEMPATH\CodeIgniter.php(887): class_exists('\\App\\Controllers\\Lead', true)
 4 SYSTEMPATH\CodeIgniter.php(496): CodeIgniter\CodeIgniter->startController()
 5 SYSTEMPATH\CodeIgniter.php(355): CodeIgniter\CodeIgniter->handleRequest(null, Object(Config\Cache), false)
 6 SYSTEMPATH\Boot.php(334): CodeIgniter\CodeIgniter->run()
 7 SYSTEMPATH\Boot.php(67): CodeIgniter\Boot::runCodeIgniter(Object(CodeIgniter\CodeIgniter))
 8 FCPATH\index.php(56): CodeIgniter\Boot::bootWeb(Object(Config\Paths))
 9 SYSTEMPATH\rewrite.php(44): require_once('C:\\xampp\\htdocs\\exiaa-material-api\\public\\index.php')
ERROR - 2025-10-17 11:39:14 --> CORS Filter
ERROR - 2025-10-17 11:39:14 --> Origin: http://localhost:4200
CRITICAL - 2025-10-17 11:39:14 --> ParseError: syntax error, unexpected identifier "z", expecting "function" or "const"
[Method: GET, Route: api/lead/getallleadsourcevalue]
in APPPATH\Controllers\Lead.php on line 142.
 1 VENDORPATH\composer\ClassLoader.php(427): Composer\Autoload\{closure}('C:\\xampp\\htdocs\\exiaa-material-api\\vendor\\composer/../../app/Controllers/Lead.php')
 2 [internal function]: Composer\Autoload\ClassLoader->loadClass('App\\Controllers\\Lead')
 3 SYSTEMPATH\CodeIgniter.php(887): class_exists('\\App\\Controllers\\Lead', true)
 4 SYSTEMPATH\CodeIgniter.php(496): CodeIgniter\CodeIgniter->startController()
 5 SYSTEMPATH\CodeIgniter.php(355): CodeIgniter\CodeIgniter->handleRequest(null, Object(Config\Cache), false)
 6 SYSTEMPATH\Boot.php(334): CodeIgniter\CodeIgniter->run()
 7 SYSTEMPATH\Boot.php(67): CodeIgniter\Boot::runCodeIgniter(Object(CodeIgniter\CodeIgniter))
 8 FCPATH\index.php(56): CodeIgniter\Boot::bootWeb(Object(Config\Paths))
 9 SYSTEMPATH\rewrite.php(44): require_once('C:\\xampp\\htdocs\\exiaa-material-api\\public\\index.php')
ERROR - 2025-10-17 11:39:50 --> CORS Filter
ERROR - 2025-10-17 11:39:50 --> Origin: http://localhost:4200
ERROR - 2025-10-17 11:39:50 --> CORS Filter
ERROR - 2025-10-17 11:39:50 --> Origin: http://localhost:4200
ERROR - 2025-10-17 11:39:51 --> CORS Filter
ERROR - 2025-10-17 11:39:51 --> Origin: http://localhost:4200
ERROR - 2025-10-17 11:39:51 --> CORS Filter
ERROR - 2025-10-17 11:39:51 --> Origin: http://localhost:4200
ERROR - 2025-10-17 11:39:52 --> CORS Filter
ERROR - 2025-10-17 11:39:52 --> Origin: http://localhost:4200
ERROR - 2025-10-17 11:39:52 --> CORS Filter
ERROR - 2025-10-17 11:39:52 --> Origin: http://localhost:4200
ERROR - 2025-10-17 11:39:52 --> CORS Filter
ERROR - 2025-10-17 11:39:52 --> Origin: http://localhost:4200
ERROR - 2025-10-17 11:39:52 --> CORS Filter
ERROR - 2025-10-17 11:39:52 --> Origin: http://localhost:4200
ERROR - 2025-10-17 11:39:53 --> CORS Filter
ERROR - 2025-10-17 11:39:53 --> Origin: http://localhost:4200
ERROR - 2025-10-17 11:39:53 --> CORS Filter
ERROR - 2025-10-17 11:39:53 --> Origin: http://localhost:4200
ERROR - 2025-10-17 11:44:25 --> CORS Filter
ERROR - 2025-10-17 11:44:25 --> Origin: http://localhost:4200
ERROR - 2025-10-17 11:44:25 --> CORS Filter
ERROR - 2025-10-17 11:44:25 --> Origin: http://localhost:4200
ERROR - 2025-10-17 11:49:43 --> CORS Filter
ERROR - 2025-10-17 11:49:43 --> Origin: http://localhost:4200
ERROR - 2025-10-17 11:49:43 --> CORS Filter
ERROR - 2025-10-17 11:49:43 --> Origin: http://localhost:4200
ERROR - 2025-10-17 11:51:16 --> CORS Filter
ERROR - 2025-10-17 11:51:16 --> Origin: http://localhost:4200
ERROR - 2025-10-17 11:51:16 --> CORS Filter
ERROR - 2025-10-17 11:51:16 --> Origin: http://localhost:4200
ERROR - 2025-10-17 11:51:22 --> CORS Filter
ERROR - 2025-10-17 11:51:22 --> Origin: http://localhost:4200
ERROR - 2025-10-17 11:51:22 --> CORS Filter
ERROR - 2025-10-17 11:51:22 --> Origin: http://localhost:4200
ERROR - 2025-10-17 11:51:30 --> CORS Filter
ERROR - 2025-10-17 11:51:30 --> Origin: http://localhost:4200
ERROR - 2025-10-17 11:51:30 --> CORS Filter
ERROR - 2025-10-17 11:51:30 --> Origin: http://localhost:4200
ERROR - 2025-10-17 11:51:39 --> CORS Filter
ERROR - 2025-10-17 11:51:39 --> Origin: http://localhost:4200
ERROR - 2025-10-17 11:51:39 --> CORS Filter
ERROR - 2025-10-17 11:51:39 --> Origin: http://localhost:4200
ERROR - 2025-10-17 11:53:24 --> CORS Filter
ERROR - 2025-10-17 11:53:24 --> Origin: http://localhost:4200
ERROR - 2025-10-17 11:53:24 --> CORS Filter
ERROR - 2025-10-17 11:53:24 --> Origin: http://localhost:4200
ERROR - 2025-10-17 11:53:24 --> CORS Filter
ERROR - 2025-10-17 11:53:24 --> Origin: http://localhost:4200
ERROR - 2025-10-17 11:53:24 --> CORS Filter
ERROR - 2025-10-17 11:53:24 --> Origin: http://localhost:4200
ERROR - 2025-10-17 11:53:24 --> CORS Filter
ERROR - 2025-10-17 11:53:24 --> Origin: http://localhost:4200
ERROR - 2025-10-17 11:53:24 --> CORS Filter
ERROR - 2025-10-17 11:53:24 --> Origin: http://localhost:4200
ERROR - 2025-10-17 11:53:29 --> CORS Filter
ERROR - 2025-10-17 11:53:29 --> Origin: http://localhost:4200
ERROR - 2025-10-17 11:53:29 --> CORS Filter
ERROR - 2025-10-17 11:53:29 --> Origin: http://localhost:4200
ERROR - 2025-10-17 11:54:58 --> CORS Filter
ERROR - 2025-10-17 11:54:58 --> Origin: http://localhost:4200
ERROR - 2025-10-17 11:54:58 --> CORS Filter
ERROR - 2025-10-17 11:54:58 --> Origin: http://localhost:4200
ERROR - 2025-10-17 11:54:58 --> CORS Filter
ERROR - 2025-10-17 11:54:58 --> Origin: http://localhost:4200
ERROR - 2025-10-17 11:54:59 --> CORS Filter
ERROR - 2025-10-17 11:54:59 --> Origin: http://localhost:4200
ERROR - 2025-10-17 11:54:59 --> CORS Filter
ERROR - 2025-10-17 11:54:59 --> Origin: http://localhost:4200
ERROR - 2025-10-17 11:54:59 --> CORS Filter
ERROR - 2025-10-17 11:54:59 --> Origin: http://localhost:4200
ERROR - 2025-10-17 11:54:59 --> CORS Filter
ERROR - 2025-10-17 11:54:59 --> Origin: http://localhost:4200
ERROR - 2025-10-17 11:54:59 --> CORS Filter
ERROR - 2025-10-17 11:54:59 --> Origin: http://localhost:4200
ERROR - 2025-10-17 11:54:59 --> CORS Filter
ERROR - 2025-10-17 11:54:59 --> Origin: http://localhost:4200
ERROR - 2025-10-17 11:54:59 --> CORS Filter
ERROR - 2025-10-17 11:54:59 --> Origin: http://localhost:4200
ERROR - 2025-10-17 11:54:59 --> CORS Filter
ERROR - 2025-10-17 11:54:59 --> Origin: http://localhost:4200
ERROR - 2025-10-17 11:55:00 --> CORS Filter
ERROR - 2025-10-17 11:55:00 --> Origin: http://localhost:4200
ERROR - 2025-10-17 11:55:00 --> CORS Filter
ERROR - 2025-10-17 11:55:00 --> Origin: http://localhost:4200
ERROR - 2025-10-17 11:55:00 --> CORS Filter
ERROR - 2025-10-17 11:55:00 --> Origin: http://localhost:4200
ERROR - 2025-10-17 11:55:00 --> CORS Filter
ERROR - 2025-10-17 11:55:00 --> Origin: http://localhost:4200
ERROR - 2025-10-17 11:55:00 --> CORS Filter
ERROR - 2025-10-17 11:55:00 --> Origin: http://localhost:4200
ERROR - 2025-10-17 11:55:00 --> CORS Filter
ERROR - 2025-10-17 11:55:00 --> Origin: http://localhost:4200
ERROR - 2025-10-17 11:55:00 --> CORS Filter
ERROR - 2025-10-17 11:55:00 --> Origin: http://localhost:4200
ERROR - 2025-10-17 11:55:00 --> CORS Filter
ERROR - 2025-10-17 11:55:00 --> Origin: http://localhost:4200
ERROR - 2025-10-17 11:55:00 --> CORS Filter
ERROR - 2025-10-17 11:55:00 --> Origin: http://localhost:4200
ERROR - 2025-10-17 11:55:01 --> CORS Filter
ERROR - 2025-10-17 11:55:01 --> Origin: http://localhost:4200
ERROR - 2025-10-17 11:55:01 --> CORS Filter
ERROR - 2025-10-17 11:55:01 --> Origin: http://localhost:4200
ERROR - 2025-10-17 11:55:01 --> CORS Filter
ERROR - 2025-10-17 11:55:01 --> Origin: http://localhost:4200
ERROR - 2025-10-17 11:55:01 --> CORS Filter
ERROR - 2025-10-17 11:55:01 --> Origin: http://localhost:4200
ERROR - 2025-10-17 11:55:01 --> CORS Filter
ERROR - 2025-10-17 11:55:01 --> Origin: http://localhost:4200
ERROR - 2025-10-17 11:55:01 --> CORS Filter
ERROR - 2025-10-17 11:55:01 --> Origin: http://localhost:4200
ERROR - 2025-10-17 11:55:01 --> CORS Filter
ERROR - 2025-10-17 11:55:01 --> Origin: http://localhost:4200
ERROR - 2025-10-17 11:55:01 --> CORS Filter
ERROR - 2025-10-17 11:55:01 --> Origin: http://localhost:4200
ERROR - 2025-10-17 11:55:02 --> CORS Filter
ERROR - 2025-10-17 11:55:02 --> Origin: http://localhost:4200
ERROR - 2025-10-17 11:55:02 --> CORS Filter
ERROR - 2025-10-17 11:55:02 --> Origin: http://localhost:4200
ERROR - 2025-10-17 11:55:02 --> CORS Filter
ERROR - 2025-10-17 11:55:02 --> Origin: http://localhost:4200
ERROR - 2025-10-17 11:55:02 --> CORS Filter
ERROR - 2025-10-17 11:55:02 --> Origin: http://localhost:4200
ERROR - 2025-10-17 11:55:02 --> CORS Filter
ERROR - 2025-10-17 11:55:02 --> Origin: http://localhost:4200
ERROR - 2025-10-17 11:57:14 --> CORS Filter
ERROR - 2025-10-17 11:57:14 --> Origin: http://localhost:4200
ERROR - 2025-10-17 11:57:14 --> CORS Filter
ERROR - 2025-10-17 11:57:14 --> Origin: http://localhost:4200
ERROR - 2025-10-17 11:57:14 --> CORS Filter
ERROR - 2025-10-17 11:57:14 --> Origin: http://localhost:4200
ERROR - 2025-10-17 11:57:14 --> CORS Filter
ERROR - 2025-10-17 11:57:14 --> Origin: http://localhost:4200
ERROR - 2025-10-17 11:57:15 --> CORS Filter
ERROR - 2025-10-17 11:57:15 --> Origin: http://localhost:4200
ERROR - 2025-10-17 11:57:15 --> CORS Filter
ERROR - 2025-10-17 11:57:15 --> Origin: http://localhost:4200
ERROR - 2025-10-17 11:57:15 --> CORS Filter
ERROR - 2025-10-17 11:57:15 --> Origin: http://localhost:4200
ERROR - 2025-10-17 11:57:15 --> CORS Filter
ERROR - 2025-10-17 11:57:15 --> Origin: http://localhost:4200
ERROR - 2025-10-17 11:57:15 --> CORS Filter
ERROR - 2025-10-17 11:57:15 --> Origin: http://localhost:4200
ERROR - 2025-10-17 11:57:15 --> CORS Filter
ERROR - 2025-10-17 11:57:15 --> Origin: http://localhost:4200
ERROR - 2025-10-17 11:57:15 --> CORS Filter
ERROR - 2025-10-17 11:57:15 --> Origin: http://localhost:4200
ERROR - 2025-10-17 11:57:15 --> CORS Filter
ERROR - 2025-10-17 11:57:15 --> Origin: http://localhost:4200
ERROR - 2025-10-17 11:57:15 --> CORS Filter
ERROR - 2025-10-17 11:57:15 --> Origin: http://localhost:4200
ERROR - 2025-10-17 11:57:16 --> CORS Filter
ERROR - 2025-10-17 11:57:16 --> Origin: http://localhost:4200
ERROR - 2025-10-17 11:57:16 --> CORS Filter
ERROR - 2025-10-17 11:57:16 --> Origin: http://localhost:4200
ERROR - 2025-10-17 11:57:16 --> CORS Filter
ERROR - 2025-10-17 11:57:16 --> Origin: http://localhost:4200
ERROR - 2025-10-17 11:57:16 --> CORS Filter
ERROR - 2025-10-17 11:57:16 --> Origin: http://localhost:4200
ERROR - 2025-10-17 11:57:16 --> CORS Filter
ERROR - 2025-10-17 11:57:16 --> Origin: http://localhost:4200
ERROR - 2025-10-17 12:01:46 --> CORS Filter
ERROR - 2025-10-17 12:01:46 --> Origin: http://localhost:4200
ERROR - 2025-10-17 12:01:46 --> CORS Filter
ERROR - 2025-10-17 12:01:46 --> Origin: http://localhost:4200
ERROR - 2025-10-17 12:11:16 --> CORS Filter
ERROR - 2025-10-17 12:11:16 --> Origin: http://localhost:4200
ERROR - 2025-10-17 12:11:16 --> CORS Filter
ERROR - 2025-10-17 12:11:16 --> Origin: http://localhost:4200
ERROR - 2025-10-17 12:22:20 --> CORS Filter
ERROR - 2025-10-17 12:22:20 --> Origin: http://localhost:4200
ERROR - 2025-10-17 12:22:21 --> CORS Filter
ERROR - 2025-10-17 12:22:21 --> Origin: http://localhost:4200
ERROR - 2025-10-17 12:22:21 --> CORS Filter
ERROR - 2025-10-17 12:22:21 --> Origin: http://localhost:4200
ERROR - 2025-10-17 12:22:22 --> CORS Filter
ERROR - 2025-10-17 12:22:22 --> Origin: http://localhost:4200
ERROR - 2025-10-17 12:22:24 --> CORS Filter
ERROR - 2025-10-17 12:22:24 --> Origin: http://localhost:4200
ERROR - 2025-10-17 12:22:24 --> CORS Filter
ERROR - 2025-10-17 12:22:24 --> Origin: http://localhost:4200
ERROR - 2025-10-17 12:25:52 --> CORS Filter
ERROR - 2025-10-17 12:25:52 --> Origin: http://localhost:4200
ERROR - 2025-10-17 12:25:53 --> CORS Filter
ERROR - 2025-10-17 12:25:53 --> Origin: http://localhost:4200
ERROR - 2025-10-17 12:25:53 --> CORS Filter
ERROR - 2025-10-17 12:25:53 --> Origin: http://localhost:4200
ERROR - 2025-10-17 12:25:53 --> CORS Filter
ERROR - 2025-10-17 12:25:53 --> Origin: http://localhost:4200
ERROR - 2025-10-17 12:25:54 --> CORS Filter
ERROR - 2025-10-17 12:25:54 --> Origin: http://localhost:4200
ERROR - 2025-10-17 12:25:54 --> CORS Filter
ERROR - 2025-10-17 12:25:54 --> Origin: http://localhost:4200
ERROR - 2025-10-17 12:26:03 --> CORS Filter
ERROR - 2025-10-17 12:26:03 --> Origin: http://localhost:4200
ERROR - 2025-10-17 12:26:03 --> CORS Filter
ERROR - 2025-10-17 12:26:03 --> Origin: http://localhost:4200
ERROR - 2025-10-17 12:26:35 --> CORS Filter
ERROR - 2025-10-17 12:26:35 --> Origin: http://localhost:4200
ERROR - 2025-10-17 12:26:35 --> CORS Filter
ERROR - 2025-10-17 12:26:35 --> Origin: http://localhost:4200
ERROR - 2025-10-17 12:26:35 --> CORS Filter
ERROR - 2025-10-17 12:26:35 --> Origin: http://localhost:4200
ERROR - 2025-10-17 12:26:35 --> CORS Filter
ERROR - 2025-10-17 12:26:35 --> Origin: http://localhost:4200
ERROR - 2025-10-17 12:26:36 --> CORS Filter
ERROR - 2025-10-17 12:26:36 --> Origin: http://localhost:4200
ERROR - 2025-10-17 12:26:37 --> CORS Filter
ERROR - 2025-10-17 12:26:37 --> Origin: http://localhost:4200
ERROR - 2025-10-17 12:26:40 --> CORS Filter
ERROR - 2025-10-17 12:26:40 --> Origin: http://localhost:4200
ERROR - 2025-10-17 12:26:41 --> CORS Filter
ERROR - 2025-10-17 12:26:41 --> Origin: http://localhost:4200
ERROR - 2025-10-17 12:26:41 --> CORS Filter
ERROR - 2025-10-17 12:26:41 --> Origin: http://localhost:4200
ERROR - 2025-10-17 12:26:41 --> CORS Filter
ERROR - 2025-10-17 12:26:41 --> Origin: http://localhost:4200
ERROR - 2025-10-17 12:26:42 --> CORS Filter
ERROR - 2025-10-17 12:26:42 --> Origin: http://localhost:4200
ERROR - 2025-10-17 12:26:42 --> CORS Filter
ERROR - 2025-10-17 12:26:42 --> Origin: http://localhost:4200
ERROR - 2025-10-17 12:26:51 --> CORS Filter
ERROR - 2025-10-17 12:26:51 --> Origin: http://localhost:4200
ERROR - 2025-10-17 12:26:51 --> CORS Filter
ERROR - 2025-10-17 12:26:51 --> Origin: http://localhost:4200
ERROR - 2025-10-17 12:26:52 --> CORS Filter
ERROR - 2025-10-17 12:26:52 --> Origin: http://localhost:4200
ERROR - 2025-10-17 12:26:52 --> CORS Filter
ERROR - 2025-10-17 12:26:52 --> Origin: http://localhost:4200
ERROR - 2025-10-17 12:26:53 --> CORS Filter
ERROR - 2025-10-17 12:26:53 --> Origin: http://localhost:4200
ERROR - 2025-10-17 12:26:53 --> CORS Filter
ERROR - 2025-10-17 12:26:53 --> Origin: http://localhost:4200
ERROR - 2025-10-17 12:27:04 --> CORS Filter
ERROR - 2025-10-17 12:27:04 --> Origin: http://localhost:4200
ERROR - 2025-10-17 12:27:04 --> CORS Filter
ERROR - 2025-10-17 12:27:04 --> Origin: http://localhost:4200
ERROR - 2025-10-17 12:27:05 --> CORS Filter
ERROR - 2025-10-17 12:27:05 --> Origin: http://localhost:4200
ERROR - 2025-10-17 12:27:05 --> CORS Filter
ERROR - 2025-10-17 12:27:05 --> Origin: http://localhost:4200
ERROR - 2025-10-17 12:27:06 --> CORS Filter
ERROR - 2025-10-17 12:27:06 --> Origin: http://localhost:4200
ERROR - 2025-10-17 12:27:06 --> CORS Filter
ERROR - 2025-10-17 12:27:06 --> Origin: http://localhost:4200
ERROR - 2025-10-17 12:27:16 --> CORS Filter
ERROR - 2025-10-17 12:27:16 --> Origin: http://localhost:4200
ERROR - 2025-10-17 12:27:17 --> CORS Filter
ERROR - 2025-10-17 12:27:17 --> Origin: http://localhost:4200
ERROR - 2025-10-17 12:27:17 --> CORS Filter
ERROR - 2025-10-17 12:27:17 --> Origin: http://localhost:4200
ERROR - 2025-10-17 12:27:18 --> CORS Filter
ERROR - 2025-10-17 12:27:18 --> Origin: http://localhost:4200
ERROR - 2025-10-17 12:27:19 --> CORS Filter
ERROR - 2025-10-17 12:27:19 --> Origin: http://localhost:4200
ERROR - 2025-10-17 12:27:19 --> CORS Filter
ERROR - 2025-10-17 12:27:19 --> Origin: http://localhost:4200
ERROR - 2025-10-17 12:27:23 --> CORS Filter
ERROR - 2025-10-17 12:27:23 --> Origin: http://localhost:4200
ERROR - 2025-10-17 12:27:23 --> CORS Filter
ERROR - 2025-10-17 12:27:23 --> Origin: http://localhost:4200
ERROR - 2025-10-17 12:27:24 --> CORS Filter
ERROR - 2025-10-17 12:27:24 --> Origin: http://localhost:4200
ERROR - 2025-10-17 12:27:24 --> CORS Filter
ERROR - 2025-10-17 12:27:24 --> Origin: http://localhost:4200
ERROR - 2025-10-17 12:27:25 --> CORS Filter
ERROR - 2025-10-17 12:27:25 --> Origin: http://localhost:4200
ERROR - 2025-10-17 12:27:25 --> CORS Filter
ERROR - 2025-10-17 12:27:25 --> Origin: http://localhost:4200
ERROR - 2025-10-17 12:27:34 --> CORS Filter
ERROR - 2025-10-17 12:27:34 --> Origin: http://localhost:4200
ERROR - 2025-10-17 12:27:34 --> CORS Filter
ERROR - 2025-10-17 12:27:34 --> Origin: http://localhost:4200
ERROR - 2025-10-17 12:27:35 --> CORS Filter
ERROR - 2025-10-17 12:27:35 --> Origin: http://localhost:4200
ERROR - 2025-10-17 12:27:35 --> CORS Filter
ERROR - 2025-10-17 12:27:35 --> Origin: http://localhost:4200
ERROR - 2025-10-17 12:27:36 --> CORS Filter
ERROR - 2025-10-17 12:27:36 --> Origin: http://localhost:4200
ERROR - 2025-10-17 12:27:37 --> CORS Filter
ERROR - 2025-10-17 12:27:37 --> Origin: http://localhost:4200
ERROR - 2025-10-17 12:27:42 --> CORS Filter
ERROR - 2025-10-17 12:27:42 --> Origin: http://localhost:4200
ERROR - 2025-10-17 12:27:43 --> CORS Filter
ERROR - 2025-10-17 12:27:43 --> Origin: http://localhost:4200
ERROR - 2025-10-17 12:27:44 --> CORS Filter
ERROR - 2025-10-17 12:27:44 --> Origin: http://localhost:4200
ERROR - 2025-10-17 12:27:44 --> CORS Filter
ERROR - 2025-10-17 12:27:44 --> Origin: http://localhost:4200
ERROR - 2025-10-17 12:27:46 --> CORS Filter
ERROR - 2025-10-17 12:27:46 --> Origin: http://localhost:4200
ERROR - 2025-10-17 12:27:46 --> CORS Filter
ERROR - 2025-10-17 12:27:46 --> Origin: http://localhost:4200
ERROR - 2025-10-17 12:27:52 --> CORS Filter
ERROR - 2025-10-17 12:27:52 --> Origin: http://localhost:4200
ERROR - 2025-10-17 12:27:52 --> CORS Filter
ERROR - 2025-10-17 12:27:52 --> Origin: http://localhost:4200
ERROR - 2025-10-17 12:27:52 --> CORS Filter
ERROR - 2025-10-17 12:27:52 --> Origin: http://localhost:4200
ERROR - 2025-10-17 12:27:53 --> CORS Filter
ERROR - 2025-10-17 12:27:53 --> Origin: http://localhost:4200
ERROR - 2025-10-17 12:27:54 --> CORS Filter
ERROR - 2025-10-17 12:27:54 --> Origin: http://localhost:4200
ERROR - 2025-10-17 12:27:54 --> CORS Filter
ERROR - 2025-10-17 12:27:54 --> Origin: http://localhost:4200
ERROR - 2025-10-17 12:27:58 --> CORS Filter
ERROR - 2025-10-17 12:27:58 --> Origin: http://localhost:4200
ERROR - 2025-10-17 12:27:59 --> CORS Filter
ERROR - 2025-10-17 12:27:59 --> Origin: http://localhost:4200
ERROR - 2025-10-17 12:27:59 --> CORS Filter
ERROR - 2025-10-17 12:27:59 --> Origin: http://localhost:4200
ERROR - 2025-10-17 12:27:59 --> CORS Filter
ERROR - 2025-10-17 12:27:59 --> Origin: http://localhost:4200
ERROR - 2025-10-17 12:28:00 --> CORS Filter
ERROR - 2025-10-17 12:28:00 --> Origin: http://localhost:4200
ERROR - 2025-10-17 12:28:00 --> CORS Filter
ERROR - 2025-10-17 12:28:00 --> Origin: http://localhost:4200
ERROR - 2025-10-17 12:28:11 --> CORS Filter
ERROR - 2025-10-17 12:28:11 --> Origin: http://localhost:4200
ERROR - 2025-10-17 12:28:12 --> CORS Filter
ERROR - 2025-10-17 12:28:12 --> Origin: http://localhost:4200
ERROR - 2025-10-17 12:28:12 --> CORS Filter
ERROR - 2025-10-17 12:28:12 --> Origin: http://localhost:4200
ERROR - 2025-10-17 12:28:12 --> CORS Filter
ERROR - 2025-10-17 12:28:12 --> Origin: http://localhost:4200
ERROR - 2025-10-17 12:28:13 --> CORS Filter
ERROR - 2025-10-17 12:28:13 --> Origin: http://localhost:4200
ERROR - 2025-10-17 12:28:13 --> CORS Filter
ERROR - 2025-10-17 12:28:13 --> Origin: http://localhost:4200
ERROR - 2025-10-17 12:28:19 --> CORS Filter
ERROR - 2025-10-17 12:28:19 --> Origin: http://localhost:4200
ERROR - 2025-10-17 12:28:20 --> CORS Filter
ERROR - 2025-10-17 12:28:20 --> Origin: http://localhost:4200
ERROR - 2025-10-17 12:28:21 --> CORS Filter
ERROR - 2025-10-17 12:28:21 --> Origin: http://localhost:4200
ERROR - 2025-10-17 12:28:21 --> CORS Filter
ERROR - 2025-10-17 12:28:21 --> Origin: http://localhost:4200
ERROR - 2025-10-17 12:28:25 --> CORS Filter
ERROR - 2025-10-17 12:28:25 --> Origin: http://localhost:4200
ERROR - 2025-10-17 12:28:26 --> CORS Filter
ERROR - 2025-10-17 12:28:26 --> Origin: http://localhost:4200
ERROR - 2025-10-17 12:28:26 --> CORS Filter
ERROR - 2025-10-17 12:28:26 --> Origin: http://localhost:4200
ERROR - 2025-10-17 12:28:27 --> CORS Filter
ERROR - 2025-10-17 12:28:27 --> Origin: http://localhost:4200
ERROR - 2025-10-17 12:28:27 --> CORS Filter
ERROR - 2025-10-17 12:28:27 --> Origin: http://localhost:4200
ERROR - 2025-10-17 12:28:36 --> CORS Filter
ERROR - 2025-10-17 12:28:36 --> Origin: http://localhost:4200
ERROR - 2025-10-17 12:28:37 --> CORS Filter
ERROR - 2025-10-17 12:28:37 --> Origin: http://localhost:4200
ERROR - 2025-10-17 12:28:37 --> CORS Filter
ERROR - 2025-10-17 12:28:37 --> Origin: http://localhost:4200
ERROR - 2025-10-17 12:28:37 --> CORS Filter
ERROR - 2025-10-17 12:28:37 --> Origin: http://localhost:4200
ERROR - 2025-10-17 12:28:38 --> CORS Filter
ERROR - 2025-10-17 12:28:38 --> Origin: http://localhost:4200
ERROR - 2025-10-17 12:28:38 --> CORS Filter
ERROR - 2025-10-17 12:28:38 --> Origin: http://localhost:4200
ERROR - 2025-10-17 12:28:44 --> CORS Filter
ERROR - 2025-10-17 12:28:44 --> Origin: http://localhost:4200
ERROR - 2025-10-17 12:28:44 --> CORS Filter
ERROR - 2025-10-17 12:28:44 --> Origin: http://localhost:4200
ERROR - 2025-10-17 12:28:44 --> CORS Filter
ERROR - 2025-10-17 12:28:44 --> Origin: http://localhost:4200
ERROR - 2025-10-17 12:28:45 --> CORS Filter
ERROR - 2025-10-17 12:28:45 --> Origin: http://localhost:4200
ERROR - 2025-10-17 12:28:45 --> CORS Filter
ERROR - 2025-10-17 12:28:45 --> Origin: http://localhost:4200
ERROR - 2025-10-17 12:28:45 --> CORS Filter
ERROR - 2025-10-17 12:28:45 --> Origin: http://localhost:4200
ERROR - 2025-10-17 12:29:00 --> CORS Filter
ERROR - 2025-10-17 12:29:00 --> Origin: http://localhost:4200
ERROR - 2025-10-17 12:29:00 --> CORS Filter
ERROR - 2025-10-17 12:29:00 --> Origin: http://localhost:4200
ERROR - 2025-10-17 12:29:01 --> CORS Filter
ERROR - 2025-10-17 12:29:01 --> Origin: http://localhost:4200
ERROR - 2025-10-17 12:29:01 --> CORS Filter
ERROR - 2025-10-17 12:29:01 --> Origin: http://localhost:4200
ERROR - 2025-10-17 12:29:03 --> CORS Filter
ERROR - 2025-10-17 12:29:03 --> Origin: http://localhost:4200
ERROR - 2025-10-17 12:29:03 --> CORS Filter
ERROR - 2025-10-17 12:29:03 --> Origin: http://localhost:4200
ERROR - 2025-10-17 12:29:08 --> CORS Filter
ERROR - 2025-10-17 12:29:08 --> Origin: http://localhost:4200
ERROR - 2025-10-17 12:29:08 --> CORS Filter
ERROR - 2025-10-17 12:29:08 --> Origin: http://localhost:4200
ERROR - 2025-10-17 12:29:09 --> CORS Filter
ERROR - 2025-10-17 12:29:09 --> Origin: http://localhost:4200
ERROR - 2025-10-17 12:29:09 --> CORS Filter
ERROR - 2025-10-17 12:29:09 --> Origin: http://localhost:4200
ERROR - 2025-10-17 12:29:10 --> CORS Filter
ERROR - 2025-10-17 12:29:10 --> Origin: http://localhost:4200
ERROR - 2025-10-17 12:29:10 --> CORS Filter
ERROR - 2025-10-17 12:29:10 --> Origin: http://localhost:4200
ERROR - 2025-10-17 12:29:15 --> CORS Filter
ERROR - 2025-10-17 12:29:15 --> Origin: http://localhost:4200
ERROR - 2025-10-17 12:29:16 --> CORS Filter
ERROR - 2025-10-17 12:29:16 --> Origin: http://localhost:4200
ERROR - 2025-10-17 12:29:16 --> CORS Filter
ERROR - 2025-10-17 12:29:16 --> Origin: http://localhost:4200
ERROR - 2025-10-17 12:29:16 --> CORS Filter
ERROR - 2025-10-17 12:29:16 --> Origin: http://localhost:4200
ERROR - 2025-10-17 12:29:17 --> CORS Filter
ERROR - 2025-10-17 12:29:17 --> Origin: http://localhost:4200
ERROR - 2025-10-17 12:29:17 --> CORS Filter
ERROR - 2025-10-17 12:29:17 --> Origin: http://localhost:4200
ERROR - 2025-10-17 12:29:30 --> CORS Filter
ERROR - 2025-10-17 12:29:30 --> Origin: http://localhost:4200
ERROR - 2025-10-17 12:29:30 --> CORS Filter
ERROR - 2025-10-17 12:29:30 --> Origin: http://localhost:4200
ERROR - 2025-10-17 12:29:30 --> CORS Filter
ERROR - 2025-10-17 12:29:30 --> Origin: http://localhost:4200
ERROR - 2025-10-17 12:29:30 --> CORS Filter
ERROR - 2025-10-17 12:29:30 --> Origin: http://localhost:4200
ERROR - 2025-10-17 12:29:31 --> CORS Filter
ERROR - 2025-10-17 12:29:31 --> Origin: http://localhost:4200
ERROR - 2025-10-17 12:29:32 --> CORS Filter
ERROR - 2025-10-17 12:29:32 --> Origin: http://localhost:4200
ERROR - 2025-10-17 12:29:45 --> CORS Filter
ERROR - 2025-10-17 12:29:45 --> Origin: http://localhost:4200
ERROR - 2025-10-17 12:29:46 --> CORS Filter
ERROR - 2025-10-17 12:29:46 --> Origin: http://localhost:4200
ERROR - 2025-10-17 12:29:46 --> CORS Filter
ERROR - 2025-10-17 12:29:46 --> Origin: http://localhost:4200
ERROR - 2025-10-17 12:29:46 --> CORS Filter
ERROR - 2025-10-17 12:29:46 --> Origin: http://localhost:4200
ERROR - 2025-10-17 12:29:47 --> CORS Filter
ERROR - 2025-10-17 12:29:47 --> Origin: http://localhost:4200
ERROR - 2025-10-17 12:29:47 --> CORS Filter
ERROR - 2025-10-17 12:29:47 --> Origin: http://localhost:4200
ERROR - 2025-10-17 12:29:58 --> CORS Filter
ERROR - 2025-10-17 12:29:58 --> Origin: http://localhost:4200
ERROR - 2025-10-17 12:29:59 --> CORS Filter
ERROR - 2025-10-17 12:29:59 --> Origin: http://localhost:4200
ERROR - 2025-10-17 12:29:59 --> CORS Filter
ERROR - 2025-10-17 12:29:59 --> Origin: http://localhost:4200
ERROR - 2025-10-17 12:30:00 --> CORS Filter
ERROR - 2025-10-17 12:30:00 --> Origin: http://localhost:4200
ERROR - 2025-10-17 12:30:00 --> CORS Filter
ERROR - 2025-10-17 12:30:00 --> Origin: http://localhost:4200
ERROR - 2025-10-17 12:30:01 --> CORS Filter
ERROR - 2025-10-17 12:30:01 --> Origin: http://localhost:4200
ERROR - 2025-10-17 12:30:05 --> CORS Filter
ERROR - 2025-10-17 12:30:05 --> Origin: http://localhost:4200
ERROR - 2025-10-17 12:30:05 --> CORS Filter
ERROR - 2025-10-17 12:30:05 --> Origin: http://localhost:4200
ERROR - 2025-10-17 12:30:07 --> CORS Filter
ERROR - 2025-10-17 12:30:07 --> Origin: http://localhost:4200
ERROR - 2025-10-17 12:30:07 --> CORS Filter
ERROR - 2025-10-17 12:30:07 --> Origin: http://localhost:4200
ERROR - 2025-10-17 12:30:08 --> CORS Filter
ERROR - 2025-10-17 12:30:08 --> Origin: http://localhost:4200
ERROR - 2025-10-17 12:30:08 --> CORS Filter
ERROR - 2025-10-17 12:30:08 --> Origin: http://localhost:4200
ERROR - 2025-10-17 12:30:16 --> CORS Filter
ERROR - 2025-10-17 12:30:16 --> Origin: http://localhost:4200
ERROR - 2025-10-17 12:30:16 --> CORS Filter
ERROR - 2025-10-17 12:30:16 --> Origin: http://localhost:4200
ERROR - 2025-10-17 12:30:17 --> CORS Filter
ERROR - 2025-10-17 12:30:17 --> Origin: http://localhost:4200
ERROR - 2025-10-17 12:30:17 --> CORS Filter
ERROR - 2025-10-17 12:30:17 --> Origin: http://localhost:4200
ERROR - 2025-10-17 12:30:24 --> CORS Filter
ERROR - 2025-10-17 12:30:24 --> Origin: http://localhost:4200
ERROR - 2025-10-17 12:30:24 --> CORS Filter
ERROR - 2025-10-17 12:30:24 --> Origin: http://localhost:4200
ERROR - 2025-10-17 12:30:25 --> CORS Filter
ERROR - 2025-10-17 12:30:25 --> Origin: http://localhost:4200
ERROR - 2025-10-17 12:30:25 --> CORS Filter
ERROR - 2025-10-17 12:30:25 --> Origin: http://localhost:4200
ERROR - 2025-10-17 12:30:25 --> CORS Filter
ERROR - 2025-10-17 12:30:25 --> Origin: http://localhost:4200
ERROR - 2025-10-17 12:30:26 --> CORS Filter
ERROR - 2025-10-17 12:30:26 --> Origin: http://localhost:4200
ERROR - 2025-10-17 12:30:33 --> CORS Filter
ERROR - 2025-10-17 12:30:33 --> Origin: http://localhost:4200
ERROR - 2025-10-17 12:30:33 --> CORS Filter
ERROR - 2025-10-17 12:30:33 --> Origin: http://localhost:4200
ERROR - 2025-10-17 12:30:34 --> CORS Filter
ERROR - 2025-10-17 12:30:34 --> Origin: http://localhost:4200
ERROR - 2025-10-17 12:30:35 --> CORS Filter
ERROR - 2025-10-17 12:30:35 --> Origin: http://localhost:4200
ERROR - 2025-10-17 12:30:37 --> CORS Filter
ERROR - 2025-10-17 12:30:37 --> Origin: http://localhost:4200
ERROR - 2025-10-17 12:30:37 --> CORS Filter
ERROR - 2025-10-17 12:30:37 --> Origin: http://localhost:4200
ERROR - 2025-10-17 12:30:43 --> CORS Filter
ERROR - 2025-10-17 12:30:43 --> Origin: http://localhost:4200
ERROR - 2025-10-17 12:30:43 --> CORS Filter
ERROR - 2025-10-17 12:30:43 --> Origin: http://localhost:4200
ERROR - 2025-10-17 12:30:43 --> CORS Filter
ERROR - 2025-10-17 12:30:43 --> Origin: http://localhost:4200
ERROR - 2025-10-17 12:30:43 --> CORS Filter
ERROR - 2025-10-17 12:30:43 --> Origin: http://localhost:4200
ERROR - 2025-10-17 12:30:44 --> CORS Filter
ERROR - 2025-10-17 12:30:44 --> Origin: http://localhost:4200
ERROR - 2025-10-17 12:30:44 --> CORS Filter
ERROR - 2025-10-17 12:30:44 --> Origin: http://localhost:4200
ERROR - 2025-10-17 12:30:58 --> CORS Filter
ERROR - 2025-10-17 12:30:58 --> Origin: http://localhost:4200
ERROR - 2025-10-17 12:30:58 --> CORS Filter
ERROR - 2025-10-17 12:30:58 --> Origin: http://localhost:4200
ERROR - 2025-10-17 12:31:01 --> CORS Filter
ERROR - 2025-10-17 12:31:01 --> Origin: http://localhost:4200
ERROR - 2025-10-17 12:31:01 --> CORS Filter
ERROR - 2025-10-17 12:31:01 --> Origin: http://localhost:4200
ERROR - 2025-10-17 12:31:02 --> CORS Filter
ERROR - 2025-10-17 12:31:02 --> Origin: http://localhost:4200
ERROR - 2025-10-17 12:31:02 --> CORS Filter
ERROR - 2025-10-17 12:31:02 --> Origin: http://localhost:4200
ERROR - 2025-10-17 12:31:06 --> CORS Filter
ERROR - 2025-10-17 12:31:06 --> Origin: http://localhost:4200
ERROR - 2025-10-17 12:31:07 --> CORS Filter
ERROR - 2025-10-17 12:31:07 --> Origin: http://localhost:4200
ERROR - 2025-10-17 12:31:07 --> CORS Filter
ERROR - 2025-10-17 12:31:07 --> Origin: http://localhost:4200
ERROR - 2025-10-17 12:31:07 --> CORS Filter
ERROR - 2025-10-17 12:31:07 --> Origin: http://localhost:4200
ERROR - 2025-10-17 12:31:08 --> CORS Filter
ERROR - 2025-10-17 12:31:08 --> Origin: http://localhost:4200
ERROR - 2025-10-17 12:31:08 --> CORS Filter
ERROR - 2025-10-17 12:31:08 --> Origin: http://localhost:4200
ERROR - 2025-10-17 12:31:13 --> CORS Filter
ERROR - 2025-10-17 12:31:13 --> Origin: http://localhost:4200
ERROR - 2025-10-17 12:31:14 --> CORS Filter
ERROR - 2025-10-17 12:31:14 --> Origin: http://localhost:4200
ERROR - 2025-10-17 12:31:15 --> CORS Filter
ERROR - 2025-10-17 12:31:15 --> Origin: http://localhost:4200
ERROR - 2025-10-17 12:31:15 --> CORS Filter
ERROR - 2025-10-17 12:31:15 --> Origin: http://localhost:4200
ERROR - 2025-10-17 12:31:18 --> CORS Filter
ERROR - 2025-10-17 12:31:18 --> Origin: http://localhost:4200
ERROR - 2025-10-17 12:31:18 --> CORS Filter
ERROR - 2025-10-17 12:31:18 --> Origin: http://localhost:4200
ERROR - 2025-10-17 12:31:23 --> CORS Filter
ERROR - 2025-10-17 12:31:23 --> Origin: http://localhost:4200
ERROR - 2025-10-17 12:31:24 --> CORS Filter
ERROR - 2025-10-17 12:31:24 --> Origin: http://localhost:4200
ERROR - 2025-10-17 12:31:25 --> CORS Filter
ERROR - 2025-10-17 12:31:25 --> Origin: http://localhost:4200
ERROR - 2025-10-17 12:31:25 --> CORS Filter
ERROR - 2025-10-17 12:31:25 --> Origin: http://localhost:4200
ERROR - 2025-10-17 12:31:26 --> CORS Filter
ERROR - 2025-10-17 12:31:26 --> Origin: http://localhost:4200
ERROR - 2025-10-17 12:31:27 --> CORS Filter
ERROR - 2025-10-17 12:31:27 --> Origin: http://localhost:4200
ERROR - 2025-10-17 12:31:31 --> CORS Filter
ERROR - 2025-10-17 12:31:31 --> Origin: http://localhost:4200
ERROR - 2025-10-17 12:31:31 --> CORS Filter
ERROR - 2025-10-17 12:31:31 --> Origin: http://localhost:4200
ERROR - 2025-10-17 12:31:32 --> CORS Filter
ERROR - 2025-10-17 12:31:32 --> Origin: http://localhost:4200
ERROR - 2025-10-17 12:31:32 --> CORS Filter
ERROR - 2025-10-17 12:31:32 --> Origin: http://localhost:4200
ERROR - 2025-10-17 12:31:32 --> CORS Filter
ERROR - 2025-10-17 12:31:32 --> Origin: http://localhost:4200
ERROR - 2025-10-17 12:31:33 --> CORS Filter
ERROR - 2025-10-17 12:31:33 --> Origin: http://localhost:4200
ERROR - 2025-10-17 12:31:36 --> CORS Filter
ERROR - 2025-10-17 12:31:36 --> Origin: http://localhost:4200
ERROR - 2025-10-17 12:31:36 --> CORS Filter
ERROR - 2025-10-17 12:31:36 --> Origin: http://localhost:4200
ERROR - 2025-10-17 12:31:37 --> CORS Filter
ERROR - 2025-10-17 12:31:37 --> Origin: http://localhost:4200
ERROR - 2025-10-17 12:32:01 --> CORS Filter
ERROR - 2025-10-17 12:32:01 --> Origin: http://localhost:4200
ERROR - 2025-10-17 12:32:01 --> CORS Filter
ERROR - 2025-10-17 12:32:01 --> Origin: http://localhost:4200
ERROR - 2025-10-17 12:32:01 --> CORS Filter
ERROR - 2025-10-17 12:32:01 --> Origin: http://localhost:4200
ERROR - 2025-10-17 12:32:02 --> CORS Filter
ERROR - 2025-10-17 12:32:02 --> Origin: http://localhost:4200
ERROR - 2025-10-17 12:32:02 --> CORS Filter
ERROR - 2025-10-17 12:32:02 --> Origin: http://localhost:4200
ERROR - 2025-10-17 12:32:02 --> CORS Filter
ERROR - 2025-10-17 12:32:02 --> Origin: http://localhost:4200
ERROR - 2025-10-17 12:32:13 --> CORS Filter
ERROR - 2025-10-17 12:32:13 --> Origin: http://localhost:4200
ERROR - 2025-10-17 12:32:13 --> CORS Filter
ERROR - 2025-10-17 12:32:13 --> Origin: http://localhost:4200
ERROR - 2025-10-17 12:32:18 --> CORS Filter
ERROR - 2025-10-17 12:32:18 --> Origin: http://localhost:4200
ERROR - 2025-10-17 12:32:18 --> CORS Filter
ERROR - 2025-10-17 12:32:18 --> Origin: http://localhost:4200
ERROR - 2025-10-17 12:32:19 --> CORS Filter
ERROR - 2025-10-17 12:32:19 --> Origin: http://localhost:4200
ERROR - 2025-10-17 12:32:19 --> CORS Filter
ERROR - 2025-10-17 12:32:19 --> Origin: http://localhost:4200
ERROR - 2025-10-17 12:32:34 --> CORS Filter
ERROR - 2025-10-17 12:32:34 --> Origin: http://localhost:4200
ERROR - 2025-10-17 12:32:35 --> CORS Filter
ERROR - 2025-10-17 12:32:35 --> Origin: http://localhost:4200
ERROR - 2025-10-17 12:32:35 --> CORS Filter
ERROR - 2025-10-17 12:32:35 --> Origin: http://localhost:4200
ERROR - 2025-10-17 12:32:36 --> CORS Filter
ERROR - 2025-10-17 12:32:36 --> Origin: http://localhost:4200
ERROR - 2025-10-17 12:32:38 --> CORS Filter
ERROR - 2025-10-17 12:32:38 --> Origin: http://localhost:4200
ERROR - 2025-10-17 12:32:39 --> CORS Filter
ERROR - 2025-10-17 12:32:39 --> Origin: http://localhost:4200
ERROR - 2025-10-17 12:35:31 --> CORS Filter
ERROR - 2025-10-17 12:35:31 --> Origin: http://localhost:4200
ERROR - 2025-10-17 12:35:31 --> CORS Filter
ERROR - 2025-10-17 12:35:31 --> Origin: http://localhost:4200
ERROR - 2025-10-17 12:35:32 --> CORS Filter
ERROR - 2025-10-17 12:35:32 --> Origin: http://localhost:4200
ERROR - 2025-10-17 12:35:32 --> CORS Filter
ERROR - 2025-10-17 12:35:32 --> Origin: http://localhost:4200
ERROR - 2025-10-17 12:35:36 --> CORS Filter
ERROR - 2025-10-17 12:35:37 --> Origin: http://localhost:4200
ERROR - 2025-10-17 12:35:37 --> CORS Filter
ERROR - 2025-10-17 12:35:37 --> Origin: http://localhost:4200
ERROR - 2025-10-17 12:35:37 --> CORS Filter
ERROR - 2025-10-17 12:35:37 --> Origin: http://localhost:4200
ERROR - 2025-10-17 12:35:38 --> CORS Filter
ERROR - 2025-10-17 12:35:38 --> Origin: http://localhost:4200
ERROR - 2025-10-17 12:35:40 --> CORS Filter
ERROR - 2025-10-17 12:35:40 --> Origin: http://localhost:4200
ERROR - 2025-10-17 12:35:41 --> CORS Filter
ERROR - 2025-10-17 12:35:41 --> Origin: http://localhost:4200
ERROR - 2025-10-17 12:37:56 --> CORS Filter
ERROR - 2025-10-17 12:37:56 --> Origin: http://localhost:4200
ERROR - 2025-10-17 12:37:57 --> CORS Filter
ERROR - 2025-10-17 12:37:57 --> Origin: http://localhost:4200
ERROR - 2025-10-17 12:37:57 --> CORS Filter
ERROR - 2025-10-17 12:37:57 --> Origin: http://localhost:4200
ERROR - 2025-10-17 12:37:58 --> CORS Filter
ERROR - 2025-10-17 12:37:58 --> Origin: http://localhost:4200
ERROR - 2025-10-17 12:37:59 --> CORS Filter
ERROR - 2025-10-17 12:37:59 --> Origin: http://localhost:4200
ERROR - 2025-10-17 12:37:59 --> CORS Filter
ERROR - 2025-10-17 12:37:59 --> Origin: http://localhost:4200
ERROR - 2025-10-17 12:38:22 --> CORS Filter
ERROR - 2025-10-17 12:38:22 --> Origin: http://localhost:4200
ERROR - 2025-10-17 12:38:22 --> CORS Filter
ERROR - 2025-10-17 12:38:22 --> Origin: http://localhost:4200
ERROR - 2025-10-17 12:57:10 --> CORS Filter
ERROR - 2025-10-17 12:57:10 --> Origin: http://localhost:4200
ERROR - 2025-10-17 12:57:11 --> CORS Filter
ERROR - 2025-10-17 12:57:11 --> Origin: http://localhost:4200
ERROR - 2025-10-17 12:57:11 --> CORS Filter
ERROR - 2025-10-17 12:57:11 --> Origin: http://localhost:4200
ERROR - 2025-10-17 12:57:11 --> CORS Filter
ERROR - 2025-10-17 12:57:11 --> Origin: http://localhost:4200
ERROR - 2025-10-17 12:57:11 --> CORS Filter
ERROR - 2025-10-17 12:57:11 --> Origin: http://localhost:4200
ERROR - 2025-10-17 12:57:11 --> CORS Filter
ERROR - 2025-10-17 12:57:11 --> Origin: http://localhost:4200
