ERROR - 2025-07-29 04:25:19 --> CORS Filter
ERROR - 2025-07-29 04:25:19 --> Origin: http://localhost:4200
ERROR - 2025-07-29 04:25:19 --> CORS Filter
ERROR - 2025-07-29 04:25:19 --> Origin: http://localhost:4200
ERROR - 2025-07-29 04:25:24 --> CORS Filter
ERROR - 2025-07-29 04:25:24 --> Origin: http://localhost:4200
ERROR - 2025-07-29 04:25:25 --> CORS Filter
ERROR - 2025-07-29 04:25:25 --> Origin: http://localhost:4200
ERROR - 2025-07-29 04:25:25 --> CORS Filter
ERROR - 2025-07-29 04:25:25 --> Origin: http://localhost:4200
ERROR - 2025-07-29 04:25:25 --> CORS Filter
ERROR - 2025-07-29 04:25:25 --> Origin: http://localhost:4200
ERROR - 2025-07-29 04:25:26 --> CORS Filter
ERROR - 2025-07-29 04:25:26 --> Origin: http://localhost:4200
ERROR - 2025-07-29 04:25:26 --> CORS Filter
ERROR - 2025-07-29 04:25:26 --> Origin: http://localhost:4200
ERROR - 2025-07-29 04:25:37 --> CORS Filter
ERROR - 2025-07-29 04:25:37 --> Origin: http://localhost:4200
ERROR - 2025-07-29 04:25:37 --> CORS Filter
ERROR - 2025-07-29 04:25:37 --> Origin: http://localhost:4200
ERROR - 2025-07-29 04:26:00 --> CORS Filter
ERROR - 2025-07-29 04:26:00 --> Origin: http://localhost:4200
ERROR - 2025-07-29 04:26:00 --> CORS Filter
ERROR - 2025-07-29 04:26:00 --> Origin: http://localhost:4200
ERROR - 2025-07-29 04:27:53 --> CORS Filter
ERROR - 2025-07-29 04:27:53 --> Origin: http://localhost:4200
ERROR - 2025-07-29 04:27:53 --> CORS Filter
ERROR - 2025-07-29 04:27:53 --> Origin: http://localhost:4200
ERROR - 2025-07-29 04:33:00 --> CORS Filter
ERROR - 2025-07-29 04:33:00 --> Origin: http://localhost:4200
ERROR - 2025-07-29 04:33:01 --> CORS Filter
ERROR - 2025-07-29 04:33:01 --> Origin: http://localhost:4200
ERROR - 2025-07-29 04:33:01 --> CORS Filter
ERROR - 2025-07-29 04:33:01 --> Origin: http://localhost:4200
ERROR - 2025-07-29 04:33:01 --> CORS Filter
ERROR - 2025-07-29 04:33:01 --> Origin: http://localhost:4200
ERROR - 2025-07-29 04:33:02 --> CORS Filter
ERROR - 2025-07-29 04:33:02 --> Origin: http://localhost:4200
ERROR - 2025-07-29 04:33:02 --> CORS Filter
ERROR - 2025-07-29 04:33:02 --> Origin: http://localhost:4200
ERROR - 2025-07-29 04:33:06 --> CORS Filter
ERROR - 2025-07-29 04:33:06 --> Origin: http://localhost:4200
ERROR - 2025-07-29 04:33:40 --> CORS Filter
ERROR - 2025-07-29 04:33:40 --> Origin: http://localhost:4200
ERROR - 2025-07-29 04:33:40 --> CORS Filter
ERROR - 2025-07-29 04:33:40 --> Origin: http://localhost:4200
ERROR - 2025-07-29 04:34:06 --> CORS Filter
ERROR - 2025-07-29 04:34:06 --> Origin: http://localhost:4200
ERROR - 2025-07-29 04:34:06 --> CORS Filter
ERROR - 2025-07-29 04:34:06 --> Origin: http://localhost:4200
ERROR - 2025-07-29 04:34:32 --> CORS Filter
ERROR - 2025-07-29 04:34:32 --> Origin: http://localhost:4200
ERROR - 2025-07-29 04:34:32 --> CORS Filter
ERROR - 2025-07-29 04:34:32 --> Origin: http://localhost:4200
ERROR - 2025-07-29 04:34:56 --> CORS Filter
ERROR - 2025-07-29 04:34:56 --> Origin: http://localhost:4200
ERROR - 2025-07-29 04:34:56 --> CORS Filter
ERROR - 2025-07-29 04:34:56 --> Origin: http://localhost:4200
ERROR - 2025-07-29 04:35:05 --> CORS Filter
ERROR - 2025-07-29 04:35:05 --> Origin: http://localhost:4200
ERROR - 2025-07-29 04:35:06 --> CORS Filter
ERROR - 2025-07-29 04:35:06 --> Origin: http://localhost:4200
ERROR - 2025-07-29 04:35:17 --> CORS Filter
ERROR - 2025-07-29 04:35:17 --> Origin: http://localhost:4200
ERROR - 2025-07-29 04:35:17 --> CORS Filter
ERROR - 2025-07-29 04:35:17 --> Origin: http://localhost:4200
ERROR - 2025-07-29 04:35:17 --> CORS Filter
ERROR - 2025-07-29 04:35:17 --> Origin: http://localhost:4200
ERROR - 2025-07-29 04:35:18 --> CORS Filter
ERROR - 2025-07-29 04:35:18 --> Origin: http://localhost:4200
ERROR - 2025-07-29 04:35:18 --> CORS Filter
ERROR - 2025-07-29 04:35:18 --> Origin: http://localhost:4200
ERROR - 2025-07-29 04:35:18 --> CORS Filter
ERROR - 2025-07-29 04:35:18 --> Origin: http://localhost:4200
ERROR - 2025-07-29 04:35:34 --> CORS Filter
ERROR - 2025-07-29 04:35:34 --> Origin: http://localhost:4200
ERROR - 2025-07-29 04:35:34 --> CORS Filter
ERROR - 2025-07-29 04:35:34 --> Origin: http://localhost:4200
ERROR - 2025-07-29 04:36:05 --> CORS Filter
ERROR - 2025-07-29 04:36:05 --> Origin: http://localhost:4200
ERROR - 2025-07-29 04:36:05 --> CORS Filter
ERROR - 2025-07-29 04:36:05 --> Origin: http://localhost:4200
ERROR - 2025-07-29 04:36:23 --> CORS Filter
ERROR - 2025-07-29 04:36:23 --> Origin: http://localhost:4200
ERROR - 2025-07-29 04:36:23 --> CORS Filter
ERROR - 2025-07-29 04:36:23 --> Origin: http://localhost:4200
ERROR - 2025-07-29 04:44:57 --> CORS Filter
ERROR - 2025-07-29 04:44:57 --> Origin: http://localhost:4200
ERROR - 2025-07-29 04:44:57 --> CORS Filter
ERROR - 2025-07-29 04:44:57 --> Origin: http://localhost:4200
ERROR - 2025-07-29 04:44:58 --> CORS Filter
ERROR - 2025-07-29 04:44:58 --> Origin: http://localhost:4200
ERROR - 2025-07-29 04:44:58 --> CORS Filter
ERROR - 2025-07-29 04:44:58 --> Origin: http://localhost:4200
ERROR - 2025-07-29 04:45:00 --> CORS Filter
ERROR - 2025-07-29 04:45:00 --> Origin: http://localhost:4200
ERROR - 2025-07-29 04:45:01 --> CORS Filter
ERROR - 2025-07-29 04:45:01 --> Origin: http://localhost:4200
ERROR - 2025-07-29 04:45:46 --> CORS Filter
ERROR - 2025-07-29 04:45:46 --> Origin: http://localhost:4200
ERROR - 2025-07-29 04:45:46 --> CORS Filter
ERROR - 2025-07-29 04:45:46 --> Origin: http://localhost:4200
ERROR - 2025-07-29 04:46:02 --> CORS Filter
ERROR - 2025-07-29 04:46:02 --> Origin: http://localhost:4200
ERROR - 2025-07-29 04:46:02 --> CORS Filter
ERROR - 2025-07-29 04:46:02 --> Origin: http://localhost:4200
ERROR - 2025-07-29 04:46:02 --> CORS Filter
ERROR - 2025-07-29 04:46:02 --> Origin: http://localhost:4200
ERROR - 2025-07-29 04:46:02 --> CORS Filter
ERROR - 2025-07-29 04:46:02 --> Origin: http://localhost:4200
ERROR - 2025-07-29 04:46:05 --> CORS Filter
ERROR - 2025-07-29 04:46:05 --> Origin: http://localhost:4200
ERROR - 2025-07-29 04:46:05 --> CORS Filter
ERROR - 2025-07-29 04:46:05 --> Origin: http://localhost:4200
ERROR - 2025-07-29 04:51:15 --> CORS Filter
ERROR - 2025-07-29 04:51:15 --> Origin: http://localhost:4200
ERROR - 2025-07-29 04:51:16 --> CORS Filter
ERROR - 2025-07-29 04:51:16 --> Origin: http://localhost:4200
ERROR - 2025-07-29 04:57:37 --> CORS Filter
ERROR - 2025-07-29 04:57:37 --> Origin: http://localhost:4200
ERROR - 2025-07-29 04:57:37 --> CORS Filter
ERROR - 2025-07-29 04:57:37 --> Origin: http://localhost:4200
ERROR - 2025-07-29 04:57:37 --> CORS Filter
ERROR - 2025-07-29 04:57:38 --> Origin: http://localhost:4200
ERROR - 2025-07-29 04:57:39 --> CORS Filter
ERROR - 2025-07-29 04:57:39 --> Origin: http://localhost:4200
ERROR - 2025-07-29 04:57:39 --> CORS Filter
ERROR - 2025-07-29 04:57:39 --> Origin: http://localhost:4200
ERROR - 2025-07-29 04:57:40 --> CORS Filter
ERROR - 2025-07-29 04:57:40 --> Origin: http://localhost:4200
ERROR - 2025-07-29 04:57:41 --> CORS Filter
ERROR - 2025-07-29 04:57:41 --> Origin: http://localhost:4200
ERROR - 2025-07-29 04:57:45 --> CORS Filter
ERROR - 2025-07-29 04:57:45 --> Origin: http://localhost:4200
ERROR - 2025-07-29 04:57:45 --> CORS Filter
ERROR - 2025-07-29 04:57:45 --> Origin: http://localhost:4200
ERROR - 2025-07-29 04:57:46 --> CORS Filter
ERROR - 2025-07-29 04:57:46 --> Origin: http://localhost:4200
ERROR - 2025-07-29 04:57:46 --> CORS Filter
ERROR - 2025-07-29 04:57:46 --> Origin: http://localhost:4200
ERROR - 2025-07-29 04:57:46 --> CORS Filter
ERROR - 2025-07-29 04:57:46 --> Origin: http://localhost:4200
ERROR - 2025-07-29 04:57:46 --> CORS Filter
ERROR - 2025-07-29 04:57:46 --> Origin: http://localhost:4200
ERROR - 2025-07-29 04:57:55 --> CORS Filter
ERROR - 2025-07-29 04:57:55 --> Origin: http://localhost:4200
ERROR - 2025-07-29 04:57:55 --> CORS Filter
ERROR - 2025-07-29 04:57:55 --> Origin: http://localhost:4200
ERROR - 2025-07-29 04:58:02 --> CORS Filter
ERROR - 2025-07-29 04:58:02 --> Origin: http://localhost:4200
ERROR - 2025-07-29 04:58:02 --> CORS Filter
ERROR - 2025-07-29 04:58:02 --> Origin: http://localhost:4200
ERROR - 2025-07-29 04:58:03 --> CORS Filter
ERROR - 2025-07-29 04:58:03 --> Origin: http://localhost:4200
ERROR - 2025-07-29 04:59:15 --> CORS Filter
ERROR - 2025-07-29 04:59:15 --> Origin: http://localhost:4200
ERROR - 2025-07-29 04:59:16 --> CORS Filter
ERROR - 2025-07-29 04:59:16 --> Origin: http://localhost:4200
ERROR - 2025-07-29 04:59:16 --> CORS Filter
ERROR - 2025-07-29 04:59:16 --> Origin: http://localhost:4200
ERROR - 2025-07-29 04:59:16 --> CORS Filter
ERROR - 2025-07-29 04:59:16 --> Origin: http://localhost:4200
ERROR - 2025-07-29 04:59:16 --> CORS Filter
ERROR - 2025-07-29 04:59:16 --> Origin: http://localhost:4200
ERROR - 2025-07-29 04:59:17 --> CORS Filter
ERROR - 2025-07-29 04:59:17 --> Origin: http://localhost:4200
ERROR - 2025-07-29 05:01:06 --> CORS Filter
ERROR - 2025-07-29 05:01:06 --> Origin: http://localhost:4200
ERROR - 2025-07-29 05:01:07 --> CORS Filter
ERROR - 2025-07-29 05:01:07 --> Origin: http://localhost:4200
ERROR - 2025-07-29 05:01:07 --> CORS Filter
ERROR - 2025-07-29 05:01:07 --> Origin: http://localhost:4200
ERROR - 2025-07-29 05:01:07 --> CORS Filter
ERROR - 2025-07-29 05:01:07 --> Origin: http://localhost:4200
ERROR - 2025-07-29 05:01:09 --> CORS Filter
ERROR - 2025-07-29 05:01:09 --> Origin: http://localhost:4200
ERROR - 2025-07-29 05:01:09 --> CORS Filter
ERROR - 2025-07-29 05:01:09 --> Origin: http://localhost:4200
ERROR - 2025-07-29 05:01:12 --> CORS Filter
ERROR - 2025-07-29 05:01:12 --> Origin: http://localhost:4200
ERROR - 2025-07-29 05:01:13 --> CORS Filter
ERROR - 2025-07-29 05:01:13 --> Origin: http://localhost:4200
ERROR - 2025-07-29 05:14:29 --> CORS Filter
ERROR - 2025-07-29 05:14:29 --> Origin: http://localhost:4200
ERROR - 2025-07-29 05:14:29 --> CORS Filter
ERROR - 2025-07-29 05:14:29 --> Origin: http://localhost:4200
ERROR - 2025-07-29 05:16:38 --> CORS Filter
ERROR - 2025-07-29 05:16:38 --> Origin: http://localhost:4200
ERROR - 2025-07-29 05:16:38 --> CORS Filter
ERROR - 2025-07-29 05:16:38 --> Origin: http://localhost:4200
ERROR - 2025-07-29 05:16:38 --> CORS Filter
ERROR - 2025-07-29 05:16:38 --> Origin: http://localhost:4200
ERROR - 2025-07-29 05:16:39 --> CORS Filter
ERROR - 2025-07-29 05:16:39 --> Origin: http://localhost:4200
ERROR - 2025-07-29 05:16:40 --> CORS Filter
ERROR - 2025-07-29 05:16:40 --> Origin: http://localhost:4200
ERROR - 2025-07-29 05:16:40 --> CORS Filter
ERROR - 2025-07-29 05:16:40 --> Origin: http://localhost:4200
ERROR - 2025-07-29 05:16:48 --> CORS Filter
ERROR - 2025-07-29 05:16:48 --> Origin: http://localhost:4200
ERROR - 2025-07-29 05:16:48 --> CORS Filter
ERROR - 2025-07-29 05:16:48 --> Origin: http://localhost:4200
ERROR - 2025-07-29 05:16:49 --> CORS Filter
ERROR - 2025-07-29 05:16:49 --> Origin: http://localhost:4200
ERROR - 2025-07-29 05:16:49 --> CORS Filter
ERROR - 2025-07-29 05:16:49 --> Origin: http://localhost:4200
ERROR - 2025-07-29 05:16:49 --> CORS Filter
ERROR - 2025-07-29 05:16:49 --> Origin: http://localhost:4200
ERROR - 2025-07-29 05:16:50 --> CORS Filter
ERROR - 2025-07-29 05:16:50 --> Origin: http://localhost:4200
ERROR - 2025-07-29 05:16:50 --> CORS Filter
ERROR - 2025-07-29 05:16:50 --> Origin: http://localhost:4200
ERROR - 2025-07-29 05:17:28 --> CORS Filter
ERROR - 2025-07-29 05:17:28 --> Origin: http://localhost:4200
ERROR - 2025-07-29 05:17:28 --> CORS Filter
ERROR - 2025-07-29 05:17:28 --> Origin: http://localhost:4200
ERROR - 2025-07-29 05:17:28 --> CORS Filter
ERROR - 2025-07-29 05:17:28 --> Origin: http://localhost:4200
ERROR - 2025-07-29 05:17:28 --> CORS Filter
ERROR - 2025-07-29 05:17:28 --> Origin: http://localhost:4200
ERROR - 2025-07-29 05:17:29 --> CORS Filter
ERROR - 2025-07-29 05:17:29 --> Origin: http://localhost:4200
ERROR - 2025-07-29 05:17:29 --> CORS Filter
ERROR - 2025-07-29 05:17:29 --> Origin: http://localhost:4200
ERROR - 2025-07-29 05:17:48 --> CORS Filter
ERROR - 2025-07-29 05:17:48 --> Origin: http://localhost:4200
ERROR - 2025-07-29 05:17:48 --> CORS Filter
ERROR - 2025-07-29 05:17:48 --> Origin: http://localhost:4200
ERROR - 2025-07-29 05:17:48 --> CORS Filter
ERROR - 2025-07-29 05:17:48 --> Origin: http://localhost:4200
ERROR - 2025-07-29 05:17:49 --> CORS Filter
ERROR - 2025-07-29 05:17:49 --> Origin: http://localhost:4200
ERROR - 2025-07-29 05:17:49 --> CORS Filter
ERROR - 2025-07-29 05:17:49 --> Origin: http://localhost:4200
ERROR - 2025-07-29 05:17:49 --> CORS Filter
ERROR - 2025-07-29 05:17:49 --> Origin: http://localhost:4200
ERROR - 2025-07-29 05:17:57 --> CORS Filter
ERROR - 2025-07-29 05:17:57 --> Origin: http://localhost:4200
ERROR - 2025-07-29 05:17:57 --> CORS Filter
ERROR - 2025-07-29 05:17:57 --> Origin: http://localhost:4200
ERROR - 2025-07-29 05:17:57 --> CORS Filter
ERROR - 2025-07-29 05:17:57 --> Origin: http://localhost:4200
ERROR - 2025-07-29 05:17:58 --> CORS Filter
ERROR - 2025-07-29 05:17:58 --> Origin: http://localhost:4200
ERROR - 2025-07-29 05:17:58 --> CORS Filter
ERROR - 2025-07-29 05:17:58 --> Origin: http://localhost:4200
ERROR - 2025-07-29 05:17:58 --> CORS Filter
ERROR - 2025-07-29 05:17:58 --> Origin: http://localhost:4200
ERROR - 2025-07-29 05:18:03 --> CORS Filter
ERROR - 2025-07-29 05:18:03 --> Origin: http://localhost:4200
ERROR - 2025-07-29 05:18:04 --> CORS Filter
ERROR - 2025-07-29 05:18:04 --> Origin: http://localhost:4200
ERROR - 2025-07-29 05:18:04 --> CORS Filter
ERROR - 2025-07-29 05:18:04 --> Origin: http://localhost:4200
ERROR - 2025-07-29 05:18:06 --> CORS Filter
ERROR - 2025-07-29 05:18:06 --> Origin: http://localhost:4200
ERROR - 2025-07-29 05:18:07 --> CORS Filter
ERROR - 2025-07-29 05:18:07 --> Origin: http://localhost:4200
ERROR - 2025-07-29 05:18:09 --> CORS Filter
ERROR - 2025-07-29 05:18:09 --> Origin: http://localhost:4200
ERROR - 2025-07-29 05:18:39 --> CORS Filter
ERROR - 2025-07-29 05:18:39 --> Origin: http://localhost:4200
ERROR - 2025-07-29 05:18:39 --> CORS Filter
ERROR - 2025-07-29 05:18:39 --> Origin: http://localhost:4200
ERROR - 2025-07-29 05:18:39 --> CORS Filter
ERROR - 2025-07-29 05:18:39 --> Origin: http://localhost:4200
ERROR - 2025-07-29 05:18:39 --> CORS Filter
ERROR - 2025-07-29 05:18:39 --> Origin: http://localhost:4200
ERROR - 2025-07-29 05:18:40 --> CORS Filter
ERROR - 2025-07-29 05:18:40 --> Origin: http://localhost:4200
ERROR - 2025-07-29 05:18:40 --> CORS Filter
ERROR - 2025-07-29 05:18:40 --> Origin: http://localhost:4200
ERROR - 2025-07-29 05:18:43 --> CORS Filter
ERROR - 2025-07-29 05:18:43 --> Origin: http://localhost:4200
ERROR - 2025-07-29 05:25:19 --> CORS Filter
ERROR - 2025-07-29 05:25:19 --> Origin: http://localhost:4200
ERROR - 2025-07-29 05:25:19 --> CORS Filter
ERROR - 2025-07-29 05:25:19 --> Origin: http://localhost:4200
ERROR - 2025-07-29 05:25:19 --> CORS Filter
ERROR - 2025-07-29 05:25:19 --> Origin: http://localhost:4200
ERROR - 2025-07-29 05:25:19 --> CORS Filter
ERROR - 2025-07-29 05:25:19 --> Origin: http://localhost:4200
ERROR - 2025-07-29 05:25:19 --> CORS Filter
ERROR - 2025-07-29 05:25:19 --> Origin: http://localhost:4200
ERROR - 2025-07-29 05:25:19 --> CORS Filter
ERROR - 2025-07-29 05:25:19 --> Origin: http://localhost:4200
ERROR - 2025-07-29 05:25:19 --> CORS Filter
ERROR - 2025-07-29 05:25:19 --> Origin: http://localhost:4200
ERROR - 2025-07-29 05:25:19 --> CORS Filter
ERROR - 2025-07-29 05:25:19 --> Origin: http://localhost:4200
ERROR - 2025-07-29 05:25:19 --> CORS Filter
ERROR - 2025-07-29 05:25:19 --> Origin: http://localhost:4200
ERROR - 2025-07-29 05:25:19 --> CORS Filter
ERROR - 2025-07-29 05:25:19 --> Origin: http://localhost:4200
ERROR - 2025-07-29 05:25:20 --> CORS Filter
ERROR - 2025-07-29 05:25:20 --> Origin: http://localhost:4200
ERROR - 2025-07-29 05:25:20 --> CORS Filter
ERROR - 2025-07-29 05:25:20 --> Origin: http://localhost:4200
ERROR - 2025-07-29 05:29:21 --> CORS Filter
ERROR - 2025-07-29 05:29:21 --> Origin: http://localhost:4200
ERROR - 2025-07-29 05:29:21 --> CORS Filter
ERROR - 2025-07-29 05:29:21 --> Origin: http://localhost:4200
ERROR - 2025-07-29 05:29:22 --> CORS Filter
ERROR - 2025-07-29 05:29:22 --> Origin: http://localhost:4200
ERROR - 2025-07-29 05:29:22 --> CORS Filter
ERROR - 2025-07-29 05:29:22 --> Origin: http://localhost:4200
ERROR - 2025-07-29 05:29:22 --> CORS Filter
ERROR - 2025-07-29 05:29:22 --> Origin: http://localhost:4200
ERROR - 2025-07-29 05:29:22 --> CORS Filter
ERROR - 2025-07-29 05:29:22 --> Origin: http://localhost:4200
ERROR - 2025-07-29 05:29:23 --> CORS Filter
ERROR - 2025-07-29 05:29:23 --> Origin: http://localhost:4200
ERROR - 2025-07-29 05:29:23 --> CORS Filter
ERROR - 2025-07-29 05:29:23 --> Origin: http://localhost:4200
ERROR - 2025-07-29 05:29:23 --> CORS Filter
ERROR - 2025-07-29 05:29:23 --> Origin: http://localhost:4200
ERROR - 2025-07-29 05:29:23 --> CORS Filter
ERROR - 2025-07-29 05:29:23 --> Origin: http://localhost:4200
ERROR - 2025-07-29 05:29:23 --> CORS Filter
ERROR - 2025-07-29 05:29:23 --> Origin: http://localhost:4200
ERROR - 2025-07-29 05:29:24 --> CORS Filter
ERROR - 2025-07-29 05:29:24 --> Origin: http://localhost:4200
ERROR - 2025-07-29 05:29:31 --> CORS Filter
ERROR - 2025-07-29 05:29:31 --> Origin: http://localhost:4200
ERROR - 2025-07-29 05:29:31 --> CORS Filter
ERROR - 2025-07-29 05:29:31 --> Origin: http://localhost:4200
ERROR - 2025-07-29 05:31:59 --> CORS Filter
ERROR - 2025-07-29 05:31:59 --> Origin: http://localhost:4200
ERROR - 2025-07-29 05:31:59 --> CORS Filter
ERROR - 2025-07-29 05:31:59 --> Origin: http://localhost:4200
ERROR - 2025-07-29 05:31:59 --> CORS Filter
ERROR - 2025-07-29 05:31:59 --> Origin: http://localhost:4200
ERROR - 2025-07-29 05:32:00 --> CORS Filter
ERROR - 2025-07-29 05:32:00 --> Origin: http://localhost:4200
ERROR - 2025-07-29 05:32:00 --> CORS Filter
ERROR - 2025-07-29 05:32:00 --> Origin: http://localhost:4200
ERROR - 2025-07-29 05:32:00 --> CORS Filter
ERROR - 2025-07-29 05:32:00 --> Origin: http://localhost:4200
ERROR - 2025-07-29 05:32:10 --> CORS Filter
ERROR - 2025-07-29 05:32:10 --> Origin: http://localhost:4200
ERROR - 2025-07-29 05:32:10 --> CORS Filter
ERROR - 2025-07-29 05:32:10 --> Origin: http://localhost:4200
ERROR - 2025-07-29 05:32:10 --> CORS Filter
ERROR - 2025-07-29 05:32:10 --> Origin: http://localhost:4200
ERROR - 2025-07-29 05:32:10 --> CORS Filter
ERROR - 2025-07-29 05:32:10 --> Origin: http://localhost:4200
ERROR - 2025-07-29 05:32:11 --> CORS Filter
ERROR - 2025-07-29 05:32:11 --> Origin: http://localhost:4200
ERROR - 2025-07-29 05:32:11 --> CORS Filter
ERROR - 2025-07-29 05:32:11 --> Origin: http://localhost:4200
ERROR - 2025-07-29 05:40:05 --> CORS Filter
ERROR - 2025-07-29 05:40:05 --> Origin: http://localhost:4200
ERROR - 2025-07-29 05:40:05 --> CORS Filter
ERROR - 2025-07-29 05:40:05 --> Origin: http://localhost:4200
ERROR - 2025-07-29 05:40:07 --> CORS Filter
ERROR - 2025-07-29 05:40:07 --> Origin: http://localhost:4200
ERROR - 2025-07-29 05:40:08 --> CORS Filter
ERROR - 2025-07-29 05:40:08 --> Origin: http://localhost:4200
ERROR - 2025-07-29 05:40:08 --> CORS Filter
ERROR - 2025-07-29 05:40:08 --> Origin: http://localhost:4200
ERROR - 2025-07-29 05:40:08 --> CORS Filter
ERROR - 2025-07-29 05:40:08 --> Origin: http://localhost:4200
ERROR - 2025-07-29 05:40:16 --> CORS Filter
ERROR - 2025-07-29 05:40:16 --> Origin: http://localhost:4200
ERROR - 2025-07-29 05:40:16 --> CORS Filter
ERROR - 2025-07-29 05:40:16 --> Origin: http://localhost:4200
ERROR - 2025-07-29 05:40:38 --> CORS Filter
ERROR - 2025-07-29 05:40:38 --> Origin: http://localhost:4200
ERROR - 2025-07-29 05:40:39 --> CORS Filter
ERROR - 2025-07-29 05:40:39 --> Origin: http://localhost:4200
ERROR - 2025-07-29 05:42:08 --> CORS Filter
ERROR - 2025-07-29 05:42:08 --> Origin: http://localhost:4200
ERROR - 2025-07-29 05:42:08 --> CORS Filter
ERROR - 2025-07-29 05:42:08 --> Origin: http://localhost:4200
ERROR - 2025-07-29 05:42:09 --> CORS Filter
ERROR - 2025-07-29 05:42:09 --> Origin: http://localhost:4200
ERROR - 2025-07-29 05:42:09 --> CORS Filter
ERROR - 2025-07-29 05:42:09 --> Origin: http://localhost:4200
ERROR - 2025-07-29 05:42:10 --> CORS Filter
ERROR - 2025-07-29 05:42:10 --> Origin: http://localhost:4200
ERROR - 2025-07-29 05:42:10 --> CORS Filter
ERROR - 2025-07-29 05:42:10 --> Origin: http://localhost:4200
ERROR - 2025-07-29 05:42:15 --> CORS Filter
ERROR - 2025-07-29 05:42:15 --> Origin: http://localhost:4200
ERROR - 2025-07-29 05:42:15 --> CORS Filter
ERROR - 2025-07-29 05:42:15 --> Origin: http://localhost:4200
CRITICAL - 2025-07-29 05:42:16 --> ErrorException: Undefined property: stdClass::$id
[Method: POST, Route: api/naac/delete]
in APPPATH\Controllers\Naac.php on line 172.
 1 APPPATH\Controllers\Naac.php(172): CodeIgniter\Debug\Exceptions->errorHandler(2, 'Undefined property: stdClass::$id', 'C:\\xampp\\htdocs\\exiaa-material-api\\app\\Controllers\\Naac.php', 172)
 2 SYSTEMPATH\CodeIgniter.php(933): App\Controllers\Naac->delete()
 3 SYSTEMPATH\CodeIgniter.php(509): CodeIgniter\CodeIgniter->runController(Object(App\Controllers\Naac))
 4 SYSTEMPATH\CodeIgniter.php(355): CodeIgniter\CodeIgniter->handleRequest(null, Object(Config\Cache), false)
 5 SYSTEMPATH\Boot.php(334): CodeIgniter\CodeIgniter->run()
 6 SYSTEMPATH\Boot.php(67): CodeIgniter\Boot::runCodeIgniter(Object(CodeIgniter\CodeIgniter))
 7 FCPATH\index.php(56): CodeIgniter\Boot::bootWeb(Object(Config\Paths))
 8 SYSTEMPATH\rewrite.php(44): require_once('C:\\xampp\\htdocs\\exiaa-material-api\\public\\index.php')
ERROR - 2025-07-29 06:20:20 --> CORS Filter
ERROR - 2025-07-29 06:20:20 --> Origin: http://localhost:4200
ERROR - 2025-07-29 06:20:21 --> CORS Filter
ERROR - 2025-07-29 06:20:21 --> Origin: http://localhost:4200
ERROR - 2025-07-29 06:20:22 --> CORS Filter
ERROR - 2025-07-29 06:20:22 --> Origin: http://localhost:4200
ERROR - 2025-07-29 06:20:22 --> CORS Filter
ERROR - 2025-07-29 06:20:22 --> Origin: http://localhost:4200
ERROR - 2025-07-29 06:20:23 --> CORS Filter
ERROR - 2025-07-29 06:20:23 --> Origin: http://localhost:4200
ERROR - 2025-07-29 06:20:24 --> CORS Filter
ERROR - 2025-07-29 06:20:24 --> Origin: http://localhost:4200
ERROR - 2025-07-29 06:20:47 --> CORS Filter
ERROR - 2025-07-29 06:20:47 --> Origin: http://localhost:4200
ERROR - 2025-07-29 06:20:47 --> CORS Filter
ERROR - 2025-07-29 06:20:47 --> Origin: http://localhost:4200
CRITICAL - 2025-07-29 06:20:47 --> ErrorException: Undefined property: stdClass::$id
[Method: POST, Route: api/naac/delete]
in APPPATH\Controllers\Naac.php on line 172.
 1 APPPATH\Controllers\Naac.php(172): CodeIgniter\Debug\Exceptions->errorHandler(2, 'Undefined property: stdClass::$id', 'C:\\xampp\\htdocs\\exiaa-material-api\\app\\Controllers\\Naac.php', 172)
 2 SYSTEMPATH\CodeIgniter.php(933): App\Controllers\Naac->delete()
 3 SYSTEMPATH\CodeIgniter.php(509): CodeIgniter\CodeIgniter->runController(Object(App\Controllers\Naac))
 4 SYSTEMPATH\CodeIgniter.php(355): CodeIgniter\CodeIgniter->handleRequest(null, Object(Config\Cache), false)
 5 SYSTEMPATH\Boot.php(334): CodeIgniter\CodeIgniter->run()
 6 SYSTEMPATH\Boot.php(67): CodeIgniter\Boot::runCodeIgniter(Object(CodeIgniter\CodeIgniter))
 7 FCPATH\index.php(56): CodeIgniter\Boot::bootWeb(Object(Config\Paths))
 8 SYSTEMPATH\rewrite.php(44): require_once('C:\\xampp\\htdocs\\exiaa-material-api\\public\\index.php')
ERROR - 2025-07-29 06:29:18 --> CORS Filter
ERROR - 2025-07-29 06:29:18 --> Origin: http://localhost:4200
ERROR - 2025-07-29 06:29:18 --> CORS Filter
ERROR - 2025-07-29 06:29:18 --> Origin: http://localhost:4200
ERROR - 2025-07-29 06:29:18 --> CORS Filter
ERROR - 2025-07-29 06:29:18 --> Origin: http://localhost:4200
ERROR - 2025-07-29 06:29:19 --> CORS Filter
ERROR - 2025-07-29 06:29:19 --> Origin: http://localhost:4200
ERROR - 2025-07-29 06:29:19 --> CORS Filter
ERROR - 2025-07-29 06:29:19 --> Origin: http://localhost:4200
ERROR - 2025-07-29 06:29:19 --> CORS Filter
ERROR - 2025-07-29 06:29:19 --> Origin: http://localhost:4200
ERROR - 2025-07-29 06:45:57 --> CORS Filter
ERROR - 2025-07-29 06:45:57 --> Origin: http://localhost:4200
ERROR - 2025-07-29 06:45:57 --> CORS Filter
ERROR - 2025-07-29 06:45:57 --> Origin: http://localhost:4200
ERROR - 2025-07-29 06:45:58 --> CORS Filter
ERROR - 2025-07-29 06:45:58 --> Origin: http://localhost:4200
ERROR - 2025-07-29 06:45:59 --> CORS Filter
ERROR - 2025-07-29 06:45:59 --> Origin: http://localhost:4200
ERROR - 2025-07-29 06:45:59 --> CORS Filter
ERROR - 2025-07-29 06:45:59 --> Origin: http://localhost:4200
ERROR - 2025-07-29 06:45:59 --> CORS Filter
ERROR - 2025-07-29 06:45:59 --> Origin: http://localhost:4200
ERROR - 2025-07-29 06:46:01 --> CORS Filter
ERROR - 2025-07-29 06:46:01 --> Origin: http://localhost:4200
ERROR - 2025-07-29 06:46:02 --> CORS Filter
ERROR - 2025-07-29 06:46:02 --> Origin: http://localhost:4200
ERROR - 2025-07-29 06:46:15 --> CORS Filter
ERROR - 2025-07-29 06:46:15 --> Origin: http://localhost:4200
ERROR - 2025-07-29 06:46:15 --> CORS Filter
ERROR - 2025-07-29 06:46:15 --> Origin: http://localhost:4200
ERROR - 2025-07-29 06:47:30 --> CORS Filter
ERROR - 2025-07-29 06:47:30 --> Origin: http://localhost:4200
ERROR - 2025-07-29 06:47:30 --> CORS Filter
ERROR - 2025-07-29 06:47:30 --> Origin: http://localhost:4200
CRITICAL - 2025-07-29 06:47:30 --> ErrorException: Undefined property: stdClass::$id
[Method: POST, Route: api/naac/delete]
in APPPATH\Controllers\Naac.php on line 172.
 1 APPPATH\Controllers\Naac.php(172): CodeIgniter\Debug\Exceptions->errorHandler(2, 'Undefined property: stdClass::$id', 'C:\\xampp\\htdocs\\exiaa-material-api\\app\\Controllers\\Naac.php', 172)
 2 SYSTEMPATH\CodeIgniter.php(933): App\Controllers\Naac->delete()
 3 SYSTEMPATH\CodeIgniter.php(509): CodeIgniter\CodeIgniter->runController(Object(App\Controllers\Naac))
 4 SYSTEMPATH\CodeIgniter.php(355): CodeIgniter\CodeIgniter->handleRequest(null, Object(Config\Cache), false)
 5 SYSTEMPATH\Boot.php(334): CodeIgniter\CodeIgniter->run()
 6 SYSTEMPATH\Boot.php(67): CodeIgniter\Boot::runCodeIgniter(Object(CodeIgniter\CodeIgniter))
 7 FCPATH\index.php(56): CodeIgniter\Boot::bootWeb(Object(Config\Paths))
 8 SYSTEMPATH\rewrite.php(44): require_once('C:\\xampp\\htdocs\\exiaa-material-api\\public\\index.php')
ERROR - 2025-07-29 06:48:27 --> CORS Filter
ERROR - 2025-07-29 06:48:27 --> Origin: http://localhost:4200
ERROR - 2025-07-29 06:48:28 --> CORS Filter
ERROR - 2025-07-29 06:48:28 --> Origin: http://localhost:4200
ERROR - 2025-07-29 06:48:28 --> CORS Filter
ERROR - 2025-07-29 06:48:28 --> Origin: http://localhost:4200
ERROR - 2025-07-29 06:48:29 --> CORS Filter
ERROR - 2025-07-29 06:48:29 --> Origin: http://localhost:4200
ERROR - 2025-07-29 06:48:30 --> CORS Filter
ERROR - 2025-07-29 06:48:30 --> Origin: http://localhost:4200
ERROR - 2025-07-29 06:48:30 --> CORS Filter
ERROR - 2025-07-29 06:48:30 --> Origin: http://localhost:4200
ERROR - 2025-07-29 06:48:34 --> CORS Filter
ERROR - 2025-07-29 06:48:34 --> Origin: http://localhost:4200
ERROR - 2025-07-29 06:48:35 --> CORS Filter
ERROR - 2025-07-29 06:48:35 --> Origin: http://localhost:4200
ERROR - 2025-07-29 06:48:36 --> CORS Filter
ERROR - 2025-07-29 06:48:36 --> Origin: http://localhost:4200
ERROR - 2025-07-29 06:48:36 --> CORS Filter
ERROR - 2025-07-29 06:48:36 --> Origin: http://localhost:4200
ERROR - 2025-07-29 06:49:17 --> CORS Filter
ERROR - 2025-07-29 06:49:17 --> Origin: http://localhost:4200
ERROR - 2025-07-29 06:49:18 --> CORS Filter
ERROR - 2025-07-29 06:49:18 --> Origin: http://localhost:4200
ERROR - 2025-07-29 06:49:21 --> CORS Filter
ERROR - 2025-07-29 06:49:21 --> Origin: http://localhost:4200
ERROR - 2025-07-29 06:49:28 --> CORS Filter
ERROR - 2025-07-29 06:49:28 --> Origin: http://localhost:4200
ERROR - 2025-07-29 06:49:28 --> CORS Filter
ERROR - 2025-07-29 06:49:28 --> Origin: http://localhost:4200
ERROR - 2025-07-29 06:49:31 --> CORS Filter
ERROR - 2025-07-29 06:49:31 --> Origin: http://localhost:4200
ERROR - 2025-07-29 08:02:30 --> CORS Filter
ERROR - 2025-07-29 08:02:30 --> Origin: http://localhost:4200
ERROR - 2025-07-29 08:02:31 --> CORS Filter
ERROR - 2025-07-29 08:02:31 --> Origin: http://localhost:4200
ERROR - 2025-07-29 08:02:31 --> CORS Filter
ERROR - 2025-07-29 08:02:31 --> Origin: http://localhost:4200
ERROR - 2025-07-29 08:02:32 --> CORS Filter
ERROR - 2025-07-29 08:02:32 --> Origin: http://localhost:4200
ERROR - 2025-07-29 08:02:32 --> CORS Filter
ERROR - 2025-07-29 08:02:32 --> Origin: http://localhost:4200
ERROR - 2025-07-29 08:02:33 --> CORS Filter
ERROR - 2025-07-29 08:02:33 --> Origin: http://localhost:4200
ERROR - 2025-07-29 08:02:33 --> CORS Filter
ERROR - 2025-07-29 08:02:33 --> Origin: http://localhost:4200
ERROR - 2025-07-29 08:02:33 --> CORS Filter
ERROR - 2025-07-29 08:02:33 --> Origin: http://localhost:4200
ERROR - 2025-07-29 08:02:34 --> CORS Filter
ERROR - 2025-07-29 08:02:34 --> Origin: http://localhost:4200
ERROR - 2025-07-29 08:02:35 --> CORS Filter
ERROR - 2025-07-29 08:02:35 --> Origin: http://localhost:4200
ERROR - 2025-07-29 08:02:55 --> CORS Filter
ERROR - 2025-07-29 08:02:55 --> Origin: http://localhost:4200
ERROR - 2025-07-29 08:02:55 --> CORS Filter
ERROR - 2025-07-29 08:02:55 --> Origin: http://localhost:4200
ERROR - 2025-07-29 08:02:56 --> CORS Filter
ERROR - 2025-07-29 08:02:56 --> Origin: http://localhost:4200
ERROR - 2025-07-29 08:02:56 --> CORS Filter
ERROR - 2025-07-29 08:02:56 --> Origin: http://localhost:4200
ERROR - 2025-07-29 08:02:56 --> CORS Filter
ERROR - 2025-07-29 08:02:56 --> Origin: http://localhost:4200
ERROR - 2025-07-29 08:02:57 --> CORS Filter
ERROR - 2025-07-29 08:02:57 --> Origin: http://localhost:4200
ERROR - 2025-07-29 08:02:57 --> CORS Filter
ERROR - 2025-07-29 08:02:57 --> Origin: http://localhost:4200
ERROR - 2025-07-29 08:02:57 --> CORS Filter
ERROR - 2025-07-29 08:02:57 --> Origin: http://localhost:4200
ERROR - 2025-07-29 08:03:10 --> CORS Filter
ERROR - 2025-07-29 08:03:10 --> Origin: http://localhost:4200
ERROR - 2025-07-29 08:03:10 --> CORS Filter
ERROR - 2025-07-29 08:03:10 --> Origin: http://localhost:4200
ERROR - 2025-07-29 08:12:40 --> CORS Filter
ERROR - 2025-07-29 08:12:41 --> Origin: http://localhost:4200
ERROR - 2025-07-29 08:12:41 --> CORS Filter
ERROR - 2025-07-29 08:12:41 --> Origin: http://localhost:4200
ERROR - 2025-07-29 08:12:44 --> CORS Filter
ERROR - 2025-07-29 08:12:44 --> Origin: http://localhost:4200
ERROR - 2025-07-29 08:12:44 --> CORS Filter
ERROR - 2025-07-29 08:12:44 --> Origin: http://localhost:4200
ERROR - 2025-07-29 08:12:47 --> CORS Filter
ERROR - 2025-07-29 08:12:47 --> Origin: http://localhost:4200
ERROR - 2025-07-29 08:12:47 --> CORS Filter
ERROR - 2025-07-29 08:12:47 --> Origin: http://localhost:4200
ERROR - 2025-07-29 08:12:58 --> CORS Filter
ERROR - 2025-07-29 08:12:58 --> Origin: http://localhost:4200
ERROR - 2025-07-29 08:12:58 --> CORS Filter
ERROR - 2025-07-29 08:12:58 --> Origin: http://localhost:4200
ERROR - 2025-07-29 08:12:59 --> CORS Filter
ERROR - 2025-07-29 08:12:59 --> Origin: http://localhost:4200
ERROR - 2025-07-29 08:13:00 --> CORS Filter
ERROR - 2025-07-29 08:13:00 --> Origin: http://localhost:4200
ERROR - 2025-07-29 08:13:04 --> CORS Filter
ERROR - 2025-07-29 08:13:04 --> Origin: http://localhost:4200
ERROR - 2025-07-29 08:13:04 --> CORS Filter
ERROR - 2025-07-29 08:13:04 --> Origin: http://localhost:4200
ERROR - 2025-07-29 08:13:15 --> CORS Filter
ERROR - 2025-07-29 08:13:15 --> Origin: http://localhost:4200
ERROR - 2025-07-29 08:13:15 --> CORS Filter
ERROR - 2025-07-29 08:13:15 --> Origin: http://localhost:4200
ERROR - 2025-07-29 08:13:15 --> CORS Filter
ERROR - 2025-07-29 08:13:15 --> Origin: http://localhost:4200
ERROR - 2025-07-29 08:13:15 --> CORS Filter
ERROR - 2025-07-29 08:13:15 --> Origin: http://localhost:4200
ERROR - 2025-07-29 08:13:16 --> CORS Filter
ERROR - 2025-07-29 08:13:16 --> Origin: http://localhost:4200
ERROR - 2025-07-29 08:13:16 --> CORS Filter
ERROR - 2025-07-29 08:13:16 --> Origin: http://localhost:4200
ERROR - 2025-07-29 08:13:26 --> CORS Filter
ERROR - 2025-07-29 08:13:26 --> Origin: http://localhost:4200
ERROR - 2025-07-29 08:13:26 --> CORS Filter
ERROR - 2025-07-29 08:13:26 --> Origin: http://localhost:4200
ERROR - 2025-07-29 08:13:26 --> CORS Filter
ERROR - 2025-07-29 08:13:26 --> Origin: http://localhost:4200
ERROR - 2025-07-29 08:13:27 --> CORS Filter
ERROR - 2025-07-29 08:13:27 --> Origin: http://localhost:4200
ERROR - 2025-07-29 08:13:27 --> CORS Filter
ERROR - 2025-07-29 08:13:27 --> Origin: http://localhost:4200
ERROR - 2025-07-29 08:13:27 --> CORS Filter
ERROR - 2025-07-29 08:13:27 --> Origin: http://localhost:4200
ERROR - 2025-07-29 08:13:32 --> CORS Filter
ERROR - 2025-07-29 08:13:32 --> Origin: http://localhost:4200
ERROR - 2025-07-29 08:13:33 --> CORS Filter
ERROR - 2025-07-29 08:13:33 --> Origin: http://localhost:4200
ERROR - 2025-07-29 08:13:33 --> CORS Filter
ERROR - 2025-07-29 08:13:33 --> Origin: http://localhost:4200
ERROR - 2025-07-29 08:13:35 --> CORS Filter
ERROR - 2025-07-29 08:13:35 --> Origin: http://localhost:4200
ERROR - 2025-07-29 08:13:45 --> CORS Filter
ERROR - 2025-07-29 08:13:45 --> Origin: http://localhost:4200
ERROR - 2025-07-29 08:13:45 --> CORS Filter
ERROR - 2025-07-29 08:13:45 --> Origin: http://localhost:4200
ERROR - 2025-07-29 08:13:46 --> CORS Filter
ERROR - 2025-07-29 08:13:46 --> Origin: http://localhost:4200
ERROR - 2025-07-29 08:13:47 --> CORS Filter
ERROR - 2025-07-29 08:13:47 --> Origin: http://localhost:4200
ERROR - 2025-07-29 08:14:01 --> CORS Filter
ERROR - 2025-07-29 08:14:01 --> Origin: http://localhost:4200
ERROR - 2025-07-29 08:14:01 --> CORS Filter
ERROR - 2025-07-29 08:14:01 --> Origin: http://localhost:4200
ERROR - 2025-07-29 08:14:04 --> CORS Filter
ERROR - 2025-07-29 08:14:04 --> Origin: http://localhost:4200
ERROR - 2025-07-29 08:14:04 --> CORS Filter
ERROR - 2025-07-29 08:14:04 --> Origin: http://localhost:4200
ERROR - 2025-07-29 08:14:09 --> CORS Filter
ERROR - 2025-07-29 08:14:09 --> Origin: http://localhost:4200
ERROR - 2025-07-29 08:14:09 --> CORS Filter
ERROR - 2025-07-29 08:14:09 --> Origin: http://localhost:4200
ERROR - 2025-07-29 08:14:17 --> CORS Filter
ERROR - 2025-07-29 08:14:17 --> Origin: http://localhost:4200
ERROR - 2025-07-29 08:14:17 --> CORS Filter
ERROR - 2025-07-29 08:14:17 --> Origin: http://localhost:4200
ERROR - 2025-07-29 08:14:18 --> CORS Filter
ERROR - 2025-07-29 08:14:18 --> Origin: http://localhost:4200
ERROR - 2025-07-29 08:14:18 --> CORS Filter
ERROR - 2025-07-29 08:14:18 --> Origin: http://localhost:4200
ERROR - 2025-07-29 08:16:44 --> CORS Filter
ERROR - 2025-07-29 08:16:44 --> Origin: http://localhost:4200
ERROR - 2025-07-29 08:16:44 --> CORS Filter
ERROR - 2025-07-29 08:16:44 --> Origin: http://localhost:4200
ERROR - 2025-07-29 08:16:45 --> CORS Filter
ERROR - 2025-07-29 08:16:45 --> Origin: http://localhost:4200
ERROR - 2025-07-29 08:16:45 --> CORS Filter
ERROR - 2025-07-29 08:16:45 --> Origin: http://localhost:4200
ERROR - 2025-07-29 08:16:46 --> CORS Filter
ERROR - 2025-07-29 08:16:46 --> Origin: http://localhost:4200
ERROR - 2025-07-29 08:16:46 --> CORS Filter
ERROR - 2025-07-29 08:16:46 --> Origin: http://localhost:4200
ERROR - 2025-07-29 08:18:46 --> CORS Filter
ERROR - 2025-07-29 08:18:46 --> Origin: http://localhost:4200
ERROR - 2025-07-29 08:18:46 --> CORS Filter
ERROR - 2025-07-29 08:18:46 --> Origin: http://localhost:4200
ERROR - 2025-07-29 08:18:56 --> CORS Filter
ERROR - 2025-07-29 08:18:56 --> Origin: http://localhost:4200
ERROR - 2025-07-29 08:18:56 --> CORS Filter
ERROR - 2025-07-29 08:18:56 --> Origin: http://localhost:4200
ERROR - 2025-07-29 08:19:03 --> CORS Filter
ERROR - 2025-07-29 08:19:03 --> Origin: http://localhost:4200
ERROR - 2025-07-29 08:19:03 --> CORS Filter
ERROR - 2025-07-29 08:19:03 --> Origin: http://localhost:4200
ERROR - 2025-07-29 08:19:07 --> CORS Filter
ERROR - 2025-07-29 08:19:07 --> Origin: http://localhost:4200
ERROR - 2025-07-29 08:19:07 --> CORS Filter
ERROR - 2025-07-29 08:19:07 --> Origin: http://localhost:4200
ERROR - 2025-07-29 08:19:12 --> CORS Filter
ERROR - 2025-07-29 08:19:12 --> Origin: http://localhost:4200
ERROR - 2025-07-29 08:19:13 --> CORS Filter
ERROR - 2025-07-29 08:19:13 --> Origin: http://localhost:4200
ERROR - 2025-07-29 08:19:18 --> CORS Filter
ERROR - 2025-07-29 08:19:18 --> Origin: http://localhost:4200
ERROR - 2025-07-29 08:19:18 --> CORS Filter
ERROR - 2025-07-29 08:19:18 --> Origin: http://localhost:4200
ERROR - 2025-07-29 08:19:21 --> CORS Filter
ERROR - 2025-07-29 08:19:21 --> Origin: http://localhost:4200
ERROR - 2025-07-29 08:19:22 --> CORS Filter
ERROR - 2025-07-29 08:19:22 --> Origin: http://localhost:4200
ERROR - 2025-07-29 08:19:31 --> CORS Filter
ERROR - 2025-07-29 08:19:31 --> Origin: http://localhost:4200
ERROR - 2025-07-29 08:19:31 --> CORS Filter
ERROR - 2025-07-29 08:19:31 --> Origin: http://localhost:4200
ERROR - 2025-07-29 08:19:31 --> CORS Filter
ERROR - 2025-07-29 08:19:31 --> Origin: http://localhost:4200
ERROR - 2025-07-29 08:19:32 --> CORS Filter
ERROR - 2025-07-29 08:19:32 --> Origin: http://localhost:4200
ERROR - 2025-07-29 08:19:45 --> CORS Filter
ERROR - 2025-07-29 08:19:45 --> Origin: http://localhost:4200
ERROR - 2025-07-29 08:19:45 --> CORS Filter
ERROR - 2025-07-29 08:19:45 --> Origin: http://localhost:4200
ERROR - 2025-07-29 08:21:41 --> CORS Filter
ERROR - 2025-07-29 08:21:41 --> Origin: http://localhost:4200
ERROR - 2025-07-29 08:21:41 --> CORS Filter
ERROR - 2025-07-29 08:21:41 --> Origin: http://localhost:4200
ERROR - 2025-07-29 08:21:42 --> CORS Filter
ERROR - 2025-07-29 08:21:42 --> Origin: http://localhost:4200
ERROR - 2025-07-29 08:21:42 --> CORS Filter
ERROR - 2025-07-29 08:21:42 --> Origin: http://localhost:4200
ERROR - 2025-07-29 08:21:43 --> CORS Filter
ERROR - 2025-07-29 08:21:43 --> Origin: http://localhost:4200
ERROR - 2025-07-29 08:21:43 --> CORS Filter
ERROR - 2025-07-29 08:21:43 --> Origin: http://localhost:4200
ERROR - 2025-07-29 08:23:15 --> CORS Filter
ERROR - 2025-07-29 08:23:15 --> Origin: http://localhost:4200
ERROR - 2025-07-29 08:23:15 --> CORS Filter
ERROR - 2025-07-29 08:23:15 --> Origin: http://localhost:4200
ERROR - 2025-07-29 08:23:29 --> CORS Filter
ERROR - 2025-07-29 08:23:29 --> Origin: http://localhost:4200
ERROR - 2025-07-29 08:23:29 --> CORS Filter
ERROR - 2025-07-29 08:23:29 --> Origin: http://localhost:4200
ERROR - 2025-07-29 08:23:30 --> CORS Filter
ERROR - 2025-07-29 08:23:30 --> Origin: http://localhost:4200
ERROR - 2025-07-29 08:23:30 --> CORS Filter
ERROR - 2025-07-29 08:23:30 --> Origin: http://localhost:4200
ERROR - 2025-07-29 08:23:41 --> CORS Filter
ERROR - 2025-07-29 08:23:41 --> Origin: http://localhost:4200
ERROR - 2025-07-29 08:23:42 --> CORS Filter
ERROR - 2025-07-29 08:23:42 --> Origin: http://localhost:4200
ERROR - 2025-07-29 08:23:42 --> CORS Filter
ERROR - 2025-07-29 08:23:42 --> Origin: http://localhost:4200
ERROR - 2025-07-29 08:23:42 --> CORS Filter
ERROR - 2025-07-29 08:23:42 --> Origin: http://localhost:4200
ERROR - 2025-07-29 08:23:48 --> CORS Filter
ERROR - 2025-07-29 08:23:48 --> Origin: http://localhost:4200
ERROR - 2025-07-29 08:23:48 --> CORS Filter
ERROR - 2025-07-29 08:23:48 --> Origin: http://localhost:4200
ERROR - 2025-07-29 08:23:48 --> CORS Filter
ERROR - 2025-07-29 08:23:48 --> Origin: http://localhost:4200
ERROR - 2025-07-29 08:23:49 --> CORS Filter
ERROR - 2025-07-29 08:23:49 --> Origin: http://localhost:4200
ERROR - 2025-07-29 08:25:35 --> CORS Filter
ERROR - 2025-07-29 08:25:35 --> Origin: http://localhost:4200
ERROR - 2025-07-29 08:25:35 --> CORS Filter
ERROR - 2025-07-29 08:25:35 --> Origin: http://localhost:4200
ERROR - 2025-07-29 08:25:36 --> CORS Filter
ERROR - 2025-07-29 08:25:36 --> Origin: http://localhost:4200
ERROR - 2025-07-29 08:25:36 --> CORS Filter
ERROR - 2025-07-29 08:25:36 --> Origin: http://localhost:4200
ERROR - 2025-07-29 08:25:38 --> CORS Filter
ERROR - 2025-07-29 08:25:38 --> Origin: http://localhost:4200
ERROR - 2025-07-29 08:25:38 --> CORS Filter
ERROR - 2025-07-29 08:25:38 --> Origin: http://localhost:4200
ERROR - 2025-07-29 08:25:42 --> CORS Filter
ERROR - 2025-07-29 08:25:42 --> Origin: http://localhost:4200
ERROR - 2025-07-29 08:25:42 --> CORS Filter
ERROR - 2025-07-29 08:25:42 --> Origin: http://localhost:4200
ERROR - 2025-07-29 08:25:52 --> CORS Filter
ERROR - 2025-07-29 08:25:52 --> Origin: http://localhost:4200
ERROR - 2025-07-29 08:25:52 --> CORS Filter
ERROR - 2025-07-29 08:25:52 --> Origin: http://localhost:4200
ERROR - 2025-07-29 08:25:52 --> CORS Filter
ERROR - 2025-07-29 08:25:52 --> Origin: http://localhost:4200
ERROR - 2025-07-29 08:25:53 --> CORS Filter
ERROR - 2025-07-29 08:25:53 --> Origin: http://localhost:4200
ERROR - 2025-07-29 08:30:02 --> CORS Filter
ERROR - 2025-07-29 08:30:02 --> Origin: http://localhost:4200
ERROR - 2025-07-29 08:30:02 --> CORS Filter
ERROR - 2025-07-29 08:30:02 --> Origin: http://localhost:4200
ERROR - 2025-07-29 08:30:02 --> CORS Filter
ERROR - 2025-07-29 08:30:02 --> Origin: http://localhost:4200
ERROR - 2025-07-29 08:30:02 --> CORS Filter
ERROR - 2025-07-29 08:30:02 --> Origin: http://localhost:4200
ERROR - 2025-07-29 08:30:04 --> CORS Filter
ERROR - 2025-07-29 08:30:04 --> Origin: http://localhost:4200
ERROR - 2025-07-29 08:30:04 --> CORS Filter
ERROR - 2025-07-29 08:30:04 --> Origin: http://localhost:4200
ERROR - 2025-07-29 08:30:10 --> CORS Filter
ERROR - 2025-07-29 08:30:10 --> Origin: http://localhost:4200
ERROR - 2025-07-29 08:30:11 --> CORS Filter
ERROR - 2025-07-29 08:30:11 --> Origin: http://localhost:4200
ERROR - 2025-07-29 08:30:11 --> CORS Filter
ERROR - 2025-07-29 08:30:11 --> Origin: http://localhost:4200
ERROR - 2025-07-29 08:30:12 --> CORS Filter
ERROR - 2025-07-29 08:30:12 --> Origin: http://localhost:4200
ERROR - 2025-07-29 08:51:49 --> CORS Filter
ERROR - 2025-07-29 08:51:49 --> Origin: http://localhost:4200
ERROR - 2025-07-29 08:51:50 --> CORS Filter
ERROR - 2025-07-29 08:51:50 --> Origin: http://localhost:4200
ERROR - 2025-07-29 08:51:50 --> CORS Filter
ERROR - 2025-07-29 08:51:50 --> Origin: http://localhost:4200
ERROR - 2025-07-29 08:51:51 --> CORS Filter
ERROR - 2025-07-29 08:51:51 --> Origin: http://localhost:4200
ERROR - 2025-07-29 08:51:51 --> CORS Filter
ERROR - 2025-07-29 08:51:51 --> Origin: http://localhost:4200
ERROR - 2025-07-29 08:51:52 --> CORS Filter
ERROR - 2025-07-29 08:51:52 --> Origin: http://localhost:4200
ERROR - 2025-07-29 09:02:51 --> CORS Filter
ERROR - 2025-07-29 09:02:51 --> Origin: http://localhost:4200
ERROR - 2025-07-29 09:02:51 --> CORS Filter
ERROR - 2025-07-29 09:02:51 --> Origin: http://localhost:4200
ERROR - 2025-07-29 09:02:51 --> CORS Filter
ERROR - 2025-07-29 09:02:51 --> Origin: http://localhost:4200
ERROR - 2025-07-29 09:02:52 --> CORS Filter
ERROR - 2025-07-29 09:02:52 --> Origin: http://localhost:4200
ERROR - 2025-07-29 09:02:52 --> CORS Filter
ERROR - 2025-07-29 09:02:52 --> Origin: http://localhost:4200
ERROR - 2025-07-29 09:02:52 --> CORS Filter
ERROR - 2025-07-29 09:02:52 --> Origin: http://localhost:4200
ERROR - 2025-07-29 10:19:14 --> CORS Filter
ERROR - 2025-07-29 10:19:14 --> Origin: http://localhost:4200
ERROR - 2025-07-29 10:19:14 --> CORS Filter
ERROR - 2025-07-29 10:19:14 --> Origin: http://localhost:4200
ERROR - 2025-07-29 10:19:15 --> CORS Filter
ERROR - 2025-07-29 10:19:15 --> Origin: http://localhost:4200
ERROR - 2025-07-29 10:19:15 --> CORS Filter
ERROR - 2025-07-29 10:19:15 --> Origin: http://localhost:4200
ERROR - 2025-07-29 10:19:15 --> CORS Filter
ERROR - 2025-07-29 10:19:15 --> Origin: http://localhost:4200
ERROR - 2025-07-29 10:19:16 --> CORS Filter
ERROR - 2025-07-29 10:19:16 --> Origin: http://localhost:4200
ERROR - 2025-07-29 10:19:17 --> CORS Filter
ERROR - 2025-07-29 10:19:17 --> Origin: http://localhost:4200
ERROR - 2025-07-29 10:19:17 --> CORS Filter
ERROR - 2025-07-29 10:19:17 --> Origin: http://localhost:4200
ERROR - 2025-07-29 10:21:53 --> CORS Filter
ERROR - 2025-07-29 10:21:53 --> Origin: http://localhost:4200
ERROR - 2025-07-29 10:21:53 --> CORS Filter
ERROR - 2025-07-29 10:21:53 --> Origin: http://localhost:4200
ERROR - 2025-07-29 10:23:24 --> CORS Filter
ERROR - 2025-07-29 10:23:24 --> Origin: http://localhost:4200
ERROR - 2025-07-29 10:23:24 --> CORS Filter
ERROR - 2025-07-29 10:23:24 --> Origin: http://localhost:4200
ERROR - 2025-07-29 10:23:25 --> CORS Filter
ERROR - 2025-07-29 10:23:25 --> Origin: http://localhost:4200
ERROR - 2025-07-29 10:23:28 --> CORS Filter
ERROR - 2025-07-29 10:23:28 --> Origin: http://localhost:4200
ERROR - 2025-07-29 10:23:29 --> CORS Filter
ERROR - 2025-07-29 10:23:29 --> Origin: http://localhost:4200
ERROR - 2025-07-29 10:23:30 --> CORS Filter
ERROR - 2025-07-29 10:23:30 --> Origin: http://localhost:4200
ERROR - 2025-07-29 10:25:31 --> CORS Filter
ERROR - 2025-07-29 10:25:31 --> Origin: http://localhost:4200
ERROR - 2025-07-29 10:25:31 --> CORS Filter
ERROR - 2025-07-29 10:25:31 --> Origin: http://localhost:4200
ERROR - 2025-07-29 10:25:41 --> CORS Filter
ERROR - 2025-07-29 10:25:41 --> Origin: http://localhost:4200
ERROR - 2025-07-29 10:25:41 --> CORS Filter
ERROR - 2025-07-29 10:25:41 --> Origin: http://localhost:4200
ERROR - 2025-07-29 10:27:59 --> CORS Filter
ERROR - 2025-07-29 10:27:59 --> Origin: http://localhost:4200
ERROR - 2025-07-29 10:27:59 --> CORS Filter
ERROR - 2025-07-29 10:27:59 --> Origin: http://localhost:4200
ERROR - 2025-07-29 10:28:15 --> CORS Filter
ERROR - 2025-07-29 10:28:15 --> Origin: http://localhost:4200
ERROR - 2025-07-29 10:28:15 --> CORS Filter
ERROR - 2025-07-29 10:28:15 --> Origin: http://localhost:4200
ERROR - 2025-07-29 10:32:04 --> CORS Filter
ERROR - 2025-07-29 10:32:04 --> Origin: http://localhost:4200
ERROR - 2025-07-29 10:32:04 --> CORS Filter
ERROR - 2025-07-29 10:32:04 --> Origin: http://localhost:4200
ERROR - 2025-07-29 11:04:41 --> CORS Filter
ERROR - 2025-07-29 11:04:41 --> Origin: http://localhost:4200
ERROR - 2025-07-29 11:04:41 --> CORS Filter
ERROR - 2025-07-29 11:04:41 --> Origin: http://localhost:4200
ERROR - 2025-07-29 11:04:45 --> CORS Filter
ERROR - 2025-07-29 11:04:45 --> Origin: http://localhost:4200
ERROR - 2025-07-29 11:04:45 --> CORS Filter
ERROR - 2025-07-29 11:04:45 --> Origin: http://localhost:4200
ERROR - 2025-07-29 11:04:48 --> CORS Filter
ERROR - 2025-07-29 11:04:48 --> Origin: http://localhost:4200
ERROR - 2025-07-29 11:04:48 --> CORS Filter
ERROR - 2025-07-29 11:04:48 --> Origin: http://localhost:4200
ERROR - 2025-07-29 11:19:10 --> CORS Filter
ERROR - 2025-07-29 11:19:10 --> Origin: http://localhost:4200
ERROR - 2025-07-29 11:19:10 --> CORS Filter
ERROR - 2025-07-29 11:19:10 --> Origin: http://localhost:4200
ERROR - 2025-07-29 11:19:10 --> CORS Filter
ERROR - 2025-07-29 11:19:10 --> Origin: http://localhost:4200
ERROR - 2025-07-29 11:19:10 --> CORS Filter
ERROR - 2025-07-29 11:19:10 --> Origin: http://localhost:4200
ERROR - 2025-07-29 11:19:10 --> CORS Filter
ERROR - 2025-07-29 11:19:10 --> Origin: http://localhost:4200
ERROR - 2025-07-29 11:19:10 --> CORS Filter
ERROR - 2025-07-29 11:19:10 --> Origin: http://localhost:4200
ERROR - 2025-07-29 11:26:42 --> CORS Filter
ERROR - 2025-07-29 11:26:42 --> Origin: http://localhost:4200
ERROR - 2025-07-29 11:26:42 --> CORS Filter
ERROR - 2025-07-29 11:26:42 --> Origin: http://localhost:4200
ERROR - 2025-07-29 11:26:42 --> CORS Filter
ERROR - 2025-07-29 11:26:42 --> Origin: http://localhost:4200
ERROR - 2025-07-29 11:26:42 --> CORS Filter
ERROR - 2025-07-29 11:26:42 --> Origin: http://localhost:4200
ERROR - 2025-07-29 11:26:43 --> CORS Filter
ERROR - 2025-07-29 11:26:43 --> Origin: http://localhost:4200
ERROR - 2025-07-29 11:26:43 --> CORS Filter
ERROR - 2025-07-29 11:26:43 --> Origin: http://localhost:4200
ERROR - 2025-07-29 11:26:43 --> CORS Filter
ERROR - 2025-07-29 11:26:43 --> Origin: http://localhost:4200
ERROR - 2025-07-29 11:26:43 --> CORS Filter
ERROR - 2025-07-29 11:26:43 --> Origin: http://localhost:4200
ERROR - 2025-07-29 11:30:55 --> CORS Filter
ERROR - 2025-07-29 11:30:55 --> Origin: http://localhost:4200
ERROR - 2025-07-29 11:30:55 --> CORS Filter
ERROR - 2025-07-29 11:30:55 --> Origin: http://localhost:4200
ERROR - 2025-07-29 11:30:58 --> CORS Filter
ERROR - 2025-07-29 11:30:58 --> Origin: http://localhost:4200
ERROR - 2025-07-29 11:30:58 --> CORS Filter
ERROR - 2025-07-29 11:30:58 --> Origin: http://localhost:4200
ERROR - 2025-07-29 11:36:50 --> CORS Filter
ERROR - 2025-07-29 11:36:50 --> Origin: http://localhost:4200
ERROR - 2025-07-29 11:36:50 --> CORS Filter
ERROR - 2025-07-29 11:36:50 --> Origin: http://localhost:4200
ERROR - 2025-07-29 11:43:11 --> CORS Filter
ERROR - 2025-07-29 11:43:11 --> Origin: http://localhost:4200
ERROR - 2025-07-29 11:43:11 --> CORS Filter
ERROR - 2025-07-29 11:43:11 --> Origin: http://localhost:4200
ERROR - 2025-07-29 11:43:11 --> CORS Filter
ERROR - 2025-07-29 11:43:11 --> Origin: http://localhost:4200
ERROR - 2025-07-29 11:43:11 --> CORS Filter
ERROR - 2025-07-29 11:43:11 --> Origin: http://localhost:4200
ERROR - 2025-07-29 11:43:36 --> CORS Filter
ERROR - 2025-07-29 11:43:36 --> Origin: http://localhost:4200
ERROR - 2025-07-29 11:43:36 --> CORS Filter
ERROR - 2025-07-29 11:43:36 --> Origin: http://localhost:4200
ERROR - 2025-07-29 11:43:53 --> CORS Filter
ERROR - 2025-07-29 11:43:53 --> Origin: http://localhost:4200
ERROR - 2025-07-29 11:43:53 --> CORS Filter
ERROR - 2025-07-29 11:43:53 --> Origin: http://localhost:4200
ERROR - 2025-07-29 11:43:53 --> CORS Filter
ERROR - 2025-07-29 11:43:53 --> Origin: http://localhost:4200
ERROR - 2025-07-29 11:43:53 --> CORS Filter
ERROR - 2025-07-29 11:43:53 --> Origin: http://localhost:4200
ERROR - 2025-07-29 11:50:04 --> CORS Filter
ERROR - 2025-07-29 11:50:04 --> Origin: http://localhost:4200
ERROR - 2025-07-29 11:50:04 --> CORS Filter
ERROR - 2025-07-29 11:50:04 --> Origin: http://localhost:4200
ERROR - 2025-07-29 11:50:05 --> CORS Filter
ERROR - 2025-07-29 11:50:05 --> Origin: http://localhost:4200
ERROR - 2025-07-29 11:50:05 --> CORS Filter
ERROR - 2025-07-29 11:50:05 --> Origin: http://localhost:4200
ERROR - 2025-07-29 11:50:05 --> CORS Filter
ERROR - 2025-07-29 11:50:05 --> Origin: http://localhost:4200
ERROR - 2025-07-29 11:50:05 --> CORS Filter
ERROR - 2025-07-29 11:50:05 --> Origin: http://localhost:4200
ERROR - 2025-07-29 12:01:38 --> CORS Filter
ERROR - 2025-07-29 12:01:38 --> Origin: http://localhost:4200
ERROR - 2025-07-29 12:01:38 --> CORS Filter
ERROR - 2025-07-29 12:01:38 --> Origin: http://localhost:4200
ERROR - 2025-07-29 12:01:38 --> CORS Filter
ERROR - 2025-07-29 12:01:38 --> Origin: http://localhost:4200
ERROR - 2025-07-29 12:01:38 --> CORS Filter
ERROR - 2025-07-29 12:01:38 --> Origin: http://localhost:4200
ERROR - 2025-07-29 12:01:39 --> CORS Filter
ERROR - 2025-07-29 12:01:39 --> Origin: http://localhost:4200
ERROR - 2025-07-29 12:01:39 --> CORS Filter
ERROR - 2025-07-29 12:01:39 --> Origin: http://localhost:4200
ERROR - 2025-07-29 12:02:07 --> CORS Filter
ERROR - 2025-07-29 12:02:07 --> Origin: http://localhost:4200
ERROR - 2025-07-29 12:02:07 --> CORS Filter
ERROR - 2025-07-29 12:02:07 --> Origin: http://localhost:4200
ERROR - 2025-07-29 12:02:08 --> CORS Filter
ERROR - 2025-07-29 12:02:08 --> Origin: http://localhost:4200
ERROR - 2025-07-29 12:02:08 --> CORS Filter
ERROR - 2025-07-29 12:02:08 --> Origin: http://localhost:4200
ERROR - 2025-07-29 12:02:10 --> CORS Filter
ERROR - 2025-07-29 12:02:10 --> Origin: http://localhost:4200
ERROR - 2025-07-29 12:02:10 --> CORS Filter
ERROR - 2025-07-29 12:02:10 --> Origin: http://localhost:4200
ERROR - 2025-07-29 12:02:12 --> CORS Filter
ERROR - 2025-07-29 12:02:12 --> Origin: http://localhost:4200
ERROR - 2025-07-29 12:02:12 --> CORS Filter
ERROR - 2025-07-29 12:02:12 --> Origin: http://localhost:4200
ERROR - 2025-07-29 12:02:12 --> CORS Filter
ERROR - 2025-07-29 12:02:12 --> Origin: http://localhost:4200
ERROR - 2025-07-29 12:04:42 --> CORS Filter
ERROR - 2025-07-29 12:04:42 --> Origin: http://localhost:4200
ERROR - 2025-07-29 12:04:42 --> CORS Filter
ERROR - 2025-07-29 12:04:42 --> Origin: http://localhost:4200
ERROR - 2025-07-29 12:04:42 --> CORS Filter
ERROR - 2025-07-29 12:04:42 --> Origin: http://localhost:4200
ERROR - 2025-07-29 12:04:42 --> CORS Filter
ERROR - 2025-07-29 12:04:42 --> Origin: http://localhost:4200
ERROR - 2025-07-29 12:04:43 --> CORS Filter
ERROR - 2025-07-29 12:04:43 --> Origin: http://localhost:4200
ERROR - 2025-07-29 12:04:43 --> CORS Filter
ERROR - 2025-07-29 12:04:43 --> Origin: http://localhost:4200
ERROR - 2025-07-29 12:05:10 --> CORS Filter
ERROR - 2025-07-29 12:05:10 --> Origin: http://localhost:4200
ERROR - 2025-07-29 12:05:11 --> CORS Filter
ERROR - 2025-07-29 12:05:11 --> Origin: http://localhost:4200
ERROR - 2025-07-29 12:05:13 --> CORS Filter
ERROR - 2025-07-29 12:05:13 --> Origin: http://localhost:4200
ERROR - 2025-07-29 12:05:14 --> CORS Filter
ERROR - 2025-07-29 12:05:14 --> Origin: http://localhost:4200
ERROR - 2025-07-29 12:06:24 --> CORS Filter
ERROR - 2025-07-29 12:06:24 --> Origin: http://localhost:4200
ERROR - 2025-07-29 12:06:24 --> CORS Filter
ERROR - 2025-07-29 12:06:24 --> Origin: http://localhost:4200
ERROR - 2025-07-29 12:26:35 --> CORS Filter
ERROR - 2025-07-29 12:26:35 --> Origin: http://localhost:4200
ERROR - 2025-07-29 12:26:35 --> CORS Filter
ERROR - 2025-07-29 12:26:35 --> Origin: http://localhost:4200
ERROR - 2025-07-29 12:26:35 --> CORS Filter
ERROR - 2025-07-29 12:26:35 --> Origin: http://localhost:4200
ERROR - 2025-07-29 12:26:35 --> CORS Filter
ERROR - 2025-07-29 12:26:35 --> Origin: http://localhost:4200
ERROR - 2025-07-29 12:26:36 --> CORS Filter
ERROR - 2025-07-29 12:26:36 --> Origin: http://localhost:4200
ERROR - 2025-07-29 12:26:36 --> CORS Filter
ERROR - 2025-07-29 12:26:36 --> Origin: http://localhost:4200
ERROR - 2025-07-29 12:26:36 --> CORS Filter
ERROR - 2025-07-29 12:26:36 --> Origin: http://localhost:4200
ERROR - 2025-07-29 12:26:36 --> CORS Filter
ERROR - 2025-07-29 12:26:36 --> Origin: http://localhost:4200
ERROR - 2025-07-29 12:26:36 --> CORS Filter
ERROR - 2025-07-29 12:26:36 --> Origin: http://localhost:4200
ERROR - 2025-07-29 12:26:36 --> CORS Filter
ERROR - 2025-07-29 12:26:36 --> Origin: http://localhost:4200
ERROR - 2025-07-29 12:26:36 --> CORS Filter
ERROR - 2025-07-29 12:26:36 --> Origin: http://localhost:4200
ERROR - 2025-07-29 12:26:36 --> CORS Filter
ERROR - 2025-07-29 12:26:36 --> Origin: http://localhost:4200
ERROR - 2025-07-29 12:26:36 --> CORS Filter
ERROR - 2025-07-29 12:26:36 --> Origin: http://localhost:4200
ERROR - 2025-07-29 12:26:36 --> CORS Filter
ERROR - 2025-07-29 12:26:36 --> Origin: http://localhost:4200
ERROR - 2025-07-29 12:26:37 --> CORS Filter
ERROR - 2025-07-29 12:26:37 --> Origin: http://localhost:4200
ERROR - 2025-07-29 12:26:37 --> CORS Filter
ERROR - 2025-07-29 12:26:37 --> Origin: http://localhost:4200
ERROR - 2025-07-29 12:26:37 --> CORS Filter
ERROR - 2025-07-29 12:26:37 --> Origin: http://localhost:4200
ERROR - 2025-07-29 12:26:37 --> CORS Filter
ERROR - 2025-07-29 12:26:37 --> Origin: http://localhost:4200
ERROR - 2025-07-29 13:09:26 --> CORS Filter
ERROR - 2025-07-29 13:09:26 --> Origin: http://localhost:4200
ERROR - 2025-07-29 13:09:26 --> CORS Filter
ERROR - 2025-07-29 13:09:26 --> Origin: http://localhost:4200
ERROR - 2025-07-29 13:09:29 --> CORS Filter
ERROR - 2025-07-29 13:09:29 --> Origin: http://localhost:4200
ERROR - 2025-07-29 13:09:29 --> CORS Filter
ERROR - 2025-07-29 13:09:29 --> Origin: http://localhost:4200
ERROR - 2025-07-29 13:09:30 --> CORS Filter
ERROR - 2025-07-29 13:09:30 --> Origin: http://localhost:4200
ERROR - 2025-07-29 13:09:30 --> CORS Filter
ERROR - 2025-07-29 13:09:30 --> Origin: http://localhost:4200
ERROR - 2025-07-29 13:09:30 --> CORS Filter
ERROR - 2025-07-29 13:09:30 --> Origin: http://localhost:4200
ERROR - 2025-07-29 13:09:31 --> CORS Filter
ERROR - 2025-07-29 13:09:31 --> Origin: http://localhost:4200
ERROR - 2025-07-29 13:09:40 --> CORS Filter
ERROR - 2025-07-29 13:09:40 --> Origin: http://localhost:4200
ERROR - 2025-07-29 13:09:40 --> CORS Filter
ERROR - 2025-07-29 13:09:40 --> Origin: http://localhost:4200
ERROR - 2025-07-29 13:10:02 --> CORS Filter
ERROR - 2025-07-29 13:10:02 --> Origin: http://localhost:4200
ERROR - 2025-07-29 13:10:02 --> CORS Filter
ERROR - 2025-07-29 13:10:02 --> Origin: http://localhost:4200
ERROR - 2025-07-29 13:10:05 --> CORS Filter
ERROR - 2025-07-29 13:10:05 --> Origin: http://localhost:4200
ERROR - 2025-07-29 13:10:07 --> CORS Filter
ERROR - 2025-07-29 13:10:07 --> Origin: http://localhost:4200
ERROR - 2025-07-29 13:13:54 --> CORS Filter
ERROR - 2025-07-29 13:13:54 --> Origin: http://localhost:4200
ERROR - 2025-07-29 13:13:55 --> CORS Filter
ERROR - 2025-07-29 13:13:55 --> Origin: http://localhost:4200
ERROR - 2025-07-29 13:24:39 --> CORS Filter
ERROR - 2025-07-29 13:24:39 --> Origin: http://localhost:4200
ERROR - 2025-07-29 13:24:39 --> CORS Filter
ERROR - 2025-07-29 13:24:39 --> Origin: http://localhost:4200
ERROR - 2025-07-29 13:24:41 --> CORS Filter
ERROR - 2025-07-29 13:24:41 --> Origin: http://localhost:4200
ERROR - 2025-07-29 13:24:41 --> CORS Filter
ERROR - 2025-07-29 13:24:41 --> Origin: http://localhost:4200
ERROR - 2025-07-29 13:24:44 --> CORS Filter
ERROR - 2025-07-29 13:24:44 --> Origin: http://localhost:4200
ERROR - 2025-07-29 13:24:44 --> CORS Filter
ERROR - 2025-07-29 13:24:44 --> Origin: http://localhost:4200
ERROR - 2025-07-29 17:18:08 --> CORS Filter
ERROR - 2025-07-29 17:18:08 --> Origin: http://localhost:4200
ERROR - 2025-07-29 17:18:08 --> CORS Filter
ERROR - 2025-07-29 17:18:08 --> Origin: http://localhost:4200
ERROR - 2025-07-29 17:18:12 --> CORS Filter
ERROR - 2025-07-29 17:18:12 --> Origin: http://localhost:4200
ERROR - 2025-07-29 17:18:12 --> CORS Filter
ERROR - 2025-07-29 17:18:12 --> Origin: http://localhost:4200
ERROR - 2025-07-29 17:18:13 --> CORS Filter
ERROR - 2025-07-29 17:18:13 --> Origin: http://localhost:4200
ERROR - 2025-07-29 17:18:13 --> CORS Filter
ERROR - 2025-07-29 17:18:13 --> Origin: http://localhost:4200
ERROR - 2025-07-29 17:18:13 --> CORS Filter
ERROR - 2025-07-29 17:18:13 --> Origin: http://localhost:4200
ERROR - 2025-07-29 17:18:14 --> CORS Filter
ERROR - 2025-07-29 17:18:14 --> Origin: http://localhost:4200
ERROR - 2025-07-29 17:18:26 --> CORS Filter
ERROR - 2025-07-29 17:18:26 --> Origin: http://localhost:4200
ERROR - 2025-07-29 17:18:26 --> CORS Filter
ERROR - 2025-07-29 17:18:26 --> Origin: http://localhost:4200
ERROR - 2025-07-29 17:18:58 --> CORS Filter
ERROR - 2025-07-29 17:18:58 --> Origin: http://localhost:4200
ERROR - 2025-07-29 17:18:59 --> CORS Filter
ERROR - 2025-07-29 17:18:59 --> Origin: http://localhost:4200
ERROR - 2025-07-29 17:19:08 --> CORS Filter
ERROR - 2025-07-29 17:19:08 --> Origin: http://localhost:4200
ERROR - 2025-07-29 17:19:08 --> CORS Filter
ERROR - 2025-07-29 17:19:08 --> Origin: http://localhost:4200
ERROR - 2025-07-29 17:19:08 --> CORS Filter
ERROR - 2025-07-29 17:19:08 --> Origin: http://localhost:4200
ERROR - 2025-07-29 17:19:08 --> CORS Filter
ERROR - 2025-07-29 17:19:08 --> Origin: http://localhost:4200
ERROR - 2025-07-29 17:19:09 --> CORS Filter
ERROR - 2025-07-29 17:19:09 --> Origin: http://localhost:4200
ERROR - 2025-07-29 17:19:09 --> CORS Filter
ERROR - 2025-07-29 17:19:09 --> Origin: http://localhost:4200
ERROR - 2025-07-29 17:20:19 --> CORS Filter
ERROR - 2025-07-29 17:20:19 --> Origin: http://localhost:4200
ERROR - 2025-07-29 17:20:19 --> CORS Filter
ERROR - 2025-07-29 17:20:19 --> Origin: http://localhost:4200
ERROR - 2025-07-29 17:20:19 --> CORS Filter
ERROR - 2025-07-29 17:20:19 --> Origin: http://localhost:4200
ERROR - 2025-07-29 17:20:19 --> CORS Filter
ERROR - 2025-07-29 17:20:19 --> Origin: http://localhost:4200
ERROR - 2025-07-29 17:20:20 --> CORS Filter
ERROR - 2025-07-29 17:20:20 --> Origin: http://localhost:4200
ERROR - 2025-07-29 17:20:20 --> CORS Filter
ERROR - 2025-07-29 17:20:20 --> Origin: http://localhost:4200
ERROR - 2025-07-29 17:20:29 --> CORS Filter
ERROR - 2025-07-29 17:20:29 --> Origin: http://localhost:4200
ERROR - 2025-07-29 17:20:29 --> CORS Filter
ERROR - 2025-07-29 17:20:29 --> Origin: http://localhost:4200
ERROR - 2025-07-29 17:20:29 --> CORS Filter
ERROR - 2025-07-29 17:20:29 --> Origin: http://localhost:4200
ERROR - 2025-07-29 17:20:30 --> CORS Filter
ERROR - 2025-07-29 17:20:30 --> Origin: http://localhost:4200
ERROR - 2025-07-29 17:20:31 --> CORS Filter
ERROR - 2025-07-29 17:20:31 --> Origin: http://localhost:4200
ERROR - 2025-07-29 17:20:31 --> CORS Filter
ERROR - 2025-07-29 17:20:31 --> Origin: http://localhost:4200
ERROR - 2025-07-29 17:20:36 --> CORS Filter
ERROR - 2025-07-29 17:20:36 --> Origin: http://localhost:4200
ERROR - 2025-07-29 17:20:36 --> CORS Filter
ERROR - 2025-07-29 17:20:36 --> Origin: http://localhost:4200
ERROR - 2025-07-29 17:20:36 --> CORS Filter
ERROR - 2025-07-29 17:20:36 --> Origin: http://localhost:4200
ERROR - 2025-07-29 17:20:36 --> CORS Filter
ERROR - 2025-07-29 17:20:36 --> Origin: http://localhost:4200
ERROR - 2025-07-29 17:20:37 --> CORS Filter
ERROR - 2025-07-29 17:20:37 --> Origin: http://localhost:4200
ERROR - 2025-07-29 17:20:37 --> CORS Filter
ERROR - 2025-07-29 17:20:37 --> Origin: http://localhost:4200
ERROR - 2025-07-29 17:21:06 --> CORS Filter
ERROR - 2025-07-29 17:21:06 --> Origin: http://localhost:4200
ERROR - 2025-07-29 17:21:06 --> CORS Filter
ERROR - 2025-07-29 17:21:06 --> Origin: http://localhost:4200
ERROR - 2025-07-29 17:21:10 --> CORS Filter
ERROR - 2025-07-29 17:21:10 --> Origin: http://localhost:4200
ERROR - 2025-07-29 17:21:10 --> CORS Filter
ERROR - 2025-07-29 17:21:10 --> Origin: http://localhost:4200
ERROR - 2025-07-29 17:21:10 --> CORS Filter
ERROR - 2025-07-29 17:21:10 --> Origin: http://localhost:4200
ERROR - 2025-07-29 17:21:10 --> CORS Filter
ERROR - 2025-07-29 17:21:10 --> Origin: http://localhost:4200
ERROR - 2025-07-29 17:21:11 --> CORS Filter
ERROR - 2025-07-29 17:21:11 --> Origin: http://localhost:4200
ERROR - 2025-07-29 17:21:11 --> CORS Filter
ERROR - 2025-07-29 17:21:11 --> Origin: http://localhost:4200
ERROR - 2025-07-29 17:22:44 --> CORS Filter
ERROR - 2025-07-29 17:22:44 --> Origin: http://localhost:4200
ERROR - 2025-07-29 17:22:45 --> CORS Filter
ERROR - 2025-07-29 17:22:45 --> Origin: http://localhost:4200
ERROR - 2025-07-29 17:22:48 --> CORS Filter
ERROR - 2025-07-29 17:22:48 --> Origin: http://localhost:4200
ERROR - 2025-07-29 17:22:48 --> CORS Filter
ERROR - 2025-07-29 17:22:48 --> Origin: http://localhost:4200
ERROR - 2025-07-29 17:22:50 --> CORS Filter
ERROR - 2025-07-29 17:22:50 --> Origin: http://localhost:4200
ERROR - 2025-07-29 17:22:50 --> CORS Filter
ERROR - 2025-07-29 17:22:50 --> Origin: http://localhost:4200
ERROR - 2025-07-29 17:22:54 --> CORS Filter
ERROR - 2025-07-29 17:22:54 --> Origin: http://localhost:4200
ERROR - 2025-07-29 17:22:55 --> CORS Filter
ERROR - 2025-07-29 17:22:55 --> Origin: http://localhost:4200
ERROR - 2025-07-29 17:22:55 --> CORS Filter
ERROR - 2025-07-29 17:22:55 --> Origin: http://localhost:4200
ERROR - 2025-07-29 17:22:55 --> CORS Filter
ERROR - 2025-07-29 17:22:55 --> Origin: http://localhost:4200
ERROR - 2025-07-29 17:22:56 --> CORS Filter
ERROR - 2025-07-29 17:22:56 --> Origin: http://localhost:4200
ERROR - 2025-07-29 17:22:56 --> CORS Filter
ERROR - 2025-07-29 17:22:56 --> Origin: http://localhost:4200
ERROR - 2025-07-29 17:23:02 --> CORS Filter
ERROR - 2025-07-29 17:23:02 --> Origin: http://localhost:4200
ERROR - 2025-07-29 17:23:03 --> CORS Filter
ERROR - 2025-07-29 17:23:03 --> Origin: http://localhost:4200
ERROR - 2025-07-29 17:23:03 --> CORS Filter
ERROR - 2025-07-29 17:23:03 --> Origin: http://localhost:4200
ERROR - 2025-07-29 17:23:03 --> CORS Filter
ERROR - 2025-07-29 17:23:03 --> Origin: http://localhost:4200
ERROR - 2025-07-29 17:23:04 --> CORS Filter
ERROR - 2025-07-29 17:23:04 --> Origin: http://localhost:4200
ERROR - 2025-07-29 17:23:04 --> CORS Filter
ERROR - 2025-07-29 17:23:04 --> Origin: http://localhost:4200
ERROR - 2025-07-29 17:23:32 --> CORS Filter
ERROR - 2025-07-29 17:23:32 --> Origin: http://localhost:4200
ERROR - 2025-07-29 17:23:33 --> CORS Filter
ERROR - 2025-07-29 17:23:33 --> Origin: http://localhost:4200
ERROR - 2025-07-29 17:23:39 --> CORS Filter
ERROR - 2025-07-29 17:23:39 --> Origin: http://localhost:4200
ERROR - 2025-07-29 17:23:39 --> CORS Filter
ERROR - 2025-07-29 17:23:39 --> Origin: http://localhost:4200
ERROR - 2025-07-29 17:23:39 --> CORS Filter
ERROR - 2025-07-29 17:23:39 --> Origin: http://localhost:4200
ERROR - 2025-07-29 17:23:39 --> CORS Filter
ERROR - 2025-07-29 17:23:39 --> Origin: http://localhost:4200
ERROR - 2025-07-29 17:23:40 --> CORS Filter
ERROR - 2025-07-29 17:23:40 --> Origin: http://localhost:4200
ERROR - 2025-07-29 17:23:40 --> CORS Filter
ERROR - 2025-07-29 17:23:40 --> Origin: http://localhost:4200
ERROR - 2025-07-29 17:24:54 --> CORS Filter
ERROR - 2025-07-29 17:24:54 --> Origin: http://localhost:4200
ERROR - 2025-07-29 17:24:55 --> CORS Filter
ERROR - 2025-07-29 17:24:55 --> Origin: http://localhost:4200
ERROR - 2025-07-29 17:24:56 --> CORS Filter
ERROR - 2025-07-29 17:24:56 --> Origin: http://localhost:4200
ERROR - 2025-07-29 17:24:56 --> CORS Filter
ERROR - 2025-07-29 17:24:56 --> Origin: http://localhost:4200
ERROR - 2025-07-29 17:24:58 --> CORS Filter
ERROR - 2025-07-29 17:24:58 --> Origin: http://localhost:4200
ERROR - 2025-07-29 17:24:59 --> CORS Filter
ERROR - 2025-07-29 17:24:59 --> Origin: http://localhost:4200
ERROR - 2025-07-29 17:25:03 --> CORS Filter
ERROR - 2025-07-29 17:25:03 --> Origin: http://localhost:4200
ERROR - 2025-07-29 17:25:03 --> CORS Filter
ERROR - 2025-07-29 17:25:03 --> Origin: http://localhost:4200
ERROR - 2025-07-29 17:25:03 --> CORS Filter
ERROR - 2025-07-29 17:25:03 --> Origin: http://localhost:4200
ERROR - 2025-07-29 17:25:03 --> CORS Filter
ERROR - 2025-07-29 17:25:03 --> Origin: http://localhost:4200
ERROR - 2025-07-29 17:25:04 --> CORS Filter
ERROR - 2025-07-29 17:25:04 --> Origin: http://localhost:4200
ERROR - 2025-07-29 17:25:04 --> CORS Filter
ERROR - 2025-07-29 17:25:04 --> Origin: http://localhost:4200
ERROR - 2025-07-29 17:28:17 --> CORS Filter
ERROR - 2025-07-29 17:28:17 --> Origin: http://localhost:4200
ERROR - 2025-07-29 17:28:17 --> CORS Filter
ERROR - 2025-07-29 17:28:17 --> Origin: http://localhost:4200
ERROR - 2025-07-29 17:28:18 --> CORS Filter
ERROR - 2025-07-29 17:28:18 --> Origin: http://localhost:4200
ERROR - 2025-07-29 17:28:18 --> CORS Filter
ERROR - 2025-07-29 17:28:18 --> Origin: http://localhost:4200
ERROR - 2025-07-29 17:28:19 --> CORS Filter
ERROR - 2025-07-29 17:28:19 --> Origin: http://localhost:4200
ERROR - 2025-07-29 17:28:19 --> CORS Filter
ERROR - 2025-07-29 17:28:19 --> Origin: http://localhost:4200
ERROR - 2025-07-29 17:30:24 --> CORS Filter
ERROR - 2025-07-29 17:30:24 --> Origin: http://localhost:4200
ERROR - 2025-07-29 17:30:24 --> CORS Filter
ERROR - 2025-07-29 17:30:24 --> Origin: http://localhost:4200
ERROR - 2025-07-29 17:30:25 --> CORS Filter
ERROR - 2025-07-29 17:30:25 --> Origin: http://localhost:4200
ERROR - 2025-07-29 17:30:25 --> CORS Filter
ERROR - 2025-07-29 17:30:25 --> Origin: http://localhost:4200
ERROR - 2025-07-29 17:30:25 --> CORS Filter
ERROR - 2025-07-29 17:30:25 --> Origin: http://localhost:4200
ERROR - 2025-07-29 17:30:26 --> CORS Filter
ERROR - 2025-07-29 17:30:26 --> Origin: http://localhost:4200
ERROR - 2025-07-29 17:31:05 --> CORS Filter
ERROR - 2025-07-29 17:31:05 --> Origin: http://localhost:4200
ERROR - 2025-07-29 17:31:05 --> CORS Filter
ERROR - 2025-07-29 17:31:05 --> Origin: http://localhost:4200
ERROR - 2025-07-29 17:31:05 --> CORS Filter
ERROR - 2025-07-29 17:31:05 --> Origin: http://localhost:4200
ERROR - 2025-07-29 17:31:05 --> CORS Filter
ERROR - 2025-07-29 17:31:05 --> Origin: http://localhost:4200
ERROR - 2025-07-29 17:31:06 --> CORS Filter
ERROR - 2025-07-29 17:31:06 --> Origin: http://localhost:4200
ERROR - 2025-07-29 17:31:06 --> CORS Filter
ERROR - 2025-07-29 17:31:06 --> Origin: http://localhost:4200
ERROR - 2025-07-29 17:31:35 --> CORS Filter
ERROR - 2025-07-29 17:31:35 --> Origin: http://localhost:4200
ERROR - 2025-07-29 17:31:35 --> CORS Filter
ERROR - 2025-07-29 17:31:35 --> Origin: http://localhost:4200
ERROR - 2025-07-29 17:31:40 --> CORS Filter
ERROR - 2025-07-29 17:31:40 --> Origin: http://localhost:4200
ERROR - 2025-07-29 17:31:40 --> CORS Filter
ERROR - 2025-07-29 17:31:40 --> Origin: http://localhost:4200
ERROR - 2025-07-29 17:31:44 --> CORS Filter
ERROR - 2025-07-29 17:31:44 --> Origin: http://localhost:4200
ERROR - 2025-07-29 17:31:47 --> CORS Filter
ERROR - 2025-07-29 17:31:47 --> Origin: http://localhost:4200
ERROR - 2025-07-29 17:31:48 --> CORS Filter
ERROR - 2025-07-29 17:31:48 --> Origin: http://localhost:4200
ERROR - 2025-07-29 17:31:52 --> CORS Filter
ERROR - 2025-07-29 17:31:52 --> Origin: http://localhost:4200
ERROR - 2025-07-29 17:31:55 --> CORS Filter
ERROR - 2025-07-29 17:31:55 --> Origin: http://localhost:4200
ERROR - 2025-07-29 17:31:55 --> CORS Filter
ERROR - 2025-07-29 17:31:55 --> Origin: http://localhost:4200
ERROR - 2025-07-29 17:31:58 --> CORS Filter
ERROR - 2025-07-29 17:31:58 --> Origin: http://localhost:4200
ERROR - 2025-07-29 17:32:01 --> CORS Filter
ERROR - 2025-07-29 17:32:01 --> Origin: http://localhost:4200
ERROR - 2025-07-29 17:32:01 --> CORS Filter
ERROR - 2025-07-29 17:32:01 --> Origin: http://localhost:4200
ERROR - 2025-07-29 17:32:02 --> CORS Filter
ERROR - 2025-07-29 17:32:02 --> Origin: http://localhost:4200
ERROR - 2025-07-29 17:32:02 --> CORS Filter
ERROR - 2025-07-29 17:32:02 --> Origin: http://localhost:4200
ERROR - 2025-07-29 17:32:02 --> CORS Filter
ERROR - 2025-07-29 17:32:02 --> Origin: http://localhost:4200
ERROR - 2025-07-29 17:32:03 --> CORS Filter
ERROR - 2025-07-29 17:32:03 --> Origin: http://localhost:4200
ERROR - 2025-07-29 17:32:23 --> CORS Filter
ERROR - 2025-07-29 17:32:23 --> Origin: http://localhost:4200
ERROR - 2025-07-29 17:32:23 --> CORS Filter
ERROR - 2025-07-29 17:32:23 --> Origin: http://localhost:4200
ERROR - 2025-07-29 17:32:27 --> CORS Filter
ERROR - 2025-07-29 17:32:27 --> Origin: http://localhost:4200
ERROR - 2025-07-29 17:32:27 --> CORS Filter
ERROR - 2025-07-29 17:32:27 --> Origin: http://localhost:4200
ERROR - 2025-07-29 17:32:27 --> CORS Filter
ERROR - 2025-07-29 17:32:27 --> Origin: http://localhost:4200
ERROR - 2025-07-29 17:32:28 --> CORS Filter
ERROR - 2025-07-29 17:32:28 --> Origin: http://localhost:4200
ERROR - 2025-07-29 17:32:28 --> CORS Filter
ERROR - 2025-07-29 17:32:28 --> Origin: http://localhost:4200
ERROR - 2025-07-29 17:32:28 --> CORS Filter
ERROR - 2025-07-29 17:32:28 --> Origin: http://localhost:4200
ERROR - 2025-07-29 17:32:36 --> CORS Filter
ERROR - 2025-07-29 17:32:36 --> Origin: http://localhost:4200
ERROR - 2025-07-29 17:32:36 --> CORS Filter
ERROR - 2025-07-29 17:32:36 --> Origin: http://localhost:4200
ERROR - 2025-07-29 17:32:46 --> CORS Filter
ERROR - 2025-07-29 17:32:46 --> Origin: http://localhost:4200
ERROR - 2025-07-29 17:32:46 --> CORS Filter
ERROR - 2025-07-29 17:32:46 --> Origin: http://localhost:4200
ERROR - 2025-07-29 17:32:48 --> CORS Filter
ERROR - 2025-07-29 17:32:48 --> Origin: http://localhost:4200
ERROR - 2025-07-29 17:33:33 --> CORS Filter
ERROR - 2025-07-29 17:33:33 --> Origin: http://localhost:4200
ERROR - 2025-07-29 17:33:34 --> CORS Filter
ERROR - 2025-07-29 17:33:34 --> Origin: http://localhost:4200
ERROR - 2025-07-29 17:33:34 --> CORS Filter
ERROR - 2025-07-29 17:33:34 --> Origin: http://localhost:4200
ERROR - 2025-07-29 17:33:35 --> CORS Filter
ERROR - 2025-07-29 17:33:35 --> Origin: http://localhost:4200
ERROR - 2025-07-29 17:33:35 --> CORS Filter
ERROR - 2025-07-29 17:33:35 --> Origin: http://localhost:4200
ERROR - 2025-07-29 17:33:36 --> CORS Filter
ERROR - 2025-07-29 17:33:36 --> Origin: http://localhost:4200
ERROR - 2025-07-29 17:33:43 --> CORS Filter
ERROR - 2025-07-29 17:33:43 --> Origin: http://localhost:4200
ERROR - 2025-07-29 17:33:43 --> CORS Filter
ERROR - 2025-07-29 17:33:43 --> Origin: http://localhost:4200
ERROR - 2025-07-29 17:33:43 --> CORS Filter
ERROR - 2025-07-29 17:33:43 --> Origin: http://localhost:4200
ERROR - 2025-07-29 17:33:44 --> CORS Filter
ERROR - 2025-07-29 17:33:44 --> Origin: http://localhost:4200
ERROR - 2025-07-29 17:33:44 --> CORS Filter
ERROR - 2025-07-29 17:33:44 --> Origin: http://localhost:4200
ERROR - 2025-07-29 17:33:44 --> CORS Filter
ERROR - 2025-07-29 17:33:44 --> Origin: http://localhost:4200
ERROR - 2025-07-29 17:33:54 --> CORS Filter
ERROR - 2025-07-29 17:33:54 --> Origin: http://localhost:4200
ERROR - 2025-07-29 17:33:54 --> CORS Filter
ERROR - 2025-07-29 17:33:54 --> Origin: http://localhost:4200
ERROR - 2025-07-29 17:33:54 --> CORS Filter
ERROR - 2025-07-29 17:33:54 --> Origin: http://localhost:4200
ERROR - 2025-07-29 17:33:54 --> CORS Filter
ERROR - 2025-07-29 17:33:54 --> Origin: http://localhost:4200
ERROR - 2025-07-29 17:33:55 --> CORS Filter
ERROR - 2025-07-29 17:33:55 --> Origin: http://localhost:4200
ERROR - 2025-07-29 17:33:55 --> CORS Filter
ERROR - 2025-07-29 17:33:55 --> Origin: http://localhost:4200
ERROR - 2025-07-29 17:34:05 --> CORS Filter
ERROR - 2025-07-29 17:34:05 --> Origin: http://localhost:4200
ERROR - 2025-07-29 17:34:05 --> CORS Filter
ERROR - 2025-07-29 17:34:05 --> Origin: http://localhost:4200
ERROR - 2025-07-29 17:34:06 --> CORS Filter
ERROR - 2025-07-29 17:34:06 --> Origin: http://localhost:4200
ERROR - 2025-07-29 17:34:06 --> CORS Filter
ERROR - 2025-07-29 17:34:06 --> Origin: http://localhost:4200
ERROR - 2025-07-29 17:34:07 --> CORS Filter
ERROR - 2025-07-29 17:34:07 --> Origin: http://localhost:4200
ERROR - 2025-07-29 17:34:07 --> CORS Filter
ERROR - 2025-07-29 17:34:07 --> Origin: http://localhost:4200
ERROR - 2025-07-29 17:34:13 --> CORS Filter
ERROR - 2025-07-29 17:34:13 --> Origin: http://localhost:4200
ERROR - 2025-07-29 17:34:13 --> CORS Filter
ERROR - 2025-07-29 17:34:13 --> Origin: http://localhost:4200
ERROR - 2025-07-29 17:34:15 --> CORS Filter
ERROR - 2025-07-29 17:34:15 --> Origin: http://localhost:4200
ERROR - 2025-07-29 17:34:17 --> CORS Filter
ERROR - 2025-07-29 17:34:17 --> Origin: http://localhost:4200
ERROR - 2025-07-29 17:34:19 --> CORS Filter
ERROR - 2025-07-29 17:34:19 --> Origin: http://localhost:4200
ERROR - 2025-07-29 17:34:19 --> CORS Filter
ERROR - 2025-07-29 17:34:19 --> Origin: http://localhost:4200
ERROR - 2025-07-29 17:34:20 --> CORS Filter
ERROR - 2025-07-29 17:34:20 --> Origin: http://localhost:4200
ERROR - 2025-07-29 17:34:22 --> CORS Filter
ERROR - 2025-07-29 17:34:22 --> Origin: http://localhost:4200
