ERROR - 2025-07-16 04:02:28 --> CORS Filter
ERROR - 2025-07-16 04:02:28 --> Origin: http://localhost:4200
ERROR - 2025-07-16 04:02:28 --> CORS Filter
ERROR - 2025-07-16 04:02:28 --> Origin: http://localhost:4200
ERROR - 2025-07-16 04:02:30 --> CORS Filter
ERROR - 2025-07-16 04:02:30 --> Origin: http://localhost:4200
ERROR - 2025-07-16 04:02:30 --> CORS Filter
ERROR - 2025-07-16 04:02:30 --> Origin: http://localhost:4200
ERROR - 2025-07-16 04:02:30 --> CORS Filter
ERROR - 2025-07-16 04:02:30 --> Origin: http://localhost:4200
ERROR - 2025-07-16 04:02:30 --> CORS Filter
ERROR - 2025-07-16 04:02:30 --> Origin: http://localhost:4200
ERROR - 2025-07-16 04:02:31 --> CORS Filter
ERROR - 2025-07-16 04:02:31 --> Origin: http://localhost:4200
ERROR - 2025-07-16 04:02:32 --> CORS Filter
ERROR - 2025-07-16 04:02:32 --> Origin: http://localhost:4200
ERROR - 2025-07-16 04:02:56 --> CORS Filter
ERROR - 2025-07-16 04:02:56 --> Origin: http://localhost:4200
ERROR - 2025-07-16 04:02:56 --> CORS Filter
ERROR - 2025-07-16 04:02:56 --> Origin: http://localhost:4200
ERROR - 2025-07-16 04:02:57 --> CORS Filter
ERROR - 2025-07-16 04:02:57 --> Origin: http://localhost:4200
ERROR - 2025-07-16 04:03:00 --> CORS Filter
ERROR - 2025-07-16 04:03:00 --> Origin: http://localhost:4200
ERROR - 2025-07-16 04:03:01 --> CORS Filter
ERROR - 2025-07-16 04:03:01 --> Origin: http://localhost:4200
ERROR - 2025-07-16 04:03:02 --> CORS Filter
ERROR - 2025-07-16 04:03:02 --> Origin: http://localhost:4200
ERROR - 2025-07-16 04:03:02 --> CORS Filter
ERROR - 2025-07-16 04:03:02 --> Origin: http://localhost:4200
ERROR - 2025-07-16 04:03:02 --> CORS Filter
ERROR - 2025-07-16 04:03:02 --> Origin: http://localhost:4200
ERROR - 2025-07-16 04:03:03 --> CORS Filter
ERROR - 2025-07-16 04:03:03 --> Origin: http://localhost:4200
ERROR - 2025-07-16 04:03:34 --> CORS Filter
ERROR - 2025-07-16 04:03:34 --> Origin: http://localhost:4200
ERROR - 2025-07-16 04:03:34 --> CORS Filter
ERROR - 2025-07-16 04:03:34 --> Origin: http://localhost:4200
ERROR - 2025-07-16 04:04:13 --> CORS Filter
ERROR - 2025-07-16 04:04:13 --> Origin: http://localhost:4200
ERROR - 2025-07-16 04:04:14 --> CORS Filter
ERROR - 2025-07-16 04:04:14 --> Origin: http://localhost:4200
ERROR - 2025-07-16 04:04:14 --> CORS Filter
ERROR - 2025-07-16 04:04:14 --> Origin: http://localhost:4200
ERROR - 2025-07-16 04:04:14 --> CORS Filter
ERROR - 2025-07-16 04:04:14 --> Origin: http://localhost:4200
ERROR - 2025-07-16 04:14:20 --> CORS Filter
ERROR - 2025-07-16 04:14:20 --> Origin: http://localhost:4200
ERROR - 2025-07-16 04:14:21 --> CORS Filter
ERROR - 2025-07-16 04:14:21 --> Origin: http://localhost:4200
ERROR - 2025-07-16 04:14:21 --> CORS Filter
ERROR - 2025-07-16 04:14:21 --> Origin: http://localhost:4200
ERROR - 2025-07-16 04:14:21 --> CORS Filter
ERROR - 2025-07-16 04:14:21 --> Origin: http://localhost:4200
ERROR - 2025-07-16 04:15:59 --> CORS Filter
ERROR - 2025-07-16 04:15:59 --> Origin: http://localhost:4200
ERROR - 2025-07-16 04:15:59 --> CORS Filter
ERROR - 2025-07-16 04:15:59 --> Origin: http://localhost:4200
ERROR - 2025-07-16 04:15:59 --> CORS Filter
ERROR - 2025-07-16 04:15:59 --> Origin: http://localhost:4200
ERROR - 2025-07-16 04:15:59 --> CORS Filter
ERROR - 2025-07-16 04:15:59 --> Origin: http://localhost:4200
ERROR - 2025-07-16 04:29:18 --> CORS Filter
ERROR - 2025-07-16 04:29:18 --> Origin: http://localhost:4200
ERROR - 2025-07-16 04:29:18 --> CORS Filter
ERROR - 2025-07-16 04:29:18 --> Origin: http://localhost:4200
ERROR - 2025-07-16 04:29:38 --> CORS Filter
ERROR - 2025-07-16 04:29:38 --> Origin: http://localhost:4200
ERROR - 2025-07-16 04:29:38 --> CORS Filter
ERROR - 2025-07-16 04:29:38 --> Origin: http://localhost:4200
ERROR - 2025-07-16 04:29:38 --> CORS Filter
ERROR - 2025-07-16 04:29:38 --> Origin: http://localhost:4200
ERROR - 2025-07-16 04:29:38 --> CORS Filter
ERROR - 2025-07-16 04:29:38 --> Origin: http://localhost:4200
ERROR - 2025-07-16 04:29:43 --> CORS Filter
ERROR - 2025-07-16 04:29:43 --> Origin: http://localhost:4200
ERROR - 2025-07-16 04:35:23 --> CORS Filter
ERROR - 2025-07-16 04:35:23 --> Origin: http://localhost:4200
ERROR - 2025-07-16 04:35:24 --> CORS Filter
ERROR - 2025-07-16 04:35:24 --> Origin: http://localhost:4200
ERROR - 2025-07-16 04:35:26 --> CORS Filter
ERROR - 2025-07-16 04:35:26 --> Origin: http://localhost:4200
ERROR - 2025-07-16 04:35:27 --> CORS Filter
ERROR - 2025-07-16 04:35:27 --> Origin: http://localhost:4200
ERROR - 2025-07-16 04:35:27 --> CORS Filter
ERROR - 2025-07-16 04:35:27 --> Origin: http://localhost:4200
ERROR - 2025-07-16 04:35:27 --> CORS Filter
ERROR - 2025-07-16 04:35:27 --> Origin: http://localhost:4200
ERROR - 2025-07-16 04:45:31 --> CORS Filter
ERROR - 2025-07-16 04:45:31 --> Origin: http://localhost:4200
ERROR - 2025-07-16 04:45:31 --> CORS Filter
ERROR - 2025-07-16 04:45:31 --> Origin: http://localhost:4200
ERROR - 2025-07-16 04:53:23 --> CORS Filter
ERROR - 2025-07-16 04:53:23 --> Origin: http://localhost:4200
ERROR - 2025-07-16 04:53:23 --> CORS Filter
ERROR - 2025-07-16 04:53:23 --> Origin: http://localhost:4200
ERROR - 2025-07-16 04:53:24 --> CORS Filter
ERROR - 2025-07-16 04:53:24 --> Origin: http://localhost:4200
ERROR - 2025-07-16 04:53:24 --> CORS Filter
ERROR - 2025-07-16 04:53:24 --> Origin: http://localhost:4200
ERROR - 2025-07-16 04:53:24 --> CORS Filter
ERROR - 2025-07-16 04:53:24 --> Origin: http://localhost:4200
ERROR - 2025-07-16 04:53:24 --> CORS Filter
ERROR - 2025-07-16 04:53:24 --> Origin: http://localhost:4200
ERROR - 2025-07-16 04:53:27 --> CORS Filter
ERROR - 2025-07-16 04:53:27 --> Origin: http://localhost:4200
ERROR - 2025-07-16 04:53:32 --> CORS Filter
ERROR - 2025-07-16 04:53:32 --> Origin: http://localhost:4200
ERROR - 2025-07-16 04:53:32 --> CORS Filter
ERROR - 2025-07-16 04:53:32 --> Origin: http://localhost:4200
ERROR - 2025-07-16 04:53:32 --> CORS Filter
ERROR - 2025-07-16 04:53:32 --> Origin: http://localhost:4200
ERROR - 2025-07-16 04:53:32 --> CORS Filter
ERROR - 2025-07-16 04:53:32 --> Origin: http://localhost:4200
ERROR - 2025-07-16 04:53:33 --> CORS Filter
ERROR - 2025-07-16 04:53:33 --> Origin: http://localhost:4200
ERROR - 2025-07-16 04:53:48 --> CORS Filter
ERROR - 2025-07-16 04:53:48 --> Origin: http://localhost:4200
ERROR - 2025-07-16 04:53:48 --> CORS Filter
ERROR - 2025-07-16 04:53:48 --> Origin: http://localhost:4200
ERROR - 2025-07-16 04:53:49 --> CORS Filter
ERROR - 2025-07-16 04:53:49 --> Origin: http://localhost:4200
ERROR - 2025-07-16 04:53:49 --> CORS Filter
ERROR - 2025-07-16 04:53:49 --> Origin: http://localhost:4200
ERROR - 2025-07-16 04:53:49 --> CORS Filter
ERROR - 2025-07-16 04:53:49 --> Origin: http://localhost:4200
ERROR - 2025-07-16 04:53:50 --> CORS Filter
ERROR - 2025-07-16 04:53:50 --> Origin: http://localhost:4200
ERROR - 2025-07-16 04:53:52 --> CORS Filter
ERROR - 2025-07-16 04:53:52 --> Origin: http://localhost:4200
ERROR - 2025-07-16 05:00:24 --> CORS Filter
ERROR - 2025-07-16 05:00:24 --> Origin: http://localhost:4200
ERROR - 2025-07-16 05:00:25 --> CORS Filter
ERROR - 2025-07-16 05:00:25 --> Origin: http://localhost:4200
ERROR - 2025-07-16 05:00:25 --> CORS Filter
ERROR - 2025-07-16 05:00:25 --> Origin: http://localhost:4200
ERROR - 2025-07-16 05:00:28 --> CORS Filter
ERROR - 2025-07-16 05:00:28 --> Origin: http://localhost:4200
ERROR - 2025-07-16 05:00:29 --> CORS Filter
ERROR - 2025-07-16 05:00:29 --> Origin: http://localhost:4200
ERROR - 2025-07-16 05:00:30 --> CORS Filter
ERROR - 2025-07-16 05:00:30 --> Origin: http://localhost:4200
ERROR - 2025-07-16 05:00:30 --> CORS Filter
ERROR - 2025-07-16 05:00:30 --> Origin: http://localhost:4200
ERROR - 2025-07-16 05:00:36 --> CORS Filter
ERROR - 2025-07-16 05:00:36 --> Origin: http://localhost:4200
ERROR - 2025-07-16 05:00:36 --> CORS Filter
ERROR - 2025-07-16 05:00:36 --> Origin: http://localhost:4200
ERROR - 2025-07-16 05:00:36 --> CORS Filter
ERROR - 2025-07-16 05:00:36 --> Origin: http://localhost:4200
ERROR - 2025-07-16 05:00:36 --> CORS Filter
ERROR - 2025-07-16 05:00:36 --> Origin: http://localhost:4200
ERROR - 2025-07-16 05:00:37 --> CORS Filter
ERROR - 2025-07-16 05:00:37 --> Origin: http://localhost:4200
ERROR - 2025-07-16 05:00:37 --> CORS Filter
ERROR - 2025-07-16 05:00:37 --> Origin: http://localhost:4200
ERROR - 2025-07-16 05:00:40 --> CORS Filter
ERROR - 2025-07-16 05:00:40 --> Origin: http://localhost:4200
ERROR - 2025-07-16 05:00:40 --> CORS Filter
ERROR - 2025-07-16 05:00:40 --> Origin: http://localhost:4200
ERROR - 2025-07-16 05:00:40 --> CORS Filter
ERROR - 2025-07-16 05:00:40 --> Origin: http://localhost:4200
ERROR - 2025-07-16 05:00:59 --> CORS Filter
ERROR - 2025-07-16 05:00:59 --> Origin: http://localhost:4200
ERROR - 2025-07-16 05:00:59 --> CORS Filter
ERROR - 2025-07-16 05:00:59 --> Origin: http://localhost:4200
ERROR - 2025-07-16 05:01:13 --> CORS Filter
ERROR - 2025-07-16 05:01:13 --> Origin: http://localhost:4200
ERROR - 2025-07-16 05:01:13 --> CORS Filter
ERROR - 2025-07-16 05:01:13 --> Origin: http://localhost:4200
ERROR - 2025-07-16 05:01:15 --> CORS Filter
ERROR - 2025-07-16 05:01:15 --> Origin: http://localhost:4200
ERROR - 2025-07-16 05:01:15 --> CORS Filter
ERROR - 2025-07-16 05:01:15 --> Origin: http://localhost:4200
ERROR - 2025-07-16 05:01:15 --> CORS Filter
ERROR - 2025-07-16 05:01:15 --> Origin: http://localhost:4200
ERROR - 2025-07-16 05:01:15 --> CORS Filter
ERROR - 2025-07-16 05:01:15 --> Origin: http://localhost:4200
ERROR - 2025-07-16 05:01:20 --> CORS Filter
ERROR - 2025-07-16 05:01:20 --> Origin: http://localhost:4200
ERROR - 2025-07-16 05:01:20 --> CORS Filter
ERROR - 2025-07-16 05:01:20 --> Origin: http://localhost:4200
ERROR - 2025-07-16 05:01:42 --> CORS Filter
ERROR - 2025-07-16 05:01:42 --> Origin: http://localhost:4200
ERROR - 2025-07-16 05:01:42 --> CORS Filter
ERROR - 2025-07-16 05:01:42 --> Origin: http://localhost:4200
ERROR - 2025-07-16 05:01:42 --> CORS Filter
ERROR - 2025-07-16 05:01:42 --> Origin: http://localhost:4200
ERROR - 2025-07-16 05:01:42 --> CORS Filter
ERROR - 2025-07-16 05:01:42 --> Origin: http://localhost:4200
ERROR - 2025-07-16 05:01:43 --> CORS Filter
ERROR - 2025-07-16 05:01:43 --> Origin: http://localhost:4200
ERROR - 2025-07-16 05:01:43 --> CORS Filter
ERROR - 2025-07-16 05:01:43 --> Origin: http://localhost:4200
ERROR - 2025-07-16 05:01:46 --> CORS Filter
ERROR - 2025-07-16 05:01:46 --> Origin: http://localhost:4200
ERROR - 2025-07-16 05:02:23 --> CORS Filter
ERROR - 2025-07-16 05:02:23 --> Origin: http://localhost:4200
ERROR - 2025-07-16 05:02:24 --> CORS Filter
ERROR - 2025-07-16 05:02:24 --> Origin: http://localhost:4200
ERROR - 2025-07-16 05:02:24 --> CORS Filter
ERROR - 2025-07-16 05:02:24 --> Origin: http://localhost:4200
ERROR - 2025-07-16 05:02:24 --> CORS Filter
ERROR - 2025-07-16 05:02:24 --> Origin: http://localhost:4200
ERROR - 2025-07-16 05:02:24 --> CORS Filter
ERROR - 2025-07-16 05:02:24 --> Origin: http://localhost:4200
ERROR - 2025-07-16 05:02:24 --> CORS Filter
ERROR - 2025-07-16 05:02:24 --> Origin: http://localhost:4200
ERROR - 2025-07-16 05:02:24 --> CORS Filter
ERROR - 2025-07-16 05:02:24 --> Origin: http://localhost:4200
ERROR - 2025-07-16 05:02:24 --> CORS Filter
ERROR - 2025-07-16 05:02:24 --> Origin: http://localhost:4200
ERROR - 2025-07-16 05:02:25 --> CORS Filter
ERROR - 2025-07-16 05:02:25 --> Origin: http://localhost:4200
ERROR - 2025-07-16 05:02:25 --> CORS Filter
ERROR - 2025-07-16 05:02:25 --> Origin: http://localhost:4200
ERROR - 2025-07-16 05:02:25 --> CORS Filter
ERROR - 2025-07-16 05:02:25 --> Origin: http://localhost:4200
ERROR - 2025-07-16 05:02:25 --> CORS Filter
ERROR - 2025-07-16 05:02:25 --> Origin: http://localhost:4200
ERROR - 2025-07-16 05:02:25 --> CORS Filter
ERROR - 2025-07-16 05:02:25 --> Origin: http://localhost:4200
ERROR - 2025-07-16 05:02:25 --> CORS Filter
ERROR - 2025-07-16 05:02:25 --> Origin: http://localhost:4200
ERROR - 2025-07-16 05:02:26 --> CORS Filter
ERROR - 2025-07-16 05:02:26 --> Origin: http://localhost:4200
ERROR - 2025-07-16 05:02:26 --> CORS Filter
ERROR - 2025-07-16 05:02:26 --> Origin: http://localhost:4200
ERROR - 2025-07-16 05:02:26 --> CORS Filter
ERROR - 2025-07-16 05:02:26 --> Origin: http://localhost:4200
ERROR - 2025-07-16 05:02:26 --> CORS Filter
ERROR - 2025-07-16 05:02:26 --> Origin: http://localhost:4200
ERROR - 2025-07-16 05:02:26 --> CORS Filter
ERROR - 2025-07-16 05:02:26 --> Origin: http://localhost:4200
ERROR - 2025-07-16 05:02:27 --> CORS Filter
ERROR - 2025-07-16 05:02:27 --> Origin: http://localhost:4200
ERROR - 2025-07-16 05:02:27 --> CORS Filter
ERROR - 2025-07-16 05:02:27 --> Origin: http://localhost:4200
ERROR - 2025-07-16 05:02:27 --> CORS Filter
ERROR - 2025-07-16 05:02:27 --> Origin: http://localhost:4200
ERROR - 2025-07-16 05:02:27 --> CORS Filter
ERROR - 2025-07-16 05:02:27 --> Origin: http://localhost:4200
ERROR - 2025-07-16 05:02:27 --> CORS Filter
ERROR - 2025-07-16 05:02:27 --> Origin: http://localhost:4200
ERROR - 2025-07-16 05:02:27 --> CORS Filter
ERROR - 2025-07-16 05:02:27 --> Origin: http://localhost:4200
ERROR - 2025-07-16 05:02:28 --> CORS Filter
ERROR - 2025-07-16 05:02:28 --> Origin: http://localhost:4200
ERROR - 2025-07-16 05:02:28 --> CORS Filter
ERROR - 2025-07-16 05:02:28 --> Origin: http://localhost:4200
ERROR - 2025-07-16 05:02:28 --> CORS Filter
ERROR - 2025-07-16 05:02:28 --> Origin: http://localhost:4200
ERROR - 2025-07-16 05:02:28 --> CORS Filter
ERROR - 2025-07-16 05:02:28 --> Origin: http://localhost:4200
ERROR - 2025-07-16 05:02:28 --> CORS Filter
ERROR - 2025-07-16 05:02:28 --> Origin: http://localhost:4200
ERROR - 2025-07-16 05:02:29 --> CORS Filter
ERROR - 2025-07-16 05:02:29 --> Origin: http://localhost:4200
ERROR - 2025-07-16 05:02:29 --> CORS Filter
ERROR - 2025-07-16 05:02:29 --> Origin: http://localhost:4200
ERROR - 2025-07-16 05:02:29 --> CORS Filter
ERROR - 2025-07-16 05:02:29 --> Origin: http://localhost:4200
ERROR - 2025-07-16 05:02:29 --> CORS Filter
ERROR - 2025-07-16 05:02:29 --> Origin: http://localhost:4200
ERROR - 2025-07-16 05:02:29 --> CORS Filter
ERROR - 2025-07-16 05:02:29 --> Origin: http://localhost:4200
ERROR - 2025-07-16 05:02:29 --> CORS Filter
ERROR - 2025-07-16 05:02:29 --> Origin: http://localhost:4200
ERROR - 2025-07-16 05:02:30 --> CORS Filter
ERROR - 2025-07-16 05:02:30 --> Origin: http://localhost:4200
ERROR - 2025-07-16 05:02:30 --> CORS Filter
ERROR - 2025-07-16 05:02:30 --> Origin: http://localhost:4200
ERROR - 2025-07-16 05:02:30 --> CORS Filter
ERROR - 2025-07-16 05:02:30 --> Origin: http://localhost:4200
ERROR - 2025-07-16 05:02:46 --> CORS Filter
ERROR - 2025-07-16 05:02:46 --> Origin: http://localhost:4200
ERROR - 2025-07-16 05:02:46 --> CORS Filter
ERROR - 2025-07-16 05:02:46 --> Origin: http://localhost:4200
ERROR - 2025-07-16 05:02:47 --> CORS Filter
ERROR - 2025-07-16 05:02:47 --> Origin: http://localhost:4200
ERROR - 2025-07-16 05:02:47 --> CORS Filter
ERROR - 2025-07-16 05:02:47 --> Origin: http://localhost:4200
ERROR - 2025-07-16 05:02:47 --> CORS Filter
ERROR - 2025-07-16 05:02:47 --> Origin: http://localhost:4200
ERROR - 2025-07-16 05:02:47 --> CORS Filter
ERROR - 2025-07-16 05:02:47 --> Origin: http://localhost:4200
ERROR - 2025-07-16 05:02:47 --> CORS Filter
ERROR - 2025-07-16 05:02:47 --> Origin: http://localhost:4200
ERROR - 2025-07-16 05:02:48 --> CORS Filter
ERROR - 2025-07-16 05:02:48 --> Origin: http://localhost:4200
ERROR - 2025-07-16 05:02:48 --> CORS Filter
ERROR - 2025-07-16 05:02:48 --> Origin: http://localhost:4200
ERROR - 2025-07-16 05:02:48 --> CORS Filter
ERROR - 2025-07-16 05:02:48 --> Origin: http://localhost:4200
ERROR - 2025-07-16 05:02:48 --> CORS Filter
ERROR - 2025-07-16 05:02:48 --> Origin: http://localhost:4200
ERROR - 2025-07-16 05:02:48 --> CORS Filter
ERROR - 2025-07-16 05:02:48 --> Origin: http://localhost:4200
ERROR - 2025-07-16 05:02:49 --> CORS Filter
ERROR - 2025-07-16 05:02:49 --> Origin: http://localhost:4200
ERROR - 2025-07-16 05:02:49 --> CORS Filter
ERROR - 2025-07-16 05:02:49 --> Origin: http://localhost:4200
ERROR - 2025-07-16 05:02:49 --> CORS Filter
ERROR - 2025-07-16 05:02:49 --> Origin: http://localhost:4200
ERROR - 2025-07-16 05:02:49 --> CORS Filter
ERROR - 2025-07-16 05:02:49 --> Origin: http://localhost:4200
ERROR - 2025-07-16 05:02:49 --> CORS Filter
ERROR - 2025-07-16 05:02:49 --> Origin: http://localhost:4200
ERROR - 2025-07-16 05:02:50 --> CORS Filter
ERROR - 2025-07-16 05:02:50 --> Origin: http://localhost:4200
ERROR - 2025-07-16 05:02:50 --> CORS Filter
ERROR - 2025-07-16 05:02:50 --> Origin: http://localhost:4200
ERROR - 2025-07-16 05:02:50 --> CORS Filter
ERROR - 2025-07-16 05:02:50 --> Origin: http://localhost:4200
ERROR - 2025-07-16 05:02:50 --> CORS Filter
ERROR - 2025-07-16 05:02:50 --> Origin: http://localhost:4200
ERROR - 2025-07-16 05:02:50 --> CORS Filter
ERROR - 2025-07-16 05:02:50 --> Origin: http://localhost:4200
ERROR - 2025-07-16 05:02:51 --> CORS Filter
ERROR - 2025-07-16 05:02:51 --> Origin: http://localhost:4200
ERROR - 2025-07-16 05:02:51 --> CORS Filter
ERROR - 2025-07-16 05:02:51 --> Origin: http://localhost:4200
ERROR - 2025-07-16 05:02:51 --> CORS Filter
ERROR - 2025-07-16 05:02:51 --> Origin: http://localhost:4200
ERROR - 2025-07-16 05:02:51 --> CORS Filter
ERROR - 2025-07-16 05:02:51 --> Origin: http://localhost:4200
ERROR - 2025-07-16 05:02:51 --> CORS Filter
ERROR - 2025-07-16 05:02:51 --> Origin: http://localhost:4200
ERROR - 2025-07-16 05:02:52 --> CORS Filter
ERROR - 2025-07-16 05:02:52 --> Origin: http://localhost:4200
ERROR - 2025-07-16 05:02:54 --> CORS Filter
ERROR - 2025-07-16 05:02:54 --> Origin: http://localhost:4200
ERROR - 2025-07-16 05:02:54 --> CORS Filter
ERROR - 2025-07-16 05:02:54 --> Origin: http://localhost:4200
ERROR - 2025-07-16 05:02:54 --> CORS Filter
ERROR - 2025-07-16 05:02:54 --> Origin: http://localhost:4200
ERROR - 2025-07-16 05:02:56 --> CORS Filter
ERROR - 2025-07-16 05:02:56 --> Origin: http://localhost:4200
ERROR - 2025-07-16 05:02:56 --> CORS Filter
ERROR - 2025-07-16 05:02:56 --> Origin: http://localhost:4200
ERROR - 2025-07-16 05:03:00 --> CORS Filter
ERROR - 2025-07-16 05:03:00 --> Origin: http://localhost:4200
ERROR - 2025-07-16 05:03:00 --> CORS Filter
ERROR - 2025-07-16 05:03:00 --> Origin: http://localhost:4200
ERROR - 2025-07-16 05:03:00 --> CORS Filter
ERROR - 2025-07-16 05:03:00 --> Origin: http://localhost:4200
ERROR - 2025-07-16 05:03:02 --> CORS Filter
ERROR - 2025-07-16 05:03:02 --> Origin: http://localhost:4200
ERROR - 2025-07-16 05:03:02 --> CORS Filter
ERROR - 2025-07-16 05:03:02 --> Origin: http://localhost:4200
ERROR - 2025-07-16 05:04:14 --> CORS Filter
ERROR - 2025-07-16 05:04:14 --> Origin: http://localhost:4200
ERROR - 2025-07-16 05:04:15 --> CORS Filter
ERROR - 2025-07-16 05:04:15 --> Origin: http://localhost:4200
ERROR - 2025-07-16 05:04:15 --> CORS Filter
ERROR - 2025-07-16 05:04:15 --> Origin: http://localhost:4200
ERROR - 2025-07-16 05:04:15 --> CORS Filter
ERROR - 2025-07-16 05:04:15 --> Origin: http://localhost:4200
ERROR - 2025-07-16 05:04:15 --> CORS Filter
ERROR - 2025-07-16 05:04:15 --> Origin: http://localhost:4200
ERROR - 2025-07-16 05:04:16 --> CORS Filter
ERROR - 2025-07-16 05:04:16 --> Origin: http://localhost:4200
ERROR - 2025-07-16 05:05:16 --> CORS Filter
ERROR - 2025-07-16 05:05:16 --> Origin: http://localhost:4200
ERROR - 2025-07-16 05:05:16 --> CORS Filter
ERROR - 2025-07-16 05:05:16 --> Origin: http://localhost:4200
ERROR - 2025-07-16 05:05:17 --> CORS Filter
ERROR - 2025-07-16 05:05:17 --> Origin: http://localhost:4200
ERROR - 2025-07-16 05:05:17 --> CORS Filter
ERROR - 2025-07-16 05:05:17 --> Origin: http://localhost:4200
ERROR - 2025-07-16 05:41:20 --> CORS Filter
ERROR - 2025-07-16 05:41:20 --> Origin: http://localhost:4200
ERROR - 2025-07-16 05:41:20 --> CORS Filter
ERROR - 2025-07-16 05:41:20 --> Origin: http://localhost:4200
ERROR - 2025-07-16 05:41:20 --> CORS Filter
ERROR - 2025-07-16 05:41:20 --> Origin: http://localhost:4200
ERROR - 2025-07-16 05:41:21 --> CORS Filter
ERROR - 2025-07-16 05:41:21 --> Origin: http://localhost:4200
ERROR - 2025-07-16 05:41:45 --> CORS Filter
ERROR - 2025-07-16 05:41:45 --> Origin: http://localhost:4200
ERROR - 2025-07-16 05:41:46 --> CORS Filter
ERROR - 2025-07-16 05:41:46 --> Origin: http://localhost:4200
ERROR - 2025-07-16 05:41:46 --> CORS Filter
ERROR - 2025-07-16 05:41:46 --> Origin: http://localhost:4200
ERROR - 2025-07-16 05:41:46 --> CORS Filter
ERROR - 2025-07-16 05:41:46 --> Origin: http://localhost:4200
ERROR - 2025-07-16 05:49:13 --> CORS Filter
ERROR - 2025-07-16 05:49:13 --> Origin: http://localhost:4200
ERROR - 2025-07-16 05:49:13 --> CORS Filter
ERROR - 2025-07-16 05:49:13 --> Origin: http://localhost:4200
ERROR - 2025-07-16 05:49:13 --> CORS Filter
ERROR - 2025-07-16 05:49:13 --> Origin: http://localhost:4200
ERROR - 2025-07-16 05:49:13 --> CORS Filter
ERROR - 2025-07-16 05:49:13 --> Origin: http://localhost:4200
ERROR - 2025-07-16 05:51:44 --> CORS Filter
ERROR - 2025-07-16 05:51:44 --> Origin: http://localhost:4200
ERROR - 2025-07-16 05:51:45 --> CORS Filter
ERROR - 2025-07-16 05:51:45 --> Origin: http://localhost:4200
ERROR - 2025-07-16 05:51:48 --> CORS Filter
ERROR - 2025-07-16 05:51:48 --> Origin: http://localhost:4200
ERROR - 2025-07-16 05:51:48 --> CORS Filter
ERROR - 2025-07-16 05:51:48 --> Origin: http://localhost:4200
ERROR - 2025-07-16 05:51:48 --> CORS Filter
ERROR - 2025-07-16 05:51:48 --> Origin: http://localhost:4200
ERROR - 2025-07-16 05:51:48 --> CORS Filter
ERROR - 2025-07-16 05:51:48 --> Origin: http://localhost:4200
ERROR - 2025-07-16 05:52:21 --> CORS Filter
ERROR - 2025-07-16 05:52:21 --> Origin: http://localhost:4200
ERROR - 2025-07-16 05:52:21 --> CORS Filter
ERROR - 2025-07-16 05:52:21 --> Origin: http://localhost:4200
ERROR - 2025-07-16 05:52:22 --> CORS Filter
ERROR - 2025-07-16 05:52:22 --> Origin: http://localhost:4200
ERROR - 2025-07-16 05:52:22 --> CORS Filter
ERROR - 2025-07-16 05:52:22 --> Origin: http://localhost:4200
ERROR - 2025-07-16 05:52:47 --> CORS Filter
ERROR - 2025-07-16 05:52:47 --> Origin: http://localhost:4200
ERROR - 2025-07-16 05:52:47 --> CORS Filter
ERROR - 2025-07-16 05:52:47 --> Origin: http://localhost:4200
ERROR - 2025-07-16 05:52:48 --> CORS Filter
ERROR - 2025-07-16 05:52:48 --> Origin: http://localhost:4200
ERROR - 2025-07-16 05:52:48 --> CORS Filter
ERROR - 2025-07-16 05:52:48 --> Origin: http://localhost:4200
ERROR - 2025-07-16 05:53:29 --> CORS Filter
ERROR - 2025-07-16 05:53:29 --> Origin: http://localhost:4200
ERROR - 2025-07-16 05:53:29 --> CORS Filter
ERROR - 2025-07-16 05:53:29 --> Origin: http://localhost:4200
ERROR - 2025-07-16 05:53:29 --> CORS Filter
ERROR - 2025-07-16 05:53:29 --> Origin: http://localhost:4200
ERROR - 2025-07-16 05:53:29 --> CORS Filter
ERROR - 2025-07-16 05:53:29 --> Origin: http://localhost:4200
ERROR - 2025-07-16 06:23:01 --> CORS Filter
ERROR - 2025-07-16 06:23:01 --> Origin: http://localhost:4200
ERROR - 2025-07-16 06:23:01 --> CORS Filter
ERROR - 2025-07-16 06:23:01 --> Origin: http://localhost:4200
ERROR - 2025-07-16 06:23:01 --> CORS Filter
ERROR - 2025-07-16 06:23:01 --> Origin: http://localhost:4200
ERROR - 2025-07-16 06:23:02 --> CORS Filter
ERROR - 2025-07-16 06:23:02 --> Origin: http://localhost:4200
ERROR - 2025-07-16 06:23:02 --> CORS Filter
ERROR - 2025-07-16 06:23:02 --> Origin: http://localhost:4200
ERROR - 2025-07-16 06:23:02 --> CORS Filter
ERROR - 2025-07-16 06:23:02 --> Origin: http://localhost:4200
ERROR - 2025-07-16 06:23:04 --> CORS Filter
ERROR - 2025-07-16 06:23:04 --> Origin: http://localhost:4200
ERROR - 2025-07-16 06:23:04 --> CORS Filter
ERROR - 2025-07-16 06:23:04 --> Origin: http://localhost:4200
ERROR - 2025-07-16 06:50:41 --> CORS Filter
ERROR - 2025-07-16 06:50:41 --> Origin: http://localhost:4200
ERROR - 2025-07-16 06:50:41 --> CORS Filter
ERROR - 2025-07-16 06:50:41 --> Origin: http://localhost:4200
ERROR - 2025-07-16 06:50:42 --> CORS Filter
ERROR - 2025-07-16 06:50:42 --> Origin: http://localhost:4200
ERROR - 2025-07-16 06:50:42 --> CORS Filter
ERROR - 2025-07-16 06:50:42 --> Origin: http://localhost:4200
ERROR - 2025-07-16 06:50:43 --> CORS Filter
ERROR - 2025-07-16 06:50:43 --> Origin: http://localhost:4200
ERROR - 2025-07-16 06:50:43 --> CORS Filter
ERROR - 2025-07-16 06:50:43 --> Origin: http://localhost:4200
ERROR - 2025-07-16 06:51:57 --> CORS Filter
ERROR - 2025-07-16 06:51:57 --> Origin: http://localhost:4200
ERROR - 2025-07-16 06:51:57 --> CORS Filter
ERROR - 2025-07-16 06:51:57 --> Origin: http://localhost:4200
ERROR - 2025-07-16 06:51:57 --> CORS Filter
ERROR - 2025-07-16 06:51:57 --> Origin: http://localhost:4200
ERROR - 2025-07-16 06:51:57 --> CORS Filter
ERROR - 2025-07-16 06:51:57 --> Origin: http://localhost:4200
ERROR - 2025-07-16 06:51:58 --> CORS Filter
ERROR - 2025-07-16 06:51:58 --> Origin: http://localhost:4200
ERROR - 2025-07-16 06:51:59 --> CORS Filter
ERROR - 2025-07-16 06:51:59 --> Origin: http://localhost:4200
ERROR - 2025-07-16 06:52:05 --> CORS Filter
ERROR - 2025-07-16 06:52:05 --> Origin: http://localhost:4200
ERROR - 2025-07-16 06:52:05 --> CORS Filter
ERROR - 2025-07-16 06:52:05 --> Origin: http://localhost:4200
ERROR - 2025-07-16 06:52:06 --> CORS Filter
ERROR - 2025-07-16 06:52:06 --> Origin: http://localhost:4200
ERROR - 2025-07-16 06:52:06 --> CORS Filter
ERROR - 2025-07-16 06:52:06 --> Origin: http://localhost:4200
ERROR - 2025-07-16 06:58:49 --> CORS Filter
ERROR - 2025-07-16 06:58:49 --> Origin: http://localhost:4200
ERROR - 2025-07-16 06:58:49 --> CORS Filter
ERROR - 2025-07-16 06:58:49 --> Origin: http://localhost:4200
ERROR - 2025-07-16 06:58:49 --> CORS Filter
ERROR - 2025-07-16 06:58:49 --> Origin: http://localhost:4200
ERROR - 2025-07-16 06:58:49 --> CORS Filter
ERROR - 2025-07-16 06:58:49 --> Origin: http://localhost:4200
ERROR - 2025-07-16 06:58:50 --> CORS Filter
ERROR - 2025-07-16 06:58:50 --> Origin: http://localhost:4200
ERROR - 2025-07-16 06:58:50 --> CORS Filter
ERROR - 2025-07-16 06:58:50 --> Origin: http://localhost:4200
CRITICAL - 2025-07-16 06:58:51 --> ErrorException: Undefined property: stdClass::$businessId
[Method: POST, Route: api/student/getallpaging]
in APPPATH\Controllers\Student.php on line 97.
 1 APPPATH\Controllers\Student.php(97): CodeIgniter\Debug\Exceptions->errorHandler(2, 'Undefined property: stdClass::$businessId', 'C:\\xampp\\htdocs\\exiaa-material-api\\app\\Controllers\\Student.php', 97)
 2 SYSTEMPATH\CodeIgniter.php(933): App\Controllers\Student->getStudentsPaging()
 3 SYSTEMPATH\CodeIgniter.php(509): CodeIgniter\CodeIgniter->runController(Object(App\Controllers\Student))
 4 SYSTEMPATH\CodeIgniter.php(355): CodeIgniter\CodeIgniter->handleRequest(null, Object(Config\Cache), false)
 5 SYSTEMPATH\Boot.php(334): CodeIgniter\CodeIgniter->run()
 6 SYSTEMPATH\Boot.php(67): CodeIgniter\Boot::runCodeIgniter(Object(CodeIgniter\CodeIgniter))
 7 FCPATH\index.php(56): CodeIgniter\Boot::bootWeb(Object(Config\Paths))
 8 SYSTEMPATH\rewrite.php(44): require_once('C:\\xampp\\htdocs\\exiaa-material-api\\public\\index.php')
ERROR - 2025-07-16 06:59:08 --> CORS Filter
ERROR - 2025-07-16 06:59:08 --> Origin: http://localhost:4200
ERROR - 2025-07-16 06:59:09 --> CORS Filter
ERROR - 2025-07-16 06:59:09 --> Origin: http://localhost:4200
ERROR - 2025-07-16 06:59:09 --> CORS Filter
ERROR - 2025-07-16 06:59:09 --> Origin: http://localhost:4200
ERROR - 2025-07-16 06:59:09 --> CORS Filter
ERROR - 2025-07-16 06:59:09 --> Origin: http://localhost:4200
ERROR - 2025-07-16 06:59:10 --> CORS Filter
ERROR - 2025-07-16 06:59:10 --> Origin: http://localhost:4200
ERROR - 2025-07-16 06:59:11 --> CORS Filter
ERROR - 2025-07-16 06:59:11 --> Origin: http://localhost:4200
CRITICAL - 2025-07-16 06:59:11 --> ErrorException: Undefined property: stdClass::$businessId
[Method: POST, Route: api/student/getallpaging]
in APPPATH\Controllers\Student.php on line 97.
 1 APPPATH\Controllers\Student.php(97): CodeIgniter\Debug\Exceptions->errorHandler(2, 'Undefined property: stdClass::$businessId', 'C:\\xampp\\htdocs\\exiaa-material-api\\app\\Controllers\\Student.php', 97)
 2 SYSTEMPATH\CodeIgniter.php(933): App\Controllers\Student->getStudentsPaging()
 3 SYSTEMPATH\CodeIgniter.php(509): CodeIgniter\CodeIgniter->runController(Object(App\Controllers\Student))
 4 SYSTEMPATH\CodeIgniter.php(355): CodeIgniter\CodeIgniter->handleRequest(null, Object(Config\Cache), false)
 5 SYSTEMPATH\Boot.php(334): CodeIgniter\CodeIgniter->run()
 6 SYSTEMPATH\Boot.php(67): CodeIgniter\Boot::runCodeIgniter(Object(CodeIgniter\CodeIgniter))
 7 FCPATH\index.php(56): CodeIgniter\Boot::bootWeb(Object(Config\Paths))
 8 SYSTEMPATH\rewrite.php(44): require_once('C:\\xampp\\htdocs\\exiaa-material-api\\public\\index.php')
ERROR - 2025-07-16 07:00:38 --> CORS Filter
ERROR - 2025-07-16 07:00:38 --> Origin: http://localhost:4200
ERROR - 2025-07-16 07:00:39 --> CORS Filter
ERROR - 2025-07-16 07:00:39 --> Origin: http://localhost:4200
ERROR - 2025-07-16 07:00:39 --> CORS Filter
ERROR - 2025-07-16 07:00:39 --> Origin: http://localhost:4200
ERROR - 2025-07-16 07:00:39 --> CORS Filter
ERROR - 2025-07-16 07:00:39 --> Origin: http://localhost:4200
ERROR - 2025-07-16 07:00:40 --> CORS Filter
ERROR - 2025-07-16 07:00:40 --> Origin: http://localhost:4200
ERROR - 2025-07-16 07:00:40 --> CORS Filter
ERROR - 2025-07-16 07:00:40 --> Origin: http://localhost:4200
CRITICAL - 2025-07-16 07:00:40 --> ErrorException: Undefined property: stdClass::$businessId
[Method: POST, Route: api/student/getallpaging]
in APPPATH\Controllers\Student.php on line 97.
 1 APPPATH\Controllers\Student.php(97): CodeIgniter\Debug\Exceptions->errorHandler(2, 'Undefined property: stdClass::$businessId', 'C:\\xampp\\htdocs\\exiaa-material-api\\app\\Controllers\\Student.php', 97)
 2 SYSTEMPATH\CodeIgniter.php(933): App\Controllers\Student->getStudentsPaging()
 3 SYSTEMPATH\CodeIgniter.php(509): CodeIgniter\CodeIgniter->runController(Object(App\Controllers\Student))
 4 SYSTEMPATH\CodeIgniter.php(355): CodeIgniter\CodeIgniter->handleRequest(null, Object(Config\Cache), false)
 5 SYSTEMPATH\Boot.php(334): CodeIgniter\CodeIgniter->run()
 6 SYSTEMPATH\Boot.php(67): CodeIgniter\Boot::runCodeIgniter(Object(CodeIgniter\CodeIgniter))
 7 FCPATH\index.php(56): CodeIgniter\Boot::bootWeb(Object(Config\Paths))
 8 SYSTEMPATH\rewrite.php(44): require_once('C:\\xampp\\htdocs\\exiaa-material-api\\public\\index.php')
ERROR - 2025-07-16 07:01:55 --> CORS Filter
ERROR - 2025-07-16 07:01:55 --> Origin: http://localhost:4200
ERROR - 2025-07-16 07:01:56 --> CORS Filter
ERROR - 2025-07-16 07:01:56 --> Origin: http://localhost:4200
ERROR - 2025-07-16 07:01:56 --> CORS Filter
ERROR - 2025-07-16 07:01:56 --> Origin: http://localhost:4200
ERROR - 2025-07-16 07:01:56 --> CORS Filter
ERROR - 2025-07-16 07:01:56 --> Origin: http://localhost:4200
ERROR - 2025-07-16 07:01:57 --> CORS Filter
ERROR - 2025-07-16 07:01:57 --> Origin: http://localhost:4200
ERROR - 2025-07-16 07:01:57 --> CORS Filter
ERROR - 2025-07-16 07:01:57 --> Origin: http://localhost:4200
ERROR - 2025-07-16 07:02:51 --> CORS Filter
ERROR - 2025-07-16 07:02:51 --> Origin: http://localhost:4200
ERROR - 2025-07-16 07:02:52 --> CORS Filter
ERROR - 2025-07-16 07:02:52 --> Origin: http://localhost:4200
ERROR - 2025-07-16 07:02:52 --> CORS Filter
ERROR - 2025-07-16 07:02:52 --> Origin: http://localhost:4200
ERROR - 2025-07-16 07:02:53 --> CORS Filter
ERROR - 2025-07-16 07:02:53 --> Origin: http://localhost:4200
ERROR - 2025-07-16 07:02:54 --> CORS Filter
ERROR - 2025-07-16 07:02:54 --> Origin: http://localhost:4200
ERROR - 2025-07-16 07:02:54 --> CORS Filter
ERROR - 2025-07-16 07:02:54 --> Origin: http://localhost:4200
ERROR - 2025-07-16 07:06:30 --> CORS Filter
ERROR - 2025-07-16 07:06:30 --> Origin: http://localhost:4200
ERROR - 2025-07-16 07:06:30 --> CORS Filter
ERROR - 2025-07-16 07:06:30 --> Origin: http://localhost:4200
ERROR - 2025-07-16 07:06:31 --> CORS Filter
ERROR - 2025-07-16 07:06:31 --> Origin: http://localhost:4200
ERROR - 2025-07-16 07:06:31 --> CORS Filter
ERROR - 2025-07-16 07:06:31 --> Origin: http://localhost:4200
ERROR - 2025-07-16 07:06:32 --> CORS Filter
ERROR - 2025-07-16 07:06:32 --> Origin: http://localhost:4200
ERROR - 2025-07-16 07:06:32 --> CORS Filter
ERROR - 2025-07-16 07:06:32 --> Origin: http://localhost:4200
ERROR - 2025-07-16 07:07:02 --> CORS Filter
ERROR - 2025-07-16 07:07:02 --> Origin: http://localhost:4200
ERROR - 2025-07-16 07:07:02 --> CORS Filter
ERROR - 2025-07-16 07:07:02 --> Origin: http://localhost:4200
ERROR - 2025-07-16 07:07:02 --> CORS Filter
ERROR - 2025-07-16 07:07:02 --> Origin: http://localhost:4200
ERROR - 2025-07-16 07:07:02 --> CORS Filter
ERROR - 2025-07-16 07:07:02 --> Origin: http://localhost:4200
ERROR - 2025-07-16 07:07:04 --> CORS Filter
ERROR - 2025-07-16 07:07:04 --> Origin: http://localhost:4200
ERROR - 2025-07-16 07:07:04 --> CORS Filter
ERROR - 2025-07-16 07:07:04 --> Origin: http://localhost:4200
ERROR - 2025-07-16 07:17:07 --> CORS Filter
ERROR - 2025-07-16 07:17:07 --> Origin: http://localhost:4200
ERROR - 2025-07-16 07:17:07 --> CORS Filter
ERROR - 2025-07-16 07:17:07 --> Origin: http://localhost:4200
ERROR - 2025-07-16 07:17:07 --> CORS Filter
ERROR - 2025-07-16 07:17:07 --> Origin: http://localhost:4200
ERROR - 2025-07-16 07:17:07 --> CORS Filter
ERROR - 2025-07-16 07:17:07 --> Origin: http://localhost:4200
ERROR - 2025-07-16 07:17:08 --> CORS Filter
ERROR - 2025-07-16 07:17:08 --> Origin: http://localhost:4200
ERROR - 2025-07-16 07:17:08 --> CORS Filter
ERROR - 2025-07-16 07:17:08 --> Origin: http://localhost:4200
ERROR - 2025-07-16 07:18:04 --> CORS Filter
ERROR - 2025-07-16 07:18:04 --> Origin: http://localhost:4200
ERROR - 2025-07-16 07:18:04 --> CORS Filter
ERROR - 2025-07-16 07:18:04 --> Origin: http://localhost:4200
ERROR - 2025-07-16 07:18:05 --> CORS Filter
ERROR - 2025-07-16 07:18:05 --> Origin: http://localhost:4200
ERROR - 2025-07-16 07:18:05 --> CORS Filter
ERROR - 2025-07-16 07:18:05 --> Origin: http://localhost:4200
ERROR - 2025-07-16 07:18:05 --> CORS Filter
ERROR - 2025-07-16 07:18:05 --> Origin: http://localhost:4200
ERROR - 2025-07-16 07:18:06 --> CORS Filter
ERROR - 2025-07-16 07:18:06 --> Origin: http://localhost:4200
ERROR - 2025-07-16 07:24:12 --> CORS Filter
ERROR - 2025-07-16 07:24:12 --> Origin: http://localhost:4200
ERROR - 2025-07-16 07:24:13 --> CORS Filter
ERROR - 2025-07-16 07:24:13 --> Origin: http://localhost:4200
ERROR - 2025-07-16 07:24:13 --> CORS Filter
ERROR - 2025-07-16 07:24:13 --> Origin: http://localhost:4200
ERROR - 2025-07-16 07:24:14 --> CORS Filter
ERROR - 2025-07-16 07:24:14 --> Origin: http://localhost:4200
ERROR - 2025-07-16 07:24:14 --> CORS Filter
ERROR - 2025-07-16 07:24:14 --> Origin: http://localhost:4200
ERROR - 2025-07-16 07:24:14 --> CORS Filter
ERROR - 2025-07-16 07:24:14 --> Origin: http://localhost:4200
ERROR - 2025-07-16 07:24:16 --> CORS Filter
ERROR - 2025-07-16 07:24:16 --> Origin: http://localhost:4200
ERROR - 2025-07-16 07:24:16 --> CORS Filter
ERROR - 2025-07-16 07:24:16 --> Origin: http://localhost:4200
ERROR - 2025-07-16 07:24:29 --> CORS Filter
ERROR - 2025-07-16 07:24:29 --> Origin: http://localhost:4200
ERROR - 2025-07-16 07:24:29 --> CORS Filter
ERROR - 2025-07-16 07:24:29 --> Origin: http://localhost:4200
ERROR - 2025-07-16 07:24:29 --> CORS Filter
ERROR - 2025-07-16 07:24:29 --> Origin: http://localhost:4200
ERROR - 2025-07-16 07:24:30 --> CORS Filter
ERROR - 2025-07-16 07:24:30 --> Origin: http://localhost:4200
ERROR - 2025-07-16 07:24:33 --> CORS Filter
ERROR - 2025-07-16 07:24:33 --> Origin: http://localhost:4200
ERROR - 2025-07-16 07:24:33 --> CORS Filter
ERROR - 2025-07-16 07:24:33 --> Origin: http://localhost:4200
ERROR - 2025-07-16 07:34:47 --> CORS Filter
ERROR - 2025-07-16 07:34:47 --> Origin: http://localhost:4200
ERROR - 2025-07-16 07:34:47 --> CORS Filter
ERROR - 2025-07-16 07:34:47 --> Origin: http://localhost:4200
ERROR - 2025-07-16 07:34:47 --> CORS Filter
ERROR - 2025-07-16 07:34:47 --> Origin: http://localhost:4200
ERROR - 2025-07-16 07:34:48 --> CORS Filter
ERROR - 2025-07-16 07:34:48 --> Origin: http://localhost:4200
ERROR - 2025-07-16 07:35:02 --> CORS Filter
ERROR - 2025-07-16 07:35:02 --> Origin: http://localhost:4200
ERROR - 2025-07-16 07:35:02 --> CORS Filter
ERROR - 2025-07-16 07:35:02 --> Origin: http://localhost:4200
ERROR - 2025-07-16 07:35:02 --> CORS Filter
ERROR - 2025-07-16 07:35:02 --> Origin: http://localhost:4200
ERROR - 2025-07-16 07:35:02 --> CORS Filter
ERROR - 2025-07-16 07:35:02 --> Origin: http://localhost:4200
ERROR - 2025-07-16 07:35:29 --> CORS Filter
ERROR - 2025-07-16 07:35:29 --> Origin: http://localhost:4200
ERROR - 2025-07-16 07:35:29 --> CORS Filter
ERROR - 2025-07-16 07:35:29 --> Origin: http://localhost:4200
ERROR - 2025-07-16 07:35:29 --> CORS Filter
ERROR - 2025-07-16 07:35:29 --> Origin: http://localhost:4200
ERROR - 2025-07-16 07:35:29 --> CORS Filter
ERROR - 2025-07-16 07:35:29 --> Origin: http://localhost:4200
ERROR - 2025-07-16 07:35:30 --> CORS Filter
ERROR - 2025-07-16 07:35:30 --> Origin: http://localhost:4200
ERROR - 2025-07-16 07:35:30 --> CORS Filter
ERROR - 2025-07-16 07:35:30 --> Origin: http://localhost:4200
ERROR - 2025-07-16 07:51:10 --> CORS Filter
ERROR - 2025-07-16 07:51:10 --> Origin: http://localhost:4200
ERROR - 2025-07-16 07:51:11 --> CORS Filter
ERROR - 2025-07-16 07:51:11 --> Origin: http://localhost:4200
ERROR - 2025-07-16 07:51:11 --> CORS Filter
ERROR - 2025-07-16 07:51:11 --> Origin: http://localhost:4200
ERROR - 2025-07-16 07:51:11 --> CORS Filter
ERROR - 2025-07-16 07:51:11 --> Origin: http://localhost:4200
ERROR - 2025-07-16 07:56:12 --> CORS Filter
ERROR - 2025-07-16 07:56:12 --> Origin: http://localhost:4200
ERROR - 2025-07-16 07:56:12 --> CORS Filter
ERROR - 2025-07-16 07:56:12 --> Origin: http://localhost:4200
ERROR - 2025-07-16 07:56:12 --> CORS Filter
ERROR - 2025-07-16 07:56:12 --> Origin: http://localhost:4200
ERROR - 2025-07-16 07:56:12 --> CORS Filter
ERROR - 2025-07-16 07:56:12 --> Origin: http://localhost:4200
ERROR - 2025-07-16 07:56:14 --> CORS Filter
ERROR - 2025-07-16 07:56:14 --> Origin: http://localhost:4200
ERROR - 2025-07-16 07:56:14 --> CORS Filter
ERROR - 2025-07-16 07:56:14 --> Origin: http://localhost:4200
ERROR - 2025-07-16 07:56:40 --> CORS Filter
ERROR - 2025-07-16 07:56:40 --> Origin: http://localhost:4200
ERROR - 2025-07-16 07:56:41 --> CORS Filter
ERROR - 2025-07-16 07:56:41 --> Origin: http://localhost:4200
ERROR - 2025-07-16 07:56:41 --> CORS Filter
ERROR - 2025-07-16 07:56:41 --> Origin: http://localhost:4200
ERROR - 2025-07-16 07:56:41 --> CORS Filter
ERROR - 2025-07-16 07:56:41 --> Origin: http://localhost:4200
ERROR - 2025-07-16 07:56:42 --> CORS Filter
ERROR - 2025-07-16 07:56:42 --> Origin: http://localhost:4200
ERROR - 2025-07-16 07:56:42 --> CORS Filter
ERROR - 2025-07-16 07:56:42 --> Origin: http://localhost:4200
ERROR - 2025-07-16 07:56:48 --> CORS Filter
ERROR - 2025-07-16 07:56:48 --> Origin: http://localhost:4200
ERROR - 2025-07-16 07:56:48 --> CORS Filter
ERROR - 2025-07-16 07:56:48 --> Origin: http://localhost:4200
ERROR - 2025-07-16 07:56:49 --> CORS Filter
ERROR - 2025-07-16 07:56:49 --> Origin: http://localhost:4200
ERROR - 2025-07-16 07:56:49 --> CORS Filter
ERROR - 2025-07-16 07:56:49 --> Origin: http://localhost:4200
ERROR - 2025-07-16 07:56:49 --> CORS Filter
ERROR - 2025-07-16 07:56:49 --> Origin: http://localhost:4200
ERROR - 2025-07-16 07:56:49 --> CORS Filter
ERROR - 2025-07-16 07:56:49 --> Origin: http://localhost:4200
ERROR - 2025-07-16 07:57:22 --> CORS Filter
ERROR - 2025-07-16 07:57:22 --> Origin: http://localhost:4200
ERROR - 2025-07-16 07:57:23 --> CORS Filter
ERROR - 2025-07-16 07:57:23 --> Origin: http://localhost:4200
ERROR - 2025-07-16 07:57:23 --> CORS Filter
ERROR - 2025-07-16 07:57:23 --> Origin: http://localhost:4200
ERROR - 2025-07-16 07:57:23 --> CORS Filter
ERROR - 2025-07-16 07:57:23 --> Origin: http://localhost:4200
ERROR - 2025-07-16 07:57:25 --> CORS Filter
ERROR - 2025-07-16 07:57:25 --> Origin: http://localhost:4200
ERROR - 2025-07-16 07:57:25 --> CORS Filter
ERROR - 2025-07-16 07:57:25 --> Origin: http://localhost:4200
ERROR - 2025-07-16 07:58:40 --> CORS Filter
ERROR - 2025-07-16 07:58:40 --> Origin: http://localhost:4200
ERROR - 2025-07-16 07:58:40 --> CORS Filter
ERROR - 2025-07-16 07:58:40 --> Origin: http://localhost:4200
ERROR - 2025-07-16 07:58:40 --> CORS Filter
ERROR - 2025-07-16 07:58:40 --> Origin: http://localhost:4200
ERROR - 2025-07-16 07:58:40 --> CORS Filter
ERROR - 2025-07-16 07:58:40 --> Origin: http://localhost:4200
ERROR - 2025-07-16 07:58:42 --> CORS Filter
ERROR - 2025-07-16 07:58:42 --> Origin: http://localhost:4200
ERROR - 2025-07-16 07:58:42 --> CORS Filter
ERROR - 2025-07-16 07:58:42 --> Origin: http://localhost:4200
ERROR - 2025-07-16 08:15:17 --> CORS Filter
ERROR - 2025-07-16 08:15:17 --> Origin: http://localhost:4200
ERROR - 2025-07-16 08:15:17 --> CORS Filter
ERROR - 2025-07-16 08:15:17 --> Origin: http://localhost:4200
ERROR - 2025-07-16 08:15:19 --> CORS Filter
ERROR - 2025-07-16 08:15:19 --> Origin: http://localhost:4200
ERROR - 2025-07-16 08:15:19 --> CORS Filter
ERROR - 2025-07-16 08:15:19 --> Origin: http://localhost:4200
ERROR - 2025-07-16 08:15:20 --> CORS Filter
ERROR - 2025-07-16 08:15:20 --> Origin: http://localhost:4200
ERROR - 2025-07-16 08:15:20 --> CORS Filter
ERROR - 2025-07-16 08:15:20 --> Origin: http://localhost:4200
ERROR - 2025-07-16 08:19:41 --> CORS Filter
ERROR - 2025-07-16 08:19:41 --> Origin: http://localhost:4200
ERROR - 2025-07-16 08:19:41 --> CORS Filter
ERROR - 2025-07-16 08:19:41 --> Origin: http://localhost:4200
ERROR - 2025-07-16 08:19:42 --> CORS Filter
ERROR - 2025-07-16 08:19:42 --> Origin: http://localhost:4200
ERROR - 2025-07-16 08:19:42 --> CORS Filter
ERROR - 2025-07-16 08:19:42 --> Origin: http://localhost:4200
ERROR - 2025-07-16 08:19:44 --> CORS Filter
ERROR - 2025-07-16 08:19:44 --> Origin: http://localhost:4200
ERROR - 2025-07-16 08:19:45 --> CORS Filter
ERROR - 2025-07-16 08:19:45 --> Origin: http://localhost:4200
ERROR - 2025-07-16 08:21:00 --> CORS Filter
ERROR - 2025-07-16 08:21:00 --> Origin: http://localhost:4200
ERROR - 2025-07-16 08:21:00 --> CORS Filter
ERROR - 2025-07-16 08:21:00 --> Origin: http://localhost:4200
ERROR - 2025-07-16 08:21:00 --> CORS Filter
ERROR - 2025-07-16 08:21:00 --> Origin: http://localhost:4200
ERROR - 2025-07-16 08:21:01 --> CORS Filter
ERROR - 2025-07-16 08:21:01 --> Origin: http://localhost:4200
ERROR - 2025-07-16 08:21:01 --> CORS Filter
ERROR - 2025-07-16 08:21:01 --> Origin: http://localhost:4200
ERROR - 2025-07-16 08:21:01 --> CORS Filter
ERROR - 2025-07-16 08:21:01 --> Origin: http://localhost:4200
ERROR - 2025-07-16 08:22:35 --> CORS Filter
ERROR - 2025-07-16 08:22:35 --> Origin: http://localhost:4200
ERROR - 2025-07-16 08:22:36 --> CORS Filter
ERROR - 2025-07-16 08:22:36 --> Origin: http://localhost:4200
ERROR - 2025-07-16 08:22:37 --> CORS Filter
ERROR - 2025-07-16 08:22:37 --> Origin: http://localhost:4200
ERROR - 2025-07-16 08:22:37 --> CORS Filter
ERROR - 2025-07-16 08:22:37 --> Origin: http://localhost:4200
ERROR - 2025-07-16 08:25:23 --> CORS Filter
ERROR - 2025-07-16 08:25:23 --> Origin: http://localhost:4200
ERROR - 2025-07-16 08:25:23 --> CORS Filter
ERROR - 2025-07-16 08:25:23 --> Origin: http://localhost:4200
ERROR - 2025-07-16 08:25:24 --> CORS Filter
ERROR - 2025-07-16 08:25:24 --> Origin: http://localhost:4200
ERROR - 2025-07-16 08:25:25 --> CORS Filter
ERROR - 2025-07-16 08:25:25 --> Origin: http://localhost:4200
ERROR - 2025-07-16 08:25:25 --> CORS Filter
ERROR - 2025-07-16 08:25:25 --> Origin: http://localhost:4200
ERROR - 2025-07-16 08:25:25 --> CORS Filter
ERROR - 2025-07-16 08:25:25 --> Origin: http://localhost:4200
ERROR - 2025-07-16 08:25:26 --> CORS Filter
ERROR - 2025-07-16 08:25:26 --> Origin: http://localhost:4200
ERROR - 2025-07-16 08:25:26 --> CORS Filter
ERROR - 2025-07-16 08:25:26 --> Origin: http://localhost:4200
ERROR - 2025-07-16 08:25:33 --> CORS Filter
ERROR - 2025-07-16 08:25:33 --> Origin: http://localhost:4200
ERROR - 2025-07-16 08:25:33 --> CORS Filter
ERROR - 2025-07-16 08:25:33 --> Origin: http://localhost:4200
ERROR - 2025-07-16 08:25:34 --> CORS Filter
ERROR - 2025-07-16 08:25:34 --> Origin: http://localhost:4200
ERROR - 2025-07-16 08:25:34 --> CORS Filter
ERROR - 2025-07-16 08:25:34 --> Origin: http://localhost:4200
ERROR - 2025-07-16 08:26:13 --> CORS Filter
ERROR - 2025-07-16 08:26:13 --> Origin: http://localhost:4200
ERROR - 2025-07-16 08:26:13 --> CORS Filter
ERROR - 2025-07-16 08:26:13 --> Origin: http://localhost:4200
ERROR - 2025-07-16 08:26:13 --> CORS Filter
ERROR - 2025-07-16 08:26:13 --> Origin: http://localhost:4200
ERROR - 2025-07-16 08:26:14 --> CORS Filter
ERROR - 2025-07-16 08:26:14 --> Origin: http://localhost:4200
ERROR - 2025-07-16 08:26:34 --> CORS Filter
ERROR - 2025-07-16 08:26:34 --> Origin: http://localhost:4200
ERROR - 2025-07-16 08:26:34 --> CORS Filter
ERROR - 2025-07-16 08:26:34 --> Origin: http://localhost:4200
ERROR - 2025-07-16 08:26:35 --> CORS Filter
ERROR - 2025-07-16 08:26:35 --> Origin: http://localhost:4200
ERROR - 2025-07-16 08:26:35 --> CORS Filter
ERROR - 2025-07-16 08:26:35 --> Origin: http://localhost:4200
ERROR - 2025-07-16 08:32:24 --> CORS Filter
ERROR - 2025-07-16 08:32:24 --> Origin: http://localhost:4200
ERROR - 2025-07-16 08:32:24 --> CORS Filter
ERROR - 2025-07-16 08:32:24 --> Origin: http://localhost:4200
ERROR - 2025-07-16 08:32:24 --> CORS Filter
ERROR - 2025-07-16 08:32:24 --> Origin: http://localhost:4200
ERROR - 2025-07-16 08:32:24 --> CORS Filter
ERROR - 2025-07-16 08:32:24 --> Origin: http://localhost:4200
ERROR - 2025-07-16 08:32:25 --> CORS Filter
ERROR - 2025-07-16 08:32:25 --> Origin: http://localhost:4200
ERROR - 2025-07-16 08:32:25 --> CORS Filter
ERROR - 2025-07-16 08:32:25 --> Origin: http://localhost:4200
ERROR - 2025-07-16 08:32:48 --> CORS Filter
ERROR - 2025-07-16 08:32:48 --> Origin: http://localhost:4200
ERROR - 2025-07-16 08:32:49 --> CORS Filter
ERROR - 2025-07-16 08:32:49 --> Origin: http://localhost:4200
ERROR - 2025-07-16 08:32:49 --> CORS Filter
ERROR - 2025-07-16 08:32:49 --> Origin: http://localhost:4200
ERROR - 2025-07-16 08:32:49 --> CORS Filter
ERROR - 2025-07-16 08:32:49 --> Origin: http://localhost:4200
ERROR - 2025-07-16 08:32:51 --> CORS Filter
ERROR - 2025-07-16 08:32:51 --> Origin: http://localhost:4200
ERROR - 2025-07-16 08:32:52 --> CORS Filter
ERROR - 2025-07-16 08:32:52 --> Origin: http://localhost:4200
ERROR - 2025-07-16 08:35:17 --> CORS Filter
ERROR - 2025-07-16 08:35:17 --> Origin: http://localhost:4200
ERROR - 2025-07-16 08:35:18 --> CORS Filter
ERROR - 2025-07-16 08:35:18 --> Origin: http://localhost:4200
ERROR - 2025-07-16 08:35:18 --> CORS Filter
ERROR - 2025-07-16 08:35:18 --> Origin: http://localhost:4200
ERROR - 2025-07-16 08:35:18 --> CORS Filter
ERROR - 2025-07-16 08:35:18 --> Origin: http://localhost:4200
ERROR - 2025-07-16 08:35:19 --> CORS Filter
ERROR - 2025-07-16 08:35:19 --> Origin: http://localhost:4200
ERROR - 2025-07-16 08:35:19 --> CORS Filter
ERROR - 2025-07-16 08:35:19 --> Origin: http://localhost:4200
ERROR - 2025-07-16 08:35:29 --> CORS Filter
ERROR - 2025-07-16 08:35:29 --> Origin: http://localhost:4200
ERROR - 2025-07-16 08:35:29 --> CORS Filter
ERROR - 2025-07-16 08:35:29 --> Origin: http://localhost:4200
ERROR - 2025-07-16 08:35:30 --> CORS Filter
ERROR - 2025-07-16 08:35:30 --> Origin: http://localhost:4200
ERROR - 2025-07-16 08:35:30 --> CORS Filter
ERROR - 2025-07-16 08:35:30 --> Origin: http://localhost:4200
ERROR - 2025-07-16 08:35:31 --> CORS Filter
ERROR - 2025-07-16 08:35:31 --> Origin: http://localhost:4200
ERROR - 2025-07-16 08:35:31 --> CORS Filter
ERROR - 2025-07-16 08:35:31 --> Origin: http://localhost:4200
ERROR - 2025-07-16 08:39:06 --> CORS Filter
ERROR - 2025-07-16 08:39:06 --> Origin: http://localhost:4200
ERROR - 2025-07-16 08:39:06 --> CORS Filter
ERROR - 2025-07-16 08:39:06 --> Origin: http://localhost:4200
ERROR - 2025-07-16 08:39:06 --> CORS Filter
ERROR - 2025-07-16 08:39:06 --> Origin: http://localhost:4200
ERROR - 2025-07-16 08:39:06 --> CORS Filter
ERROR - 2025-07-16 08:39:06 --> Origin: http://localhost:4200
ERROR - 2025-07-16 08:39:07 --> CORS Filter
ERROR - 2025-07-16 08:39:07 --> Origin: http://localhost:4200
ERROR - 2025-07-16 08:39:07 --> CORS Filter
ERROR - 2025-07-16 08:39:07 --> Origin: http://localhost:4200
ERROR - 2025-07-16 08:41:07 --> CORS Filter
ERROR - 2025-07-16 08:41:07 --> Origin: http://localhost:4200
ERROR - 2025-07-16 08:41:07 --> CORS Filter
ERROR - 2025-07-16 08:41:07 --> Origin: http://localhost:4200
ERROR - 2025-07-16 08:41:07 --> CORS Filter
ERROR - 2025-07-16 08:41:07 --> Origin: http://localhost:4200
ERROR - 2025-07-16 08:41:07 --> CORS Filter
ERROR - 2025-07-16 08:41:07 --> Origin: http://localhost:4200
ERROR - 2025-07-16 08:41:08 --> CORS Filter
ERROR - 2025-07-16 08:41:08 --> Origin: http://localhost:4200
ERROR - 2025-07-16 08:41:09 --> CORS Filter
ERROR - 2025-07-16 08:41:09 --> Origin: http://localhost:4200
ERROR - 2025-07-16 08:41:23 --> CORS Filter
ERROR - 2025-07-16 08:41:23 --> Origin: http://localhost:4200
ERROR - 2025-07-16 08:41:24 --> CORS Filter
ERROR - 2025-07-16 08:41:24 --> Origin: http://localhost:4200
ERROR - 2025-07-16 08:41:25 --> CORS Filter
ERROR - 2025-07-16 08:41:25 --> Origin: http://localhost:4200
ERROR - 2025-07-16 08:41:25 --> CORS Filter
ERROR - 2025-07-16 08:41:25 --> Origin: http://localhost:4200
ERROR - 2025-07-16 08:41:27 --> CORS Filter
ERROR - 2025-07-16 08:41:27 --> Origin: http://localhost:4200
ERROR - 2025-07-16 08:41:27 --> CORS Filter
ERROR - 2025-07-16 08:41:27 --> Origin: http://localhost:4200
ERROR - 2025-07-16 08:43:29 --> CORS Filter
ERROR - 2025-07-16 08:43:29 --> Origin: http://localhost:4200
ERROR - 2025-07-16 08:43:29 --> CORS Filter
ERROR - 2025-07-16 08:43:29 --> Origin: http://localhost:4200
ERROR - 2025-07-16 08:43:30 --> CORS Filter
ERROR - 2025-07-16 08:43:30 --> Origin: http://localhost:4200
ERROR - 2025-07-16 08:43:30 --> CORS Filter
ERROR - 2025-07-16 08:43:30 --> Origin: http://localhost:4200
ERROR - 2025-07-16 08:43:51 --> CORS Filter
ERROR - 2025-07-16 08:43:51 --> Origin: http://localhost:4200
ERROR - 2025-07-16 08:43:52 --> CORS Filter
ERROR - 2025-07-16 08:43:52 --> Origin: http://localhost:4200
ERROR - 2025-07-16 08:43:52 --> CORS Filter
ERROR - 2025-07-16 08:43:52 --> Origin: http://localhost:4200
ERROR - 2025-07-16 08:43:53 --> CORS Filter
ERROR - 2025-07-16 08:43:53 --> Origin: http://localhost:4200
ERROR - 2025-07-16 08:44:04 --> CORS Filter
ERROR - 2025-07-16 08:44:04 --> Origin: http://localhost:4200
ERROR - 2025-07-16 08:44:04 --> CORS Filter
ERROR - 2025-07-16 08:44:04 --> Origin: http://localhost:4200
ERROR - 2025-07-16 08:44:04 --> CORS Filter
ERROR - 2025-07-16 08:44:04 --> Origin: http://localhost:4200
ERROR - 2025-07-16 08:44:05 --> CORS Filter
ERROR - 2025-07-16 08:44:05 --> Origin: http://localhost:4200
ERROR - 2025-07-16 08:46:21 --> CORS Filter
ERROR - 2025-07-16 08:46:21 --> Origin: http://localhost:4200
ERROR - 2025-07-16 08:46:21 --> CORS Filter
ERROR - 2025-07-16 08:46:21 --> Origin: http://localhost:4200
ERROR - 2025-07-16 08:46:21 --> CORS Filter
ERROR - 2025-07-16 08:46:21 --> Origin: http://localhost:4200
ERROR - 2025-07-16 08:46:21 --> CORS Filter
ERROR - 2025-07-16 08:46:21 --> Origin: http://localhost:4200
ERROR - 2025-07-16 08:47:00 --> CORS Filter
ERROR - 2025-07-16 08:47:00 --> Origin: http://localhost:4200
ERROR - 2025-07-16 08:47:00 --> CORS Filter
ERROR - 2025-07-16 08:47:00 --> Origin: http://localhost:4200
ERROR - 2025-07-16 08:47:00 --> CORS Filter
ERROR - 2025-07-16 08:47:00 --> Origin: http://localhost:4200
ERROR - 2025-07-16 08:47:01 --> CORS Filter
ERROR - 2025-07-16 08:47:01 --> Origin: http://localhost:4200
ERROR - 2025-07-16 08:52:06 --> CORS Filter
ERROR - 2025-07-16 08:52:06 --> Origin: http://localhost:4200
ERROR - 2025-07-16 08:52:06 --> CORS Filter
ERROR - 2025-07-16 08:52:06 --> Origin: http://localhost:4200
ERROR - 2025-07-16 08:52:06 --> CORS Filter
ERROR - 2025-07-16 08:52:06 --> Origin: http://localhost:4200
ERROR - 2025-07-16 08:52:07 --> CORS Filter
ERROR - 2025-07-16 08:52:07 --> Origin: http://localhost:4200
ERROR - 2025-07-16 08:55:08 --> CORS Filter
ERROR - 2025-07-16 08:55:08 --> Origin: http://localhost:4200
ERROR - 2025-07-16 08:55:08 --> CORS Filter
ERROR - 2025-07-16 08:55:08 --> Origin: http://localhost:4200
ERROR - 2025-07-16 08:55:08 --> CORS Filter
ERROR - 2025-07-16 08:55:08 --> Origin: http://localhost:4200
ERROR - 2025-07-16 08:55:08 --> CORS Filter
ERROR - 2025-07-16 08:55:08 --> Origin: http://localhost:4200
ERROR - 2025-07-16 08:55:49 --> CORS Filter
ERROR - 2025-07-16 08:55:49 --> Origin: http://localhost:4200
ERROR - 2025-07-16 08:55:49 --> CORS Filter
ERROR - 2025-07-16 08:55:49 --> Origin: http://localhost:4200
ERROR - 2025-07-16 08:55:49 --> CORS Filter
ERROR - 2025-07-16 08:55:49 --> Origin: http://localhost:4200
ERROR - 2025-07-16 08:55:49 --> CORS Filter
ERROR - 2025-07-16 08:55:49 --> Origin: http://localhost:4200
ERROR - 2025-07-16 08:57:39 --> CORS Filter
ERROR - 2025-07-16 08:57:39 --> Origin: http://localhost:4200
ERROR - 2025-07-16 08:57:39 --> CORS Filter
ERROR - 2025-07-16 08:57:39 --> Origin: http://localhost:4200
ERROR - 2025-07-16 08:57:39 --> CORS Filter
ERROR - 2025-07-16 08:57:39 --> Origin: http://localhost:4200
ERROR - 2025-07-16 08:57:39 --> CORS Filter
ERROR - 2025-07-16 08:57:39 --> Origin: http://localhost:4200
ERROR - 2025-07-16 08:57:54 --> CORS Filter
ERROR - 2025-07-16 08:57:54 --> Origin: http://localhost:4200
ERROR - 2025-07-16 08:57:55 --> CORS Filter
ERROR - 2025-07-16 08:57:55 --> Origin: http://localhost:4200
ERROR - 2025-07-16 08:57:55 --> CORS Filter
ERROR - 2025-07-16 08:57:55 --> Origin: http://localhost:4200
ERROR - 2025-07-16 08:57:55 --> CORS Filter
ERROR - 2025-07-16 08:57:55 --> Origin: http://localhost:4200
ERROR - 2025-07-16 08:59:42 --> CORS Filter
ERROR - 2025-07-16 08:59:42 --> Origin: http://localhost:4200
ERROR - 2025-07-16 08:59:42 --> CORS Filter
ERROR - 2025-07-16 08:59:42 --> Origin: http://localhost:4200
ERROR - 2025-07-16 08:59:42 --> CORS Filter
ERROR - 2025-07-16 08:59:42 --> Origin: http://localhost:4200
ERROR - 2025-07-16 08:59:42 --> CORS Filter
ERROR - 2025-07-16 08:59:42 --> Origin: http://localhost:4200
ERROR - 2025-07-16 09:00:06 --> CORS Filter
ERROR - 2025-07-16 09:00:06 --> Origin: http://localhost:4200
ERROR - 2025-07-16 09:00:06 --> CORS Filter
ERROR - 2025-07-16 09:00:06 --> Origin: http://localhost:4200
ERROR - 2025-07-16 09:00:06 --> CORS Filter
ERROR - 2025-07-16 09:00:06 --> Origin: http://localhost:4200
ERROR - 2025-07-16 09:00:06 --> CORS Filter
ERROR - 2025-07-16 09:00:06 --> Origin: http://localhost:4200
ERROR - 2025-07-16 09:00:16 --> CORS Filter
ERROR - 2025-07-16 09:00:16 --> Origin: http://localhost:4200
ERROR - 2025-07-16 09:00:16 --> CORS Filter
ERROR - 2025-07-16 09:00:16 --> Origin: http://localhost:4200
ERROR - 2025-07-16 09:00:17 --> CORS Filter
ERROR - 2025-07-16 09:00:17 --> Origin: http://localhost:4200
ERROR - 2025-07-16 09:00:17 --> CORS Filter
ERROR - 2025-07-16 09:00:17 --> Origin: http://localhost:4200
ERROR - 2025-07-16 09:01:14 --> CORS Filter
ERROR - 2025-07-16 09:01:14 --> Origin: http://localhost:4200
ERROR - 2025-07-16 09:01:15 --> CORS Filter
ERROR - 2025-07-16 09:01:15 --> Origin: http://localhost:4200
ERROR - 2025-07-16 09:01:15 --> CORS Filter
ERROR - 2025-07-16 09:01:15 --> Origin: http://localhost:4200
ERROR - 2025-07-16 09:01:15 --> CORS Filter
ERROR - 2025-07-16 09:01:15 --> Origin: http://localhost:4200
ERROR - 2025-07-16 09:03:40 --> CORS Filter
ERROR - 2025-07-16 09:03:40 --> Origin: http://localhost:4200
ERROR - 2025-07-16 09:03:40 --> CORS Filter
ERROR - 2025-07-16 09:03:40 --> Origin: http://localhost:4200
ERROR - 2025-07-16 09:03:40 --> CORS Filter
ERROR - 2025-07-16 09:03:40 --> Origin: http://localhost:4200
ERROR - 2025-07-16 09:03:40 --> CORS Filter
ERROR - 2025-07-16 09:03:40 --> Origin: http://localhost:4200
ERROR - 2025-07-16 09:05:23 --> CORS Filter
ERROR - 2025-07-16 09:05:23 --> Origin: http://localhost:4200
ERROR - 2025-07-16 09:05:23 --> CORS Filter
ERROR - 2025-07-16 09:05:23 --> Origin: http://localhost:4200
ERROR - 2025-07-16 09:05:24 --> CORS Filter
ERROR - 2025-07-16 09:05:24 --> Origin: http://localhost:4200
ERROR - 2025-07-16 09:05:24 --> CORS Filter
ERROR - 2025-07-16 09:05:24 --> Origin: http://localhost:4200
ERROR - 2025-07-16 09:05:41 --> CORS Filter
ERROR - 2025-07-16 09:05:41 --> Origin: http://localhost:4200
ERROR - 2025-07-16 09:05:42 --> CORS Filter
ERROR - 2025-07-16 09:05:42 --> Origin: http://localhost:4200
ERROR - 2025-07-16 09:05:42 --> CORS Filter
ERROR - 2025-07-16 09:05:42 --> Origin: http://localhost:4200
ERROR - 2025-07-16 09:05:42 --> CORS Filter
ERROR - 2025-07-16 09:05:42 --> Origin: http://localhost:4200
ERROR - 2025-07-16 09:06:17 --> CORS Filter
ERROR - 2025-07-16 09:06:17 --> Origin: http://localhost:4200
ERROR - 2025-07-16 09:06:17 --> CORS Filter
ERROR - 2025-07-16 09:06:17 --> Origin: http://localhost:4200
ERROR - 2025-07-16 09:06:17 --> CORS Filter
ERROR - 2025-07-16 09:06:17 --> Origin: http://localhost:4200
ERROR - 2025-07-16 09:06:18 --> CORS Filter
ERROR - 2025-07-16 09:06:18 --> Origin: http://localhost:4200
ERROR - 2025-07-16 09:13:54 --> CORS Filter
ERROR - 2025-07-16 09:13:54 --> Origin: http://localhost:4200
ERROR - 2025-07-16 09:13:54 --> CORS Filter
ERROR - 2025-07-16 09:13:54 --> Origin: http://localhost:4200
ERROR - 2025-07-16 09:13:54 --> CORS Filter
ERROR - 2025-07-16 09:13:54 --> Origin: http://localhost:4200
ERROR - 2025-07-16 09:13:54 --> CORS Filter
ERROR - 2025-07-16 09:13:54 --> Origin: http://localhost:4200
ERROR - 2025-07-16 09:14:33 --> CORS Filter
ERROR - 2025-07-16 09:14:33 --> Origin: http://localhost:4200
ERROR - 2025-07-16 09:14:33 --> CORS Filter
ERROR - 2025-07-16 09:14:33 --> Origin: http://localhost:4200
ERROR - 2025-07-16 09:14:33 --> CORS Filter
ERROR - 2025-07-16 09:14:33 --> Origin: http://localhost:4200
ERROR - 2025-07-16 09:14:33 --> CORS Filter
ERROR - 2025-07-16 09:14:33 --> Origin: http://localhost:4200
ERROR - 2025-07-16 09:14:47 --> CORS Filter
ERROR - 2025-07-16 09:14:47 --> Origin: http://localhost:4200
ERROR - 2025-07-16 09:14:47 --> CORS Filter
ERROR - 2025-07-16 09:14:47 --> Origin: http://localhost:4200
ERROR - 2025-07-16 09:14:47 --> CORS Filter
ERROR - 2025-07-16 09:14:47 --> Origin: http://localhost:4200
ERROR - 2025-07-16 09:14:47 --> CORS Filter
ERROR - 2025-07-16 09:14:47 --> Origin: http://localhost:4200
ERROR - 2025-07-16 09:14:52 --> CORS Filter
ERROR - 2025-07-16 09:14:52 --> Origin: http://localhost:4200
ERROR - 2025-07-16 09:14:52 --> CORS Filter
ERROR - 2025-07-16 09:14:52 --> Origin: http://localhost:4200
ERROR - 2025-07-16 09:14:56 --> CORS Filter
ERROR - 2025-07-16 09:14:56 --> Origin: http://localhost:4200
ERROR - 2025-07-16 09:14:56 --> CORS Filter
ERROR - 2025-07-16 09:14:56 --> Origin: http://localhost:4200
ERROR - 2025-07-16 09:14:57 --> CORS Filter
ERROR - 2025-07-16 09:14:57 --> Origin: http://localhost:4200
ERROR - 2025-07-16 09:14:57 --> CORS Filter
ERROR - 2025-07-16 09:14:57 --> Origin: http://localhost:4200
ERROR - 2025-07-16 09:15:37 --> CORS Filter
ERROR - 2025-07-16 09:15:37 --> Origin: http://localhost:4200
ERROR - 2025-07-16 09:15:37 --> CORS Filter
ERROR - 2025-07-16 09:15:37 --> Origin: http://localhost:4200
ERROR - 2025-07-16 09:15:37 --> CORS Filter
ERROR - 2025-07-16 09:15:37 --> Origin: http://localhost:4200
ERROR - 2025-07-16 09:15:38 --> CORS Filter
ERROR - 2025-07-16 09:15:38 --> Origin: http://localhost:4200
ERROR - 2025-07-16 09:24:32 --> CORS Filter
ERROR - 2025-07-16 09:24:32 --> Origin: http://localhost:4200
ERROR - 2025-07-16 09:24:32 --> CORS Filter
ERROR - 2025-07-16 09:24:32 --> Origin: http://localhost:4200
ERROR - 2025-07-16 09:24:33 --> CORS Filter
ERROR - 2025-07-16 09:24:33 --> Origin: http://localhost:4200
ERROR - 2025-07-16 09:24:33 --> CORS Filter
ERROR - 2025-07-16 09:24:33 --> Origin: http://localhost:4200
ERROR - 2025-07-16 09:31:36 --> CORS Filter
ERROR - 2025-07-16 09:31:36 --> Origin: http://localhost:4200
ERROR - 2025-07-16 09:31:36 --> CORS Filter
ERROR - 2025-07-16 09:31:36 --> Origin: http://localhost:4200
ERROR - 2025-07-16 09:31:36 --> CORS Filter
ERROR - 2025-07-16 09:31:36 --> Origin: http://localhost:4200
ERROR - 2025-07-16 09:31:37 --> CORS Filter
ERROR - 2025-07-16 09:31:37 --> Origin: http://localhost:4200
ERROR - 2025-07-16 09:31:37 --> CORS Filter
ERROR - 2025-07-16 09:31:37 --> Origin: http://localhost:4200
ERROR - 2025-07-16 09:31:37 --> CORS Filter
ERROR - 2025-07-16 09:31:37 --> Origin: http://localhost:4200
ERROR - 2025-07-16 09:31:37 --> CORS Filter
ERROR - 2025-07-16 09:31:37 --> Origin: http://localhost:4200
ERROR - 2025-07-16 09:31:38 --> CORS Filter
ERROR - 2025-07-16 09:31:38 --> Origin: http://localhost:4200
ERROR - 2025-07-16 09:31:43 --> CORS Filter
ERROR - 2025-07-16 09:31:43 --> Origin: http://localhost:4200
ERROR - 2025-07-16 09:31:44 --> CORS Filter
ERROR - 2025-07-16 09:31:44 --> Origin: http://localhost:4200
ERROR - 2025-07-16 09:31:44 --> CORS Filter
ERROR - 2025-07-16 09:31:44 --> Origin: http://localhost:4200
ERROR - 2025-07-16 09:31:44 --> CORS Filter
ERROR - 2025-07-16 09:31:44 --> Origin: http://localhost:4200
ERROR - 2025-07-16 09:35:01 --> CORS Filter
ERROR - 2025-07-16 09:35:01 --> Origin: http://localhost:4200
ERROR - 2025-07-16 09:35:01 --> CORS Filter
ERROR - 2025-07-16 09:35:01 --> Origin: http://localhost:4200
ERROR - 2025-07-16 09:35:01 --> CORS Filter
ERROR - 2025-07-16 09:35:01 --> Origin: http://localhost:4200
ERROR - 2025-07-16 09:35:01 --> CORS Filter
ERROR - 2025-07-16 09:35:01 --> Origin: http://localhost:4200
ERROR - 2025-07-16 09:35:34 --> CORS Filter
ERROR - 2025-07-16 09:35:34 --> Origin: http://localhost:4200
ERROR - 2025-07-16 09:35:34 --> CORS Filter
ERROR - 2025-07-16 09:35:34 --> Origin: http://localhost:4200
ERROR - 2025-07-16 09:35:34 --> CORS Filter
ERROR - 2025-07-16 09:35:34 --> Origin: http://localhost:4200
ERROR - 2025-07-16 09:35:34 --> CORS Filter
ERROR - 2025-07-16 09:35:34 --> Origin: http://localhost:4200
ERROR - 2025-07-16 09:35:54 --> CORS Filter
ERROR - 2025-07-16 09:35:54 --> Origin: http://localhost:4200
ERROR - 2025-07-16 09:35:54 --> CORS Filter
ERROR - 2025-07-16 09:35:54 --> Origin: http://localhost:4200
ERROR - 2025-07-16 09:35:55 --> CORS Filter
ERROR - 2025-07-16 09:35:55 --> Origin: http://localhost:4200
ERROR - 2025-07-16 09:35:55 --> CORS Filter
ERROR - 2025-07-16 09:35:55 --> Origin: http://localhost:4200
ERROR - 2025-07-16 09:36:15 --> CORS Filter
ERROR - 2025-07-16 09:36:15 --> Origin: http://localhost:4200
ERROR - 2025-07-16 09:36:16 --> CORS Filter
ERROR - 2025-07-16 09:36:16 --> Origin: http://localhost:4200
ERROR - 2025-07-16 09:36:16 --> CORS Filter
ERROR - 2025-07-16 09:36:16 --> Origin: http://localhost:4200
ERROR - 2025-07-16 09:36:16 --> CORS Filter
ERROR - 2025-07-16 09:36:16 --> Origin: http://localhost:4200
ERROR - 2025-07-16 09:36:44 --> CORS Filter
ERROR - 2025-07-16 09:36:44 --> Origin: http://localhost:4200
ERROR - 2025-07-16 09:36:44 --> CORS Filter
ERROR - 2025-07-16 09:36:44 --> Origin: http://localhost:4200
ERROR - 2025-07-16 09:36:44 --> CORS Filter
ERROR - 2025-07-16 09:36:44 --> Origin: http://localhost:4200
ERROR - 2025-07-16 09:36:45 --> CORS Filter
ERROR - 2025-07-16 09:36:45 --> Origin: http://localhost:4200
ERROR - 2025-07-16 09:44:51 --> CORS Filter
ERROR - 2025-07-16 09:44:51 --> Origin: http://localhost:4200
ERROR - 2025-07-16 09:44:51 --> CORS Filter
ERROR - 2025-07-16 09:44:51 --> Origin: http://localhost:4200
ERROR - 2025-07-16 09:44:51 --> CORS Filter
ERROR - 2025-07-16 09:44:51 --> Origin: http://localhost:4200
ERROR - 2025-07-16 09:44:51 --> CORS Filter
ERROR - 2025-07-16 09:44:51 --> Origin: http://localhost:4200
ERROR - 2025-07-16 09:45:11 --> CORS Filter
ERROR - 2025-07-16 09:45:11 --> Origin: http://localhost:4200
ERROR - 2025-07-16 09:45:11 --> CORS Filter
ERROR - 2025-07-16 09:45:11 --> Origin: http://localhost:4200
ERROR - 2025-07-16 09:45:12 --> CORS Filter
ERROR - 2025-07-16 09:45:12 --> Origin: http://localhost:4200
ERROR - 2025-07-16 09:45:12 --> CORS Filter
ERROR - 2025-07-16 09:45:12 --> Origin: http://localhost:4200
ERROR - 2025-07-16 09:46:21 --> CORS Filter
ERROR - 2025-07-16 09:46:21 --> Origin: http://localhost:4200
ERROR - 2025-07-16 09:46:21 --> CORS Filter
ERROR - 2025-07-16 09:46:21 --> Origin: http://localhost:4200
ERROR - 2025-07-16 09:46:21 --> CORS Filter
ERROR - 2025-07-16 09:46:21 --> Origin: http://localhost:4200
ERROR - 2025-07-16 09:46:21 --> CORS Filter
ERROR - 2025-07-16 09:46:21 --> Origin: http://localhost:4200
ERROR - 2025-07-16 09:46:53 --> CORS Filter
ERROR - 2025-07-16 09:46:53 --> Origin: http://localhost:4200
ERROR - 2025-07-16 09:46:54 --> CORS Filter
ERROR - 2025-07-16 09:46:54 --> Origin: http://localhost:4200
ERROR - 2025-07-16 09:46:54 --> CORS Filter
ERROR - 2025-07-16 09:46:54 --> Origin: http://localhost:4200
ERROR - 2025-07-16 09:46:54 --> CORS Filter
ERROR - 2025-07-16 09:46:54 --> Origin: http://localhost:4200
ERROR - 2025-07-16 09:49:01 --> CORS Filter
ERROR - 2025-07-16 09:49:01 --> Origin: http://localhost:4200
ERROR - 2025-07-16 09:49:01 --> CORS Filter
ERROR - 2025-07-16 09:49:01 --> Origin: http://localhost:4200
ERROR - 2025-07-16 09:49:02 --> CORS Filter
ERROR - 2025-07-16 09:49:02 --> Origin: http://localhost:4200
ERROR - 2025-07-16 09:49:02 --> CORS Filter
ERROR - 2025-07-16 09:49:02 --> Origin: http://localhost:4200
ERROR - 2025-07-16 09:51:59 --> CORS Filter
ERROR - 2025-07-16 09:51:59 --> Origin: http://localhost:4200
ERROR - 2025-07-16 09:51:59 --> CORS Filter
ERROR - 2025-07-16 09:51:59 --> Origin: http://localhost:4200
ERROR - 2025-07-16 09:51:59 --> CORS Filter
ERROR - 2025-07-16 09:51:59 --> Origin: http://localhost:4200
ERROR - 2025-07-16 09:51:59 --> CORS Filter
ERROR - 2025-07-16 09:51:59 --> Origin: http://localhost:4200
ERROR - 2025-07-16 09:52:25 --> CORS Filter
ERROR - 2025-07-16 09:52:25 --> Origin: http://localhost:4200
ERROR - 2025-07-16 09:52:25 --> CORS Filter
ERROR - 2025-07-16 09:52:25 --> Origin: http://localhost:4200
ERROR - 2025-07-16 09:54:39 --> CORS Filter
ERROR - 2025-07-16 09:54:39 --> Origin: http://localhost:4200
ERROR - 2025-07-16 09:54:39 --> CORS Filter
ERROR - 2025-07-16 09:54:39 --> Origin: http://localhost:4200
ERROR - 2025-07-16 09:54:43 --> CORS Filter
ERROR - 2025-07-16 09:54:43 --> Origin: http://localhost:4200
ERROR - 2025-07-16 09:54:44 --> CORS Filter
ERROR - 2025-07-16 09:54:44 --> Origin: http://localhost:4200
ERROR - 2025-07-16 09:54:44 --> CORS Filter
ERROR - 2025-07-16 09:54:44 --> Origin: http://localhost:4200
ERROR - 2025-07-16 09:54:44 --> CORS Filter
ERROR - 2025-07-16 09:54:44 --> Origin: http://localhost:4200
ERROR - 2025-07-16 09:54:58 --> CORS Filter
ERROR - 2025-07-16 09:54:58 --> Origin: http://localhost:4200
ERROR - 2025-07-16 09:54:59 --> CORS Filter
ERROR - 2025-07-16 09:54:59 --> Origin: http://localhost:4200
ERROR - 2025-07-16 09:54:59 --> CORS Filter
ERROR - 2025-07-16 09:54:59 --> Origin: http://localhost:4200
ERROR - 2025-07-16 09:54:59 --> CORS Filter
ERROR - 2025-07-16 09:54:59 --> Origin: http://localhost:4200
ERROR - 2025-07-16 09:55:06 --> CORS Filter
ERROR - 2025-07-16 09:55:06 --> Origin: http://localhost:4200
ERROR - 2025-07-16 09:55:06 --> CORS Filter
ERROR - 2025-07-16 09:55:06 --> Origin: http://localhost:4200
ERROR - 2025-07-16 09:55:08 --> CORS Filter
ERROR - 2025-07-16 09:55:08 --> Origin: http://localhost:4200
ERROR - 2025-07-16 09:55:08 --> CORS Filter
ERROR - 2025-07-16 09:55:08 --> Origin: http://localhost:4200
ERROR - 2025-07-16 09:55:08 --> CORS Filter
ERROR - 2025-07-16 09:55:08 --> Origin: http://localhost:4200
ERROR - 2025-07-16 09:55:09 --> CORS Filter
ERROR - 2025-07-16 09:55:09 --> Origin: http://localhost:4200
ERROR - 2025-07-16 09:55:12 --> CORS Filter
ERROR - 2025-07-16 09:55:12 --> Origin: http://localhost:4200
ERROR - 2025-07-16 09:55:12 --> CORS Filter
ERROR - 2025-07-16 09:55:12 --> Origin: http://localhost:4200
ERROR - 2025-07-16 09:55:12 --> CORS Filter
ERROR - 2025-07-16 09:55:12 --> Origin: http://localhost:4200
ERROR - 2025-07-16 10:14:54 --> CORS Filter
ERROR - 2025-07-16 10:14:54 --> Origin: http://localhost:4200
ERROR - 2025-07-16 10:14:54 --> CORS Filter
ERROR - 2025-07-16 10:14:54 --> Origin: http://localhost:4200
ERROR - 2025-07-16 10:14:54 --> CORS Filter
ERROR - 2025-07-16 10:14:54 --> Origin: http://localhost:4200
ERROR - 2025-07-16 10:14:54 --> CORS Filter
ERROR - 2025-07-16 10:14:54 --> Origin: http://localhost:4200
ERROR - 2025-07-16 10:15:11 --> CORS Filter
ERROR - 2025-07-16 10:15:11 --> Origin: http://localhost:4200
ERROR - 2025-07-16 10:15:11 --> CORS Filter
ERROR - 2025-07-16 10:15:11 --> Origin: http://localhost:4200
ERROR - 2025-07-16 10:15:15 --> CORS Filter
ERROR - 2025-07-16 10:15:15 --> Origin: http://localhost:4200
ERROR - 2025-07-16 10:15:15 --> CORS Filter
ERROR - 2025-07-16 10:15:15 --> Origin: http://localhost:4200
ERROR - 2025-07-16 10:15:15 --> CORS Filter
ERROR - 2025-07-16 10:15:15 --> Origin: http://localhost:4200
ERROR - 2025-07-16 10:15:15 --> CORS Filter
ERROR - 2025-07-16 10:15:15 --> Origin: http://localhost:4200
ERROR - 2025-07-16 10:16:07 --> CORS Filter
ERROR - 2025-07-16 10:16:07 --> Origin: http://localhost:4200
ERROR - 2025-07-16 10:16:07 --> CORS Filter
ERROR - 2025-07-16 10:16:07 --> Origin: http://localhost:4200
ERROR - 2025-07-16 10:16:07 --> CORS Filter
ERROR - 2025-07-16 10:16:07 --> Origin: http://localhost:4200
ERROR - 2025-07-16 10:16:07 --> CORS Filter
ERROR - 2025-07-16 10:16:07 --> Origin: http://localhost:4200
ERROR - 2025-07-16 10:16:08 --> CORS Filter
ERROR - 2025-07-16 10:16:08 --> Origin: http://localhost:4200
ERROR - 2025-07-16 10:16:08 --> CORS Filter
ERROR - 2025-07-16 10:16:08 --> Origin: http://localhost:4200
ERROR - 2025-07-16 10:16:09 --> CORS Filter
ERROR - 2025-07-16 10:16:09 --> Origin: http://localhost:4200
ERROR - 2025-07-16 10:16:09 --> CORS Filter
ERROR - 2025-07-16 10:16:09 --> Origin: http://localhost:4200
ERROR - 2025-07-16 10:16:12 --> CORS Filter
ERROR - 2025-07-16 10:16:12 --> Origin: http://localhost:4200
ERROR - 2025-07-16 10:16:12 --> CORS Filter
ERROR - 2025-07-16 10:16:12 --> Origin: http://localhost:4200
ERROR - 2025-07-16 10:16:13 --> CORS Filter
ERROR - 2025-07-16 10:16:13 --> Origin: http://localhost:4200
ERROR - 2025-07-16 10:16:13 --> CORS Filter
ERROR - 2025-07-16 10:16:13 --> Origin: http://localhost:4200
ERROR - 2025-07-16 10:16:18 --> CORS Filter
ERROR - 2025-07-16 10:16:18 --> Origin: http://localhost:4200
ERROR - 2025-07-16 10:16:18 --> CORS Filter
ERROR - 2025-07-16 10:16:18 --> Origin: http://localhost:4200
ERROR - 2025-07-16 10:16:18 --> CORS Filter
ERROR - 2025-07-16 10:16:18 --> Origin: http://localhost:4200
ERROR - 2025-07-16 10:16:18 --> CORS Filter
ERROR - 2025-07-16 10:16:18 --> Origin: http://localhost:4200
ERROR - 2025-07-16 10:19:05 --> CORS Filter
ERROR - 2025-07-16 10:19:05 --> Origin: http://localhost:4200
ERROR - 2025-07-16 10:19:06 --> CORS Filter
ERROR - 2025-07-16 10:19:06 --> Origin: http://localhost:4200
ERROR - 2025-07-16 10:19:06 --> CORS Filter
ERROR - 2025-07-16 10:19:06 --> Origin: http://localhost:4200
ERROR - 2025-07-16 10:19:06 --> CORS Filter
ERROR - 2025-07-16 10:19:06 --> Origin: http://localhost:4200
ERROR - 2025-07-16 10:19:14 --> CORS Filter
ERROR - 2025-07-16 10:19:14 --> Origin: http://localhost:4200
ERROR - 2025-07-16 10:19:15 --> CORS Filter
ERROR - 2025-07-16 10:19:15 --> Origin: http://localhost:4200
ERROR - 2025-07-16 10:20:54 --> CORS Filter
ERROR - 2025-07-16 10:20:54 --> Origin: http://localhost:4200
ERROR - 2025-07-16 10:20:54 --> CORS Filter
ERROR - 2025-07-16 10:20:54 --> Origin: http://localhost:4200
ERROR - 2025-07-16 10:20:55 --> CORS Filter
ERROR - 2025-07-16 10:20:55 --> Origin: http://localhost:4200
ERROR - 2025-07-16 10:20:55 --> CORS Filter
ERROR - 2025-07-16 10:20:55 --> Origin: http://localhost:4200
ERROR - 2025-07-16 10:20:55 --> CORS Filter
ERROR - 2025-07-16 10:20:55 --> Origin: http://localhost:4200
ERROR - 2025-07-16 10:20:56 --> CORS Filter
ERROR - 2025-07-16 10:20:56 --> Origin: http://localhost:4200
ERROR - 2025-07-16 10:20:59 --> CORS Filter
ERROR - 2025-07-16 10:20:59 --> Origin: http://localhost:4200
ERROR - 2025-07-16 10:21:00 --> CORS Filter
ERROR - 2025-07-16 10:21:00 --> Origin: http://localhost:4200
ERROR - 2025-07-16 10:21:00 --> CORS Filter
ERROR - 2025-07-16 10:21:00 --> Origin: http://localhost:4200
ERROR - 2025-07-16 10:21:40 --> CORS Filter
ERROR - 2025-07-16 10:21:40 --> Origin: http://localhost:4200
ERROR - 2025-07-16 10:21:40 --> CORS Filter
ERROR - 2025-07-16 10:21:40 --> Origin: http://localhost:4200
ERROR - 2025-07-16 10:21:40 --> CORS Filter
ERROR - 2025-07-16 10:21:40 --> Origin: http://localhost:4200
ERROR - 2025-07-16 10:21:40 --> CORS Filter
ERROR - 2025-07-16 10:21:40 --> Origin: http://localhost:4200
ERROR - 2025-07-16 10:21:45 --> CORS Filter
ERROR - 2025-07-16 10:21:45 --> Origin: http://localhost:4200
ERROR - 2025-07-16 10:21:45 --> CORS Filter
ERROR - 2025-07-16 10:21:45 --> Origin: http://localhost:4200
ERROR - 2025-07-16 10:21:46 --> CORS Filter
ERROR - 2025-07-16 10:21:46 --> Origin: http://localhost:4200
ERROR - 2025-07-16 10:21:46 --> CORS Filter
ERROR - 2025-07-16 10:21:46 --> Origin: http://localhost:4200
ERROR - 2025-07-16 10:31:31 --> CORS Filter
ERROR - 2025-07-16 10:31:31 --> Origin: http://localhost:4200
ERROR - 2025-07-16 10:31:31 --> CORS Filter
ERROR - 2025-07-16 10:31:31 --> Origin: http://localhost:4200
ERROR - 2025-07-16 10:31:31 --> CORS Filter
ERROR - 2025-07-16 10:31:31 --> Origin: http://localhost:4200
ERROR - 2025-07-16 10:31:31 --> CORS Filter
ERROR - 2025-07-16 10:31:31 --> Origin: http://localhost:4200
ERROR - 2025-07-16 10:31:31 --> CORS Filter
ERROR - 2025-07-16 10:31:31 --> Origin: http://localhost:4200
ERROR - 2025-07-16 10:31:32 --> CORS Filter
ERROR - 2025-07-16 10:31:32 --> Origin: http://localhost:4200
ERROR - 2025-07-16 10:31:32 --> CORS Filter
ERROR - 2025-07-16 10:31:32 --> Origin: http://localhost:4200
ERROR - 2025-07-16 10:31:32 --> CORS Filter
ERROR - 2025-07-16 10:31:32 --> Origin: http://localhost:4200
ERROR - 2025-07-16 10:31:32 --> CORS Filter
ERROR - 2025-07-16 10:31:32 --> Origin: http://localhost:4200
ERROR - 2025-07-16 10:53:13 --> CORS Filter
ERROR - 2025-07-16 10:53:13 --> Origin: http://localhost:4200
ERROR - 2025-07-16 10:53:13 --> CORS Filter
ERROR - 2025-07-16 10:53:13 --> Origin: http://localhost:4200
ERROR - 2025-07-16 10:53:13 --> CORS Filter
ERROR - 2025-07-16 10:53:13 --> Origin: http://localhost:4200
ERROR - 2025-07-16 10:53:13 --> CORS Filter
ERROR - 2025-07-16 10:53:13 --> Origin: http://localhost:4200
ERROR - 2025-07-16 10:53:14 --> CORS Filter
ERROR - 2025-07-16 10:53:14 --> Origin: http://localhost:4200
ERROR - 2025-07-16 10:53:14 --> CORS Filter
ERROR - 2025-07-16 10:53:14 --> Origin: http://localhost:4200
ERROR - 2025-07-16 10:53:14 --> CORS Filter
ERROR - 2025-07-16 10:53:14 --> Origin: http://localhost:4200
ERROR - 2025-07-16 10:53:14 --> CORS Filter
ERROR - 2025-07-16 10:53:14 --> Origin: http://localhost:4200
ERROR - 2025-07-16 10:53:15 --> CORS Filter
ERROR - 2025-07-16 10:53:15 --> Origin: http://localhost:4200
ERROR - 2025-07-16 10:53:15 --> CORS Filter
ERROR - 2025-07-16 10:53:15 --> Origin: http://localhost:4200
ERROR - 2025-07-16 10:53:15 --> CORS Filter
ERROR - 2025-07-16 10:53:15 --> Origin: http://localhost:4200
ERROR - 2025-07-16 10:53:15 --> CORS Filter
ERROR - 2025-07-16 10:53:15 --> Origin: http://localhost:4200
ERROR - 2025-07-16 10:53:19 --> CORS Filter
ERROR - 2025-07-16 10:53:19 --> Origin: http://localhost:4200
ERROR - 2025-07-16 10:53:19 --> CORS Filter
ERROR - 2025-07-16 10:53:19 --> Origin: http://localhost:4200
ERROR - 2025-07-16 10:54:39 --> CORS Filter
ERROR - 2025-07-16 10:54:39 --> Origin: http://localhost:4200
ERROR - 2025-07-16 10:54:39 --> CORS Filter
ERROR - 2025-07-16 10:54:39 --> Origin: http://localhost:4200
ERROR - 2025-07-16 10:54:39 --> CORS Filter
ERROR - 2025-07-16 10:54:39 --> Origin: http://localhost:4200
ERROR - 2025-07-16 10:54:39 --> CORS Filter
ERROR - 2025-07-16 10:54:39 --> Origin: http://localhost:4200
ERROR - 2025-07-16 10:59:30 --> CORS Filter
ERROR - 2025-07-16 10:59:30 --> Origin: http://localhost:4200
ERROR - 2025-07-16 10:59:30 --> CORS Filter
ERROR - 2025-07-16 10:59:30 --> Origin: http://localhost:4200
ERROR - 2025-07-16 10:59:31 --> CORS Filter
ERROR - 2025-07-16 10:59:31 --> Origin: http://localhost:4200
ERROR - 2025-07-16 10:59:31 --> CORS Filter
ERROR - 2025-07-16 10:59:31 --> Origin: http://localhost:4200
ERROR - 2025-07-16 11:53:09 --> CORS Filter
ERROR - 2025-07-16 11:53:09 --> Origin: http://localhost:4200
ERROR - 2025-07-16 11:53:09 --> CORS Filter
ERROR - 2025-07-16 11:53:09 --> Origin: http://localhost:4200
ERROR - 2025-07-16 11:53:09 --> CORS Filter
ERROR - 2025-07-16 11:53:09 --> Origin: http://localhost:4200
ERROR - 2025-07-16 11:53:09 --> CORS Filter
ERROR - 2025-07-16 11:53:09 --> Origin: http://localhost:4200
ERROR - 2025-07-16 11:53:09 --> CORS Filter
ERROR - 2025-07-16 11:53:09 --> Origin: http://localhost:4200
ERROR - 2025-07-16 11:53:10 --> CORS Filter
ERROR - 2025-07-16 11:53:10 --> Origin: http://localhost:4200
ERROR - 2025-07-16 11:53:10 --> CORS Filter
ERROR - 2025-07-16 11:53:10 --> Origin: http://localhost:4200
ERROR - 2025-07-16 11:53:10 --> CORS Filter
ERROR - 2025-07-16 11:53:10 --> Origin: http://localhost:4200
ERROR - 2025-07-16 11:53:10 --> CORS Filter
ERROR - 2025-07-16 11:53:10 --> Origin: http://localhost:4200
ERROR - 2025-07-16 12:33:12 --> CORS Filter
ERROR - 2025-07-16 12:33:12 --> Origin: http://localhost:4200
ERROR - 2025-07-16 12:33:12 --> CORS Filter
ERROR - 2025-07-16 12:33:12 --> Origin: http://localhost:4200
ERROR - 2025-07-16 12:33:13 --> CORS Filter
ERROR - 2025-07-16 12:33:13 --> Origin: http://localhost:4200
ERROR - 2025-07-16 12:33:13 --> CORS Filter
ERROR - 2025-07-16 12:33:13 --> Origin: http://localhost:4200
ERROR - 2025-07-16 12:33:14 --> CORS Filter
ERROR - 2025-07-16 12:33:14 --> Origin: http://localhost:4200
ERROR - 2025-07-16 12:33:14 --> CORS Filter
ERROR - 2025-07-16 12:33:14 --> Origin: http://localhost:4200
ERROR - 2025-07-16 12:33:14 --> CORS Filter
ERROR - 2025-07-16 12:33:14 --> Origin: http://localhost:4200
ERROR - 2025-07-16 12:33:14 --> CORS Filter
ERROR - 2025-07-16 12:33:14 --> Origin: http://localhost:4200
ERROR - 2025-07-16 12:33:24 --> CORS Filter
ERROR - 2025-07-16 12:33:24 --> Origin: http://localhost:4200
ERROR - 2025-07-16 12:33:24 --> CORS Filter
ERROR - 2025-07-16 12:33:24 --> Origin: http://localhost:4200
ERROR - 2025-07-16 12:33:24 --> CORS Filter
ERROR - 2025-07-16 12:33:24 --> Origin: http://localhost:4200
ERROR - 2025-07-16 12:33:25 --> CORS Filter
ERROR - 2025-07-16 12:33:25 --> Origin: http://localhost:4200
ERROR - 2025-07-16 12:33:32 --> CORS Filter
ERROR - 2025-07-16 12:33:32 --> Origin: http://localhost:4200
ERROR - 2025-07-16 12:33:32 --> CORS Filter
ERROR - 2025-07-16 12:33:32 --> Origin: http://localhost:4200
ERROR - 2025-07-16 12:33:32 --> CORS Filter
ERROR - 2025-07-16 12:33:32 --> Origin: http://localhost:4200
ERROR - 2025-07-16 12:33:32 --> CORS Filter
ERROR - 2025-07-16 12:33:32 --> Origin: http://localhost:4200
ERROR - 2025-07-16 12:33:46 --> CORS Filter
ERROR - 2025-07-16 12:33:46 --> Origin: http://localhost:4200
ERROR - 2025-07-16 12:33:47 --> CORS Filter
ERROR - 2025-07-16 12:33:47 --> Origin: http://localhost:4200
ERROR - 2025-07-16 12:33:47 --> CORS Filter
ERROR - 2025-07-16 12:33:47 --> Origin: http://localhost:4200
ERROR - 2025-07-16 12:33:47 --> CORS Filter
ERROR - 2025-07-16 12:33:47 --> Origin: http://localhost:4200
ERROR - 2025-07-16 12:33:59 --> CORS Filter
ERROR - 2025-07-16 12:33:59 --> Origin: http://localhost:4200
ERROR - 2025-07-16 12:33:59 --> CORS Filter
ERROR - 2025-07-16 12:33:59 --> Origin: http://localhost:4200
ERROR - 2025-07-16 12:33:59 --> CORS Filter
ERROR - 2025-07-16 12:33:59 --> Origin: http://localhost:4200
ERROR - 2025-07-16 12:34:00 --> CORS Filter
ERROR - 2025-07-16 12:34:00 --> Origin: http://localhost:4200
ERROR - 2025-07-16 12:34:11 --> CORS Filter
ERROR - 2025-07-16 12:34:11 --> Origin: http://localhost:4200
ERROR - 2025-07-16 12:34:11 --> CORS Filter
ERROR - 2025-07-16 12:34:11 --> Origin: http://localhost:4200
ERROR - 2025-07-16 12:34:11 --> CORS Filter
ERROR - 2025-07-16 12:34:11 --> Origin: http://localhost:4200
ERROR - 2025-07-16 12:34:11 --> CORS Filter
ERROR - 2025-07-16 12:34:11 --> Origin: http://localhost:4200
ERROR - 2025-07-16 12:34:16 --> CORS Filter
ERROR - 2025-07-16 12:34:16 --> Origin: http://localhost:4200
ERROR - 2025-07-16 12:34:16 --> CORS Filter
ERROR - 2025-07-16 12:34:16 --> Origin: http://localhost:4200
ERROR - 2025-07-16 12:34:16 --> CORS Filter
ERROR - 2025-07-16 12:34:16 --> Origin: http://localhost:4200
ERROR - 2025-07-16 12:34:20 --> CORS Filter
ERROR - 2025-07-16 12:34:20 --> Origin: http://localhost:4200
ERROR - 2025-07-16 12:34:21 --> CORS Filter
ERROR - 2025-07-16 12:34:21 --> Origin: http://localhost:4200
ERROR - 2025-07-16 12:34:21 --> CORS Filter
ERROR - 2025-07-16 12:34:21 --> Origin: http://localhost:4200
ERROR - 2025-07-16 12:34:21 --> CORS Filter
ERROR - 2025-07-16 12:34:21 --> Origin: http://localhost:4200
ERROR - 2025-07-16 12:34:28 --> CORS Filter
ERROR - 2025-07-16 12:34:28 --> Origin: http://localhost:4200
ERROR - 2025-07-16 12:34:28 --> CORS Filter
ERROR - 2025-07-16 12:34:28 --> Origin: http://localhost:4200
ERROR - 2025-07-16 12:34:28 --> CORS Filter
ERROR - 2025-07-16 12:34:28 --> Origin: http://localhost:4200
ERROR - 2025-07-16 12:34:29 --> CORS Filter
ERROR - 2025-07-16 12:34:29 --> Origin: http://localhost:4200
ERROR - 2025-07-16 12:36:33 --> CORS Filter
ERROR - 2025-07-16 12:36:33 --> Origin: http://localhost:4200
ERROR - 2025-07-16 12:36:33 --> CORS Filter
ERROR - 2025-07-16 12:36:33 --> Origin: http://localhost:4200
ERROR - 2025-07-16 12:36:33 --> CORS Filter
ERROR - 2025-07-16 12:36:33 --> Origin: http://localhost:4200
ERROR - 2025-07-16 12:36:33 --> CORS Filter
ERROR - 2025-07-16 12:36:33 --> Origin: http://localhost:4200
ERROR - 2025-07-16 12:36:43 --> CORS Filter
ERROR - 2025-07-16 12:36:43 --> Origin: http://localhost:4200
ERROR - 2025-07-16 12:36:43 --> CORS Filter
ERROR - 2025-07-16 12:36:43 --> Origin: http://localhost:4200
ERROR - 2025-07-16 12:36:43 --> CORS Filter
ERROR - 2025-07-16 12:36:43 --> Origin: http://localhost:4200
ERROR - 2025-07-16 12:36:44 --> CORS Filter
ERROR - 2025-07-16 12:36:44 --> Origin: http://localhost:4200
ERROR - 2025-07-16 12:36:49 --> CORS Filter
ERROR - 2025-07-16 12:36:49 --> Origin: http://localhost:4200
ERROR - 2025-07-16 12:36:49 --> CORS Filter
ERROR - 2025-07-16 12:36:49 --> Origin: http://localhost:4200
ERROR - 2025-07-16 12:36:49 --> CORS Filter
ERROR - 2025-07-16 12:36:49 --> Origin: http://localhost:4200
ERROR - 2025-07-16 12:36:49 --> CORS Filter
ERROR - 2025-07-16 12:36:49 --> Origin: http://localhost:4200
ERROR - 2025-07-16 12:38:17 --> CORS Filter
ERROR - 2025-07-16 12:38:17 --> Origin: http://localhost:4200
ERROR - 2025-07-16 12:38:17 --> CORS Filter
ERROR - 2025-07-16 12:38:17 --> Origin: http://localhost:4200
ERROR - 2025-07-16 12:38:18 --> CORS Filter
ERROR - 2025-07-16 12:38:18 --> Origin: http://localhost:4200
ERROR - 2025-07-16 12:38:18 --> CORS Filter
ERROR - 2025-07-16 12:38:18 --> Origin: http://localhost:4200
ERROR - 2025-07-16 12:41:28 --> CORS Filter
ERROR - 2025-07-16 12:41:28 --> Origin: http://localhost:4200
ERROR - 2025-07-16 12:41:28 --> CORS Filter
ERROR - 2025-07-16 12:41:28 --> Origin: http://localhost:4200
ERROR - 2025-07-16 12:41:28 --> CORS Filter
ERROR - 2025-07-16 12:41:28 --> Origin: http://localhost:4200
ERROR - 2025-07-16 12:41:28 --> CORS Filter
ERROR - 2025-07-16 12:41:28 --> Origin: http://localhost:4200
ERROR - 2025-07-16 12:41:51 --> CORS Filter
ERROR - 2025-07-16 12:41:51 --> Origin: http://localhost:4200
ERROR - 2025-07-16 12:41:51 --> CORS Filter
ERROR - 2025-07-16 12:41:51 --> Origin: http://localhost:4200
ERROR - 2025-07-16 12:41:51 --> CORS Filter
ERROR - 2025-07-16 12:41:51 --> Origin: http://localhost:4200
ERROR - 2025-07-16 12:41:52 --> CORS Filter
ERROR - 2025-07-16 12:41:52 --> Origin: http://localhost:4200
ERROR - 2025-07-16 12:42:09 --> CORS Filter
ERROR - 2025-07-16 12:42:09 --> Origin: http://localhost:4200
ERROR - 2025-07-16 12:42:09 --> CORS Filter
ERROR - 2025-07-16 12:42:09 --> Origin: http://localhost:4200
ERROR - 2025-07-16 12:42:09 --> CORS Filter
ERROR - 2025-07-16 12:42:09 --> Origin: http://localhost:4200
ERROR - 2025-07-16 12:42:10 --> CORS Filter
ERROR - 2025-07-16 12:42:10 --> Origin: http://localhost:4200
ERROR - 2025-07-16 12:42:14 --> CORS Filter
ERROR - 2025-07-16 12:42:14 --> Origin: http://localhost:4200
ERROR - 2025-07-16 12:42:14 --> CORS Filter
ERROR - 2025-07-16 12:42:14 --> Origin: http://localhost:4200
ERROR - 2025-07-16 12:42:14 --> CORS Filter
ERROR - 2025-07-16 12:42:14 --> Origin: http://localhost:4200
ERROR - 2025-07-16 12:42:15 --> CORS Filter
ERROR - 2025-07-16 12:42:15 --> Origin: http://localhost:4200
ERROR - 2025-07-16 12:42:16 --> CORS Filter
ERROR - 2025-07-16 12:42:16 --> Origin: http://localhost:4200
ERROR - 2025-07-16 12:42:16 --> CORS Filter
ERROR - 2025-07-16 12:42:16 --> Origin: http://localhost:4200
ERROR - 2025-07-16 12:42:16 --> CORS Filter
ERROR - 2025-07-16 12:42:16 --> Origin: http://localhost:4200
ERROR - 2025-07-16 12:42:37 --> CORS Filter
ERROR - 2025-07-16 12:42:37 --> Origin: http://localhost:4200
ERROR - 2025-07-16 12:42:37 --> CORS Filter
ERROR - 2025-07-16 12:42:37 --> Origin: http://localhost:4200
ERROR - 2025-07-16 12:42:37 --> CORS Filter
ERROR - 2025-07-16 12:42:37 --> Origin: http://localhost:4200
ERROR - 2025-07-16 12:42:37 --> CORS Filter
ERROR - 2025-07-16 12:42:37 --> Origin: http://localhost:4200
ERROR - 2025-07-16 12:42:48 --> CORS Filter
ERROR - 2025-07-16 12:42:48 --> Origin: http://localhost:4200
ERROR - 2025-07-16 12:42:49 --> CORS Filter
ERROR - 2025-07-16 12:42:49 --> Origin: http://localhost:4200
ERROR - 2025-07-16 12:42:49 --> CORS Filter
ERROR - 2025-07-16 12:42:49 --> Origin: http://localhost:4200
ERROR - 2025-07-16 12:42:49 --> CORS Filter
ERROR - 2025-07-16 12:42:49 --> Origin: http://localhost:4200
ERROR - 2025-07-16 12:42:50 --> CORS Filter
ERROR - 2025-07-16 12:42:50 --> Origin: http://localhost:4200
ERROR - 2025-07-16 12:42:50 --> CORS Filter
ERROR - 2025-07-16 12:42:50 --> Origin: http://localhost:4200
ERROR - 2025-07-16 12:42:53 --> CORS Filter
ERROR - 2025-07-16 12:42:53 --> Origin: http://localhost:4200
ERROR - 2025-07-16 12:42:54 --> CORS Filter
ERROR - 2025-07-16 12:42:54 --> Origin: http://localhost:4200
ERROR - 2025-07-16 12:43:01 --> CORS Filter
ERROR - 2025-07-16 12:43:01 --> Origin: http://localhost:4200
ERROR - 2025-07-16 12:43:01 --> CORS Filter
ERROR - 2025-07-16 12:43:01 --> Origin: http://localhost:4200
ERROR - 2025-07-16 12:43:01 --> CORS Filter
ERROR - 2025-07-16 12:43:01 --> Origin: http://localhost:4200
ERROR - 2025-07-16 12:43:01 --> CORS Filter
ERROR - 2025-07-16 12:43:01 --> Origin: http://localhost:4200
ERROR - 2025-07-16 12:43:56 --> CORS Filter
ERROR - 2025-07-16 12:43:56 --> Origin: http://localhost:4200
ERROR - 2025-07-16 12:43:56 --> CORS Filter
ERROR - 2025-07-16 12:43:56 --> Origin: http://localhost:4200
ERROR - 2025-07-16 12:43:56 --> CORS Filter
ERROR - 2025-07-16 12:43:56 --> Origin: http://localhost:4200
ERROR - 2025-07-16 12:43:56 --> CORS Filter
ERROR - 2025-07-16 12:43:56 --> Origin: http://localhost:4200
ERROR - 2025-07-16 12:44:04 --> CORS Filter
ERROR - 2025-07-16 12:44:04 --> Origin: http://localhost:4200
ERROR - 2025-07-16 12:44:04 --> CORS Filter
ERROR - 2025-07-16 12:44:04 --> Origin: http://localhost:4200
ERROR - 2025-07-16 12:44:04 --> CORS Filter
ERROR - 2025-07-16 12:44:04 --> Origin: http://localhost:4200
ERROR - 2025-07-16 12:44:04 --> CORS Filter
ERROR - 2025-07-16 12:44:04 --> Origin: http://localhost:4200
