ERROR - 2025-09-03 04:05:03 --> CORS Filter
ERROR - 2025-09-03 04:05:03 --> Origin: http://localhost:4200
ERROR - 2025-09-03 04:05:04 --> CORS Filter
ERROR - 2025-09-03 04:05:04 --> Origin: http://localhost:4200
ERROR - 2025-09-03 04:05:11 --> CORS Filter
ERROR - 2025-09-03 04:05:11 --> Origin: http://localhost:4200
ERROR - 2025-09-03 04:05:11 --> CORS Filter
ERROR - 2025-09-03 04:05:11 --> Origin: http://localhost:4200
ERROR - 2025-09-03 04:05:11 --> CORS Filter
ERROR - 2025-09-03 04:05:11 --> Origin: http://localhost:4200
ERROR - 2025-09-03 04:05:12 --> CORS Filter
ERROR - 2025-09-03 04:05:12 --> Origin: http://localhost:4200
ERROR - 2025-09-03 04:10:17 --> CORS Filter
ERROR - 2025-09-03 04:10:17 --> Origin: http://localhost:4200
ERROR - 2025-09-03 04:10:18 --> CORS Filter
ERROR - 2025-09-03 04:10:18 --> Origin: http://localhost:4200
ERROR - 2025-09-03 04:14:14 --> CORS Filter
ERROR - 2025-09-03 04:14:14 --> Origin: http://localhost:4200
ERROR - 2025-09-03 04:14:15 --> CORS Filter
ERROR - 2025-09-03 04:14:15 --> Origin: http://localhost:4200
ERROR - 2025-09-03 04:14:16 --> CORS Filter
ERROR - 2025-09-03 04:14:16 --> Origin: http://localhost:4200
ERROR - 2025-09-03 04:14:16 --> CORS Filter
ERROR - 2025-09-03 04:14:16 --> Origin: http://localhost:4200
ERROR - 2025-09-03 04:15:00 --> CORS Filter
ERROR - 2025-09-03 04:15:00 --> Origin: http://localhost:4200
ERROR - 2025-09-03 04:15:00 --> CORS Filter
ERROR - 2025-09-03 04:15:00 --> Origin: http://localhost:4200
ERROR - 2025-09-03 04:15:06 --> CORS Filter
ERROR - 2025-09-03 04:15:06 --> Origin: http://localhost:4200
ERROR - 2025-09-03 04:15:06 --> CORS Filter
ERROR - 2025-09-03 04:15:06 --> Origin: http://localhost:4200
ERROR - 2025-09-03 04:15:06 --> CORS Filter
ERROR - 2025-09-03 04:15:06 --> Origin: http://localhost:4200
ERROR - 2025-09-03 04:15:06 --> CORS Filter
ERROR - 2025-09-03 04:15:06 --> Origin: http://localhost:4200
ERROR - 2025-09-03 04:15:07 --> CORS Filter
ERROR - 2025-09-03 04:15:07 --> Origin: http://localhost:4200
ERROR - 2025-09-03 04:15:07 --> CORS Filter
ERROR - 2025-09-03 04:15:07 --> Origin: http://localhost:4200
ERROR - 2025-09-03 04:20:21 --> CORS Filter
ERROR - 2025-09-03 04:20:21 --> Origin: http://localhost:4200
ERROR - 2025-09-03 04:20:21 --> CORS Filter
ERROR - 2025-09-03 04:20:22 --> Origin: http://localhost:4200
ERROR - 2025-09-03 04:20:22 --> CORS Filter
ERROR - 2025-09-03 04:20:22 --> Origin: http://localhost:4200
ERROR - 2025-09-03 04:20:23 --> CORS Filter
ERROR - 2025-09-03 04:20:23 --> Origin: http://localhost:4200
ERROR - 2025-09-03 04:20:25 --> CORS Filter
ERROR - 2025-09-03 04:20:25 --> Origin: http://localhost:4200
ERROR - 2025-09-03 04:20:25 --> CORS Filter
ERROR - 2025-09-03 04:20:25 --> Origin: http://localhost:4200
ERROR - 2025-09-03 04:23:25 --> CORS Filter
ERROR - 2025-09-03 04:23:25 --> Origin: http://localhost:4200
ERROR - 2025-09-03 04:23:26 --> CORS Filter
ERROR - 2025-09-03 04:23:26 --> Origin: http://localhost:4200
ERROR - 2025-09-03 04:23:27 --> CORS Filter
ERROR - 2025-09-03 04:23:27 --> Origin: http://localhost:4200
ERROR - 2025-09-03 04:23:27 --> CORS Filter
ERROR - 2025-09-03 04:23:27 --> Origin: http://localhost:4200
ERROR - 2025-09-03 04:24:38 --> CORS Filter
ERROR - 2025-09-03 04:24:38 --> Origin: http://localhost:4200
ERROR - 2025-09-03 04:24:39 --> CORS Filter
ERROR - 2025-09-03 04:24:39 --> Origin: http://localhost:4200
ERROR - 2025-09-03 04:24:40 --> CORS Filter
ERROR - 2025-09-03 04:24:40 --> Origin: http://localhost:4200
ERROR - 2025-09-03 04:24:40 --> CORS Filter
ERROR - 2025-09-03 04:24:40 --> Origin: http://localhost:4200
ERROR - 2025-09-03 04:33:17 --> CORS Filter
ERROR - 2025-09-03 04:33:17 --> Origin: http://localhost:4200
ERROR - 2025-09-03 04:33:20 --> CORS Filter
ERROR - 2025-09-03 04:33:20 --> Origin: http://localhost:4200
ERROR - 2025-09-03 04:33:21 --> CORS Filter
ERROR - 2025-09-03 04:33:21 --> Origin: http://localhost:4200
ERROR - 2025-09-03 04:33:22 --> CORS Filter
ERROR - 2025-09-03 04:33:22 --> Origin: http://localhost:4200
ERROR - 2025-09-03 04:33:25 --> CORS Filter
ERROR - 2025-09-03 04:33:25 --> Origin: http://localhost:4200
ERROR - 2025-09-03 04:33:26 --> CORS Filter
ERROR - 2025-09-03 04:33:26 --> Origin: http://localhost:4200
ERROR - 2025-09-03 04:34:12 --> CORS Filter
ERROR - 2025-09-03 04:34:12 --> Origin: http://localhost:4200
ERROR - 2025-09-03 04:34:12 --> CORS Filter
ERROR - 2025-09-03 04:34:12 --> Origin: http://localhost:4200
ERROR - 2025-09-03 04:34:59 --> CORS Filter
ERROR - 2025-09-03 04:34:59 --> Origin: http://localhost:4200
ERROR - 2025-09-03 04:34:59 --> CORS Filter
ERROR - 2025-09-03 04:34:59 --> Origin: http://localhost:4200
ERROR - 2025-09-03 04:35:00 --> CORS Filter
ERROR - 2025-09-03 04:35:00 --> Origin: http://localhost:4200
ERROR - 2025-09-03 04:35:01 --> CORS Filter
ERROR - 2025-09-03 04:35:01 --> Origin: http://localhost:4200
ERROR - 2025-09-03 04:35:02 --> CORS Filter
ERROR - 2025-09-03 04:35:02 --> Origin: http://localhost:4200
ERROR - 2025-09-03 04:35:02 --> CORS Filter
ERROR - 2025-09-03 04:35:02 --> Origin: http://localhost:4200
ERROR - 2025-09-03 04:35:50 --> CORS Filter
ERROR - 2025-09-03 04:35:50 --> Origin: http://localhost:4200
ERROR - 2025-09-03 04:35:50 --> CORS Filter
ERROR - 2025-09-03 04:35:50 --> Origin: http://localhost:4200
ERROR - 2025-09-03 04:35:57 --> CORS Filter
ERROR - 2025-09-03 04:35:57 --> Origin: http://localhost:4200
ERROR - 2025-09-03 04:35:58 --> CORS Filter
ERROR - 2025-09-03 04:35:58 --> Origin: http://localhost:4200
ERROR - 2025-09-03 04:35:58 --> CORS Filter
ERROR - 2025-09-03 04:35:58 --> Origin: http://localhost:4200
ERROR - 2025-09-03 04:35:59 --> CORS Filter
ERROR - 2025-09-03 04:35:59 --> Origin: http://localhost:4200
ERROR - 2025-09-03 04:36:04 --> CORS Filter
ERROR - 2025-09-03 04:36:04 --> Origin: http://localhost:4200
ERROR - 2025-09-03 04:36:05 --> CORS Filter
ERROR - 2025-09-03 04:36:05 --> Origin: http://localhost:4200
ERROR - 2025-09-03 04:36:07 --> CORS Filter
ERROR - 2025-09-03 04:36:07 --> Origin: http://localhost:4200
ERROR - 2025-09-03 04:36:07 --> CORS Filter
ERROR - 2025-09-03 04:36:07 --> Origin: http://localhost:4200
ERROR - 2025-09-03 04:36:14 --> CORS Filter
ERROR - 2025-09-03 04:36:14 --> Origin: http://localhost:4200
ERROR - 2025-09-03 04:36:14 --> CORS Filter
ERROR - 2025-09-03 04:36:14 --> Origin: http://localhost:4200
ERROR - 2025-09-03 04:36:47 --> CORS Filter
ERROR - 2025-09-03 04:36:47 --> Origin: http://localhost:4200
ERROR - 2025-09-03 04:36:48 --> CORS Filter
ERROR - 2025-09-03 04:36:48 --> Origin: http://localhost:4200
ERROR - 2025-09-03 04:36:48 --> CORS Filter
ERROR - 2025-09-03 04:36:48 --> Origin: http://localhost:4200
ERROR - 2025-09-03 04:36:49 --> CORS Filter
ERROR - 2025-09-03 04:36:49 --> Origin: http://localhost:4200
ERROR - 2025-09-03 04:38:54 --> CORS Filter
ERROR - 2025-09-03 04:38:54 --> Origin: http://localhost:4200
ERROR - 2025-09-03 04:38:55 --> CORS Filter
ERROR - 2025-09-03 04:38:55 --> Origin: http://localhost:4200
ERROR - 2025-09-03 04:38:56 --> CORS Filter
ERROR - 2025-09-03 04:38:56 --> Origin: http://localhost:4200
ERROR - 2025-09-03 04:38:56 --> CORS Filter
ERROR - 2025-09-03 04:38:56 --> Origin: http://localhost:4200
ERROR - 2025-09-03 04:38:59 --> CORS Filter
ERROR - 2025-09-03 04:38:59 --> Origin: http://localhost:4200
ERROR - 2025-09-03 04:38:59 --> CORS Filter
ERROR - 2025-09-03 04:38:59 --> Origin: http://localhost:4200
ERROR - 2025-09-03 04:39:16 --> CORS Filter
ERROR - 2025-09-03 04:39:16 --> Origin: http://localhost:4200
ERROR - 2025-09-03 04:39:16 --> CORS Filter
ERROR - 2025-09-03 04:39:16 --> Origin: http://localhost:4200
ERROR - 2025-09-03 04:42:47 --> CORS Filter
ERROR - 2025-09-03 04:42:47 --> Origin: http://localhost:4200
ERROR - 2025-09-03 04:42:47 --> CORS Filter
ERROR - 2025-09-03 04:42:48 --> Origin: http://localhost:4200
ERROR - 2025-09-03 04:42:48 --> CORS Filter
ERROR - 2025-09-03 04:42:48 --> Origin: http://localhost:4200
ERROR - 2025-09-03 04:42:49 --> CORS Filter
ERROR - 2025-09-03 04:42:49 --> Origin: http://localhost:4200
ERROR - 2025-09-03 04:42:51 --> CORS Filter
ERROR - 2025-09-03 04:42:51 --> Origin: http://localhost:4200
ERROR - 2025-09-03 04:42:52 --> CORS Filter
ERROR - 2025-09-03 04:42:52 --> Origin: http://localhost:4200
ERROR - 2025-09-03 04:43:10 --> CORS Filter
ERROR - 2025-09-03 04:43:10 --> Origin: http://localhost:4200
ERROR - 2025-09-03 04:43:10 --> CORS Filter
ERROR - 2025-09-03 04:43:10 --> Origin: http://localhost:4200
CRITICAL - 2025-09-03 04:43:10 --> ErrorException: Undefined variable $insertedData
[Method: POST, Route: api/item/import]
in APPPATH\Controllers\Item.php on line 1173.
 1 APPPATH\Controllers\Item.php(1173): CodeIgniter\Debug\Exceptions->errorHandler(2, 'Undefined variable $insertedData', 'C:\\xampp\\htdocs\\exiaa-material-api\\app\\Controllers\\Item.php', 1173)
 2 SYSTEMPATH\CodeIgniter.php(933): App\Controllers\Item->importExcel()
 3 SYSTEMPATH\CodeIgniter.php(509): CodeIgniter\CodeIgniter->runController(Object(App\Controllers\Item))
 4 SYSTEMPATH\CodeIgniter.php(355): CodeIgniter\CodeIgniter->handleRequest(null, Object(Config\Cache), false)
 5 SYSTEMPATH\Boot.php(334): CodeIgniter\CodeIgniter->run()
 6 SYSTEMPATH\Boot.php(67): CodeIgniter\Boot::runCodeIgniter(Object(CodeIgniter\CodeIgniter))
 7 FCPATH\index.php(56): CodeIgniter\Boot::bootWeb(Object(Config\Paths))
 8 SYSTEMPATH\rewrite.php(44): require_once('C:\\xampp\\htdocs\\exiaa-material-api\\public\\index.php')
ERROR - 2025-09-03 04:45:05 --> CORS Filter
ERROR - 2025-09-03 04:45:05 --> Origin: http://localhost:4200
ERROR - 2025-09-03 04:45:06 --> CORS Filter
ERROR - 2025-09-03 04:45:06 --> Origin: http://localhost:4200
ERROR - 2025-09-03 04:45:07 --> CORS Filter
ERROR - 2025-09-03 04:45:07 --> Origin: http://localhost:4200
ERROR - 2025-09-03 04:45:08 --> CORS Filter
ERROR - 2025-09-03 04:45:08 --> Origin: http://localhost:4200
ERROR - 2025-09-03 04:45:10 --> CORS Filter
ERROR - 2025-09-03 04:45:10 --> Origin: http://localhost:4200
ERROR - 2025-09-03 04:45:11 --> CORS Filter
ERROR - 2025-09-03 04:45:11 --> Origin: http://localhost:4200
ERROR - 2025-09-03 04:45:21 --> CORS Filter
ERROR - 2025-09-03 04:45:21 --> Origin: http://localhost:4200
ERROR - 2025-09-03 04:45:22 --> CORS Filter
ERROR - 2025-09-03 04:45:22 --> Origin: http://localhost:4200
ERROR - 2025-09-03 04:52:48 --> CORS Filter
ERROR - 2025-09-03 04:52:48 --> Origin: http://localhost:4200
ERROR - 2025-09-03 04:52:50 --> CORS Filter
ERROR - 2025-09-03 04:52:50 --> Origin: http://localhost:4200
ERROR - 2025-09-03 04:52:50 --> Inside getAllItemCategory function
ERROR - 2025-09-03 04:52:50 --> Tenant Header: {"DSN":"","hostname":"localhost","username":"root","password":"","database":"exiaa_ex0010","DBDriver":"MySQLi","DBPrefix":"","pConnect":false,"DBDebug":true,"charset":"utf8","DBCollat":"utf8_general_ci","swapPre":"","encrypt":false,"compress":false,"strictOn":false,"failover":[],"port":3306}
ERROR - 2025-09-03 04:57:35 --> CORS Filter
ERROR - 2025-09-03 04:57:35 --> Origin: http://localhost:4200
ERROR - 2025-09-03 04:57:35 --> CORS Filter
ERROR - 2025-09-03 04:57:35 --> Origin: http://localhost:4200
ERROR - 2025-09-03 05:05:03 --> CORS Filter
ERROR - 2025-09-03 05:05:03 --> Origin: http://localhost:4200
ERROR - 2025-09-03 05:05:04 --> CORS Filter
ERROR - 2025-09-03 05:05:04 --> Origin: http://localhost:4200
ERROR - 2025-09-03 05:05:04 --> CORS Filter
ERROR - 2025-09-03 05:05:04 --> Origin: http://localhost:4200
ERROR - 2025-09-03 05:05:04 --> CORS Filter
ERROR - 2025-09-03 05:05:04 --> Origin: http://localhost:4200
ERROR - 2025-09-03 05:05:05 --> CORS Filter
ERROR - 2025-09-03 05:05:05 --> Origin: http://localhost:4200
ERROR - 2025-09-03 05:05:05 --> CORS Filter
ERROR - 2025-09-03 05:05:05 --> Origin: http://localhost:4200
ERROR - 2025-09-03 05:31:57 --> CORS Filter
ERROR - 2025-09-03 05:31:57 --> Origin: http://localhost:4200
ERROR - 2025-09-03 05:31:57 --> CORS Filter
ERROR - 2025-09-03 05:31:57 --> Origin: http://localhost:4200
ERROR - 2025-09-03 05:31:58 --> CORS Filter
ERROR - 2025-09-03 05:31:58 --> Origin: http://localhost:4200
ERROR - 2025-09-03 05:31:58 --> CORS Filter
ERROR - 2025-09-03 05:31:58 --> Origin: http://localhost:4200
ERROR - 2025-09-03 05:31:58 --> CORS Filter
ERROR - 2025-09-03 05:31:58 --> Origin: http://localhost:4200
ERROR - 2025-09-03 05:31:58 --> CORS Filter
ERROR - 2025-09-03 05:31:58 --> Origin: http://localhost:4200
ERROR - 2025-09-03 05:31:58 --> CORS Filter
ERROR - 2025-09-03 05:31:58 --> Origin: http://localhost:4200
ERROR - 2025-09-03 05:31:58 --> CORS Filter
ERROR - 2025-09-03 05:31:58 --> Origin: http://localhost:4200
ERROR - 2025-09-03 05:32:09 --> CORS Filter
ERROR - 2025-09-03 05:32:09 --> Origin: http://localhost:4200
ERROR - 2025-09-03 05:32:09 --> CORS Filter
ERROR - 2025-09-03 05:32:09 --> Origin: http://localhost:4200
ERROR - 2025-09-03 05:32:48 --> CORS Filter
ERROR - 2025-09-03 05:32:48 --> Origin: http://localhost:4200
ERROR - 2025-09-03 05:32:48 --> CORS Filter
ERROR - 2025-09-03 05:32:48 --> Origin: http://localhost:4200
ERROR - 2025-09-03 05:32:48 --> Inside getAllItemCategory function
ERROR - 2025-09-03 05:32:48 --> Tenant Header: {"DSN":"","hostname":"localhost","username":"root","password":"","database":"exiaa_ex0010","DBDriver":"MySQLi","DBPrefix":"","pConnect":false,"DBDebug":true,"charset":"utf8","DBCollat":"utf8_general_ci","swapPre":"","encrypt":false,"compress":false,"strictOn":false,"failover":[],"port":3306}
ERROR - 2025-09-03 06:10:11 --> CORS Filter
ERROR - 2025-09-03 06:10:11 --> Origin: http://localhost:4200
ERROR - 2025-09-03 06:10:12 --> CORS Filter
ERROR - 2025-09-03 06:10:12 --> Origin: http://localhost:4200
ERROR - 2025-09-03 06:10:13 --> CORS Filter
ERROR - 2025-09-03 06:10:13 --> Origin: http://localhost:4200
ERROR - 2025-09-03 06:10:13 --> CORS Filter
ERROR - 2025-09-03 06:10:13 --> Origin: http://localhost:4200
ERROR - 2025-09-03 06:10:14 --> CORS Filter
ERROR - 2025-09-03 06:10:14 --> Origin: http://localhost:4200
ERROR - 2025-09-03 06:10:14 --> CORS Filter
ERROR - 2025-09-03 06:10:14 --> Origin: http://localhost:4200
ERROR - 2025-09-03 06:10:14 --> Inside getAllItemCategory function
ERROR - 2025-09-03 06:10:14 --> Tenant Header: {"DSN":"","hostname":"localhost","username":"root","password":"","database":"exiaa_ex0010","DBDriver":"MySQLi","DBPrefix":"","pConnect":false,"DBDebug":true,"charset":"utf8","DBCollat":"utf8_general_ci","swapPre":"","encrypt":false,"compress":false,"strictOn":false,"failover":[],"port":3306}
ERROR - 2025-09-03 06:16:15 --> CORS Filter
ERROR - 2025-09-03 06:16:15 --> Origin: http://localhost:4200
ERROR - 2025-09-03 06:16:15 --> CORS Filter
ERROR - 2025-09-03 06:16:15 --> Origin: http://localhost:4200
ERROR - 2025-09-03 06:16:15 --> CORS Filter
ERROR - 2025-09-03 06:16:15 --> Origin: http://localhost:4200
ERROR - 2025-09-03 06:16:15 --> CORS Filter
ERROR - 2025-09-03 06:16:15 --> Origin: http://localhost:4200
ERROR - 2025-09-03 06:17:08 --> CORS Filter
ERROR - 2025-09-03 06:17:08 --> Origin: http://localhost:4200
ERROR - 2025-09-03 06:17:08 --> CORS Filter
ERROR - 2025-09-03 06:17:08 --> Origin: http://localhost:4200
ERROR - 2025-09-03 06:17:08 --> CORS Filter
ERROR - 2025-09-03 06:17:08 --> Origin: http://localhost:4200
ERROR - 2025-09-03 06:17:08 --> CORS Filter
ERROR - 2025-09-03 06:17:08 --> Origin: http://localhost:4200
ERROR - 2025-09-03 06:22:30 --> CORS Filter
ERROR - 2025-09-03 06:22:30 --> Origin: http://localhost:4200
ERROR - 2025-09-03 06:22:30 --> CORS Filter
ERROR - 2025-09-03 06:22:30 --> Origin: http://localhost:4200
ERROR - 2025-09-03 06:22:30 --> CORS Filter
ERROR - 2025-09-03 06:22:30 --> Origin: http://localhost:4200
ERROR - 2025-09-03 06:22:30 --> CORS Filter
ERROR - 2025-09-03 06:22:30 --> Origin: http://localhost:4200
ERROR - 2025-09-03 06:22:38 --> CORS Filter
ERROR - 2025-09-03 06:22:38 --> Origin: http://localhost:4200
ERROR - 2025-09-03 06:22:38 --> CORS Filter
ERROR - 2025-09-03 06:22:38 --> Origin: http://localhost:4200
ERROR - 2025-09-03 06:22:38 --> Inside getAllItemCategory function
ERROR - 2025-09-03 06:22:38 --> Tenant Header: {"DSN":"","hostname":"localhost","username":"root","password":"","database":"exiaa_ex0010","DBDriver":"MySQLi","DBPrefix":"","pConnect":false,"DBDebug":true,"charset":"utf8","DBCollat":"utf8_general_ci","swapPre":"","encrypt":false,"compress":false,"strictOn":false,"failover":[],"port":3306}
ERROR - 2025-09-03 06:34:52 --> CORS Filter
ERROR - 2025-09-03 06:34:52 --> Origin: http://localhost:4200
ERROR - 2025-09-03 06:34:52 --> CORS Filter
ERROR - 2025-09-03 06:34:52 --> Origin: http://localhost:4200
ERROR - 2025-09-03 06:34:52 --> CORS Filter
ERROR - 2025-09-03 06:34:52 --> Origin: http://localhost:4200
ERROR - 2025-09-03 06:34:52 --> CORS Filter
ERROR - 2025-09-03 06:34:52 --> Origin: http://localhost:4200
ERROR - 2025-09-03 06:34:53 --> CORS Filter
ERROR - 2025-09-03 06:34:53 --> Origin: http://localhost:4200
ERROR - 2025-09-03 06:34:53 --> CORS Filter
ERROR - 2025-09-03 06:34:53 --> Origin: http://localhost:4200
ERROR - 2025-09-03 06:34:59 --> CORS Filter
ERROR - 2025-09-03 06:34:59 --> Origin: http://localhost:4200
ERROR - 2025-09-03 06:34:59 --> CORS Filter
ERROR - 2025-09-03 06:34:59 --> Origin: http://localhost:4200
ERROR - 2025-09-03 06:34:59 --> Inside getAllItemCategory function
ERROR - 2025-09-03 06:34:59 --> Tenant Header: {"DSN":"","hostname":"localhost","username":"root","password":"","database":"exiaa_ex0010","DBDriver":"MySQLi","DBPrefix":"","pConnect":false,"DBDebug":true,"charset":"utf8","DBCollat":"utf8_general_ci","swapPre":"","encrypt":false,"compress":false,"strictOn":false,"failover":[],"port":3306}
ERROR - 2025-09-03 06:35:09 --> CORS Filter
ERROR - 2025-09-03 06:35:09 --> Origin: http://localhost:4200
ERROR - 2025-09-03 06:35:09 --> CORS Filter
ERROR - 2025-09-03 06:35:09 --> Origin: http://localhost:4200
ERROR - 2025-09-03 06:35:10 --> CORS Filter
ERROR - 2025-09-03 06:35:10 --> Origin: http://localhost:4200
ERROR - 2025-09-03 06:35:10 --> CORS Filter
ERROR - 2025-09-03 06:35:10 --> Origin: http://localhost:4200
ERROR - 2025-09-03 06:35:14 --> CORS Filter
ERROR - 2025-09-03 06:35:14 --> Origin: http://localhost:4200
ERROR - 2025-09-03 06:35:14 --> CORS Filter
ERROR - 2025-09-03 06:35:14 --> Origin: http://localhost:4200
ERROR - 2025-09-03 06:35:14 --> Inside getAllItemCategory function
ERROR - 2025-09-03 06:35:14 --> Tenant Header: {"DSN":"","hostname":"localhost","username":"root","password":"","database":"exiaa_ex0010","DBDriver":"MySQLi","DBPrefix":"","pConnect":false,"DBDebug":true,"charset":"utf8","DBCollat":"utf8_general_ci","swapPre":"","encrypt":false,"compress":false,"strictOn":false,"failover":[],"port":3306}
ERROR - 2025-09-03 06:36:03 --> CORS Filter
ERROR - 2025-09-03 06:36:03 --> Origin: http://localhost:4200
ERROR - 2025-09-03 06:36:03 --> CORS Filter
ERROR - 2025-09-03 06:36:03 --> Origin: http://localhost:4200
ERROR - 2025-09-03 06:36:03 --> CORS Filter
ERROR - 2025-09-03 06:36:03 --> Origin: http://localhost:4200
ERROR - 2025-09-03 06:36:04 --> CORS Filter
ERROR - 2025-09-03 06:36:04 --> Origin: http://localhost:4200
ERROR - 2025-09-03 06:36:04 --> CORS Filter
ERROR - 2025-09-03 06:36:04 --> Origin: http://localhost:4200
ERROR - 2025-09-03 06:36:04 --> CORS Filter
ERROR - 2025-09-03 06:36:04 --> Origin: http://localhost:4200
ERROR - 2025-09-03 06:36:04 --> Inside getAllItemCategory function
ERROR - 2025-09-03 06:36:04 --> Tenant Header: {"DSN":"","hostname":"localhost","username":"root","password":"","database":"exiaa_ex0010","DBDriver":"MySQLi","DBPrefix":"","pConnect":false,"DBDebug":true,"charset":"utf8","DBCollat":"utf8_general_ci","swapPre":"","encrypt":false,"compress":false,"strictOn":false,"failover":[],"port":3306}
ERROR - 2025-09-03 06:36:43 --> CORS Filter
ERROR - 2025-09-03 06:36:43 --> Origin: http://localhost:4200
ERROR - 2025-09-03 06:36:44 --> CORS Filter
ERROR - 2025-09-03 06:36:44 --> Origin: http://localhost:4200
ERROR - 2025-09-03 06:36:44 --> CORS Filter
ERROR - 2025-09-03 06:36:44 --> Origin: http://localhost:4200
ERROR - 2025-09-03 06:36:44 --> CORS Filter
ERROR - 2025-09-03 06:36:44 --> Origin: http://localhost:4200
ERROR - 2025-09-03 06:36:45 --> CORS Filter
ERROR - 2025-09-03 06:36:45 --> Origin: http://localhost:4200
ERROR - 2025-09-03 06:36:45 --> CORS Filter
ERROR - 2025-09-03 06:36:45 --> Origin: http://localhost:4200
ERROR - 2025-09-03 06:36:45 --> Inside getAllItemCategory function
ERROR - 2025-09-03 06:36:45 --> Tenant Header: {"DSN":"","hostname":"localhost","username":"root","password":"","database":"exiaa_ex0010","DBDriver":"MySQLi","DBPrefix":"","pConnect":false,"DBDebug":true,"charset":"utf8","DBCollat":"utf8_general_ci","swapPre":"","encrypt":false,"compress":false,"strictOn":false,"failover":[],"port":3306}
ERROR - 2025-09-03 06:36:49 --> CORS Filter
ERROR - 2025-09-03 06:36:49 --> Origin: http://localhost:4200
ERROR - 2025-09-03 06:36:49 --> CORS Filter
ERROR - 2025-09-03 06:36:49 --> Origin: http://localhost:4200
ERROR - 2025-09-03 06:36:50 --> CORS Filter
ERROR - 2025-09-03 06:36:50 --> Origin: http://localhost:4200
ERROR - 2025-09-03 06:36:50 --> CORS Filter
ERROR - 2025-09-03 06:36:50 --> Origin: http://localhost:4200
ERROR - 2025-09-03 06:36:51 --> CORS Filter
ERROR - 2025-09-03 06:36:51 --> Origin: http://localhost:4200
ERROR - 2025-09-03 06:36:51 --> CORS Filter
ERROR - 2025-09-03 06:36:51 --> Origin: http://localhost:4200
ERROR - 2025-09-03 06:36:51 --> Inside getAllItemCategory function
ERROR - 2025-09-03 06:36:51 --> Tenant Header: {"DSN":"","hostname":"localhost","username":"root","password":"","database":"exiaa_ex0010","DBDriver":"MySQLi","DBPrefix":"","pConnect":false,"DBDebug":true,"charset":"utf8","DBCollat":"utf8_general_ci","swapPre":"","encrypt":false,"compress":false,"strictOn":false,"failover":[],"port":3306}
ERROR - 2025-09-03 06:36:53 --> CORS Filter
ERROR - 2025-09-03 06:36:53 --> Origin: http://localhost:4200
ERROR - 2025-09-03 06:36:53 --> CORS Filter
ERROR - 2025-09-03 06:36:53 --> Origin: http://localhost:4200
ERROR - 2025-09-03 06:36:54 --> CORS Filter
ERROR - 2025-09-03 06:36:54 --> Origin: http://localhost:4200
ERROR - 2025-09-03 06:36:54 --> Inside getAllItemCategory function
ERROR - 2025-09-03 06:36:54 --> Tenant Header: {"DSN":"","hostname":"localhost","username":"root","password":"","database":"exiaa_ex0010","DBDriver":"MySQLi","DBPrefix":"","pConnect":false,"DBDebug":true,"charset":"utf8","DBCollat":"utf8_general_ci","swapPre":"","encrypt":false,"compress":false,"strictOn":false,"failover":[],"port":3306}
ERROR - 2025-09-03 06:37:09 --> CORS Filter
ERROR - 2025-09-03 06:37:09 --> Origin: http://localhost:4200
ERROR - 2025-09-03 06:37:09 --> CORS Filter
ERROR - 2025-09-03 06:37:09 --> Origin: http://localhost:4200
ERROR - 2025-09-03 06:37:09 --> Inside getAllItemCategory function
ERROR - 2025-09-03 06:37:09 --> Tenant Header: {"DSN":"","hostname":"localhost","username":"root","password":"","database":"exiaa_ex0010","DBDriver":"MySQLi","DBPrefix":"","pConnect":false,"DBDebug":true,"charset":"utf8","DBCollat":"utf8_general_ci","swapPre":"","encrypt":false,"compress":false,"strictOn":false,"failover":[],"port":3306}
ERROR - 2025-09-03 06:46:07 --> CORS Filter
ERROR - 2025-09-03 06:46:07 --> Origin: http://localhost:4200
ERROR - 2025-09-03 06:46:07 --> CORS Filter
ERROR - 2025-09-03 06:46:07 --> Origin: http://localhost:4200
ERROR - 2025-09-03 06:46:08 --> CORS Filter
ERROR - 2025-09-03 06:46:08 --> Origin: http://localhost:4200
ERROR - 2025-09-03 06:46:08 --> CORS Filter
ERROR - 2025-09-03 06:46:08 --> Origin: http://localhost:4200
ERROR - 2025-09-03 06:46:13 --> CORS Filter
ERROR - 2025-09-03 06:46:13 --> Origin: http://localhost:4200
ERROR - 2025-09-03 06:46:13 --> CORS Filter
ERROR - 2025-09-03 06:46:13 --> Origin: http://localhost:4200
ERROR - 2025-09-03 06:46:13 --> Inside getAllItemCategory function
ERROR - 2025-09-03 06:46:13 --> Tenant Header: {"DSN":"","hostname":"localhost","username":"root","password":"","database":"exiaa_ex0010","DBDriver":"MySQLi","DBPrefix":"","pConnect":false,"DBDebug":true,"charset":"utf8","DBCollat":"utf8_general_ci","swapPre":"","encrypt":false,"compress":false,"strictOn":false,"failover":[],"port":3306}
ERROR - 2025-09-03 06:54:26 --> CORS Filter
ERROR - 2025-09-03 06:54:26 --> Origin: http://localhost:4200
ERROR - 2025-09-03 06:54:26 --> CORS Filter
ERROR - 2025-09-03 06:54:26 --> Origin: http://localhost:4200
ERROR - 2025-09-03 06:54:26 --> CORS Filter
ERROR - 2025-09-03 06:54:26 --> Origin: http://localhost:4200
ERROR - 2025-09-03 06:54:26 --> CORS Filter
ERROR - 2025-09-03 06:54:26 --> Origin: http://localhost:4200
ERROR - 2025-09-03 07:03:58 --> CORS Filter
ERROR - 2025-09-03 07:03:58 --> Origin: http://localhost:4200
ERROR - 2025-09-03 07:03:58 --> CORS Filter
ERROR - 2025-09-03 07:03:58 --> Origin: http://localhost:4200
ERROR - 2025-09-03 07:03:58 --> Inside getAllItemCategory function
ERROR - 2025-09-03 07:03:58 --> Tenant Header: {"DSN":"","hostname":"localhost","username":"root","password":"","database":"exiaa_ex0010","DBDriver":"MySQLi","DBPrefix":"","pConnect":false,"DBDebug":true,"charset":"utf8","DBCollat":"utf8_general_ci","swapPre":"","encrypt":false,"compress":false,"strictOn":false,"failover":[],"port":3306}
ERROR - 2025-09-03 07:05:36 --> CORS Filter
ERROR - 2025-09-03 07:05:36 --> Origin: http://localhost:4200
ERROR - 2025-09-03 07:05:37 --> CORS Filter
ERROR - 2025-09-03 07:05:37 --> Origin: http://localhost:4200
ERROR - 2025-09-03 07:05:37 --> CORS Filter
ERROR - 2025-09-03 07:05:37 --> Origin: http://localhost:4200
ERROR - 2025-09-03 07:05:37 --> CORS Filter
ERROR - 2025-09-03 07:05:37 --> Origin: http://localhost:4200
ERROR - 2025-09-03 07:05:38 --> CORS Filter
ERROR - 2025-09-03 07:05:38 --> Origin: http://localhost:4200
ERROR - 2025-09-03 07:05:38 --> CORS Filter
ERROR - 2025-09-03 07:05:38 --> Origin: http://localhost:4200
ERROR - 2025-09-03 07:05:38 --> Inside getAllItemCategory function
ERROR - 2025-09-03 07:05:38 --> Tenant Header: {"DSN":"","hostname":"localhost","username":"root","password":"","database":"exiaa_ex0010","DBDriver":"MySQLi","DBPrefix":"","pConnect":false,"DBDebug":true,"charset":"utf8","DBCollat":"utf8_general_ci","swapPre":"","encrypt":false,"compress":false,"strictOn":false,"failover":[],"port":3306}
ERROR - 2025-09-03 07:14:06 --> CORS Filter
ERROR - 2025-09-03 07:14:06 --> Origin: http://localhost:4200
ERROR - 2025-09-03 07:14:06 --> CORS Filter
ERROR - 2025-09-03 07:14:06 --> Origin: http://localhost:4200
ERROR - 2025-09-03 07:14:06 --> CORS Filter
ERROR - 2025-09-03 07:14:06 --> Origin: http://localhost:4200
ERROR - 2025-09-03 07:14:06 --> CORS Filter
ERROR - 2025-09-03 07:14:06 --> Origin: http://localhost:4200
ERROR - 2025-09-03 07:15:56 --> CORS Filter
ERROR - 2025-09-03 07:15:56 --> Origin: http://localhost:4200
ERROR - 2025-09-03 07:15:56 --> CORS Filter
ERROR - 2025-09-03 07:15:56 --> Origin: http://localhost:4200
ERROR - 2025-09-03 07:15:56 --> CORS Filter
ERROR - 2025-09-03 07:15:56 --> Origin: http://localhost:4200
ERROR - 2025-09-03 07:15:56 --> CORS Filter
ERROR - 2025-09-03 07:15:56 --> Origin: http://localhost:4200
ERROR - 2025-09-03 07:25:09 --> CORS Filter
ERROR - 2025-09-03 07:25:09 --> Origin: http://localhost:4200
ERROR - 2025-09-03 07:25:09 --> CORS Filter
ERROR - 2025-09-03 07:25:09 --> Origin: http://localhost:4200
ERROR - 2025-09-03 07:25:09 --> CORS Filter
ERROR - 2025-09-03 07:25:09 --> Origin: http://localhost:4200
ERROR - 2025-09-03 07:25:10 --> CORS Filter
ERROR - 2025-09-03 07:25:10 --> Origin: http://localhost:4200
ERROR - 2025-09-03 07:26:59 --> CORS Filter
ERROR - 2025-09-03 07:26:59 --> Origin: http://localhost:4200
ERROR - 2025-09-03 07:26:59 --> CORS Filter
ERROR - 2025-09-03 07:26:59 --> Origin: http://localhost:4200
ERROR - 2025-09-03 07:26:59 --> CORS Filter
ERROR - 2025-09-03 07:26:59 --> Origin: http://localhost:4200
ERROR - 2025-09-03 07:26:59 --> CORS Filter
ERROR - 2025-09-03 07:26:59 --> Origin: http://localhost:4200
ERROR - 2025-09-03 07:28:56 --> CORS Filter
ERROR - 2025-09-03 07:28:56 --> Origin: http://localhost:4200
ERROR - 2025-09-03 07:28:56 --> CORS Filter
ERROR - 2025-09-03 07:28:56 --> Origin: http://localhost:4200
ERROR - 2025-09-03 07:28:56 --> CORS Filter
ERROR - 2025-09-03 07:28:56 --> Origin: http://localhost:4200
ERROR - 2025-09-03 07:28:57 --> CORS Filter
ERROR - 2025-09-03 07:28:57 --> Origin: http://localhost:4200
ERROR - 2025-09-03 07:31:00 --> CORS Filter
ERROR - 2025-09-03 07:31:00 --> Origin: http://localhost:4200
ERROR - 2025-09-03 07:31:01 --> CORS Filter
ERROR - 2025-09-03 07:31:01 --> Origin: http://localhost:4200
ERROR - 2025-09-03 07:31:02 --> CORS Filter
ERROR - 2025-09-03 07:31:02 --> Origin: http://localhost:4200
ERROR - 2025-09-03 07:31:02 --> CORS Filter
ERROR - 2025-09-03 07:31:02 --> Origin: http://localhost:4200
ERROR - 2025-09-03 07:34:39 --> CORS Filter
ERROR - 2025-09-03 07:34:39 --> Origin: http://localhost:4200
ERROR - 2025-09-03 07:34:40 --> CORS Filter
ERROR - 2025-09-03 07:34:40 --> Origin: http://localhost:4200
ERROR - 2025-09-03 07:34:40 --> CORS Filter
ERROR - 2025-09-03 07:34:40 --> Origin: http://localhost:4200
ERROR - 2025-09-03 07:34:40 --> CORS Filter
ERROR - 2025-09-03 07:34:40 --> Origin: http://localhost:4200
ERROR - 2025-09-03 07:35:10 --> CORS Filter
ERROR - 2025-09-03 07:35:10 --> Origin: http://localhost:4200
ERROR - 2025-09-03 07:35:10 --> CORS Filter
ERROR - 2025-09-03 07:35:10 --> Origin: http://localhost:4200
ERROR - 2025-09-03 07:35:10 --> CORS Filter
ERROR - 2025-09-03 07:35:10 --> Origin: http://localhost:4200
ERROR - 2025-09-03 07:35:11 --> CORS Filter
ERROR - 2025-09-03 07:35:11 --> Origin: http://localhost:4200
ERROR - 2025-09-03 07:35:11 --> CORS Filter
ERROR - 2025-09-03 07:35:11 --> Origin: http://localhost:4200
ERROR - 2025-09-03 07:35:11 --> CORS Filter
ERROR - 2025-09-03 07:35:11 --> Origin: http://localhost:4200
ERROR - 2025-09-03 07:35:20 --> CORS Filter
ERROR - 2025-09-03 07:35:20 --> Origin: http://localhost:4200
ERROR - 2025-09-03 07:35:20 --> CORS Filter
ERROR - 2025-09-03 07:35:20 --> Origin: http://localhost:4200
ERROR - 2025-09-03 07:35:20 --> Inside getAllItemCategory function
ERROR - 2025-09-03 07:35:20 --> Tenant Header: {"DSN":"","hostname":"localhost","username":"root","password":"","database":"exiaa_ex0010","DBDriver":"MySQLi","DBPrefix":"","pConnect":false,"DBDebug":true,"charset":"utf8","DBCollat":"utf8_general_ci","swapPre":"","encrypt":false,"compress":false,"strictOn":false,"failover":[],"port":3306}
ERROR - 2025-09-03 07:36:04 --> CORS Filter
ERROR - 2025-09-03 07:36:04 --> Origin: http://localhost:4200
ERROR - 2025-09-03 07:36:04 --> CORS Filter
ERROR - 2025-09-03 07:36:04 --> Origin: http://localhost:4200
ERROR - 2025-09-03 07:36:04 --> Inside getAllItemCategory function
ERROR - 2025-09-03 07:36:04 --> Tenant Header: {"DSN":"","hostname":"localhost","username":"root","password":"","database":"exiaa_ex0010","DBDriver":"MySQLi","DBPrefix":"","pConnect":false,"DBDebug":true,"charset":"utf8","DBCollat":"utf8_general_ci","swapPre":"","encrypt":false,"compress":false,"strictOn":false,"failover":[],"port":3306}
ERROR - 2025-09-03 07:39:41 --> CORS Filter
ERROR - 2025-09-03 07:39:41 --> Origin: http://localhost:4200
ERROR - 2025-09-03 07:39:41 --> CORS Filter
ERROR - 2025-09-03 07:39:41 --> Origin: http://localhost:4200
ERROR - 2025-09-03 07:39:41 --> CORS Filter
ERROR - 2025-09-03 07:39:41 --> Origin: http://localhost:4200
ERROR - 2025-09-03 07:39:41 --> CORS Filter
ERROR - 2025-09-03 07:39:41 --> Origin: http://localhost:4200
ERROR - 2025-09-03 07:40:35 --> CORS Filter
ERROR - 2025-09-03 07:40:35 --> Origin: http://localhost:4200
ERROR - 2025-09-03 07:40:35 --> CORS Filter
ERROR - 2025-09-03 07:40:35 --> Origin: http://localhost:4200
ERROR - 2025-09-03 07:40:35 --> CORS Filter
ERROR - 2025-09-03 07:40:35 --> Origin: http://localhost:4200
ERROR - 2025-09-03 07:40:35 --> CORS Filter
ERROR - 2025-09-03 07:40:35 --> Origin: http://localhost:4200
ERROR - 2025-09-03 07:41:47 --> CORS Filter
ERROR - 2025-09-03 07:41:47 --> Origin: http://localhost:4200
ERROR - 2025-09-03 07:41:47 --> CORS Filter
ERROR - 2025-09-03 07:41:47 --> Origin: http://localhost:4200
ERROR - 2025-09-03 07:41:47 --> CORS Filter
ERROR - 2025-09-03 07:41:47 --> Origin: http://localhost:4200
ERROR - 2025-09-03 07:41:47 --> CORS Filter
ERROR - 2025-09-03 07:41:47 --> Origin: http://localhost:4200
ERROR - 2025-09-03 07:44:32 --> CORS Filter
ERROR - 2025-09-03 07:44:32 --> Origin: http://localhost:4200
ERROR - 2025-09-03 07:44:33 --> CORS Filter
ERROR - 2025-09-03 07:44:33 --> Origin: http://localhost:4200
ERROR - 2025-09-03 07:44:36 --> CORS Filter
ERROR - 2025-09-03 07:44:36 --> Origin: http://localhost:4200
ERROR - 2025-09-03 07:44:59 --> CORS Filter
ERROR - 2025-09-03 07:44:59 --> Origin: http://localhost:4200
ERROR - 2025-09-03 07:44:59 --> CORS Filter
ERROR - 2025-09-03 07:44:59 --> Origin: http://localhost:4200
ERROR - 2025-09-03 07:44:59 --> Inside getAllItemCategory function
ERROR - 2025-09-03 07:44:59 --> Tenant Header: {"DSN":"","hostname":"localhost","username":"root","password":"","database":"exiaa_ex0010","DBDriver":"MySQLi","DBPrefix":"","pConnect":false,"DBDebug":true,"charset":"utf8","DBCollat":"utf8_general_ci","swapPre":"","encrypt":false,"compress":false,"strictOn":false,"failover":[],"port":3306}
ERROR - 2025-09-03 07:46:04 --> CORS Filter
ERROR - 2025-09-03 07:46:04 --> Origin: http://localhost:4200
ERROR - 2025-09-03 07:46:04 --> CORS Filter
ERROR - 2025-09-03 07:46:04 --> Origin: http://localhost:4200
ERROR - 2025-09-03 07:46:05 --> CORS Filter
ERROR - 2025-09-03 07:46:05 --> Origin: http://localhost:4200
ERROR - 2025-09-03 07:46:05 --> CORS Filter
ERROR - 2025-09-03 07:46:05 --> Origin: http://localhost:4200
ERROR - 2025-09-03 07:56:42 --> CORS Filter
ERROR - 2025-09-03 07:56:42 --> Origin: http://localhost:4200
ERROR - 2025-09-03 07:56:42 --> CORS Filter
ERROR - 2025-09-03 07:56:42 --> Origin: http://localhost:4200
ERROR - 2025-09-03 07:56:42 --> CORS Filter
ERROR - 2025-09-03 07:56:42 --> Origin: http://localhost:4200
ERROR - 2025-09-03 07:56:42 --> CORS Filter
ERROR - 2025-09-03 07:56:42 --> Origin: http://localhost:4200
ERROR - 2025-09-03 08:01:37 --> CORS Filter
ERROR - 2025-09-03 08:01:37 --> Origin: http://localhost:4200
ERROR - 2025-09-03 08:01:37 --> CORS Filter
ERROR - 2025-09-03 08:01:37 --> Origin: http://localhost:4200
ERROR - 2025-09-03 08:01:37 --> CORS Filter
ERROR - 2025-09-03 08:01:37 --> Origin: http://localhost:4200
ERROR - 2025-09-03 08:01:37 --> CORS Filter
ERROR - 2025-09-03 08:01:37 --> Origin: http://localhost:4200
ERROR - 2025-09-03 08:02:25 --> CORS Filter
ERROR - 2025-09-03 08:02:25 --> Origin: http://localhost:4200
ERROR - 2025-09-03 08:02:25 --> CORS Filter
ERROR - 2025-09-03 08:02:25 --> Origin: http://localhost:4200
ERROR - 2025-09-03 08:02:25 --> CORS Filter
ERROR - 2025-09-03 08:02:25 --> Origin: http://localhost:4200
ERROR - 2025-09-03 08:02:25 --> CORS Filter
ERROR - 2025-09-03 08:02:25 --> Origin: http://localhost:4200
ERROR - 2025-09-03 08:03:10 --> CORS Filter
ERROR - 2025-09-03 08:03:10 --> Origin: http://localhost:4200
ERROR - 2025-09-03 08:03:10 --> CORS Filter
ERROR - 2025-09-03 08:03:10 --> Origin: http://localhost:4200
ERROR - 2025-09-03 08:03:11 --> CORS Filter
ERROR - 2025-09-03 08:03:11 --> Origin: http://localhost:4200
ERROR - 2025-09-03 08:03:11 --> CORS Filter
ERROR - 2025-09-03 08:03:11 --> Origin: http://localhost:4200
ERROR - 2025-09-03 08:03:29 --> CORS Filter
ERROR - 2025-09-03 08:03:29 --> Origin: http://localhost:4200
ERROR - 2025-09-03 08:03:29 --> CORS Filter
ERROR - 2025-09-03 08:03:29 --> Origin: http://localhost:4200
ERROR - 2025-09-03 08:03:29 --> CORS Filter
ERROR - 2025-09-03 08:03:29 --> Origin: http://localhost:4200
ERROR - 2025-09-03 08:03:30 --> CORS Filter
ERROR - 2025-09-03 08:03:30 --> Origin: http://localhost:4200
ERROR - 2025-09-03 08:03:49 --> CORS Filter
ERROR - 2025-09-03 08:03:49 --> Origin: http://localhost:4200
ERROR - 2025-09-03 08:03:50 --> CORS Filter
ERROR - 2025-09-03 08:03:50 --> Origin: http://localhost:4200
ERROR - 2025-09-03 08:03:50 --> CORS Filter
ERROR - 2025-09-03 08:03:50 --> Origin: http://localhost:4200
ERROR - 2025-09-03 08:03:50 --> CORS Filter
ERROR - 2025-09-03 08:03:50 --> Origin: http://localhost:4200
ERROR - 2025-09-03 08:04:01 --> CORS Filter
ERROR - 2025-09-03 08:04:01 --> Origin: http://localhost:4200
ERROR - 2025-09-03 08:04:01 --> CORS Filter
ERROR - 2025-09-03 08:04:01 --> Origin: http://localhost:4200
ERROR - 2025-09-03 08:04:02 --> CORS Filter
ERROR - 2025-09-03 08:04:02 --> Origin: http://localhost:4200
ERROR - 2025-09-03 08:04:02 --> CORS Filter
ERROR - 2025-09-03 08:04:02 --> Origin: http://localhost:4200
ERROR - 2025-09-03 08:08:52 --> CORS Filter
ERROR - 2025-09-03 08:08:52 --> Origin: http://localhost:4200
ERROR - 2025-09-03 08:08:52 --> CORS Filter
ERROR - 2025-09-03 08:08:52 --> Origin: http://localhost:4200
ERROR - 2025-09-03 08:08:53 --> CORS Filter
ERROR - 2025-09-03 08:08:53 --> Origin: http://localhost:4200
ERROR - 2025-09-03 08:08:53 --> CORS Filter
ERROR - 2025-09-03 08:08:53 --> Origin: http://localhost:4200
ERROR - 2025-09-03 08:09:19 --> CORS Filter
ERROR - 2025-09-03 08:09:19 --> Origin: http://localhost:4200
ERROR - 2025-09-03 08:09:20 --> CORS Filter
ERROR - 2025-09-03 08:09:20 --> Origin: http://localhost:4200
ERROR - 2025-09-03 08:09:20 --> CORS Filter
ERROR - 2025-09-03 08:09:20 --> Origin: http://localhost:4200
ERROR - 2025-09-03 08:09:20 --> CORS Filter
ERROR - 2025-09-03 08:09:20 --> Origin: http://localhost:4200
ERROR - 2025-09-03 09:06:09 --> CORS Filter
ERROR - 2025-09-03 09:06:09 --> Origin: http://localhost:4200
ERROR - 2025-09-03 09:06:09 --> CORS Filter
ERROR - 2025-09-03 09:06:09 --> Origin: http://localhost:4200
ERROR - 2025-09-03 09:06:10 --> CORS Filter
ERROR - 2025-09-03 09:06:10 --> Origin: http://localhost:4200
ERROR - 2025-09-03 09:06:10 --> CORS Filter
ERROR - 2025-09-03 09:06:10 --> Origin: http://localhost:4200
ERROR - 2025-09-03 09:06:10 --> CORS Filter
ERROR - 2025-09-03 09:06:10 --> Origin: http://localhost:4200
ERROR - 2025-09-03 09:06:10 --> CORS Filter
ERROR - 2025-09-03 09:06:10 --> Origin: http://localhost:4200
ERROR - 2025-09-03 09:07:44 --> CORS Filter
ERROR - 2025-09-03 09:07:44 --> Origin: http://localhost:4200
ERROR - 2025-09-03 09:07:45 --> CORS Filter
ERROR - 2025-09-03 09:07:45 --> Origin: http://localhost:4200
ERROR - 2025-09-03 09:07:45 --> Inside getAllItemCategory function
ERROR - 2025-09-03 09:07:45 --> Tenant Header: {"DSN":"","hostname":"localhost","username":"root","password":"","database":"exiaa_ex0010","DBDriver":"MySQLi","DBPrefix":"","pConnect":false,"DBDebug":true,"charset":"utf8","DBCollat":"utf8_general_ci","swapPre":"","encrypt":false,"compress":false,"strictOn":false,"failover":[],"port":3306}
ERROR - 2025-09-03 09:18:25 --> CORS Filter
ERROR - 2025-09-03 09:18:25 --> Origin: http://localhost:4200
ERROR - 2025-09-03 09:18:25 --> CORS Filter
ERROR - 2025-09-03 09:18:25 --> Origin: http://localhost:4200
ERROR - 2025-09-03 09:18:26 --> CORS Filter
ERROR - 2025-09-03 09:18:26 --> Origin: http://localhost:4200
ERROR - 2025-09-03 09:18:26 --> CORS Filter
ERROR - 2025-09-03 09:18:26 --> Origin: http://localhost:4200
ERROR - 2025-09-03 09:21:16 --> CORS Filter
ERROR - 2025-09-03 09:21:16 --> Origin: http://localhost:4200
ERROR - 2025-09-03 09:21:17 --> CORS Filter
ERROR - 2025-09-03 09:21:17 --> Origin: http://localhost:4200
ERROR - 2025-09-03 09:21:17 --> CORS Filter
ERROR - 2025-09-03 09:21:17 --> Origin: http://localhost:4200
ERROR - 2025-09-03 09:21:17 --> CORS Filter
ERROR - 2025-09-03 09:21:17 --> Origin: http://localhost:4200
ERROR - 2025-09-03 09:24:32 --> CORS Filter
ERROR - 2025-09-03 09:24:32 --> Origin: http://localhost:4200
ERROR - 2025-09-03 09:24:33 --> CORS Filter
ERROR - 2025-09-03 09:24:33 --> Origin: http://localhost:4200
ERROR - 2025-09-03 09:24:33 --> CORS Filter
ERROR - 2025-09-03 09:24:33 --> Origin: http://localhost:4200
ERROR - 2025-09-03 09:24:33 --> CORS Filter
ERROR - 2025-09-03 09:24:33 --> Origin: http://localhost:4200
ERROR - 2025-09-03 09:24:43 --> CORS Filter
ERROR - 2025-09-03 09:24:43 --> Origin: http://localhost:4200
ERROR - 2025-09-03 09:24:44 --> CORS Filter
ERROR - 2025-09-03 09:24:44 --> Origin: http://localhost:4200
ERROR - 2025-09-03 09:24:44 --> Inside getAllItemCategory function
ERROR - 2025-09-03 09:24:44 --> Tenant Header: {"DSN":"","hostname":"localhost","username":"root","password":"","database":"exiaa_ex0010","DBDriver":"MySQLi","DBPrefix":"","pConnect":false,"DBDebug":true,"charset":"utf8","DBCollat":"utf8_general_ci","swapPre":"","encrypt":false,"compress":false,"strictOn":false,"failover":[],"port":3306}
ERROR - 2025-09-03 09:25:10 --> CORS Filter
ERROR - 2025-09-03 09:25:10 --> Origin: http://localhost:4200
ERROR - 2025-09-03 09:25:10 --> CORS Filter
ERROR - 2025-09-03 09:25:10 --> Origin: http://localhost:4200
ERROR - 2025-09-03 09:25:11 --> CORS Filter
ERROR - 2025-09-03 09:25:11 --> Origin: http://localhost:4200
ERROR - 2025-09-03 09:25:11 --> CORS Filter
ERROR - 2025-09-03 09:25:11 --> Origin: http://localhost:4200
ERROR - 2025-09-03 09:25:13 --> CORS Filter
ERROR - 2025-09-03 09:25:13 --> Origin: http://localhost:4200
ERROR - 2025-09-03 09:25:13 --> CORS Filter
ERROR - 2025-09-03 09:25:13 --> Origin: http://localhost:4200
ERROR - 2025-09-03 09:25:13 --> Inside getAllItemCategory function
ERROR - 2025-09-03 09:25:13 --> Tenant Header: {"DSN":"","hostname":"localhost","username":"root","password":"","database":"exiaa_ex0010","DBDriver":"MySQLi","DBPrefix":"","pConnect":false,"DBDebug":true,"charset":"utf8","DBCollat":"utf8_general_ci","swapPre":"","encrypt":false,"compress":false,"strictOn":false,"failover":[],"port":3306}
ERROR - 2025-09-03 09:26:39 --> CORS Filter
ERROR - 2025-09-03 09:26:39 --> Origin: http://localhost:4200
ERROR - 2025-09-03 09:26:39 --> CORS Filter
ERROR - 2025-09-03 09:26:39 --> Origin: http://localhost:4200
ERROR - 2025-09-03 09:26:39 --> CORS Filter
ERROR - 2025-09-03 09:26:39 --> Origin: http://localhost:4200
ERROR - 2025-09-03 09:26:40 --> CORS Filter
ERROR - 2025-09-03 09:26:40 --> Origin: http://localhost:4200
ERROR - 2025-09-03 09:26:40 --> CORS Filter
ERROR - 2025-09-03 09:26:40 --> Origin: http://localhost:4200
ERROR - 2025-09-03 09:26:41 --> CORS Filter
ERROR - 2025-09-03 09:26:41 --> Origin: http://localhost:4200
ERROR - 2025-09-03 09:26:41 --> Inside getAllItemCategory function
ERROR - 2025-09-03 09:26:41 --> Tenant Header: {"DSN":"","hostname":"localhost","username":"root","password":"","database":"exiaa_ex0010","DBDriver":"MySQLi","DBPrefix":"","pConnect":false,"DBDebug":true,"charset":"utf8","DBCollat":"utf8_general_ci","swapPre":"","encrypt":false,"compress":false,"strictOn":false,"failover":[],"port":3306}
ERROR - 2025-09-03 09:28:04 --> CORS Filter
ERROR - 2025-09-03 09:28:04 --> Origin: http://localhost:4200
ERROR - 2025-09-03 09:28:05 --> CORS Filter
ERROR - 2025-09-03 09:28:05 --> Origin: http://localhost:4200
ERROR - 2025-09-03 09:28:05 --> CORS Filter
ERROR - 2025-09-03 09:28:05 --> Origin: http://localhost:4200
ERROR - 2025-09-03 09:28:05 --> CORS Filter
ERROR - 2025-09-03 09:28:05 --> Origin: http://localhost:4200
ERROR - 2025-09-03 09:28:06 --> CORS Filter
ERROR - 2025-09-03 09:28:06 --> Origin: http://localhost:4200
ERROR - 2025-09-03 09:28:06 --> CORS Filter
ERROR - 2025-09-03 09:28:06 --> Origin: http://localhost:4200
ERROR - 2025-09-03 09:28:06 --> Inside getAllItemCategory function
ERROR - 2025-09-03 09:28:06 --> Tenant Header: {"DSN":"","hostname":"localhost","username":"root","password":"","database":"exiaa_ex0010","DBDriver":"MySQLi","DBPrefix":"","pConnect":false,"DBDebug":true,"charset":"utf8","DBCollat":"utf8_general_ci","swapPre":"","encrypt":false,"compress":false,"strictOn":false,"failover":[],"port":3306}
ERROR - 2025-09-03 09:28:15 --> CORS Filter
ERROR - 2025-09-03 09:28:15 --> Origin: http://localhost:4200
ERROR - 2025-09-03 09:28:15 --> CORS Filter
ERROR - 2025-09-03 09:28:15 --> Origin: http://localhost:4200
ERROR - 2025-09-03 09:28:15 --> CORS Filter
ERROR - 2025-09-03 09:28:15 --> Origin: http://localhost:4200
ERROR - 2025-09-03 09:28:15 --> CORS Filter
ERROR - 2025-09-03 09:28:15 --> Origin: http://localhost:4200
ERROR - 2025-09-03 09:28:16 --> CORS Filter
ERROR - 2025-09-03 09:28:16 --> Origin: http://localhost:4200
ERROR - 2025-09-03 09:28:16 --> CORS Filter
ERROR - 2025-09-03 09:28:16 --> Origin: http://localhost:4200
ERROR - 2025-09-03 09:28:16 --> Inside getAllItemCategory function
ERROR - 2025-09-03 09:28:16 --> Tenant Header: {"DSN":"","hostname":"localhost","username":"root","password":"","database":"exiaa_ex0010","DBDriver":"MySQLi","DBPrefix":"","pConnect":false,"DBDebug":true,"charset":"utf8","DBCollat":"utf8_general_ci","swapPre":"","encrypt":false,"compress":false,"strictOn":false,"failover":[],"port":3306}
ERROR - 2025-09-03 09:36:44 --> CORS Filter
ERROR - 2025-09-03 09:36:44 --> Origin: http://localhost:4200
ERROR - 2025-09-03 09:36:44 --> CORS Filter
ERROR - 2025-09-03 09:36:44 --> Origin: http://localhost:4200
ERROR - 2025-09-03 09:36:45 --> CORS Filter
ERROR - 2025-09-03 09:36:45 --> Origin: http://localhost:4200
ERROR - 2025-09-03 09:36:45 --> CORS Filter
ERROR - 2025-09-03 09:36:45 --> Origin: http://localhost:4200
ERROR - 2025-09-03 09:36:52 --> CORS Filter
ERROR - 2025-09-03 09:36:52 --> Origin: http://localhost:4200
ERROR - 2025-09-03 09:36:53 --> CORS Filter
ERROR - 2025-09-03 09:36:53 --> Origin: http://localhost:4200
ERROR - 2025-09-03 09:36:53 --> CORS Filter
ERROR - 2025-09-03 09:36:53 --> Origin: http://localhost:4200
ERROR - 2025-09-03 09:36:53 --> CORS Filter
ERROR - 2025-09-03 09:36:53 --> Origin: http://localhost:4200
ERROR - 2025-09-03 09:38:01 --> CORS Filter
ERROR - 2025-09-03 09:38:01 --> Origin: http://localhost:4200
ERROR - 2025-09-03 09:38:01 --> CORS Filter
ERROR - 2025-09-03 09:38:01 --> Origin: http://localhost:4200
ERROR - 2025-09-03 09:38:01 --> CORS Filter
ERROR - 2025-09-03 09:38:01 --> Origin: http://localhost:4200
ERROR - 2025-09-03 09:38:01 --> CORS Filter
ERROR - 2025-09-03 09:38:01 --> Origin: http://localhost:4200
ERROR - 2025-09-03 09:38:43 --> CORS Filter
ERROR - 2025-09-03 09:38:43 --> Origin: http://localhost:4200
ERROR - 2025-09-03 09:38:43 --> CORS Filter
ERROR - 2025-09-03 09:38:43 --> Origin: http://localhost:4200
ERROR - 2025-09-03 09:38:44 --> CORS Filter
ERROR - 2025-09-03 09:38:44 --> Origin: http://localhost:4200
ERROR - 2025-09-03 09:38:44 --> CORS Filter
ERROR - 2025-09-03 09:38:44 --> Origin: http://localhost:4200
ERROR - 2025-09-03 09:41:08 --> CORS Filter
ERROR - 2025-09-03 09:41:08 --> Origin: http://localhost:4200
ERROR - 2025-09-03 09:41:08 --> CORS Filter
ERROR - 2025-09-03 09:41:08 --> Origin: http://localhost:4200
ERROR - 2025-09-03 09:41:08 --> CORS Filter
ERROR - 2025-09-03 09:41:08 --> Origin: http://localhost:4200
ERROR - 2025-09-03 09:41:08 --> CORS Filter
ERROR - 2025-09-03 09:41:08 --> Origin: http://localhost:4200
ERROR - 2025-09-03 09:41:30 --> CORS Filter
ERROR - 2025-09-03 09:41:30 --> Origin: http://localhost:4200
ERROR - 2025-09-03 09:41:31 --> CORS Filter
ERROR - 2025-09-03 09:41:31 --> Origin: http://localhost:4200
ERROR - 2025-09-03 09:41:31 --> CORS Filter
ERROR - 2025-09-03 09:41:31 --> Origin: http://localhost:4200
ERROR - 2025-09-03 09:41:31 --> CORS Filter
ERROR - 2025-09-03 09:41:31 --> Origin: http://localhost:4200
ERROR - 2025-09-03 09:44:57 --> CORS Filter
ERROR - 2025-09-03 09:44:57 --> Origin: http://localhost:4200
ERROR - 2025-09-03 09:44:58 --> CORS Filter
ERROR - 2025-09-03 09:44:58 --> Origin: http://localhost:4200
ERROR - 2025-09-03 09:44:58 --> CORS Filter
ERROR - 2025-09-03 09:44:58 --> Origin: http://localhost:4200
ERROR - 2025-09-03 09:44:58 --> CORS Filter
ERROR - 2025-09-03 09:44:58 --> Origin: http://localhost:4200
ERROR - 2025-09-03 09:46:36 --> CORS Filter
ERROR - 2025-09-03 09:46:36 --> Origin: http://localhost:4200
ERROR - 2025-09-03 09:46:37 --> CORS Filter
ERROR - 2025-09-03 09:46:37 --> Origin: http://localhost:4200
ERROR - 2025-09-03 09:46:37 --> CORS Filter
ERROR - 2025-09-03 09:46:37 --> Origin: http://localhost:4200
ERROR - 2025-09-03 09:46:37 --> CORS Filter
ERROR - 2025-09-03 09:46:37 --> Origin: http://localhost:4200
ERROR - 2025-09-03 09:48:31 --> CORS Filter
ERROR - 2025-09-03 09:48:31 --> Origin: http://localhost:4200
ERROR - 2025-09-03 09:48:31 --> CORS Filter
ERROR - 2025-09-03 09:48:31 --> Origin: http://localhost:4200
ERROR - 2025-09-03 09:48:32 --> CORS Filter
ERROR - 2025-09-03 09:48:32 --> Origin: http://localhost:4200
ERROR - 2025-09-03 09:48:32 --> CORS Filter
ERROR - 2025-09-03 09:48:32 --> Origin: http://localhost:4200
ERROR - 2025-09-03 10:09:47 --> CORS Filter
ERROR - 2025-09-03 10:09:47 --> Origin: http://localhost:4200
ERROR - 2025-09-03 10:09:47 --> CORS Filter
ERROR - 2025-09-03 10:09:47 --> Origin: http://localhost:4200
ERROR - 2025-09-03 10:09:48 --> CORS Filter
ERROR - 2025-09-03 10:09:48 --> Origin: http://localhost:4200
ERROR - 2025-09-03 10:09:48 --> CORS Filter
ERROR - 2025-09-03 10:09:48 --> Origin: http://localhost:4200
ERROR - 2025-09-03 10:09:48 --> CORS Filter
ERROR - 2025-09-03 10:09:48 --> Origin: http://localhost:4200
ERROR - 2025-09-03 10:09:48 --> CORS Filter
ERROR - 2025-09-03 10:09:48 --> Origin: http://localhost:4200
ERROR - 2025-09-03 10:09:52 --> CORS Filter
ERROR - 2025-09-03 10:09:52 --> Origin: http://localhost:4200
ERROR - 2025-09-03 10:09:52 --> CORS Filter
ERROR - 2025-09-03 10:09:52 --> Origin: http://localhost:4200
ERROR - 2025-09-03 10:09:52 --> Inside getAllItemCategory function
ERROR - 2025-09-03 10:09:52 --> Tenant Header: {"DSN":"","hostname":"localhost","username":"root","password":"","database":"exiaa_ex0010","DBDriver":"MySQLi","DBPrefix":"","pConnect":false,"DBDebug":true,"charset":"utf8","DBCollat":"utf8_general_ci","swapPre":"","encrypt":false,"compress":false,"strictOn":false,"failover":[],"port":3306}
ERROR - 2025-09-03 10:12:02 --> CORS Filter
ERROR - 2025-09-03 10:12:02 --> Origin: http://localhost:4200
ERROR - 2025-09-03 10:12:02 --> CORS Filter
ERROR - 2025-09-03 10:12:02 --> Origin: http://localhost:4200
ERROR - 2025-09-03 10:12:02 --> Inside getAllItemCategory function
ERROR - 2025-09-03 10:12:02 --> Tenant Header: {"DSN":"","hostname":"localhost","username":"root","password":"","database":"exiaa_ex0010","DBDriver":"MySQLi","DBPrefix":"","pConnect":false,"DBDebug":true,"charset":"utf8","DBCollat":"utf8_general_ci","swapPre":"","encrypt":false,"compress":false,"strictOn":false,"failover":[],"port":3306}
ERROR - 2025-09-03 10:12:42 --> CORS Filter
ERROR - 2025-09-03 10:12:42 --> Origin: http://localhost:4200
ERROR - 2025-09-03 10:12:42 --> CORS Filter
ERROR - 2025-09-03 10:12:42 --> Origin: http://localhost:4200
ERROR - 2025-09-03 10:12:42 --> Inside getAllItemCategory function
ERROR - 2025-09-03 10:12:42 --> Tenant Header: {"DSN":"","hostname":"localhost","username":"root","password":"","database":"exiaa_ex0010","DBDriver":"MySQLi","DBPrefix":"","pConnect":false,"DBDebug":true,"charset":"utf8","DBCollat":"utf8_general_ci","swapPre":"","encrypt":false,"compress":false,"strictOn":false,"failover":[],"port":3306}
ERROR - 2025-09-03 10:25:58 --> CORS Filter
ERROR - 2025-09-03 10:25:58 --> Origin: http://localhost:4200
ERROR - 2025-09-03 10:25:58 --> CORS Filter
ERROR - 2025-09-03 10:25:58 --> Origin: http://localhost:4200
ERROR - 2025-09-03 10:25:58 --> Inside getAllItemCategory function
ERROR - 2025-09-03 10:25:58 --> Tenant Header: {"DSN":"","hostname":"localhost","username":"root","password":"","database":"exiaa_ex0010","DBDriver":"MySQLi","DBPrefix":"","pConnect":false,"DBDebug":true,"charset":"utf8","DBCollat":"utf8_general_ci","swapPre":"","encrypt":false,"compress":false,"strictOn":false,"failover":[],"port":3306}
ERROR - 2025-09-03 10:39:58 --> CORS Filter
ERROR - 2025-09-03 10:39:58 --> Origin: http://localhost:4200
ERROR - 2025-09-03 10:39:59 --> CORS Filter
ERROR - 2025-09-03 10:39:59 --> Origin: http://localhost:4200
ERROR - 2025-09-03 10:39:59 --> CORS Filter
ERROR - 2025-09-03 10:39:59 --> Origin: http://localhost:4200
ERROR - 2025-09-03 10:39:59 --> CORS Filter
ERROR - 2025-09-03 10:39:59 --> Origin: http://localhost:4200
ERROR - 2025-09-03 10:43:37 --> CORS Filter
ERROR - 2025-09-03 10:43:37 --> Origin: http://localhost:4200
ERROR - 2025-09-03 10:43:37 --> CORS Filter
ERROR - 2025-09-03 10:43:37 --> Origin: http://localhost:4200
ERROR - 2025-09-03 10:43:37 --> CORS Filter
ERROR - 2025-09-03 10:43:37 --> Origin: http://localhost:4200
ERROR - 2025-09-03 10:43:37 --> CORS Filter
ERROR - 2025-09-03 10:43:37 --> Origin: http://localhost:4200
ERROR - 2025-09-03 10:44:09 --> CORS Filter
ERROR - 2025-09-03 10:44:09 --> Origin: http://localhost:4200
ERROR - 2025-09-03 10:44:09 --> CORS Filter
ERROR - 2025-09-03 10:44:09 --> Origin: http://localhost:4200
ERROR - 2025-09-03 10:44:09 --> CORS Filter
ERROR - 2025-09-03 10:44:09 --> Origin: http://localhost:4200
ERROR - 2025-09-03 10:44:10 --> CORS Filter
ERROR - 2025-09-03 10:44:10 --> Origin: http://localhost:4200
ERROR - 2025-09-03 10:45:15 --> CORS Filter
ERROR - 2025-09-03 10:45:15 --> Origin: http://localhost:4200
ERROR - 2025-09-03 10:45:15 --> CORS Filter
ERROR - 2025-09-03 10:45:15 --> Origin: http://localhost:4200
ERROR - 2025-09-03 10:45:15 --> Inside getAllItemCategory function
ERROR - 2025-09-03 10:45:15 --> Tenant Header: {"DSN":"","hostname":"localhost","username":"root","password":"","database":"exiaa_ex0010","DBDriver":"MySQLi","DBPrefix":"","pConnect":false,"DBDebug":true,"charset":"utf8","DBCollat":"utf8_general_ci","swapPre":"","encrypt":false,"compress":false,"strictOn":false,"failover":[],"port":3306}
ERROR - 2025-09-03 10:45:18 --> CORS Filter
ERROR - 2025-09-03 10:45:18 --> Origin: http://localhost:4200
ERROR - 2025-09-03 10:45:18 --> CORS Filter
ERROR - 2025-09-03 10:45:18 --> Origin: http://localhost:4200
ERROR - 2025-09-03 10:45:21 --> CORS Filter
ERROR - 2025-09-03 10:45:21 --> Origin: http://localhost:4200
ERROR - 2025-09-03 10:45:21 --> CORS Filter
ERROR - 2025-09-03 10:45:21 --> Origin: http://localhost:4200
ERROR - 2025-09-03 10:45:21 --> Inside getAllItemCategory function
ERROR - 2025-09-03 10:45:21 --> Tenant Header: {"DSN":"","hostname":"localhost","username":"root","password":"","database":"exiaa_ex0010","DBDriver":"MySQLi","DBPrefix":"","pConnect":false,"DBDebug":true,"charset":"utf8","DBCollat":"utf8_general_ci","swapPre":"","encrypt":false,"compress":false,"strictOn":false,"failover":[],"port":3306}
ERROR - 2025-09-03 10:48:36 --> CORS Filter
ERROR - 2025-09-03 10:48:36 --> Origin: http://localhost:4200
ERROR - 2025-09-03 10:48:36 --> CORS Filter
ERROR - 2025-09-03 10:48:36 --> Origin: http://localhost:4200
ERROR - 2025-09-03 10:48:36 --> CORS Filter
ERROR - 2025-09-03 10:48:36 --> Origin: http://localhost:4200
ERROR - 2025-09-03 10:48:36 --> CORS Filter
ERROR - 2025-09-03 10:48:36 --> Origin: http://localhost:4200
ERROR - 2025-09-03 10:48:42 --> CORS Filter
ERROR - 2025-09-03 10:48:42 --> Origin: http://localhost:4200
ERROR - 2025-09-03 10:48:42 --> CORS Filter
ERROR - 2025-09-03 10:48:42 --> Origin: http://localhost:4200
ERROR - 2025-09-03 10:48:43 --> CORS Filter
ERROR - 2025-09-03 10:48:43 --> Origin: http://localhost:4200
ERROR - 2025-09-03 10:48:43 --> CORS Filter
ERROR - 2025-09-03 10:48:43 --> Origin: http://localhost:4200
ERROR - 2025-09-03 10:53:08 --> CORS Filter
ERROR - 2025-09-03 10:53:08 --> Origin: http://localhost:4200
ERROR - 2025-09-03 10:53:08 --> CORS Filter
ERROR - 2025-09-03 10:53:08 --> Origin: http://localhost:4200
ERROR - 2025-09-03 10:53:08 --> CORS Filter
ERROR - 2025-09-03 10:53:08 --> Origin: http://localhost:4200
ERROR - 2025-09-03 10:53:09 --> CORS Filter
ERROR - 2025-09-03 10:53:09 --> Origin: http://localhost:4200
ERROR - 2025-09-03 10:54:12 --> CORS Filter
ERROR - 2025-09-03 10:54:12 --> Origin: http://localhost:4200
ERROR - 2025-09-03 10:54:12 --> CORS Filter
ERROR - 2025-09-03 10:54:12 --> Origin: http://localhost:4200
ERROR - 2025-09-03 10:54:12 --> CORS Filter
ERROR - 2025-09-03 10:54:12 --> Origin: http://localhost:4200
ERROR - 2025-09-03 10:54:12 --> CORS Filter
ERROR - 2025-09-03 10:54:12 --> Origin: http://localhost:4200
ERROR - 2025-09-03 11:00:07 --> CORS Filter
ERROR - 2025-09-03 11:00:07 --> Origin: http://localhost:4200
ERROR - 2025-09-03 11:00:07 --> CORS Filter
ERROR - 2025-09-03 11:00:07 --> Origin: http://localhost:4200
ERROR - 2025-09-03 11:00:08 --> CORS Filter
ERROR - 2025-09-03 11:00:08 --> Origin: http://localhost:4200
ERROR - 2025-09-03 11:00:09 --> CORS Filter
ERROR - 2025-09-03 11:00:09 --> Origin: http://localhost:4200
ERROR - 2025-09-03 11:03:59 --> CORS Filter
ERROR - 2025-09-03 11:03:59 --> Origin: http://localhost:4200
ERROR - 2025-09-03 11:03:59 --> CORS Filter
ERROR - 2025-09-03 11:03:59 --> Origin: http://localhost:4200
ERROR - 2025-09-03 11:03:59 --> CORS Filter
ERROR - 2025-09-03 11:03:59 --> Origin: http://localhost:4200
ERROR - 2025-09-03 11:03:59 --> CORS Filter
ERROR - 2025-09-03 11:03:59 --> Origin: http://localhost:4200
ERROR - 2025-09-03 11:04:11 --> CORS Filter
ERROR - 2025-09-03 11:04:11 --> Origin: http://localhost:4200
ERROR - 2025-09-03 11:04:11 --> CORS Filter
ERROR - 2025-09-03 11:04:11 --> Origin: http://localhost:4200
ERROR - 2025-09-03 11:04:11 --> CORS Filter
ERROR - 2025-09-03 11:04:11 --> Origin: http://localhost:4200
ERROR - 2025-09-03 11:04:12 --> CORS Filter
ERROR - 2025-09-03 11:04:12 --> Origin: http://localhost:4200
ERROR - 2025-09-03 11:04:40 --> CORS Filter
ERROR - 2025-09-03 11:04:40 --> Origin: http://localhost:4200
ERROR - 2025-09-03 11:04:40 --> CORS Filter
ERROR - 2025-09-03 11:04:40 --> Origin: http://localhost:4200
ERROR - 2025-09-03 11:04:40 --> CORS Filter
ERROR - 2025-09-03 11:04:40 --> Origin: http://localhost:4200
ERROR - 2025-09-03 11:04:41 --> CORS Filter
ERROR - 2025-09-03 11:04:41 --> Origin: http://localhost:4200
ERROR - 2025-09-03 11:06:56 --> CORS Filter
ERROR - 2025-09-03 11:06:56 --> Origin: http://localhost:4200
ERROR - 2025-09-03 11:06:57 --> CORS Filter
ERROR - 2025-09-03 11:06:57 --> Origin: http://localhost:4200
ERROR - 2025-09-03 11:06:57 --> CORS Filter
ERROR - 2025-09-03 11:06:57 --> Origin: http://localhost:4200
ERROR - 2025-09-03 11:06:57 --> CORS Filter
ERROR - 2025-09-03 11:06:57 --> Origin: http://localhost:4200
ERROR - 2025-09-03 11:08:37 --> CORS Filter
ERROR - 2025-09-03 11:08:37 --> Origin: http://localhost:4200
ERROR - 2025-09-03 11:08:37 --> CORS Filter
ERROR - 2025-09-03 11:08:37 --> Origin: http://localhost:4200
ERROR - 2025-09-03 11:08:37 --> CORS Filter
ERROR - 2025-09-03 11:08:37 --> Origin: http://localhost:4200
ERROR - 2025-09-03 11:08:37 --> CORS Filter
ERROR - 2025-09-03 11:08:37 --> Origin: http://localhost:4200
ERROR - 2025-09-03 11:12:23 --> CORS Filter
ERROR - 2025-09-03 11:12:23 --> Origin: http://localhost:4200
ERROR - 2025-09-03 11:12:23 --> CORS Filter
ERROR - 2025-09-03 11:12:23 --> Origin: http://localhost:4200
ERROR - 2025-09-03 11:12:24 --> CORS Filter
ERROR - 2025-09-03 11:12:24 --> Origin: http://localhost:4200
ERROR - 2025-09-03 11:12:24 --> CORS Filter
ERROR - 2025-09-03 11:12:24 --> Origin: http://localhost:4200
ERROR - 2025-09-03 11:12:24 --> CORS Filter
ERROR - 2025-09-03 11:12:24 --> Origin: http://localhost:4200
ERROR - 2025-09-03 11:12:24 --> CORS Filter
ERROR - 2025-09-03 11:12:24 --> Origin: http://localhost:4200
ERROR - 2025-09-03 11:12:30 --> CORS Filter
ERROR - 2025-09-03 11:12:30 --> Origin: http://localhost:4200
ERROR - 2025-09-03 11:12:30 --> CORS Filter
ERROR - 2025-09-03 11:12:30 --> Origin: http://localhost:4200
ERROR - 2025-09-03 11:12:30 --> Inside getAllItemCategory function
ERROR - 2025-09-03 11:12:30 --> Tenant Header: {"DSN":"","hostname":"localhost","username":"root","password":"","database":"exiaa_ex0010","DBDriver":"MySQLi","DBPrefix":"","pConnect":false,"DBDebug":true,"charset":"utf8","DBCollat":"utf8_general_ci","swapPre":"","encrypt":false,"compress":false,"strictOn":false,"failover":[],"port":3306}
ERROR - 2025-09-03 11:14:33 --> CORS Filter
ERROR - 2025-09-03 11:14:33 --> Origin: http://localhost:4200
ERROR - 2025-09-03 11:14:34 --> CORS Filter
ERROR - 2025-09-03 11:14:34 --> Origin: http://localhost:4200
ERROR - 2025-09-03 11:14:34 --> CORS Filter
ERROR - 2025-09-03 11:14:34 --> Origin: http://localhost:4200
ERROR - 2025-09-03 11:14:34 --> CORS Filter
ERROR - 2025-09-03 11:14:34 --> Origin: http://localhost:4200
ERROR - 2025-09-03 11:15:51 --> CORS Filter
ERROR - 2025-09-03 11:15:51 --> Origin: http://localhost:4200
ERROR - 2025-09-03 11:15:51 --> CORS Filter
ERROR - 2025-09-03 11:15:51 --> Origin: http://localhost:4200
ERROR - 2025-09-03 11:15:51 --> Inside getAllItemCategory function
ERROR - 2025-09-03 11:15:51 --> Tenant Header: {"DSN":"","hostname":"localhost","username":"root","password":"","database":"exiaa_ex0010","DBDriver":"MySQLi","DBPrefix":"","pConnect":false,"DBDebug":true,"charset":"utf8","DBCollat":"utf8_general_ci","swapPre":"","encrypt":false,"compress":false,"strictOn":false,"failover":[],"port":3306}
ERROR - 2025-09-03 11:22:10 --> CORS Filter
ERROR - 2025-09-03 11:22:10 --> Origin: http://localhost:4200
ERROR - 2025-09-03 11:22:10 --> CORS Filter
ERROR - 2025-09-03 11:22:10 --> Origin: http://localhost:4200
ERROR - 2025-09-03 11:22:10 --> CORS Filter
ERROR - 2025-09-03 11:22:10 --> Origin: http://localhost:4200
ERROR - 2025-09-03 11:22:10 --> CORS Filter
ERROR - 2025-09-03 11:22:10 --> Origin: http://localhost:4200
ERROR - 2025-09-03 11:22:56 --> CORS Filter
ERROR - 2025-09-03 11:22:56 --> Origin: http://localhost:4200
ERROR - 2025-09-03 11:22:56 --> CORS Filter
ERROR - 2025-09-03 11:22:56 --> Origin: http://localhost:4200
ERROR - 2025-09-03 11:22:57 --> CORS Filter
ERROR - 2025-09-03 11:22:57 --> Origin: http://localhost:4200
ERROR - 2025-09-03 11:22:57 --> CORS Filter
ERROR - 2025-09-03 11:22:57 --> Origin: http://localhost:4200
ERROR - 2025-09-03 11:23:40 --> CORS Filter
ERROR - 2025-09-03 11:23:40 --> Origin: http://localhost:4200
ERROR - 2025-09-03 11:23:40 --> CORS Filter
ERROR - 2025-09-03 11:23:40 --> Origin: http://localhost:4200
ERROR - 2025-09-03 11:23:40 --> Inside getAllItemCategory function
ERROR - 2025-09-03 11:23:40 --> Tenant Header: {"DSN":"","hostname":"localhost","username":"root","password":"","database":"exiaa_ex0010","DBDriver":"MySQLi","DBPrefix":"","pConnect":false,"DBDebug":true,"charset":"utf8","DBCollat":"utf8_general_ci","swapPre":"","encrypt":false,"compress":false,"strictOn":false,"failover":[],"port":3306}
ERROR - 2025-09-03 11:30:30 --> CORS Filter
ERROR - 2025-09-03 11:30:30 --> Origin: http://localhost:4200
ERROR - 2025-09-03 11:30:30 --> CORS Filter
ERROR - 2025-09-03 11:30:30 --> Origin: http://localhost:4200
ERROR - 2025-09-03 11:30:30 --> CORS Filter
ERROR - 2025-09-03 11:30:30 --> Origin: http://localhost:4200
ERROR - 2025-09-03 11:30:30 --> CORS Filter
ERROR - 2025-09-03 11:30:30 --> Origin: http://localhost:4200
ERROR - 2025-09-03 11:45:23 --> CORS Filter
ERROR - 2025-09-03 11:45:23 --> Origin: http://localhost:4200
ERROR - 2025-09-03 11:45:23 --> CORS Filter
ERROR - 2025-09-03 11:45:23 --> Origin: http://localhost:4200
ERROR - 2025-09-03 11:45:23 --> CORS Filter
ERROR - 2025-09-03 11:45:23 --> Origin: http://localhost:4200
ERROR - 2025-09-03 11:45:23 --> CORS Filter
ERROR - 2025-09-03 11:45:23 --> Origin: http://localhost:4200
ERROR - 2025-09-03 11:47:58 --> CORS Filter
ERROR - 2025-09-03 11:47:58 --> Origin: http://localhost:4200
ERROR - 2025-09-03 11:47:58 --> CORS Filter
ERROR - 2025-09-03 11:47:58 --> Origin: http://localhost:4200
ERROR - 2025-09-03 11:47:58 --> CORS Filter
ERROR - 2025-09-03 11:47:58 --> Origin: http://localhost:4200
ERROR - 2025-09-03 11:47:58 --> CORS Filter
ERROR - 2025-09-03 11:47:58 --> Origin: http://localhost:4200
ERROR - 2025-09-03 11:48:05 --> CORS Filter
ERROR - 2025-09-03 11:48:05 --> Origin: http://localhost:4200
ERROR - 2025-09-03 11:48:05 --> CORS Filter
ERROR - 2025-09-03 11:48:05 --> Origin: http://localhost:4200
ERROR - 2025-09-03 11:48:05 --> CORS Filter
ERROR - 2025-09-03 11:48:05 --> Origin: http://localhost:4200
ERROR - 2025-09-03 11:48:06 --> CORS Filter
ERROR - 2025-09-03 11:48:06 --> Origin: http://localhost:4200
ERROR - 2025-09-03 11:54:00 --> CORS Filter
ERROR - 2025-09-03 11:54:00 --> Origin: http://localhost:4200
ERROR - 2025-09-03 11:54:00 --> CORS Filter
ERROR - 2025-09-03 11:54:00 --> Origin: http://localhost:4200
ERROR - 2025-09-03 11:54:00 --> CORS Filter
ERROR - 2025-09-03 11:54:00 --> Origin: http://localhost:4200
ERROR - 2025-09-03 11:54:00 --> CORS Filter
ERROR - 2025-09-03 11:54:00 --> Origin: http://localhost:4200
ERROR - 2025-09-03 12:54:40 --> CORS Filter
ERROR - 2025-09-03 12:54:40 --> Origin: http://localhost:4200
ERROR - 2025-09-03 12:54:40 --> CORS Filter
ERROR - 2025-09-03 12:54:40 --> Origin: http://localhost:4200
ERROR - 2025-09-03 12:54:43 --> CORS Filter
ERROR - 2025-09-03 12:54:43 --> Origin: http://localhost:4200
ERROR - 2025-09-03 12:54:44 --> CORS Filter
ERROR - 2025-09-03 12:54:44 --> Origin: http://localhost:4200
ERROR - 2025-09-03 12:54:45 --> CORS Filter
ERROR - 2025-09-03 12:54:45 --> Origin: http://localhost:4200
ERROR - 2025-09-03 12:54:45 --> CORS Filter
ERROR - 2025-09-03 12:54:45 --> Origin: http://localhost:4200
ERROR - 2025-09-03 12:54:54 --> CORS Filter
ERROR - 2025-09-03 12:54:54 --> Origin: http://localhost:4200
ERROR - 2025-09-03 12:54:55 --> CORS Filter
ERROR - 2025-09-03 12:54:55 --> Origin: http://localhost:4200
ERROR - 2025-09-03 12:54:55 --> Inside getAllItemCategory function
ERROR - 2025-09-03 12:54:55 --> Tenant Header: {"DSN":"","hostname":"localhost","username":"root","password":"","database":"exiaa_ex0010","DBDriver":"MySQLi","DBPrefix":"","pConnect":false,"DBDebug":true,"charset":"utf8","DBCollat":"utf8_general_ci","swapPre":"","encrypt":false,"compress":false,"strictOn":false,"failover":[],"port":3306}
ERROR - 2025-09-03 12:57:35 --> CORS Filter
ERROR - 2025-09-03 12:57:35 --> Origin: http://localhost:4200
ERROR - 2025-09-03 12:57:35 --> CORS Filter
ERROR - 2025-09-03 12:57:35 --> Origin: http://localhost:4200
ERROR - 2025-09-03 12:57:35 --> CORS Filter
ERROR - 2025-09-03 12:57:35 --> Origin: http://localhost:4200
ERROR - 2025-09-03 12:57:36 --> CORS Filter
ERROR - 2025-09-03 12:57:36 --> Origin: http://localhost:4200
ERROR - 2025-09-03 12:57:59 --> CORS Filter
ERROR - 2025-09-03 12:57:59 --> Origin: http://localhost:4200
ERROR - 2025-09-03 12:57:59 --> CORS Filter
ERROR - 2025-09-03 12:57:59 --> Origin: http://localhost:4200
ERROR - 2025-09-03 12:57:59 --> CORS Filter
ERROR - 2025-09-03 12:57:59 --> Origin: http://localhost:4200
ERROR - 2025-09-03 12:57:59 --> CORS Filter
ERROR - 2025-09-03 12:57:59 --> Origin: http://localhost:4200
ERROR - 2025-09-03 12:58:15 --> CORS Filter
ERROR - 2025-09-03 12:58:15 --> Origin: http://localhost:4200
ERROR - 2025-09-03 12:58:15 --> CORS Filter
ERROR - 2025-09-03 12:58:15 --> Origin: http://localhost:4200
ERROR - 2025-09-03 12:58:16 --> CORS Filter
ERROR - 2025-09-03 12:58:16 --> Origin: http://localhost:4200
ERROR - 2025-09-03 12:58:16 --> CORS Filter
ERROR - 2025-09-03 12:58:16 --> Origin: http://localhost:4200
ERROR - 2025-09-03 13:01:20 --> CORS Filter
ERROR - 2025-09-03 13:01:20 --> Origin: http://localhost:4200
ERROR - 2025-09-03 13:01:20 --> CORS Filter
ERROR - 2025-09-03 13:01:20 --> Origin: http://localhost:4200
ERROR - 2025-09-03 13:01:20 --> Inside getAllItemCategory function
ERROR - 2025-09-03 13:01:20 --> Tenant Header: {"DSN":"","hostname":"localhost","username":"root","password":"","database":"exiaa_ex0010","DBDriver":"MySQLi","DBPrefix":"","pConnect":false,"DBDebug":true,"charset":"utf8","DBCollat":"utf8_general_ci","swapPre":"","encrypt":false,"compress":false,"strictOn":false,"failover":[],"port":3306}
ERROR - 2025-09-03 13:05:43 --> CORS Filter
ERROR - 2025-09-03 13:05:43 --> Origin: http://localhost:4200
ERROR - 2025-09-03 13:05:43 --> CORS Filter
ERROR - 2025-09-03 13:05:43 --> Origin: http://localhost:4200
ERROR - 2025-09-03 13:05:43 --> CORS Filter
ERROR - 2025-09-03 13:05:43 --> Origin: http://localhost:4200
ERROR - 2025-09-03 13:05:44 --> CORS Filter
ERROR - 2025-09-03 13:05:44 --> Origin: http://localhost:4200
ERROR - 2025-09-03 13:05:52 --> CORS Filter
ERROR - 2025-09-03 13:05:52 --> Origin: http://localhost:4200
ERROR - 2025-09-03 13:05:52 --> CORS Filter
ERROR - 2025-09-03 13:05:52 --> Origin: http://localhost:4200
ERROR - 2025-09-03 13:05:52 --> Inside getAllItemCategory function
ERROR - 2025-09-03 13:05:52 --> Tenant Header: {"DSN":"","hostname":"localhost","username":"root","password":"","database":"exiaa_ex0010","DBDriver":"MySQLi","DBPrefix":"","pConnect":false,"DBDebug":true,"charset":"utf8","DBCollat":"utf8_general_ci","swapPre":"","encrypt":false,"compress":false,"strictOn":false,"failover":[],"port":3306}
ERROR - 2025-09-03 13:06:30 --> CORS Filter
ERROR - 2025-09-03 13:06:30 --> Origin: http://localhost:4200
ERROR - 2025-09-03 13:06:30 --> CORS Filter
ERROR - 2025-09-03 13:06:30 --> Origin: http://localhost:4200
ERROR - 2025-09-03 13:06:30 --> CORS Filter
ERROR - 2025-09-03 13:06:30 --> Origin: http://localhost:4200
ERROR - 2025-09-03 13:06:30 --> CORS Filter
ERROR - 2025-09-03 13:06:30 --> Origin: http://localhost:4200
ERROR - 2025-09-03 13:07:18 --> CORS Filter
ERROR - 2025-09-03 13:07:18 --> Origin: http://localhost:4200
ERROR - 2025-09-03 13:07:18 --> CORS Filter
ERROR - 2025-09-03 13:07:18 --> Origin: http://localhost:4200
ERROR - 2025-09-03 13:07:18 --> CORS Filter
ERROR - 2025-09-03 13:07:18 --> Origin: http://localhost:4200
ERROR - 2025-09-03 13:07:18 --> CORS Filter
ERROR - 2025-09-03 13:07:18 --> Origin: http://localhost:4200
ERROR - 2025-09-03 13:07:21 --> CORS Filter
ERROR - 2025-09-03 13:07:21 --> Origin: http://localhost:4200
ERROR - 2025-09-03 13:07:22 --> CORS Filter
ERROR - 2025-09-03 13:07:22 --> Origin: http://localhost:4200
ERROR - 2025-09-03 13:07:22 --> Inside getAllItemCategory function
ERROR - 2025-09-03 13:07:22 --> Tenant Header: {"DSN":"","hostname":"localhost","username":"root","password":"","database":"exiaa_ex0010","DBDriver":"MySQLi","DBPrefix":"","pConnect":false,"DBDebug":true,"charset":"utf8","DBCollat":"utf8_general_ci","swapPre":"","encrypt":false,"compress":false,"strictOn":false,"failover":[],"port":3306}
ERROR - 2025-09-03 13:08:27 --> CORS Filter
ERROR - 2025-09-03 13:08:27 --> Origin: http://localhost:4200
ERROR - 2025-09-03 13:08:27 --> CORS Filter
ERROR - 2025-09-03 13:08:27 --> Origin: http://localhost:4200
ERROR - 2025-09-03 13:08:27 --> Inside getAllItemCategory function
ERROR - 2025-09-03 13:08:27 --> Tenant Header: {"DSN":"","hostname":"localhost","username":"root","password":"","database":"exiaa_ex0010","DBDriver":"MySQLi","DBPrefix":"","pConnect":false,"DBDebug":true,"charset":"utf8","DBCollat":"utf8_general_ci","swapPre":"","encrypt":false,"compress":false,"strictOn":false,"failover":[],"port":3306}
ERROR - 2025-09-03 13:08:54 --> CORS Filter
ERROR - 2025-09-03 13:08:54 --> Origin: http://localhost:4200
ERROR - 2025-09-03 13:08:54 --> CORS Filter
ERROR - 2025-09-03 13:08:54 --> Origin: http://localhost:4200
ERROR - 2025-09-03 13:08:54 --> CORS Filter
ERROR - 2025-09-03 13:08:54 --> Origin: http://localhost:4200
ERROR - 2025-09-03 13:08:54 --> CORS Filter
ERROR - 2025-09-03 13:08:54 --> Origin: http://localhost:4200
ERROR - 2025-09-03 13:08:55 --> CORS Filter
ERROR - 2025-09-03 13:08:55 --> Origin: http://localhost:4200
ERROR - 2025-09-03 13:08:55 --> CORS Filter
ERROR - 2025-09-03 13:08:55 --> Origin: http://localhost:4200
ERROR - 2025-09-03 13:08:58 --> CORS Filter
ERROR - 2025-09-03 13:08:58 --> Origin: http://localhost:4200
ERROR - 2025-09-03 13:08:58 --> CORS Filter
ERROR - 2025-09-03 13:08:58 --> Origin: http://localhost:4200
ERROR - 2025-09-03 13:08:58 --> Inside getAllItemCategory function
ERROR - 2025-09-03 13:08:58 --> Tenant Header: {"DSN":"","hostname":"localhost","username":"root","password":"","database":"exiaa_ex0010","DBDriver":"MySQLi","DBPrefix":"","pConnect":false,"DBDebug":true,"charset":"utf8","DBCollat":"utf8_general_ci","swapPre":"","encrypt":false,"compress":false,"strictOn":false,"failover":[],"port":3306}
ERROR - 2025-09-03 13:09:31 --> CORS Filter
ERROR - 2025-09-03 13:09:31 --> Origin: http://localhost:4200
ERROR - 2025-09-03 13:09:31 --> CORS Filter
ERROR - 2025-09-03 13:09:31 --> Origin: http://localhost:4200
ERROR - 2025-09-03 13:09:31 --> CORS Filter
ERROR - 2025-09-03 13:09:31 --> Origin: http://localhost:4200
ERROR - 2025-09-03 13:09:31 --> CORS Filter
ERROR - 2025-09-03 13:09:31 --> Origin: http://localhost:4200
ERROR - 2025-09-03 13:09:53 --> CORS Filter
ERROR - 2025-09-03 13:09:53 --> Origin: http://localhost:4200
ERROR - 2025-09-03 13:09:53 --> CORS Filter
ERROR - 2025-09-03 13:09:53 --> Origin: http://localhost:4200
ERROR - 2025-09-03 13:09:53 --> CORS Filter
ERROR - 2025-09-03 13:09:53 --> Origin: http://localhost:4200
ERROR - 2025-09-03 13:09:53 --> CORS Filter
ERROR - 2025-09-03 13:09:53 --> Origin: http://localhost:4200
ERROR - 2025-09-03 13:10:15 --> CORS Filter
ERROR - 2025-09-03 13:10:15 --> Origin: http://localhost:4200
ERROR - 2025-09-03 13:10:15 --> CORS Filter
ERROR - 2025-09-03 13:10:15 --> Origin: http://localhost:4200
ERROR - 2025-09-03 13:10:15 --> CORS Filter
ERROR - 2025-09-03 13:10:15 --> Origin: http://localhost:4200
ERROR - 2025-09-03 13:10:15 --> CORS Filter
ERROR - 2025-09-03 13:10:15 --> Origin: http://localhost:4200
ERROR - 2025-09-03 13:10:33 --> CORS Filter
ERROR - 2025-09-03 13:10:33 --> Origin: http://localhost:4200
ERROR - 2025-09-03 13:10:34 --> CORS Filter
ERROR - 2025-09-03 13:10:34 --> Origin: http://localhost:4200
ERROR - 2025-09-03 13:10:34 --> CORS Filter
ERROR - 2025-09-03 13:10:34 --> Origin: http://localhost:4200
ERROR - 2025-09-03 13:10:34 --> CORS Filter
ERROR - 2025-09-03 13:10:34 --> Origin: http://localhost:4200
ERROR - 2025-09-03 13:13:24 --> CORS Filter
ERROR - 2025-09-03 13:13:24 --> Origin: http://localhost:4200
ERROR - 2025-09-03 13:13:24 --> CORS Filter
ERROR - 2025-09-03 13:13:24 --> Origin: http://localhost:4200
ERROR - 2025-09-03 13:13:24 --> CORS Filter
ERROR - 2025-09-03 13:13:24 --> Origin: http://localhost:4200
ERROR - 2025-09-03 13:13:25 --> CORS Filter
ERROR - 2025-09-03 13:13:25 --> Origin: http://localhost:4200
ERROR - 2025-09-03 13:13:38 --> CORS Filter
ERROR - 2025-09-03 13:13:38 --> Origin: http://localhost:4200
ERROR - 2025-09-03 13:13:39 --> CORS Filter
ERROR - 2025-09-03 13:13:39 --> Origin: http://localhost:4200
ERROR - 2025-09-03 13:13:39 --> CORS Filter
ERROR - 2025-09-03 13:13:39 --> Origin: http://localhost:4200
ERROR - 2025-09-03 13:13:39 --> CORS Filter
ERROR - 2025-09-03 13:13:39 --> Origin: http://localhost:4200
ERROR - 2025-09-03 13:17:23 --> CORS Filter
ERROR - 2025-09-03 13:17:23 --> Origin: http://localhost:4200
ERROR - 2025-09-03 13:17:23 --> CORS Filter
ERROR - 2025-09-03 13:17:23 --> Origin: http://localhost:4200
ERROR - 2025-09-03 13:17:23 --> CORS Filter
ERROR - 2025-09-03 13:17:23 --> Origin: http://localhost:4200
ERROR - 2025-09-03 13:17:24 --> CORS Filter
ERROR - 2025-09-03 13:17:24 --> Origin: http://localhost:4200
ERROR - 2025-09-03 13:22:53 --> CORS Filter
ERROR - 2025-09-03 13:22:53 --> Origin: http://localhost:4200
ERROR - 2025-09-03 13:22:53 --> CORS Filter
ERROR - 2025-09-03 13:22:53 --> Origin: http://localhost:4200
ERROR - 2025-09-03 13:22:53 --> CORS Filter
ERROR - 2025-09-03 13:22:53 --> Origin: http://localhost:4200
ERROR - 2025-09-03 13:22:53 --> CORS Filter
ERROR - 2025-09-03 13:22:53 --> Origin: http://localhost:4200
ERROR - 2025-09-03 13:26:40 --> CORS Filter
ERROR - 2025-09-03 13:26:40 --> Origin: http://localhost:4200
ERROR - 2025-09-03 13:26:40 --> CORS Filter
ERROR - 2025-09-03 13:26:40 --> Origin: http://localhost:4200
ERROR - 2025-09-03 13:26:40 --> CORS Filter
ERROR - 2025-09-03 13:26:40 --> Origin: http://localhost:4200
ERROR - 2025-09-03 13:26:40 --> CORS Filter
ERROR - 2025-09-03 13:26:40 --> Origin: http://localhost:4200
ERROR - 2025-09-03 13:27:15 --> CORS Filter
ERROR - 2025-09-03 13:27:15 --> Origin: http://localhost:4200
ERROR - 2025-09-03 13:27:15 --> CORS Filter
ERROR - 2025-09-03 13:27:15 --> Origin: http://localhost:4200
ERROR - 2025-09-03 13:27:16 --> CORS Filter
ERROR - 2025-09-03 13:27:16 --> Origin: http://localhost:4200
ERROR - 2025-09-03 13:27:16 --> CORS Filter
ERROR - 2025-09-03 13:27:16 --> Origin: http://localhost:4200
ERROR - 2025-09-03 13:28:53 --> CORS Filter
ERROR - 2025-09-03 13:28:53 --> Origin: http://localhost:4200
ERROR - 2025-09-03 13:28:53 --> CORS Filter
ERROR - 2025-09-03 13:28:53 --> Origin: http://localhost:4200
ERROR - 2025-09-03 13:28:54 --> CORS Filter
ERROR - 2025-09-03 13:28:54 --> Origin: http://localhost:4200
ERROR - 2025-09-03 13:28:54 --> CORS Filter
ERROR - 2025-09-03 13:28:54 --> Origin: http://localhost:4200
ERROR - 2025-09-03 13:30:36 --> CORS Filter
ERROR - 2025-09-03 13:30:36 --> Origin: http://localhost:4200
ERROR - 2025-09-03 13:30:36 --> CORS Filter
ERROR - 2025-09-03 13:30:36 --> Origin: http://localhost:4200
ERROR - 2025-09-03 13:30:36 --> CORS Filter
ERROR - 2025-09-03 13:30:36 --> Origin: http://localhost:4200
ERROR - 2025-09-03 13:30:36 --> CORS Filter
ERROR - 2025-09-03 13:30:36 --> Origin: http://localhost:4200
ERROR - 2025-09-03 13:30:53 --> CORS Filter
ERROR - 2025-09-03 13:30:53 --> Origin: http://localhost:4200
ERROR - 2025-09-03 13:30:53 --> CORS Filter
ERROR - 2025-09-03 13:30:53 --> Origin: http://localhost:4200
ERROR - 2025-09-03 13:30:54 --> CORS Filter
ERROR - 2025-09-03 13:30:54 --> Origin: http://localhost:4200
ERROR - 2025-09-03 13:30:54 --> CORS Filter
ERROR - 2025-09-03 13:30:54 --> Origin: http://localhost:4200
ERROR - 2025-09-03 13:31:46 --> CORS Filter
ERROR - 2025-09-03 13:31:46 --> Origin: http://localhost:4200
ERROR - 2025-09-03 13:31:46 --> CORS Filter
ERROR - 2025-09-03 13:31:46 --> Origin: http://localhost:4200
ERROR - 2025-09-03 13:31:46 --> CORS Filter
ERROR - 2025-09-03 13:31:46 --> Origin: http://localhost:4200
ERROR - 2025-09-03 13:31:47 --> CORS Filter
ERROR - 2025-09-03 13:31:47 --> Origin: http://localhost:4200
ERROR - 2025-09-03 13:32:14 --> CORS Filter
ERROR - 2025-09-03 13:32:14 --> Origin: http://localhost:4200
ERROR - 2025-09-03 13:32:14 --> CORS Filter
ERROR - 2025-09-03 13:32:14 --> Origin: http://localhost:4200
ERROR - 2025-09-03 13:32:14 --> CORS Filter
ERROR - 2025-09-03 13:32:14 --> Origin: http://localhost:4200
ERROR - 2025-09-03 13:32:14 --> CORS Filter
ERROR - 2025-09-03 13:32:14 --> Origin: http://localhost:4200
ERROR - 2025-09-03 13:32:19 --> CORS Filter
ERROR - 2025-09-03 13:32:19 --> Origin: http://localhost:4200
ERROR - 2025-09-03 13:32:19 --> CORS Filter
ERROR - 2025-09-03 13:32:19 --> Origin: http://localhost:4200
ERROR - 2025-09-03 13:33:33 --> CORS Filter
ERROR - 2025-09-03 13:33:33 --> Origin: http://localhost:4200
ERROR - 2025-09-03 13:33:34 --> CORS Filter
ERROR - 2025-09-03 13:33:34 --> Origin: http://localhost:4200
ERROR - 2025-09-03 13:33:34 --> CORS Filter
ERROR - 2025-09-03 13:33:34 --> Origin: http://localhost:4200
ERROR - 2025-09-03 13:33:34 --> CORS Filter
ERROR - 2025-09-03 13:33:34 --> Origin: http://localhost:4200
ERROR - 2025-09-03 13:33:58 --> CORS Filter
ERROR - 2025-09-03 13:33:58 --> Origin: http://localhost:4200
ERROR - 2025-09-03 13:33:58 --> CORS Filter
ERROR - 2025-09-03 13:33:58 --> Origin: http://localhost:4200
ERROR - 2025-09-03 13:33:59 --> CORS Filter
ERROR - 2025-09-03 13:33:59 --> Origin: http://localhost:4200
ERROR - 2025-09-03 13:33:59 --> CORS Filter
ERROR - 2025-09-03 13:33:59 --> Origin: http://localhost:4200
ERROR - 2025-09-03 13:37:03 --> CORS Filter
ERROR - 2025-09-03 13:37:03 --> Origin: http://localhost:4200
ERROR - 2025-09-03 13:37:03 --> CORS Filter
ERROR - 2025-09-03 13:37:03 --> Origin: http://localhost:4200
ERROR - 2025-09-03 13:37:03 --> CORS Filter
ERROR - 2025-09-03 13:37:03 --> Origin: http://localhost:4200
ERROR - 2025-09-03 13:37:03 --> CORS Filter
ERROR - 2025-09-03 13:37:03 --> Origin: http://localhost:4200
ERROR - 2025-09-03 13:38:38 --> CORS Filter
ERROR - 2025-09-03 13:38:38 --> Origin: http://localhost:4200
ERROR - 2025-09-03 13:38:39 --> CORS Filter
ERROR - 2025-09-03 13:38:39 --> Origin: http://localhost:4200
ERROR - 2025-09-03 13:38:39 --> CORS Filter
ERROR - 2025-09-03 13:38:39 --> Origin: http://localhost:4200
ERROR - 2025-09-03 13:38:39 --> CORS Filter
ERROR - 2025-09-03 13:38:39 --> Origin: http://localhost:4200
ERROR - 2025-09-03 13:40:16 --> CORS Filter
ERROR - 2025-09-03 13:40:16 --> Origin: http://localhost:4200
ERROR - 2025-09-03 13:40:17 --> CORS Filter
ERROR - 2025-09-03 13:40:17 --> Origin: http://localhost:4200
ERROR - 2025-09-03 13:40:17 --> CORS Filter
ERROR - 2025-09-03 13:40:17 --> Origin: http://localhost:4200
ERROR - 2025-09-03 13:40:17 --> CORS Filter
ERROR - 2025-09-03 13:40:17 --> Origin: http://localhost:4200
