ERROR - 2025-08-07 04:11:55 --> CORS Filter
ERROR - 2025-08-07 04:11:55 --> Origin: http://localhost:4200
ERROR - 2025-08-07 04:11:55 --> CORS Filter
ERROR - 2025-08-07 04:11:55 --> Origin: http://localhost:4200
ERROR - 2025-08-07 04:11:59 --> CORS Filter
ERROR - 2025-08-07 04:11:59 --> Origin: http://localhost:4200
ERROR - 2025-08-07 04:11:59 --> CORS Filter
ERROR - 2025-08-07 04:11:59 --> Origin: http://localhost:4200
ERROR - 2025-08-07 04:12:00 --> CORS Filter
ERROR - 2025-08-07 04:12:00 --> Origin: http://localhost:4200
ERROR - 2025-08-07 04:12:00 --> CORS Filter
ERROR - 2025-08-07 04:12:00 --> Origin: http://localhost:4200
ERROR - 2025-08-07 04:12:01 --> CORS Filter
ERROR - 2025-08-07 04:12:01 --> Origin: http://localhost:4200
ERROR - 2025-08-07 04:12:01 --> CORS Filter
ERROR - 2025-08-07 04:12:01 --> Origin: http://localhost:4200
ERROR - 2025-08-07 04:12:40 --> CORS Filter
ERROR - 2025-08-07 04:12:40 --> Origin: http://localhost:4200
ERROR - 2025-08-07 04:12:40 --> CORS Filter
ERROR - 2025-08-07 04:12:40 --> Origin: http://localhost:4200
ERROR - 2025-08-07 04:28:35 --> CORS Filter
ERROR - 2025-08-07 04:28:35 --> Origin: http://localhost:4200
ERROR - 2025-08-07 04:28:35 --> CORS Filter
ERROR - 2025-08-07 04:28:35 --> Origin: http://localhost:4200
ERROR - 2025-08-07 04:28:35 --> CORS Filter
ERROR - 2025-08-07 04:28:35 --> Origin: http://localhost:4200
ERROR - 2025-08-07 04:28:36 --> CORS Filter
ERROR - 2025-08-07 04:28:36 --> Origin: http://localhost:4200
ERROR - 2025-08-07 04:28:36 --> CORS Filter
ERROR - 2025-08-07 04:28:36 --> Origin: http://localhost:4200
ERROR - 2025-08-07 04:28:37 --> CORS Filter
ERROR - 2025-08-07 04:28:37 --> Origin: http://localhost:4200
ERROR - 2025-08-07 04:29:33 --> CORS Filter
ERROR - 2025-08-07 04:29:33 --> Origin: http://localhost:4200
ERROR - 2025-08-07 04:29:34 --> CORS Filter
ERROR - 2025-08-07 04:29:34 --> Origin: http://localhost:4200
ERROR - 2025-08-07 04:29:34 --> CORS Filter
ERROR - 2025-08-07 04:29:34 --> Origin: http://localhost:4200
ERROR - 2025-08-07 04:29:34 --> CORS Filter
ERROR - 2025-08-07 04:29:34 --> Origin: http://localhost:4200
ERROR - 2025-08-07 04:29:36 --> CORS Filter
ERROR - 2025-08-07 04:29:36 --> Origin: http://localhost:4200
ERROR - 2025-08-07 04:29:36 --> CORS Filter
ERROR - 2025-08-07 04:29:36 --> Origin: http://localhost:4200
ERROR - 2025-08-07 04:30:07 --> CORS Filter
ERROR - 2025-08-07 04:30:07 --> Origin: http://localhost:4200
ERROR - 2025-08-07 04:30:07 --> CORS Filter
ERROR - 2025-08-07 04:30:07 --> Origin: http://localhost:4200
ERROR - 2025-08-07 04:30:07 --> CORS Filter
ERROR - 2025-08-07 04:30:07 --> Origin: http://localhost:4200
ERROR - 2025-08-07 04:30:08 --> CORS Filter
ERROR - 2025-08-07 04:30:08 --> Origin: http://localhost:4200
ERROR - 2025-08-07 04:30:15 --> CORS Filter
ERROR - 2025-08-07 04:30:15 --> Origin: http://localhost:4200
ERROR - 2025-08-07 04:30:16 --> CORS Filter
ERROR - 2025-08-07 04:30:16 --> Origin: http://localhost:4200
ERROR - 2025-08-07 04:30:16 --> CORS Filter
ERROR - 2025-08-07 04:30:16 --> Origin: http://localhost:4200
ERROR - 2025-08-07 04:30:17 --> CORS Filter
ERROR - 2025-08-07 04:30:17 --> Origin: http://localhost:4200
ERROR - 2025-08-07 04:30:19 --> CORS Filter
ERROR - 2025-08-07 04:30:19 --> Origin: http://localhost:4200
ERROR - 2025-08-07 04:30:19 --> CORS Filter
ERROR - 2025-08-07 04:30:19 --> Origin: http://localhost:4200
ERROR - 2025-08-07 04:30:22 --> CORS Filter
ERROR - 2025-08-07 04:30:22 --> Origin: http://localhost:4200
ERROR - 2025-08-07 04:30:23 --> CORS Filter
ERROR - 2025-08-07 04:30:23 --> Origin: http://localhost:4200
ERROR - 2025-08-07 04:30:23 --> CORS Filter
ERROR - 2025-08-07 04:30:23 --> Origin: http://localhost:4200
ERROR - 2025-08-07 04:30:23 --> CORS Filter
ERROR - 2025-08-07 04:30:23 --> Origin: http://localhost:4200
ERROR - 2025-08-07 04:30:25 --> CORS Filter
ERROR - 2025-08-07 04:30:25 --> Origin: http://localhost:4200
ERROR - 2025-08-07 04:30:25 --> CORS Filter
ERROR - 2025-08-07 04:30:25 --> Origin: http://localhost:4200
ERROR - 2025-08-07 04:39:00 --> CORS Filter
ERROR - 2025-08-07 04:39:00 --> Origin: http://localhost:4200
ERROR - 2025-08-07 04:39:00 --> CORS Filter
ERROR - 2025-08-07 04:39:00 --> Origin: http://localhost:4200
ERROR - 2025-08-07 04:39:00 --> CORS Filter
ERROR - 2025-08-07 04:39:00 --> Origin: http://localhost:4200
ERROR - 2025-08-07 04:39:01 --> CORS Filter
ERROR - 2025-08-07 04:39:01 --> Origin: http://localhost:4200
ERROR - 2025-08-07 04:39:01 --> CORS Filter
ERROR - 2025-08-07 04:39:01 --> Origin: http://localhost:4200
ERROR - 2025-08-07 04:39:02 --> CORS Filter
ERROR - 2025-08-07 04:39:02 --> Origin: http://localhost:4200
ERROR - 2025-08-07 04:39:28 --> CORS Filter
ERROR - 2025-08-07 04:39:28 --> Origin: http://localhost:4200
ERROR - 2025-08-07 04:39:28 --> CORS Filter
ERROR - 2025-08-07 04:39:28 --> Origin: http://localhost:4200
ERROR - 2025-08-07 04:39:29 --> CORS Filter
ERROR - 2025-08-07 04:39:29 --> Origin: http://localhost:4200
ERROR - 2025-08-07 04:39:29 --> CORS Filter
ERROR - 2025-08-07 04:39:29 --> Origin: http://localhost:4200
ERROR - 2025-08-07 04:39:30 --> CORS Filter
ERROR - 2025-08-07 04:39:30 --> Origin: http://localhost:4200
ERROR - 2025-08-07 04:39:30 --> CORS Filter
ERROR - 2025-08-07 04:39:30 --> Origin: http://localhost:4200
ERROR - 2025-08-07 04:45:12 --> CORS Filter
ERROR - 2025-08-07 04:45:12 --> Origin: http://localhost:4200
ERROR - 2025-08-07 04:45:12 --> CORS Filter
ERROR - 2025-08-07 04:45:12 --> Origin: http://localhost:4200
ERROR - 2025-08-07 04:45:13 --> CORS Filter
ERROR - 2025-08-07 04:45:13 --> Origin: http://localhost:4200
ERROR - 2025-08-07 04:45:13 --> CORS Filter
ERROR - 2025-08-07 04:45:13 --> Origin: http://localhost:4200
ERROR - 2025-08-07 04:45:13 --> CORS Filter
ERROR - 2025-08-07 04:45:14 --> Origin: http://localhost:4200
ERROR - 2025-08-07 04:45:14 --> CORS Filter
ERROR - 2025-08-07 04:45:14 --> Origin: http://localhost:4200
ERROR - 2025-08-07 04:45:50 --> CORS Filter
ERROR - 2025-08-07 04:45:50 --> Origin: http://localhost:4200
ERROR - 2025-08-07 04:45:51 --> CORS Filter
ERROR - 2025-08-07 04:45:51 --> Origin: http://localhost:4200
ERROR - 2025-08-07 04:45:51 --> CORS Filter
ERROR - 2025-08-07 04:45:51 --> Origin: http://localhost:4200
ERROR - 2025-08-07 04:45:51 --> CORS Filter
ERROR - 2025-08-07 04:45:51 --> Origin: http://localhost:4200
ERROR - 2025-08-07 04:45:51 --> CORS Filter
ERROR - 2025-08-07 04:45:51 --> Origin: http://localhost:4200
ERROR - 2025-08-07 04:45:52 --> CORS Filter
ERROR - 2025-08-07 04:45:52 --> Origin: http://localhost:4200
ERROR - 2025-08-07 04:48:39 --> CORS Filter
ERROR - 2025-08-07 04:48:39 --> Origin: http://localhost:4200
ERROR - 2025-08-07 04:48:39 --> CORS Filter
ERROR - 2025-08-07 04:48:39 --> Origin: http://localhost:4200
ERROR - 2025-08-07 04:48:46 --> CORS Filter
ERROR - 2025-08-07 04:48:46 --> Origin: http://localhost:4200
ERROR - 2025-08-07 04:48:46 --> CORS Filter
ERROR - 2025-08-07 04:48:46 --> Origin: http://localhost:4200
ERROR - 2025-08-07 04:48:51 --> CORS Filter
ERROR - 2025-08-07 04:48:51 --> Origin: http://localhost:4200
ERROR - 2025-08-07 04:48:51 --> CORS Filter
ERROR - 2025-08-07 04:48:51 --> Origin: http://localhost:4200
ERROR - 2025-08-07 04:48:53 --> CORS Filter
ERROR - 2025-08-07 04:48:53 --> Origin: http://localhost:4200
ERROR - 2025-08-07 04:48:53 --> CORS Filter
ERROR - 2025-08-07 04:48:53 --> Origin: http://localhost:4200
ERROR - 2025-08-07 04:49:03 --> CORS Filter
ERROR - 2025-08-07 04:49:03 --> Origin: http://localhost:4200
ERROR - 2025-08-07 04:49:03 --> CORS Filter
ERROR - 2025-08-07 04:49:03 --> Origin: http://localhost:4200
ERROR - 2025-08-07 04:49:31 --> CORS Filter
ERROR - 2025-08-07 04:49:31 --> Origin: http://localhost:4200
ERROR - 2025-08-07 04:49:31 --> CORS Filter
ERROR - 2025-08-07 04:49:31 --> Origin: http://localhost:4200
ERROR - 2025-08-07 04:49:32 --> CORS Filter
ERROR - 2025-08-07 04:49:32 --> Origin: http://localhost:4200
ERROR - 2025-08-07 04:49:32 --> CORS Filter
ERROR - 2025-08-07 04:49:32 --> Origin: http://localhost:4200
ERROR - 2025-08-07 04:56:08 --> CORS Filter
ERROR - 2025-08-07 04:56:08 --> Origin: http://localhost:4200
ERROR - 2025-08-07 04:56:09 --> CORS Filter
ERROR - 2025-08-07 04:56:09 --> Origin: http://localhost:4200
ERROR - 2025-08-07 05:11:54 --> CORS Filter
ERROR - 2025-08-07 05:11:54 --> Origin: http://localhost:4200
ERROR - 2025-08-07 05:11:54 --> CORS Filter
ERROR - 2025-08-07 05:11:54 --> Origin: http://localhost:4200
ERROR - 2025-08-07 05:11:55 --> CORS Filter
ERROR - 2025-08-07 05:11:55 --> Origin: http://localhost:4200
ERROR - 2025-08-07 05:11:55 --> CORS Filter
ERROR - 2025-08-07 05:11:55 --> Origin: http://localhost:4200
ERROR - 2025-08-07 05:11:55 --> CORS Filter
ERROR - 2025-08-07 05:11:55 --> Origin: http://localhost:4200
ERROR - 2025-08-07 05:11:56 --> CORS Filter
ERROR - 2025-08-07 05:11:56 --> Origin: http://localhost:4200
ERROR - 2025-08-07 05:11:56 --> CORS Filter
ERROR - 2025-08-07 05:11:56 --> Origin: http://localhost:4200
ERROR - 2025-08-07 05:11:56 --> CORS Filter
ERROR - 2025-08-07 05:11:56 --> Origin: http://localhost:4200
ERROR - 2025-08-07 05:11:56 --> CORS Filter
ERROR - 2025-08-07 05:11:56 --> Origin: http://localhost:4200
ERROR - 2025-08-07 05:11:56 --> CORS Filter
ERROR - 2025-08-07 05:11:56 --> Origin: http://localhost:4200
ERROR - 2025-08-07 05:11:56 --> CORS Filter
ERROR - 2025-08-07 05:11:56 --> Origin: http://localhost:4200
ERROR - 2025-08-07 05:11:57 --> CORS Filter
ERROR - 2025-08-07 05:11:57 --> Origin: http://localhost:4200
ERROR - 2025-08-07 05:11:57 --> CORS Filter
ERROR - 2025-08-07 05:11:57 --> Origin: http://localhost:4200
ERROR - 2025-08-07 05:11:57 --> CORS Filter
ERROR - 2025-08-07 05:11:57 --> Origin: http://localhost:4200
ERROR - 2025-08-07 05:11:57 --> CORS Filter
ERROR - 2025-08-07 05:11:57 --> Origin: http://localhost:4200
ERROR - 2025-08-07 05:11:58 --> CORS Filter
ERROR - 2025-08-07 05:11:58 --> Origin: http://localhost:4200
ERROR - 2025-08-07 05:11:58 --> CORS Filter
ERROR - 2025-08-07 05:11:58 --> Origin: http://localhost:4200
ERROR - 2025-08-07 05:11:58 --> CORS Filter
ERROR - 2025-08-07 05:11:58 --> Origin: http://localhost:4200
ERROR - 2025-08-07 05:11:58 --> CORS Filter
ERROR - 2025-08-07 05:11:58 --> Origin: http://localhost:4200
ERROR - 2025-08-07 05:11:58 --> CORS Filter
ERROR - 2025-08-07 05:11:58 --> Origin: http://localhost:4200
ERROR - 2025-08-07 05:11:58 --> CORS Filter
ERROR - 2025-08-07 05:11:58 --> Origin: http://localhost:4200
ERROR - 2025-08-07 05:11:59 --> CORS Filter
ERROR - 2025-08-07 05:11:59 --> Origin: http://localhost:4200
ERROR - 2025-08-07 05:11:59 --> CORS Filter
ERROR - 2025-08-07 05:11:59 --> Origin: http://localhost:4200
ERROR - 2025-08-07 05:11:59 --> CORS Filter
ERROR - 2025-08-07 05:11:59 --> Origin: http://localhost:4200
ERROR - 2025-08-07 05:11:59 --> CORS Filter
ERROR - 2025-08-07 05:11:59 --> Origin: http://localhost:4200
ERROR - 2025-08-07 05:12:00 --> CORS Filter
ERROR - 2025-08-07 05:12:00 --> Origin: http://localhost:4200
ERROR - 2025-08-07 05:12:00 --> CORS Filter
ERROR - 2025-08-07 05:12:00 --> Origin: http://localhost:4200
ERROR - 2025-08-07 05:12:00 --> CORS Filter
ERROR - 2025-08-07 05:12:00 --> Origin: http://localhost:4200
ERROR - 2025-08-07 05:12:00 --> CORS Filter
ERROR - 2025-08-07 05:12:00 --> Origin: http://localhost:4200
ERROR - 2025-08-07 05:12:00 --> CORS Filter
ERROR - 2025-08-07 05:12:00 --> Origin: http://localhost:4200
ERROR - 2025-08-07 05:12:00 --> CORS Filter
ERROR - 2025-08-07 05:12:00 --> Origin: http://localhost:4200
ERROR - 2025-08-07 05:12:01 --> CORS Filter
ERROR - 2025-08-07 05:12:01 --> Origin: http://localhost:4200
ERROR - 2025-08-07 05:12:01 --> CORS Filter
ERROR - 2025-08-07 05:12:01 --> Origin: http://localhost:4200
ERROR - 2025-08-07 05:24:33 --> CORS Filter
ERROR - 2025-08-07 05:24:33 --> Origin: http://localhost:4200
ERROR - 2025-08-07 05:24:33 --> CORS Filter
ERROR - 2025-08-07 05:24:33 --> Origin: http://localhost:4200
ERROR - 2025-08-07 05:24:34 --> CORS Filter
ERROR - 2025-08-07 05:24:34 --> Origin: http://localhost:4200
ERROR - 2025-08-07 05:24:34 --> CORS Filter
ERROR - 2025-08-07 05:24:34 --> Origin: http://localhost:4200
ERROR - 2025-08-07 05:24:34 --> CORS Filter
ERROR - 2025-08-07 05:24:34 --> Origin: http://localhost:4200
ERROR - 2025-08-07 05:24:34 --> CORS Filter
ERROR - 2025-08-07 05:24:34 --> Origin: http://localhost:4200
ERROR - 2025-08-07 05:24:35 --> CORS Filter
ERROR - 2025-08-07 05:24:35 --> Origin: http://localhost:4200
ERROR - 2025-08-07 05:24:35 --> CORS Filter
ERROR - 2025-08-07 05:24:35 --> Origin: http://localhost:4200
ERROR - 2025-08-07 05:24:35 --> CORS Filter
ERROR - 2025-08-07 05:24:35 --> Origin: http://localhost:4200
ERROR - 2025-08-07 05:24:35 --> CORS Filter
ERROR - 2025-08-07 05:24:35 --> Origin: http://localhost:4200
ERROR - 2025-08-07 05:24:35 --> CORS Filter
ERROR - 2025-08-07 05:24:35 --> Origin: http://localhost:4200
ERROR - 2025-08-07 05:24:35 --> CORS Filter
ERROR - 2025-08-07 05:24:35 --> Origin: http://localhost:4200
ERROR - 2025-08-07 05:24:36 --> CORS Filter
ERROR - 2025-08-07 05:24:36 --> Origin: http://localhost:4200
ERROR - 2025-08-07 05:24:36 --> CORS Filter
ERROR - 2025-08-07 05:24:36 --> Origin: http://localhost:4200
ERROR - 2025-08-07 05:24:36 --> CORS Filter
ERROR - 2025-08-07 05:24:36 --> Origin: http://localhost:4200
ERROR - 2025-08-07 05:24:36 --> CORS Filter
ERROR - 2025-08-07 05:24:36 --> Origin: http://localhost:4200
ERROR - 2025-08-07 05:24:37 --> CORS Filter
ERROR - 2025-08-07 05:24:37 --> Origin: http://localhost:4200
ERROR - 2025-08-07 05:24:37 --> CORS Filter
ERROR - 2025-08-07 05:24:37 --> Origin: http://localhost:4200
ERROR - 2025-08-07 05:24:37 --> CORS Filter
ERROR - 2025-08-07 05:24:37 --> Origin: http://localhost:4200
ERROR - 2025-08-07 05:24:37 --> CORS Filter
ERROR - 2025-08-07 05:24:37 --> Origin: http://localhost:4200
ERROR - 2025-08-07 05:24:37 --> CORS Filter
ERROR - 2025-08-07 05:24:37 --> Origin: http://localhost:4200
ERROR - 2025-08-07 05:24:38 --> CORS Filter
ERROR - 2025-08-07 05:24:38 --> Origin: http://localhost:4200
ERROR - 2025-08-07 05:31:12 --> CORS Filter
ERROR - 2025-08-07 05:31:12 --> Origin: http://localhost:4200
ERROR - 2025-08-07 05:31:13 --> CORS Filter
ERROR - 2025-08-07 05:31:13 --> Origin: http://localhost:4200
ERROR - 2025-08-07 05:34:07 --> CORS Filter
ERROR - 2025-08-07 05:34:07 --> Origin: http://localhost:4200
ERROR - 2025-08-07 05:34:07 --> CORS Filter
ERROR - 2025-08-07 05:34:07 --> Origin: http://localhost:4200
ERROR - 2025-08-07 05:34:07 --> CORS Filter
ERROR - 2025-08-07 05:34:07 --> Origin: http://localhost:4200
ERROR - 2025-08-07 05:34:08 --> CORS Filter
ERROR - 2025-08-07 05:34:08 --> Origin: http://localhost:4200
ERROR - 2025-08-07 05:34:09 --> CORS Filter
ERROR - 2025-08-07 05:34:09 --> Origin: http://localhost:4200
ERROR - 2025-08-07 05:34:09 --> CORS Filter
ERROR - 2025-08-07 05:34:09 --> Origin: http://localhost:4200
ERROR - 2025-08-07 05:43:20 --> CORS Filter
ERROR - 2025-08-07 05:43:20 --> Origin: http://localhost:4200
ERROR - 2025-08-07 05:43:21 --> CORS Filter
ERROR - 2025-08-07 05:43:21 --> Origin: http://localhost:4200
ERROR - 2025-08-07 05:43:56 --> CORS Filter
ERROR - 2025-08-07 05:43:56 --> Origin: http://localhost:4200
ERROR - 2025-08-07 05:43:57 --> CORS Filter
ERROR - 2025-08-07 05:43:57 --> Origin: http://localhost:4200
ERROR - 2025-08-07 05:44:00 --> CORS Filter
ERROR - 2025-08-07 05:44:00 --> Origin: http://localhost:4200
ERROR - 2025-08-07 05:44:00 --> CORS Filter
ERROR - 2025-08-07 05:44:00 --> Origin: http://localhost:4200
ERROR - 2025-08-07 05:44:14 --> CORS Filter
ERROR - 2025-08-07 05:44:14 --> Origin: http://localhost:4200
ERROR - 2025-08-07 05:44:14 --> CORS Filter
ERROR - 2025-08-07 05:44:14 --> Origin: http://localhost:4200
ERROR - 2025-08-07 05:44:15 --> CORS Filter
ERROR - 2025-08-07 05:44:15 --> Origin: http://localhost:4200
ERROR - 2025-08-07 05:44:15 --> CORS Filter
ERROR - 2025-08-07 05:44:15 --> Origin: http://localhost:4200
ERROR - 2025-08-07 05:44:26 --> CORS Filter
ERROR - 2025-08-07 05:44:26 --> Origin: http://localhost:4200
ERROR - 2025-08-07 05:44:26 --> CORS Filter
ERROR - 2025-08-07 05:44:26 --> Origin: http://localhost:4200
ERROR - 2025-08-07 05:44:26 --> mysqli_sql_exception: Operand should contain 1 column(s) in C:\xampp\htdocs\exiaa-material-api\vendor\codeigniter4\framework\system\Database\MySQLi\Connection.php:312
Stack trace:
#0 C:\xampp\htdocs\exiaa-material-api\vendor\codeigniter4\framework\system\Database\MySQLi\Connection.php(312): mysqli->query('INSERT INTO `it...', 0)
#1 C:\xampp\htdocs\exiaa-material-api\vendor\codeigniter4\framework\system\Database\BaseConnection.php(734): CodeIgniter\Database\MySQLi\Connection->execute('INSERT INTO `it...')
#2 C:\xampp\htdocs\exiaa-material-api\vendor\codeigniter4\framework\system\Database\BaseConnection.php(648): CodeIgniter\Database\BaseConnection->simpleQuery('INSERT INTO `it...')
#3 C:\xampp\htdocs\exiaa-material-api\vendor\codeigniter4\framework\system\Database\BaseBuilder.php(2340): CodeIgniter\Database\BaseConnection->query('INSERT INTO `it...', Array, false)
#4 C:\xampp\htdocs\exiaa-material-api\vendor\codeigniter4\framework\system\Model.php(394): CodeIgniter\Database\BaseBuilder->insert()
#5 C:\xampp\htdocs\exiaa-material-api\vendor\codeigniter4\framework\system\BaseModel.php(839): CodeIgniter\Model->doInsert(Array)
#6 C:\xampp\htdocs\exiaa-material-api\vendor\codeigniter4\framework\system\Model.php(800): CodeIgniter\BaseModel->insert(Array, true)
#7 C:\xampp\htdocs\exiaa-material-api\app\Controllers\Course.php(239): CodeIgniter\Model->insert(Array)
#8 C:\xampp\htdocs\exiaa-material-api\vendor\codeigniter4\framework\system\CodeIgniter.php(933): App\Controllers\Course->create()
#9 C:\xampp\htdocs\exiaa-material-api\vendor\codeigniter4\framework\system\CodeIgniter.php(509): CodeIgniter\CodeIgniter->runController(Object(App\Controllers\Course))
#10 C:\xampp\htdocs\exiaa-material-api\vendor\codeigniter4\framework\system\CodeIgniter.php(355): CodeIgniter\CodeIgniter->handleRequest(NULL, Object(Config\Cache), false)
#11 C:\xampp\htdocs\exiaa-material-api\vendor\codeigniter4\framework\system\Boot.php(334): CodeIgniter\CodeIgniter->run()
#12 C:\xampp\htdocs\exiaa-material-api\vendor\codeigniter4\framework\system\Boot.php(67): CodeIgniter\Boot::runCodeIgniter(Object(CodeIgniter\CodeIgniter))
#13 C:\xampp\htdocs\exiaa-material-api\public\index.php(56): CodeIgniter\Boot::bootWeb(Object(Config\Paths))
#14 C:\xampp\htdocs\exiaa-material-api\vendor\codeigniter4\framework\system\rewrite.php(44): require_once('C:\\xampp\\htdocs...')
#15 {main}
ERROR - 2025-08-07 05:44:26 --> Transaction failed while inserting fee mappings
ERROR - 2025-08-07 05:44:26 --> mysqli_sql_exception: Operand should contain 1 column(s) in C:\xampp\htdocs\exiaa-material-api\vendor\codeigniter4\framework\system\Database\MySQLi\Connection.php:312
Stack trace:
#0 C:\xampp\htdocs\exiaa-material-api\vendor\codeigniter4\framework\system\Database\MySQLi\Connection.php(312): mysqli->query('INSERT INTO `it...', 0)
#1 C:\xampp\htdocs\exiaa-material-api\vendor\codeigniter4\framework\system\Database\BaseConnection.php(734): CodeIgniter\Database\MySQLi\Connection->execute('INSERT INTO `it...')
#2 C:\xampp\htdocs\exiaa-material-api\vendor\codeigniter4\framework\system\Database\BaseConnection.php(648): CodeIgniter\Database\BaseConnection->simpleQuery('INSERT INTO `it...')
#3 C:\xampp\htdocs\exiaa-material-api\vendor\codeigniter4\framework\system\Database\BaseBuilder.php(2340): CodeIgniter\Database\BaseConnection->query('INSERT INTO `it...', Array, false)
#4 C:\xampp\htdocs\exiaa-material-api\vendor\codeigniter4\framework\system\Model.php(394): CodeIgniter\Database\BaseBuilder->insert()
#5 C:\xampp\htdocs\exiaa-material-api\vendor\codeigniter4\framework\system\BaseModel.php(839): CodeIgniter\Model->doInsert(Array)
#6 C:\xampp\htdocs\exiaa-material-api\vendor\codeigniter4\framework\system\Model.php(800): CodeIgniter\BaseModel->insert(Array, true)
#7 C:\xampp\htdocs\exiaa-material-api\app\Controllers\Course.php(317): CodeIgniter\Model->insert(Array)
#8 C:\xampp\htdocs\exiaa-material-api\vendor\codeigniter4\framework\system\CodeIgniter.php(933): App\Controllers\Course->create()
#9 C:\xampp\htdocs\exiaa-material-api\vendor\codeigniter4\framework\system\CodeIgniter.php(509): CodeIgniter\CodeIgniter->runController(Object(App\Controllers\Course))
#10 C:\xampp\htdocs\exiaa-material-api\vendor\codeigniter4\framework\system\CodeIgniter.php(355): CodeIgniter\CodeIgniter->handleRequest(NULL, Object(Config\Cache), false)
#11 C:\xampp\htdocs\exiaa-material-api\vendor\codeigniter4\framework\system\Boot.php(334): CodeIgniter\CodeIgniter->run()
#12 C:\xampp\htdocs\exiaa-material-api\vendor\codeigniter4\framework\system\Boot.php(67): CodeIgniter\Boot::runCodeIgniter(Object(CodeIgniter\CodeIgniter))
#13 C:\xampp\htdocs\exiaa-material-api\public\index.php(56): CodeIgniter\Boot::bootWeb(Object(Config\Paths))
#14 C:\xampp\htdocs\exiaa-material-api\vendor\codeigniter4\framework\system\rewrite.php(44): require_once('C:\\xampp\\htdocs...')
#15 {main}
ERROR - 2025-08-07 05:44:26 --> Transaction failed while inserting subject mappings
ERROR - 2025-08-07 05:44:27 --> CORS Filter
ERROR - 2025-08-07 05:44:27 --> Origin: http://localhost:4200
ERROR - 2025-08-07 05:44:27 --> CORS Filter
ERROR - 2025-08-07 05:44:27 --> Origin: http://localhost:4200
ERROR - 2025-08-07 05:44:37 --> CORS Filter
ERROR - 2025-08-07 05:44:37 --> Origin: http://localhost:4200
ERROR - 2025-08-07 05:44:37 --> CORS Filter
ERROR - 2025-08-07 05:44:37 --> Origin: http://localhost:4200
ERROR - 2025-08-07 05:44:41 --> CORS Filter
ERROR - 2025-08-07 05:44:41 --> Origin: http://localhost:4200
ERROR - 2025-08-07 05:44:41 --> CORS Filter
ERROR - 2025-08-07 05:44:41 --> Origin: http://localhost:4200
ERROR - 2025-08-07 05:44:43 --> CORS Filter
ERROR - 2025-08-07 05:44:43 --> Origin: http://localhost:4200
ERROR - 2025-08-07 05:44:44 --> CORS Filter
ERROR - 2025-08-07 05:44:44 --> Origin: http://localhost:4200
ERROR - 2025-08-07 06:13:53 --> CORS Filter
ERROR - 2025-08-07 06:13:53 --> Origin: http://localhost:4200
ERROR - 2025-08-07 06:13:53 --> CORS Filter
ERROR - 2025-08-07 06:13:53 --> Origin: http://localhost:4200
ERROR - 2025-08-07 06:24:28 --> CORS Filter
ERROR - 2025-08-07 06:24:28 --> Origin: http://localhost:4200
ERROR - 2025-08-07 06:24:28 --> CORS Filter
ERROR - 2025-08-07 06:24:28 --> Origin: http://localhost:4200
ERROR - 2025-08-07 06:24:28 --> CORS Filter
ERROR - 2025-08-07 06:24:28 --> Origin: http://localhost:4200
ERROR - 2025-08-07 06:24:29 --> CORS Filter
ERROR - 2025-08-07 06:24:29 --> Origin: http://localhost:4200
ERROR - 2025-08-07 06:24:29 --> CORS Filter
ERROR - 2025-08-07 06:24:29 --> Origin: http://localhost:4200
ERROR - 2025-08-07 06:24:29 --> CORS Filter
ERROR - 2025-08-07 06:24:29 --> Origin: http://localhost:4200
ERROR - 2025-08-07 06:24:29 --> CORS Filter
ERROR - 2025-08-07 06:24:29 --> Origin: http://localhost:4200
ERROR - 2025-08-07 06:24:29 --> CORS Filter
ERROR - 2025-08-07 06:24:29 --> Origin: http://localhost:4200
ERROR - 2025-08-07 06:24:29 --> CORS Filter
ERROR - 2025-08-07 06:24:29 --> Origin: http://localhost:4200
ERROR - 2025-08-07 06:24:29 --> CORS Filter
ERROR - 2025-08-07 06:24:29 --> Origin: http://localhost:4200
ERROR - 2025-08-07 06:24:29 --> CORS Filter
ERROR - 2025-08-07 06:24:29 --> Origin: http://localhost:4200
ERROR - 2025-08-07 06:24:29 --> CORS Filter
ERROR - 2025-08-07 06:24:29 --> Origin: http://localhost:4200
ERROR - 2025-08-07 06:24:29 --> CORS Filter
ERROR - 2025-08-07 06:24:29 --> Origin: http://localhost:4200
ERROR - 2025-08-07 06:24:30 --> CORS Filter
ERROR - 2025-08-07 06:24:30 --> Origin: http://localhost:4200
ERROR - 2025-08-07 06:24:30 --> CORS Filter
ERROR - 2025-08-07 06:24:30 --> Origin: http://localhost:4200
ERROR - 2025-08-07 06:24:30 --> CORS Filter
ERROR - 2025-08-07 06:24:30 --> Origin: http://localhost:4200
ERROR - 2025-08-07 06:24:30 --> CORS Filter
ERROR - 2025-08-07 06:24:30 --> Origin: http://localhost:4200
ERROR - 2025-08-07 06:24:30 --> CORS Filter
ERROR - 2025-08-07 06:24:30 --> Origin: http://localhost:4200
ERROR - 2025-08-07 06:24:30 --> CORS Filter
ERROR - 2025-08-07 06:24:30 --> Origin: http://localhost:4200
ERROR - 2025-08-07 06:24:30 --> CORS Filter
ERROR - 2025-08-07 06:24:30 --> Origin: http://localhost:4200
ERROR - 2025-08-07 06:24:30 --> CORS Filter
ERROR - 2025-08-07 06:24:30 --> Origin: http://localhost:4200
ERROR - 2025-08-07 06:24:30 --> CORS Filter
ERROR - 2025-08-07 06:24:30 --> Origin: http://localhost:4200
ERROR - 2025-08-07 06:24:31 --> CORS Filter
ERROR - 2025-08-07 06:24:31 --> Origin: http://localhost:4200
ERROR - 2025-08-07 06:24:31 --> CORS Filter
ERROR - 2025-08-07 06:24:31 --> Origin: http://localhost:4200
ERROR - 2025-08-07 06:24:31 --> CORS Filter
ERROR - 2025-08-07 06:24:31 --> Origin: http://localhost:4200
ERROR - 2025-08-07 06:24:31 --> CORS Filter
ERROR - 2025-08-07 06:24:31 --> Origin: http://localhost:4200
ERROR - 2025-08-07 06:24:31 --> CORS Filter
ERROR - 2025-08-07 06:24:31 --> Origin: http://localhost:4200
ERROR - 2025-08-07 06:24:31 --> CORS Filter
ERROR - 2025-08-07 06:24:31 --> Origin: http://localhost:4200
ERROR - 2025-08-07 06:24:31 --> CORS Filter
ERROR - 2025-08-07 06:24:31 --> Origin: http://localhost:4200
ERROR - 2025-08-07 06:24:31 --> CORS Filter
ERROR - 2025-08-07 06:24:31 --> Origin: http://localhost:4200
ERROR - 2025-08-07 06:24:32 --> CORS Filter
ERROR - 2025-08-07 06:24:32 --> Origin: http://localhost:4200
ERROR - 2025-08-07 06:24:32 --> CORS Filter
ERROR - 2025-08-07 06:24:32 --> Origin: http://localhost:4200
ERROR - 2025-08-07 06:24:32 --> CORS Filter
ERROR - 2025-08-07 06:24:32 --> Origin: http://localhost:4200
ERROR - 2025-08-07 06:24:32 --> CORS Filter
ERROR - 2025-08-07 06:24:32 --> Origin: http://localhost:4200
ERROR - 2025-08-07 06:24:32 --> CORS Filter
ERROR - 2025-08-07 06:24:32 --> Origin: http://localhost:4200
ERROR - 2025-08-07 06:24:32 --> CORS Filter
ERROR - 2025-08-07 06:24:32 --> Origin: http://localhost:4200
ERROR - 2025-08-07 06:24:32 --> CORS Filter
ERROR - 2025-08-07 06:24:32 --> Origin: http://localhost:4200
ERROR - 2025-08-07 06:24:32 --> CORS Filter
ERROR - 2025-08-07 06:24:32 --> Origin: http://localhost:4200
ERROR - 2025-08-07 06:24:32 --> CORS Filter
ERROR - 2025-08-07 06:24:32 --> Origin: http://localhost:4200
ERROR - 2025-08-07 06:24:33 --> CORS Filter
ERROR - 2025-08-07 06:24:33 --> Origin: http://localhost:4200
ERROR - 2025-08-07 06:24:33 --> CORS Filter
ERROR - 2025-08-07 06:24:33 --> Origin: http://localhost:4200
ERROR - 2025-08-07 06:24:33 --> CORS Filter
ERROR - 2025-08-07 06:24:33 --> Origin: http://localhost:4200
ERROR - 2025-08-07 06:24:33 --> CORS Filter
ERROR - 2025-08-07 06:24:33 --> Origin: http://localhost:4200
ERROR - 2025-08-07 06:24:33 --> CORS Filter
ERROR - 2025-08-07 06:24:33 --> Origin: http://localhost:4200
ERROR - 2025-08-07 06:24:33 --> CORS Filter
ERROR - 2025-08-07 06:24:33 --> Origin: http://localhost:4200
ERROR - 2025-08-07 06:24:33 --> CORS Filter
ERROR - 2025-08-07 06:24:33 --> Origin: http://localhost:4200
ERROR - 2025-08-07 06:24:33 --> CORS Filter
ERROR - 2025-08-07 06:24:33 --> Origin: http://localhost:4200
ERROR - 2025-08-07 06:24:34 --> CORS Filter
ERROR - 2025-08-07 06:24:34 --> Origin: http://localhost:4200
ERROR - 2025-08-07 06:24:34 --> CORS Filter
ERROR - 2025-08-07 06:24:34 --> Origin: http://localhost:4200
ERROR - 2025-08-07 06:24:34 --> CORS Filter
ERROR - 2025-08-07 06:24:34 --> Origin: http://localhost:4200
ERROR - 2025-08-07 06:24:34 --> CORS Filter
ERROR - 2025-08-07 06:24:34 --> Origin: http://localhost:4200
ERROR - 2025-08-07 06:24:34 --> CORS Filter
ERROR - 2025-08-07 06:24:34 --> Origin: http://localhost:4200
ERROR - 2025-08-07 06:24:34 --> CORS Filter
ERROR - 2025-08-07 06:24:34 --> Origin: http://localhost:4200
ERROR - 2025-08-07 06:24:34 --> CORS Filter
ERROR - 2025-08-07 06:24:34 --> Origin: http://localhost:4200
ERROR - 2025-08-07 07:01:43 --> CORS Filter
ERROR - 2025-08-07 07:01:43 --> Origin: http://localhost:4200
ERROR - 2025-08-07 07:01:43 --> CORS Filter
ERROR - 2025-08-07 07:01:43 --> Origin: http://localhost:4200
ERROR - 2025-08-07 07:01:44 --> CORS Filter
ERROR - 2025-08-07 07:01:44 --> Origin: http://localhost:4200
ERROR - 2025-08-07 07:01:44 --> CORS Filter
ERROR - 2025-08-07 07:01:44 --> Origin: http://localhost:4200
ERROR - 2025-08-07 07:01:44 --> CORS Filter
ERROR - 2025-08-07 07:01:45 --> Origin: http://localhost:4200
ERROR - 2025-08-07 07:01:45 --> CORS Filter
ERROR - 2025-08-07 07:01:45 --> Origin: http://localhost:4200
ERROR - 2025-08-07 07:01:45 --> CORS Filter
ERROR - 2025-08-07 07:01:45 --> Origin: http://localhost:4200
ERROR - 2025-08-07 07:01:46 --> CORS Filter
ERROR - 2025-08-07 07:01:46 --> Origin: http://localhost:4200
ERROR - 2025-08-07 07:01:56 --> CORS Filter
ERROR - 2025-08-07 07:01:56 --> Origin: http://localhost:4200
ERROR - 2025-08-07 07:01:56 --> CORS Filter
ERROR - 2025-08-07 07:01:56 --> Origin: http://localhost:4200
ERROR - 2025-08-07 07:01:59 --> CORS Filter
ERROR - 2025-08-07 07:01:59 --> Origin: http://localhost:4200
ERROR - 2025-08-07 07:01:59 --> CORS Filter
ERROR - 2025-08-07 07:01:59 --> Origin: http://localhost:4200
ERROR - 2025-08-07 07:03:11 --> CORS Filter
ERROR - 2025-08-07 07:03:11 --> Origin: http://localhost:4200
ERROR - 2025-08-07 07:03:11 --> CORS Filter
ERROR - 2025-08-07 07:03:11 --> Origin: http://localhost:4200
ERROR - 2025-08-07 07:03:12 --> CORS Filter
ERROR - 2025-08-07 07:03:12 --> Origin: http://localhost:4200
ERROR - 2025-08-07 07:03:12 --> CORS Filter
ERROR - 2025-08-07 07:03:12 --> Origin: http://localhost:4200
ERROR - 2025-08-07 07:03:12 --> CORS Filter
ERROR - 2025-08-07 07:03:12 --> Origin: http://localhost:4200
ERROR - 2025-08-07 07:03:13 --> CORS Filter
ERROR - 2025-08-07 07:03:13 --> Origin: http://localhost:4200
ERROR - 2025-08-07 07:05:15 --> CORS Filter
ERROR - 2025-08-07 07:05:15 --> Origin: http://localhost:4200
ERROR - 2025-08-07 07:05:15 --> CORS Filter
ERROR - 2025-08-07 07:05:15 --> Origin: http://localhost:4200
ERROR - 2025-08-07 07:05:15 --> CORS Filter
ERROR - 2025-08-07 07:05:15 --> Origin: http://localhost:4200
ERROR - 2025-08-07 07:05:15 --> CORS Filter
ERROR - 2025-08-07 07:05:15 --> Origin: http://localhost:4200
ERROR - 2025-08-07 07:05:16 --> CORS Filter
ERROR - 2025-08-07 07:05:16 --> Origin: http://localhost:4200
ERROR - 2025-08-07 07:05:16 --> CORS Filter
ERROR - 2025-08-07 07:05:16 --> Origin: http://localhost:4200
ERROR - 2025-08-07 07:07:06 --> CORS Filter
ERROR - 2025-08-07 07:07:06 --> Origin: http://localhost:4200
ERROR - 2025-08-07 07:07:06 --> CORS Filter
ERROR - 2025-08-07 07:07:06 --> Origin: http://localhost:4200
ERROR - 2025-08-07 07:07:06 --> CORS Filter
ERROR - 2025-08-07 07:07:06 --> Origin: http://localhost:4200
ERROR - 2025-08-07 07:07:06 --> CORS Filter
ERROR - 2025-08-07 07:07:06 --> Origin: http://localhost:4200
ERROR - 2025-08-07 07:07:06 --> CORS Filter
ERROR - 2025-08-07 07:07:06 --> Origin: http://localhost:4200
ERROR - 2025-08-07 07:07:06 --> CORS Filter
ERROR - 2025-08-07 07:07:06 --> Origin: http://localhost:4200
ERROR - 2025-08-07 07:07:29 --> CORS Filter
ERROR - 2025-08-07 07:07:29 --> Origin: http://localhost:4200
ERROR - 2025-08-07 07:07:29 --> CORS Filter
ERROR - 2025-08-07 07:07:29 --> Origin: http://localhost:4200
ERROR - 2025-08-07 07:09:32 --> CORS Filter
ERROR - 2025-08-07 07:09:32 --> Origin: http://localhost:4200
ERROR - 2025-08-07 07:09:32 --> CORS Filter
ERROR - 2025-08-07 07:09:32 --> Origin: http://localhost:4200
ERROR - 2025-08-07 07:09:32 --> CORS Filter
ERROR - 2025-08-07 07:09:32 --> Origin: http://localhost:4200
ERROR - 2025-08-07 07:09:32 --> CORS Filter
ERROR - 2025-08-07 07:09:32 --> Origin: http://localhost:4200
ERROR - 2025-08-07 07:09:33 --> CORS Filter
ERROR - 2025-08-07 07:09:33 --> Origin: http://localhost:4200
ERROR - 2025-08-07 07:09:33 --> CORS Filter
ERROR - 2025-08-07 07:09:33 --> Origin: http://localhost:4200
ERROR - 2025-08-07 07:09:42 --> CORS Filter
ERROR - 2025-08-07 07:09:42 --> Origin: http://localhost:4200
ERROR - 2025-08-07 07:09:42 --> CORS Filter
ERROR - 2025-08-07 07:09:42 --> Origin: http://localhost:4200
ERROR - 2025-08-07 07:12:56 --> CORS Filter
ERROR - 2025-08-07 07:12:56 --> Origin: http://localhost:4200
ERROR - 2025-08-07 07:12:56 --> CORS Filter
ERROR - 2025-08-07 07:12:56 --> Origin: http://localhost:4200
ERROR - 2025-08-07 07:12:56 --> CORS Filter
ERROR - 2025-08-07 07:12:56 --> Origin: http://localhost:4200
ERROR - 2025-08-07 07:12:57 --> CORS Filter
ERROR - 2025-08-07 07:12:57 --> Origin: http://localhost:4200
ERROR - 2025-08-07 07:12:57 --> CORS Filter
ERROR - 2025-08-07 07:12:57 --> Origin: http://localhost:4200
ERROR - 2025-08-07 07:12:57 --> CORS Filter
ERROR - 2025-08-07 07:12:57 --> Origin: http://localhost:4200
ERROR - 2025-08-07 07:16:06 --> CORS Filter
ERROR - 2025-08-07 07:16:06 --> Origin: http://localhost:4200
ERROR - 2025-08-07 07:16:06 --> CORS Filter
ERROR - 2025-08-07 07:16:06 --> Origin: http://localhost:4200
ERROR - 2025-08-07 07:16:06 --> CORS Filter
ERROR - 2025-08-07 07:16:06 --> Origin: http://localhost:4200
ERROR - 2025-08-07 07:16:06 --> CORS Filter
ERROR - 2025-08-07 07:16:06 --> Origin: http://localhost:4200
ERROR - 2025-08-07 07:16:08 --> CORS Filter
ERROR - 2025-08-07 07:16:08 --> Origin: http://localhost:4200
ERROR - 2025-08-07 07:16:08 --> CORS Filter
ERROR - 2025-08-07 07:16:08 --> Origin: http://localhost:4200
ERROR - 2025-08-07 07:16:08 --> CORS Filter
ERROR - 2025-08-07 07:16:08 --> Origin: http://localhost:4200
ERROR - 2025-08-07 07:16:08 --> CORS Filter
ERROR - 2025-08-07 07:16:08 --> Origin: http://localhost:4200
ERROR - 2025-08-07 07:16:28 --> CORS Filter
ERROR - 2025-08-07 07:16:28 --> Origin: http://localhost:4200
ERROR - 2025-08-07 07:16:28 --> CORS Filter
ERROR - 2025-08-07 07:16:28 --> Origin: http://localhost:4200
ERROR - 2025-08-07 07:16:28 --> CORS Filter
ERROR - 2025-08-07 07:16:28 --> Origin: http://localhost:4200
ERROR - 2025-08-07 07:16:28 --> CORS Filter
ERROR - 2025-08-07 07:16:28 --> Origin: http://localhost:4200
ERROR - 2025-08-07 07:16:31 --> CORS Filter
ERROR - 2025-08-07 07:16:31 --> Origin: http://localhost:4200
ERROR - 2025-08-07 07:16:31 --> CORS Filter
ERROR - 2025-08-07 07:16:31 --> Origin: http://localhost:4200
ERROR - 2025-08-07 07:16:33 --> CORS Filter
ERROR - 2025-08-07 07:16:33 --> Origin: http://localhost:4200
ERROR - 2025-08-07 07:16:34 --> CORS Filter
ERROR - 2025-08-07 07:16:34 --> Origin: http://localhost:4200
ERROR - 2025-08-07 07:16:34 --> CORS Filter
ERROR - 2025-08-07 07:16:34 --> Origin: http://localhost:4200
ERROR - 2025-08-07 07:16:34 --> CORS Filter
ERROR - 2025-08-07 07:16:34 --> Origin: http://localhost:4200
ERROR - 2025-08-07 07:17:07 --> CORS Filter
ERROR - 2025-08-07 07:17:07 --> Origin: http://localhost:4200
ERROR - 2025-08-07 07:17:07 --> CORS Filter
ERROR - 2025-08-07 07:17:07 --> Origin: http://localhost:4200
ERROR - 2025-08-07 07:17:08 --> CORS Filter
ERROR - 2025-08-07 07:17:08 --> Origin: http://localhost:4200
ERROR - 2025-08-07 07:17:08 --> CORS Filter
ERROR - 2025-08-07 07:17:08 --> Origin: http://localhost:4200
ERROR - 2025-08-07 07:21:35 --> CORS Filter
ERROR - 2025-08-07 07:21:35 --> Origin: http://localhost:4200
ERROR - 2025-08-07 07:21:35 --> CORS Filter
ERROR - 2025-08-07 07:21:35 --> Origin: http://localhost:4200
ERROR - 2025-08-07 07:21:35 --> CORS Filter
ERROR - 2025-08-07 07:21:35 --> Origin: http://localhost:4200
ERROR - 2025-08-07 07:21:36 --> CORS Filter
ERROR - 2025-08-07 07:21:36 --> Origin: http://localhost:4200
ERROR - 2025-08-07 07:21:51 --> CORS Filter
ERROR - 2025-08-07 07:21:51 --> Origin: http://localhost:4200
ERROR - 2025-08-07 07:21:51 --> CORS Filter
ERROR - 2025-08-07 07:21:51 --> Origin: http://localhost:4200
ERROR - 2025-08-07 07:21:51 --> CORS Filter
ERROR - 2025-08-07 07:21:51 --> Origin: http://localhost:4200
ERROR - 2025-08-07 07:21:51 --> CORS Filter
ERROR - 2025-08-07 07:21:51 --> Origin: http://localhost:4200
ERROR - 2025-08-07 07:22:28 --> CORS Filter
ERROR - 2025-08-07 07:22:28 --> Origin: http://localhost:4200
ERROR - 2025-08-07 07:22:28 --> CORS Filter
ERROR - 2025-08-07 07:22:28 --> Origin: http://localhost:4200
ERROR - 2025-08-07 07:22:29 --> CORS Filter
ERROR - 2025-08-07 07:22:29 --> Origin: http://localhost:4200
ERROR - 2025-08-07 07:22:29 --> CORS Filter
ERROR - 2025-08-07 07:22:29 --> Origin: http://localhost:4200
ERROR - 2025-08-07 07:22:44 --> CORS Filter
ERROR - 2025-08-07 07:22:44 --> Origin: http://localhost:4200
ERROR - 2025-08-07 07:22:44 --> CORS Filter
ERROR - 2025-08-07 07:22:44 --> Origin: http://localhost:4200
ERROR - 2025-08-07 07:22:44 --> CORS Filter
ERROR - 2025-08-07 07:22:44 --> Origin: http://localhost:4200
ERROR - 2025-08-07 07:22:44 --> CORS Filter
ERROR - 2025-08-07 07:22:44 --> Origin: http://localhost:4200
ERROR - 2025-08-07 07:22:44 --> CORS Filter
ERROR - 2025-08-07 07:22:44 --> Origin: http://localhost:4200
ERROR - 2025-08-07 07:22:45 --> CORS Filter
ERROR - 2025-08-07 07:22:45 --> Origin: http://localhost:4200
ERROR - 2025-08-07 07:22:45 --> CORS Filter
ERROR - 2025-08-07 07:22:45 --> Origin: http://localhost:4200
ERROR - 2025-08-07 07:22:45 --> CORS Filter
ERROR - 2025-08-07 07:22:45 --> Origin: http://localhost:4200
ERROR - 2025-08-07 07:22:50 --> CORS Filter
ERROR - 2025-08-07 07:22:50 --> Origin: http://localhost:4200
ERROR - 2025-08-07 07:22:50 --> CORS Filter
ERROR - 2025-08-07 07:22:50 --> Origin: http://localhost:4200
ERROR - 2025-08-07 07:22:50 --> CORS Filter
ERROR - 2025-08-07 07:22:50 --> Origin: http://localhost:4200
ERROR - 2025-08-07 07:22:50 --> CORS Filter
ERROR - 2025-08-07 07:22:50 --> Origin: http://localhost:4200
ERROR - 2025-08-07 07:22:50 --> CORS Filter
ERROR - 2025-08-07 07:22:50 --> Origin: http://localhost:4200
ERROR - 2025-08-07 07:22:51 --> CORS Filter
ERROR - 2025-08-07 07:22:51 --> Origin: http://localhost:4200
ERROR - 2025-08-07 07:22:51 --> CORS Filter
ERROR - 2025-08-07 07:22:51 --> Origin: http://localhost:4200
ERROR - 2025-08-07 07:22:51 --> CORS Filter
ERROR - 2025-08-07 07:22:51 --> Origin: http://localhost:4200
ERROR - 2025-08-07 07:23:05 --> CORS Filter
ERROR - 2025-08-07 07:23:05 --> Origin: http://localhost:4200
ERROR - 2025-08-07 07:23:05 --> CORS Filter
ERROR - 2025-08-07 07:23:05 --> Origin: http://localhost:4200
ERROR - 2025-08-07 07:23:11 --> CORS Filter
ERROR - 2025-08-07 07:23:11 --> Origin: http://localhost:4200
ERROR - 2025-08-07 07:23:11 --> CORS Filter
ERROR - 2025-08-07 07:23:11 --> Origin: http://localhost:4200
ERROR - 2025-08-07 07:23:19 --> CORS Filter
ERROR - 2025-08-07 07:23:19 --> Origin: http://localhost:4200
ERROR - 2025-08-07 07:23:19 --> CORS Filter
ERROR - 2025-08-07 07:23:19 --> Origin: http://localhost:4200
ERROR - 2025-08-07 07:23:19 --> CORS Filter
ERROR - 2025-08-07 07:23:19 --> Origin: http://localhost:4200
ERROR - 2025-08-07 07:23:19 --> CORS Filter
ERROR - 2025-08-07 07:23:19 --> Origin: http://localhost:4200
ERROR - 2025-08-07 07:23:26 --> CORS Filter
ERROR - 2025-08-07 07:23:26 --> Origin: http://localhost:4200
ERROR - 2025-08-07 07:23:27 --> CORS Filter
ERROR - 2025-08-07 07:23:27 --> Origin: http://localhost:4200
ERROR - 2025-08-07 07:26:50 --> CORS Filter
ERROR - 2025-08-07 07:26:50 --> Origin: http://localhost:4200
ERROR - 2025-08-07 07:26:50 --> CORS Filter
ERROR - 2025-08-07 07:26:50 --> Origin: http://localhost:4200
ERROR - 2025-08-07 07:26:51 --> CORS Filter
ERROR - 2025-08-07 07:26:51 --> Origin: http://localhost:4200
ERROR - 2025-08-07 07:26:51 --> CORS Filter
ERROR - 2025-08-07 07:26:51 --> Origin: http://localhost:4200
ERROR - 2025-08-07 07:26:52 --> CORS Filter
ERROR - 2025-08-07 07:26:52 --> Origin: http://localhost:4200
ERROR - 2025-08-07 07:26:52 --> CORS Filter
ERROR - 2025-08-07 07:26:52 --> Origin: http://localhost:4200
ERROR - 2025-08-07 07:27:16 --> CORS Filter
ERROR - 2025-08-07 07:27:16 --> Origin: http://localhost:4200
ERROR - 2025-08-07 07:27:16 --> CORS Filter
ERROR - 2025-08-07 07:27:16 --> Origin: http://localhost:4200
ERROR - 2025-08-07 07:27:16 --> CORS Filter
ERROR - 2025-08-07 07:27:16 --> Origin: http://localhost:4200
ERROR - 2025-08-07 07:27:16 --> CORS Filter
ERROR - 2025-08-07 07:27:16 --> Origin: http://localhost:4200
ERROR - 2025-08-07 07:27:16 --> CORS Filter
ERROR - 2025-08-07 07:27:16 --> Origin: http://localhost:4200
ERROR - 2025-08-07 07:27:16 --> CORS Filter
ERROR - 2025-08-07 07:27:16 --> Origin: http://localhost:4200
ERROR - 2025-08-07 07:27:58 --> CORS Filter
ERROR - 2025-08-07 07:27:58 --> Origin: http://localhost:4200
ERROR - 2025-08-07 07:27:58 --> CORS Filter
ERROR - 2025-08-07 07:27:58 --> Origin: http://localhost:4200
ERROR - 2025-08-07 07:27:59 --> CORS Filter
ERROR - 2025-08-07 07:27:59 --> Origin: http://localhost:4200
ERROR - 2025-08-07 07:27:59 --> CORS Filter
ERROR - 2025-08-07 07:27:59 --> Origin: http://localhost:4200
ERROR - 2025-08-07 07:28:02 --> CORS Filter
ERROR - 2025-08-07 07:28:02 --> Origin: http://localhost:4200
ERROR - 2025-08-07 07:28:02 --> CORS Filter
ERROR - 2025-08-07 07:28:02 --> Origin: http://localhost:4200
ERROR - 2025-08-07 07:28:09 --> CORS Filter
ERROR - 2025-08-07 07:28:09 --> Origin: http://localhost:4200
ERROR - 2025-08-07 07:28:09 --> CORS Filter
ERROR - 2025-08-07 07:28:09 --> Origin: http://localhost:4200
ERROR - 2025-08-07 07:28:26 --> CORS Filter
ERROR - 2025-08-07 07:28:26 --> Origin: http://localhost:4200
ERROR - 2025-08-07 07:28:27 --> CORS Filter
ERROR - 2025-08-07 07:28:27 --> Origin: http://localhost:4200
ERROR - 2025-08-07 07:28:27 --> CORS Filter
ERROR - 2025-08-07 07:28:27 --> Origin: http://localhost:4200
ERROR - 2025-08-07 07:28:27 --> CORS Filter
ERROR - 2025-08-07 07:28:27 --> Origin: http://localhost:4200
ERROR - 2025-08-07 07:28:27 --> CORS Filter
ERROR - 2025-08-07 07:28:27 --> Origin: http://localhost:4200
ERROR - 2025-08-07 07:28:28 --> CORS Filter
ERROR - 2025-08-07 07:28:28 --> Origin: http://localhost:4200
ERROR - 2025-08-07 07:28:30 --> CORS Filter
ERROR - 2025-08-07 07:28:30 --> Origin: http://localhost:4200
ERROR - 2025-08-07 07:28:34 --> CORS Filter
ERROR - 2025-08-07 07:28:34 --> Origin: http://localhost:4200
ERROR - 2025-08-07 07:28:34 --> CORS Filter
ERROR - 2025-08-07 07:28:34 --> Origin: http://localhost:4200
ERROR - 2025-08-07 07:28:48 --> CORS Filter
ERROR - 2025-08-07 07:28:48 --> Origin: http://localhost:4200
ERROR - 2025-08-07 07:28:48 --> CORS Filter
ERROR - 2025-08-07 07:28:48 --> Origin: http://localhost:4200
ERROR - 2025-08-07 07:28:48 --> CORS Filter
ERROR - 2025-08-07 07:28:48 --> Origin: http://localhost:4200
ERROR - 2025-08-07 07:28:48 --> CORS Filter
ERROR - 2025-08-07 07:28:48 --> Origin: http://localhost:4200
ERROR - 2025-08-07 07:28:48 --> CORS Filter
ERROR - 2025-08-07 07:28:48 --> Origin: http://localhost:4200
ERROR - 2025-08-07 07:28:48 --> CORS Filter
ERROR - 2025-08-07 07:28:48 --> Origin: http://localhost:4200
ERROR - 2025-08-07 07:29:13 --> CORS Filter
ERROR - 2025-08-07 07:29:13 --> Origin: http://localhost:4200
ERROR - 2025-08-07 07:29:14 --> CORS Filter
ERROR - 2025-08-07 07:29:14 --> Origin: http://localhost:4200
ERROR - 2025-08-07 07:29:14 --> CORS Filter
ERROR - 2025-08-07 07:29:14 --> Origin: http://localhost:4200
ERROR - 2025-08-07 07:29:14 --> CORS Filter
ERROR - 2025-08-07 07:29:14 --> Origin: http://localhost:4200
ERROR - 2025-08-07 07:59:14 --> CORS Filter
ERROR - 2025-08-07 07:59:14 --> Origin: http://localhost:4200
ERROR - 2025-08-07 07:59:14 --> CORS Filter
ERROR - 2025-08-07 07:59:14 --> Origin: http://localhost:4200
ERROR - 2025-08-07 07:59:17 --> CORS Filter
ERROR - 2025-08-07 07:59:17 --> Origin: http://localhost:4200
ERROR - 2025-08-07 07:59:17 --> CORS Filter
ERROR - 2025-08-07 07:59:17 --> Origin: http://localhost:4200
ERROR - 2025-08-07 07:59:18 --> CORS Filter
ERROR - 2025-08-07 07:59:18 --> Origin: http://localhost:4200
ERROR - 2025-08-07 07:59:19 --> CORS Filter
ERROR - 2025-08-07 07:59:19 --> Origin: http://localhost:4200
ERROR - 2025-08-07 07:59:28 --> CORS Filter
ERROR - 2025-08-07 07:59:28 --> Origin: http://localhost:4200
ERROR - 2025-08-07 07:59:28 --> CORS Filter
ERROR - 2025-08-07 07:59:28 --> Origin: http://localhost:4200
ERROR - 2025-08-07 07:59:28 --> CORS Filter
ERROR - 2025-08-07 07:59:28 --> Origin: http://localhost:4200
ERROR - 2025-08-07 07:59:29 --> CORS Filter
ERROR - 2025-08-07 07:59:29 --> Origin: http://localhost:4200
ERROR - 2025-08-07 07:59:30 --> CORS Filter
ERROR - 2025-08-07 07:59:30 --> Origin: http://localhost:4200
ERROR - 2025-08-07 07:59:30 --> CORS Filter
ERROR - 2025-08-07 07:59:30 --> Origin: http://localhost:4200
ERROR - 2025-08-07 07:59:33 --> CORS Filter
ERROR - 2025-08-07 07:59:33 --> Origin: http://localhost:4200
ERROR - 2025-08-07 07:59:33 --> CORS Filter
ERROR - 2025-08-07 07:59:33 --> Origin: http://localhost:4200
ERROR - 2025-08-07 07:59:59 --> CORS Filter
ERROR - 2025-08-07 08:00:00 --> Origin: http://localhost:4200
ERROR - 2025-08-07 08:00:00 --> CORS Filter
ERROR - 2025-08-07 08:00:00 --> Origin: http://localhost:4200
ERROR - 2025-08-07 08:00:01 --> CORS Filter
ERROR - 2025-08-07 08:00:01 --> Origin: http://localhost:4200
ERROR - 2025-08-07 08:00:01 --> CORS Filter
ERROR - 2025-08-07 08:00:01 --> Origin: http://localhost:4200
ERROR - 2025-08-07 08:00:11 --> CORS Filter
ERROR - 2025-08-07 08:00:11 --> Origin: http://localhost:4200
ERROR - 2025-08-07 08:00:11 --> CORS Filter
ERROR - 2025-08-07 08:00:11 --> Origin: http://localhost:4200
ERROR - 2025-08-07 08:00:11 --> CORS Filter
ERROR - 2025-08-07 08:00:11 --> Origin: http://localhost:4200
ERROR - 2025-08-07 08:00:11 --> CORS Filter
ERROR - 2025-08-07 08:00:11 --> Origin: http://localhost:4200
ERROR - 2025-08-07 08:00:33 --> CORS Filter
ERROR - 2025-08-07 08:00:33 --> Origin: http://localhost:4200
ERROR - 2025-08-07 08:00:33 --> CORS Filter
ERROR - 2025-08-07 08:00:33 --> Origin: http://localhost:4200
ERROR - 2025-08-07 08:00:33 --> CORS Filter
ERROR - 2025-08-07 08:00:33 --> Origin: http://localhost:4200
ERROR - 2025-08-07 08:00:33 --> CORS Filter
ERROR - 2025-08-07 08:00:33 --> Origin: http://localhost:4200
ERROR - 2025-08-07 08:00:41 --> CORS Filter
ERROR - 2025-08-07 08:00:41 --> Origin: http://localhost:4200
ERROR - 2025-08-07 08:00:41 --> CORS Filter
ERROR - 2025-08-07 08:00:41 --> Origin: http://localhost:4200
ERROR - 2025-08-07 08:00:42 --> CORS Filter
ERROR - 2025-08-07 08:00:42 --> Origin: http://localhost:4200
ERROR - 2025-08-07 08:00:42 --> CORS Filter
ERROR - 2025-08-07 08:00:42 --> Origin: http://localhost:4200
ERROR - 2025-08-07 08:00:51 --> CORS Filter
ERROR - 2025-08-07 08:00:51 --> Origin: http://localhost:4200
ERROR - 2025-08-07 08:00:51 --> CORS Filter
ERROR - 2025-08-07 08:00:51 --> Origin: http://localhost:4200
ERROR - 2025-08-07 08:00:52 --> CORS Filter
ERROR - 2025-08-07 08:00:52 --> Origin: http://localhost:4200
ERROR - 2025-08-07 08:00:52 --> CORS Filter
ERROR - 2025-08-07 08:00:52 --> Origin: http://localhost:4200
ERROR - 2025-08-07 08:01:40 --> CORS Filter
ERROR - 2025-08-07 08:01:40 --> Origin: http://localhost:4200
ERROR - 2025-08-07 08:01:40 --> CORS Filter
ERROR - 2025-08-07 08:01:40 --> Origin: http://localhost:4200
ERROR - 2025-08-07 08:01:40 --> CORS Filter
ERROR - 2025-08-07 08:01:40 --> Origin: http://localhost:4200
ERROR - 2025-08-07 08:01:41 --> CORS Filter
ERROR - 2025-08-07 08:01:41 --> Origin: http://localhost:4200
ERROR - 2025-08-07 08:01:41 --> CORS Filter
ERROR - 2025-08-07 08:01:41 --> Origin: http://localhost:4200
ERROR - 2025-08-07 08:01:41 --> CORS Filter
ERROR - 2025-08-07 08:01:41 --> Origin: http://localhost:4200
ERROR - 2025-08-07 08:01:41 --> CORS Filter
ERROR - 2025-08-07 08:01:41 --> Origin: http://localhost:4200
ERROR - 2025-08-07 08:01:41 --> CORS Filter
ERROR - 2025-08-07 08:01:41 --> Origin: http://localhost:4200
ERROR - 2025-08-07 08:01:41 --> CORS Filter
ERROR - 2025-08-07 08:01:41 --> Origin: http://localhost:4200
ERROR - 2025-08-07 08:01:41 --> CORS Filter
ERROR - 2025-08-07 08:01:41 --> Origin: http://localhost:4200
ERROR - 2025-08-07 08:01:41 --> CORS Filter
ERROR - 2025-08-07 08:01:41 --> Origin: http://localhost:4200
ERROR - 2025-08-07 08:01:41 --> CORS Filter
ERROR - 2025-08-07 08:01:41 --> Origin: http://localhost:4200
ERROR - 2025-08-07 08:01:42 --> CORS Filter
ERROR - 2025-08-07 08:01:42 --> Origin: http://localhost:4200
ERROR - 2025-08-07 08:01:42 --> CORS Filter
ERROR - 2025-08-07 08:01:42 --> Origin: http://localhost:4200
ERROR - 2025-08-07 08:01:42 --> CORS Filter
ERROR - 2025-08-07 08:01:42 --> Origin: http://localhost:4200
ERROR - 2025-08-07 08:01:42 --> CORS Filter
ERROR - 2025-08-07 08:01:42 --> Origin: http://localhost:4200
ERROR - 2025-08-07 08:01:42 --> CORS Filter
ERROR - 2025-08-07 08:01:42 --> Origin: http://localhost:4200
ERROR - 2025-08-07 08:01:42 --> CORS Filter
ERROR - 2025-08-07 08:01:42 --> Origin: http://localhost:4200
ERROR - 2025-08-07 08:01:42 --> CORS Filter
ERROR - 2025-08-07 08:01:42 --> Origin: http://localhost:4200
ERROR - 2025-08-07 08:01:42 --> CORS Filter
ERROR - 2025-08-07 08:01:42 --> Origin: http://localhost:4200
ERROR - 2025-08-07 08:01:43 --> CORS Filter
ERROR - 2025-08-07 08:01:43 --> Origin: http://localhost:4200
ERROR - 2025-08-07 08:01:43 --> CORS Filter
ERROR - 2025-08-07 08:01:43 --> Origin: http://localhost:4200
ERROR - 2025-08-07 08:01:43 --> CORS Filter
ERROR - 2025-08-07 08:01:43 --> Origin: http://localhost:4200
ERROR - 2025-08-07 08:01:43 --> CORS Filter
ERROR - 2025-08-07 08:01:43 --> Origin: http://localhost:4200
ERROR - 2025-08-07 08:01:43 --> CORS Filter
ERROR - 2025-08-07 08:01:43 --> Origin: http://localhost:4200
ERROR - 2025-08-07 08:01:44 --> CORS Filter
ERROR - 2025-08-07 08:01:44 --> Origin: http://localhost:4200
ERROR - 2025-08-07 08:01:44 --> CORS Filter
ERROR - 2025-08-07 08:01:44 --> Origin: http://localhost:4200
ERROR - 2025-08-07 08:01:44 --> CORS Filter
ERROR - 2025-08-07 08:01:44 --> Origin: http://localhost:4200
ERROR - 2025-08-07 08:01:44 --> CORS Filter
ERROR - 2025-08-07 08:01:44 --> Origin: http://localhost:4200
ERROR - 2025-08-07 08:01:44 --> CORS Filter
ERROR - 2025-08-07 08:01:44 --> Origin: http://localhost:4200
ERROR - 2025-08-07 08:01:44 --> CORS Filter
ERROR - 2025-08-07 08:01:44 --> Origin: http://localhost:4200
ERROR - 2025-08-07 08:01:45 --> CORS Filter
ERROR - 2025-08-07 08:01:45 --> Origin: http://localhost:4200
ERROR - 2025-08-07 08:01:45 --> CORS Filter
ERROR - 2025-08-07 08:01:45 --> Origin: http://localhost:4200
ERROR - 2025-08-07 08:01:45 --> CORS Filter
ERROR - 2025-08-07 08:01:45 --> Origin: http://localhost:4200
ERROR - 2025-08-07 08:01:45 --> CORS Filter
ERROR - 2025-08-07 08:01:45 --> Origin: http://localhost:4200
ERROR - 2025-08-07 08:01:46 --> CORS Filter
ERROR - 2025-08-07 08:01:46 --> Origin: http://localhost:4200
ERROR - 2025-08-07 08:01:46 --> CORS Filter
ERROR - 2025-08-07 08:01:46 --> Origin: http://localhost:4200
ERROR - 2025-08-07 08:01:46 --> CORS Filter
ERROR - 2025-08-07 08:01:46 --> Origin: http://localhost:4200
ERROR - 2025-08-07 08:01:47 --> CORS Filter
ERROR - 2025-08-07 08:01:47 --> Origin: http://localhost:4200
ERROR - 2025-08-07 08:01:47 --> CORS Filter
ERROR - 2025-08-07 08:01:47 --> Origin: http://localhost:4200
ERROR - 2025-08-07 08:01:47 --> CORS Filter
ERROR - 2025-08-07 08:01:47 --> Origin: http://localhost:4200
ERROR - 2025-08-07 08:01:48 --> CORS Filter
ERROR - 2025-08-07 08:01:48 --> Origin: http://localhost:4200
ERROR - 2025-08-07 08:01:48 --> CORS Filter
ERROR - 2025-08-07 08:01:48 --> Origin: http://localhost:4200
ERROR - 2025-08-07 08:01:48 --> CORS Filter
ERROR - 2025-08-07 08:01:48 --> Origin: http://localhost:4200
ERROR - 2025-08-07 08:01:48 --> CORS Filter
ERROR - 2025-08-07 08:01:48 --> Origin: http://localhost:4200
ERROR - 2025-08-07 08:01:48 --> CORS Filter
ERROR - 2025-08-07 08:01:48 --> Origin: http://localhost:4200
ERROR - 2025-08-07 08:01:48 --> CORS Filter
ERROR - 2025-08-07 08:01:48 --> Origin: http://localhost:4200
ERROR - 2025-08-07 08:01:49 --> CORS Filter
ERROR - 2025-08-07 08:01:49 --> Origin: http://localhost:4200
ERROR - 2025-08-07 08:01:49 --> CORS Filter
ERROR - 2025-08-07 08:01:49 --> Origin: http://localhost:4200
ERROR - 2025-08-07 08:01:49 --> CORS Filter
ERROR - 2025-08-07 08:01:49 --> Origin: http://localhost:4200
ERROR - 2025-08-07 08:01:49 --> CORS Filter
ERROR - 2025-08-07 08:01:49 --> Origin: http://localhost:4200
ERROR - 2025-08-07 08:01:49 --> CORS Filter
ERROR - 2025-08-07 08:01:49 --> Origin: http://localhost:4200
ERROR - 2025-08-07 08:01:50 --> CORS Filter
ERROR - 2025-08-07 08:01:50 --> Origin: http://localhost:4200
ERROR - 2025-08-07 08:01:50 --> CORS Filter
ERROR - 2025-08-07 08:01:50 --> Origin: http://localhost:4200
ERROR - 2025-08-07 08:02:33 --> CORS Filter
ERROR - 2025-08-07 08:02:33 --> Origin: http://localhost:4200
ERROR - 2025-08-07 08:02:33 --> CORS Filter
ERROR - 2025-08-07 08:02:33 --> Origin: http://localhost:4200
ERROR - 2025-08-07 08:02:47 --> CORS Filter
ERROR - 2025-08-07 08:02:47 --> Origin: http://localhost:4200
ERROR - 2025-08-07 08:02:47 --> CORS Filter
ERROR - 2025-08-07 08:02:47 --> Origin: http://localhost:4200
ERROR - 2025-08-07 08:02:47 --> CORS Filter
ERROR - 2025-08-07 08:02:47 --> Origin: http://localhost:4200
ERROR - 2025-08-07 08:02:47 --> CORS Filter
ERROR - 2025-08-07 08:02:47 --> Origin: http://localhost:4200
ERROR - 2025-08-07 08:02:48 --> CORS Filter
ERROR - 2025-08-07 08:02:48 --> Origin: http://localhost:4200
ERROR - 2025-08-07 08:02:48 --> CORS Filter
ERROR - 2025-08-07 08:02:48 --> Origin: http://localhost:4200
ERROR - 2025-08-07 08:02:48 --> CORS Filter
ERROR - 2025-08-07 08:02:48 --> Origin: http://localhost:4200
ERROR - 2025-08-07 08:02:48 --> CORS Filter
ERROR - 2025-08-07 08:02:48 --> Origin: http://localhost:4200
ERROR - 2025-08-07 08:02:49 --> CORS Filter
ERROR - 2025-08-07 08:02:49 --> Origin: http://localhost:4200
ERROR - 2025-08-07 08:02:49 --> CORS Filter
ERROR - 2025-08-07 08:02:49 --> Origin: http://localhost:4200
ERROR - 2025-08-07 08:02:49 --> CORS Filter
ERROR - 2025-08-07 08:02:49 --> Origin: http://localhost:4200
ERROR - 2025-08-07 08:02:49 --> CORS Filter
ERROR - 2025-08-07 08:02:49 --> Origin: http://localhost:4200
ERROR - 2025-08-07 08:02:50 --> CORS Filter
ERROR - 2025-08-07 08:02:50 --> Origin: http://localhost:4200
ERROR - 2025-08-07 08:02:50 --> CORS Filter
ERROR - 2025-08-07 08:02:50 --> Origin: http://localhost:4200
ERROR - 2025-08-07 08:02:50 --> CORS Filter
ERROR - 2025-08-07 08:02:50 --> Origin: http://localhost:4200
ERROR - 2025-08-07 08:02:50 --> CORS Filter
ERROR - 2025-08-07 08:02:50 --> Origin: http://localhost:4200
ERROR - 2025-08-07 08:02:50 --> CORS Filter
ERROR - 2025-08-07 08:02:50 --> Origin: http://localhost:4200
ERROR - 2025-08-07 08:02:50 --> CORS Filter
ERROR - 2025-08-07 08:02:50 --> Origin: http://localhost:4200
ERROR - 2025-08-07 08:02:50 --> CORS Filter
ERROR - 2025-08-07 08:02:50 --> Origin: http://localhost:4200
ERROR - 2025-08-07 08:02:51 --> CORS Filter
ERROR - 2025-08-07 08:02:51 --> Origin: http://localhost:4200
ERROR - 2025-08-07 08:02:51 --> CORS Filter
ERROR - 2025-08-07 08:02:51 --> Origin: http://localhost:4200
ERROR - 2025-08-07 08:02:51 --> CORS Filter
ERROR - 2025-08-07 08:02:51 --> Origin: http://localhost:4200
ERROR - 2025-08-07 08:02:51 --> CORS Filter
ERROR - 2025-08-07 08:02:51 --> Origin: http://localhost:4200
ERROR - 2025-08-07 08:02:51 --> CORS Filter
ERROR - 2025-08-07 08:02:51 --> Origin: http://localhost:4200
ERROR - 2025-08-07 08:02:52 --> CORS Filter
ERROR - 2025-08-07 08:02:52 --> Origin: http://localhost:4200
ERROR - 2025-08-07 08:02:52 --> CORS Filter
ERROR - 2025-08-07 08:02:52 --> Origin: http://localhost:4200
ERROR - 2025-08-07 08:02:52 --> CORS Filter
ERROR - 2025-08-07 08:02:52 --> Origin: http://localhost:4200
ERROR - 2025-08-07 08:02:53 --> CORS Filter
ERROR - 2025-08-07 08:02:53 --> Origin: http://localhost:4200
ERROR - 2025-08-07 08:02:53 --> CORS Filter
ERROR - 2025-08-07 08:02:53 --> Origin: http://localhost:4200
ERROR - 2025-08-07 08:02:53 --> CORS Filter
ERROR - 2025-08-07 08:02:53 --> Origin: http://localhost:4200
ERROR - 2025-08-07 08:02:54 --> CORS Filter
ERROR - 2025-08-07 08:02:54 --> Origin: http://localhost:4200
ERROR - 2025-08-07 08:02:54 --> CORS Filter
ERROR - 2025-08-07 08:02:54 --> Origin: http://localhost:4200
ERROR - 2025-08-07 08:02:54 --> CORS Filter
ERROR - 2025-08-07 08:02:54 --> Origin: http://localhost:4200
ERROR - 2025-08-07 08:02:54 --> CORS Filter
ERROR - 2025-08-07 08:02:54 --> Origin: http://localhost:4200
ERROR - 2025-08-07 08:02:55 --> CORS Filter
ERROR - 2025-08-07 08:02:55 --> Origin: http://localhost:4200
ERROR - 2025-08-07 08:02:55 --> CORS Filter
ERROR - 2025-08-07 08:02:55 --> Origin: http://localhost:4200
ERROR - 2025-08-07 08:02:59 --> CORS Filter
ERROR - 2025-08-07 08:02:59 --> Origin: http://localhost:4200
ERROR - 2025-08-07 08:02:59 --> CORS Filter
ERROR - 2025-08-07 08:02:59 --> Origin: http://localhost:4200
ERROR - 2025-08-07 08:03:15 --> CORS Filter
ERROR - 2025-08-07 08:03:15 --> Origin: http://localhost:4200
ERROR - 2025-08-07 08:03:15 --> CORS Filter
ERROR - 2025-08-07 08:03:15 --> Origin: http://localhost:4200
ERROR - 2025-08-07 08:03:15 --> CORS Filter
ERROR - 2025-08-07 08:03:15 --> Origin: http://localhost:4200
ERROR - 2025-08-07 08:03:16 --> CORS Filter
ERROR - 2025-08-07 08:03:16 --> Origin: http://localhost:4200
ERROR - 2025-08-07 08:03:59 --> CORS Filter
ERROR - 2025-08-07 08:03:59 --> Origin: http://localhost:4200
ERROR - 2025-08-07 08:03:59 --> CORS Filter
ERROR - 2025-08-07 08:03:59 --> Origin: http://localhost:4200
ERROR - 2025-08-07 08:04:00 --> CORS Filter
ERROR - 2025-08-07 08:04:00 --> Origin: http://localhost:4200
ERROR - 2025-08-07 08:04:00 --> CORS Filter
ERROR - 2025-08-07 08:04:00 --> Origin: http://localhost:4200
ERROR - 2025-08-07 08:04:04 --> CORS Filter
ERROR - 2025-08-07 08:04:04 --> Origin: http://localhost:4200
ERROR - 2025-08-07 08:04:05 --> CORS Filter
ERROR - 2025-08-07 08:04:05 --> Origin: http://localhost:4200
ERROR - 2025-08-07 08:04:05 --> CORS Filter
ERROR - 2025-08-07 08:04:05 --> Origin: http://localhost:4200
ERROR - 2025-08-07 08:04:06 --> CORS Filter
ERROR - 2025-08-07 08:04:06 --> Origin: http://localhost:4200
ERROR - 2025-08-07 08:04:06 --> CORS Filter
ERROR - 2025-08-07 08:04:06 --> Origin: http://localhost:4200
ERROR - 2025-08-07 08:04:06 --> CORS Filter
ERROR - 2025-08-07 08:04:06 --> Origin: http://localhost:4200
ERROR - 2025-08-07 08:04:10 --> CORS Filter
ERROR - 2025-08-07 08:04:10 --> Origin: http://localhost:4200
ERROR - 2025-08-07 08:04:11 --> CORS Filter
ERROR - 2025-08-07 08:04:11 --> Origin: http://localhost:4200
ERROR - 2025-08-07 08:04:11 --> CORS Filter
ERROR - 2025-08-07 08:04:11 --> Origin: http://localhost:4200
ERROR - 2025-08-07 08:04:11 --> CORS Filter
ERROR - 2025-08-07 08:04:11 --> Origin: http://localhost:4200
ERROR - 2025-08-07 08:04:12 --> CORS Filter
ERROR - 2025-08-07 08:04:12 --> Origin: http://localhost:4200
ERROR - 2025-08-07 08:04:12 --> CORS Filter
ERROR - 2025-08-07 08:04:12 --> Origin: http://localhost:4200
ERROR - 2025-08-07 08:04:12 --> CORS Filter
ERROR - 2025-08-07 08:04:12 --> Origin: http://localhost:4200
ERROR - 2025-08-07 08:04:12 --> CORS Filter
ERROR - 2025-08-07 08:04:12 --> Origin: http://localhost:4200
ERROR - 2025-08-07 08:04:38 --> CORS Filter
ERROR - 2025-08-07 08:04:38 --> Origin: http://localhost:4200
ERROR - 2025-08-07 08:04:38 --> CORS Filter
ERROR - 2025-08-07 08:04:38 --> Origin: http://localhost:4200
ERROR - 2025-08-07 08:04:42 --> CORS Filter
ERROR - 2025-08-07 08:04:42 --> Origin: http://localhost:4200
ERROR - 2025-08-07 08:04:42 --> CORS Filter
ERROR - 2025-08-07 08:04:42 --> Origin: http://localhost:4200
ERROR - 2025-08-07 08:05:47 --> CORS Filter
ERROR - 2025-08-07 08:05:47 --> Origin: http://localhost:4200
ERROR - 2025-08-07 08:05:47 --> CORS Filter
ERROR - 2025-08-07 08:05:47 --> Origin: http://localhost:4200
ERROR - 2025-08-07 08:05:50 --> CORS Filter
ERROR - 2025-08-07 08:05:50 --> Origin: http://localhost:4200
ERROR - 2025-08-07 08:05:50 --> CORS Filter
ERROR - 2025-08-07 08:05:50 --> Origin: http://localhost:4200
ERROR - 2025-08-07 08:05:50 --> CORS Filter
ERROR - 2025-08-07 08:05:50 --> Origin: http://localhost:4200
ERROR - 2025-08-07 08:05:50 --> CORS Filter
ERROR - 2025-08-07 08:05:50 --> Origin: http://localhost:4200
ERROR - 2025-08-07 08:05:50 --> CORS Filter
ERROR - 2025-08-07 08:05:50 --> Origin: http://localhost:4200
ERROR - 2025-08-07 08:05:51 --> CORS Filter
ERROR - 2025-08-07 08:05:51 --> Origin: http://localhost:4200
ERROR - 2025-08-07 08:05:58 --> CORS Filter
ERROR - 2025-08-07 08:05:58 --> Origin: http://localhost:4200
ERROR - 2025-08-07 08:05:58 --> CORS Filter
ERROR - 2025-08-07 08:05:58 --> Origin: http://localhost:4200
ERROR - 2025-08-07 08:05:59 --> CORS Filter
ERROR - 2025-08-07 08:05:59 --> Origin: http://localhost:4200
ERROR - 2025-08-07 08:06:00 --> CORS Filter
ERROR - 2025-08-07 08:06:00 --> Origin: http://localhost:4200
ERROR - 2025-08-07 08:06:37 --> CORS Filter
ERROR - 2025-08-07 08:06:37 --> Origin: http://localhost:4200
ERROR - 2025-08-07 08:06:37 --> CORS Filter
ERROR - 2025-08-07 08:06:37 --> Origin: http://localhost:4200
ERROR - 2025-08-07 08:06:39 --> CORS Filter
ERROR - 2025-08-07 08:06:39 --> Origin: http://localhost:4200
ERROR - 2025-08-07 08:06:39 --> CORS Filter
ERROR - 2025-08-07 08:06:39 --> Origin: http://localhost:4200
ERROR - 2025-08-07 08:06:40 --> CORS Filter
ERROR - 2025-08-07 08:06:40 --> Origin: http://localhost:4200
ERROR - 2025-08-07 08:06:40 --> CORS Filter
ERROR - 2025-08-07 08:06:40 --> Origin: http://localhost:4200
ERROR - 2025-08-07 08:08:04 --> CORS Filter
ERROR - 2025-08-07 08:08:04 --> Origin: http://localhost:4200
ERROR - 2025-08-07 08:08:04 --> CORS Filter
ERROR - 2025-08-07 08:08:04 --> Origin: http://localhost:4200
ERROR - 2025-08-07 08:08:04 --> CORS Filter
ERROR - 2025-08-07 08:08:04 --> Origin: http://localhost:4200
ERROR - 2025-08-07 08:08:05 --> CORS Filter
ERROR - 2025-08-07 08:08:05 --> Origin: http://localhost:4200
ERROR - 2025-08-07 08:08:06 --> CORS Filter
ERROR - 2025-08-07 08:08:06 --> Origin: http://localhost:4200
ERROR - 2025-08-07 08:08:06 --> CORS Filter
ERROR - 2025-08-07 08:08:06 --> Origin: http://localhost:4200
ERROR - 2025-08-07 08:08:06 --> CORS Filter
ERROR - 2025-08-07 08:08:06 --> Origin: http://localhost:4200
ERROR - 2025-08-07 08:08:06 --> CORS Filter
ERROR - 2025-08-07 08:08:06 --> Origin: http://localhost:4200
ERROR - 2025-08-07 08:08:18 --> CORS Filter
ERROR - 2025-08-07 08:08:18 --> Origin: http://localhost:4200
ERROR - 2025-08-07 08:08:19 --> CORS Filter
ERROR - 2025-08-07 08:08:19 --> Origin: http://localhost:4200
ERROR - 2025-08-07 08:08:19 --> CORS Filter
ERROR - 2025-08-07 08:08:19 --> Origin: http://localhost:4200
ERROR - 2025-08-07 08:08:19 --> CORS Filter
ERROR - 2025-08-07 08:08:19 --> Origin: http://localhost:4200
ERROR - 2025-08-07 08:08:19 --> CORS Filter
ERROR - 2025-08-07 08:08:19 --> Origin: http://localhost:4200
ERROR - 2025-08-07 08:08:20 --> CORS Filter
ERROR - 2025-08-07 08:08:20 --> Origin: http://localhost:4200
ERROR - 2025-08-07 08:08:20 --> CORS Filter
ERROR - 2025-08-07 08:08:20 --> Origin: http://localhost:4200
ERROR - 2025-08-07 08:08:20 --> CORS Filter
ERROR - 2025-08-07 08:08:20 --> Origin: http://localhost:4200
ERROR - 2025-08-07 08:13:30 --> CORS Filter
ERROR - 2025-08-07 08:13:30 --> Origin: http://localhost:4200
ERROR - 2025-08-07 08:13:30 --> CORS Filter
ERROR - 2025-08-07 08:13:30 --> Origin: http://localhost:4200
ERROR - 2025-08-07 08:15:04 --> CORS Filter
ERROR - 2025-08-07 08:15:04 --> Origin: http://localhost:4200
ERROR - 2025-08-07 08:15:04 --> CORS Filter
ERROR - 2025-08-07 08:15:04 --> Origin: http://localhost:4200
ERROR - 2025-08-07 08:15:07 --> CORS Filter
ERROR - 2025-08-07 08:15:07 --> Origin: http://localhost:4200
ERROR - 2025-08-07 08:15:07 --> CORS Filter
ERROR - 2025-08-07 08:15:07 --> Origin: http://localhost:4200
ERROR - 2025-08-07 08:15:07 --> CORS Filter
ERROR - 2025-08-07 08:15:07 --> Origin: http://localhost:4200
ERROR - 2025-08-07 08:15:08 --> CORS Filter
ERROR - 2025-08-07 08:15:08 --> Origin: http://localhost:4200
ERROR - 2025-08-07 08:15:32 --> CORS Filter
ERROR - 2025-08-07 08:15:32 --> Origin: http://localhost:4200
ERROR - 2025-08-07 08:15:32 --> CORS Filter
ERROR - 2025-08-07 08:15:32 --> Origin: http://localhost:4200
ERROR - 2025-08-07 08:31:15 --> CORS Filter
ERROR - 2025-08-07 08:31:15 --> Origin: http://localhost:4200
ERROR - 2025-08-07 08:31:15 --> CORS Filter
ERROR - 2025-08-07 08:31:15 --> Origin: http://localhost:4200
ERROR - 2025-08-07 08:31:15 --> CORS Filter
ERROR - 2025-08-07 08:31:15 --> Origin: http://localhost:4200
ERROR - 2025-08-07 08:31:15 --> CORS Filter
ERROR - 2025-08-07 08:31:15 --> Origin: http://localhost:4200
ERROR - 2025-08-07 08:31:17 --> CORS Filter
ERROR - 2025-08-07 08:31:17 --> Origin: http://localhost:4200
ERROR - 2025-08-07 08:31:17 --> CORS Filter
ERROR - 2025-08-07 08:31:17 --> Origin: http://localhost:4200
ERROR - 2025-08-07 08:32:53 --> CORS Filter
ERROR - 2025-08-07 08:32:53 --> Origin: http://localhost:4200
ERROR - 2025-08-07 08:32:53 --> CORS Filter
ERROR - 2025-08-07 08:32:53 --> Origin: http://localhost:4200
ERROR - 2025-08-07 08:32:53 --> CORS Filter
ERROR - 2025-08-07 08:32:53 --> Origin: http://localhost:4200
ERROR - 2025-08-07 08:32:53 --> CORS Filter
ERROR - 2025-08-07 08:32:53 --> Origin: http://localhost:4200
ERROR - 2025-08-07 08:50:35 --> CORS Filter
ERROR - 2025-08-07 08:50:35 --> Origin: http://localhost:4200
ERROR - 2025-08-07 08:50:35 --> CORS Filter
ERROR - 2025-08-07 08:50:35 --> Origin: http://localhost:4200
ERROR - 2025-08-07 09:02:42 --> CORS Filter
ERROR - 2025-08-07 09:02:42 --> Origin: http://localhost:4200
ERROR - 2025-08-07 09:02:42 --> CORS Filter
ERROR - 2025-08-07 09:02:42 --> Origin: http://localhost:4200
ERROR - 2025-08-07 09:02:43 --> CORS Filter
ERROR - 2025-08-07 09:02:43 --> Origin: http://localhost:4200
ERROR - 2025-08-07 09:02:43 --> CORS Filter
ERROR - 2025-08-07 09:02:43 --> Origin: http://localhost:4200
ERROR - 2025-08-07 09:02:43 --> CORS Filter
ERROR - 2025-08-07 09:02:43 --> Origin: http://localhost:4200
ERROR - 2025-08-07 09:02:43 --> CORS Filter
ERROR - 2025-08-07 09:02:43 --> Origin: http://localhost:4200
ERROR - 2025-08-07 09:45:25 --> CORS Filter
ERROR - 2025-08-07 09:45:25 --> Origin: http://localhost:4200
ERROR - 2025-08-07 09:45:25 --> CORS Filter
ERROR - 2025-08-07 09:45:25 --> Origin: http://localhost:4200
ERROR - 2025-08-07 09:45:26 --> CORS Filter
ERROR - 2025-08-07 09:45:26 --> Origin: http://localhost:4200
ERROR - 2025-08-07 09:45:26 --> CORS Filter
ERROR - 2025-08-07 09:45:26 --> Origin: http://localhost:4200
ERROR - 2025-08-07 09:45:27 --> CORS Filter
ERROR - 2025-08-07 09:45:27 --> Origin: http://localhost:4200
ERROR - 2025-08-07 09:45:27 --> CORS Filter
ERROR - 2025-08-07 09:45:27 --> Origin: http://localhost:4200
ERROR - 2025-08-07 09:45:28 --> CORS Filter
ERROR - 2025-08-07 09:45:28 --> Origin: http://localhost:4200
ERROR - 2025-08-07 09:45:28 --> CORS Filter
ERROR - 2025-08-07 09:45:28 --> Origin: http://localhost:4200
ERROR - 2025-08-07 09:46:34 --> CORS Filter
ERROR - 2025-08-07 09:46:34 --> Origin: http://localhost:4200
ERROR - 2025-08-07 09:46:34 --> CORS Filter
ERROR - 2025-08-07 09:46:34 --> Origin: http://localhost:4200
ERROR - 2025-08-07 09:48:43 --> CORS Filter
ERROR - 2025-08-07 09:48:43 --> Origin: http://localhost:4200
ERROR - 2025-08-07 09:48:44 --> CORS Filter
ERROR - 2025-08-07 09:48:44 --> Origin: http://localhost:4200
ERROR - 2025-08-07 09:48:44 --> CORS Filter
ERROR - 2025-08-07 09:48:44 --> Origin: http://localhost:4200
ERROR - 2025-08-07 09:48:45 --> CORS Filter
ERROR - 2025-08-07 09:48:45 --> Origin: http://localhost:4200
ERROR - 2025-08-07 09:48:56 --> CORS Filter
ERROR - 2025-08-07 09:48:56 --> Origin: http://localhost:4200
ERROR - 2025-08-07 09:48:57 --> CORS Filter
ERROR - 2025-08-07 09:48:57 --> Origin: http://localhost:4200
ERROR - 2025-08-07 09:49:55 --> CORS Filter
ERROR - 2025-08-07 09:49:55 --> Origin: http://localhost:4200
ERROR - 2025-08-07 09:49:56 --> CORS Filter
ERROR - 2025-08-07 09:49:56 --> Origin: http://localhost:4200
ERROR - 2025-08-07 09:49:56 --> CORS Filter
ERROR - 2025-08-07 09:49:56 --> Origin: http://localhost:4200
ERROR - 2025-08-07 09:49:56 --> CORS Filter
ERROR - 2025-08-07 09:49:56 --> Origin: http://localhost:4200
ERROR - 2025-08-07 09:50:07 --> CORS Filter
ERROR - 2025-08-07 09:50:07 --> Origin: http://localhost:4200
ERROR - 2025-08-07 09:50:07 --> CORS Filter
ERROR - 2025-08-07 09:50:07 --> Origin: http://localhost:4200
ERROR - 2025-08-07 09:57:40 --> CORS Filter
ERROR - 2025-08-07 09:57:40 --> Origin: http://localhost:4200
ERROR - 2025-08-07 09:57:40 --> CORS Filter
ERROR - 2025-08-07 09:57:40 --> Origin: http://localhost:4200
ERROR - 2025-08-07 09:57:41 --> CORS Filter
ERROR - 2025-08-07 09:57:41 --> Origin: http://localhost:4200
ERROR - 2025-08-07 09:57:41 --> CORS Filter
ERROR - 2025-08-07 09:57:41 --> Origin: http://localhost:4200
ERROR - 2025-08-07 09:57:55 --> CORS Filter
ERROR - 2025-08-07 09:57:55 --> Origin: http://localhost:4200
ERROR - 2025-08-07 09:57:56 --> CORS Filter
ERROR - 2025-08-07 09:57:56 --> Origin: http://localhost:4200
ERROR - 2025-08-07 09:57:57 --> CORS Filter
ERROR - 2025-08-07 09:57:57 --> Origin: http://localhost:4200
ERROR - 2025-08-07 09:57:58 --> CORS Filter
ERROR - 2025-08-07 09:57:58 --> Origin: http://localhost:4200
ERROR - 2025-08-07 09:58:06 --> CORS Filter
ERROR - 2025-08-07 09:58:06 --> Origin: http://localhost:4200
ERROR - 2025-08-07 09:58:06 --> CORS Filter
ERROR - 2025-08-07 09:58:06 --> Origin: http://localhost:4200
ERROR - 2025-08-07 10:00:03 --> CORS Filter
ERROR - 2025-08-07 10:00:03 --> Origin: http://localhost:4200
ERROR - 2025-08-07 10:00:03 --> CORS Filter
ERROR - 2025-08-07 10:00:03 --> Origin: http://localhost:4200
ERROR - 2025-08-07 10:00:03 --> CORS Filter
ERROR - 2025-08-07 10:00:03 --> Origin: http://localhost:4200
ERROR - 2025-08-07 10:00:04 --> CORS Filter
ERROR - 2025-08-07 10:00:04 --> Origin: http://localhost:4200
ERROR - 2025-08-07 10:00:05 --> CORS Filter
ERROR - 2025-08-07 10:00:05 --> Origin: http://localhost:4200
ERROR - 2025-08-07 10:00:05 --> CORS Filter
ERROR - 2025-08-07 10:00:05 --> Origin: http://localhost:4200
ERROR - 2025-08-07 10:00:17 --> CORS Filter
ERROR - 2025-08-07 10:00:17 --> Origin: http://localhost:4200
ERROR - 2025-08-07 10:00:18 --> CORS Filter
ERROR - 2025-08-07 10:00:18 --> Origin: http://localhost:4200
ERROR - 2025-08-07 10:00:21 --> CORS Filter
ERROR - 2025-08-07 10:00:21 --> Origin: http://localhost:4200
ERROR - 2025-08-07 10:00:22 --> CORS Filter
ERROR - 2025-08-07 10:00:22 --> Origin: http://localhost:4200
ERROR - 2025-08-07 10:01:13 --> CORS Filter
ERROR - 2025-08-07 10:01:13 --> Origin: http://localhost:4200
ERROR - 2025-08-07 10:01:13 --> CORS Filter
ERROR - 2025-08-07 10:01:13 --> Origin: http://localhost:4200
ERROR - 2025-08-07 10:01:16 --> mysqli_sql_exception: Operand should contain 1 column(s) in C:\xampp\htdocs\exiaa-material-api\vendor\codeigniter4\framework\system\Database\MySQLi\Connection.php:312
Stack trace:
#0 C:\xampp\htdocs\exiaa-material-api\vendor\codeigniter4\framework\system\Database\MySQLi\Connection.php(312): mysqli->query('INSERT INTO `it...', 0)
#1 C:\xampp\htdocs\exiaa-material-api\vendor\codeigniter4\framework\system\Database\BaseConnection.php(734): CodeIgniter\Database\MySQLi\Connection->execute('INSERT INTO `it...')
#2 C:\xampp\htdocs\exiaa-material-api\vendor\codeigniter4\framework\system\Database\BaseConnection.php(648): CodeIgniter\Database\BaseConnection->simpleQuery('INSERT INTO `it...')
#3 C:\xampp\htdocs\exiaa-material-api\vendor\codeigniter4\framework\system\Database\BaseBuilder.php(2340): CodeIgniter\Database\BaseConnection->query('INSERT INTO `it...', Array, false)
#4 C:\xampp\htdocs\exiaa-material-api\vendor\codeigniter4\framework\system\Model.php(394): CodeIgniter\Database\BaseBuilder->insert()
#5 C:\xampp\htdocs\exiaa-material-api\vendor\codeigniter4\framework\system\BaseModel.php(839): CodeIgniter\Model->doInsert(Array)
#6 C:\xampp\htdocs\exiaa-material-api\vendor\codeigniter4\framework\system\Model.php(800): CodeIgniter\BaseModel->insert(Array, true)
#7 C:\xampp\htdocs\exiaa-material-api\app\Controllers\Course.php(239): CodeIgniter\Model->insert(Array)
#8 C:\xampp\htdocs\exiaa-material-api\vendor\codeigniter4\framework\system\CodeIgniter.php(933): App\Controllers\Course->create()
#9 C:\xampp\htdocs\exiaa-material-api\vendor\codeigniter4\framework\system\CodeIgniter.php(509): CodeIgniter\CodeIgniter->runController(Object(App\Controllers\Course))
#10 C:\xampp\htdocs\exiaa-material-api\vendor\codeigniter4\framework\system\CodeIgniter.php(355): CodeIgniter\CodeIgniter->handleRequest(NULL, Object(Config\Cache), false)
#11 C:\xampp\htdocs\exiaa-material-api\vendor\codeigniter4\framework\system\Boot.php(334): CodeIgniter\CodeIgniter->run()
#12 C:\xampp\htdocs\exiaa-material-api\vendor\codeigniter4\framework\system\Boot.php(67): CodeIgniter\Boot::runCodeIgniter(Object(CodeIgniter\CodeIgniter))
#13 C:\xampp\htdocs\exiaa-material-api\public\index.php(56): CodeIgniter\Boot::bootWeb(Object(Config\Paths))
#14 C:\xampp\htdocs\exiaa-material-api\vendor\codeigniter4\framework\system\rewrite.php(44): require_once('C:\\xampp\\htdocs...')
#15 {main}
ERROR - 2025-08-07 10:01:17 --> Transaction failed while inserting fee mappings
ERROR - 2025-08-07 10:01:17 --> mysqli_sql_exception: Operand should contain 1 column(s) in C:\xampp\htdocs\exiaa-material-api\vendor\codeigniter4\framework\system\Database\MySQLi\Connection.php:312
Stack trace:
#0 C:\xampp\htdocs\exiaa-material-api\vendor\codeigniter4\framework\system\Database\MySQLi\Connection.php(312): mysqli->query('INSERT INTO `it...', 0)
#1 C:\xampp\htdocs\exiaa-material-api\vendor\codeigniter4\framework\system\Database\BaseConnection.php(734): CodeIgniter\Database\MySQLi\Connection->execute('INSERT INTO `it...')
#2 C:\xampp\htdocs\exiaa-material-api\vendor\codeigniter4\framework\system\Database\BaseConnection.php(648): CodeIgniter\Database\BaseConnection->simpleQuery('INSERT INTO `it...')
#3 C:\xampp\htdocs\exiaa-material-api\vendor\codeigniter4\framework\system\Database\BaseBuilder.php(2340): CodeIgniter\Database\BaseConnection->query('INSERT INTO `it...', Array, false)
#4 C:\xampp\htdocs\exiaa-material-api\vendor\codeigniter4\framework\system\Model.php(394): CodeIgniter\Database\BaseBuilder->insert()
#5 C:\xampp\htdocs\exiaa-material-api\vendor\codeigniter4\framework\system\BaseModel.php(839): CodeIgniter\Model->doInsert(Array)
#6 C:\xampp\htdocs\exiaa-material-api\vendor\codeigniter4\framework\system\Model.php(800): CodeIgniter\BaseModel->insert(Array, true)
#7 C:\xampp\htdocs\exiaa-material-api\app\Controllers\Course.php(317): CodeIgniter\Model->insert(Array)
#8 C:\xampp\htdocs\exiaa-material-api\vendor\codeigniter4\framework\system\CodeIgniter.php(933): App\Controllers\Course->create()
#9 C:\xampp\htdocs\exiaa-material-api\vendor\codeigniter4\framework\system\CodeIgniter.php(509): CodeIgniter\CodeIgniter->runController(Object(App\Controllers\Course))
#10 C:\xampp\htdocs\exiaa-material-api\vendor\codeigniter4\framework\system\CodeIgniter.php(355): CodeIgniter\CodeIgniter->handleRequest(NULL, Object(Config\Cache), false)
#11 C:\xampp\htdocs\exiaa-material-api\vendor\codeigniter4\framework\system\Boot.php(334): CodeIgniter\CodeIgniter->run()
#12 C:\xampp\htdocs\exiaa-material-api\vendor\codeigniter4\framework\system\Boot.php(67): CodeIgniter\Boot::runCodeIgniter(Object(CodeIgniter\CodeIgniter))
#13 C:\xampp\htdocs\exiaa-material-api\public\index.php(56): CodeIgniter\Boot::bootWeb(Object(Config\Paths))
#14 C:\xampp\htdocs\exiaa-material-api\vendor\codeigniter4\framework\system\rewrite.php(44): require_once('C:\\xampp\\htdocs...')
#15 {main}
ERROR - 2025-08-07 10:01:17 --> Transaction failed while inserting subject mappings
ERROR - 2025-08-07 10:01:17 --> CORS Filter
ERROR - 2025-08-07 10:01:17 --> Origin: http://localhost:4200
ERROR - 2025-08-07 10:01:18 --> CORS Filter
ERROR - 2025-08-07 10:01:18 --> Origin: http://localhost:4200
ERROR - 2025-08-07 10:01:23 --> CORS Filter
ERROR - 2025-08-07 10:01:23 --> Origin: http://localhost:4200
ERROR - 2025-08-07 10:01:24 --> CORS Filter
ERROR - 2025-08-07 10:01:24 --> Origin: http://localhost:4200
ERROR - 2025-08-07 10:01:33 --> CORS Filter
ERROR - 2025-08-07 10:01:33 --> Origin: http://localhost:4200
ERROR - 2025-08-07 10:01:33 --> CORS Filter
ERROR - 2025-08-07 10:01:33 --> Origin: http://localhost:4200
ERROR - 2025-08-07 10:01:39 --> CORS Filter
ERROR - 2025-08-07 10:01:39 --> Origin: http://localhost:4200
ERROR - 2025-08-07 10:01:39 --> CORS Filter
ERROR - 2025-08-07 10:01:39 --> Origin: http://localhost:4200
ERROR - 2025-08-07 10:01:39 --> CORS Filter
ERROR - 2025-08-07 10:01:39 --> Origin: http://localhost:4200
ERROR - 2025-08-07 10:01:40 --> CORS Filter
ERROR - 2025-08-07 10:01:40 --> Origin: http://localhost:4200
ERROR - 2025-08-07 10:01:43 --> CORS Filter
ERROR - 2025-08-07 10:01:43 --> Origin: http://localhost:4200
ERROR - 2025-08-07 10:01:43 --> CORS Filter
ERROR - 2025-08-07 10:01:43 --> Origin: http://localhost:4200
ERROR - 2025-08-07 10:01:45 --> CORS Filter
ERROR - 2025-08-07 10:01:45 --> Origin: http://localhost:4200
ERROR - 2025-08-07 10:01:45 --> CORS Filter
ERROR - 2025-08-07 10:01:45 --> Origin: http://localhost:4200
ERROR - 2025-08-07 10:01:45 --> CORS Filter
ERROR - 2025-08-07 10:01:45 --> Origin: http://localhost:4200
ERROR - 2025-08-07 10:01:46 --> CORS Filter
ERROR - 2025-08-07 10:01:46 --> Origin: http://localhost:4200
ERROR - 2025-08-07 10:01:47 --> CORS Filter
ERROR - 2025-08-07 10:01:47 --> Origin: http://localhost:4200
ERROR - 2025-08-07 10:01:50 --> CORS Filter
ERROR - 2025-08-07 10:01:50 --> Origin: http://localhost:4200
ERROR - 2025-08-07 10:01:50 --> CORS Filter
ERROR - 2025-08-07 10:01:50 --> Origin: http://localhost:4200
ERROR - 2025-08-07 10:01:50 --> CORS Filter
ERROR - 2025-08-07 10:01:50 --> Origin: http://localhost:4200
ERROR - 2025-08-07 10:01:51 --> CORS Filter
ERROR - 2025-08-07 10:01:51 --> Origin: http://localhost:4200
ERROR - 2025-08-07 10:01:53 --> CORS Filter
ERROR - 2025-08-07 10:01:53 --> Origin: http://localhost:4200
ERROR - 2025-08-07 10:01:53 --> CORS Filter
ERROR - 2025-08-07 10:01:53 --> Origin: http://localhost:4200
ERROR - 2025-08-07 10:02:07 --> CORS Filter
ERROR - 2025-08-07 10:02:07 --> Origin: http://localhost:4200
ERROR - 2025-08-07 10:02:07 --> CORS Filter
ERROR - 2025-08-07 10:02:07 --> Origin: http://localhost:4200
ERROR - 2025-08-07 10:02:12 --> CORS Filter
ERROR - 2025-08-07 10:02:12 --> Origin: http://localhost:4200
ERROR - 2025-08-07 10:02:12 --> CORS Filter
ERROR - 2025-08-07 10:02:12 --> Origin: http://localhost:4200
CRITICAL - 2025-08-07 10:02:12 --> ErrorException: Undefined array key "feature"
[Method: POST, Route: api/course/update]
in APPPATH\Controllers\Course.php on line 390.
 1 APPPATH\Controllers\Course.php(390): CodeIgniter\Debug\Exceptions->errorHandler(2, 'Undefined array key "feature"', 'C:\\xampp\\htdocs\\exiaa-material-api\\app\\Controllers\\Course.php', 390)
 2 SYSTEMPATH\CodeIgniter.php(933): App\Controllers\Course->update()
 3 SYSTEMPATH\CodeIgniter.php(509): CodeIgniter\CodeIgniter->runController(Object(App\Controllers\Course))
 4 SYSTEMPATH\CodeIgniter.php(355): CodeIgniter\CodeIgniter->handleRequest(null, Object(Config\Cache), false)
 5 SYSTEMPATH\Boot.php(334): CodeIgniter\CodeIgniter->run()
 6 SYSTEMPATH\Boot.php(67): CodeIgniter\Boot::runCodeIgniter(Object(CodeIgniter\CodeIgniter))
 7 FCPATH\index.php(56): CodeIgniter\Boot::bootWeb(Object(Config\Paths))
 8 SYSTEMPATH\rewrite.php(44): require_once('C:\\xampp\\htdocs\\exiaa-material-api\\public\\index.php')
ERROR - 2025-08-07 10:06:45 --> CORS Filter
ERROR - 2025-08-07 10:06:45 --> Origin: http://localhost:4200
ERROR - 2025-08-07 10:06:45 --> CORS Filter
ERROR - 2025-08-07 10:06:45 --> Origin: http://localhost:4200
ERROR - 2025-08-07 10:06:46 --> CORS Filter
ERROR - 2025-08-07 10:06:46 --> Origin: http://localhost:4200
ERROR - 2025-08-07 10:06:46 --> CORS Filter
ERROR - 2025-08-07 10:06:46 --> Origin: http://localhost:4200
ERROR - 2025-08-07 10:06:48 --> CORS Filter
ERROR - 2025-08-07 10:06:48 --> Origin: http://localhost:4200
ERROR - 2025-08-07 10:06:49 --> CORS Filter
ERROR - 2025-08-07 10:06:49 --> Origin: http://localhost:4200
ERROR - 2025-08-07 10:06:55 --> CORS Filter
ERROR - 2025-08-07 10:06:55 --> Origin: http://localhost:4200
ERROR - 2025-08-07 10:06:56 --> CORS Filter
ERROR - 2025-08-07 10:06:56 --> Origin: http://localhost:4200
ERROR - 2025-08-07 10:06:56 --> CORS Filter
ERROR - 2025-08-07 10:06:56 --> Origin: http://localhost:4200
ERROR - 2025-08-07 10:06:57 --> CORS Filter
ERROR - 2025-08-07 10:06:57 --> Origin: http://localhost:4200
ERROR - 2025-08-07 10:07:02 --> CORS Filter
ERROR - 2025-08-07 10:07:02 --> Origin: http://localhost:4200
ERROR - 2025-08-07 10:07:03 --> CORS Filter
ERROR - 2025-08-07 10:07:03 --> Origin: http://localhost:4200
ERROR - 2025-08-07 10:08:01 --> CORS Filter
ERROR - 2025-08-07 10:08:01 --> Origin: http://localhost:4200
ERROR - 2025-08-07 10:08:02 --> CORS Filter
ERROR - 2025-08-07 10:08:02 --> Origin: http://localhost:4200
ERROR - 2025-08-07 10:08:03 --> CORS Filter
ERROR - 2025-08-07 10:08:03 --> Origin: http://localhost:4200
ERROR - 2025-08-07 10:08:03 --> CORS Filter
ERROR - 2025-08-07 10:08:03 --> Origin: http://localhost:4200
ERROR - 2025-08-07 10:08:04 --> CORS Filter
ERROR - 2025-08-07 10:08:04 --> Origin: http://localhost:4200
ERROR - 2025-08-07 10:08:05 --> CORS Filter
ERROR - 2025-08-07 10:08:05 --> Origin: http://localhost:4200
ERROR - 2025-08-07 10:08:35 --> CORS Filter
ERROR - 2025-08-07 10:08:35 --> Origin: http://localhost:4200
ERROR - 2025-08-07 10:08:35 --> CORS Filter
ERROR - 2025-08-07 10:08:35 --> Origin: http://localhost:4200
ERROR - 2025-08-07 10:08:50 --> CORS Filter
ERROR - 2025-08-07 10:08:50 --> Origin: http://localhost:4200
ERROR - 2025-08-07 10:08:51 --> CORS Filter
ERROR - 2025-08-07 10:08:51 --> Origin: http://localhost:4200
ERROR - 2025-08-07 10:08:51 --> CORS Filter
ERROR - 2025-08-07 10:08:51 --> Origin: http://localhost:4200
ERROR - 2025-08-07 10:08:52 --> CORS Filter
ERROR - 2025-08-07 10:08:52 --> Origin: http://localhost:4200
ERROR - 2025-08-07 10:09:03 --> CORS Filter
ERROR - 2025-08-07 10:09:03 --> Origin: http://localhost:4200
ERROR - 2025-08-07 10:09:03 --> CORS Filter
ERROR - 2025-08-07 10:09:03 --> Origin: http://localhost:4200
ERROR - 2025-08-07 10:09:04 --> CORS Filter
ERROR - 2025-08-07 10:09:04 --> Origin: http://localhost:4200
ERROR - 2025-08-07 10:09:04 --> CORS Filter
ERROR - 2025-08-07 10:09:04 --> Origin: http://localhost:4200
ERROR - 2025-08-07 10:19:40 --> CORS Filter
ERROR - 2025-08-07 10:19:40 --> Origin: http://localhost:4200
ERROR - 2025-08-07 10:19:41 --> CORS Filter
ERROR - 2025-08-07 10:19:41 --> Origin: http://localhost:4200
ERROR - 2025-08-07 10:20:36 --> CORS Filter
ERROR - 2025-08-07 10:20:36 --> Origin: http://localhost:4200
ERROR - 2025-08-07 10:20:36 --> CORS Filter
ERROR - 2025-08-07 10:20:36 --> Origin: http://localhost:4200
ERROR - 2025-08-07 10:20:37 --> CORS Filter
ERROR - 2025-08-07 10:20:37 --> Origin: http://localhost:4200
ERROR - 2025-08-07 10:20:37 --> CORS Filter
ERROR - 2025-08-07 10:20:37 --> Origin: http://localhost:4200
ERROR - 2025-08-07 10:20:38 --> CORS Filter
ERROR - 2025-08-07 10:20:38 --> Origin: http://localhost:4200
ERROR - 2025-08-07 10:20:39 --> CORS Filter
ERROR - 2025-08-07 10:20:39 --> Origin: http://localhost:4200
ERROR - 2025-08-07 10:20:45 --> CORS Filter
ERROR - 2025-08-07 10:20:45 --> Origin: http://localhost:4200
ERROR - 2025-08-07 10:20:46 --> CORS Filter
ERROR - 2025-08-07 10:20:46 --> Origin: http://localhost:4200
ERROR - 2025-08-07 10:23:47 --> CORS Filter
ERROR - 2025-08-07 10:23:47 --> Origin: http://localhost:4200
ERROR - 2025-08-07 10:23:48 --> CORS Filter
ERROR - 2025-08-07 10:23:48 --> Origin: http://localhost:4200
ERROR - 2025-08-07 10:23:49 --> CORS Filter
ERROR - 2025-08-07 10:23:49 --> Origin: http://localhost:4200
ERROR - 2025-08-07 10:23:49 --> CORS Filter
ERROR - 2025-08-07 10:23:49 --> Origin: http://localhost:4200
ERROR - 2025-08-07 10:23:51 --> CORS Filter
ERROR - 2025-08-07 10:23:51 --> Origin: http://localhost:4200
ERROR - 2025-08-07 10:23:51 --> CORS Filter
ERROR - 2025-08-07 10:23:51 --> Origin: http://localhost:4200
ERROR - 2025-08-07 10:23:53 --> CORS Filter
ERROR - 2025-08-07 10:23:53 --> Origin: http://localhost:4200
ERROR - 2025-08-07 10:23:58 --> CORS Filter
ERROR - 2025-08-07 10:23:58 --> Origin: http://localhost:4200
ERROR - 2025-08-07 10:23:58 --> CORS Filter
ERROR - 2025-08-07 10:23:58 --> Origin: http://localhost:4200
ERROR - 2025-08-07 10:25:08 --> CORS Filter
ERROR - 2025-08-07 10:25:08 --> Origin: http://localhost:4200
ERROR - 2025-08-07 10:25:08 --> CORS Filter
ERROR - 2025-08-07 10:25:08 --> Origin: http://localhost:4200
ERROR - 2025-08-07 10:25:09 --> CORS Filter
ERROR - 2025-08-07 10:25:09 --> Origin: http://localhost:4200
ERROR - 2025-08-07 10:25:09 --> CORS Filter
ERROR - 2025-08-07 10:25:09 --> Origin: http://localhost:4200
ERROR - 2025-08-07 10:25:11 --> CORS Filter
ERROR - 2025-08-07 10:25:11 --> Origin: http://localhost:4200
ERROR - 2025-08-07 10:25:12 --> CORS Filter
ERROR - 2025-08-07 10:25:12 --> Origin: http://localhost:4200
ERROR - 2025-08-07 10:25:19 --> CORS Filter
ERROR - 2025-08-07 10:25:19 --> Origin: http://localhost:4200
ERROR - 2025-08-07 10:25:19 --> CORS Filter
ERROR - 2025-08-07 10:25:19 --> Origin: http://localhost:4200
ERROR - 2025-08-07 10:25:20 --> CORS Filter
ERROR - 2025-08-07 10:25:20 --> Origin: http://localhost:4200
ERROR - 2025-08-07 10:25:20 --> CORS Filter
ERROR - 2025-08-07 10:25:20 --> Origin: http://localhost:4200
ERROR - 2025-08-07 10:26:40 --> CORS Filter
ERROR - 2025-08-07 10:26:40 --> Origin: http://localhost:4200
ERROR - 2025-08-07 10:26:40 --> CORS Filter
ERROR - 2025-08-07 10:26:40 --> Origin: http://localhost:4200
ERROR - 2025-08-07 10:26:40 --> CORS Filter
ERROR - 2025-08-07 10:26:40 --> Origin: http://localhost:4200
ERROR - 2025-08-07 10:26:41 --> CORS Filter
ERROR - 2025-08-07 10:26:41 --> Origin: http://localhost:4200
ERROR - 2025-08-07 10:26:47 --> CORS Filter
ERROR - 2025-08-07 10:26:47 --> Origin: http://localhost:4200
ERROR - 2025-08-07 10:26:47 --> CORS Filter
ERROR - 2025-08-07 10:26:47 --> Origin: http://localhost:4200
ERROR - 2025-08-07 10:27:14 --> CORS Filter
ERROR - 2025-08-07 10:27:14 --> Origin: http://localhost:4200
ERROR - 2025-08-07 10:27:14 --> CORS Filter
ERROR - 2025-08-07 10:27:14 --> Origin: http://localhost:4200
ERROR - 2025-08-07 10:27:16 --> CORS Filter
ERROR - 2025-08-07 10:27:16 --> Origin: http://localhost:4200
ERROR - 2025-08-07 10:27:16 --> CORS Filter
ERROR - 2025-08-07 10:27:16 --> Origin: http://localhost:4200
ERROR - 2025-08-07 10:27:16 --> CORS Filter
ERROR - 2025-08-07 10:27:16 --> Origin: http://localhost:4200
ERROR - 2025-08-07 10:27:16 --> CORS Filter
ERROR - 2025-08-07 10:27:16 --> Origin: http://localhost:4200
ERROR - 2025-08-07 10:31:10 --> CORS Filter
ERROR - 2025-08-07 10:31:10 --> Origin: http://localhost:4200
ERROR - 2025-08-07 10:31:10 --> CORS Filter
ERROR - 2025-08-07 10:31:10 --> Origin: http://localhost:4200
ERROR - 2025-08-07 10:31:11 --> CORS Filter
ERROR - 2025-08-07 10:31:11 --> Origin: http://localhost:4200
ERROR - 2025-08-07 10:31:11 --> CORS Filter
ERROR - 2025-08-07 10:31:11 --> Origin: http://localhost:4200
ERROR - 2025-08-07 10:31:15 --> CORS Filter
ERROR - 2025-08-07 10:31:15 --> Origin: http://localhost:4200
ERROR - 2025-08-07 10:31:15 --> CORS Filter
ERROR - 2025-08-07 10:31:15 --> Origin: http://localhost:4200
ERROR - 2025-08-07 10:31:18 --> CORS Filter
ERROR - 2025-08-07 10:31:18 --> Origin: http://localhost:4200
ERROR - 2025-08-07 10:31:18 --> CORS Filter
ERROR - 2025-08-07 10:31:18 --> Origin: http://localhost:4200
ERROR - 2025-08-07 10:32:25 --> CORS Filter
ERROR - 2025-08-07 10:32:25 --> Origin: http://localhost:4200
ERROR - 2025-08-07 10:32:26 --> CORS Filter
ERROR - 2025-08-07 10:32:26 --> Origin: http://localhost:4200
ERROR - 2025-08-07 10:32:26 --> CORS Filter
ERROR - 2025-08-07 10:32:26 --> Origin: http://localhost:4200
ERROR - 2025-08-07 10:32:26 --> CORS Filter
ERROR - 2025-08-07 10:32:26 --> Origin: http://localhost:4200
ERROR - 2025-08-07 10:33:16 --> CORS Filter
ERROR - 2025-08-07 10:33:16 --> Origin: http://localhost:4200
ERROR - 2025-08-07 10:33:16 --> CORS Filter
ERROR - 2025-08-07 10:33:16 --> Origin: http://localhost:4200
ERROR - 2025-08-07 10:33:17 --> CORS Filter
ERROR - 2025-08-07 10:33:17 --> Origin: http://localhost:4200
ERROR - 2025-08-07 10:33:17 --> CORS Filter
ERROR - 2025-08-07 10:33:17 --> Origin: http://localhost:4200
ERROR - 2025-08-07 10:33:19 --> CORS Filter
ERROR - 2025-08-07 10:33:19 --> Origin: http://localhost:4200
ERROR - 2025-08-07 10:33:19 --> CORS Filter
ERROR - 2025-08-07 10:33:19 --> Origin: http://localhost:4200
ERROR - 2025-08-07 10:33:19 --> CORS Filter
ERROR - 2025-08-07 10:33:19 --> Origin: http://localhost:4200
ERROR - 2025-08-07 10:33:20 --> CORS Filter
ERROR - 2025-08-07 10:33:20 --> Origin: http://localhost:4200
ERROR - 2025-08-07 10:36:21 --> CORS Filter
ERROR - 2025-08-07 10:36:21 --> Origin: http://localhost:4200
ERROR - 2025-08-07 10:36:22 --> CORS Filter
ERROR - 2025-08-07 10:36:22 --> Origin: http://localhost:4200
ERROR - 2025-08-07 10:36:22 --> CORS Filter
ERROR - 2025-08-07 10:36:22 --> Origin: http://localhost:4200
ERROR - 2025-08-07 10:36:22 --> CORS Filter
ERROR - 2025-08-07 10:36:22 --> Origin: http://localhost:4200
ERROR - 2025-08-07 10:36:24 --> CORS Filter
ERROR - 2025-08-07 10:36:24 --> Origin: http://localhost:4200
ERROR - 2025-08-07 10:36:25 --> CORS Filter
ERROR - 2025-08-07 10:36:25 --> Origin: http://localhost:4200
ERROR - 2025-08-07 10:36:25 --> CORS Filter
ERROR - 2025-08-07 10:36:25 --> Origin: http://localhost:4200
ERROR - 2025-08-07 10:36:25 --> CORS Filter
ERROR - 2025-08-07 10:36:25 --> Origin: http://localhost:4200
ERROR - 2025-08-07 10:36:37 --> CORS Filter
ERROR - 2025-08-07 10:36:37 --> Origin: http://localhost:4200
ERROR - 2025-08-07 10:36:37 --> CORS Filter
ERROR - 2025-08-07 10:36:37 --> Origin: http://localhost:4200
ERROR - 2025-08-07 10:36:59 --> CORS Filter
ERROR - 2025-08-07 10:36:59 --> Origin: http://localhost:4200
ERROR - 2025-08-07 10:37:00 --> CORS Filter
ERROR - 2025-08-07 10:37:00 --> Origin: http://localhost:4200
ERROR - 2025-08-07 10:37:01 --> CORS Filter
ERROR - 2025-08-07 10:37:01 --> Origin: http://localhost:4200
ERROR - 2025-08-07 10:37:01 --> CORS Filter
ERROR - 2025-08-07 10:37:01 --> Origin: http://localhost:4200
ERROR - 2025-08-07 10:37:01 --> CORS Filter
ERROR - 2025-08-07 10:37:01 --> Origin: http://localhost:4200
ERROR - 2025-08-07 10:37:02 --> CORS Filter
ERROR - 2025-08-07 10:37:02 --> Origin: http://localhost:4200
ERROR - 2025-08-07 10:40:39 --> CORS Filter
ERROR - 2025-08-07 10:40:39 --> Origin: http://localhost:4200
ERROR - 2025-08-07 10:40:39 --> CORS Filter
ERROR - 2025-08-07 10:40:39 --> Origin: http://localhost:4200
ERROR - 2025-08-07 10:40:40 --> CORS Filter
ERROR - 2025-08-07 10:40:40 --> Origin: http://localhost:4200
ERROR - 2025-08-07 10:40:41 --> CORS Filter
ERROR - 2025-08-07 10:40:41 --> Origin: http://localhost:4200
ERROR - 2025-08-07 10:40:42 --> CORS Filter
ERROR - 2025-08-07 10:40:42 --> Origin: http://localhost:4200
ERROR - 2025-08-07 10:40:42 --> CORS Filter
ERROR - 2025-08-07 10:40:42 --> Origin: http://localhost:4200
ERROR - 2025-08-07 10:40:43 --> CORS Filter
ERROR - 2025-08-07 10:40:43 --> Origin: http://localhost:4200
ERROR - 2025-08-07 10:40:43 --> CORS Filter
ERROR - 2025-08-07 10:40:43 --> Origin: http://localhost:4200
ERROR - 2025-08-07 10:45:21 --> CORS Filter
ERROR - 2025-08-07 10:45:21 --> Origin: http://localhost:4200
ERROR - 2025-08-07 10:45:21 --> CORS Filter
ERROR - 2025-08-07 10:45:21 --> Origin: http://localhost:4200
ERROR - 2025-08-07 10:45:22 --> CORS Filter
ERROR - 2025-08-07 10:45:22 --> Origin: http://localhost:4200
ERROR - 2025-08-07 10:45:22 --> CORS Filter
ERROR - 2025-08-07 10:45:22 --> Origin: http://localhost:4200
ERROR - 2025-08-07 10:45:22 --> CORS Filter
ERROR - 2025-08-07 10:45:22 --> Origin: http://localhost:4200
ERROR - 2025-08-07 10:45:22 --> CORS Filter
ERROR - 2025-08-07 10:45:22 --> Origin: http://localhost:4200
ERROR - 2025-08-07 10:45:22 --> CORS Filter
ERROR - 2025-08-07 10:45:22 --> Origin: http://localhost:4200
ERROR - 2025-08-07 10:45:22 --> CORS Filter
ERROR - 2025-08-07 10:45:22 --> Origin: http://localhost:4200
