ERROR - 2025-12-02 04:15:47 --> CORS Filter
ERROR - 2025-12-02 04:15:47 --> Origin: http://localhost:4200
ERROR - 2025-12-02 04:15:47 --> CORS Filter
ERROR - 2025-12-02 04:15:47 --> Origin: http://localhost:4200
ERROR - 2025-12-02 04:15:48 --> CORS Filter
ERROR - 2025-12-02 04:15:48 --> Origin: http://localhost:4200
ERROR - 2025-12-02 04:15:51 --> CORS Filter
ERROR - 2025-12-02 04:15:51 --> Origin: http://localhost:4200
ERROR - 2025-12-02 05:24:51 --> CORS Filter
ERROR - 2025-12-02 05:24:51 --> Origin: http://localhost:4200
ERROR - 2025-12-02 05:24:51 --> CORS Filter
ERROR - 2025-12-02 05:24:51 --> Origin: http://localhost:4200
ERROR - 2025-12-02 05:25:58 --> CORS Filter
ERROR - 2025-12-02 05:25:58 --> Origin: http://localhost:4200
ERROR - 2025-12-02 05:25:59 --> CORS Filter
ERROR - 2025-12-02 05:25:59 --> Origin: http://localhost:4200
ERROR - 2025-12-02 05:26:09 --> CORS Filter
ERROR - 2025-12-02 05:26:09 --> Origin: http://localhost:4200
ERROR - 2025-12-02 05:26:09 --> CORS Filter
ERROR - 2025-12-02 05:26:09 --> Origin: http://localhost:4200
ERROR - 2025-12-02 05:26:31 --> CORS Filter
ERROR - 2025-12-02 05:26:31 --> Origin: http://localhost:4200
ERROR - 2025-12-02 05:26:31 --> CORS Filter
ERROR - 2025-12-02 05:26:31 --> Origin: http://localhost:4200
ERROR - 2025-12-02 05:26:53 --> CORS Filter
ERROR - 2025-12-02 05:26:53 --> Origin: http://localhost:4200
ERROR - 2025-12-02 05:26:53 --> CORS Filter
ERROR - 2025-12-02 05:26:53 --> Origin: http://localhost:4200
ERROR - 2025-12-02 05:26:55 --> CORS Filter
ERROR - 2025-12-02 05:26:55 --> Origin: http://localhost:4200
ERROR - 2025-12-02 05:49:23 --> CORS Filter
ERROR - 2025-12-02 05:49:23 --> Origin: http://localhost:4200
ERROR - 2025-12-02 05:49:23 --> CORS Filter
ERROR - 2025-12-02 05:49:23 --> Origin: http://localhost:4200
ERROR - 2025-12-02 05:51:27 --> CORS Filter
ERROR - 2025-12-02 05:51:27 --> Origin: http://localhost:4200
ERROR - 2025-12-02 05:51:27 --> CORS Filter
ERROR - 2025-12-02 05:51:27 --> Origin: http://localhost:4200
ERROR - 2025-12-02 07:42:39 --> CORS Filter
ERROR - 2025-12-02 07:42:39 --> Origin: http://localhost:4200
ERROR - 2025-12-02 07:42:39 --> CORS Filter
ERROR - 2025-12-02 07:42:39 --> Origin: http://localhost:4200
ERROR - 2025-12-02 08:59:38 --> CORS Filter
ERROR - 2025-12-02 08:59:38 --> Origin: http://localhost:4200
ERROR - 2025-12-02 08:59:38 --> CORS Filter
ERROR - 2025-12-02 08:59:38 --> Origin: http://localhost:4200
ERROR - 2025-12-02 09:06:55 --> CORS Filter
ERROR - 2025-12-02 09:06:55 --> Origin: http://localhost:4200
ERROR - 2025-12-02 09:06:55 --> CORS Filter
ERROR - 2025-12-02 09:06:55 --> Origin: http://localhost:4200
ERROR - 2025-12-02 09:07:30 --> CORS Filter
ERROR - 2025-12-02 09:07:30 --> Origin: http://localhost:4200
ERROR - 2025-12-02 09:07:30 --> CORS Filter
ERROR - 2025-12-02 09:07:30 --> Origin: http://localhost:4200
ERROR - 2025-12-02 09:07:48 --> CORS Filter
ERROR - 2025-12-02 09:07:48 --> Origin: http://localhost:4200
ERROR - 2025-12-02 09:07:48 --> CORS Filter
ERROR - 2025-12-02 09:07:48 --> Origin: http://localhost:4200
ERROR - 2025-12-02 09:43:09 --> CORS Filter
ERROR - 2025-12-02 09:43:09 --> Origin: http://localhost:4200
ERROR - 2025-12-02 09:43:09 --> CORS Filter
ERROR - 2025-12-02 09:43:09 --> Origin: http://localhost:4200
ERROR - 2025-12-02 09:54:21 --> CORS Filter
ERROR - 2025-12-02 09:54:21 --> Origin: http://localhost:4200
ERROR - 2025-12-02 09:54:22 --> CORS Filter
ERROR - 2025-12-02 09:54:22 --> Origin: http://localhost:4200
ERROR - 2025-12-02 09:54:26 --> CORS Filter
ERROR - 2025-12-02 09:54:26 --> Origin: http://localhost:4200
ERROR - 2025-12-02 09:54:28 --> CORS Filter
ERROR - 2025-12-02 09:54:28 --> Origin: http://localhost:4200
ERROR - 2025-12-02 09:54:28 --> CORS Filter
ERROR - 2025-12-02 09:54:28 --> Origin: http://localhost:4200
ERROR - 2025-12-02 09:54:36 --> CORS Filter
ERROR - 2025-12-02 09:54:36 --> Origin: http://localhost:4200
ERROR - 2025-12-02 09:54:36 --> CORS Filter
ERROR - 2025-12-02 09:54:36 --> Origin: http://localhost:4200
ERROR - 2025-12-02 09:54:38 --> CORS Filter
ERROR - 2025-12-02 09:54:38 --> Origin: http://localhost:4200
ERROR - 2025-12-02 09:58:54 --> CORS Filter
ERROR - 2025-12-02 09:58:54 --> Origin: http://localhost:4200
ERROR - 2025-12-02 09:58:54 --> CORS Filter
ERROR - 2025-12-02 09:58:54 --> Origin: http://localhost:4200
ERROR - 2025-12-02 10:00:12 --> CORS Filter
ERROR - 2025-12-02 10:00:12 --> Origin: http://localhost:4200
ERROR - 2025-12-02 10:00:12 --> CORS Filter
ERROR - 2025-12-02 10:00:12 --> Origin: http://localhost:4200
ERROR - 2025-12-02 10:00:57 --> CORS Filter
ERROR - 2025-12-02 10:00:57 --> Origin: http://localhost:4200
ERROR - 2025-12-02 10:00:57 --> CORS Filter
ERROR - 2025-12-02 10:00:57 --> Origin: http://localhost:4200
ERROR - 2025-12-02 10:10:53 --> CORS Filter
ERROR - 2025-12-02 10:10:53 --> Origin: http://localhost:4200
ERROR - 2025-12-02 10:10:54 --> CORS Filter
ERROR - 2025-12-02 10:10:54 --> Origin: http://localhost:4200
CRITICAL - 2025-12-02 10:10:54 --> Error: Class "App\Controllers\UserModel" not found
[Method: POST, Route: webapi/communitee/adduser]
in APPPATH\Controllers\Communitee.php on line 31.
 1 SYSTEMPATH\CodeIgniter.php(933): App\Controllers\Communitee->adduser()
 2 SYSTEMPATH\CodeIgniter.php(509): CodeIgniter\CodeIgniter->runController(Object(App\Controllers\Communitee))
 3 SYSTEMPATH\CodeIgniter.php(355): CodeIgniter\CodeIgniter->handleRequest(null, Object(Config\Cache), false)
 4 SYSTEMPATH\Boot.php(334): CodeIgniter\CodeIgniter->run()
 5 SYSTEMPATH\Boot.php(67): CodeIgniter\Boot::runCodeIgniter(Object(CodeIgniter\CodeIgniter))
 6 FCPATH\index.php(56): CodeIgniter\Boot::bootWeb(Object(Config\Paths))
 7 SYSTEMPATH\rewrite.php(44): require_once('C:\\xampp\\htdocs\\exiaa-material-api\\public\\index.php')
ERROR - 2025-12-02 10:13:11 --> CORS Filter
ERROR - 2025-12-02 10:13:11 --> Origin: http://localhost:4200
ERROR - 2025-12-02 10:13:11 --> CORS Filter
ERROR - 2025-12-02 10:13:11 --> Origin: http://localhost:4200
CRITICAL - 2025-12-02 10:13:11 --> ErrorException: Undefined array key "name"
[Method: POST, Route: webapi/communitee/adduser]
in APPPATH\Controllers\Communitee.php on line 38.
 1 APPPATH\Controllers\Communitee.php(38): CodeIgniter\Debug\Exceptions->errorHandler(2, 'Undefined array key "name"', 'C:\\xampp\\htdocs\\exiaa-material-api\\app\\Controllers\\Communitee.php', 38)
 2 SYSTEMPATH\CodeIgniter.php(933): App\Controllers\Communitee->adduser()
 3 SYSTEMPATH\CodeIgniter.php(509): CodeIgniter\CodeIgniter->runController(Object(App\Controllers\Communitee))
 4 SYSTEMPATH\CodeIgniter.php(355): CodeIgniter\CodeIgniter->handleRequest(null, Object(Config\Cache), false)
 5 SYSTEMPATH\Boot.php(334): CodeIgniter\CodeIgniter->run()
 6 SYSTEMPATH\Boot.php(67): CodeIgniter\Boot::runCodeIgniter(Object(CodeIgniter\CodeIgniter))
 7 FCPATH\index.php(56): CodeIgniter\Boot::bootWeb(Object(Config\Paths))
 8 SYSTEMPATH\rewrite.php(44): require_once('C:\\xampp\\htdocs\\exiaa-material-api\\public\\index.php')
ERROR - 2025-12-02 10:17:23 --> CORS Filter
ERROR - 2025-12-02 10:17:23 --> Origin: http://localhost:4200
ERROR - 2025-12-02 10:17:23 --> CORS Filter
ERROR - 2025-12-02 10:17:23 --> Origin: http://localhost:4200
ERROR - 2025-12-02 10:17:23 --> mysqli_sql_exception: Table 'exiaa_db.candidate_mst' doesn't exist in C:\xampp\htdocs\exiaa-material-api\vendor\codeigniter4\framework\system\Database\MySQLi\Connection.php:312
Stack trace:
#0 C:\xampp\htdocs\exiaa-material-api\vendor\codeigniter4\framework\system\Database\MySQLi\Connection.php(312): mysqli->query('INSERT INTO `ca...', 0)
#1 C:\xampp\htdocs\exiaa-material-api\vendor\codeigniter4\framework\system\Database\BaseConnection.php(734): CodeIgniter\Database\MySQLi\Connection->execute('INSERT INTO `ca...')
#2 C:\xampp\htdocs\exiaa-material-api\vendor\codeigniter4\framework\system\Database\BaseConnection.php(648): CodeIgniter\Database\BaseConnection->simpleQuery('INSERT INTO `ca...')
#3 C:\xampp\htdocs\exiaa-material-api\vendor\codeigniter4\framework\system\Database\BaseBuilder.php(2340): CodeIgniter\Database\BaseConnection->query('INSERT INTO `ca...', Array, false)
#4 C:\xampp\htdocs\exiaa-material-api\vendor\codeigniter4\framework\system\Model.php(394): CodeIgniter\Database\BaseBuilder->insert()
#5 C:\xampp\htdocs\exiaa-material-api\vendor\codeigniter4\framework\system\BaseModel.php(839): CodeIgniter\Model->doInsert(Array)
#6 C:\xampp\htdocs\exiaa-material-api\vendor\codeigniter4\framework\system\Model.php(800): CodeIgniter\BaseModel->insert(Array, true)
#7 C:\xampp\htdocs\exiaa-material-api\app\Controllers\Communitee.php(72): CodeIgniter\Model->insert(Array)
#8 C:\xampp\htdocs\exiaa-material-api\vendor\codeigniter4\framework\system\CodeIgniter.php(933): App\Controllers\Communitee->adduser()
#9 C:\xampp\htdocs\exiaa-material-api\vendor\codeigniter4\framework\system\CodeIgniter.php(509): CodeIgniter\CodeIgniter->runController(Object(App\Controllers\Communitee))
#10 C:\xampp\htdocs\exiaa-material-api\vendor\codeigniter4\framework\system\CodeIgniter.php(355): CodeIgniter\CodeIgniter->handleRequest(NULL, Object(Config\Cache), false)
#11 C:\xampp\htdocs\exiaa-material-api\vendor\codeigniter4\framework\system\Boot.php(334): CodeIgniter\CodeIgniter->run()
#12 C:\xampp\htdocs\exiaa-material-api\vendor\codeigniter4\framework\system\Boot.php(67): CodeIgniter\Boot::runCodeIgniter(Object(CodeIgniter\CodeIgniter))
#13 C:\xampp\htdocs\exiaa-material-api\public\index.php(56): CodeIgniter\Boot::bootWeb(Object(Config\Paths))
#14 C:\xampp\htdocs\exiaa-material-api\vendor\codeigniter4\framework\system\rewrite.php(44): require_once('C:\\xampp\\htdocs...')
#15 {main}
CRITICAL - 2025-12-02 10:17:24 --> CodeIgniter\Database\Exceptions\DatabaseException: Table 'exiaa_db.candidate_mst' doesn't exist
[Method: POST, Route: webapi/communitee/adduser]
in SYSTEMPATH\Database\BaseConnection.php on line 688.
 1 SYSTEMPATH\Database\BaseBuilder.php(2340): CodeIgniter\Database\BaseConnection->query('INSERT INTO `candidate_mst` (`userId`, `mobileNo`, `email`, `religion`, `cast`, `community`, `createdDate`, `modifiedDate`) VALUES (:userId:, :mobileNo:, :email:, :religion:, :cast:, :community:, :createdDate:, :modifiedDate:)', [...], false)
 2 SYSTEMPATH\Model.php(394): CodeIgniter\Database\BaseBuilder->insert()
 3 SYSTEMPATH\BaseModel.php(839): CodeIgniter\Model->doInsert([...])
 4 SYSTEMPATH\Model.php(800): CodeIgniter\BaseModel->insert([...], true)
 5 APPPATH\Controllers\Communitee.php(72): CodeIgniter\Model->insert([...])
 6 SYSTEMPATH\CodeIgniter.php(933): App\Controllers\Communitee->adduser()
 7 SYSTEMPATH\CodeIgniter.php(509): CodeIgniter\CodeIgniter->runController(Object(App\Controllers\Communitee))
 8 SYSTEMPATH\CodeIgniter.php(355): CodeIgniter\CodeIgniter->handleRequest(null, Object(Config\Cache), false)
 9 SYSTEMPATH\Boot.php(334): CodeIgniter\CodeIgniter->run()
10 SYSTEMPATH\Boot.php(67): CodeIgniter\Boot::runCodeIgniter(Object(CodeIgniter\CodeIgniter))
11 FCPATH\index.php(56): CodeIgniter\Boot::bootWeb(Object(Config\Paths))
12 SYSTEMPATH\rewrite.php(44): require_once('C:\\xampp\\htdocs\\exiaa-material-api\\public\\index.php')
CRITICAL - 2025-12-02 10:17:24 --> [Caused by] CodeIgniter\Database\Exceptions\DatabaseException: Table 'exiaa_db.candidate_mst' doesn't exist
in SYSTEMPATH\Database\MySQLi\Connection.php on line 317.
 1 SYSTEMPATH\Database\BaseConnection.php(734): CodeIgniter\Database\MySQLi\Connection->execute('INSERT INTO `candidate_mst` (`userId`, `mobileNo`, `email`, `religion`, `cast`, `community`, `createdDate`, `modifiedDate`) VALUES (4, \'7676767676\', \'jj@gmail.com\', NULL, NULL, NULL, \'2025-12-02 10:17:23\', \'2025-12-02 10:17:23\')')
 2 SYSTEMPATH\Database\BaseConnection.php(648): CodeIgniter\Database\BaseConnection->simpleQuery('INSERT INTO `candidate_mst` (`userId`, `mobileNo`, `email`, `religion`, `cast`, `community`, `createdDate`, `modifiedDate`) VALUES (4, \'7676767676\', \'jj@gmail.com\', NULL, NULL, NULL, \'2025-12-02 10:17:23\', \'2025-12-02 10:17:23\')')
 3 SYSTEMPATH\Database\BaseBuilder.php(2340): CodeIgniter\Database\BaseConnection->query('INSERT INTO `candidate_mst` (`userId`, `mobileNo`, `email`, `religion`, `cast`, `community`, `createdDate`, `modifiedDate`) VALUES (:userId:, :mobileNo:, :email:, :religion:, :cast:, :community:, :createdDate:, :modifiedDate:)', [...], false)
 4 SYSTEMPATH\Model.php(394): CodeIgniter\Database\BaseBuilder->insert()
 5 SYSTEMPATH\BaseModel.php(839): CodeIgniter\Model->doInsert([...])
 6 SYSTEMPATH\Model.php(800): CodeIgniter\BaseModel->insert([...], true)
 7 APPPATH\Controllers\Communitee.php(72): CodeIgniter\Model->insert([...])
 8 SYSTEMPATH\CodeIgniter.php(933): App\Controllers\Communitee->adduser()
 9 SYSTEMPATH\CodeIgniter.php(509): CodeIgniter\CodeIgniter->runController(Object(App\Controllers\Communitee))
10 SYSTEMPATH\CodeIgniter.php(355): CodeIgniter\CodeIgniter->handleRequest(null, Object(Config\Cache), false)
11 SYSTEMPATH\Boot.php(334): CodeIgniter\CodeIgniter->run()
12 SYSTEMPATH\Boot.php(67): CodeIgniter\Boot::runCodeIgniter(Object(CodeIgniter\CodeIgniter))
13 FCPATH\index.php(56): CodeIgniter\Boot::bootWeb(Object(Config\Paths))
14 SYSTEMPATH\rewrite.php(44): require_once('C:\\xampp\\htdocs\\exiaa-material-api\\public\\index.php')
CRITICAL - 2025-12-02 10:17:24 --> [Caused by] mysqli_sql_exception: Table 'exiaa_db.candidate_mst' doesn't exist
in SYSTEMPATH\Database\MySQLi\Connection.php on line 312.
 1 SYSTEMPATH\Database\MySQLi\Connection.php(312): mysqli->query('INSERT INTO `candidate_mst` (`userId`, `mobileNo`, `email`, `religion`, `cast`, `community`, `createdDate`, `modifiedDate`) VALUES (4, \'7676767676\', \'jj@gmail.com\', NULL, NULL, NULL, \'2025-12-02 10:17:23\', \'2025-12-02 10:17:23\')', 0)
 2 SYSTEMPATH\Database\BaseConnection.php(734): CodeIgniter\Database\MySQLi\Connection->execute('INSERT INTO `candidate_mst` (`userId`, `mobileNo`, `email`, `religion`, `cast`, `community`, `createdDate`, `modifiedDate`) VALUES (4, \'7676767676\', \'jj@gmail.com\', NULL, NULL, NULL, \'2025-12-02 10:17:23\', \'2025-12-02 10:17:23\')')
 3 SYSTEMPATH\Database\BaseConnection.php(648): CodeIgniter\Database\BaseConnection->simpleQuery('INSERT INTO `candidate_mst` (`userId`, `mobileNo`, `email`, `religion`, `cast`, `community`, `createdDate`, `modifiedDate`) VALUES (4, \'7676767676\', \'jj@gmail.com\', NULL, NULL, NULL, \'2025-12-02 10:17:23\', \'2025-12-02 10:17:23\')')
 4 SYSTEMPATH\Database\BaseBuilder.php(2340): CodeIgniter\Database\BaseConnection->query('INSERT INTO `candidate_mst` (`userId`, `mobileNo`, `email`, `religion`, `cast`, `community`, `createdDate`, `modifiedDate`) VALUES (:userId:, :mobileNo:, :email:, :religion:, :cast:, :community:, :createdDate:, :modifiedDate:)', [...], false)
 5 SYSTEMPATH\Model.php(394): CodeIgniter\Database\BaseBuilder->insert()
 6 SYSTEMPATH\BaseModel.php(839): CodeIgniter\Model->doInsert([...])
 7 SYSTEMPATH\Model.php(800): CodeIgniter\BaseModel->insert([...], true)
 8 APPPATH\Controllers\Communitee.php(72): CodeIgniter\Model->insert([...])
 9 SYSTEMPATH\CodeIgniter.php(933): App\Controllers\Communitee->adduser()
10 SYSTEMPATH\CodeIgniter.php(509): CodeIgniter\CodeIgniter->runController(Object(App\Controllers\Communitee))
11 SYSTEMPATH\CodeIgniter.php(355): CodeIgniter\CodeIgniter->handleRequest(null, Object(Config\Cache), false)
12 SYSTEMPATH\Boot.php(334): CodeIgniter\CodeIgniter->run()
13 SYSTEMPATH\Boot.php(67): CodeIgniter\Boot::runCodeIgniter(Object(CodeIgniter\CodeIgniter))
14 FCPATH\index.php(56): CodeIgniter\Boot::bootWeb(Object(Config\Paths))
15 SYSTEMPATH\rewrite.php(44): require_once('C:\\xampp\\htdocs\\exiaa-material-api\\public\\index.php')
ERROR - 2025-12-02 10:24:18 --> CORS Filter
ERROR - 2025-12-02 10:24:18 --> Origin: http://localhost:4200
ERROR - 2025-12-02 10:24:18 --> CORS Filter
ERROR - 2025-12-02 10:24:18 --> Origin: http://localhost:4200
ERROR - 2025-12-02 10:24:50 --> CORS Filter
ERROR - 2025-12-02 10:24:50 --> Origin: http://localhost:4200
ERROR - 2025-12-02 10:24:51 --> CORS Filter
ERROR - 2025-12-02 10:24:51 --> Origin: http://localhost:4200
ERROR - 2025-12-02 10:24:51 --> mysqli_sql_exception: Table 'exiaa_db.candidate_mst' doesn't exist in C:\xampp\htdocs\exiaa-material-api\vendor\codeigniter4\framework\system\Database\MySQLi\Connection.php:312
Stack trace:
#0 C:\xampp\htdocs\exiaa-material-api\vendor\codeigniter4\framework\system\Database\MySQLi\Connection.php(312): mysqli->query('INSERT INTO `ca...', 0)
#1 C:\xampp\htdocs\exiaa-material-api\vendor\codeigniter4\framework\system\Database\BaseConnection.php(734): CodeIgniter\Database\MySQLi\Connection->execute('INSERT INTO `ca...')
#2 C:\xampp\htdocs\exiaa-material-api\vendor\codeigniter4\framework\system\Database\BaseConnection.php(648): CodeIgniter\Database\BaseConnection->simpleQuery('INSERT INTO `ca...')
#3 C:\xampp\htdocs\exiaa-material-api\vendor\codeigniter4\framework\system\Database\BaseBuilder.php(2340): CodeIgniter\Database\BaseConnection->query('INSERT INTO `ca...', Array, false)
#4 C:\xampp\htdocs\exiaa-material-api\vendor\codeigniter4\framework\system\Model.php(394): CodeIgniter\Database\BaseBuilder->insert()
#5 C:\xampp\htdocs\exiaa-material-api\vendor\codeigniter4\framework\system\BaseModel.php(839): CodeIgniter\Model->doInsert(Array)
#6 C:\xampp\htdocs\exiaa-material-api\vendor\codeigniter4\framework\system\Model.php(800): CodeIgniter\BaseModel->insert(Array, true)
#7 C:\xampp\htdocs\exiaa-material-api\app\Controllers\Communitee.php(97): CodeIgniter\Model->insert(Array)
#8 C:\xampp\htdocs\exiaa-material-api\vendor\codeigniter4\framework\system\CodeIgniter.php(933): App\Controllers\Communitee->adduser()
#9 C:\xampp\htdocs\exiaa-material-api\vendor\codeigniter4\framework\system\CodeIgniter.php(509): CodeIgniter\CodeIgniter->runController(Object(App\Controllers\Communitee))
#10 C:\xampp\htdocs\exiaa-material-api\vendor\codeigniter4\framework\system\CodeIgniter.php(355): CodeIgniter\CodeIgniter->handleRequest(NULL, Object(Config\Cache), false)
#11 C:\xampp\htdocs\exiaa-material-api\vendor\codeigniter4\framework\system\Boot.php(334): CodeIgniter\CodeIgniter->run()
#12 C:\xampp\htdocs\exiaa-material-api\vendor\codeigniter4\framework\system\Boot.php(67): CodeIgniter\Boot::runCodeIgniter(Object(CodeIgniter\CodeIgniter))
#13 C:\xampp\htdocs\exiaa-material-api\public\index.php(56): CodeIgniter\Boot::bootWeb(Object(Config\Paths))
#14 C:\xampp\htdocs\exiaa-material-api\vendor\codeigniter4\framework\system\rewrite.php(44): require_once('C:\\xampp\\htdocs...')
#15 {main}
CRITICAL - 2025-12-02 10:24:51 --> CodeIgniter\Database\Exceptions\DatabaseException: Table 'exiaa_db.candidate_mst' doesn't exist
[Method: POST, Route: webapi/communitee/adduser]
in SYSTEMPATH\Database\BaseConnection.php on line 688.
 1 SYSTEMPATH\Database\BaseBuilder.php(2340): CodeIgniter\Database\BaseConnection->query('INSERT INTO `candidate_mst` (`userId`, `mobileNo`, `email`, `religion`, `cast`, `community`, `createdDate`, `modifiedDate`, `businessId`, `createdBy`, `modifiedBy`, `isActive`, `isDeleted`) VALUES (:userId:, :mobileNo:, :email:, :religion:, :cast:, :community:, :createdDate:, :modifiedDate:, :businessId:, :createdBy:, :modifiedBy:, :isActive:, :isDeleted:)', [...], false)
 2 SYSTEMPATH\Model.php(394): CodeIgniter\Database\BaseBuilder->insert()
 3 SYSTEMPATH\BaseModel.php(839): CodeIgniter\Model->doInsert([...])
 4 SYSTEMPATH\Model.php(800): CodeIgniter\BaseModel->insert([...], true)
 5 APPPATH\Controllers\Communitee.php(97): CodeIgniter\Model->insert([...])
 6 SYSTEMPATH\CodeIgniter.php(933): App\Controllers\Communitee->adduser()
 7 SYSTEMPATH\CodeIgniter.php(509): CodeIgniter\CodeIgniter->runController(Object(App\Controllers\Communitee))
 8 SYSTEMPATH\CodeIgniter.php(355): CodeIgniter\CodeIgniter->handleRequest(null, Object(Config\Cache), false)
 9 SYSTEMPATH\Boot.php(334): CodeIgniter\CodeIgniter->run()
10 SYSTEMPATH\Boot.php(67): CodeIgniter\Boot::runCodeIgniter(Object(CodeIgniter\CodeIgniter))
11 FCPATH\index.php(56): CodeIgniter\Boot::bootWeb(Object(Config\Paths))
12 SYSTEMPATH\rewrite.php(44): require_once('C:\\xampp\\htdocs\\exiaa-material-api\\public\\index.php')
CRITICAL - 2025-12-02 10:24:51 --> [Caused by] CodeIgniter\Database\Exceptions\DatabaseException: Table 'exiaa_db.candidate_mst' doesn't exist
in SYSTEMPATH\Database\MySQLi\Connection.php on line 317.
 1 SYSTEMPATH\Database\BaseConnection.php(734): CodeIgniter\Database\MySQLi\Connection->execute('INSERT INTO `candidate_mst` (`userId`, `mobileNo`, `email`, `religion`, `cast`, `community`, `createdDate`, `modifiedDate`, `businessId`, `createdBy`, `modifiedBy`, `isActive`, `isDeleted`) VALUES (5, \'7667766767\', \'jj@jmail.com\', NULL, NULL, NULL, \'2025-12-02 10:24:51\', \'2025-12-02 10:24:51\', 0, 0, 0, 1, 0)')
 2 SYSTEMPATH\Database\BaseConnection.php(648): CodeIgniter\Database\BaseConnection->simpleQuery('INSERT INTO `candidate_mst` (`userId`, `mobileNo`, `email`, `religion`, `cast`, `community`, `createdDate`, `modifiedDate`, `businessId`, `createdBy`, `modifiedBy`, `isActive`, `isDeleted`) VALUES (5, \'7667766767\', \'jj@jmail.com\', NULL, NULL, NULL, \'2025-12-02 10:24:51\', \'2025-12-02 10:24:51\', 0, 0, 0, 1, 0)')
 3 SYSTEMPATH\Database\BaseBuilder.php(2340): CodeIgniter\Database\BaseConnection->query('INSERT INTO `candidate_mst` (`userId`, `mobileNo`, `email`, `religion`, `cast`, `community`, `createdDate`, `modifiedDate`, `businessId`, `createdBy`, `modifiedBy`, `isActive`, `isDeleted`) VALUES (:userId:, :mobileNo:, :email:, :religion:, :cast:, :community:, :createdDate:, :modifiedDate:, :businessId:, :createdBy:, :modifiedBy:, :isActive:, :isDeleted:)', [...], false)
 4 SYSTEMPATH\Model.php(394): CodeIgniter\Database\BaseBuilder->insert()
 5 SYSTEMPATH\BaseModel.php(839): CodeIgniter\Model->doInsert([...])
 6 SYSTEMPATH\Model.php(800): CodeIgniter\BaseModel->insert([...], true)
 7 APPPATH\Controllers\Communitee.php(97): CodeIgniter\Model->insert([...])
 8 SYSTEMPATH\CodeIgniter.php(933): App\Controllers\Communitee->adduser()
 9 SYSTEMPATH\CodeIgniter.php(509): CodeIgniter\CodeIgniter->runController(Object(App\Controllers\Communitee))
10 SYSTEMPATH\CodeIgniter.php(355): CodeIgniter\CodeIgniter->handleRequest(null, Object(Config\Cache), false)
11 SYSTEMPATH\Boot.php(334): CodeIgniter\CodeIgniter->run()
12 SYSTEMPATH\Boot.php(67): CodeIgniter\Boot::runCodeIgniter(Object(CodeIgniter\CodeIgniter))
13 FCPATH\index.php(56): CodeIgniter\Boot::bootWeb(Object(Config\Paths))
14 SYSTEMPATH\rewrite.php(44): require_once('C:\\xampp\\htdocs\\exiaa-material-api\\public\\index.php')
CRITICAL - 2025-12-02 10:24:51 --> [Caused by] mysqli_sql_exception: Table 'exiaa_db.candidate_mst' doesn't exist
in SYSTEMPATH\Database\MySQLi\Connection.php on line 312.
 1 SYSTEMPATH\Database\MySQLi\Connection.php(312): mysqli->query('INSERT INTO `candidate_mst` (`userId`, `mobileNo`, `email`, `religion`, `cast`, `community`, `createdDate`, `modifiedDate`, `businessId`, `createdBy`, `modifiedBy`, `isActive`, `isDeleted`) VALUES (5, \'7667766767\', \'jj@jmail.com\', NULL, NULL, NULL, \'2025-12-02 10:24:51\', \'2025-12-02 10:24:51\', 0, 0, 0, 1, 0)', 0)
 2 SYSTEMPATH\Database\BaseConnection.php(734): CodeIgniter\Database\MySQLi\Connection->execute('INSERT INTO `candidate_mst` (`userId`, `mobileNo`, `email`, `religion`, `cast`, `community`, `createdDate`, `modifiedDate`, `businessId`, `createdBy`, `modifiedBy`, `isActive`, `isDeleted`) VALUES (5, \'7667766767\', \'jj@jmail.com\', NULL, NULL, NULL, \'2025-12-02 10:24:51\', \'2025-12-02 10:24:51\', 0, 0, 0, 1, 0)')
 3 SYSTEMPATH\Database\BaseConnection.php(648): CodeIgniter\Database\BaseConnection->simpleQuery('INSERT INTO `candidate_mst` (`userId`, `mobileNo`, `email`, `religion`, `cast`, `community`, `createdDate`, `modifiedDate`, `businessId`, `createdBy`, `modifiedBy`, `isActive`, `isDeleted`) VALUES (5, \'7667766767\', \'jj@jmail.com\', NULL, NULL, NULL, \'2025-12-02 10:24:51\', \'2025-12-02 10:24:51\', 0, 0, 0, 1, 0)')
 4 SYSTEMPATH\Database\BaseBuilder.php(2340): CodeIgniter\Database\BaseConnection->query('INSERT INTO `candidate_mst` (`userId`, `mobileNo`, `email`, `religion`, `cast`, `community`, `createdDate`, `modifiedDate`, `businessId`, `createdBy`, `modifiedBy`, `isActive`, `isDeleted`) VALUES (:userId:, :mobileNo:, :email:, :religion:, :cast:, :community:, :createdDate:, :modifiedDate:, :businessId:, :createdBy:, :modifiedBy:, :isActive:, :isDeleted:)', [...], false)
 5 SYSTEMPATH\Model.php(394): CodeIgniter\Database\BaseBuilder->insert()
 6 SYSTEMPATH\BaseModel.php(839): CodeIgniter\Model->doInsert([...])
 7 SYSTEMPATH\Model.php(800): CodeIgniter\BaseModel->insert([...], true)
 8 APPPATH\Controllers\Communitee.php(97): CodeIgniter\Model->insert([...])
 9 SYSTEMPATH\CodeIgniter.php(933): App\Controllers\Communitee->adduser()
10 SYSTEMPATH\CodeIgniter.php(509): CodeIgniter\CodeIgniter->runController(Object(App\Controllers\Communitee))
11 SYSTEMPATH\CodeIgniter.php(355): CodeIgniter\CodeIgniter->handleRequest(null, Object(Config\Cache), false)
12 SYSTEMPATH\Boot.php(334): CodeIgniter\CodeIgniter->run()
13 SYSTEMPATH\Boot.php(67): CodeIgniter\Boot::runCodeIgniter(Object(CodeIgniter\CodeIgniter))
14 FCPATH\index.php(56): CodeIgniter\Boot::bootWeb(Object(Config\Paths))
15 SYSTEMPATH\rewrite.php(44): require_once('C:\\xampp\\htdocs\\exiaa-material-api\\public\\index.php')
ERROR - 2025-12-02 10:29:23 --> CORS Filter
ERROR - 2025-12-02 10:29:23 --> Origin: http://localhost:4200
ERROR - 2025-12-02 10:29:23 --> CORS Filter
ERROR - 2025-12-02 10:29:23 --> Origin: http://localhost:4200
ERROR - 2025-12-02 10:34:12 --> CORS Filter
ERROR - 2025-12-02 10:34:12 --> Origin: http://localhost:4200
ERROR - 2025-12-02 10:34:13 --> CORS Filter
ERROR - 2025-12-02 10:34:13 --> Origin: http://localhost:4200
CRITICAL - 2025-12-02 10:34:13 --> Error: Class "App\Controllers\CommunieeModel" not found
[Method: POST, Route: webapi/communitee/adduser]
in APPPATH\Controllers\Communitee.php on line 31.
 1 SYSTEMPATH\CodeIgniter.php(933): App\Controllers\Communitee->adduser()
 2 SYSTEMPATH\CodeIgniter.php(509): CodeIgniter\CodeIgniter->runController(Object(App\Controllers\Communitee))
 3 SYSTEMPATH\CodeIgniter.php(355): CodeIgniter\CodeIgniter->handleRequest(null, Object(Config\Cache), false)
 4 SYSTEMPATH\Boot.php(334): CodeIgniter\CodeIgniter->run()
 5 SYSTEMPATH\Boot.php(67): CodeIgniter\Boot::runCodeIgniter(Object(CodeIgniter\CodeIgniter))
 6 FCPATH\index.php(56): CodeIgniter\Boot::bootWeb(Object(Config\Paths))
 7 SYSTEMPATH\rewrite.php(44): require_once('C:\\xampp\\htdocs\\exiaa-material-api\\public\\index.php')
ERROR - 2025-12-02 10:35:37 --> CORS Filter
ERROR - 2025-12-02 10:35:37 --> Origin: http://localhost:4200
ERROR - 2025-12-02 10:35:37 --> CORS Filter
ERROR - 2025-12-02 10:35:37 --> Origin: http://localhost:4200
CRITICAL - 2025-12-02 10:35:37 --> ErrorException: Undefined array key "name"
[Method: POST, Route: webapi/communitee/adduser]
in APPPATH\Controllers\Communitee.php on line 38.
 1 APPPATH\Controllers\Communitee.php(38): CodeIgniter\Debug\Exceptions->errorHandler(2, 'Undefined array key "name"', 'C:\\xampp\\htdocs\\exiaa-material-api\\app\\Controllers\\Communitee.php', 38)
 2 SYSTEMPATH\CodeIgniter.php(933): App\Controllers\Communitee->adduser()
 3 SYSTEMPATH\CodeIgniter.php(509): CodeIgniter\CodeIgniter->runController(Object(App\Controllers\Communitee))
 4 SYSTEMPATH\CodeIgniter.php(355): CodeIgniter\CodeIgniter->handleRequest(null, Object(Config\Cache), false)
 5 SYSTEMPATH\Boot.php(334): CodeIgniter\CodeIgniter->run()
 6 SYSTEMPATH\Boot.php(67): CodeIgniter\Boot::runCodeIgniter(Object(CodeIgniter\CodeIgniter))
 7 FCPATH\index.php(56): CodeIgniter\Boot::bootWeb(Object(Config\Paths))
 8 SYSTEMPATH\rewrite.php(44): require_once('C:\\xampp\\htdocs\\exiaa-material-api\\public\\index.php')
ERROR - 2025-12-02 10:36:42 --> CORS Filter
ERROR - 2025-12-02 10:36:42 --> Origin: http://localhost:4200
ERROR - 2025-12-02 10:36:42 --> CORS Filter
ERROR - 2025-12-02 10:36:42 --> Origin: http://localhost:4200
CRITICAL - 2025-12-02 10:36:42 --> ErrorException: Undefined array key "mobileNo"
[Method: POST, Route: webapi/communitee/adduser]
in APPPATH\Controllers\Communitee.php on line 40.
 1 APPPATH\Controllers\Communitee.php(40): CodeIgniter\Debug\Exceptions->errorHandler(2, 'Undefined array key "mobileNo"', 'C:\\xampp\\htdocs\\exiaa-material-api\\app\\Controllers\\Communitee.php', 40)
 2 SYSTEMPATH\CodeIgniter.php(933): App\Controllers\Communitee->adduser()
 3 SYSTEMPATH\CodeIgniter.php(509): CodeIgniter\CodeIgniter->runController(Object(App\Controllers\Communitee))
 4 SYSTEMPATH\CodeIgniter.php(355): CodeIgniter\CodeIgniter->handleRequest(null, Object(Config\Cache), false)
 5 SYSTEMPATH\Boot.php(334): CodeIgniter\CodeIgniter->run()
 6 SYSTEMPATH\Boot.php(67): CodeIgniter\Boot::runCodeIgniter(Object(CodeIgniter\CodeIgniter))
 7 FCPATH\index.php(56): CodeIgniter\Boot::bootWeb(Object(Config\Paths))
 8 SYSTEMPATH\rewrite.php(44): require_once('C:\\xampp\\htdocs\\exiaa-material-api\\public\\index.php')
ERROR - 2025-12-02 10:38:16 --> CORS Filter
ERROR - 2025-12-02 10:38:16 --> Origin: http://localhost:4200
ERROR - 2025-12-02 10:38:16 --> CORS Filter
ERROR - 2025-12-02 10:38:16 --> Origin: http://localhost:4200
CRITICAL - 2025-12-02 10:38:16 --> ErrorException: Undefined array key "mobileNo"
[Method: POST, Route: webapi/communitee/adduser]
in APPPATH\Controllers\Communitee.php on line 55.
 1 APPPATH\Controllers\Communitee.php(55): CodeIgniter\Debug\Exceptions->errorHandler(2, 'Undefined array key "mobileNo"', 'C:\\xampp\\htdocs\\exiaa-material-api\\app\\Controllers\\Communitee.php', 55)
 2 SYSTEMPATH\CodeIgniter.php(933): App\Controllers\Communitee->adduser()
 3 SYSTEMPATH\CodeIgniter.php(509): CodeIgniter\CodeIgniter->runController(Object(App\Controllers\Communitee))
 4 SYSTEMPATH\CodeIgniter.php(355): CodeIgniter\CodeIgniter->handleRequest(null, Object(Config\Cache), false)
 5 SYSTEMPATH\Boot.php(334): CodeIgniter\CodeIgniter->run()
 6 SYSTEMPATH\Boot.php(67): CodeIgniter\Boot::runCodeIgniter(Object(CodeIgniter\CodeIgniter))
 7 FCPATH\index.php(56): CodeIgniter\Boot::bootWeb(Object(Config\Paths))
 8 SYSTEMPATH\rewrite.php(44): require_once('C:\\xampp\\htdocs\\exiaa-material-api\\public\\index.php')
ERROR - 2025-12-02 10:40:12 --> CORS Filter
ERROR - 2025-12-02 10:40:12 --> Origin: http://localhost:4200
ERROR - 2025-12-02 10:40:12 --> CORS Filter
ERROR - 2025-12-02 10:40:12 --> Origin: http://localhost:4200
ERROR - 2025-12-02 10:40:12 --> mysqli_sql_exception: Table 'exiaa_db.candidate_mst' doesn't exist in C:\xampp\htdocs\exiaa-material-api\vendor\codeigniter4\framework\system\Database\MySQLi\Connection.php:312
Stack trace:
#0 C:\xampp\htdocs\exiaa-material-api\vendor\codeigniter4\framework\system\Database\MySQLi\Connection.php(312): mysqli->query('INSERT INTO `ca...', 0)
#1 C:\xampp\htdocs\exiaa-material-api\vendor\codeigniter4\framework\system\Database\BaseConnection.php(734): CodeIgniter\Database\MySQLi\Connection->execute('INSERT INTO `ca...')
#2 C:\xampp\htdocs\exiaa-material-api\vendor\codeigniter4\framework\system\Database\BaseConnection.php(648): CodeIgniter\Database\BaseConnection->simpleQuery('INSERT INTO `ca...')
#3 C:\xampp\htdocs\exiaa-material-api\vendor\codeigniter4\framework\system\Database\BaseBuilder.php(2340): CodeIgniter\Database\BaseConnection->query('INSERT INTO `ca...', Array, false)
#4 C:\xampp\htdocs\exiaa-material-api\vendor\codeigniter4\framework\system\Model.php(394): CodeIgniter\Database\BaseBuilder->insert()
#5 C:\xampp\htdocs\exiaa-material-api\vendor\codeigniter4\framework\system\BaseModel.php(839): CodeIgniter\Model->doInsert(Array)
#6 C:\xampp\htdocs\exiaa-material-api\vendor\codeigniter4\framework\system\Model.php(800): CodeIgniter\BaseModel->insert(Array, true)
#7 C:\xampp\htdocs\exiaa-material-api\app\Controllers\Communitee.php(70): CodeIgniter\Model->insert(Array)
#8 C:\xampp\htdocs\exiaa-material-api\vendor\codeigniter4\framework\system\CodeIgniter.php(933): App\Controllers\Communitee->adduser()
#9 C:\xampp\htdocs\exiaa-material-api\vendor\codeigniter4\framework\system\CodeIgniter.php(509): CodeIgniter\CodeIgniter->runController(Object(App\Controllers\Communitee))
#10 C:\xampp\htdocs\exiaa-material-api\vendor\codeigniter4\framework\system\CodeIgniter.php(355): CodeIgniter\CodeIgniter->handleRequest(NULL, Object(Config\Cache), false)
#11 C:\xampp\htdocs\exiaa-material-api\vendor\codeigniter4\framework\system\Boot.php(334): CodeIgniter\CodeIgniter->run()
#12 C:\xampp\htdocs\exiaa-material-api\vendor\codeigniter4\framework\system\Boot.php(67): CodeIgniter\Boot::runCodeIgniter(Object(CodeIgniter\CodeIgniter))
#13 C:\xampp\htdocs\exiaa-material-api\public\index.php(56): CodeIgniter\Boot::bootWeb(Object(Config\Paths))
#14 C:\xampp\htdocs\exiaa-material-api\vendor\codeigniter4\framework\system\rewrite.php(44): require_once('C:\\xampp\\htdocs...')
#15 {main}
CRITICAL - 2025-12-02 10:40:12 --> CodeIgniter\Database\Exceptions\DatabaseException: Table 'exiaa_db.candidate_mst' doesn't exist
[Method: POST, Route: webapi/communitee/adduser]
in SYSTEMPATH\Database\BaseConnection.php on line 688.
 1 SYSTEMPATH\Database\BaseBuilder.php(2340): CodeIgniter\Database\BaseConnection->query('INSERT INTO `candidate_mst` (`userId`, `mobileNo`, `email`, `isActive`, `isDeleted`, `createdDate`, `modifiedDate`) VALUES (:userId:, :mobileNo:, :email:, :isActive:, :isDeleted:, :createdDate:, :modifiedDate:)', [...], false)
 2 SYSTEMPATH\Model.php(394): CodeIgniter\Database\BaseBuilder->insert()
 3 SYSTEMPATH\BaseModel.php(839): CodeIgniter\Model->doInsert([...])
 4 SYSTEMPATH\Model.php(800): CodeIgniter\BaseModel->insert([...], true)
 5 APPPATH\Controllers\Communitee.php(70): CodeIgniter\Model->insert([...])
 6 SYSTEMPATH\CodeIgniter.php(933): App\Controllers\Communitee->adduser()
 7 SYSTEMPATH\CodeIgniter.php(509): CodeIgniter\CodeIgniter->runController(Object(App\Controllers\Communitee))
 8 SYSTEMPATH\CodeIgniter.php(355): CodeIgniter\CodeIgniter->handleRequest(null, Object(Config\Cache), false)
 9 SYSTEMPATH\Boot.php(334): CodeIgniter\CodeIgniter->run()
10 SYSTEMPATH\Boot.php(67): CodeIgniter\Boot::runCodeIgniter(Object(CodeIgniter\CodeIgniter))
11 FCPATH\index.php(56): CodeIgniter\Boot::bootWeb(Object(Config\Paths))
12 SYSTEMPATH\rewrite.php(44): require_once('C:\\xampp\\htdocs\\exiaa-material-api\\public\\index.php')
CRITICAL - 2025-12-02 10:40:12 --> [Caused by] CodeIgniter\Database\Exceptions\DatabaseException: Table 'exiaa_db.candidate_mst' doesn't exist
in SYSTEMPATH\Database\MySQLi\Connection.php on line 317.
 1 SYSTEMPATH\Database\BaseConnection.php(734): CodeIgniter\Database\MySQLi\Connection->execute('INSERT INTO `candidate_mst` (`userId`, `mobileNo`, `email`, `isActive`, `isDeleted`, `createdDate`, `modifiedDate`) VALUES (7, \'7667766767\', \'jj@jmail.com\', 1, 0, \'2025-12-02 10:40:12\', \'2025-12-02 10:40:12\')')
 2 SYSTEMPATH\Database\BaseConnection.php(648): CodeIgniter\Database\BaseConnection->simpleQuery('INSERT INTO `candidate_mst` (`userId`, `mobileNo`, `email`, `isActive`, `isDeleted`, `createdDate`, `modifiedDate`) VALUES (7, \'7667766767\', \'jj@jmail.com\', 1, 0, \'2025-12-02 10:40:12\', \'2025-12-02 10:40:12\')')
 3 SYSTEMPATH\Database\BaseBuilder.php(2340): CodeIgniter\Database\BaseConnection->query('INSERT INTO `candidate_mst` (`userId`, `mobileNo`, `email`, `isActive`, `isDeleted`, `createdDate`, `modifiedDate`) VALUES (:userId:, :mobileNo:, :email:, :isActive:, :isDeleted:, :createdDate:, :modifiedDate:)', [...], false)
 4 SYSTEMPATH\Model.php(394): CodeIgniter\Database\BaseBuilder->insert()
 5 SYSTEMPATH\BaseModel.php(839): CodeIgniter\Model->doInsert([...])
 6 SYSTEMPATH\Model.php(800): CodeIgniter\BaseModel->insert([...], true)
 7 APPPATH\Controllers\Communitee.php(70): CodeIgniter\Model->insert([...])
 8 SYSTEMPATH\CodeIgniter.php(933): App\Controllers\Communitee->adduser()
 9 SYSTEMPATH\CodeIgniter.php(509): CodeIgniter\CodeIgniter->runController(Object(App\Controllers\Communitee))
10 SYSTEMPATH\CodeIgniter.php(355): CodeIgniter\CodeIgniter->handleRequest(null, Object(Config\Cache), false)
11 SYSTEMPATH\Boot.php(334): CodeIgniter\CodeIgniter->run()
12 SYSTEMPATH\Boot.php(67): CodeIgniter\Boot::runCodeIgniter(Object(CodeIgniter\CodeIgniter))
13 FCPATH\index.php(56): CodeIgniter\Boot::bootWeb(Object(Config\Paths))
14 SYSTEMPATH\rewrite.php(44): require_once('C:\\xampp\\htdocs\\exiaa-material-api\\public\\index.php')
CRITICAL - 2025-12-02 10:40:12 --> [Caused by] mysqli_sql_exception: Table 'exiaa_db.candidate_mst' doesn't exist
in SYSTEMPATH\Database\MySQLi\Connection.php on line 312.
 1 SYSTEMPATH\Database\MySQLi\Connection.php(312): mysqli->query('INSERT INTO `candidate_mst` (`userId`, `mobileNo`, `email`, `isActive`, `isDeleted`, `createdDate`, `modifiedDate`) VALUES (7, \'7667766767\', \'jj@jmail.com\', 1, 0, \'2025-12-02 10:40:12\', \'2025-12-02 10:40:12\')', 0)
 2 SYSTEMPATH\Database\BaseConnection.php(734): CodeIgniter\Database\MySQLi\Connection->execute('INSERT INTO `candidate_mst` (`userId`, `mobileNo`, `email`, `isActive`, `isDeleted`, `createdDate`, `modifiedDate`) VALUES (7, \'7667766767\', \'jj@jmail.com\', 1, 0, \'2025-12-02 10:40:12\', \'2025-12-02 10:40:12\')')
 3 SYSTEMPATH\Database\BaseConnection.php(648): CodeIgniter\Database\BaseConnection->simpleQuery('INSERT INTO `candidate_mst` (`userId`, `mobileNo`, `email`, `isActive`, `isDeleted`, `createdDate`, `modifiedDate`) VALUES (7, \'7667766767\', \'jj@jmail.com\', 1, 0, \'2025-12-02 10:40:12\', \'2025-12-02 10:40:12\')')
 4 SYSTEMPATH\Database\BaseBuilder.php(2340): CodeIgniter\Database\BaseConnection->query('INSERT INTO `candidate_mst` (`userId`, `mobileNo`, `email`, `isActive`, `isDeleted`, `createdDate`, `modifiedDate`) VALUES (:userId:, :mobileNo:, :email:, :isActive:, :isDeleted:, :createdDate:, :modifiedDate:)', [...], false)
 5 SYSTEMPATH\Model.php(394): CodeIgniter\Database\BaseBuilder->insert()
 6 SYSTEMPATH\BaseModel.php(839): CodeIgniter\Model->doInsert([...])
 7 SYSTEMPATH\Model.php(800): CodeIgniter\BaseModel->insert([...], true)
 8 APPPATH\Controllers\Communitee.php(70): CodeIgniter\Model->insert([...])
 9 SYSTEMPATH\CodeIgniter.php(933): App\Controllers\Communitee->adduser()
10 SYSTEMPATH\CodeIgniter.php(509): CodeIgniter\CodeIgniter->runController(Object(App\Controllers\Communitee))
11 SYSTEMPATH\CodeIgniter.php(355): CodeIgniter\CodeIgniter->handleRequest(null, Object(Config\Cache), false)
12 SYSTEMPATH\Boot.php(334): CodeIgniter\CodeIgniter->run()
13 SYSTEMPATH\Boot.php(67): CodeIgniter\Boot::runCodeIgniter(Object(CodeIgniter\CodeIgniter))
14 FCPATH\index.php(56): CodeIgniter\Boot::bootWeb(Object(Config\Paths))
15 SYSTEMPATH\rewrite.php(44): require_once('C:\\xampp\\htdocs\\exiaa-material-api\\public\\index.php')
ERROR - 2025-12-02 10:40:17 --> CORS Filter
ERROR - 2025-12-02 10:40:17 --> Origin: http://localhost:4200
ERROR - 2025-12-02 10:40:17 --> CORS Filter
ERROR - 2025-12-02 10:40:17 --> Origin: http://localhost:4200
ERROR - 2025-12-02 10:40:56 --> CORS Filter
ERROR - 2025-12-02 10:40:56 --> Origin: http://localhost:4200
ERROR - 2025-12-02 10:40:56 --> CORS Filter
ERROR - 2025-12-02 10:40:56 --> Origin: http://localhost:4200
ERROR - 2025-12-02 10:40:56 --> mysqli_sql_exception: Table 'exiaa_db.candidate_mst' doesn't exist in C:\xampp\htdocs\exiaa-material-api\vendor\codeigniter4\framework\system\Database\MySQLi\Connection.php:312
Stack trace:
#0 C:\xampp\htdocs\exiaa-material-api\vendor\codeigniter4\framework\system\Database\MySQLi\Connection.php(312): mysqli->query('INSERT INTO `ca...', 0)
#1 C:\xampp\htdocs\exiaa-material-api\vendor\codeigniter4\framework\system\Database\BaseConnection.php(734): CodeIgniter\Database\MySQLi\Connection->execute('INSERT INTO `ca...')
#2 C:\xampp\htdocs\exiaa-material-api\vendor\codeigniter4\framework\system\Database\BaseConnection.php(648): CodeIgniter\Database\BaseConnection->simpleQuery('INSERT INTO `ca...')
#3 C:\xampp\htdocs\exiaa-material-api\vendor\codeigniter4\framework\system\Database\BaseBuilder.php(2340): CodeIgniter\Database\BaseConnection->query('INSERT INTO `ca...', Array, false)
#4 C:\xampp\htdocs\exiaa-material-api\vendor\codeigniter4\framework\system\Model.php(394): CodeIgniter\Database\BaseBuilder->insert()
#5 C:\xampp\htdocs\exiaa-material-api\vendor\codeigniter4\framework\system\BaseModel.php(839): CodeIgniter\Model->doInsert(Array)
#6 C:\xampp\htdocs\exiaa-material-api\vendor\codeigniter4\framework\system\Model.php(800): CodeIgniter\BaseModel->insert(Array, true)
#7 C:\xampp\htdocs\exiaa-material-api\app\Controllers\Communitee.php(70): CodeIgniter\Model->insert(Array)
#8 C:\xampp\htdocs\exiaa-material-api\vendor\codeigniter4\framework\system\CodeIgniter.php(933): App\Controllers\Communitee->adduser()
#9 C:\xampp\htdocs\exiaa-material-api\vendor\codeigniter4\framework\system\CodeIgniter.php(509): CodeIgniter\CodeIgniter->runController(Object(App\Controllers\Communitee))
#10 C:\xampp\htdocs\exiaa-material-api\vendor\codeigniter4\framework\system\CodeIgniter.php(355): CodeIgniter\CodeIgniter->handleRequest(NULL, Object(Config\Cache), false)
#11 C:\xampp\htdocs\exiaa-material-api\vendor\codeigniter4\framework\system\Boot.php(334): CodeIgniter\CodeIgniter->run()
#12 C:\xampp\htdocs\exiaa-material-api\vendor\codeigniter4\framework\system\Boot.php(67): CodeIgniter\Boot::runCodeIgniter(Object(CodeIgniter\CodeIgniter))
#13 C:\xampp\htdocs\exiaa-material-api\public\index.php(56): CodeIgniter\Boot::bootWeb(Object(Config\Paths))
#14 C:\xampp\htdocs\exiaa-material-api\vendor\codeigniter4\framework\system\rewrite.php(44): require_once('C:\\xampp\\htdocs...')
#15 {main}
CRITICAL - 2025-12-02 10:40:57 --> CodeIgniter\Database\Exceptions\DatabaseException: Table 'exiaa_db.candidate_mst' doesn't exist
[Method: POST, Route: webapi/communitee/adduser]
in SYSTEMPATH\Database\BaseConnection.php on line 688.
 1 SYSTEMPATH\Database\BaseBuilder.php(2340): CodeIgniter\Database\BaseConnection->query('INSERT INTO `candidate_mst` (`userId`, `mobileNo`, `email`, `isActive`, `isDeleted`, `createdDate`, `modifiedDate`) VALUES (:userId:, :mobileNo:, :email:, :isActive:, :isDeleted:, :createdDate:, :modifiedDate:)', [...], false)
 2 SYSTEMPATH\Model.php(394): CodeIgniter\Database\BaseBuilder->insert()
 3 SYSTEMPATH\BaseModel.php(839): CodeIgniter\Model->doInsert([...])
 4 SYSTEMPATH\Model.php(800): CodeIgniter\BaseModel->insert([...], true)
 5 APPPATH\Controllers\Communitee.php(70): CodeIgniter\Model->insert([...])
 6 SYSTEMPATH\CodeIgniter.php(933): App\Controllers\Communitee->adduser()
 7 SYSTEMPATH\CodeIgniter.php(509): CodeIgniter\CodeIgniter->runController(Object(App\Controllers\Communitee))
 8 SYSTEMPATH\CodeIgniter.php(355): CodeIgniter\CodeIgniter->handleRequest(null, Object(Config\Cache), false)
 9 SYSTEMPATH\Boot.php(334): CodeIgniter\CodeIgniter->run()
10 SYSTEMPATH\Boot.php(67): CodeIgniter\Boot::runCodeIgniter(Object(CodeIgniter\CodeIgniter))
11 FCPATH\index.php(56): CodeIgniter\Boot::bootWeb(Object(Config\Paths))
12 SYSTEMPATH\rewrite.php(44): require_once('C:\\xampp\\htdocs\\exiaa-material-api\\public\\index.php')
CRITICAL - 2025-12-02 10:40:57 --> [Caused by] CodeIgniter\Database\Exceptions\DatabaseException: Table 'exiaa_db.candidate_mst' doesn't exist
in SYSTEMPATH\Database\MySQLi\Connection.php on line 317.
 1 SYSTEMPATH\Database\BaseConnection.php(734): CodeIgniter\Database\MySQLi\Connection->execute('INSERT INTO `candidate_mst` (`userId`, `mobileNo`, `email`, `isActive`, `isDeleted`, `createdDate`, `modifiedDate`) VALUES (8, \'5434343444\', \'fff@gmail.com\', 1, 0, \'2025-12-02 10:40:56\', \'2025-12-02 10:40:56\')')
 2 SYSTEMPATH\Database\BaseConnection.php(648): CodeIgniter\Database\BaseConnection->simpleQuery('INSERT INTO `candidate_mst` (`userId`, `mobileNo`, `email`, `isActive`, `isDeleted`, `createdDate`, `modifiedDate`) VALUES (8, \'5434343444\', \'fff@gmail.com\', 1, 0, \'2025-12-02 10:40:56\', \'2025-12-02 10:40:56\')')
 3 SYSTEMPATH\Database\BaseBuilder.php(2340): CodeIgniter\Database\BaseConnection->query('INSERT INTO `candidate_mst` (`userId`, `mobileNo`, `email`, `isActive`, `isDeleted`, `createdDate`, `modifiedDate`) VALUES (:userId:, :mobileNo:, :email:, :isActive:, :isDeleted:, :createdDate:, :modifiedDate:)', [...], false)
 4 SYSTEMPATH\Model.php(394): CodeIgniter\Database\BaseBuilder->insert()
 5 SYSTEMPATH\BaseModel.php(839): CodeIgniter\Model->doInsert([...])
 6 SYSTEMPATH\Model.php(800): CodeIgniter\BaseModel->insert([...], true)
 7 APPPATH\Controllers\Communitee.php(70): CodeIgniter\Model->insert([...])
 8 SYSTEMPATH\CodeIgniter.php(933): App\Controllers\Communitee->adduser()
 9 SYSTEMPATH\CodeIgniter.php(509): CodeIgniter\CodeIgniter->runController(Object(App\Controllers\Communitee))
10 SYSTEMPATH\CodeIgniter.php(355): CodeIgniter\CodeIgniter->handleRequest(null, Object(Config\Cache), false)
11 SYSTEMPATH\Boot.php(334): CodeIgniter\CodeIgniter->run()
12 SYSTEMPATH\Boot.php(67): CodeIgniter\Boot::runCodeIgniter(Object(CodeIgniter\CodeIgniter))
13 FCPATH\index.php(56): CodeIgniter\Boot::bootWeb(Object(Config\Paths))
14 SYSTEMPATH\rewrite.php(44): require_once('C:\\xampp\\htdocs\\exiaa-material-api\\public\\index.php')
CRITICAL - 2025-12-02 10:40:57 --> [Caused by] mysqli_sql_exception: Table 'exiaa_db.candidate_mst' doesn't exist
in SYSTEMPATH\Database\MySQLi\Connection.php on line 312.
 1 SYSTEMPATH\Database\MySQLi\Connection.php(312): mysqli->query('INSERT INTO `candidate_mst` (`userId`, `mobileNo`, `email`, `isActive`, `isDeleted`, `createdDate`, `modifiedDate`) VALUES (8, \'5434343444\', \'fff@gmail.com\', 1, 0, \'2025-12-02 10:40:56\', \'2025-12-02 10:40:56\')', 0)
 2 SYSTEMPATH\Database\BaseConnection.php(734): CodeIgniter\Database\MySQLi\Connection->execute('INSERT INTO `candidate_mst` (`userId`, `mobileNo`, `email`, `isActive`, `isDeleted`, `createdDate`, `modifiedDate`) VALUES (8, \'5434343444\', \'fff@gmail.com\', 1, 0, \'2025-12-02 10:40:56\', \'2025-12-02 10:40:56\')')
 3 SYSTEMPATH\Database\BaseConnection.php(648): CodeIgniter\Database\BaseConnection->simpleQuery('INSERT INTO `candidate_mst` (`userId`, `mobileNo`, `email`, `isActive`, `isDeleted`, `createdDate`, `modifiedDate`) VALUES (8, \'5434343444\', \'fff@gmail.com\', 1, 0, \'2025-12-02 10:40:56\', \'2025-12-02 10:40:56\')')
 4 SYSTEMPATH\Database\BaseBuilder.php(2340): CodeIgniter\Database\BaseConnection->query('INSERT INTO `candidate_mst` (`userId`, `mobileNo`, `email`, `isActive`, `isDeleted`, `createdDate`, `modifiedDate`) VALUES (:userId:, :mobileNo:, :email:, :isActive:, :isDeleted:, :createdDate:, :modifiedDate:)', [...], false)
 5 SYSTEMPATH\Model.php(394): CodeIgniter\Database\BaseBuilder->insert()
 6 SYSTEMPATH\BaseModel.php(839): CodeIgniter\Model->doInsert([...])
 7 SYSTEMPATH\Model.php(800): CodeIgniter\BaseModel->insert([...], true)
 8 APPPATH\Controllers\Communitee.php(70): CodeIgniter\Model->insert([...])
 9 SYSTEMPATH\CodeIgniter.php(933): App\Controllers\Communitee->adduser()
10 SYSTEMPATH\CodeIgniter.php(509): CodeIgniter\CodeIgniter->runController(Object(App\Controllers\Communitee))
11 SYSTEMPATH\CodeIgniter.php(355): CodeIgniter\CodeIgniter->handleRequest(null, Object(Config\Cache), false)
12 SYSTEMPATH\Boot.php(334): CodeIgniter\CodeIgniter->run()
13 SYSTEMPATH\Boot.php(67): CodeIgniter\Boot::runCodeIgniter(Object(CodeIgniter\CodeIgniter))
14 FCPATH\index.php(56): CodeIgniter\Boot::bootWeb(Object(Config\Paths))
15 SYSTEMPATH\rewrite.php(44): require_once('C:\\xampp\\htdocs\\exiaa-material-api\\public\\index.php')
ERROR - 2025-12-02 10:42:57 --> CORS Filter
ERROR - 2025-12-02 10:42:57 --> Origin: http://localhost:4200
ERROR - 2025-12-02 10:42:57 --> CORS Filter
ERROR - 2025-12-02 10:42:57 --> Origin: http://localhost:4200
ERROR - 2025-12-02 11:25:15 --> CORS Filter
ERROR - 2025-12-02 11:25:15 --> Origin: http://localhost:4200
ERROR - 2025-12-02 11:25:15 --> CORS Filter
ERROR - 2025-12-02 11:25:15 --> Origin: http://localhost:4200
ERROR - 2025-12-02 11:27:00 --> CORS Filter
ERROR - 2025-12-02 11:27:00 --> Origin: http://localhost:4200
ERROR - 2025-12-02 11:27:01 --> CORS Filter
ERROR - 2025-12-02 11:27:01 --> Origin: http://localhost:4200
ERROR - 2025-12-02 11:50:23 --> CORS Filter
ERROR - 2025-12-02 11:50:23 --> Origin: http://localhost:4200
ERROR - 2025-12-02 11:50:23 --> CORS Filter
ERROR - 2025-12-02 11:50:23 --> Origin: http://localhost:4200
ERROR - 2025-12-02 11:57:19 --> CORS Filter
ERROR - 2025-12-02 11:57:19 --> Origin: http://localhost:4200
ERROR - 2025-12-02 11:57:19 --> CORS Filter
ERROR - 2025-12-02 11:57:19 --> Origin: http://localhost:4200
ERROR - 2025-12-02 11:59:32 --> CORS Filter
ERROR - 2025-12-02 11:59:32 --> Origin: http://localhost:4200
ERROR - 2025-12-02 11:59:33 --> CORS Filter
ERROR - 2025-12-02 11:59:33 --> Origin: http://localhost:4200
ERROR - 2025-12-02 12:06:07 --> CORS Filter
ERROR - 2025-12-02 12:06:07 --> Origin: http://localhost:4200
ERROR - 2025-12-02 12:06:08 --> CORS Filter
ERROR - 2025-12-02 12:06:08 --> Origin: http://localhost:4200
ERROR - 2025-12-02 12:06:17 --> CORS Filter
ERROR - 2025-12-02 12:06:17 --> Origin: http://localhost:4200
ERROR - 2025-12-02 12:06:18 --> CORS Filter
ERROR - 2025-12-02 12:06:18 --> Origin: http://localhost:4200
ERROR - 2025-12-02 12:06:45 --> CORS Filter
ERROR - 2025-12-02 12:06:45 --> Origin: http://localhost:4200
ERROR - 2025-12-02 12:06:46 --> CORS Filter
ERROR - 2025-12-02 12:06:46 --> Origin: http://localhost:4200
ERROR - 2025-12-02 12:09:13 --> CORS Filter
ERROR - 2025-12-02 12:09:13 --> Origin: http://localhost:4200
ERROR - 2025-12-02 12:09:14 --> CORS Filter
ERROR - 2025-12-02 12:09:14 --> Origin: http://localhost:4200
ERROR - 2025-12-02 12:09:52 --> CORS Filter
ERROR - 2025-12-02 12:09:52 --> Origin: http://localhost:4200
ERROR - 2025-12-02 12:09:52 --> CORS Filter
ERROR - 2025-12-02 12:09:52 --> Origin: http://localhost:4200
ERROR - 2025-12-02 12:10:23 --> CORS Filter
ERROR - 2025-12-02 12:10:23 --> Origin: http://localhost:4200
ERROR - 2025-12-02 12:10:24 --> CORS Filter
ERROR - 2025-12-02 12:10:24 --> Origin: http://localhost:4200
ERROR - 2025-12-02 12:11:17 --> CORS Filter
ERROR - 2025-12-02 12:11:17 --> Origin: http://localhost:4200
ERROR - 2025-12-02 12:11:17 --> CORS Filter
ERROR - 2025-12-02 12:11:17 --> Origin: http://localhost:4200
ERROR - 2025-12-02 12:17:30 --> CORS Filter
ERROR - 2025-12-02 12:17:30 --> Origin: http://localhost:4200
ERROR - 2025-12-02 12:17:31 --> CORS Filter
ERROR - 2025-12-02 12:17:31 --> Origin: http://localhost:4200
