ERROR - 2025-07-24 04:08:42 --> CORS Filter
ERROR - 2025-07-24 04:08:42 --> Origin: http://localhost:4200
ERROR - 2025-07-24 04:08:42 --> CORS Filter
ERROR - 2025-07-24 04:08:42 --> Origin: http://localhost:4200
ERROR - 2025-07-24 04:08:44 --> CORS Filter
ERROR - 2025-07-24 04:08:44 --> Origin: http://localhost:4200
ERROR - 2025-07-24 04:08:44 --> CORS Filter
ERROR - 2025-07-24 04:08:44 --> Origin: http://localhost:4200
ERROR - 2025-07-24 04:08:44 --> CORS Filter
ERROR - 2025-07-24 04:08:44 --> Origin: http://localhost:4200
ERROR - 2025-07-24 04:08:44 --> CORS Filter
ERROR - 2025-07-24 04:08:44 --> Origin: http://localhost:4200
ERROR - 2025-07-24 04:08:48 --> CORS Filter
ERROR - 2025-07-24 04:08:48 --> Origin: http://localhost:4200
ERROR - 2025-07-24 04:08:48 --> CORS Filter
ERROR - 2025-07-24 04:08:48 --> Origin: http://localhost:4200
ERROR - 2025-07-24 04:24:28 --> CORS Filter
ERROR - 2025-07-24 04:24:28 --> Origin: http://localhost:4200
ERROR - 2025-07-24 04:24:29 --> CORS Filter
ERROR - 2025-07-24 04:24:29 --> Origin: http://localhost:4200
ERROR - 2025-07-24 04:24:58 --> CORS Filter
ERROR - 2025-07-24 04:24:58 --> Origin: http://localhost:4200
ERROR - 2025-07-24 04:24:59 --> CORS Filter
ERROR - 2025-07-24 04:24:59 --> Origin: http://localhost:4200
ERROR - 2025-07-24 05:08:39 --> CORS Filter
ERROR - 2025-07-24 05:08:39 --> Origin: http://localhost:4200
ERROR - 2025-07-24 05:08:39 --> CORS Filter
ERROR - 2025-07-24 05:08:39 --> Origin: http://localhost:4200
ERROR - 2025-07-24 05:08:40 --> CORS Filter
ERROR - 2025-07-24 05:08:40 --> Origin: http://localhost:4200
ERROR - 2025-07-24 05:08:40 --> CORS Filter
ERROR - 2025-07-24 05:08:40 --> Origin: http://localhost:4200
ERROR - 2025-07-24 05:08:40 --> CORS Filter
ERROR - 2025-07-24 05:08:40 --> Origin: http://localhost:4200
ERROR - 2025-07-24 05:08:40 --> CORS Filter
ERROR - 2025-07-24 05:08:40 --> Origin: http://localhost:4200
ERROR - 2025-07-24 05:08:40 --> CORS Filter
ERROR - 2025-07-24 05:08:40 --> Origin: http://localhost:4200
ERROR - 2025-07-24 05:08:40 --> CORS Filter
ERROR - 2025-07-24 05:08:41 --> Origin: http://localhost:4200
ERROR - 2025-07-24 05:08:41 --> CORS Filter
ERROR - 2025-07-24 05:08:41 --> Origin: http://localhost:4200
ERROR - 2025-07-24 05:08:41 --> CORS Filter
ERROR - 2025-07-24 05:08:41 --> Origin: http://localhost:4200
ERROR - 2025-07-24 05:08:41 --> CORS Filter
ERROR - 2025-07-24 05:08:41 --> Origin: http://localhost:4200
ERROR - 2025-07-24 05:08:42 --> CORS Filter
ERROR - 2025-07-24 05:08:42 --> Origin: http://localhost:4200
ERROR - 2025-07-24 05:13:33 --> CORS Filter
ERROR - 2025-07-24 05:13:33 --> Origin: http://localhost:4200
ERROR - 2025-07-24 05:13:34 --> CORS Filter
ERROR - 2025-07-24 05:13:34 --> Origin: http://localhost:4200
ERROR - 2025-07-24 05:13:34 --> CORS Filter
ERROR - 2025-07-24 05:13:34 --> Origin: http://localhost:4200
ERROR - 2025-07-24 05:13:34 --> CORS Filter
ERROR - 2025-07-24 05:13:34 --> Origin: http://localhost:4200
ERROR - 2025-07-24 05:13:34 --> CORS Filter
ERROR - 2025-07-24 05:13:34 --> Origin: http://localhost:4200
ERROR - 2025-07-24 05:13:34 --> CORS Filter
ERROR - 2025-07-24 05:13:34 --> Origin: http://localhost:4200
ERROR - 2025-07-24 05:13:34 --> CORS Filter
ERROR - 2025-07-24 05:13:34 --> Origin: http://localhost:4200
ERROR - 2025-07-24 05:13:34 --> CORS Filter
ERROR - 2025-07-24 05:13:34 --> Origin: http://localhost:4200
ERROR - 2025-07-24 05:13:35 --> CORS Filter
ERROR - 2025-07-24 05:13:35 --> Origin: http://localhost:4200
ERROR - 2025-07-24 05:13:35 --> CORS Filter
ERROR - 2025-07-24 05:13:35 --> Origin: http://localhost:4200
ERROR - 2025-07-24 05:13:35 --> CORS Filter
ERROR - 2025-07-24 05:13:35 --> Origin: http://localhost:4200
ERROR - 2025-07-24 05:13:35 --> CORS Filter
ERROR - 2025-07-24 05:13:35 --> Origin: http://localhost:4200
ERROR - 2025-07-24 05:13:38 --> CORS Filter
ERROR - 2025-07-24 05:13:38 --> Origin: http://localhost:4200
ERROR - 2025-07-24 06:05:31 --> CORS Filter
ERROR - 2025-07-24 06:05:31 --> Origin: http://localhost:4200
ERROR - 2025-07-24 06:05:31 --> CORS Filter
ERROR - 2025-07-24 06:05:31 --> Origin: http://localhost:4200
ERROR - 2025-07-24 06:05:34 --> CORS Filter
ERROR - 2025-07-24 06:05:34 --> Origin: http://localhost:4200
ERROR - 2025-07-24 06:05:34 --> CORS Filter
ERROR - 2025-07-24 06:05:34 --> Origin: http://localhost:4200
ERROR - 2025-07-24 06:05:36 --> CORS Filter
ERROR - 2025-07-24 06:05:36 --> Origin: http://localhost:4200
ERROR - 2025-07-24 06:05:36 --> CORS Filter
ERROR - 2025-07-24 06:05:36 --> Origin: http://localhost:4200
ERROR - 2025-07-24 06:13:31 --> CORS Filter
ERROR - 2025-07-24 06:13:31 --> Origin: http://localhost:4200
ERROR - 2025-07-24 06:13:31 --> CORS Filter
ERROR - 2025-07-24 06:13:31 --> Origin: http://localhost:4200
ERROR - 2025-07-24 06:13:31 --> CORS Filter
ERROR - 2025-07-24 06:13:31 --> Origin: http://localhost:4200
ERROR - 2025-07-24 06:36:08 --> CORS Filter
ERROR - 2025-07-24 06:36:08 --> Origin: http://localhost:4200
ERROR - 2025-07-24 06:36:08 --> CORS Filter
ERROR - 2025-07-24 06:36:08 --> Origin: http://localhost:4200
ERROR - 2025-07-24 06:36:10 --> CORS Filter
ERROR - 2025-07-24 06:36:10 --> Origin: http://localhost:4200
ERROR - 2025-07-24 06:36:10 --> CORS Filter
ERROR - 2025-07-24 06:36:10 --> Origin: http://localhost:4200
ERROR - 2025-07-24 06:36:11 --> CORS Filter
ERROR - 2025-07-24 06:36:11 --> Origin: http://localhost:4200
ERROR - 2025-07-24 06:36:11 --> CORS Filter
ERROR - 2025-07-24 06:36:11 --> Origin: http://localhost:4200
ERROR - 2025-07-24 06:36:16 --> CORS Filter
ERROR - 2025-07-24 06:36:16 --> Origin: http://localhost:4200
ERROR - 2025-07-24 06:38:27 --> CORS Filter
ERROR - 2025-07-24 06:38:27 --> Origin: http://localhost:4200
ERROR - 2025-07-24 06:38:28 --> CORS Filter
ERROR - 2025-07-24 06:38:28 --> Origin: http://localhost:4200
ERROR - 2025-07-24 06:38:28 --> CORS Filter
ERROR - 2025-07-24 06:38:28 --> Origin: http://localhost:4200
ERROR - 2025-07-24 06:38:28 --> CORS Filter
ERROR - 2025-07-24 06:38:28 --> Origin: http://localhost:4200
ERROR - 2025-07-24 06:38:29 --> CORS Filter
ERROR - 2025-07-24 06:38:29 --> Origin: http://localhost:4200
ERROR - 2025-07-24 06:38:29 --> CORS Filter
ERROR - 2025-07-24 06:38:29 --> Origin: http://localhost:4200
ERROR - 2025-07-24 07:16:32 --> CORS Filter
ERROR - 2025-07-24 07:16:33 --> Origin: http://localhost:4200
ERROR - 2025-07-24 07:16:33 --> CORS Filter
ERROR - 2025-07-24 07:16:33 --> Origin: http://localhost:4200
ERROR - 2025-07-24 07:16:37 --> CORS Filter
ERROR - 2025-07-24 07:16:37 --> Origin: http://localhost:4200
ERROR - 2025-07-24 07:16:37 --> CORS Filter
ERROR - 2025-07-24 07:16:37 --> Origin: http://localhost:4200
ERROR - 2025-07-24 07:16:38 --> CORS Filter
ERROR - 2025-07-24 07:16:38 --> Origin: http://localhost:4200
ERROR - 2025-07-24 07:16:38 --> CORS Filter
ERROR - 2025-07-24 07:16:38 --> Origin: http://localhost:4200
ERROR - 2025-07-24 07:36:04 --> CORS Filter
ERROR - 2025-07-24 07:36:04 --> Origin: http://localhost:4200
ERROR - 2025-07-24 07:36:04 --> CORS Filter
ERROR - 2025-07-24 07:36:04 --> Origin: http://localhost:4200
ERROR - 2025-07-24 07:36:05 --> CORS Filter
ERROR - 2025-07-24 07:36:05 --> Origin: http://localhost:4200
ERROR - 2025-07-24 07:48:04 --> CORS Filter
ERROR - 2025-07-24 07:48:04 --> Origin: http://localhost:4200
ERROR - 2025-07-24 07:48:04 --> CORS Filter
ERROR - 2025-07-24 07:48:04 --> Origin: http://localhost:4200
ERROR - 2025-07-24 07:48:05 --> CORS Filter
ERROR - 2025-07-24 07:48:05 --> Origin: http://localhost:4200
ERROR - 2025-07-24 07:48:05 --> CORS Filter
ERROR - 2025-07-24 07:48:05 --> Origin: http://localhost:4200
ERROR - 2025-07-24 07:48:05 --> CORS Filter
ERROR - 2025-07-24 07:48:05 --> Origin: http://localhost:4200
ERROR - 2025-07-24 07:48:06 --> CORS Filter
ERROR - 2025-07-24 07:48:06 --> Origin: http://localhost:4200
ERROR - 2025-07-24 07:49:05 --> CORS Filter
ERROR - 2025-07-24 07:49:05 --> Origin: http://localhost:4200
ERROR - 2025-07-24 07:49:05 --> CORS Filter
ERROR - 2025-07-24 07:49:05 --> Origin: http://localhost:4200
ERROR - 2025-07-24 07:49:06 --> CORS Filter
ERROR - 2025-07-24 07:49:06 --> Origin: http://localhost:4200
ERROR - 2025-07-24 07:49:07 --> CORS Filter
ERROR - 2025-07-24 07:49:07 --> Origin: http://localhost:4200
ERROR - 2025-07-24 07:50:35 --> CORS Filter
ERROR - 2025-07-24 07:50:36 --> Origin: http://localhost:4200
ERROR - 2025-07-24 07:50:36 --> CORS Filter
ERROR - 2025-07-24 07:50:36 --> Origin: http://localhost:4200
ERROR - 2025-07-24 07:50:36 --> CORS Filter
ERROR - 2025-07-24 07:50:36 --> Origin: http://localhost:4200
ERROR - 2025-07-24 07:50:36 --> CORS Filter
ERROR - 2025-07-24 07:50:36 --> Origin: http://localhost:4200
ERROR - 2025-07-24 07:50:52 --> CORS Filter
ERROR - 2025-07-24 07:50:52 --> Origin: http://localhost:4200
ERROR - 2025-07-24 07:50:52 --> CORS Filter
ERROR - 2025-07-24 07:50:52 --> Origin: http://localhost:4200
ERROR - 2025-07-24 07:50:57 --> CORS Filter
ERROR - 2025-07-24 07:50:57 --> Origin: http://localhost:4200
ERROR - 2025-07-24 07:50:57 --> CORS Filter
ERROR - 2025-07-24 07:50:57 --> Origin: http://localhost:4200
ERROR - 2025-07-24 07:52:14 --> CORS Filter
ERROR - 2025-07-24 07:52:14 --> Origin: http://localhost:4200
ERROR - 2025-07-24 07:52:15 --> CORS Filter
ERROR - 2025-07-24 07:52:15 --> Origin: http://localhost:4200
ERROR - 2025-07-24 07:52:15 --> CORS Filter
ERROR - 2025-07-24 07:52:15 --> Origin: http://localhost:4200
ERROR - 2025-07-24 07:52:16 --> CORS Filter
ERROR - 2025-07-24 07:52:16 --> Origin: http://localhost:4200
ERROR - 2025-07-24 07:52:17 --> CORS Filter
ERROR - 2025-07-24 07:52:17 --> Origin: http://localhost:4200
ERROR - 2025-07-24 07:52:17 --> CORS Filter
ERROR - 2025-07-24 07:52:17 --> Origin: http://localhost:4200
ERROR - 2025-07-24 07:55:27 --> CORS Filter
ERROR - 2025-07-24 07:55:27 --> Origin: http://localhost:4200
ERROR - 2025-07-24 07:55:27 --> CORS Filter
ERROR - 2025-07-24 07:55:27 --> Origin: http://localhost:4200
ERROR - 2025-07-24 07:55:29 --> CORS Filter
ERROR - 2025-07-24 07:55:29 --> Origin: http://localhost:4200
ERROR - 2025-07-24 07:55:29 --> CORS Filter
ERROR - 2025-07-24 07:55:29 --> Origin: http://localhost:4200
ERROR - 2025-07-24 07:55:31 --> CORS Filter
ERROR - 2025-07-24 07:55:31 --> Origin: http://localhost:4200
ERROR - 2025-07-24 07:55:31 --> CORS Filter
ERROR - 2025-07-24 07:55:31 --> Origin: http://localhost:4200
ERROR - 2025-07-24 08:02:01 --> CORS Filter
ERROR - 2025-07-24 08:02:01 --> Origin: http://localhost:4200
ERROR - 2025-07-24 08:02:01 --> CORS Filter
ERROR - 2025-07-24 08:02:01 --> Origin: http://localhost:4200
ERROR - 2025-07-24 08:02:02 --> CORS Filter
ERROR - 2025-07-24 08:02:02 --> Origin: http://localhost:4200
ERROR - 2025-07-24 08:02:02 --> CORS Filter
ERROR - 2025-07-24 08:02:02 --> Origin: http://localhost:4200
ERROR - 2025-07-24 08:02:03 --> CORS Filter
ERROR - 2025-07-24 08:02:03 --> Origin: http://localhost:4200
ERROR - 2025-07-24 08:02:04 --> CORS Filter
ERROR - 2025-07-24 08:02:04 --> Origin: http://localhost:4200
ERROR - 2025-07-24 08:10:55 --> CORS Filter
ERROR - 2025-07-24 08:10:55 --> Origin: http://localhost:4200
ERROR - 2025-07-24 08:10:56 --> CORS Filter
ERROR - 2025-07-24 08:10:56 --> Origin: http://localhost:4200
ERROR - 2025-07-24 08:10:57 --> CORS Filter
ERROR - 2025-07-24 08:10:57 --> Origin: http://localhost:4200
ERROR - 2025-07-24 08:10:57 --> CORS Filter
ERROR - 2025-07-24 08:10:57 --> Origin: http://localhost:4200
ERROR - 2025-07-24 08:10:59 --> CORS Filter
ERROR - 2025-07-24 08:10:59 --> Origin: http://localhost:4200
ERROR - 2025-07-24 08:11:00 --> CORS Filter
ERROR - 2025-07-24 08:11:00 --> Origin: http://localhost:4200
ERROR - 2025-07-24 08:12:02 --> CORS Filter
ERROR - 2025-07-24 08:12:02 --> Origin: http://localhost:4200
ERROR - 2025-07-24 08:12:03 --> CORS Filter
ERROR - 2025-07-24 08:12:03 --> Origin: http://localhost:4200
ERROR - 2025-07-24 08:12:04 --> CORS Filter
ERROR - 2025-07-24 08:12:04 --> Origin: http://localhost:4200
ERROR - 2025-07-24 08:12:04 --> CORS Filter
ERROR - 2025-07-24 08:12:04 --> Origin: http://localhost:4200
ERROR - 2025-07-24 08:12:06 --> CORS Filter
ERROR - 2025-07-24 08:12:06 --> Origin: http://localhost:4200
ERROR - 2025-07-24 08:12:06 --> CORS Filter
ERROR - 2025-07-24 08:12:06 --> Origin: http://localhost:4200
ERROR - 2025-07-24 08:13:02 --> CORS Filter
ERROR - 2025-07-24 08:13:02 --> Origin: http://localhost:4200
ERROR - 2025-07-24 08:13:02 --> CORS Filter
ERROR - 2025-07-24 08:13:02 --> Origin: http://localhost:4200
ERROR - 2025-07-24 08:13:02 --> CORS Filter
ERROR - 2025-07-24 08:13:02 --> Origin: http://localhost:4200
ERROR - 2025-07-24 08:13:03 --> CORS Filter
ERROR - 2025-07-24 08:13:03 --> Origin: http://localhost:4200
ERROR - 2025-07-24 08:13:03 --> CORS Filter
ERROR - 2025-07-24 08:13:03 --> Origin: http://localhost:4200
ERROR - 2025-07-24 08:13:04 --> CORS Filter
ERROR - 2025-07-24 08:13:04 --> Origin: http://localhost:4200
ERROR - 2025-07-24 08:13:32 --> CORS Filter
ERROR - 2025-07-24 08:13:32 --> Origin: http://localhost:4200
ERROR - 2025-07-24 08:13:32 --> CORS Filter
ERROR - 2025-07-24 08:13:32 --> Origin: http://localhost:4200
ERROR - 2025-07-24 08:13:33 --> CORS Filter
ERROR - 2025-07-24 08:13:33 --> Origin: http://localhost:4200
ERROR - 2025-07-24 08:13:33 --> CORS Filter
ERROR - 2025-07-24 08:13:33 --> Origin: http://localhost:4200
ERROR - 2025-07-24 08:13:34 --> CORS Filter
ERROR - 2025-07-24 08:13:34 --> Origin: http://localhost:4200
ERROR - 2025-07-24 08:13:34 --> CORS Filter
ERROR - 2025-07-24 08:13:34 --> Origin: http://localhost:4200
ERROR - 2025-07-24 08:14:05 --> CORS Filter
ERROR - 2025-07-24 08:14:05 --> Origin: http://localhost:4200
ERROR - 2025-07-24 08:14:06 --> CORS Filter
ERROR - 2025-07-24 08:14:06 --> Origin: http://localhost:4200
ERROR - 2025-07-24 08:14:06 --> CORS Filter
ERROR - 2025-07-24 08:14:06 --> Origin: http://localhost:4200
ERROR - 2025-07-24 08:14:06 --> CORS Filter
ERROR - 2025-07-24 08:14:06 --> Origin: http://localhost:4200
ERROR - 2025-07-24 08:14:07 --> CORS Filter
ERROR - 2025-07-24 08:14:07 --> Origin: http://localhost:4200
ERROR - 2025-07-24 08:14:07 --> CORS Filter
ERROR - 2025-07-24 08:14:07 --> Origin: http://localhost:4200
ERROR - 2025-07-24 08:15:20 --> CORS Filter
ERROR - 2025-07-24 08:15:20 --> Origin: http://localhost:4200
ERROR - 2025-07-24 08:15:20 --> CORS Filter
ERROR - 2025-07-24 08:15:20 --> Origin: http://localhost:4200
ERROR - 2025-07-24 08:15:21 --> CORS Filter
ERROR - 2025-07-24 08:15:21 --> Origin: http://localhost:4200
ERROR - 2025-07-24 08:15:21 --> CORS Filter
ERROR - 2025-07-24 08:15:21 --> Origin: http://localhost:4200
ERROR - 2025-07-24 08:15:22 --> CORS Filter
ERROR - 2025-07-24 08:15:22 --> Origin: http://localhost:4200
ERROR - 2025-07-24 08:15:22 --> CORS Filter
ERROR - 2025-07-24 08:15:22 --> Origin: http://localhost:4200
ERROR - 2025-07-24 08:18:08 --> CORS Filter
ERROR - 2025-07-24 08:18:08 --> Origin: http://localhost:4200
ERROR - 2025-07-24 08:18:10 --> CORS Filter
ERROR - 2025-07-24 08:18:10 --> Origin: http://localhost:4200
ERROR - 2025-07-24 08:18:11 --> CORS Filter
ERROR - 2025-07-24 08:18:11 --> Origin: http://localhost:4200
ERROR - 2025-07-24 08:18:11 --> CORS Filter
ERROR - 2025-07-24 08:18:11 --> Origin: http://localhost:4200
ERROR - 2025-07-24 08:18:12 --> CORS Filter
ERROR - 2025-07-24 08:18:12 --> Origin: http://localhost:4200
ERROR - 2025-07-24 08:18:14 --> CORS Filter
ERROR - 2025-07-24 08:18:14 --> Origin: http://localhost:4200
ERROR - 2025-07-24 08:18:14 --> CORS Filter
ERROR - 2025-07-24 08:18:14 --> Origin: http://localhost:4200
ERROR - 2025-07-24 08:18:15 --> CORS Filter
ERROR - 2025-07-24 08:18:15 --> Origin: http://localhost:4200
ERROR - 2025-07-24 08:18:22 --> CORS Filter
ERROR - 2025-07-24 08:18:22 --> Origin: http://localhost:4200
ERROR - 2025-07-24 08:18:22 --> CORS Filter
ERROR - 2025-07-24 08:18:22 --> Origin: http://localhost:4200
ERROR - 2025-07-24 08:18:22 --> CORS Filter
ERROR - 2025-07-24 08:18:22 --> Origin: http://localhost:4200
ERROR - 2025-07-24 08:18:22 --> CORS Filter
ERROR - 2025-07-24 08:18:22 --> Origin: http://localhost:4200
ERROR - 2025-07-24 08:18:23 --> CORS Filter
ERROR - 2025-07-24 08:18:23 --> Origin: http://localhost:4200
ERROR - 2025-07-24 08:18:23 --> CORS Filter
ERROR - 2025-07-24 08:18:23 --> Origin: http://localhost:4200
ERROR - 2025-07-24 08:18:24 --> CORS Filter
ERROR - 2025-07-24 08:18:24 --> Origin: http://localhost:4200
ERROR - 2025-07-24 08:19:10 --> CORS Filter
ERROR - 2025-07-24 08:19:10 --> Origin: http://localhost:4200
ERROR - 2025-07-24 08:19:10 --> CORS Filter
ERROR - 2025-07-24 08:19:10 --> Origin: http://localhost:4200
ERROR - 2025-07-24 08:19:11 --> CORS Filter
ERROR - 2025-07-24 08:19:11 --> Origin: http://localhost:4200
ERROR - 2025-07-24 08:19:11 --> CORS Filter
ERROR - 2025-07-24 08:19:11 --> Origin: http://localhost:4200
ERROR - 2025-07-24 08:19:12 --> CORS Filter
ERROR - 2025-07-24 08:19:12 --> Origin: http://localhost:4200
ERROR - 2025-07-24 08:19:14 --> CORS Filter
ERROR - 2025-07-24 08:19:14 --> Origin: http://localhost:4200
ERROR - 2025-07-24 08:19:14 --> CORS Filter
ERROR - 2025-07-24 08:19:14 --> Origin: http://localhost:4200
ERROR - 2025-07-24 08:20:57 --> CORS Filter
ERROR - 2025-07-24 08:20:57 --> Origin: http://localhost:4200
ERROR - 2025-07-24 08:20:57 --> CORS Filter
ERROR - 2025-07-24 08:20:57 --> Origin: http://localhost:4200
ERROR - 2025-07-24 08:20:58 --> CORS Filter
ERROR - 2025-07-24 08:20:58 --> Origin: http://localhost:4200
ERROR - 2025-07-24 08:20:58 --> CORS Filter
ERROR - 2025-07-24 08:20:58 --> Origin: http://localhost:4200
ERROR - 2025-07-24 08:21:01 --> CORS Filter
ERROR - 2025-07-24 08:21:01 --> Origin: http://localhost:4200
ERROR - 2025-07-24 08:21:02 --> CORS Filter
ERROR - 2025-07-24 08:21:02 --> Origin: http://localhost:4200
ERROR - 2025-07-24 08:21:02 --> CORS Filter
ERROR - 2025-07-24 08:21:02 --> Origin: http://localhost:4200
ERROR - 2025-07-24 08:22:36 --> CORS Filter
ERROR - 2025-07-24 08:22:36 --> Origin: http://localhost:4200
ERROR - 2025-07-24 08:22:37 --> CORS Filter
ERROR - 2025-07-24 08:22:37 --> Origin: http://localhost:4200
ERROR - 2025-07-24 08:22:37 --> CORS Filter
ERROR - 2025-07-24 08:22:37 --> Origin: http://localhost:4200
ERROR - 2025-07-24 08:22:38 --> CORS Filter
ERROR - 2025-07-24 08:22:38 --> Origin: http://localhost:4200
ERROR - 2025-07-24 08:22:40 --> CORS Filter
ERROR - 2025-07-24 08:22:40 --> Origin: http://localhost:4200
ERROR - 2025-07-24 08:22:40 --> CORS Filter
ERROR - 2025-07-24 08:22:40 --> Origin: http://localhost:4200
ERROR - 2025-07-24 08:22:41 --> CORS Filter
ERROR - 2025-07-24 08:22:41 --> Origin: http://localhost:4200
ERROR - 2025-07-24 08:23:15 --> CORS Filter
ERROR - 2025-07-24 08:23:15 --> Origin: http://localhost:4200
ERROR - 2025-07-24 08:23:16 --> CORS Filter
ERROR - 2025-07-24 08:23:16 --> Origin: http://localhost:4200
ERROR - 2025-07-24 08:23:16 --> CORS Filter
ERROR - 2025-07-24 08:23:16 --> Origin: http://localhost:4200
ERROR - 2025-07-24 08:23:17 --> CORS Filter
ERROR - 2025-07-24 08:23:17 --> Origin: http://localhost:4200
ERROR - 2025-07-24 08:23:18 --> CORS Filter
ERROR - 2025-07-24 08:23:18 --> Origin: http://localhost:4200
ERROR - 2025-07-24 08:23:18 --> CORS Filter
ERROR - 2025-07-24 08:23:18 --> Origin: http://localhost:4200
ERROR - 2025-07-24 08:23:19 --> CORS Filter
ERROR - 2025-07-24 08:23:19 --> Origin: http://localhost:4200
ERROR - 2025-07-24 08:23:29 --> CORS Filter
ERROR - 2025-07-24 08:23:29 --> Origin: http://localhost:4200
ERROR - 2025-07-24 08:23:29 --> CORS Filter
ERROR - 2025-07-24 08:23:29 --> Origin: http://localhost:4200
ERROR - 2025-07-24 08:23:30 --> CORS Filter
ERROR - 2025-07-24 08:23:30 --> Origin: http://localhost:4200
ERROR - 2025-07-24 08:23:30 --> CORS Filter
ERROR - 2025-07-24 08:23:30 --> Origin: http://localhost:4200
ERROR - 2025-07-24 08:23:31 --> CORS Filter
ERROR - 2025-07-24 08:23:31 --> Origin: http://localhost:4200
ERROR - 2025-07-24 08:23:32 --> CORS Filter
ERROR - 2025-07-24 08:23:32 --> Origin: http://localhost:4200
ERROR - 2025-07-24 08:23:33 --> CORS Filter
ERROR - 2025-07-24 08:23:33 --> Origin: http://localhost:4200
ERROR - 2025-07-24 08:26:26 --> CORS Filter
ERROR - 2025-07-24 08:26:26 --> Origin: http://localhost:4200
ERROR - 2025-07-24 08:26:26 --> CORS Filter
ERROR - 2025-07-24 08:26:26 --> Origin: http://localhost:4200
ERROR - 2025-07-24 08:26:27 --> CORS Filter
ERROR - 2025-07-24 08:26:27 --> Origin: http://localhost:4200
ERROR - 2025-07-24 08:26:27 --> CORS Filter
ERROR - 2025-07-24 08:26:27 --> Origin: http://localhost:4200
ERROR - 2025-07-24 08:26:29 --> CORS Filter
ERROR - 2025-07-24 08:26:29 --> Origin: http://localhost:4200
ERROR - 2025-07-24 08:26:29 --> CORS Filter
ERROR - 2025-07-24 08:26:29 --> Origin: http://localhost:4200
ERROR - 2025-07-24 08:26:29 --> CORS Filter
ERROR - 2025-07-24 08:26:29 --> Origin: http://localhost:4200
ERROR - 2025-07-24 08:28:38 --> CORS Filter
ERROR - 2025-07-24 08:28:38 --> Origin: http://localhost:4200
ERROR - 2025-07-24 08:28:39 --> CORS Filter
ERROR - 2025-07-24 08:28:39 --> Origin: http://localhost:4200
ERROR - 2025-07-24 08:28:40 --> CORS Filter
ERROR - 2025-07-24 08:28:40 --> Origin: http://localhost:4200
ERROR - 2025-07-24 08:28:40 --> CORS Filter
ERROR - 2025-07-24 08:28:40 --> Origin: http://localhost:4200
ERROR - 2025-07-24 08:28:41 --> CORS Filter
ERROR - 2025-07-24 08:28:41 --> Origin: http://localhost:4200
ERROR - 2025-07-24 08:28:42 --> CORS Filter
ERROR - 2025-07-24 08:28:42 --> Origin: http://localhost:4200
ERROR - 2025-07-24 08:28:42 --> CORS Filter
ERROR - 2025-07-24 08:28:42 --> Origin: http://localhost:4200
ERROR - 2025-07-24 08:29:19 --> CORS Filter
ERROR - 2025-07-24 08:29:19 --> Origin: http://localhost:4200
ERROR - 2025-07-24 08:29:19 --> CORS Filter
ERROR - 2025-07-24 08:29:19 --> Origin: http://localhost:4200
ERROR - 2025-07-24 08:29:20 --> CORS Filter
ERROR - 2025-07-24 08:29:20 --> Origin: http://localhost:4200
ERROR - 2025-07-24 08:29:20 --> CORS Filter
ERROR - 2025-07-24 08:29:20 --> Origin: http://localhost:4200
ERROR - 2025-07-24 08:29:21 --> CORS Filter
ERROR - 2025-07-24 08:29:21 --> Origin: http://localhost:4200
ERROR - 2025-07-24 08:29:22 --> CORS Filter
ERROR - 2025-07-24 08:29:22 --> Origin: http://localhost:4200
ERROR - 2025-07-24 08:29:22 --> CORS Filter
ERROR - 2025-07-24 08:29:22 --> Origin: http://localhost:4200
ERROR - 2025-07-24 08:41:15 --> CORS Filter
ERROR - 2025-07-24 08:41:15 --> Origin: http://localhost:4200
ERROR - 2025-07-24 08:41:15 --> CORS Filter
ERROR - 2025-07-24 08:41:15 --> Origin: http://localhost:4200
ERROR - 2025-07-24 08:41:16 --> CORS Filter
ERROR - 2025-07-24 08:41:16 --> Origin: http://localhost:4200
ERROR - 2025-07-24 08:41:16 --> CORS Filter
ERROR - 2025-07-24 08:41:16 --> Origin: http://localhost:4200
ERROR - 2025-07-24 08:41:17 --> CORS Filter
ERROR - 2025-07-24 08:41:17 --> Origin: http://localhost:4200
ERROR - 2025-07-24 08:41:18 --> CORS Filter
ERROR - 2025-07-24 08:41:18 --> Origin: http://localhost:4200
ERROR - 2025-07-24 08:41:18 --> CORS Filter
ERROR - 2025-07-24 08:41:18 --> Origin: http://localhost:4200
ERROR - 2025-07-24 08:44:34 --> CORS Filter
ERROR - 2025-07-24 08:44:34 --> Origin: http://localhost:4200
ERROR - 2025-07-24 08:44:35 --> CORS Filter
ERROR - 2025-07-24 08:44:35 --> Origin: http://localhost:4200
ERROR - 2025-07-24 08:44:35 --> CORS Filter
ERROR - 2025-07-24 08:44:35 --> Origin: http://localhost:4200
ERROR - 2025-07-24 08:44:35 --> CORS Filter
ERROR - 2025-07-24 08:44:35 --> Origin: http://localhost:4200
ERROR - 2025-07-24 08:44:37 --> CORS Filter
ERROR - 2025-07-24 08:44:37 --> Origin: http://localhost:4200
ERROR - 2025-07-24 08:44:37 --> CORS Filter
ERROR - 2025-07-24 08:44:37 --> Origin: http://localhost:4200
ERROR - 2025-07-24 08:44:37 --> CORS Filter
ERROR - 2025-07-24 08:44:37 --> Origin: http://localhost:4200
ERROR - 2025-07-24 08:48:00 --> CORS Filter
ERROR - 2025-07-24 08:48:00 --> Origin: http://localhost:4200
ERROR - 2025-07-24 08:48:00 --> CORS Filter
ERROR - 2025-07-24 08:48:00 --> Origin: http://localhost:4200
ERROR - 2025-07-24 08:48:01 --> CORS Filter
ERROR - 2025-07-24 08:48:01 --> Origin: http://localhost:4200
ERROR - 2025-07-24 08:48:01 --> CORS Filter
ERROR - 2025-07-24 08:48:01 --> Origin: http://localhost:4200
ERROR - 2025-07-24 08:49:20 --> CORS Filter
ERROR - 2025-07-24 08:49:20 --> Origin: http://localhost:4200
ERROR - 2025-07-24 08:49:20 --> CORS Filter
ERROR - 2025-07-24 08:49:20 --> Origin: http://localhost:4200
ERROR - 2025-07-24 08:49:21 --> CORS Filter
ERROR - 2025-07-24 08:49:21 --> Origin: http://localhost:4200
ERROR - 2025-07-24 08:49:21 --> CORS Filter
ERROR - 2025-07-24 08:49:21 --> Origin: http://localhost:4200
ERROR - 2025-07-24 08:49:21 --> CORS Filter
ERROR - 2025-07-24 08:49:21 --> Origin: http://localhost:4200
ERROR - 2025-07-24 08:49:21 --> CORS Filter
ERROR - 2025-07-24 08:49:21 --> Origin: http://localhost:4200
ERROR - 2025-07-24 08:49:29 --> CORS Filter
ERROR - 2025-07-24 08:49:29 --> Origin: http://localhost:4200
ERROR - 2025-07-24 08:49:30 --> CORS Filter
ERROR - 2025-07-24 08:49:30 --> Origin: http://localhost:4200
ERROR - 2025-07-24 08:49:30 --> CORS Filter
ERROR - 2025-07-24 08:49:30 --> Origin: http://localhost:4200
ERROR - 2025-07-24 09:01:19 --> CORS Filter
ERROR - 2025-07-24 09:01:19 --> Origin: http://localhost:4200
ERROR - 2025-07-24 09:01:19 --> CORS Filter
ERROR - 2025-07-24 09:01:19 --> Origin: http://localhost:4200
ERROR - 2025-07-24 09:01:20 --> CORS Filter
ERROR - 2025-07-24 09:01:20 --> Origin: http://localhost:4200
ERROR - 2025-07-24 09:01:20 --> CORS Filter
ERROR - 2025-07-24 09:01:20 --> Origin: http://localhost:4200
ERROR - 2025-07-24 09:01:20 --> CORS Filter
ERROR - 2025-07-24 09:01:20 --> Origin: http://localhost:4200
ERROR - 2025-07-24 09:01:21 --> CORS Filter
ERROR - 2025-07-24 09:01:21 --> Origin: http://localhost:4200
ERROR - 2025-07-24 09:01:21 --> CORS Filter
ERROR - 2025-07-24 09:01:21 --> Origin: http://localhost:4200
ERROR - 2025-07-24 09:01:21 --> CORS Filter
ERROR - 2025-07-24 09:01:21 --> Origin: http://localhost:4200
ERROR - 2025-07-24 09:04:55 --> CORS Filter
ERROR - 2025-07-24 09:04:55 --> Origin: http://localhost:4200
ERROR - 2025-07-24 09:04:56 --> CORS Filter
ERROR - 2025-07-24 09:04:56 --> Origin: http://localhost:4200
ERROR - 2025-07-24 09:04:56 --> CORS Filter
ERROR - 2025-07-24 09:04:56 --> Origin: http://localhost:4200
ERROR - 2025-07-24 09:04:57 --> CORS Filter
ERROR - 2025-07-24 09:04:57 --> Origin: http://localhost:4200
ERROR - 2025-07-24 09:04:58 --> CORS Filter
ERROR - 2025-07-24 09:04:58 --> Origin: http://localhost:4200
ERROR - 2025-07-24 09:04:58 --> CORS Filter
ERROR - 2025-07-24 09:04:58 --> Origin: http://localhost:4200
ERROR - 2025-07-24 09:04:58 --> CORS Filter
ERROR - 2025-07-24 09:04:58 --> Origin: http://localhost:4200
ERROR - 2025-07-24 09:04:58 --> CORS Filter
ERROR - 2025-07-24 09:04:58 --> Origin: http://localhost:4200
ERROR - 2025-07-24 09:10:52 --> CORS Filter
ERROR - 2025-07-24 09:10:52 --> Origin: http://localhost:4200
ERROR - 2025-07-24 09:10:53 --> CORS Filter
ERROR - 2025-07-24 09:10:53 --> Origin: http://localhost:4200
ERROR - 2025-07-24 09:10:54 --> CORS Filter
ERROR - 2025-07-24 09:10:54 --> Origin: http://localhost:4200
ERROR - 2025-07-24 09:10:54 --> CORS Filter
ERROR - 2025-07-24 09:10:54 --> Origin: http://localhost:4200
ERROR - 2025-07-24 09:10:55 --> CORS Filter
ERROR - 2025-07-24 09:10:55 --> Origin: http://localhost:4200
ERROR - 2025-07-24 09:10:55 --> CORS Filter
ERROR - 2025-07-24 09:10:55 --> Origin: http://localhost:4200
ERROR - 2025-07-24 09:10:55 --> CORS Filter
ERROR - 2025-07-24 09:10:55 --> Origin: http://localhost:4200
ERROR - 2025-07-24 09:10:56 --> CORS Filter
ERROR - 2025-07-24 09:10:56 --> Origin: http://localhost:4200
ERROR - 2025-07-24 09:10:56 --> mysqli_sql_exception: Unknown column 'form_data.formStructureJson' in 'field list' in C:\xampp\htdocs\exiaa-material-api\vendor\codeigniter4\framework\system\Database\MySQLi\Connection.php:312
Stack trace:
#0 C:\xampp\htdocs\exiaa-material-api\vendor\codeigniter4\framework\system\Database\MySQLi\Connection.php(312): mysqli->query('SELECT `form_da...', 0)
#1 C:\xampp\htdocs\exiaa-material-api\vendor\codeigniter4\framework\system\Database\BaseConnection.php(734): CodeIgniter\Database\MySQLi\Connection->execute('SELECT `form_da...')
#2 C:\xampp\htdocs\exiaa-material-api\vendor\codeigniter4\framework\system\Database\BaseConnection.php(648): CodeIgniter\Database\BaseConnection->simpleQuery('SELECT `form_da...')
#3 C:\xampp\htdocs\exiaa-material-api\vendor\codeigniter4\framework\system\Database\BaseBuilder.php(1644): CodeIgniter\Database\BaseConnection->query('SELECT `form_da...', Array, false)
#4 C:\xampp\htdocs\exiaa-material-api\app\Controllers\Form.php(323): CodeIgniter\Database\BaseBuilder->get()
#5 C:\xampp\htdocs\exiaa-material-api\vendor\codeigniter4\framework\system\CodeIgniter.php(933): App\Controllers\Form->getAllFormsData()
#6 C:\xampp\htdocs\exiaa-material-api\vendor\codeigniter4\framework\system\CodeIgniter.php(509): CodeIgniter\CodeIgniter->runController(Object(App\Controllers\Form))
#7 C:\xampp\htdocs\exiaa-material-api\vendor\codeigniter4\framework\system\CodeIgniter.php(355): CodeIgniter\CodeIgniter->handleRequest(NULL, Object(Config\Cache), false)
#8 C:\xampp\htdocs\exiaa-material-api\vendor\codeigniter4\framework\system\Boot.php(334): CodeIgniter\CodeIgniter->run()
#9 C:\xampp\htdocs\exiaa-material-api\vendor\codeigniter4\framework\system\Boot.php(67): CodeIgniter\Boot::runCodeIgniter(Object(CodeIgniter\CodeIgniter))
#10 C:\xampp\htdocs\exiaa-material-api\public\index.php(56): CodeIgniter\Boot::bootWeb(Object(Config\Paths))
#11 C:\xampp\htdocs\exiaa-material-api\vendor\codeigniter4\framework\system\rewrite.php(44): require_once('C:\\xampp\\htdocs...')
#12 {main}
ERROR - 2025-07-24 09:13:00 --> CORS Filter
ERROR - 2025-07-24 09:13:00 --> Origin: http://localhost:4200
ERROR - 2025-07-24 09:13:01 --> CORS Filter
ERROR - 2025-07-24 09:13:01 --> Origin: http://localhost:4200
ERROR - 2025-07-24 09:13:01 --> CORS Filter
ERROR - 2025-07-24 09:13:01 --> Origin: http://localhost:4200
ERROR - 2025-07-24 09:13:01 --> CORS Filter
ERROR - 2025-07-24 09:13:01 --> Origin: http://localhost:4200
ERROR - 2025-07-24 09:13:02 --> CORS Filter
ERROR - 2025-07-24 09:13:02 --> Origin: http://localhost:4200
ERROR - 2025-07-24 09:13:03 --> CORS Filter
ERROR - 2025-07-24 09:13:03 --> Origin: http://localhost:4200
ERROR - 2025-07-24 09:13:03 --> CORS Filter
ERROR - 2025-07-24 09:13:03 --> Origin: http://localhost:4200
ERROR - 2025-07-24 09:13:03 --> CORS Filter
ERROR - 2025-07-24 09:13:03 --> Origin: http://localhost:4200
ERROR - 2025-07-24 09:13:29 --> CORS Filter
ERROR - 2025-07-24 09:13:29 --> Origin: http://localhost:4200
ERROR - 2025-07-24 09:13:30 --> CORS Filter
ERROR - 2025-07-24 09:13:30 --> Origin: http://localhost:4200
ERROR - 2025-07-24 09:14:15 --> CORS Filter
ERROR - 2025-07-24 09:14:15 --> Origin: http://localhost:4200
ERROR - 2025-07-24 09:14:15 --> CORS Filter
ERROR - 2025-07-24 09:14:15 --> Origin: http://localhost:4200
ERROR - 2025-07-24 09:14:16 --> CORS Filter
ERROR - 2025-07-24 09:14:16 --> Origin: http://localhost:4200
ERROR - 2025-07-24 09:14:16 --> CORS Filter
ERROR - 2025-07-24 09:14:16 --> Origin: http://localhost:4200
ERROR - 2025-07-24 09:14:17 --> CORS Filter
ERROR - 2025-07-24 09:14:17 --> Origin: http://localhost:4200
ERROR - 2025-07-24 09:14:17 --> CORS Filter
ERROR - 2025-07-24 09:14:17 --> Origin: http://localhost:4200
ERROR - 2025-07-24 09:14:17 --> CORS Filter
ERROR - 2025-07-24 09:14:17 --> Origin: http://localhost:4200
ERROR - 2025-07-24 09:14:18 --> CORS Filter
ERROR - 2025-07-24 09:14:18 --> Origin: http://localhost:4200
ERROR - 2025-07-24 09:14:41 --> CORS Filter
ERROR - 2025-07-24 09:14:41 --> Origin: http://localhost:4200
ERROR - 2025-07-24 09:14:41 --> CORS Filter
ERROR - 2025-07-24 09:14:41 --> Origin: http://localhost:4200
ERROR - 2025-07-24 09:15:37 --> CORS Filter
ERROR - 2025-07-24 09:15:37 --> Origin: http://localhost:4200
ERROR - 2025-07-24 09:15:37 --> CORS Filter
ERROR - 2025-07-24 09:15:37 --> Origin: http://localhost:4200
ERROR - 2025-07-24 09:15:38 --> CORS Filter
ERROR - 2025-07-24 09:15:38 --> Origin: http://localhost:4200
ERROR - 2025-07-24 09:15:38 --> CORS Filter
ERROR - 2025-07-24 09:15:38 --> Origin: http://localhost:4200
ERROR - 2025-07-24 09:15:39 --> CORS Filter
ERROR - 2025-07-24 09:15:39 --> Origin: http://localhost:4200
ERROR - 2025-07-24 09:15:40 --> CORS Filter
ERROR - 2025-07-24 09:15:40 --> Origin: http://localhost:4200
ERROR - 2025-07-24 09:15:40 --> CORS Filter
ERROR - 2025-07-24 09:15:40 --> Origin: http://localhost:4200
ERROR - 2025-07-24 09:15:40 --> CORS Filter
ERROR - 2025-07-24 09:15:40 --> Origin: http://localhost:4200
ERROR - 2025-07-24 09:16:53 --> CORS Filter
ERROR - 2025-07-24 09:16:53 --> Origin: http://localhost:4200
ERROR - 2025-07-24 09:16:54 --> CORS Filter
ERROR - 2025-07-24 09:16:54 --> Origin: http://localhost:4200
ERROR - 2025-07-24 09:16:54 --> CORS Filter
ERROR - 2025-07-24 09:16:54 --> Origin: http://localhost:4200
ERROR - 2025-07-24 09:16:55 --> CORS Filter
ERROR - 2025-07-24 09:16:55 --> Origin: http://localhost:4200
ERROR - 2025-07-24 09:16:56 --> CORS Filter
ERROR - 2025-07-24 09:16:56 --> Origin: http://localhost:4200
ERROR - 2025-07-24 09:16:56 --> CORS Filter
ERROR - 2025-07-24 09:16:56 --> Origin: http://localhost:4200
ERROR - 2025-07-24 09:16:56 --> CORS Filter
ERROR - 2025-07-24 09:16:56 --> Origin: http://localhost:4200
ERROR - 2025-07-24 09:16:57 --> CORS Filter
ERROR - 2025-07-24 09:16:57 --> Origin: http://localhost:4200
ERROR - 2025-07-24 09:17:21 --> CORS Filter
ERROR - 2025-07-24 09:17:21 --> Origin: http://localhost:4200
ERROR - 2025-07-24 09:17:21 --> CORS Filter
ERROR - 2025-07-24 09:17:21 --> Origin: http://localhost:4200
ERROR - 2025-07-24 09:17:22 --> CORS Filter
ERROR - 2025-07-24 09:17:22 --> Origin: http://localhost:4200
ERROR - 2025-07-24 09:17:22 --> CORS Filter
ERROR - 2025-07-24 09:17:22 --> Origin: http://localhost:4200
ERROR - 2025-07-24 09:17:25 --> CORS Filter
ERROR - 2025-07-24 09:17:25 --> Origin: http://localhost:4200
ERROR - 2025-07-24 09:17:25 --> CORS Filter
ERROR - 2025-07-24 09:17:25 --> Origin: http://localhost:4200
ERROR - 2025-07-24 09:17:25 --> CORS Filter
ERROR - 2025-07-24 09:17:25 --> Origin: http://localhost:4200
ERROR - 2025-07-24 09:17:25 --> CORS Filter
ERROR - 2025-07-24 09:17:25 --> Origin: http://localhost:4200
ERROR - 2025-07-24 09:17:31 --> CORS Filter
ERROR - 2025-07-24 09:17:31 --> Origin: http://localhost:4200
ERROR - 2025-07-24 09:17:31 --> CORS Filter
ERROR - 2025-07-24 09:17:31 --> Origin: http://localhost:4200
ERROR - 2025-07-24 09:17:32 --> CORS Filter
ERROR - 2025-07-24 09:17:32 --> Origin: http://localhost:4200
ERROR - 2025-07-24 09:17:32 --> CORS Filter
ERROR - 2025-07-24 09:17:32 --> Origin: http://localhost:4200
ERROR - 2025-07-24 09:17:33 --> CORS Filter
ERROR - 2025-07-24 09:17:33 --> Origin: http://localhost:4200
ERROR - 2025-07-24 09:17:33 --> CORS Filter
ERROR - 2025-07-24 09:17:33 --> Origin: http://localhost:4200
ERROR - 2025-07-24 09:17:33 --> CORS Filter
ERROR - 2025-07-24 09:17:33 --> Origin: http://localhost:4200
ERROR - 2025-07-24 09:17:34 --> CORS Filter
ERROR - 2025-07-24 09:17:34 --> Origin: http://localhost:4200
ERROR - 2025-07-24 09:18:41 --> CORS Filter
ERROR - 2025-07-24 09:18:41 --> Origin: http://localhost:4200
ERROR - 2025-07-24 09:18:41 --> CORS Filter
ERROR - 2025-07-24 09:18:41 --> Origin: http://localhost:4200
ERROR - 2025-07-24 09:18:46 --> CORS Filter
ERROR - 2025-07-24 09:18:46 --> Origin: http://localhost:4200
ERROR - 2025-07-24 09:19:36 --> CORS Filter
ERROR - 2025-07-24 09:19:36 --> Origin: http://localhost:4200
ERROR - 2025-07-24 09:19:36 --> CORS Filter
ERROR - 2025-07-24 09:19:36 --> Origin: http://localhost:4200
ERROR - 2025-07-24 09:19:37 --> CORS Filter
ERROR - 2025-07-24 09:19:37 --> Origin: http://localhost:4200
ERROR - 2025-07-24 09:19:37 --> CORS Filter
ERROR - 2025-07-24 09:19:38 --> Origin: http://localhost:4200
ERROR - 2025-07-24 09:19:38 --> CORS Filter
ERROR - 2025-07-24 09:19:38 --> Origin: http://localhost:4200
ERROR - 2025-07-24 09:19:39 --> CORS Filter
ERROR - 2025-07-24 09:19:39 --> Origin: http://localhost:4200
ERROR - 2025-07-24 09:19:39 --> CORS Filter
ERROR - 2025-07-24 09:19:39 --> Origin: http://localhost:4200
ERROR - 2025-07-24 09:19:39 --> CORS Filter
ERROR - 2025-07-24 09:19:39 --> Origin: http://localhost:4200
ERROR - 2025-07-24 09:22:46 --> CORS Filter
ERROR - 2025-07-24 09:22:46 --> Origin: http://localhost:4200
ERROR - 2025-07-24 09:22:46 --> CORS Filter
ERROR - 2025-07-24 09:22:46 --> Origin: http://localhost:4200
ERROR - 2025-07-24 09:23:17 --> CORS Filter
ERROR - 2025-07-24 09:23:17 --> Origin: http://localhost:4200
ERROR - 2025-07-24 09:23:17 --> CORS Filter
ERROR - 2025-07-24 09:23:17 --> Origin: http://localhost:4200
ERROR - 2025-07-24 09:23:17 --> CORS Filter
ERROR - 2025-07-24 09:23:17 --> Origin: http://localhost:4200
ERROR - 2025-07-24 09:23:18 --> CORS Filter
ERROR - 2025-07-24 09:23:18 --> Origin: http://localhost:4200
ERROR - 2025-07-24 09:37:27 --> CORS Filter
ERROR - 2025-07-24 09:37:27 --> Origin: http://localhost:4200
ERROR - 2025-07-24 09:37:29 --> CORS Filter
ERROR - 2025-07-24 09:37:29 --> Origin: http://localhost:4200
ERROR - 2025-07-24 09:37:31 --> CORS Filter
ERROR - 2025-07-24 09:37:31 --> Origin: http://localhost:4200
ERROR - 2025-07-24 09:37:32 --> CORS Filter
ERROR - 2025-07-24 09:37:32 --> Origin: http://localhost:4200
ERROR - 2025-07-24 09:37:35 --> CORS Filter
ERROR - 2025-07-24 09:37:35 --> Origin: http://localhost:4200
ERROR - 2025-07-24 09:37:36 --> CORS Filter
ERROR - 2025-07-24 09:37:36 --> Origin: http://localhost:4200
ERROR - 2025-07-24 09:37:36 --> CORS Filter
ERROR - 2025-07-24 09:37:36 --> Origin: http://localhost:4200
ERROR - 2025-07-24 09:37:37 --> CORS Filter
ERROR - 2025-07-24 09:37:37 --> Origin: http://localhost:4200
ERROR - 2025-07-24 09:49:17 --> CORS Filter
ERROR - 2025-07-24 09:49:17 --> Origin: http://localhost:4200
ERROR - 2025-07-24 09:49:17 --> CORS Filter
ERROR - 2025-07-24 09:49:17 --> Origin: http://localhost:4200
ERROR - 2025-07-24 09:49:18 --> CORS Filter
ERROR - 2025-07-24 09:49:18 --> Origin: http://localhost:4200
ERROR - 2025-07-24 09:49:18 --> CORS Filter
ERROR - 2025-07-24 09:49:18 --> Origin: http://localhost:4200
ERROR - 2025-07-24 09:49:18 --> CORS Filter
ERROR - 2025-07-24 09:49:18 --> Origin: http://localhost:4200
ERROR - 2025-07-24 09:49:19 --> CORS Filter
ERROR - 2025-07-24 09:49:19 --> Origin: http://localhost:4200
ERROR - 2025-07-24 09:51:05 --> CORS Filter
ERROR - 2025-07-24 09:51:05 --> Origin: http://localhost:4200
ERROR - 2025-07-24 09:51:06 --> CORS Filter
ERROR - 2025-07-24 09:51:06 --> Origin: http://localhost:4200
ERROR - 2025-07-24 09:51:07 --> CORS Filter
ERROR - 2025-07-24 09:51:07 --> Origin: http://localhost:4200
ERROR - 2025-07-24 09:51:07 --> CORS Filter
ERROR - 2025-07-24 09:51:07 --> Origin: http://localhost:4200
ERROR - 2025-07-24 09:51:09 --> CORS Filter
ERROR - 2025-07-24 09:51:09 --> Origin: http://localhost:4200
ERROR - 2025-07-24 09:51:09 --> CORS Filter
ERROR - 2025-07-24 09:51:09 --> Origin: http://localhost:4200
ERROR - 2025-07-24 09:51:10 --> CORS Filter
ERROR - 2025-07-24 09:51:10 --> Origin: http://localhost:4200
ERROR - 2025-07-24 09:51:10 --> CORS Filter
ERROR - 2025-07-24 09:51:10 --> Origin: http://localhost:4200
ERROR - 2025-07-24 09:51:11 --> CORS Filter
ERROR - 2025-07-24 09:51:11 --> Origin: http://localhost:4200
ERROR - 2025-07-24 09:51:12 --> CORS Filter
ERROR - 2025-07-24 09:51:12 --> Origin: http://localhost:4200
ERROR - 2025-07-24 09:51:16 --> CORS Filter
ERROR - 2025-07-24 09:51:16 --> Origin: http://localhost:4200
ERROR - 2025-07-24 09:51:17 --> CORS Filter
ERROR - 2025-07-24 09:51:17 --> Origin: http://localhost:4200
ERROR - 2025-07-24 09:51:17 --> CORS Filter
ERROR - 2025-07-24 09:51:17 --> Origin: http://localhost:4200
ERROR - 2025-07-24 09:51:18 --> CORS Filter
ERROR - 2025-07-24 09:51:18 --> Origin: http://localhost:4200
ERROR - 2025-07-24 09:52:06 --> CORS Filter
ERROR - 2025-07-24 09:52:06 --> Origin: http://localhost:4200
ERROR - 2025-07-24 09:52:07 --> CORS Filter
ERROR - 2025-07-24 09:52:07 --> Origin: http://localhost:4200
ERROR - 2025-07-24 09:52:09 --> CORS Filter
ERROR - 2025-07-24 09:52:09 --> Origin: http://localhost:4200
ERROR - 2025-07-24 09:52:10 --> CORS Filter
ERROR - 2025-07-24 09:52:10 --> Origin: http://localhost:4200
ERROR - 2025-07-24 09:52:11 --> CORS Filter
ERROR - 2025-07-24 09:52:11 --> Origin: http://localhost:4200
ERROR - 2025-07-24 09:52:12 --> CORS Filter
ERROR - 2025-07-24 09:52:12 --> Origin: http://localhost:4200
ERROR - 2025-07-24 09:52:12 --> CORS Filter
ERROR - 2025-07-24 09:52:12 --> Origin: http://localhost:4200
ERROR - 2025-07-24 09:52:13 --> CORS Filter
ERROR - 2025-07-24 09:52:13 --> Origin: http://localhost:4200
ERROR - 2025-07-24 09:52:40 --> CORS Filter
ERROR - 2025-07-24 09:52:40 --> Origin: http://localhost:4200
ERROR - 2025-07-24 09:52:40 --> CORS Filter
ERROR - 2025-07-24 09:52:40 --> Origin: http://localhost:4200
ERROR - 2025-07-24 09:53:47 --> CORS Filter
ERROR - 2025-07-24 09:53:47 --> Origin: http://localhost:4200
ERROR - 2025-07-24 09:53:47 --> CORS Filter
ERROR - 2025-07-24 09:53:47 --> Origin: http://localhost:4200
ERROR - 2025-07-24 09:53:48 --> CORS Filter
ERROR - 2025-07-24 09:53:48 --> Origin: http://localhost:4200
ERROR - 2025-07-24 09:53:48 --> CORS Filter
ERROR - 2025-07-24 09:53:48 --> Origin: http://localhost:4200
ERROR - 2025-07-24 09:53:51 --> CORS Filter
ERROR - 2025-07-24 09:53:51 --> Origin: http://localhost:4200
ERROR - 2025-07-24 09:53:52 --> CORS Filter
ERROR - 2025-07-24 09:53:52 --> Origin: http://localhost:4200
ERROR - 2025-07-24 09:53:52 --> CORS Filter
ERROR - 2025-07-24 09:53:52 --> Origin: http://localhost:4200
ERROR - 2025-07-24 09:53:53 --> CORS Filter
ERROR - 2025-07-24 09:53:53 --> Origin: http://localhost:4200
ERROR - 2025-07-24 09:57:49 --> CORS Filter
ERROR - 2025-07-24 09:57:49 --> Origin: http://localhost:4200
ERROR - 2025-07-24 09:57:50 --> CORS Filter
ERROR - 2025-07-24 09:57:50 --> Origin: http://localhost:4200
ERROR - 2025-07-24 09:57:51 --> CORS Filter
ERROR - 2025-07-24 09:57:51 --> Origin: http://localhost:4200
ERROR - 2025-07-24 09:57:51 --> CORS Filter
ERROR - 2025-07-24 09:57:51 --> Origin: http://localhost:4200
ERROR - 2025-07-24 09:57:53 --> CORS Filter
ERROR - 2025-07-24 09:57:53 --> Origin: http://localhost:4200
ERROR - 2025-07-24 09:57:54 --> CORS Filter
ERROR - 2025-07-24 09:57:54 --> Origin: http://localhost:4200
ERROR - 2025-07-24 09:57:54 --> CORS Filter
ERROR - 2025-07-24 09:57:54 --> Origin: http://localhost:4200
ERROR - 2025-07-24 09:57:54 --> CORS Filter
ERROR - 2025-07-24 09:57:54 --> Origin: http://localhost:4200
ERROR - 2025-07-24 10:00:22 --> CORS Filter
ERROR - 2025-07-24 10:00:22 --> Origin: http://localhost:4200
ERROR - 2025-07-24 10:00:22 --> CORS Filter
ERROR - 2025-07-24 10:00:22 --> Origin: http://localhost:4200
ERROR - 2025-07-24 10:00:27 --> CORS Filter
ERROR - 2025-07-24 10:00:27 --> Origin: http://localhost:4200
ERROR - 2025-07-24 10:00:44 --> CORS Filter
ERROR - 2025-07-24 10:00:44 --> Origin: http://localhost:4200
ERROR - 2025-07-24 10:00:44 --> CORS Filter
ERROR - 2025-07-24 10:00:44 --> Origin: http://localhost:4200
ERROR - 2025-07-24 10:02:39 --> CORS Filter
ERROR - 2025-07-24 10:02:39 --> Origin: http://localhost:4200
ERROR - 2025-07-24 10:02:39 --> CORS Filter
ERROR - 2025-07-24 10:02:39 --> Origin: http://localhost:4200
ERROR - 2025-07-24 10:02:40 --> CORS Filter
ERROR - 2025-07-24 10:02:40 --> Origin: http://localhost:4200
ERROR - 2025-07-24 10:02:40 --> CORS Filter
ERROR - 2025-07-24 10:02:40 --> Origin: http://localhost:4200
ERROR - 2025-07-24 10:02:41 --> CORS Filter
ERROR - 2025-07-24 10:02:41 --> Origin: http://localhost:4200
ERROR - 2025-07-24 10:02:41 --> CORS Filter
ERROR - 2025-07-24 10:02:41 --> Origin: http://localhost:4200
ERROR - 2025-07-24 10:02:41 --> CORS Filter
ERROR - 2025-07-24 10:02:41 --> Origin: http://localhost:4200
ERROR - 2025-07-24 10:02:41 --> CORS Filter
ERROR - 2025-07-24 10:02:41 --> Origin: http://localhost:4200
ERROR - 2025-07-24 10:34:56 --> CORS Filter
ERROR - 2025-07-24 10:34:56 --> Origin: http://localhost:4200
ERROR - 2025-07-24 10:34:56 --> CORS Filter
ERROR - 2025-07-24 10:34:56 --> Origin: http://localhost:4200
ERROR - 2025-07-24 10:35:00 --> CORS Filter
ERROR - 2025-07-24 10:35:00 --> Origin: http://localhost:4200
ERROR - 2025-07-24 10:35:00 --> CORS Filter
ERROR - 2025-07-24 10:35:00 --> Origin: http://localhost:4200
ERROR - 2025-07-24 10:35:01 --> CORS Filter
ERROR - 2025-07-24 10:35:01 --> Origin: http://localhost:4200
ERROR - 2025-07-24 10:35:01 --> CORS Filter
ERROR - 2025-07-24 10:35:01 --> Origin: http://localhost:4200
ERROR - 2025-07-24 10:50:23 --> CORS Filter
ERROR - 2025-07-24 10:50:23 --> Origin: http://localhost:4200
ERROR - 2025-07-24 10:50:23 --> CORS Filter
ERROR - 2025-07-24 10:50:23 --> Origin: http://localhost:4200
ERROR - 2025-07-24 10:50:24 --> CORS Filter
ERROR - 2025-07-24 10:50:24 --> Origin: http://localhost:4200
ERROR - 2025-07-24 10:50:24 --> CORS Filter
ERROR - 2025-07-24 10:50:24 --> Origin: http://localhost:4200
ERROR - 2025-07-24 10:52:43 --> CORS Filter
ERROR - 2025-07-24 10:52:43 --> Origin: http://localhost:4200
ERROR - 2025-07-24 10:52:43 --> CORS Filter
ERROR - 2025-07-24 10:52:43 --> Origin: http://localhost:4200
ERROR - 2025-07-24 10:56:55 --> CORS Filter
ERROR - 2025-07-24 10:56:55 --> Origin: http://localhost:4200
ERROR - 2025-07-24 10:56:55 --> CORS Filter
ERROR - 2025-07-24 10:56:55 --> Origin: http://localhost:4200
ERROR - 2025-07-24 10:58:36 --> CORS Filter
ERROR - 2025-07-24 10:58:36 --> Origin: http://localhost:4200
ERROR - 2025-07-24 10:58:36 --> CORS Filter
ERROR - 2025-07-24 10:58:36 --> Origin: http://localhost:4200
ERROR - 2025-07-24 10:58:37 --> CORS Filter
ERROR - 2025-07-24 10:58:37 --> Origin: http://localhost:4200
ERROR - 2025-07-24 10:58:38 --> CORS Filter
ERROR - 2025-07-24 10:58:38 --> Origin: http://localhost:4200
ERROR - 2025-07-24 10:58:38 --> CORS Filter
ERROR - 2025-07-24 10:58:38 --> Origin: http://localhost:4200
ERROR - 2025-07-24 10:58:38 --> CORS Filter
ERROR - 2025-07-24 10:58:38 --> Origin: http://localhost:4200
ERROR - 2025-07-24 10:59:06 --> CORS Filter
ERROR - 2025-07-24 10:59:06 --> Origin: http://localhost:4200
ERROR - 2025-07-24 10:59:06 --> CORS Filter
ERROR - 2025-07-24 10:59:06 --> Origin: http://localhost:4200
ERROR - 2025-07-24 10:59:26 --> CORS Filter
ERROR - 2025-07-24 10:59:26 --> Origin: http://localhost:4200
ERROR - 2025-07-24 10:59:26 --> CORS Filter
ERROR - 2025-07-24 10:59:26 --> Origin: http://localhost:4200
ERROR - 2025-07-24 11:05:20 --> CORS Filter
ERROR - 2025-07-24 11:05:20 --> Origin: http://localhost:4200
ERROR - 2025-07-24 11:05:20 --> CORS Filter
ERROR - 2025-07-24 11:05:20 --> Origin: http://localhost:4200
ERROR - 2025-07-24 11:05:20 --> CORS Filter
ERROR - 2025-07-24 11:05:20 --> Origin: http://localhost:4200
ERROR - 2025-07-24 11:05:21 --> CORS Filter
ERROR - 2025-07-24 11:05:21 --> Origin: http://localhost:4200
ERROR - 2025-07-24 11:06:30 --> CORS Filter
ERROR - 2025-07-24 11:06:30 --> Origin: http://localhost:4200
ERROR - 2025-07-24 11:06:30 --> CORS Filter
ERROR - 2025-07-24 11:06:30 --> Origin: http://localhost:4200
ERROR - 2025-07-24 11:29:13 --> CORS Filter
ERROR - 2025-07-24 11:29:13 --> Origin: http://localhost:4200
ERROR - 2025-07-24 11:29:13 --> CORS Filter
ERROR - 2025-07-24 11:29:13 --> Origin: http://localhost:4200
ERROR - 2025-07-24 11:29:13 --> CORS Filter
ERROR - 2025-07-24 11:29:13 --> Origin: http://localhost:4200
ERROR - 2025-07-24 11:29:14 --> CORS Filter
ERROR - 2025-07-24 11:29:14 --> Origin: http://localhost:4200
ERROR - 2025-07-24 11:29:14 --> CORS Filter
ERROR - 2025-07-24 11:29:14 --> Origin: http://localhost:4200
ERROR - 2025-07-24 11:29:21 --> CORS Filter
ERROR - 2025-07-24 11:29:21 --> Origin: http://localhost:4200
ERROR - 2025-07-24 11:38:02 --> CORS Filter
ERROR - 2025-07-24 11:38:02 --> Origin: http://localhost:4200
ERROR - 2025-07-24 11:38:03 --> CORS Filter
ERROR - 2025-07-24 11:38:03 --> Origin: http://localhost:4200
ERROR - 2025-07-24 11:38:05 --> CORS Filter
ERROR - 2025-07-24 11:38:05 --> Origin: http://localhost:4200
ERROR - 2025-07-24 11:38:06 --> CORS Filter
ERROR - 2025-07-24 11:38:06 --> Origin: http://localhost:4200
ERROR - 2025-07-24 11:38:06 --> CORS Filter
ERROR - 2025-07-24 11:38:06 --> Origin: http://localhost:4200
ERROR - 2025-07-24 11:38:06 --> CORS Filter
ERROR - 2025-07-24 11:38:06 --> Origin: http://localhost:4200
ERROR - 2025-07-24 12:14:38 --> CORS Filter
ERROR - 2025-07-24 12:14:38 --> Origin: http://localhost:4200
ERROR - 2025-07-24 12:14:39 --> CORS Filter
ERROR - 2025-07-24 12:14:39 --> Origin: http://localhost:4200
ERROR - 2025-07-24 12:14:39 --> CORS Filter
ERROR - 2025-07-24 12:14:39 --> Origin: http://localhost:4200
ERROR - 2025-07-24 12:14:40 --> CORS Filter
ERROR - 2025-07-24 12:14:40 --> Origin: http://localhost:4200
ERROR - 2025-07-24 13:30:27 --> CORS Filter
ERROR - 2025-07-24 13:30:27 --> Origin: http://localhost:4200
ERROR - 2025-07-24 13:30:27 --> CORS Filter
ERROR - 2025-07-24 13:30:27 --> Origin: http://localhost:4200
ERROR - 2025-07-24 13:30:30 --> CORS Filter
ERROR - 2025-07-24 13:30:30 --> Origin: http://localhost:4200
ERROR - 2025-07-24 13:30:30 --> CORS Filter
ERROR - 2025-07-24 13:30:30 --> Origin: http://localhost:4200
ERROR - 2025-07-24 13:30:31 --> CORS Filter
ERROR - 2025-07-24 13:30:31 --> Origin: http://localhost:4200
ERROR - 2025-07-24 13:30:31 --> CORS Filter
ERROR - 2025-07-24 13:30:31 --> Origin: http://localhost:4200
ERROR - 2025-07-24 13:31:55 --> CORS Filter
ERROR - 2025-07-24 13:31:55 --> Origin: http://localhost:4200
ERROR - 2025-07-24 13:31:55 --> CORS Filter
ERROR - 2025-07-24 13:31:55 --> Origin: http://localhost:4200
ERROR - 2025-07-24 13:31:56 --> CORS Filter
ERROR - 2025-07-24 13:31:56 --> Origin: http://localhost:4200
ERROR - 2025-07-24 13:31:57 --> CORS Filter
ERROR - 2025-07-24 13:31:57 --> Origin: http://localhost:4200
ERROR - 2025-07-24 13:39:03 --> CORS Filter
ERROR - 2025-07-24 13:39:03 --> Origin: http://localhost:4200
ERROR - 2025-07-24 13:39:05 --> CORS Filter
ERROR - 2025-07-24 13:39:05 --> Origin: http://localhost:4200
ERROR - 2025-07-24 13:39:06 --> CORS Filter
ERROR - 2025-07-24 13:39:07 --> Origin: http://localhost:4200
ERROR - 2025-07-24 13:39:07 --> CORS Filter
ERROR - 2025-07-24 13:39:07 --> Origin: http://localhost:4200
ERROR - 2025-07-24 13:40:58 --> CORS Filter
ERROR - 2025-07-24 13:40:58 --> Origin: http://localhost:4200
ERROR - 2025-07-24 13:40:59 --> CORS Filter
ERROR - 2025-07-24 13:40:59 --> Origin: http://localhost:4200
ERROR - 2025-07-24 13:41:00 --> CORS Filter
ERROR - 2025-07-24 13:41:00 --> Origin: http://localhost:4200
ERROR - 2025-07-24 13:41:01 --> CORS Filter
ERROR - 2025-07-24 13:41:01 --> Origin: http://localhost:4200
ERROR - 2025-07-24 13:45:22 --> CORS Filter
ERROR - 2025-07-24 13:45:22 --> Origin: http://localhost:4200
ERROR - 2025-07-24 13:45:24 --> CORS Filter
ERROR - 2025-07-24 13:45:24 --> Origin: http://localhost:4200
ERROR - 2025-07-24 13:45:26 --> CORS Filter
ERROR - 2025-07-24 13:45:26 --> Origin: http://localhost:4200
ERROR - 2025-07-24 13:45:28 --> CORS Filter
ERROR - 2025-07-24 13:45:28 --> Origin: http://localhost:4200
ERROR - 2025-07-24 13:51:35 --> CORS Filter
ERROR - 2025-07-24 13:51:35 --> Origin: http://localhost:4200
ERROR - 2025-07-24 13:51:36 --> CORS Filter
ERROR - 2025-07-24 13:51:36 --> Origin: http://localhost:4200
ERROR - 2025-07-24 13:51:36 --> CORS Filter
ERROR - 2025-07-24 13:51:36 --> Origin: http://localhost:4200
ERROR - 2025-07-24 13:51:36 --> CORS Filter
ERROR - 2025-07-24 13:51:36 --> Origin: http://localhost:4200
ERROR - 2025-07-24 13:51:39 --> CORS Filter
ERROR - 2025-07-24 13:51:39 --> Origin: http://localhost:4200
ERROR - 2025-07-24 13:51:40 --> CORS Filter
ERROR - 2025-07-24 13:51:40 --> Origin: http://localhost:4200
ERROR - 2025-07-24 13:51:41 --> CORS Filter
ERROR - 2025-07-24 13:51:41 --> Origin: http://localhost:4200
ERROR - 2025-07-24 13:51:42 --> CORS Filter
ERROR - 2025-07-24 13:51:42 --> Origin: http://localhost:4200
ERROR - 2025-07-24 13:51:42 --> CORS Filter
ERROR - 2025-07-24 13:51:42 --> Origin: http://localhost:4200
ERROR - 2025-07-24 13:51:42 --> CORS Filter
ERROR - 2025-07-24 13:51:42 --> Origin: http://localhost:4200
ERROR - 2025-07-24 13:51:46 --> CORS Filter
ERROR - 2025-07-24 13:51:46 --> Origin: http://localhost:4200
ERROR - 2025-07-24 13:51:46 --> CORS Filter
ERROR - 2025-07-24 13:51:46 --> Origin: http://localhost:4200
ERROR - 2025-07-24 13:51:47 --> CORS Filter
ERROR - 2025-07-24 13:51:47 --> Origin: http://localhost:4200
ERROR - 2025-07-24 13:51:48 --> CORS Filter
ERROR - 2025-07-24 13:51:48 --> Origin: http://localhost:4200
ERROR - 2025-07-24 13:51:48 --> CORS Filter
ERROR - 2025-07-24 13:51:48 --> Origin: http://localhost:4200
ERROR - 2025-07-24 13:51:48 --> CORS Filter
ERROR - 2025-07-24 13:51:48 --> Origin: http://localhost:4200
ERROR - 2025-07-24 13:51:49 --> CORS Filter
ERROR - 2025-07-24 13:51:49 --> Origin: http://localhost:4200
ERROR - 2025-07-24 13:51:49 --> CORS Filter
ERROR - 2025-07-24 13:51:49 --> Origin: http://localhost:4200
ERROR - 2025-07-24 13:51:51 --> CORS Filter
ERROR - 2025-07-24 13:51:51 --> Origin: http://localhost:4200
ERROR - 2025-07-24 13:51:51 --> CORS Filter
ERROR - 2025-07-24 13:51:51 --> Origin: http://localhost:4200
ERROR - 2025-07-24 13:52:06 --> CORS Filter
ERROR - 2025-07-24 13:52:06 --> Origin: http://localhost:4200
ERROR - 2025-07-24 13:52:06 --> CORS Filter
ERROR - 2025-07-24 13:52:06 --> Origin: http://localhost:4200
ERROR - 2025-07-24 13:52:06 --> CORS Filter
ERROR - 2025-07-24 13:52:06 --> Origin: http://localhost:4200
ERROR - 2025-07-24 13:52:07 --> CORS Filter
ERROR - 2025-07-24 13:52:07 --> Origin: http://localhost:4200
ERROR - 2025-07-24 13:53:29 --> CORS Filter
ERROR - 2025-07-24 13:53:29 --> Origin: http://localhost:4200
ERROR - 2025-07-24 13:53:29 --> CORS Filter
ERROR - 2025-07-24 13:53:29 --> Origin: http://localhost:4200
ERROR - 2025-07-24 13:53:30 --> CORS Filter
ERROR - 2025-07-24 13:53:30 --> Origin: http://localhost:4200
ERROR - 2025-07-24 13:53:30 --> CORS Filter
ERROR - 2025-07-24 13:53:30 --> Origin: http://localhost:4200
ERROR - 2025-07-24 13:53:31 --> CORS Filter
ERROR - 2025-07-24 13:53:31 --> Origin: http://localhost:4200
ERROR - 2025-07-24 13:53:32 --> CORS Filter
ERROR - 2025-07-24 13:53:32 --> Origin: http://localhost:4200
ERROR - 2025-07-24 13:53:34 --> CORS Filter
ERROR - 2025-07-24 13:53:34 --> Origin: http://localhost:4200
ERROR - 2025-07-24 13:53:34 --> CORS Filter
ERROR - 2025-07-24 13:53:34 --> Origin: http://localhost:4200
ERROR - 2025-07-24 13:53:45 --> CORS Filter
ERROR - 2025-07-24 13:53:45 --> Origin: http://localhost:4200
ERROR - 2025-07-24 13:53:47 --> CORS Filter
ERROR - 2025-07-24 13:53:47 --> Origin: http://localhost:4200
ERROR - 2025-07-24 13:53:47 --> CORS Filter
ERROR - 2025-07-24 13:53:47 --> Origin: http://localhost:4200
ERROR - 2025-07-24 13:53:47 --> CORS Filter
ERROR - 2025-07-24 13:53:47 --> Origin: http://localhost:4200
ERROR - 2025-07-24 13:53:52 --> CORS Filter
ERROR - 2025-07-24 13:53:52 --> Origin: http://localhost:4200
ERROR - 2025-07-24 13:53:52 --> CORS Filter
ERROR - 2025-07-24 13:53:52 --> Origin: http://localhost:4200
ERROR - 2025-07-24 13:53:52 --> CORS Filter
ERROR - 2025-07-24 13:53:52 --> Origin: http://localhost:4200
ERROR - 2025-07-24 13:57:04 --> CORS Filter
ERROR - 2025-07-24 13:57:04 --> Origin: http://localhost:4200
ERROR - 2025-07-24 13:57:04 --> CORS Filter
ERROR - 2025-07-24 13:57:04 --> Origin: http://localhost:4200
ERROR - 2025-07-24 13:57:05 --> CORS Filter
ERROR - 2025-07-24 13:57:05 --> Origin: http://localhost:4200
ERROR - 2025-07-24 13:57:06 --> CORS Filter
ERROR - 2025-07-24 13:57:06 --> Origin: http://localhost:4200
ERROR - 2025-07-24 13:57:26 --> CORS Filter
ERROR - 2025-07-24 13:57:26 --> Origin: http://localhost:4200
ERROR - 2025-07-24 13:57:26 --> CORS Filter
ERROR - 2025-07-24 13:57:26 --> Origin: http://localhost:4200
ERROR - 2025-07-24 13:57:27 --> CORS Filter
ERROR - 2025-07-24 13:57:27 --> Origin: http://localhost:4200
ERROR - 2025-07-24 13:57:27 --> CORS Filter
ERROR - 2025-07-24 13:57:27 --> Origin: http://localhost:4200
ERROR - 2025-07-24 14:05:48 --> CORS Filter
ERROR - 2025-07-24 14:05:48 --> Origin: http://localhost:4200
ERROR - 2025-07-24 14:05:48 --> CORS Filter
ERROR - 2025-07-24 14:05:48 --> Origin: http://localhost:4200
ERROR - 2025-07-24 14:05:48 --> CORS Filter
ERROR - 2025-07-24 14:05:48 --> Origin: http://localhost:4200
ERROR - 2025-07-24 14:05:48 --> CORS Filter
ERROR - 2025-07-24 14:05:48 --> Origin: http://localhost:4200
ERROR - 2025-07-24 14:05:51 --> CORS Filter
ERROR - 2025-07-24 14:05:51 --> Origin: http://localhost:4200
ERROR - 2025-07-24 14:05:51 --> CORS Filter
ERROR - 2025-07-24 14:05:51 --> Origin: http://localhost:4200
ERROR - 2025-07-24 14:06:22 --> CORS Filter
ERROR - 2025-07-24 14:06:22 --> Origin: http://localhost:4200
ERROR - 2025-07-24 14:06:22 --> CORS Filter
ERROR - 2025-07-24 14:06:22 --> Origin: http://localhost:4200
ERROR - 2025-07-24 14:06:22 --> CORS Filter
ERROR - 2025-07-24 14:06:22 --> Origin: http://localhost:4200
ERROR - 2025-07-24 14:06:22 --> CORS Filter
ERROR - 2025-07-24 14:06:22 --> Origin: http://localhost:4200
ERROR - 2025-07-24 14:06:32 --> CORS Filter
ERROR - 2025-07-24 14:06:32 --> Origin: http://localhost:4200
ERROR - 2025-07-24 14:06:32 --> CORS Filter
ERROR - 2025-07-24 14:06:32 --> Origin: http://localhost:4200
ERROR - 2025-07-24 14:06:32 --> CORS Filter
ERROR - 2025-07-24 14:06:32 --> Origin: http://localhost:4200
ERROR - 2025-07-24 14:06:32 --> CORS Filter
ERROR - 2025-07-24 14:06:32 --> Origin: http://localhost:4200
ERROR - 2025-07-24 14:06:36 --> CORS Filter
ERROR - 2025-07-24 14:06:36 --> Origin: http://localhost:4200
ERROR - 2025-07-24 14:06:37 --> CORS Filter
ERROR - 2025-07-24 14:06:37 --> Origin: http://localhost:4200
ERROR - 2025-07-24 14:06:49 --> CORS Filter
ERROR - 2025-07-24 14:06:49 --> Origin: http://localhost:4200
ERROR - 2025-07-24 14:06:49 --> CORS Filter
ERROR - 2025-07-24 14:06:49 --> Origin: http://localhost:4200
ERROR - 2025-07-24 14:06:49 --> CORS Filter
ERROR - 2025-07-24 14:06:49 --> Origin: http://localhost:4200
ERROR - 2025-07-24 14:06:50 --> CORS Filter
ERROR - 2025-07-24 14:06:50 --> Origin: http://localhost:4200
ERROR - 2025-07-24 14:07:00 --> CORS Filter
ERROR - 2025-07-24 14:07:00 --> Origin: http://localhost:4200
ERROR - 2025-07-24 14:07:00 --> CORS Filter
ERROR - 2025-07-24 14:07:00 --> Origin: http://localhost:4200
ERROR - 2025-07-24 14:07:00 --> CORS Filter
ERROR - 2025-07-24 14:07:00 --> Origin: http://localhost:4200
ERROR - 2025-07-24 14:07:00 --> CORS Filter
ERROR - 2025-07-24 14:07:00 --> Origin: http://localhost:4200
ERROR - 2025-07-24 14:07:54 --> CORS Filter
ERROR - 2025-07-24 14:07:54 --> Origin: http://localhost:4200
ERROR - 2025-07-24 14:07:54 --> CORS Filter
ERROR - 2025-07-24 14:07:54 --> Origin: http://localhost:4200
ERROR - 2025-07-24 14:07:54 --> CORS Filter
ERROR - 2025-07-24 14:07:54 --> Origin: http://localhost:4200
ERROR - 2025-07-24 14:07:54 --> CORS Filter
ERROR - 2025-07-24 14:07:54 --> Origin: http://localhost:4200
ERROR - 2025-07-24 14:08:05 --> CORS Filter
ERROR - 2025-07-24 14:08:05 --> Origin: http://localhost:4200
ERROR - 2025-07-24 14:08:05 --> CORS Filter
ERROR - 2025-07-24 14:08:05 --> Origin: http://localhost:4200
ERROR - 2025-07-24 14:08:05 --> CORS Filter
ERROR - 2025-07-24 14:08:05 --> Origin: http://localhost:4200
ERROR - 2025-07-24 14:08:06 --> CORS Filter
ERROR - 2025-07-24 14:08:06 --> Origin: http://localhost:4200
ERROR - 2025-07-24 14:08:16 --> CORS Filter
ERROR - 2025-07-24 14:08:16 --> Origin: http://localhost:4200
ERROR - 2025-07-24 14:08:16 --> CORS Filter
ERROR - 2025-07-24 14:08:16 --> Origin: http://localhost:4200
ERROR - 2025-07-24 14:08:16 --> CORS Filter
ERROR - 2025-07-24 14:08:16 --> Origin: http://localhost:4200
ERROR - 2025-07-24 14:08:16 --> CORS Filter
ERROR - 2025-07-24 14:08:16 --> Origin: http://localhost:4200
ERROR - 2025-07-24 14:08:18 --> CORS Filter
ERROR - 2025-07-24 14:08:18 --> Origin: http://localhost:4200
ERROR - 2025-07-24 14:08:19 --> CORS Filter
ERROR - 2025-07-24 14:08:19 --> Origin: http://localhost:4200
ERROR - 2025-07-24 14:08:25 --> CORS Filter
ERROR - 2025-07-24 14:08:25 --> Origin: http://localhost:4200
ERROR - 2025-07-24 14:08:25 --> CORS Filter
ERROR - 2025-07-24 14:08:25 --> Origin: http://localhost:4200
ERROR - 2025-07-24 14:08:25 --> CORS Filter
ERROR - 2025-07-24 14:08:25 --> Origin: http://localhost:4200
ERROR - 2025-07-24 14:08:26 --> CORS Filter
ERROR - 2025-07-24 14:08:26 --> Origin: http://localhost:4200
ERROR - 2025-07-24 14:08:33 --> CORS Filter
ERROR - 2025-07-24 14:08:33 --> Origin: http://localhost:4200
ERROR - 2025-07-24 14:08:34 --> CORS Filter
ERROR - 2025-07-24 14:08:34 --> Origin: http://localhost:4200
ERROR - 2025-07-24 14:08:34 --> CORS Filter
ERROR - 2025-07-24 14:08:34 --> Origin: http://localhost:4200
ERROR - 2025-07-24 14:08:34 --> CORS Filter
ERROR - 2025-07-24 14:08:34 --> Origin: http://localhost:4200
ERROR - 2025-07-24 14:08:35 --> CORS Filter
ERROR - 2025-07-24 14:08:35 --> Origin: http://localhost:4200
ERROR - 2025-07-24 14:08:35 --> CORS Filter
ERROR - 2025-07-24 14:08:35 --> Origin: http://localhost:4200
ERROR - 2025-07-24 14:08:38 --> CORS Filter
ERROR - 2025-07-24 14:08:38 --> Origin: http://localhost:4200
ERROR - 2025-07-24 14:08:38 --> CORS Filter
ERROR - 2025-07-24 14:08:38 --> Origin: http://localhost:4200
ERROR - 2025-07-24 14:08:48 --> CORS Filter
ERROR - 2025-07-24 14:08:48 --> Origin: http://localhost:4200
ERROR - 2025-07-24 14:08:48 --> CORS Filter
ERROR - 2025-07-24 14:08:48 --> Origin: http://localhost:4200
ERROR - 2025-07-24 14:08:48 --> CORS Filter
ERROR - 2025-07-24 14:08:48 --> Origin: http://localhost:4200
ERROR - 2025-07-24 14:08:48 --> CORS Filter
ERROR - 2025-07-24 14:08:48 --> Origin: http://localhost:4200
ERROR - 2025-07-24 14:09:02 --> CORS Filter
ERROR - 2025-07-24 14:09:02 --> Origin: http://localhost:4200
ERROR - 2025-07-24 14:09:02 --> CORS Filter
ERROR - 2025-07-24 14:09:02 --> Origin: http://localhost:4200
ERROR - 2025-07-24 14:09:02 --> CORS Filter
ERROR - 2025-07-24 14:09:02 --> Origin: http://localhost:4200
ERROR - 2025-07-24 14:09:03 --> CORS Filter
ERROR - 2025-07-24 14:09:03 --> Origin: http://localhost:4200
ERROR - 2025-07-24 14:10:11 --> CORS Filter
ERROR - 2025-07-24 14:10:11 --> Origin: http://localhost:4200
ERROR - 2025-07-24 14:10:11 --> CORS Filter
ERROR - 2025-07-24 14:10:11 --> Origin: http://localhost:4200
ERROR - 2025-07-24 14:10:11 --> CORS Filter
ERROR - 2025-07-24 14:10:11 --> Origin: http://localhost:4200
ERROR - 2025-07-24 14:10:11 --> CORS Filter
ERROR - 2025-07-24 14:10:11 --> Origin: http://localhost:4200
ERROR - 2025-07-24 14:10:12 --> CORS Filter
ERROR - 2025-07-24 14:10:12 --> Origin: http://localhost:4200
ERROR - 2025-07-24 14:10:12 --> CORS Filter
ERROR - 2025-07-24 14:10:12 --> Origin: http://localhost:4200
ERROR - 2025-07-24 14:10:12 --> CORS Filter
ERROR - 2025-07-24 14:10:12 --> Origin: http://localhost:4200
ERROR - 2025-07-24 14:10:12 --> CORS Filter
ERROR - 2025-07-24 14:10:12 --> Origin: http://localhost:4200
ERROR - 2025-07-24 14:10:38 --> CORS Filter
ERROR - 2025-07-24 14:10:38 --> Origin: http://localhost:4200
ERROR - 2025-07-24 14:10:39 --> CORS Filter
ERROR - 2025-07-24 14:10:39 --> Origin: http://localhost:4200
ERROR - 2025-07-24 14:10:39 --> CORS Filter
ERROR - 2025-07-24 14:10:39 --> Origin: http://localhost:4200
ERROR - 2025-07-24 14:10:39 --> CORS Filter
ERROR - 2025-07-24 14:10:39 --> Origin: http://localhost:4200
ERROR - 2025-07-24 14:10:54 --> CORS Filter
ERROR - 2025-07-24 14:10:54 --> Origin: http://localhost:4200
ERROR - 2025-07-24 14:10:54 --> CORS Filter
ERROR - 2025-07-24 14:10:54 --> Origin: http://localhost:4200
ERROR - 2025-07-24 14:10:55 --> CORS Filter
ERROR - 2025-07-24 14:10:55 --> Origin: http://localhost:4200
ERROR - 2025-07-24 14:10:55 --> CORS Filter
ERROR - 2025-07-24 14:10:55 --> Origin: http://localhost:4200
ERROR - 2025-07-24 14:11:24 --> CORS Filter
ERROR - 2025-07-24 14:11:24 --> Origin: http://localhost:4200
ERROR - 2025-07-24 14:11:24 --> CORS Filter
ERROR - 2025-07-24 14:11:24 --> Origin: http://localhost:4200
ERROR - 2025-07-24 14:11:25 --> CORS Filter
ERROR - 2025-07-24 14:11:25 --> Origin: http://localhost:4200
ERROR - 2025-07-24 14:11:25 --> CORS Filter
ERROR - 2025-07-24 14:11:25 --> Origin: http://localhost:4200
