ERROR - 2025-09-04 03:50:02 --> CORS Filter
ERROR - 2025-09-04 03:50:02 --> Origin: http://localhost:4200
ERROR - 2025-09-04 03:50:03 --> CORS Filter
ERROR - 2025-09-04 03:50:03 --> Origin: http://localhost:4200
ERROR - 2025-09-04 03:50:08 --> CORS Filter
ERROR - 2025-09-04 03:50:08 --> Origin: http://localhost:4200
ERROR - 2025-09-04 03:50:08 --> CORS Filter
ERROR - 2025-09-04 03:50:08 --> Origin: http://localhost:4200
ERROR - 2025-09-04 03:50:08 --> CORS Filter
ERROR - 2025-09-04 03:50:08 --> Origin: http://localhost:4200
ERROR - 2025-09-04 03:50:08 --> CORS Filter
ERROR - 2025-09-04 03:50:08 --> Origin: http://localhost:4200
ERROR - 2025-09-04 03:51:47 --> CORS Filter
ERROR - 2025-09-04 03:51:47 --> Origin: http://localhost:4200
ERROR - 2025-09-04 03:51:47 --> CORS Filter
ERROR - 2025-09-04 03:51:47 --> Origin: http://localhost:4200
ERROR - 2025-09-04 03:51:51 --> CORS Filter
ERROR - 2025-09-04 03:51:51 --> Origin: http://localhost:4200
ERROR - 2025-09-04 03:51:51 --> CORS Filter
ERROR - 2025-09-04 03:51:51 --> Origin: http://localhost:4200
ERROR - 2025-09-04 03:51:51 --> Inside getAllItemCategory function
ERROR - 2025-09-04 03:51:51 --> Tenant Header: {"DSN":"","hostname":"localhost","username":"root","password":"","database":"exiaa_ex0010","DBDriver":"MySQLi","DBPrefix":"","pConnect":false,"DBDebug":true,"charset":"utf8","DBCollat":"utf8_general_ci","swapPre":"","encrypt":false,"compress":false,"strictOn":false,"failover":[],"port":3306}
ERROR - 2025-09-04 04:07:45 --> CORS Filter
ERROR - 2025-09-04 04:07:45 --> Origin: http://localhost:4200
ERROR - 2025-09-04 04:07:46 --> CORS Filter
ERROR - 2025-09-04 04:07:46 --> Origin: http://localhost:4200
ERROR - 2025-09-04 04:07:46 --> Inside getAllItemCategory function
ERROR - 2025-09-04 04:07:46 --> Tenant Header: {"DSN":"","hostname":"localhost","username":"root","password":"","database":"exiaa_ex0010","DBDriver":"MySQLi","DBPrefix":"","pConnect":false,"DBDebug":true,"charset":"utf8","DBCollat":"utf8_general_ci","swapPre":"","encrypt":false,"compress":false,"strictOn":false,"failover":[],"port":3306}
ERROR - 2025-09-04 04:08:34 --> CORS Filter
ERROR - 2025-09-04 04:08:34 --> Origin: http://localhost:4200
ERROR - 2025-09-04 04:08:34 --> CORS Filter
ERROR - 2025-09-04 04:08:34 --> Origin: http://localhost:4200
ERROR - 2025-09-04 04:08:34 --> Inside getAllItemCategory function
ERROR - 2025-09-04 04:08:34 --> Tenant Header: {"DSN":"","hostname":"localhost","username":"root","password":"","database":"exiaa_ex0010","DBDriver":"MySQLi","DBPrefix":"","pConnect":false,"DBDebug":true,"charset":"utf8","DBCollat":"utf8_general_ci","swapPre":"","encrypt":false,"compress":false,"strictOn":false,"failover":[],"port":3306}
ERROR - 2025-09-04 04:10:07 --> CORS Filter
ERROR - 2025-09-04 04:10:07 --> Origin: http://localhost:4200
ERROR - 2025-09-04 04:10:07 --> CORS Filter
ERROR - 2025-09-04 04:10:07 --> Origin: http://localhost:4200
ERROR - 2025-09-04 04:10:07 --> Inside getAllItemCategory function
ERROR - 2025-09-04 04:10:07 --> Tenant Header: {"DSN":"","hostname":"localhost","username":"root","password":"","database":"exiaa_ex0010","DBDriver":"MySQLi","DBPrefix":"","pConnect":false,"DBDebug":true,"charset":"utf8","DBCollat":"utf8_general_ci","swapPre":"","encrypt":false,"compress":false,"strictOn":false,"failover":[],"port":3306}
ERROR - 2025-09-04 04:10:49 --> CORS Filter
ERROR - 2025-09-04 04:10:49 --> Origin: http://localhost:4200
ERROR - 2025-09-04 04:10:49 --> CORS Filter
ERROR - 2025-09-04 04:10:49 --> Origin: http://localhost:4200
ERROR - 2025-09-04 04:14:22 --> CORS Filter
ERROR - 2025-09-04 04:14:22 --> Origin: http://localhost:4200
ERROR - 2025-09-04 04:14:22 --> CORS Filter
ERROR - 2025-09-04 04:14:22 --> Origin: http://localhost:4200
ERROR - 2025-09-04 04:14:22 --> CORS Filter
ERROR - 2025-09-04 04:14:22 --> Origin: http://localhost:4200
ERROR - 2025-09-04 04:14:22 --> CORS Filter
ERROR - 2025-09-04 04:14:22 --> Origin: http://localhost:4200
ERROR - 2025-09-04 04:14:23 --> CORS Filter
ERROR - 2025-09-04 04:14:23 --> Origin: http://localhost:4200
ERROR - 2025-09-04 04:14:23 --> CORS Filter
ERROR - 2025-09-04 04:14:23 --> Origin: http://localhost:4200
ERROR - 2025-09-04 04:14:23 --> CORS Filter
ERROR - 2025-09-04 04:14:23 --> Origin: http://localhost:4200
ERROR - 2025-09-04 04:14:23 --> CORS Filter
ERROR - 2025-09-04 04:14:23 --> Origin: http://localhost:4200
ERROR - 2025-09-04 04:19:23 --> CORS Filter
ERROR - 2025-09-04 04:19:23 --> Origin: http://localhost:4200
ERROR - 2025-09-04 04:19:23 --> CORS Filter
ERROR - 2025-09-04 04:19:23 --> Origin: http://localhost:4200
ERROR - 2025-09-04 04:19:44 --> CORS Filter
ERROR - 2025-09-04 04:19:44 --> Origin: http://localhost:4200
ERROR - 2025-09-04 04:19:44 --> CORS Filter
ERROR - 2025-09-04 04:19:44 --> Origin: http://localhost:4200
ERROR - 2025-09-04 04:19:45 --> CORS Filter
ERROR - 2025-09-04 04:19:45 --> Origin: http://localhost:4200
ERROR - 2025-09-04 04:19:45 --> CORS Filter
ERROR - 2025-09-04 04:19:45 --> Origin: http://localhost:4200
ERROR - 2025-09-04 04:19:45 --> CORS Filter
ERROR - 2025-09-04 04:19:45 --> Origin: http://localhost:4200
ERROR - 2025-09-04 04:19:45 --> CORS Filter
ERROR - 2025-09-04 04:19:45 --> Origin: http://localhost:4200
ERROR - 2025-09-04 04:19:45 --> CORS Filter
ERROR - 2025-09-04 04:19:45 --> Origin: http://localhost:4200
ERROR - 2025-09-04 04:19:45 --> CORS Filter
ERROR - 2025-09-04 04:19:45 --> Origin: http://localhost:4200
ERROR - 2025-09-04 04:20:45 --> CORS Filter
ERROR - 2025-09-04 04:20:45 --> Origin: http://localhost:4200
ERROR - 2025-09-04 04:20:45 --> CORS Filter
ERROR - 2025-09-04 04:20:45 --> Origin: http://localhost:4200
ERROR - 2025-09-04 04:20:45 --> CORS Filter
ERROR - 2025-09-04 04:20:45 --> Origin: http://localhost:4200
ERROR - 2025-09-04 04:20:45 --> CORS Filter
ERROR - 2025-09-04 04:20:45 --> Origin: http://localhost:4200
ERROR - 2025-09-04 04:24:06 --> CORS Filter
ERROR - 2025-09-04 04:24:06 --> Origin: http://localhost:4200
ERROR - 2025-09-04 04:24:06 --> CORS Filter
ERROR - 2025-09-04 04:24:06 --> Origin: http://localhost:4200
ERROR - 2025-09-04 04:24:07 --> CORS Filter
ERROR - 2025-09-04 04:24:07 --> Origin: http://localhost:4200
ERROR - 2025-09-04 04:24:07 --> CORS Filter
ERROR - 2025-09-04 04:24:07 --> Origin: http://localhost:4200
ERROR - 2025-09-04 04:40:20 --> CORS Filter
ERROR - 2025-09-04 04:40:20 --> Origin: http://localhost:4200
ERROR - 2025-09-04 04:40:20 --> CORS Filter
ERROR - 2025-09-04 04:40:20 --> Origin: http://localhost:4200
ERROR - 2025-09-04 04:40:20 --> Inside getAllItemCategory function
ERROR - 2025-09-04 04:40:20 --> Tenant Header: {"DSN":"","hostname":"localhost","username":"root","password":"","database":"exiaa_ex0010","DBDriver":"MySQLi","DBPrefix":"","pConnect":false,"DBDebug":true,"charset":"utf8","DBCollat":"utf8_general_ci","swapPre":"","encrypt":false,"compress":false,"strictOn":false,"failover":[],"port":3306}
ERROR - 2025-09-04 04:48:23 --> CORS Filter
ERROR - 2025-09-04 04:48:23 --> Origin: http://localhost:4200
ERROR - 2025-09-04 04:48:23 --> CORS Filter
ERROR - 2025-09-04 04:48:23 --> Origin: http://localhost:4200
ERROR - 2025-09-04 04:48:23 --> Inside getAllItemCategory function
ERROR - 2025-09-04 04:48:23 --> Tenant Header: {"DSN":"","hostname":"localhost","username":"root","password":"","database":"exiaa_ex0010","DBDriver":"MySQLi","DBPrefix":"","pConnect":false,"DBDebug":true,"charset":"utf8","DBCollat":"utf8_general_ci","swapPre":"","encrypt":false,"compress":false,"strictOn":false,"failover":[],"port":3306}
ERROR - 2025-09-04 04:49:49 --> CORS Filter
ERROR - 2025-09-04 04:49:49 --> Origin: http://localhost:4200
ERROR - 2025-09-04 04:49:49 --> CORS Filter
ERROR - 2025-09-04 04:49:49 --> Origin: http://localhost:4200
ERROR - 2025-09-04 04:49:49 --> Inside getAllItemCategory function
ERROR - 2025-09-04 04:49:49 --> Tenant Header: {"DSN":"","hostname":"localhost","username":"root","password":"","database":"exiaa_ex0010","DBDriver":"MySQLi","DBPrefix":"","pConnect":false,"DBDebug":true,"charset":"utf8","DBCollat":"utf8_general_ci","swapPre":"","encrypt":false,"compress":false,"strictOn":false,"failover":[],"port":3306}
ERROR - 2025-09-04 04:50:09 --> CORS Filter
ERROR - 2025-09-04 04:50:09 --> Origin: http://localhost:4200
ERROR - 2025-09-04 04:50:09 --> CORS Filter
ERROR - 2025-09-04 04:50:09 --> Origin: http://localhost:4200
ERROR - 2025-09-04 04:50:09 --> Inside getAllItemCategory function
ERROR - 2025-09-04 04:50:09 --> Tenant Header: {"DSN":"","hostname":"localhost","username":"root","password":"","database":"exiaa_ex0010","DBDriver":"MySQLi","DBPrefix":"","pConnect":false,"DBDebug":true,"charset":"utf8","DBCollat":"utf8_general_ci","swapPre":"","encrypt":false,"compress":false,"strictOn":false,"failover":[],"port":3306}
ERROR - 2025-09-04 04:51:32 --> CORS Filter
ERROR - 2025-09-04 04:51:32 --> Origin: http://localhost:4200
ERROR - 2025-09-04 04:51:32 --> CORS Filter
ERROR - 2025-09-04 04:51:32 --> Origin: http://localhost:4200
ERROR - 2025-09-04 04:51:32 --> CORS Filter
ERROR - 2025-09-04 04:51:32 --> Origin: http://localhost:4200
ERROR - 2025-09-04 04:51:33 --> CORS Filter
ERROR - 2025-09-04 04:51:33 --> Origin: http://localhost:4200
ERROR - 2025-09-04 04:51:33 --> Inside getAllItemCategory function
ERROR - 2025-09-04 04:51:33 --> Tenant Header: {"DSN":"","hostname":"localhost","username":"root","password":"","database":"exiaa_ex0010","DBDriver":"MySQLi","DBPrefix":"","pConnect":false,"DBDebug":true,"charset":"utf8","DBCollat":"utf8_general_ci","swapPre":"","encrypt":false,"compress":false,"strictOn":false,"failover":[],"port":3306}
ERROR - 2025-09-04 04:51:33 --> CORS Filter
ERROR - 2025-09-04 04:51:33 --> Origin: http://localhost:4200
ERROR - 2025-09-04 04:53:30 --> CORS Filter
ERROR - 2025-09-04 04:53:30 --> Origin: http://localhost:4200
ERROR - 2025-09-04 04:53:30 --> CORS Filter
ERROR - 2025-09-04 04:53:30 --> Origin: http://localhost:4200
ERROR - 2025-09-04 04:53:30 --> Inside getAllItemCategory function
ERROR - 2025-09-04 04:53:30 --> Tenant Header: {"DSN":"","hostname":"localhost","username":"root","password":"","database":"exiaa_ex0010","DBDriver":"MySQLi","DBPrefix":"","pConnect":false,"DBDebug":true,"charset":"utf8","DBCollat":"utf8_general_ci","swapPre":"","encrypt":false,"compress":false,"strictOn":false,"failover":[],"port":3306}
ERROR - 2025-09-04 05:23:52 --> CORS Filter
ERROR - 2025-09-04 05:23:52 --> Origin: http://localhost:4200
ERROR - 2025-09-04 05:23:52 --> CORS Filter
ERROR - 2025-09-04 05:23:52 --> Origin: http://localhost:4200
ERROR - 2025-09-04 05:23:52 --> CORS Filter
ERROR - 2025-09-04 05:23:52 --> Origin: http://localhost:4200
ERROR - 2025-09-04 05:23:53 --> CORS Filter
ERROR - 2025-09-04 05:23:53 --> Origin: http://localhost:4200
ERROR - 2025-09-04 05:23:53 --> CORS Filter
ERROR - 2025-09-04 05:23:53 --> Origin: http://localhost:4200
ERROR - 2025-09-04 05:23:53 --> CORS Filter
ERROR - 2025-09-04 05:23:53 --> Origin: http://localhost:4200
ERROR - 2025-09-04 05:23:53 --> CORS Filter
ERROR - 2025-09-04 05:23:53 --> Origin: http://localhost:4200
ERROR - 2025-09-04 05:24:03 --> CORS Filter
ERROR - 2025-09-04 05:24:03 --> Origin: http://localhost:4200
ERROR - 2025-09-04 05:24:03 --> CORS Filter
ERROR - 2025-09-04 05:24:03 --> Origin: http://localhost:4200
ERROR - 2025-09-04 05:24:03 --> Inside getAllItemCategory function
ERROR - 2025-09-04 05:24:03 --> Tenant Header: {"DSN":"","hostname":"localhost","username":"root","password":"","database":"exiaa_ex0010","DBDriver":"MySQLi","DBPrefix":"","pConnect":false,"DBDebug":true,"charset":"utf8","DBCollat":"utf8_general_ci","swapPre":"","encrypt":false,"compress":false,"strictOn":false,"failover":[],"port":3306}
ERROR - 2025-09-04 05:24:30 --> CORS Filter
ERROR - 2025-09-04 05:24:30 --> Origin: http://localhost:4200
ERROR - 2025-09-04 05:24:30 --> CORS Filter
ERROR - 2025-09-04 05:24:30 --> Origin: http://localhost:4200
ERROR - 2025-09-04 05:24:31 --> CORS Filter
ERROR - 2025-09-04 05:24:31 --> Origin: http://localhost:4200
ERROR - 2025-09-04 05:24:32 --> CORS Filter
ERROR - 2025-09-04 05:24:32 --> Origin: http://localhost:4200
ERROR - 2025-09-04 05:24:36 --> CORS Filter
ERROR - 2025-09-04 05:24:36 --> Origin: http://localhost:4200
ERROR - 2025-09-04 05:24:36 --> CORS Filter
ERROR - 2025-09-04 05:24:36 --> Origin: http://localhost:4200
ERROR - 2025-09-04 05:24:36 --> Inside getAllItemCategory function
ERROR - 2025-09-04 05:24:36 --> Tenant Header: {"DSN":"","hostname":"localhost","username":"root","password":"","database":"exiaa_ex0010","DBDriver":"MySQLi","DBPrefix":"","pConnect":false,"DBDebug":true,"charset":"utf8","DBCollat":"utf8_general_ci","swapPre":"","encrypt":false,"compress":false,"strictOn":false,"failover":[],"port":3306}
ERROR - 2025-09-04 05:38:26 --> CORS Filter
ERROR - 2025-09-04 05:38:26 --> Origin: http://localhost:4200
ERROR - 2025-09-04 05:38:26 --> CORS Filter
ERROR - 2025-09-04 05:38:26 --> Origin: http://localhost:4200
ERROR - 2025-09-04 05:38:27 --> CORS Filter
ERROR - 2025-09-04 05:38:27 --> Origin: http://localhost:4200
ERROR - 2025-09-04 05:38:27 --> CORS Filter
ERROR - 2025-09-04 05:38:27 --> Origin: http://localhost:4200
ERROR - 2025-09-04 06:10:10 --> CORS Filter
ERROR - 2025-09-04 06:10:10 --> Origin: http://localhost:4200
ERROR - 2025-09-04 06:10:10 --> CORS Filter
ERROR - 2025-09-04 06:10:10 --> Origin: http://localhost:4200
ERROR - 2025-09-04 06:10:11 --> CORS Filter
ERROR - 2025-09-04 06:10:11 --> Origin: http://localhost:4200
ERROR - 2025-09-04 06:10:11 --> CORS Filter
ERROR - 2025-09-04 06:10:11 --> Origin: http://localhost:4200
ERROR - 2025-09-04 06:28:34 --> CORS Filter
ERROR - 2025-09-04 06:28:34 --> Origin: http://localhost:4200
ERROR - 2025-09-04 06:28:34 --> CORS Filter
ERROR - 2025-09-04 06:28:34 --> Origin: http://localhost:4200
ERROR - 2025-09-04 06:28:34 --> CORS Filter
ERROR - 2025-09-04 06:28:34 --> Origin: http://localhost:4200
ERROR - 2025-09-04 06:28:34 --> CORS Filter
ERROR - 2025-09-04 06:28:34 --> Origin: http://localhost:4200
ERROR - 2025-09-04 06:28:35 --> CORS Filter
ERROR - 2025-09-04 06:28:35 --> Origin: http://localhost:4200
ERROR - 2025-09-04 06:28:35 --> CORS Filter
ERROR - 2025-09-04 06:28:35 --> Origin: http://localhost:4200
ERROR - 2025-09-04 06:28:39 --> CORS Filter
ERROR - 2025-09-04 06:28:39 --> Origin: http://localhost:4200
ERROR - 2025-09-04 06:28:39 --> CORS Filter
ERROR - 2025-09-04 06:28:39 --> Origin: http://localhost:4200
ERROR - 2025-09-04 06:28:39 --> Inside getAllItemCategory function
ERROR - 2025-09-04 06:28:39 --> Tenant Header: {"DSN":"","hostname":"localhost","username":"root","password":"","database":"exiaa_ex0010","DBDriver":"MySQLi","DBPrefix":"","pConnect":false,"DBDebug":true,"charset":"utf8","DBCollat":"utf8_general_ci","swapPre":"","encrypt":false,"compress":false,"strictOn":false,"failover":[],"port":3306}
ERROR - 2025-09-04 06:28:55 --> CORS Filter
ERROR - 2025-09-04 06:28:55 --> Origin: http://localhost:4200
ERROR - 2025-09-04 06:28:55 --> CORS Filter
ERROR - 2025-09-04 06:28:55 --> Origin: http://localhost:4200
ERROR - 2025-09-04 06:29:42 --> CORS Filter
ERROR - 2025-09-04 06:29:42 --> Origin: http://localhost:4200
ERROR - 2025-09-04 06:29:43 --> CORS Filter
ERROR - 2025-09-04 06:29:43 --> Origin: http://localhost:4200
ERROR - 2025-09-04 06:32:48 --> CORS Filter
ERROR - 2025-09-04 06:32:48 --> Origin: http://localhost:4200
ERROR - 2025-09-04 06:32:48 --> CORS Filter
ERROR - 2025-09-04 06:32:48 --> Origin: http://localhost:4200
ERROR - 2025-09-04 06:32:49 --> CORS Filter
ERROR - 2025-09-04 06:32:49 --> Origin: http://localhost:4200
ERROR - 2025-09-04 06:32:49 --> CORS Filter
ERROR - 2025-09-04 06:32:49 --> Origin: http://localhost:4200
ERROR - 2025-09-04 06:32:57 --> CORS Filter
ERROR - 2025-09-04 06:32:57 --> Origin: http://localhost:4200
ERROR - 2025-09-04 06:32:57 --> CORS Filter
ERROR - 2025-09-04 06:32:57 --> Origin: http://localhost:4200
ERROR - 2025-09-04 06:35:45 --> CORS Filter
ERROR - 2025-09-04 06:35:45 --> Origin: http://localhost:4200
ERROR - 2025-09-04 06:35:45 --> CORS Filter
ERROR - 2025-09-04 06:35:45 --> Origin: http://localhost:4200
ERROR - 2025-09-04 06:35:45 --> CORS Filter
ERROR - 2025-09-04 06:35:45 --> Origin: http://localhost:4200
ERROR - 2025-09-04 06:35:45 --> CORS Filter
ERROR - 2025-09-04 06:35:45 --> Origin: http://localhost:4200
ERROR - 2025-09-04 06:35:55 --> CORS Filter
ERROR - 2025-09-04 06:35:55 --> Origin: http://localhost:4200
ERROR - 2025-09-04 06:35:55 --> CORS Filter
ERROR - 2025-09-04 06:35:55 --> Origin: http://localhost:4200
ERROR - 2025-09-04 06:37:24 --> CORS Filter
ERROR - 2025-09-04 06:37:24 --> Origin: http://localhost:4200
ERROR - 2025-09-04 06:37:25 --> CORS Filter
ERROR - 2025-09-04 06:37:25 --> Origin: http://localhost:4200
ERROR - 2025-09-04 06:37:26 --> CORS Filter
ERROR - 2025-09-04 06:37:26 --> Origin: http://localhost:4200
ERROR - 2025-09-04 06:37:26 --> CORS Filter
ERROR - 2025-09-04 06:37:26 --> Origin: http://localhost:4200
ERROR - 2025-09-04 06:37:34 --> CORS Filter
ERROR - 2025-09-04 06:37:34 --> Origin: http://localhost:4200
ERROR - 2025-09-04 06:37:34 --> CORS Filter
ERROR - 2025-09-04 06:37:34 --> Origin: http://localhost:4200
ERROR - 2025-09-04 06:38:13 --> CORS Filter
ERROR - 2025-09-04 06:38:13 --> Origin: http://localhost:4200
ERROR - 2025-09-04 06:38:50 --> CORS Filter
ERROR - 2025-09-04 06:38:50 --> Origin: http://localhost:4200
ERROR - 2025-09-04 06:38:51 --> CORS Filter
ERROR - 2025-09-04 06:38:51 --> Origin: http://localhost:4200
ERROR - 2025-09-04 06:38:53 --> CORS Filter
ERROR - 2025-09-04 06:38:53 --> Origin: http://localhost:4200
ERROR - 2025-09-04 06:38:54 --> CORS Filter
ERROR - 2025-09-04 06:38:54 --> Origin: http://localhost:4200
ERROR - 2025-09-04 06:39:08 --> CORS Filter
ERROR - 2025-09-04 06:39:08 --> Origin: http://localhost:4200
ERROR - 2025-09-04 06:40:46 --> CORS Filter
ERROR - 2025-09-04 06:40:46 --> Origin: http://localhost:4200
ERROR - 2025-09-04 06:40:46 --> CORS Filter
ERROR - 2025-09-04 06:40:46 --> Origin: http://localhost:4200
ERROR - 2025-09-04 06:40:47 --> CORS Filter
ERROR - 2025-09-04 06:40:47 --> Origin: http://localhost:4200
ERROR - 2025-09-04 06:40:47 --> CORS Filter
ERROR - 2025-09-04 06:40:47 --> Origin: http://localhost:4200
ERROR - 2025-09-04 06:42:34 --> CORS Filter
ERROR - 2025-09-04 06:42:34 --> Origin: http://localhost:4200
ERROR - 2025-09-04 06:42:35 --> CORS Filter
ERROR - 2025-09-04 06:42:35 --> Origin: http://localhost:4200
ERROR - 2025-09-04 06:43:36 --> CORS Filter
ERROR - 2025-09-04 06:43:36 --> Origin: http://localhost:4200
ERROR - 2025-09-04 06:43:37 --> CORS Filter
ERROR - 2025-09-04 06:43:37 --> Origin: http://localhost:4200
ERROR - 2025-09-04 06:43:37 --> CORS Filter
ERROR - 2025-09-04 06:43:37 --> Origin: http://localhost:4200
ERROR - 2025-09-04 06:43:37 --> CORS Filter
ERROR - 2025-09-04 06:43:37 --> Origin: http://localhost:4200
ERROR - 2025-09-04 06:43:45 --> CORS Filter
ERROR - 2025-09-04 06:43:45 --> Origin: http://localhost:4200
ERROR - 2025-09-04 06:43:45 --> CORS Filter
ERROR - 2025-09-04 06:43:45 --> Origin: http://localhost:4200
ERROR - 2025-09-04 06:44:59 --> CORS Filter
ERROR - 2025-09-04 06:44:59 --> Origin: http://localhost:4200
ERROR - 2025-09-04 06:45:00 --> CORS Filter
ERROR - 2025-09-04 06:45:00 --> Origin: http://localhost:4200
ERROR - 2025-09-04 06:45:01 --> CORS Filter
ERROR - 2025-09-04 06:45:01 --> Origin: http://localhost:4200
ERROR - 2025-09-04 06:45:01 --> CORS Filter
ERROR - 2025-09-04 06:45:01 --> Origin: http://localhost:4200
ERROR - 2025-09-04 06:45:10 --> CORS Filter
ERROR - 2025-09-04 06:45:10 --> Origin: http://localhost:4200
ERROR - 2025-09-04 06:45:10 --> CORS Filter
ERROR - 2025-09-04 06:45:10 --> Origin: http://localhost:4200
ERROR - 2025-09-04 06:48:01 --> CORS Filter
ERROR - 2025-09-04 06:48:01 --> Origin: http://localhost:4200
ERROR - 2025-09-04 06:48:01 --> CORS Filter
ERROR - 2025-09-04 06:48:01 --> Origin: http://localhost:4200
ERROR - 2025-09-04 06:48:01 --> CORS Filter
ERROR - 2025-09-04 06:48:01 --> Origin: http://localhost:4200
ERROR - 2025-09-04 06:48:04 --> CORS Filter
ERROR - 2025-09-04 06:48:04 --> Origin: http://localhost:4200
ERROR - 2025-09-04 06:48:05 --> CORS Filter
ERROR - 2025-09-04 06:48:05 --> Origin: http://localhost:4200
ERROR - 2025-09-04 06:48:15 --> CORS Filter
ERROR - 2025-09-04 06:48:15 --> Origin: http://localhost:4200
ERROR - 2025-09-04 06:48:15 --> CORS Filter
ERROR - 2025-09-04 06:48:15 --> Origin: http://localhost:4200
ERROR - 2025-09-04 06:50:04 --> CORS Filter
ERROR - 2025-09-04 06:50:04 --> Origin: http://localhost:4200
ERROR - 2025-09-04 06:50:04 --> CORS Filter
ERROR - 2025-09-04 06:50:04 --> Origin: http://localhost:4200
ERROR - 2025-09-04 07:26:39 --> CORS Filter
ERROR - 2025-09-04 07:26:39 --> Origin: http://localhost:4200
ERROR - 2025-09-04 07:26:40 --> CORS Filter
ERROR - 2025-09-04 07:26:40 --> Origin: http://localhost:4200
ERROR - 2025-09-04 07:26:40 --> CORS Filter
ERROR - 2025-09-04 07:26:40 --> Origin: http://localhost:4200
ERROR - 2025-09-04 07:26:40 --> CORS Filter
ERROR - 2025-09-04 07:26:40 --> Origin: http://localhost:4200
ERROR - 2025-09-04 07:33:16 --> CORS Filter
ERROR - 2025-09-04 07:33:16 --> Origin: http://localhost:4200
ERROR - 2025-09-04 07:33:16 --> CORS Filter
ERROR - 2025-09-04 07:33:16 --> Origin: http://localhost:4200
ERROR - 2025-09-04 07:33:17 --> CORS Filter
ERROR - 2025-09-04 07:33:17 --> Origin: http://localhost:4200
ERROR - 2025-09-04 07:33:17 --> CORS Filter
ERROR - 2025-09-04 07:33:17 --> Origin: http://localhost:4200
ERROR - 2025-09-04 07:33:18 --> CORS Filter
ERROR - 2025-09-04 07:33:18 --> Origin: http://localhost:4200
ERROR - 2025-09-04 07:33:18 --> CORS Filter
ERROR - 2025-09-04 07:33:18 --> Origin: http://localhost:4200
ERROR - 2025-09-04 07:33:42 --> CORS Filter
ERROR - 2025-09-04 07:33:42 --> Origin: http://localhost:4200
ERROR - 2025-09-04 07:33:42 --> CORS Filter
ERROR - 2025-09-04 07:33:42 --> Origin: http://localhost:4200
ERROR - 2025-09-04 07:33:42 --> Inside getAllItemCategory function
ERROR - 2025-09-04 07:33:42 --> Tenant Header: {"DSN":"","hostname":"localhost","username":"root","password":"","database":"exiaa_ex0010","DBDriver":"MySQLi","DBPrefix":"","pConnect":false,"DBDebug":true,"charset":"utf8","DBCollat":"utf8_general_ci","swapPre":"","encrypt":false,"compress":false,"strictOn":false,"failover":[],"port":3306}
ERROR - 2025-09-04 07:39:09 --> CORS Filter
ERROR - 2025-09-04 07:39:09 --> Origin: http://localhost:4200
ERROR - 2025-09-04 07:39:09 --> CORS Filter
ERROR - 2025-09-04 07:39:09 --> Origin: http://localhost:4200
ERROR - 2025-09-04 07:39:09 --> CORS Filter
ERROR - 2025-09-04 07:39:09 --> Origin: http://localhost:4200
ERROR - 2025-09-04 07:39:09 --> CORS Filter
ERROR - 2025-09-04 07:39:09 --> Origin: http://localhost:4200
ERROR - 2025-09-04 07:39:10 --> CORS Filter
ERROR - 2025-09-04 07:39:10 --> Origin: http://localhost:4200
ERROR - 2025-09-04 07:39:10 --> CORS Filter
ERROR - 2025-09-04 07:39:10 --> Origin: http://localhost:4200
ERROR - 2025-09-04 07:39:10 --> Inside getAllItemCategory function
ERROR - 2025-09-04 07:39:10 --> Tenant Header: {"DSN":"","hostname":"localhost","username":"root","password":"","database":"exiaa_ex0010","DBDriver":"MySQLi","DBPrefix":"","pConnect":false,"DBDebug":true,"charset":"utf8","DBCollat":"utf8_general_ci","swapPre":"","encrypt":false,"compress":false,"strictOn":false,"failover":[],"port":3306}
ERROR - 2025-09-04 07:42:08 --> CORS Filter
ERROR - 2025-09-04 07:42:08 --> Origin: http://localhost:4200
ERROR - 2025-09-04 07:42:09 --> CORS Filter
ERROR - 2025-09-04 07:42:09 --> Origin: http://localhost:4200
ERROR - 2025-09-04 07:42:09 --> CORS Filter
ERROR - 2025-09-04 07:42:09 --> Origin: http://localhost:4200
ERROR - 2025-09-04 07:42:09 --> CORS Filter
ERROR - 2025-09-04 07:42:09 --> Origin: http://localhost:4200
ERROR - 2025-09-04 07:42:10 --> CORS Filter
ERROR - 2025-09-04 07:42:10 --> Origin: http://localhost:4200
ERROR - 2025-09-04 07:42:10 --> CORS Filter
ERROR - 2025-09-04 07:42:10 --> Origin: http://localhost:4200
ERROR - 2025-09-04 07:42:10 --> Inside getAllItemCategory function
ERROR - 2025-09-04 07:42:10 --> Tenant Header: {"DSN":"","hostname":"localhost","username":"root","password":"","database":"exiaa_ex0010","DBDriver":"MySQLi","DBPrefix":"","pConnect":false,"DBDebug":true,"charset":"utf8","DBCollat":"utf8_general_ci","swapPre":"","encrypt":false,"compress":false,"strictOn":false,"failover":[],"port":3306}
ERROR - 2025-09-04 07:45:03 --> CORS Filter
ERROR - 2025-09-04 07:45:03 --> Origin: http://localhost:4200
ERROR - 2025-09-04 07:45:04 --> CORS Filter
ERROR - 2025-09-04 07:45:04 --> Origin: http://localhost:4200
ERROR - 2025-09-04 07:45:04 --> CORS Filter
ERROR - 2025-09-04 07:45:04 --> Origin: http://localhost:4200
ERROR - 2025-09-04 07:45:04 --> CORS Filter
ERROR - 2025-09-04 07:45:04 --> Origin: http://localhost:4200
ERROR - 2025-09-04 07:45:04 --> Inside getAllItemCategory function
ERROR - 2025-09-04 07:45:04 --> Tenant Header: {"DSN":"","hostname":"localhost","username":"root","password":"","database":"exiaa_ex0010","DBDriver":"MySQLi","DBPrefix":"","pConnect":false,"DBDebug":true,"charset":"utf8","DBCollat":"utf8_general_ci","swapPre":"","encrypt":false,"compress":false,"strictOn":false,"failover":[],"port":3306}
ERROR - 2025-09-04 07:45:05 --> CORS Filter
ERROR - 2025-09-04 07:45:05 --> Origin: http://localhost:4200
ERROR - 2025-09-04 07:45:13 --> CORS Filter
ERROR - 2025-09-04 07:45:13 --> Origin: http://localhost:4200
ERROR - 2025-09-04 07:45:13 --> CORS Filter
ERROR - 2025-09-04 07:45:13 --> Origin: http://localhost:4200
ERROR - 2025-09-04 07:45:15 --> CORS Filter
ERROR - 2025-09-04 07:45:15 --> Origin: http://localhost:4200
ERROR - 2025-09-04 07:45:16 --> CORS Filter
ERROR - 2025-09-04 07:45:16 --> Origin: http://localhost:4200
ERROR - 2025-09-04 07:47:21 --> CORS Filter
ERROR - 2025-09-04 07:47:21 --> Origin: http://localhost:4200
ERROR - 2025-09-04 07:47:21 --> CORS Filter
ERROR - 2025-09-04 07:47:21 --> Origin: http://localhost:4200
ERROR - 2025-09-04 07:48:36 --> CORS Filter
ERROR - 2025-09-04 07:48:36 --> Origin: http://localhost:4200
ERROR - 2025-09-04 07:48:36 --> CORS Filter
ERROR - 2025-09-04 07:48:36 --> Origin: http://localhost:4200
ERROR - 2025-09-04 07:48:37 --> CORS Filter
ERROR - 2025-09-04 07:48:37 --> Origin: http://localhost:4200
ERROR - 2025-09-04 07:48:37 --> CORS Filter
ERROR - 2025-09-04 07:48:37 --> Origin: http://localhost:4200
ERROR - 2025-09-04 07:50:47 --> CORS Filter
ERROR - 2025-09-04 07:50:47 --> Origin: http://localhost:4200
ERROR - 2025-09-04 07:50:47 --> CORS Filter
ERROR - 2025-09-04 07:50:47 --> Origin: http://localhost:4200
ERROR - 2025-09-04 07:50:47 --> CORS Filter
ERROR - 2025-09-04 07:50:47 --> Origin: http://localhost:4200
ERROR - 2025-09-04 07:50:47 --> CORS Filter
ERROR - 2025-09-04 07:50:47 --> Origin: http://localhost:4200
ERROR - 2025-09-04 07:52:17 --> CORS Filter
ERROR - 2025-09-04 07:52:17 --> Origin: http://localhost:4200
ERROR - 2025-09-04 07:52:18 --> CORS Filter
ERROR - 2025-09-04 07:52:18 --> Origin: http://localhost:4200
ERROR - 2025-09-04 07:52:18 --> Inside getAllItemCategory function
ERROR - 2025-09-04 07:52:18 --> Tenant Header: {"DSN":"","hostname":"localhost","username":"root","password":"","database":"exiaa_ex0010","DBDriver":"MySQLi","DBPrefix":"","pConnect":false,"DBDebug":true,"charset":"utf8","DBCollat":"utf8_general_ci","swapPre":"","encrypt":false,"compress":false,"strictOn":false,"failover":[],"port":3306}
ERROR - 2025-09-04 07:52:46 --> CORS Filter
ERROR - 2025-09-04 07:52:46 --> Origin: http://localhost:4200
ERROR - 2025-09-04 07:52:46 --> CORS Filter
ERROR - 2025-09-04 07:52:46 --> Origin: http://localhost:4200
ERROR - 2025-09-04 07:52:46 --> CORS Filter
ERROR - 2025-09-04 07:52:46 --> Origin: http://localhost:4200
ERROR - 2025-09-04 07:52:47 --> CORS Filter
ERROR - 2025-09-04 07:52:47 --> Origin: http://localhost:4200
ERROR - 2025-09-04 07:52:47 --> CORS Filter
ERROR - 2025-09-04 07:52:47 --> Origin: http://localhost:4200
ERROR - 2025-09-04 07:52:48 --> CORS Filter
ERROR - 2025-09-04 07:52:48 --> Origin: http://localhost:4200
ERROR - 2025-09-04 07:52:48 --> Inside getAllItemCategory function
ERROR - 2025-09-04 07:52:48 --> Tenant Header: {"DSN":"","hostname":"localhost","username":"root","password":"","database":"exiaa_ex0010","DBDriver":"MySQLi","DBPrefix":"","pConnect":false,"DBDebug":true,"charset":"utf8","DBCollat":"utf8_general_ci","swapPre":"","encrypt":false,"compress":false,"strictOn":false,"failover":[],"port":3306}
ERROR - 2025-09-04 07:53:10 --> CORS Filter
ERROR - 2025-09-04 07:53:10 --> Origin: http://localhost:4200
ERROR - 2025-09-04 07:53:10 --> CORS Filter
ERROR - 2025-09-04 07:53:10 --> Origin: http://localhost:4200
ERROR - 2025-09-04 07:53:11 --> CORS Filter
ERROR - 2025-09-04 07:53:11 --> Origin: http://localhost:4200
ERROR - 2025-09-04 07:53:12 --> CORS Filter
ERROR - 2025-09-04 07:53:12 --> Origin: http://localhost:4200
ERROR - 2025-09-04 07:54:49 --> CORS Filter
ERROR - 2025-09-04 07:54:49 --> Origin: http://localhost:4200
ERROR - 2025-09-04 07:54:49 --> CORS Filter
ERROR - 2025-09-04 07:54:49 --> Origin: http://localhost:4200
ERROR - 2025-09-04 07:54:49 --> Inside getAllItemCategory function
ERROR - 2025-09-04 07:54:49 --> Tenant Header: {"DSN":"","hostname":"localhost","username":"root","password":"","database":"exiaa_ex0010","DBDriver":"MySQLi","DBPrefix":"","pConnect":false,"DBDebug":true,"charset":"utf8","DBCollat":"utf8_general_ci","swapPre":"","encrypt":false,"compress":false,"strictOn":false,"failover":[],"port":3306}
ERROR - 2025-09-04 08:03:17 --> CORS Filter
ERROR - 2025-09-04 08:03:17 --> Origin: http://localhost:4200
ERROR - 2025-09-04 08:03:17 --> CORS Filter
ERROR - 2025-09-04 08:03:17 --> Origin: http://localhost:4200
ERROR - 2025-09-04 08:03:18 --> CORS Filter
ERROR - 2025-09-04 08:03:18 --> Origin: http://localhost:4200
ERROR - 2025-09-04 08:03:18 --> CORS Filter
ERROR - 2025-09-04 08:03:18 --> Origin: http://localhost:4200
ERROR - 2025-09-04 08:03:24 --> CORS Filter
ERROR - 2025-09-04 08:03:24 --> Origin: http://localhost:4200
ERROR - 2025-09-04 08:03:24 --> CORS Filter
ERROR - 2025-09-04 08:03:24 --> Origin: http://localhost:4200
ERROR - 2025-09-04 08:03:24 --> CORS Filter
ERROR - 2025-09-04 08:03:24 --> Origin: http://localhost:4200
ERROR - 2025-09-04 08:03:25 --> CORS Filter
ERROR - 2025-09-04 08:03:25 --> Origin: http://localhost:4200
ERROR - 2025-09-04 08:03:28 --> CORS Filter
ERROR - 2025-09-04 08:03:28 --> Origin: http://localhost:4200
ERROR - 2025-09-04 08:03:30 --> CORS Filter
ERROR - 2025-09-04 08:03:30 --> Origin: http://localhost:4200
ERROR - 2025-09-04 08:03:30 --> CORS Filter
ERROR - 2025-09-04 08:03:30 --> Origin: http://localhost:4200
ERROR - 2025-09-04 08:04:18 --> CORS Filter
ERROR - 2025-09-04 08:04:18 --> Origin: http://localhost:4200
ERROR - 2025-09-04 08:04:19 --> CORS Filter
ERROR - 2025-09-04 08:04:19 --> Origin: http://localhost:4200
ERROR - 2025-09-04 08:04:19 --> Inside getAllItemCategory function
ERROR - 2025-09-04 08:04:19 --> Tenant Header: {"DSN":"","hostname":"localhost","username":"root","password":"","database":"exiaa_ex0010","DBDriver":"MySQLi","DBPrefix":"","pConnect":false,"DBDebug":true,"charset":"utf8","DBCollat":"utf8_general_ci","swapPre":"","encrypt":false,"compress":false,"strictOn":false,"failover":[],"port":3306}
ERROR - 2025-09-04 08:04:29 --> CORS Filter
ERROR - 2025-09-04 08:04:29 --> Origin: http://localhost:4200
ERROR - 2025-09-04 08:04:29 --> CORS Filter
ERROR - 2025-09-04 08:04:29 --> Origin: http://localhost:4200
ERROR - 2025-09-04 08:07:33 --> CORS Filter
ERROR - 2025-09-04 08:07:33 --> Origin: http://localhost:4200
ERROR - 2025-09-04 08:11:00 --> CORS Filter
ERROR - 2025-09-04 08:11:00 --> Origin: http://localhost:4200
CRITICAL - 2025-09-04 08:11:00 --> ErrorException: Cannot modify header information - headers already sent by (output started at C:\xampp\htdocs\exiaa-material-api\app\Config\Events.php:33)
[Method: POST, Route: api/blog/createmedia]
in APPPATH\Filters\CorsFilter.php on line 44.
 1 [internal function]: CodeIgniter\Debug\Exceptions->errorHandler(2, 'Cannot modify header information - headers already sent by (output started at C:\\xampp\\htdocs\\exiaa-material-api\\app\\Config\\Events.php:33)', 'C:\\xampp\\htdocs\\exiaa-material-api\\app\\Filters\\CorsFilter.php', 44)
 2 APPPATH\Filters\CorsFilter.php(44): header('Access-Control-Allow-Origin: http://localhost:4200')
 3 SYSTEMPATH\Filters\Filters.php(203): App\Filters\CorsFilter->before(Object(CodeIgniter\HTTP\IncomingRequest), null)
 4 SYSTEMPATH\Filters\Filters.php(184): CodeIgniter\Filters\Filters->runBefore([...])
 5 SYSTEMPATH\CodeIgniter.php(481): CodeIgniter\Filters\Filters->run('api/blog/createmedia', 'before')
 6 SYSTEMPATH\CodeIgniter.php(355): CodeIgniter\CodeIgniter->handleRequest(null, Object(Config\Cache), false)
 7 SYSTEMPATH\Boot.php(334): CodeIgniter\CodeIgniter->run()
 8 SYSTEMPATH\Boot.php(67): CodeIgniter\Boot::runCodeIgniter(Object(CodeIgniter\CodeIgniter))
 9 FCPATH\index.php(56): CodeIgniter\Boot::bootWeb(Object(Config\Paths))
10 SYSTEMPATH\rewrite.php(44): require_once('C:\\xampp\\htdocs\\exiaa-material-api\\public\\index.php')
ERROR - 2025-09-04 08:18:23 --> CORS Filter
ERROR - 2025-09-04 08:18:23 --> Origin: http://localhost:4200
ERROR - 2025-09-04 08:20:16 --> CORS Filter
ERROR - 2025-09-04 08:20:16 --> Origin: http://localhost:4200
ERROR - 2025-09-04 08:26:34 --> CORS Filter
ERROR - 2025-09-04 08:26:34 --> Origin: http://localhost:4200
ERROR - 2025-09-04 08:26:35 --> CORS Filter
ERROR - 2025-09-04 08:26:35 --> Origin: http://localhost:4200
ERROR - 2025-09-04 08:26:36 --> CORS Filter
ERROR - 2025-09-04 08:26:36 --> Origin: http://localhost:4200
ERROR - 2025-09-04 08:26:37 --> CORS Filter
ERROR - 2025-09-04 08:26:37 --> Origin: http://localhost:4200
ERROR - 2025-09-04 08:28:02 --> CORS Filter
ERROR - 2025-09-04 08:28:02 --> Origin: http://localhost:4200
ERROR - 2025-09-04 08:29:38 --> CORS Filter
ERROR - 2025-09-04 08:29:38 --> Origin: http://localhost:4200
ERROR - 2025-09-04 08:29:39 --> CORS Filter
ERROR - 2025-09-04 08:29:39 --> Origin: http://localhost:4200
ERROR - 2025-09-04 08:29:39 --> CORS Filter
ERROR - 2025-09-04 08:29:39 --> Origin: http://localhost:4200
ERROR - 2025-09-04 08:29:40 --> CORS Filter
ERROR - 2025-09-04 08:29:40 --> Origin: http://localhost:4200
ERROR - 2025-09-04 08:29:59 --> CORS Filter
ERROR - 2025-09-04 08:29:59 --> Origin: http://localhost:4200
ERROR - 2025-09-04 08:30:34 --> CORS Filter
ERROR - 2025-09-04 08:30:34 --> Origin: http://localhost:4200
ERROR - 2025-09-04 08:30:35 --> CORS Filter
ERROR - 2025-09-04 08:30:35 --> Origin: http://localhost:4200
ERROR - 2025-09-04 08:32:20 --> CORS Filter
ERROR - 2025-09-04 08:32:20 --> Origin: http://localhost:4200
ERROR - 2025-09-04 08:32:21 --> CORS Filter
ERROR - 2025-09-04 08:32:21 --> Origin: http://localhost:4200
ERROR - 2025-09-04 08:32:50 --> CORS Filter
ERROR - 2025-09-04 08:32:50 --> Origin: http://localhost:4200
ERROR - 2025-09-04 08:32:51 --> CORS Filter
ERROR - 2025-09-04 08:32:51 --> Origin: http://localhost:4200
ERROR - 2025-09-04 08:33:45 --> CORS Filter
ERROR - 2025-09-04 08:33:45 --> Origin: http://localhost:4200
ERROR - 2025-09-04 08:33:46 --> CORS Filter
ERROR - 2025-09-04 08:33:46 --> Origin: http://localhost:4200
ERROR - 2025-09-04 08:34:04 --> CORS Filter
ERROR - 2025-09-04 08:34:04 --> Origin: http://localhost:4200
ERROR - 2025-09-04 08:34:05 --> CORS Filter
ERROR - 2025-09-04 08:34:05 --> Origin: http://localhost:4200
ERROR - 2025-09-04 08:34:06 --> CORS Filter
ERROR - 2025-09-04 08:34:06 --> Origin: http://localhost:4200
ERROR - 2025-09-04 08:34:07 --> CORS Filter
ERROR - 2025-09-04 08:34:07 --> Origin: http://localhost:4200
ERROR - 2025-09-04 08:34:08 --> CORS Filter
ERROR - 2025-09-04 08:34:08 --> Origin: http://localhost:4200
ERROR - 2025-09-04 08:34:09 --> CORS Filter
ERROR - 2025-09-04 08:34:09 --> Origin: http://localhost:4200
ERROR - 2025-09-04 08:34:13 --> CORS Filter
ERROR - 2025-09-04 08:34:13 --> Origin: http://localhost:4200
ERROR - 2025-09-04 08:34:13 --> CORS Filter
ERROR - 2025-09-04 08:34:13 --> Origin: http://localhost:4200
ERROR - 2025-09-04 08:34:14 --> Inside getAllItemCategory function
ERROR - 2025-09-04 08:34:14 --> Tenant Header: {"DSN":"","hostname":"localhost","username":"root","password":"","database":"exiaa_ex0010","DBDriver":"MySQLi","DBPrefix":"","pConnect":false,"DBDebug":true,"charset":"utf8","DBCollat":"utf8_general_ci","swapPre":"","encrypt":false,"compress":false,"strictOn":false,"failover":[],"port":3306}
ERROR - 2025-09-04 08:34:34 --> CORS Filter
ERROR - 2025-09-04 08:34:34 --> Origin: http://localhost:4200
ERROR - 2025-09-04 08:34:45 --> CORS Filter
ERROR - 2025-09-04 08:34:45 --> Origin: http://localhost:4200
CRITICAL - 2025-09-04 08:34:45 --> ErrorException: Cannot modify header information - headers already sent by (output started at C:\xampp\htdocs\exiaa-material-api\app\Config\Events.php:33)
[Method: POST, Route: api/blog/createmedia]
in APPPATH\Filters\CorsFilter.php on line 44.
 1 [internal function]: CodeIgniter\Debug\Exceptions->errorHandler(2, 'Cannot modify header information - headers already sent by (output started at C:\\xampp\\htdocs\\exiaa-material-api\\app\\Config\\Events.php:33)', 'C:\\xampp\\htdocs\\exiaa-material-api\\app\\Filters\\CorsFilter.php', 44)
 2 APPPATH\Filters\CorsFilter.php(44): header('Access-Control-Allow-Origin: http://localhost:4200')
 3 SYSTEMPATH\Filters\Filters.php(203): App\Filters\CorsFilter->before(Object(CodeIgniter\HTTP\IncomingRequest), null)
 4 SYSTEMPATH\Filters\Filters.php(184): CodeIgniter\Filters\Filters->runBefore([...])
 5 SYSTEMPATH\CodeIgniter.php(481): CodeIgniter\Filters\Filters->run('api/blog/createmedia', 'before')
 6 SYSTEMPATH\CodeIgniter.php(355): CodeIgniter\CodeIgniter->handleRequest(null, Object(Config\Cache), false)
 7 SYSTEMPATH\Boot.php(334): CodeIgniter\CodeIgniter->run()
 8 SYSTEMPATH\Boot.php(67): CodeIgniter\Boot::runCodeIgniter(Object(CodeIgniter\CodeIgniter))
 9 FCPATH\index.php(56): CodeIgniter\Boot::bootWeb(Object(Config\Paths))
10 SYSTEMPATH\rewrite.php(44): require_once('C:\\xampp\\htdocs\\exiaa-material-api\\public\\index.php')
ERROR - 2025-09-04 08:45:42 --> CORS Filter
ERROR - 2025-09-04 08:45:42 --> Origin: http://localhost:4200
ERROR - 2025-09-04 08:45:43 --> CORS Filter
ERROR - 2025-09-04 08:45:43 --> Origin: http://localhost:4200
ERROR - 2025-09-04 08:45:44 --> CORS Filter
ERROR - 2025-09-04 08:45:44 --> Origin: http://localhost:4200
ERROR - 2025-09-04 08:45:44 --> CORS Filter
ERROR - 2025-09-04 08:45:44 --> Origin: http://localhost:4200
ERROR - 2025-09-04 08:47:35 --> CORS Filter
ERROR - 2025-09-04 08:47:35 --> Origin: http://localhost:4200
ERROR - 2025-09-04 08:47:35 --> CORS Filter
ERROR - 2025-09-04 08:47:35 --> Origin: http://localhost:4200
ERROR - 2025-09-04 08:53:48 --> CORS Filter
ERROR - 2025-09-04 08:53:48 --> Origin: http://localhost:4200
ERROR - 2025-09-04 08:53:48 --> CORS Filter
ERROR - 2025-09-04 08:53:48 --> Origin: http://localhost:4200
ERROR - 2025-09-04 08:53:49 --> CORS Filter
ERROR - 2025-09-04 08:53:49 --> Origin: http://localhost:4200
ERROR - 2025-09-04 08:53:49 --> CORS Filter
ERROR - 2025-09-04 08:53:49 --> Origin: http://localhost:4200
ERROR - 2025-09-04 09:06:42 --> CORS Filter
ERROR - 2025-09-04 09:06:42 --> Origin: http://localhost:4200
ERROR - 2025-09-04 09:06:43 --> CORS Filter
ERROR - 2025-09-04 09:06:43 --> Origin: http://localhost:4200
ERROR - 2025-09-04 09:06:43 --> CORS Filter
ERROR - 2025-09-04 09:06:43 --> Origin: http://localhost:4200
ERROR - 2025-09-04 09:06:43 --> CORS Filter
ERROR - 2025-09-04 09:06:43 --> Origin: http://localhost:4200
ERROR - 2025-09-04 09:06:45 --> CORS Filter
ERROR - 2025-09-04 09:06:45 --> Origin: http://localhost:4200
ERROR - 2025-09-04 09:06:45 --> CORS Filter
ERROR - 2025-09-04 09:06:45 --> Origin: http://localhost:4200
ERROR - 2025-09-04 09:07:39 --> CORS Filter
ERROR - 2025-09-04 09:07:39 --> Origin: http://localhost:4200
ERROR - 2025-09-04 09:07:39 --> CORS Filter
ERROR - 2025-09-04 09:07:39 --> Origin: http://localhost:4200
ERROR - 2025-09-04 09:07:40 --> CORS Filter
ERROR - 2025-09-04 09:07:40 --> Origin: http://localhost:4200
ERROR - 2025-09-04 09:07:40 --> CORS Filter
ERROR - 2025-09-04 09:07:40 --> Origin: http://localhost:4200
ERROR - 2025-09-04 09:07:41 --> CORS Filter
ERROR - 2025-09-04 09:07:41 --> Origin: http://localhost:4200
ERROR - 2025-09-04 09:07:42 --> CORS Filter
ERROR - 2025-09-04 09:07:42 --> Origin: http://localhost:4200
ERROR - 2025-09-04 09:32:36 --> CORS Filter
ERROR - 2025-09-04 09:32:36 --> Origin: http://localhost:4200
ERROR - 2025-09-04 09:32:36 --> CORS Filter
ERROR - 2025-09-04 09:32:36 --> Origin: http://localhost:4200
ERROR - 2025-09-04 09:32:36 --> CORS Filter
ERROR - 2025-09-04 09:32:36 --> Origin: http://localhost:4200
ERROR - 2025-09-04 09:32:36 --> CORS Filter
ERROR - 2025-09-04 09:32:36 --> Origin: http://localhost:4200
ERROR - 2025-09-04 09:32:38 --> CORS Filter
ERROR - 2025-09-04 09:32:38 --> Origin: http://localhost:4200
ERROR - 2025-09-04 09:32:38 --> CORS Filter
ERROR - 2025-09-04 09:32:38 --> Origin: http://localhost:4200
ERROR - 2025-09-04 09:35:40 --> CORS Filter
ERROR - 2025-09-04 09:35:40 --> Origin: http://localhost:4200
ERROR - 2025-09-04 09:35:40 --> CORS Filter
ERROR - 2025-09-04 09:35:40 --> Origin: http://localhost:4200
ERROR - 2025-09-04 09:35:40 --> CORS Filter
ERROR - 2025-09-04 09:35:40 --> Origin: http://localhost:4200
ERROR - 2025-09-04 09:35:41 --> CORS Filter
ERROR - 2025-09-04 09:35:41 --> Origin: http://localhost:4200
ERROR - 2025-09-04 09:35:41 --> CORS Filter
ERROR - 2025-09-04 09:35:41 --> Origin: http://localhost:4200
ERROR - 2025-09-04 09:35:41 --> CORS Filter
ERROR - 2025-09-04 09:35:41 --> Origin: http://localhost:4200
ERROR - 2025-09-04 09:35:47 --> CORS Filter
ERROR - 2025-09-04 09:35:47 --> Origin: http://localhost:4200
ERROR - 2025-09-04 09:35:47 --> CORS Filter
ERROR - 2025-09-04 09:35:47 --> Origin: http://localhost:4200
ERROR - 2025-09-04 09:35:47 --> Inside getAllItemCategory function
ERROR - 2025-09-04 09:35:47 --> Tenant Header: {"DSN":"","hostname":"localhost","username":"root","password":"","database":"exiaa_ex0010","DBDriver":"MySQLi","DBPrefix":"","pConnect":false,"DBDebug":true,"charset":"utf8","DBCollat":"utf8_general_ci","swapPre":"","encrypt":false,"compress":false,"strictOn":false,"failover":[],"port":3306}
ERROR - 2025-09-04 09:35:51 --> CORS Filter
ERROR - 2025-09-04 09:35:51 --> Origin: http://localhost:4200
ERROR - 2025-09-04 09:35:51 --> CORS Filter
ERROR - 2025-09-04 09:35:51 --> Origin: http://localhost:4200
ERROR - 2025-09-04 09:37:20 --> CORS Filter
ERROR - 2025-09-04 09:37:20 --> Origin: http://localhost:4200
ERROR - 2025-09-04 09:37:21 --> CORS Filter
ERROR - 2025-09-04 09:37:21 --> Origin: http://localhost:4200
ERROR - 2025-09-04 09:37:21 --> CORS Filter
ERROR - 2025-09-04 09:37:21 --> Origin: http://localhost:4200
ERROR - 2025-09-04 09:37:21 --> CORS Filter
ERROR - 2025-09-04 09:37:21 --> Origin: http://localhost:4200
ERROR - 2025-09-04 09:37:22 --> CORS Filter
ERROR - 2025-09-04 09:37:22 --> Origin: http://localhost:4200
ERROR - 2025-09-04 09:37:23 --> CORS Filter
ERROR - 2025-09-04 09:37:23 --> Origin: http://localhost:4200
ERROR - 2025-09-04 09:38:42 --> CORS Filter
ERROR - 2025-09-04 09:38:42 --> Origin: http://localhost:4200
ERROR - 2025-09-04 09:38:43 --> CORS Filter
ERROR - 2025-09-04 09:38:43 --> Origin: http://localhost:4200
ERROR - 2025-09-04 09:38:48 --> CORS Filter
ERROR - 2025-09-04 09:38:48 --> Origin: http://localhost:4200
ERROR - 2025-09-04 09:38:49 --> CORS Filter
ERROR - 2025-09-04 09:38:49 --> Origin: http://localhost:4200
ERROR - 2025-09-04 09:38:49 --> CORS Filter
ERROR - 2025-09-04 09:38:49 --> Origin: http://localhost:4200
ERROR - 2025-09-04 09:38:49 --> CORS Filter
ERROR - 2025-09-04 09:38:49 --> Origin: http://localhost:4200
ERROR - 2025-09-04 09:38:49 --> CORS Filter
ERROR - 2025-09-04 09:38:49 --> Origin: http://localhost:4200
ERROR - 2025-09-04 09:38:50 --> CORS Filter
ERROR - 2025-09-04 09:38:50 --> Origin: http://localhost:4200
ERROR - 2025-09-04 09:40:37 --> CORS Filter
ERROR - 2025-09-04 09:40:37 --> Origin: http://localhost:4200
ERROR - 2025-09-04 09:40:37 --> CORS Filter
ERROR - 2025-09-04 09:40:37 --> Origin: http://localhost:4200
ERROR - 2025-09-04 09:40:37 --> CORS Filter
ERROR - 2025-09-04 09:40:37 --> Origin: http://localhost:4200
ERROR - 2025-09-04 09:40:37 --> CORS Filter
ERROR - 2025-09-04 09:40:37 --> Origin: http://localhost:4200
ERROR - 2025-09-04 09:40:38 --> CORS Filter
ERROR - 2025-09-04 09:40:38 --> Origin: http://localhost:4200
ERROR - 2025-09-04 09:40:38 --> CORS Filter
ERROR - 2025-09-04 09:40:38 --> Origin: http://localhost:4200
ERROR - 2025-09-04 09:41:03 --> CORS Filter
ERROR - 2025-09-04 09:41:03 --> Origin: http://localhost:4200
ERROR - 2025-09-04 09:41:03 --> CORS Filter
ERROR - 2025-09-04 09:41:03 --> Origin: http://localhost:4200
ERROR - 2025-09-04 09:41:03 --> CORS Filter
ERROR - 2025-09-04 09:41:03 --> Origin: http://localhost:4200
ERROR - 2025-09-04 09:41:03 --> CORS Filter
ERROR - 2025-09-04 09:41:03 --> Origin: http://localhost:4200
ERROR - 2025-09-04 09:41:04 --> CORS Filter
ERROR - 2025-09-04 09:41:04 --> Origin: http://localhost:4200
ERROR - 2025-09-04 09:41:04 --> CORS Filter
ERROR - 2025-09-04 09:41:04 --> Origin: http://localhost:4200
ERROR - 2025-09-04 09:41:04 --> CORS Filter
ERROR - 2025-09-04 09:41:04 --> Origin: http://localhost:4200
ERROR - 2025-09-04 09:41:04 --> CORS Filter
ERROR - 2025-09-04 09:41:04 --> Origin: http://localhost:4200
ERROR - 2025-09-04 09:41:09 --> CORS Filter
ERROR - 2025-09-04 09:41:09 --> Origin: http://localhost:4200
ERROR - 2025-09-04 09:41:09 --> CORS Filter
ERROR - 2025-09-04 09:41:09 --> Origin: http://localhost:4200
ERROR - 2025-09-04 09:41:09 --> CORS Filter
ERROR - 2025-09-04 09:41:09 --> Origin: http://localhost:4200
ERROR - 2025-09-04 09:41:09 --> CORS Filter
ERROR - 2025-09-04 09:41:09 --> Origin: http://localhost:4200
ERROR - 2025-09-04 09:41:09 --> CORS Filter
ERROR - 2025-09-04 09:41:09 --> Origin: http://localhost:4200
ERROR - 2025-09-04 09:41:10 --> CORS Filter
ERROR - 2025-09-04 09:41:10 --> Origin: http://localhost:4200
ERROR - 2025-09-04 09:41:10 --> CORS Filter
ERROR - 2025-09-04 09:41:10 --> Origin: http://localhost:4200
ERROR - 2025-09-04 09:41:10 --> CORS Filter
ERROR - 2025-09-04 09:41:10 --> Origin: http://localhost:4200
ERROR - 2025-09-04 09:41:17 --> CORS Filter
ERROR - 2025-09-04 09:41:17 --> Origin: http://localhost:4200
ERROR - 2025-09-04 09:41:17 --> CORS Filter
ERROR - 2025-09-04 09:41:17 --> Origin: http://localhost:4200
ERROR - 2025-09-04 09:41:17 --> CORS Filter
ERROR - 2025-09-04 09:41:17 --> Origin: http://localhost:4200
ERROR - 2025-09-04 09:41:18 --> CORS Filter
ERROR - 2025-09-04 09:41:18 --> Origin: http://localhost:4200
ERROR - 2025-09-04 09:43:14 --> CORS Filter
ERROR - 2025-09-04 09:43:14 --> Origin: http://localhost:4200
ERROR - 2025-09-04 09:43:15 --> CORS Filter
ERROR - 2025-09-04 09:43:15 --> Origin: http://localhost:4200
ERROR - 2025-09-04 09:43:15 --> CORS Filter
ERROR - 2025-09-04 09:43:15 --> Origin: http://localhost:4200
ERROR - 2025-09-04 09:43:15 --> CORS Filter
ERROR - 2025-09-04 09:43:15 --> Origin: http://localhost:4200
ERROR - 2025-09-04 09:43:16 --> CORS Filter
ERROR - 2025-09-04 09:43:16 --> Origin: http://localhost:4200
ERROR - 2025-09-04 09:43:16 --> CORS Filter
ERROR - 2025-09-04 09:43:16 --> Origin: http://localhost:4200
ERROR - 2025-09-04 09:43:16 --> CORS Filter
ERROR - 2025-09-04 09:43:16 --> Origin: http://localhost:4200
ERROR - 2025-09-04 09:43:16 --> CORS Filter
ERROR - 2025-09-04 09:43:16 --> Origin: http://localhost:4200
ERROR - 2025-09-04 09:43:42 --> CORS Filter
ERROR - 2025-09-04 09:43:42 --> Origin: http://localhost:4200
ERROR - 2025-09-04 09:43:42 --> CORS Filter
ERROR - 2025-09-04 09:43:42 --> Origin: http://localhost:4200
ERROR - 2025-09-04 09:43:42 --> Inside getAllItemCategory function
ERROR - 2025-09-04 09:43:42 --> Tenant Header: {"DSN":"","hostname":"localhost","username":"root","password":"","database":"exiaa_ex0010","DBDriver":"MySQLi","DBPrefix":"","pConnect":false,"DBDebug":true,"charset":"utf8","DBCollat":"utf8_general_ci","swapPre":"","encrypt":false,"compress":false,"strictOn":false,"failover":[],"port":3306}
ERROR - 2025-09-04 10:06:52 --> CORS Filter
ERROR - 2025-09-04 10:06:52 --> Origin: http://localhost:4200
ERROR - 2025-09-04 10:06:52 --> CORS Filter
ERROR - 2025-09-04 10:06:52 --> Origin: http://localhost:4200
ERROR - 2025-09-04 10:06:52 --> CORS Filter
ERROR - 2025-09-04 10:06:52 --> Origin: http://localhost:4200
ERROR - 2025-09-04 10:06:54 --> CORS Filter
ERROR - 2025-09-04 10:06:54 --> Origin: http://localhost:4200
ERROR - 2025-09-04 10:08:50 --> CORS Filter
ERROR - 2025-09-04 10:08:50 --> Origin: http://localhost:4200
ERROR - 2025-09-04 10:08:50 --> CORS Filter
ERROR - 2025-09-04 10:08:50 --> Origin: http://localhost:4200
ERROR - 2025-09-04 10:08:50 --> CORS Filter
ERROR - 2025-09-04 10:08:50 --> Origin: http://localhost:4200
ERROR - 2025-09-04 10:08:51 --> CORS Filter
ERROR - 2025-09-04 10:08:51 --> Origin: http://localhost:4200
ERROR - 2025-09-04 10:08:51 --> CORS Filter
ERROR - 2025-09-04 10:08:51 --> Origin: http://localhost:4200
ERROR - 2025-09-04 10:08:51 --> CORS Filter
ERROR - 2025-09-04 10:08:51 --> Origin: http://localhost:4200
ERROR - 2025-09-04 10:08:51 --> CORS Filter
ERROR - 2025-09-04 10:08:51 --> Origin: http://localhost:4200
ERROR - 2025-09-04 10:08:51 --> CORS Filter
ERROR - 2025-09-04 10:08:51 --> Origin: http://localhost:4200
ERROR - 2025-09-04 10:09:12 --> CORS Filter
ERROR - 2025-09-04 10:09:12 --> Origin: http://localhost:4200
ERROR - 2025-09-04 10:09:12 --> CORS Filter
ERROR - 2025-09-04 10:09:12 --> Origin: http://localhost:4200
ERROR - 2025-09-04 10:09:13 --> CORS Filter
ERROR - 2025-09-04 10:09:13 --> Origin: http://localhost:4200
ERROR - 2025-09-04 10:09:13 --> CORS Filter
ERROR - 2025-09-04 10:09:13 --> Origin: http://localhost:4200
ERROR - 2025-09-04 10:09:13 --> CORS Filter
ERROR - 2025-09-04 10:09:13 --> Origin: http://localhost:4200
ERROR - 2025-09-04 10:09:13 --> CORS Filter
ERROR - 2025-09-04 10:09:13 --> Origin: http://localhost:4200
ERROR - 2025-09-04 10:09:13 --> CORS Filter
ERROR - 2025-09-04 10:09:13 --> Origin: http://localhost:4200
ERROR - 2025-09-04 10:09:14 --> CORS Filter
ERROR - 2025-09-04 10:09:14 --> Origin: http://localhost:4200
ERROR - 2025-09-04 10:12:13 --> CORS Filter
ERROR - 2025-09-04 10:12:13 --> Origin: http://localhost:4200
ERROR - 2025-09-04 10:12:13 --> CORS Filter
ERROR - 2025-09-04 10:12:13 --> Origin: http://localhost:4200
ERROR - 2025-09-04 10:12:13 --> CORS Filter
ERROR - 2025-09-04 10:12:13 --> Origin: http://localhost:4200
ERROR - 2025-09-04 10:12:13 --> CORS Filter
ERROR - 2025-09-04 10:12:13 --> Origin: http://localhost:4200
ERROR - 2025-09-04 10:14:59 --> CORS Filter
ERROR - 2025-09-04 10:14:59 --> Origin: http://localhost:4200
ERROR - 2025-09-04 10:14:59 --> CORS Filter
ERROR - 2025-09-04 10:14:59 --> Origin: http://localhost:4200
ERROR - 2025-09-04 10:15:00 --> CORS Filter
ERROR - 2025-09-04 10:15:00 --> Origin: http://localhost:4200
ERROR - 2025-09-04 10:15:00 --> CORS Filter
ERROR - 2025-09-04 10:15:00 --> Origin: http://localhost:4200
ERROR - 2025-09-04 10:15:00 --> CORS Filter
ERROR - 2025-09-04 10:15:00 --> Origin: http://localhost:4200
ERROR - 2025-09-04 10:15:00 --> CORS Filter
ERROR - 2025-09-04 10:15:00 --> Origin: http://localhost:4200
ERROR - 2025-09-04 10:15:00 --> CORS Filter
ERROR - 2025-09-04 10:15:00 --> Origin: http://localhost:4200
ERROR - 2025-09-04 10:15:01 --> CORS Filter
ERROR - 2025-09-04 10:15:01 --> Origin: http://localhost:4200
ERROR - 2025-09-04 10:15:10 --> CORS Filter
ERROR - 2025-09-04 10:15:10 --> Origin: http://localhost:4200
ERROR - 2025-09-04 10:15:10 --> CORS Filter
ERROR - 2025-09-04 10:15:10 --> Origin: http://localhost:4200
ERROR - 2025-09-04 10:15:10 --> CORS Filter
ERROR - 2025-09-04 10:15:10 --> Origin: http://localhost:4200
ERROR - 2025-09-04 10:15:10 --> CORS Filter
ERROR - 2025-09-04 10:15:11 --> Origin: http://localhost:4200
ERROR - 2025-09-04 10:15:13 --> CORS Filter
ERROR - 2025-09-04 10:15:13 --> Origin: http://localhost:4200
ERROR - 2025-09-04 10:15:13 --> CORS Filter
ERROR - 2025-09-04 10:15:13 --> Origin: http://localhost:4200
ERROR - 2025-09-04 10:15:13 --> CORS Filter
ERROR - 2025-09-04 10:15:13 --> Origin: http://localhost:4200
ERROR - 2025-09-04 10:15:13 --> CORS Filter
ERROR - 2025-09-04 10:15:13 --> Origin: http://localhost:4200
ERROR - 2025-09-04 10:15:15 --> CORS Filter
ERROR - 2025-09-04 10:15:15 --> Origin: http://localhost:4200
ERROR - 2025-09-04 10:15:16 --> CORS Filter
ERROR - 2025-09-04 10:15:16 --> Origin: http://localhost:4200
ERROR - 2025-09-04 10:15:16 --> CORS Filter
ERROR - 2025-09-04 10:15:16 --> Origin: http://localhost:4200
ERROR - 2025-09-04 10:15:19 --> CORS Filter
ERROR - 2025-09-04 10:15:19 --> Origin: http://localhost:4200
ERROR - 2025-09-04 10:15:20 --> CORS Filter
ERROR - 2025-09-04 10:15:20 --> Origin: http://localhost:4200
ERROR - 2025-09-04 10:15:20 --> CORS Filter
ERROR - 2025-09-04 10:15:20 --> Origin: http://localhost:4200
ERROR - 2025-09-04 10:15:22 --> CORS Filter
ERROR - 2025-09-04 10:15:22 --> Origin: http://localhost:4200
ERROR - 2025-09-04 10:15:22 --> CORS Filter
ERROR - 2025-09-04 10:15:22 --> Origin: http://localhost:4200
ERROR - 2025-09-04 10:15:22 --> CORS Filter
ERROR - 2025-09-04 10:15:22 --> Origin: http://localhost:4200
ERROR - 2025-09-04 10:15:26 --> CORS Filter
ERROR - 2025-09-04 10:15:26 --> Origin: http://localhost:4200
ERROR - 2025-09-04 10:15:26 --> CORS Filter
ERROR - 2025-09-04 10:15:26 --> Origin: http://localhost:4200
ERROR - 2025-09-04 10:15:26 --> CORS Filter
ERROR - 2025-09-04 10:15:26 --> Origin: http://localhost:4200
ERROR - 2025-09-04 10:15:29 --> CORS Filter
ERROR - 2025-09-04 10:15:29 --> Origin: http://localhost:4200
ERROR - 2025-09-04 10:15:29 --> CORS Filter
ERROR - 2025-09-04 10:15:29 --> Origin: http://localhost:4200
ERROR - 2025-09-04 10:15:29 --> CORS Filter
ERROR - 2025-09-04 10:15:29 --> Origin: http://localhost:4200
ERROR - 2025-09-04 10:15:34 --> CORS Filter
ERROR - 2025-09-04 10:15:34 --> Origin: http://localhost:4200
ERROR - 2025-09-04 10:15:34 --> CORS Filter
ERROR - 2025-09-04 10:15:34 --> Origin: http://localhost:4200
ERROR - 2025-09-04 10:15:34 --> Inside getAllItemCategory function
ERROR - 2025-09-04 10:15:34 --> Tenant Header: {"DSN":"","hostname":"localhost","username":"root","password":"","database":"exiaa_ex0010","DBDriver":"MySQLi","DBPrefix":"","pConnect":false,"DBDebug":true,"charset":"utf8","DBCollat":"utf8_general_ci","swapPre":"","encrypt":false,"compress":false,"strictOn":false,"failover":[],"port":3306}
ERROR - 2025-09-04 10:15:37 --> CORS Filter
ERROR - 2025-09-04 10:15:37 --> Origin: http://localhost:4200
ERROR - 2025-09-04 10:15:37 --> CORS Filter
ERROR - 2025-09-04 10:15:37 --> Origin: http://localhost:4200
ERROR - 2025-09-04 10:15:37 --> CORS Filter
ERROR - 2025-09-04 10:15:37 --> Origin: http://localhost:4200
ERROR - 2025-09-04 10:15:37 --> CORS Filter
ERROR - 2025-09-04 10:15:37 --> Origin: http://localhost:4200
ERROR - 2025-09-04 10:15:43 --> CORS Filter
ERROR - 2025-09-04 10:15:43 --> Origin: http://localhost:4200
ERROR - 2025-09-04 10:15:43 --> CORS Filter
ERROR - 2025-09-04 10:15:43 --> Origin: http://localhost:4200
ERROR - 2025-09-04 10:15:43 --> CORS Filter
ERROR - 2025-09-04 10:15:43 --> Origin: http://localhost:4200
ERROR - 2025-09-04 10:15:44 --> CORS Filter
ERROR - 2025-09-04 10:15:44 --> Origin: http://localhost:4200
ERROR - 2025-09-04 10:22:49 --> CORS Filter
ERROR - 2025-09-04 10:22:49 --> Origin: http://localhost:4200
ERROR - 2025-09-04 10:22:49 --> CORS Filter
ERROR - 2025-09-04 10:22:49 --> Origin: http://localhost:4200
ERROR - 2025-09-04 10:22:49 --> CORS Filter
ERROR - 2025-09-04 10:22:49 --> Origin: http://localhost:4200
ERROR - 2025-09-04 10:22:49 --> CORS Filter
ERROR - 2025-09-04 10:22:49 --> Origin: http://localhost:4200
ERROR - 2025-09-04 10:22:50 --> CORS Filter
ERROR - 2025-09-04 10:22:50 --> Origin: http://localhost:4200
ERROR - 2025-09-04 10:22:50 --> CORS Filter
ERROR - 2025-09-04 10:22:50 --> Origin: http://localhost:4200
ERROR - 2025-09-04 10:22:50 --> CORS Filter
ERROR - 2025-09-04 10:22:50 --> Origin: http://localhost:4200
ERROR - 2025-09-04 10:22:50 --> CORS Filter
ERROR - 2025-09-04 10:22:50 --> Origin: http://localhost:4200
ERROR - 2025-09-04 10:24:05 --> CORS Filter
ERROR - 2025-09-04 10:24:05 --> Origin: http://localhost:4200
ERROR - 2025-09-04 10:24:05 --> CORS Filter
ERROR - 2025-09-04 10:24:05 --> Origin: http://localhost:4200
ERROR - 2025-09-04 10:24:05 --> CORS Filter
ERROR - 2025-09-04 10:24:05 --> Origin: http://localhost:4200
ERROR - 2025-09-04 10:24:05 --> CORS Filter
ERROR - 2025-09-04 10:24:05 --> Origin: http://localhost:4200
ERROR - 2025-09-04 10:24:06 --> CORS Filter
ERROR - 2025-09-04 10:24:06 --> Origin: http://localhost:4200
ERROR - 2025-09-04 10:24:06 --> CORS Filter
ERROR - 2025-09-04 10:24:06 --> Origin: http://localhost:4200
ERROR - 2025-09-04 10:24:06 --> CORS Filter
ERROR - 2025-09-04 10:24:06 --> Origin: http://localhost:4200
ERROR - 2025-09-04 10:24:07 --> CORS Filter
ERROR - 2025-09-04 10:24:07 --> Origin: http://localhost:4200
ERROR - 2025-09-04 10:26:19 --> CORS Filter
ERROR - 2025-09-04 10:26:19 --> Origin: http://localhost:4200
ERROR - 2025-09-04 10:26:19 --> CORS Filter
ERROR - 2025-09-04 10:26:19 --> Origin: http://localhost:4200
ERROR - 2025-09-04 10:26:19 --> CORS Filter
ERROR - 2025-09-04 10:26:19 --> Origin: http://localhost:4200
ERROR - 2025-09-04 10:26:19 --> CORS Filter
ERROR - 2025-09-04 10:26:19 --> Origin: http://localhost:4200
ERROR - 2025-09-04 10:26:19 --> CORS Filter
ERROR - 2025-09-04 10:26:19 --> Origin: http://localhost:4200
ERROR - 2025-09-04 10:26:20 --> CORS Filter
ERROR - 2025-09-04 10:26:20 --> Origin: http://localhost:4200
ERROR - 2025-09-04 10:26:20 --> CORS Filter
ERROR - 2025-09-04 10:26:20 --> Origin: http://localhost:4200
ERROR - 2025-09-04 10:26:20 --> CORS Filter
ERROR - 2025-09-04 10:26:20 --> Origin: http://localhost:4200
ERROR - 2025-09-04 10:26:44 --> CORS Filter
ERROR - 2025-09-04 10:26:44 --> Origin: http://localhost:4200
ERROR - 2025-09-04 10:26:44 --> CORS Filter
ERROR - 2025-09-04 10:26:44 --> Origin: http://localhost:4200
ERROR - 2025-09-04 10:26:44 --> CORS Filter
ERROR - 2025-09-04 10:26:44 --> Origin: http://localhost:4200
ERROR - 2025-09-04 10:26:44 --> CORS Filter
ERROR - 2025-09-04 10:26:44 --> Origin: http://localhost:4200
ERROR - 2025-09-04 10:26:44 --> CORS Filter
ERROR - 2025-09-04 10:26:44 --> Origin: http://localhost:4200
ERROR - 2025-09-04 10:26:45 --> CORS Filter
ERROR - 2025-09-04 10:26:45 --> Origin: http://localhost:4200
ERROR - 2025-09-04 10:26:45 --> CORS Filter
ERROR - 2025-09-04 10:26:45 --> Origin: http://localhost:4200
ERROR - 2025-09-04 10:26:45 --> CORS Filter
ERROR - 2025-09-04 10:26:45 --> Origin: http://localhost:4200
ERROR - 2025-09-04 10:28:45 --> CORS Filter
ERROR - 2025-09-04 10:28:45 --> Origin: http://localhost:4200
ERROR - 2025-09-04 10:28:45 --> CORS Filter
ERROR - 2025-09-04 10:28:45 --> Origin: http://localhost:4200
ERROR - 2025-09-04 10:28:45 --> CORS Filter
ERROR - 2025-09-04 10:28:45 --> Origin: http://localhost:4200
ERROR - 2025-09-04 10:28:45 --> CORS Filter
ERROR - 2025-09-04 10:28:45 --> Origin: http://localhost:4200
ERROR - 2025-09-04 10:28:46 --> CORS Filter
ERROR - 2025-09-04 10:28:46 --> Origin: http://localhost:4200
ERROR - 2025-09-04 10:28:46 --> CORS Filter
ERROR - 2025-09-04 10:28:46 --> Origin: http://localhost:4200
ERROR - 2025-09-04 10:28:46 --> CORS Filter
ERROR - 2025-09-04 10:28:46 --> Origin: http://localhost:4200
ERROR - 2025-09-04 10:28:46 --> CORS Filter
ERROR - 2025-09-04 10:28:46 --> Origin: http://localhost:4200
ERROR - 2025-09-04 10:28:59 --> CORS Filter
ERROR - 2025-09-04 10:28:59 --> Origin: http://localhost:4200
ERROR - 2025-09-04 10:28:59 --> CORS Filter
ERROR - 2025-09-04 10:28:59 --> Origin: http://localhost:4200
ERROR - 2025-09-04 10:28:59 --> Inside getAllItemCategory function
ERROR - 2025-09-04 10:28:59 --> Tenant Header: {"DSN":"","hostname":"localhost","username":"root","password":"","database":"exiaa_ex0010","DBDriver":"MySQLi","DBPrefix":"","pConnect":false,"DBDebug":true,"charset":"utf8","DBCollat":"utf8_general_ci","swapPre":"","encrypt":false,"compress":false,"strictOn":false,"failover":[],"port":3306}
ERROR - 2025-09-04 10:31:45 --> CORS Filter
ERROR - 2025-09-04 10:31:45 --> Origin: http://localhost:4200
ERROR - 2025-09-04 10:31:45 --> CORS Filter
ERROR - 2025-09-04 10:31:45 --> Origin: http://localhost:4200
ERROR - 2025-09-04 10:31:45 --> CORS Filter
ERROR - 2025-09-04 10:31:45 --> Origin: http://localhost:4200
ERROR - 2025-09-04 10:31:45 --> CORS Filter
ERROR - 2025-09-04 10:31:45 --> Origin: http://localhost:4200
ERROR - 2025-09-04 10:31:46 --> CORS Filter
ERROR - 2025-09-04 10:31:46 --> Origin: http://localhost:4200
ERROR - 2025-09-04 10:31:46 --> CORS Filter
ERROR - 2025-09-04 10:31:46 --> Origin: http://localhost:4200
ERROR - 2025-09-04 10:31:46 --> Inside getAllItemCategory function
ERROR - 2025-09-04 10:31:46 --> Tenant Header: {"DSN":"","hostname":"localhost","username":"root","password":"","database":"exiaa_ex0010","DBDriver":"MySQLi","DBPrefix":"","pConnect":false,"DBDebug":true,"charset":"utf8","DBCollat":"utf8_general_ci","swapPre":"","encrypt":false,"compress":false,"strictOn":false,"failover":[],"port":3306}
ERROR - 2025-09-04 10:31:49 --> CORS Filter
ERROR - 2025-09-04 10:31:49 --> Origin: http://localhost:4200
ERROR - 2025-09-04 10:31:49 --> CORS Filter
ERROR - 2025-09-04 10:31:49 --> Origin: http://localhost:4200
ERROR - 2025-09-04 10:31:49 --> CORS Filter
ERROR - 2025-09-04 10:31:49 --> Origin: http://localhost:4200
ERROR - 2025-09-04 10:31:49 --> CORS Filter
ERROR - 2025-09-04 10:31:49 --> Origin: http://localhost:4200
ERROR - 2025-09-04 10:32:01 --> CORS Filter
ERROR - 2025-09-04 10:32:01 --> Origin: http://localhost:4200
ERROR - 2025-09-04 10:32:01 --> CORS Filter
ERROR - 2025-09-04 10:32:01 --> Origin: http://localhost:4200
ERROR - 2025-09-04 10:32:01 --> Inside getAllItemCategory function
ERROR - 2025-09-04 10:32:01 --> Tenant Header: {"DSN":"","hostname":"localhost","username":"root","password":"","database":"exiaa_ex0010","DBDriver":"MySQLi","DBPrefix":"","pConnect":false,"DBDebug":true,"charset":"utf8","DBCollat":"utf8_general_ci","swapPre":"","encrypt":false,"compress":false,"strictOn":false,"failover":[],"port":3306}
ERROR - 2025-09-04 10:32:05 --> CORS Filter
ERROR - 2025-09-04 10:32:05 --> Origin: http://localhost:4200
ERROR - 2025-09-04 10:32:05 --> CORS Filter
ERROR - 2025-09-04 10:32:05 --> Origin: http://localhost:4200
ERROR - 2025-09-04 10:32:05 --> CORS Filter
ERROR - 2025-09-04 10:32:05 --> Origin: http://localhost:4200
ERROR - 2025-09-04 10:32:05 --> CORS Filter
ERROR - 2025-09-04 10:32:05 --> Origin: http://localhost:4200
ERROR - 2025-09-04 10:32:15 --> CORS Filter
ERROR - 2025-09-04 10:32:15 --> Origin: http://localhost:4200
ERROR - 2025-09-04 10:32:15 --> CORS Filter
ERROR - 2025-09-04 10:32:15 --> Origin: http://localhost:4200
ERROR - 2025-09-04 10:32:15 --> Inside getAllItemCategory function
ERROR - 2025-09-04 10:32:15 --> Tenant Header: {"DSN":"","hostname":"localhost","username":"root","password":"","database":"exiaa_ex0010","DBDriver":"MySQLi","DBPrefix":"","pConnect":false,"DBDebug":true,"charset":"utf8","DBCollat":"utf8_general_ci","swapPre":"","encrypt":false,"compress":false,"strictOn":false,"failover":[],"port":3306}
ERROR - 2025-09-04 10:32:52 --> CORS Filter
ERROR - 2025-09-04 10:32:52 --> Origin: http://localhost:4200
ERROR - 2025-09-04 10:32:52 --> CORS Filter
ERROR - 2025-09-04 10:32:52 --> Origin: http://localhost:4200
ERROR - 2025-09-04 10:32:52 --> CORS Filter
ERROR - 2025-09-04 10:32:52 --> Origin: http://localhost:4200
ERROR - 2025-09-04 10:32:52 --> CORS Filter
ERROR - 2025-09-04 10:32:52 --> Origin: http://localhost:4200
ERROR - 2025-09-04 10:32:53 --> CORS Filter
ERROR - 2025-09-04 10:32:53 --> Origin: http://localhost:4200
ERROR - 2025-09-04 10:32:53 --> CORS Filter
ERROR - 2025-09-04 10:32:53 --> Origin: http://localhost:4200
ERROR - 2025-09-04 10:32:53 --> Inside getAllItemCategory function
ERROR - 2025-09-04 10:32:53 --> Tenant Header: {"DSN":"","hostname":"localhost","username":"root","password":"","database":"exiaa_ex0010","DBDriver":"MySQLi","DBPrefix":"","pConnect":false,"DBDebug":true,"charset":"utf8","DBCollat":"utf8_general_ci","swapPre":"","encrypt":false,"compress":false,"strictOn":false,"failover":[],"port":3306}
ERROR - 2025-09-04 10:49:55 --> CORS Filter
ERROR - 2025-09-04 10:49:55 --> Origin: http://localhost:4200
ERROR - 2025-09-04 10:49:55 --> CORS Filter
ERROR - 2025-09-04 10:49:55 --> Origin: http://localhost:4200
ERROR - 2025-09-04 10:49:56 --> CORS Filter
ERROR - 2025-09-04 10:49:56 --> Origin: http://localhost:4200
ERROR - 2025-09-04 10:49:56 --> CORS Filter
ERROR - 2025-09-04 10:49:56 --> Origin: http://localhost:4200
ERROR - 2025-09-04 10:49:56 --> CORS Filter
ERROR - 2025-09-04 10:49:56 --> Origin: http://localhost:4200
ERROR - 2025-09-04 10:49:56 --> CORS Filter
ERROR - 2025-09-04 10:49:56 --> Origin: http://localhost:4200
ERROR - 2025-09-04 10:50:44 --> CORS Filter
ERROR - 2025-09-04 10:50:44 --> Origin: http://localhost:4200
ERROR - 2025-09-04 10:50:45 --> CORS Filter
ERROR - 2025-09-04 10:50:45 --> Origin: http://localhost:4200
ERROR - 2025-09-04 10:50:45 --> Inside getAllItemCategory function
ERROR - 2025-09-04 10:50:45 --> Tenant Header: {"DSN":"","hostname":"localhost","username":"root","password":"","database":"exiaa_ex0010","DBDriver":"MySQLi","DBPrefix":"","pConnect":false,"DBDebug":true,"charset":"utf8","DBCollat":"utf8_general_ci","swapPre":"","encrypt":false,"compress":false,"strictOn":false,"failover":[],"port":3306}
ERROR - 2025-09-04 10:50:48 --> CORS Filter
ERROR - 2025-09-04 10:50:48 --> Origin: http://localhost:4200
ERROR - 2025-09-04 10:50:48 --> CORS Filter
ERROR - 2025-09-04 10:50:48 --> Origin: http://localhost:4200
ERROR - 2025-09-04 10:50:48 --> CORS Filter
ERROR - 2025-09-04 10:50:48 --> Origin: http://localhost:4200
ERROR - 2025-09-04 10:50:49 --> CORS Filter
ERROR - 2025-09-04 10:50:49 --> Origin: http://localhost:4200
ERROR - 2025-09-04 11:00:46 --> CORS Filter
ERROR - 2025-09-04 11:00:46 --> Origin: http://localhost:4200
ERROR - 2025-09-04 11:00:46 --> CORS Filter
ERROR - 2025-09-04 11:00:46 --> Origin: http://localhost:4200
ERROR - 2025-09-04 11:00:47 --> CORS Filter
ERROR - 2025-09-04 11:00:47 --> Origin: http://localhost:4200
ERROR - 2025-09-04 11:00:47 --> CORS Filter
ERROR - 2025-09-04 11:00:47 --> Origin: http://localhost:4200
ERROR - 2025-09-04 11:00:48 --> CORS Filter
ERROR - 2025-09-04 11:00:48 --> Origin: http://localhost:4200
ERROR - 2025-09-04 11:00:48 --> CORS Filter
ERROR - 2025-09-04 11:00:48 --> Origin: http://localhost:4200
ERROR - 2025-09-04 11:00:48 --> CORS Filter
ERROR - 2025-09-04 11:00:48 --> Origin: http://localhost:4200
ERROR - 2025-09-04 11:00:48 --> CORS Filter
ERROR - 2025-09-04 11:00:48 --> Origin: http://localhost:4200
ERROR - 2025-09-04 11:00:57 --> CORS Filter
ERROR - 2025-09-04 11:00:57 --> Origin: http://localhost:4200
ERROR - 2025-09-04 11:00:57 --> CORS Filter
ERROR - 2025-09-04 11:00:57 --> Origin: http://localhost:4200
ERROR - 2025-09-04 11:00:57 --> Inside getAllItemCategory function
ERROR - 2025-09-04 11:00:57 --> Tenant Header: {"DSN":"","hostname":"localhost","username":"root","password":"","database":"exiaa_ex0010","DBDriver":"MySQLi","DBPrefix":"","pConnect":false,"DBDebug":true,"charset":"utf8","DBCollat":"utf8_general_ci","swapPre":"","encrypt":false,"compress":false,"strictOn":false,"failover":[],"port":3306}
ERROR - 2025-09-04 11:03:03 --> CORS Filter
ERROR - 2025-09-04 11:03:03 --> Origin: http://localhost:4200
ERROR - 2025-09-04 11:03:03 --> CORS Filter
ERROR - 2025-09-04 11:03:03 --> Origin: http://localhost:4200
ERROR - 2025-09-04 11:03:03 --> CORS Filter
ERROR - 2025-09-04 11:03:03 --> Origin: http://localhost:4200
ERROR - 2025-09-04 11:03:03 --> CORS Filter
ERROR - 2025-09-04 11:03:03 --> Origin: http://localhost:4200
ERROR - 2025-09-04 11:03:04 --> CORS Filter
ERROR - 2025-09-04 11:03:04 --> Origin: http://localhost:4200
ERROR - 2025-09-04 11:03:05 --> CORS Filter
ERROR - 2025-09-04 11:03:05 --> Origin: http://localhost:4200
ERROR - 2025-09-04 11:03:05 --> Inside getAllItemCategory function
ERROR - 2025-09-04 11:03:05 --> Tenant Header: {"DSN":"","hostname":"localhost","username":"root","password":"","database":"exiaa_ex0010","DBDriver":"MySQLi","DBPrefix":"","pConnect":false,"DBDebug":true,"charset":"utf8","DBCollat":"utf8_general_ci","swapPre":"","encrypt":false,"compress":false,"strictOn":false,"failover":[],"port":3306}
ERROR - 2025-09-04 11:03:31 --> CORS Filter
ERROR - 2025-09-04 11:03:31 --> Origin: http://localhost:4200
ERROR - 2025-09-04 11:03:31 --> CORS Filter
ERROR - 2025-09-04 11:03:31 --> Origin: http://localhost:4200
ERROR - 2025-09-04 11:03:31 --> CORS Filter
ERROR - 2025-09-04 11:03:31 --> Origin: http://localhost:4200
ERROR - 2025-09-04 11:03:31 --> CORS Filter
ERROR - 2025-09-04 11:03:31 --> Origin: http://localhost:4200
ERROR - 2025-09-04 11:03:32 --> CORS Filter
ERROR - 2025-09-04 11:03:32 --> Origin: http://localhost:4200
ERROR - 2025-09-04 11:03:32 --> CORS Filter
ERROR - 2025-09-04 11:03:32 --> Origin: http://localhost:4200
ERROR - 2025-09-04 11:03:33 --> Inside getAllItemCategory function
ERROR - 2025-09-04 11:03:33 --> Tenant Header: {"DSN":"","hostname":"localhost","username":"root","password":"","database":"exiaa_ex0010","DBDriver":"MySQLi","DBPrefix":"","pConnect":false,"DBDebug":true,"charset":"utf8","DBCollat":"utf8_general_ci","swapPre":"","encrypt":false,"compress":false,"strictOn":false,"failover":[],"port":3306}
ERROR - 2025-09-04 11:03:34 --> CORS Filter
ERROR - 2025-09-04 11:03:34 --> Origin: http://localhost:4200
ERROR - 2025-09-04 11:03:35 --> CORS Filter
ERROR - 2025-09-04 11:03:35 --> Origin: http://localhost:4200
ERROR - 2025-09-04 11:03:35 --> CORS Filter
ERROR - 2025-09-04 11:03:35 --> Origin: http://localhost:4200
ERROR - 2025-09-04 11:03:35 --> CORS Filter
ERROR - 2025-09-04 11:03:35 --> Origin: http://localhost:4200
ERROR - 2025-09-04 11:03:42 --> CORS Filter
ERROR - 2025-09-04 11:03:42 --> Origin: http://localhost:4200
ERROR - 2025-09-04 11:03:42 --> CORS Filter
ERROR - 2025-09-04 11:03:42 --> Origin: http://localhost:4200
ERROR - 2025-09-04 11:03:44 --> CORS Filter
ERROR - 2025-09-04 11:03:44 --> Origin: http://localhost:4200
ERROR - 2025-09-04 11:03:44 --> CORS Filter
ERROR - 2025-09-04 11:03:44 --> Origin: http://localhost:4200
ERROR - 2025-09-04 11:03:44 --> Inside getAllItemCategory function
ERROR - 2025-09-04 11:03:44 --> Tenant Header: {"DSN":"","hostname":"localhost","username":"root","password":"","database":"exiaa_ex0010","DBDriver":"MySQLi","DBPrefix":"","pConnect":false,"DBDebug":true,"charset":"utf8","DBCollat":"utf8_general_ci","swapPre":"","encrypt":false,"compress":false,"strictOn":false,"failover":[],"port":3306}
ERROR - 2025-09-04 11:04:03 --> CORS Filter
ERROR - 2025-09-04 11:04:03 --> Origin: http://localhost:4200
ERROR - 2025-09-04 11:04:03 --> CORS Filter
ERROR - 2025-09-04 11:04:03 --> Origin: http://localhost:4200
ERROR - 2025-09-04 11:04:03 --> CORS Filter
ERROR - 2025-09-04 11:04:03 --> Origin: http://localhost:4200
ERROR - 2025-09-04 11:04:03 --> CORS Filter
ERROR - 2025-09-04 11:04:03 --> Origin: http://localhost:4200
ERROR - 2025-09-04 11:04:06 --> CORS Filter
ERROR - 2025-09-04 11:04:06 --> Origin: http://localhost:4200
ERROR - 2025-09-04 11:04:06 --> CORS Filter
ERROR - 2025-09-04 11:04:06 --> Origin: http://localhost:4200
ERROR - 2025-09-04 11:04:06 --> Inside getAllItemCategory function
ERROR - 2025-09-04 11:04:06 --> Tenant Header: {"DSN":"","hostname":"localhost","username":"root","password":"","database":"exiaa_ex0010","DBDriver":"MySQLi","DBPrefix":"","pConnect":false,"DBDebug":true,"charset":"utf8","DBCollat":"utf8_general_ci","swapPre":"","encrypt":false,"compress":false,"strictOn":false,"failover":[],"port":3306}
ERROR - 2025-09-04 11:04:31 --> CORS Filter
ERROR - 2025-09-04 11:04:31 --> Origin: http://localhost:4200
ERROR - 2025-09-04 11:04:31 --> CORS Filter
ERROR - 2025-09-04 11:04:31 --> Origin: http://localhost:4200
ERROR - 2025-09-04 11:04:31 --> CORS Filter
ERROR - 2025-09-04 11:04:31 --> Origin: http://localhost:4200
ERROR - 2025-09-04 11:04:32 --> CORS Filter
ERROR - 2025-09-04 11:04:32 --> Origin: http://localhost:4200
ERROR - 2025-09-04 11:04:33 --> CORS Filter
ERROR - 2025-09-04 11:04:33 --> Origin: http://localhost:4200
ERROR - 2025-09-04 11:04:33 --> CORS Filter
ERROR - 2025-09-04 11:04:33 --> Origin: http://localhost:4200
ERROR - 2025-09-04 11:04:33 --> Inside getAllItemCategory function
ERROR - 2025-09-04 11:04:33 --> Tenant Header: {"DSN":"","hostname":"localhost","username":"root","password":"","database":"exiaa_ex0010","DBDriver":"MySQLi","DBPrefix":"","pConnect":false,"DBDebug":true,"charset":"utf8","DBCollat":"utf8_general_ci","swapPre":"","encrypt":false,"compress":false,"strictOn":false,"failover":[],"port":3306}
ERROR - 2025-09-04 11:04:42 --> CORS Filter
ERROR - 2025-09-04 11:04:42 --> Origin: http://localhost:4200
ERROR - 2025-09-04 11:04:43 --> CORS Filter
ERROR - 2025-09-04 11:04:43 --> Origin: http://localhost:4200
ERROR - 2025-09-04 11:04:43 --> CORS Filter
ERROR - 2025-09-04 11:04:43 --> Origin: http://localhost:4200
ERROR - 2025-09-04 11:04:43 --> CORS Filter
ERROR - 2025-09-04 11:04:43 --> Origin: http://localhost:4200
ERROR - 2025-09-04 11:05:19 --> CORS Filter
ERROR - 2025-09-04 11:05:19 --> Origin: http://localhost:4200
ERROR - 2025-09-04 11:05:20 --> CORS Filter
ERROR - 2025-09-04 11:05:20 --> Origin: http://localhost:4200
ERROR - 2025-09-04 11:05:23 --> CORS Filter
ERROR - 2025-09-04 11:05:23 --> Origin: http://localhost:4200
ERROR - 2025-09-04 11:05:23 --> CORS Filter
ERROR - 2025-09-04 11:05:23 --> Origin: http://localhost:4200
ERROR - 2025-09-04 11:05:23 --> Inside getAllItemCategory function
ERROR - 2025-09-04 11:05:23 --> Tenant Header: {"DSN":"","hostname":"localhost","username":"root","password":"","database":"exiaa_ex0010","DBDriver":"MySQLi","DBPrefix":"","pConnect":false,"DBDebug":true,"charset":"utf8","DBCollat":"utf8_general_ci","swapPre":"","encrypt":false,"compress":false,"strictOn":false,"failover":[],"port":3306}
ERROR - 2025-09-04 11:07:30 --> CORS Filter
ERROR - 2025-09-04 11:07:30 --> Origin: http://localhost:4200
ERROR - 2025-09-04 11:07:30 --> CORS Filter
ERROR - 2025-09-04 11:07:30 --> Origin: http://localhost:4200
ERROR - 2025-09-04 11:07:32 --> CORS Filter
ERROR - 2025-09-04 11:07:32 --> Origin: http://localhost:4200
ERROR - 2025-09-04 11:07:33 --> CORS Filter
ERROR - 2025-09-04 11:07:33 --> Origin: http://localhost:4200
ERROR - 2025-09-04 11:07:33 --> Inside getAllItemCategory function
ERROR - 2025-09-04 11:07:33 --> Tenant Header: {"DSN":"","hostname":"localhost","username":"root","password":"","database":"exiaa_ex0010","DBDriver":"MySQLi","DBPrefix":"","pConnect":false,"DBDebug":true,"charset":"utf8","DBCollat":"utf8_general_ci","swapPre":"","encrypt":false,"compress":false,"strictOn":false,"failover":[],"port":3306}
ERROR - 2025-09-04 11:07:45 --> CORS Filter
ERROR - 2025-09-04 11:07:45 --> Origin: http://localhost:4200
ERROR - 2025-09-04 11:07:45 --> CORS Filter
ERROR - 2025-09-04 11:07:45 --> Origin: http://localhost:4200
ERROR - 2025-09-04 11:09:40 --> CORS Filter
ERROR - 2025-09-04 11:09:40 --> Origin: http://localhost:4200
ERROR - 2025-09-04 11:09:40 --> CORS Filter
ERROR - 2025-09-04 11:09:40 --> Origin: http://localhost:4200
ERROR - 2025-09-04 11:09:41 --> Inside getAllItemCategory function
ERROR - 2025-09-04 11:09:41 --> Tenant Header: {"DSN":"","hostname":"localhost","username":"root","password":"","database":"exiaa_ex0010","DBDriver":"MySQLi","DBPrefix":"","pConnect":false,"DBDebug":true,"charset":"utf8","DBCollat":"utf8_general_ci","swapPre":"","encrypt":false,"compress":false,"strictOn":false,"failover":[],"port":3306}
ERROR - 2025-09-04 11:09:56 --> CORS Filter
ERROR - 2025-09-04 11:09:56 --> Origin: http://localhost:4200
ERROR - 2025-09-04 11:09:56 --> CORS Filter
ERROR - 2025-09-04 11:09:56 --> Origin: http://localhost:4200
ERROR - 2025-09-04 11:09:56 --> CORS Filter
ERROR - 2025-09-04 11:09:56 --> Origin: http://localhost:4200
ERROR - 2025-09-04 11:09:57 --> CORS Filter
ERROR - 2025-09-04 11:09:57 --> Origin: http://localhost:4200
ERROR - 2025-09-04 11:09:57 --> CORS Filter
ERROR - 2025-09-04 11:09:57 --> Origin: http://localhost:4200
ERROR - 2025-09-04 11:09:58 --> CORS Filter
ERROR - 2025-09-04 11:09:58 --> Origin: http://localhost:4200
ERROR - 2025-09-04 11:09:58 --> Inside getAllItemCategory function
ERROR - 2025-09-04 11:09:58 --> Tenant Header: {"DSN":"","hostname":"localhost","username":"root","password":"","database":"exiaa_ex0010","DBDriver":"MySQLi","DBPrefix":"","pConnect":false,"DBDebug":true,"charset":"utf8","DBCollat":"utf8_general_ci","swapPre":"","encrypt":false,"compress":false,"strictOn":false,"failover":[],"port":3306}
ERROR - 2025-09-04 11:10:30 --> CORS Filter
ERROR - 2025-09-04 11:10:30 --> Origin: http://localhost:4200
ERROR - 2025-09-04 11:10:30 --> CORS Filter
ERROR - 2025-09-04 11:10:30 --> Origin: http://localhost:4200
ERROR - 2025-09-04 11:10:31 --> CORS Filter
ERROR - 2025-09-04 11:10:31 --> Origin: http://localhost:4200
ERROR - 2025-09-04 11:10:31 --> CORS Filter
ERROR - 2025-09-04 11:10:31 --> Origin: http://localhost:4200
ERROR - 2025-09-04 11:10:32 --> CORS Filter
ERROR - 2025-09-04 11:10:32 --> Origin: http://localhost:4200
ERROR - 2025-09-04 11:10:32 --> CORS Filter
ERROR - 2025-09-04 11:10:32 --> Origin: http://localhost:4200
ERROR - 2025-09-04 11:10:32 --> Inside getAllItemCategory function
ERROR - 2025-09-04 11:10:32 --> Tenant Header: {"DSN":"","hostname":"localhost","username":"root","password":"","database":"exiaa_ex0010","DBDriver":"MySQLi","DBPrefix":"","pConnect":false,"DBDebug":true,"charset":"utf8","DBCollat":"utf8_general_ci","swapPre":"","encrypt":false,"compress":false,"strictOn":false,"failover":[],"port":3306}
