ERROR - 2025-08-29 04:01:53 --> CORS Filter
ERROR - 2025-08-29 04:01:53 --> Origin: 
ERROR - 2025-08-29 04:01:55 --> CORS Filter
ERROR - 2025-08-29 04:01:55 --> Origin: 
ERROR - 2025-08-29 04:01:56 --> CORS Filter
ERROR - 2025-08-29 04:01:56 --> Origin: 
ERROR - 2025-08-29 04:01:56 --> CORS Filter
ERROR - 2025-08-29 04:01:56 --> Origin: 
ERROR - 2025-08-29 04:01:57 --> CORS Filter
ERROR - 2025-08-29 04:01:57 --> Origin: 
ERROR - 2025-08-29 04:01:57 --> CORS Filter
ERROR - 2025-08-29 04:01:57 --> Origin: 
ERROR - 2025-08-29 04:01:57 --> CORS Filter
ERROR - 2025-08-29 04:01:57 --> Origin: 
ERROR - 2025-08-29 04:01:58 --> CORS Filter
ERROR - 2025-08-29 04:01:58 --> Origin: 
ERROR - 2025-08-29 04:02:00 --> CORS Filter
ERROR - 2025-08-29 04:02:00 --> Origin: http://localhost:4200
ERROR - 2025-08-29 04:02:00 --> CORS Filter
ERROR - 2025-08-29 04:02:00 --> Origin: http://localhost:4200
ERROR - 2025-08-29 04:02:00 --> CORS Filter
ERROR - 2025-08-29 04:02:00 --> Origin: http://localhost:4200
ERROR - 2025-08-29 04:02:00 --> CORS Filter
ERROR - 2025-08-29 04:02:00 --> Origin: http://localhost:4200
ERROR - 2025-08-29 04:02:01 --> CORS Filter
ERROR - 2025-08-29 04:02:01 --> Origin: http://localhost:4200
ERROR - 2025-08-29 04:02:01 --> CORS Filter
ERROR - 2025-08-29 04:02:01 --> Origin: http://localhost:4200
ERROR - 2025-08-29 04:02:01 --> CORS Filter
ERROR - 2025-08-29 04:02:01 --> Origin: http://localhost:4200
ERROR - 2025-08-29 04:02:01 --> CORS Filter
ERROR - 2025-08-29 04:02:01 --> Origin: http://localhost:4200
ERROR - 2025-08-29 04:02:01 --> CORS Filter
ERROR - 2025-08-29 04:02:01 --> Origin: http://localhost:4200
ERROR - 2025-08-29 04:02:01 --> CORS Filter
ERROR - 2025-08-29 04:02:01 --> Origin: http://localhost:4200
ERROR - 2025-08-29 04:02:02 --> CORS Filter
ERROR - 2025-08-29 04:02:02 --> Origin: http://localhost:4200
ERROR - 2025-08-29 04:02:02 --> CORS Filter
ERROR - 2025-08-29 04:02:02 --> Origin: http://localhost:4200
ERROR - 2025-08-29 04:02:02 --> CORS Filter
ERROR - 2025-08-29 04:02:02 --> Origin: http://localhost:4200
ERROR - 2025-08-29 04:02:02 --> CORS Filter
ERROR - 2025-08-29 04:02:02 --> Origin: http://localhost:4200
ERROR - 2025-08-29 04:02:03 --> CORS Filter
ERROR - 2025-08-29 04:02:03 --> Origin: http://localhost:4200
ERROR - 2025-08-29 04:02:03 --> CORS Filter
ERROR - 2025-08-29 04:02:03 --> Origin: http://localhost:4200
ERROR - 2025-08-29 04:28:30 --> CORS Filter
ERROR - 2025-08-29 04:28:30 --> Origin: http://localhost:4200
ERROR - 2025-08-29 04:28:30 --> CORS Filter
ERROR - 2025-08-29 04:28:30 --> Origin: http://localhost:4200
ERROR - 2025-08-29 04:28:32 --> CORS Filter
ERROR - 2025-08-29 04:28:32 --> Origin: http://localhost:4200
ERROR - 2025-08-29 04:28:32 --> CORS Filter
ERROR - 2025-08-29 04:28:32 --> Origin: http://localhost:4200
ERROR - 2025-08-29 04:28:33 --> CORS Filter
ERROR - 2025-08-29 04:28:33 --> Origin: http://localhost:4200
ERROR - 2025-08-29 04:28:33 --> CORS Filter
ERROR - 2025-08-29 04:28:33 --> Origin: http://localhost:4200
ERROR - 2025-08-29 04:28:34 --> CORS Filter
ERROR - 2025-08-29 04:28:34 --> Origin: http://localhost:4200
ERROR - 2025-08-29 04:28:34 --> CORS Filter
ERROR - 2025-08-29 04:28:34 --> Origin: http://localhost:4200
ERROR - 2025-08-29 05:31:31 --> CORS Filter
ERROR - 2025-08-29 05:31:31 --> Origin: http://localhost:4200
ERROR - 2025-08-29 05:31:31 --> CORS Filter
ERROR - 2025-08-29 05:31:31 --> Origin: http://localhost:4200
ERROR - 2025-08-29 05:31:32 --> CORS Filter
ERROR - 2025-08-29 05:31:32 --> Origin: http://localhost:4200
ERROR - 2025-08-29 05:31:32 --> CORS Filter
ERROR - 2025-08-29 05:31:32 --> Origin: http://localhost:4200
ERROR - 2025-08-29 05:31:32 --> CORS Filter
ERROR - 2025-08-29 05:31:32 --> Origin: http://localhost:4200
ERROR - 2025-08-29 05:31:33 --> CORS Filter
ERROR - 2025-08-29 05:31:33 --> Origin: http://localhost:4200
ERROR - 2025-08-29 05:31:33 --> CORS Filter
ERROR - 2025-08-29 05:31:33 --> Origin: http://localhost:4200
ERROR - 2025-08-29 05:31:33 --> CORS Filter
ERROR - 2025-08-29 05:31:33 --> Origin: http://localhost:4200
ERROR - 2025-08-29 05:31:37 --> CORS Filter
ERROR - 2025-08-29 05:31:37 --> Origin: http://localhost:4200
ERROR - 2025-08-29 05:31:37 --> CORS Filter
ERROR - 2025-08-29 05:31:37 --> Origin: http://localhost:4200
ERROR - 2025-08-29 05:31:49 --> CORS Filter
ERROR - 2025-08-29 05:31:49 --> Origin: http://localhost:4200
ERROR - 2025-08-29 05:31:49 --> CORS Filter
ERROR - 2025-08-29 05:31:49 --> Origin: http://localhost:4200
ERROR - 2025-08-29 05:31:50 --> CORS Filter
ERROR - 2025-08-29 05:31:50 --> Origin: http://localhost:4200
ERROR - 2025-08-29 05:31:50 --> CORS Filter
ERROR - 2025-08-29 05:31:50 --> Origin: http://localhost:4200
ERROR - 2025-08-29 05:32:29 --> CORS Filter
ERROR - 2025-08-29 05:32:29 --> Origin: http://localhost:4200
ERROR - 2025-08-29 05:32:30 --> CORS Filter
ERROR - 2025-08-29 05:32:30 --> Origin: http://localhost:4200
ERROR - 2025-08-29 05:32:30 --> CORS Filter
ERROR - 2025-08-29 05:32:30 --> Origin: http://localhost:4200
ERROR - 2025-08-29 05:32:30 --> CORS Filter
ERROR - 2025-08-29 05:32:30 --> Origin: http://localhost:4200
ERROR - 2025-08-29 05:32:30 --> CORS Filter
ERROR - 2025-08-29 05:32:30 --> Origin: http://localhost:4200
ERROR - 2025-08-29 05:32:31 --> CORS Filter
ERROR - 2025-08-29 05:32:31 --> Origin: http://localhost:4200
ERROR - 2025-08-29 05:33:25 --> CORS Filter
ERROR - 2025-08-29 05:33:25 --> Origin: http://localhost:4200
ERROR - 2025-08-29 05:33:25 --> CORS Filter
ERROR - 2025-08-29 05:33:25 --> Origin: http://localhost:4200
ERROR - 2025-08-29 05:33:42 --> CORS Filter
ERROR - 2025-08-29 05:33:42 --> Origin: http://localhost:4200
ERROR - 2025-08-29 05:33:42 --> CORS Filter
ERROR - 2025-08-29 05:33:42 --> Origin: http://localhost:4200
ERROR - 2025-08-29 05:33:42 --> CORS Filter
ERROR - 2025-08-29 05:33:42 --> Origin: http://localhost:4200
ERROR - 2025-08-29 05:33:42 --> CORS Filter
ERROR - 2025-08-29 05:33:42 --> Origin: http://localhost:4200
ERROR - 2025-08-29 05:33:42 --> CORS Filter
ERROR - 2025-08-29 05:33:42 --> Origin: http://localhost:4200
ERROR - 2025-08-29 05:33:42 --> CORS Filter
ERROR - 2025-08-29 05:33:42 --> Origin: http://localhost:4200
ERROR - 2025-08-29 05:33:43 --> CORS Filter
ERROR - 2025-08-29 05:33:43 --> Origin: http://localhost:4200
ERROR - 2025-08-29 05:33:43 --> CORS Filter
ERROR - 2025-08-29 05:33:43 --> Origin: http://localhost:4200
ERROR - 2025-08-29 05:34:24 --> CORS Filter
ERROR - 2025-08-29 05:34:24 --> Origin: http://localhost:4200
ERROR - 2025-08-29 05:34:24 --> CORS Filter
ERROR - 2025-08-29 05:34:24 --> Origin: http://localhost:4200
ERROR - 2025-08-29 05:34:29 --> CORS Filter
ERROR - 2025-08-29 05:34:29 --> Origin: http://localhost:4200
ERROR - 2025-08-29 05:34:29 --> CORS Filter
ERROR - 2025-08-29 05:34:29 --> Origin: http://localhost:4200
ERROR - 2025-08-29 05:34:32 --> CORS Filter
ERROR - 2025-08-29 05:34:32 --> Origin: http://localhost:4200
ERROR - 2025-08-29 05:34:32 --> CORS Filter
ERROR - 2025-08-29 05:34:32 --> Origin: http://localhost:4200
ERROR - 2025-08-29 05:34:32 --> CORS Filter
ERROR - 2025-08-29 05:34:32 --> Origin: http://localhost:4200
ERROR - 2025-08-29 05:34:32 --> Inside getAllItemCategory function
ERROR - 2025-08-29 05:34:32 --> Tenant Header: {"DSN":"","hostname":"localhost","username":"root","password":"","database":"exiaa_ex0010","DBDriver":"MySQLi","DBPrefix":"","pConnect":false,"DBDebug":true,"charset":"utf8","DBCollat":"utf8_general_ci","swapPre":"","encrypt":false,"compress":false,"strictOn":false,"failover":[],"port":3306}
ERROR - 2025-08-29 05:34:32 --> CORS Filter
ERROR - 2025-08-29 05:34:32 --> Origin: http://localhost:4200
ERROR - 2025-08-29 05:34:33 --> CORS Filter
ERROR - 2025-08-29 05:34:33 --> Origin: http://localhost:4200
ERROR - 2025-08-29 05:54:14 --> CORS Filter
ERROR - 2025-08-29 05:54:14 --> Origin: http://localhost:4200
ERROR - 2025-08-29 05:54:14 --> CORS Filter
ERROR - 2025-08-29 05:54:14 --> Origin: http://localhost:4200
ERROR - 2025-08-29 05:54:14 --> CORS Filter
ERROR - 2025-08-29 05:54:14 --> Origin: http://localhost:4200
ERROR - 2025-08-29 05:54:14 --> Inside getAllItemCategory function
ERROR - 2025-08-29 05:54:14 --> Tenant Header: {"DSN":"","hostname":"localhost","username":"root","password":"","database":"exiaa_ex0010","DBDriver":"MySQLi","DBPrefix":"","pConnect":false,"DBDebug":true,"charset":"utf8","DBCollat":"utf8_general_ci","swapPre":"","encrypt":false,"compress":false,"strictOn":false,"failover":[],"port":3306}
ERROR - 2025-08-29 05:54:14 --> CORS Filter
ERROR - 2025-08-29 05:54:14 --> Origin: http://localhost:4200
ERROR - 2025-08-29 06:08:00 --> CORS Filter
ERROR - 2025-08-29 06:08:00 --> Origin: http://localhost:4200
ERROR - 2025-08-29 06:08:01 --> CORS Filter
ERROR - 2025-08-29 06:08:01 --> Origin: http://localhost:4200
ERROR - 2025-08-29 06:18:45 --> CORS Filter
ERROR - 2025-08-29 06:18:45 --> Origin: http://localhost:4200
ERROR - 2025-08-29 06:18:46 --> CORS Filter
ERROR - 2025-08-29 06:18:46 --> Origin: http://localhost:4200
ERROR - 2025-08-29 06:18:46 --> CORS Filter
ERROR - 2025-08-29 06:18:46 --> Origin: http://localhost:4200
ERROR - 2025-08-29 06:18:46 --> CORS Filter
ERROR - 2025-08-29 06:18:46 --> Origin: http://localhost:4200
ERROR - 2025-08-29 06:18:47 --> CORS Filter
ERROR - 2025-08-29 06:18:47 --> Origin: http://localhost:4200
ERROR - 2025-08-29 06:18:47 --> CORS Filter
ERROR - 2025-08-29 06:18:47 --> Origin: http://localhost:4200
ERROR - 2025-08-29 06:33:39 --> CORS Filter
ERROR - 2025-08-29 06:33:39 --> Origin: http://localhost:4200
ERROR - 2025-08-29 06:33:39 --> CORS Filter
ERROR - 2025-08-29 06:33:39 --> Origin: http://localhost:4200
ERROR - 2025-08-29 06:33:39 --> CORS Filter
ERROR - 2025-08-29 06:33:39 --> Origin: http://localhost:4200
ERROR - 2025-08-29 06:33:39 --> CORS Filter
ERROR - 2025-08-29 06:33:39 --> Origin: http://localhost:4200
ERROR - 2025-08-29 06:33:40 --> CORS Filter
ERROR - 2025-08-29 06:33:40 --> Origin: http://localhost:4200
ERROR - 2025-08-29 06:33:40 --> CORS Filter
ERROR - 2025-08-29 06:33:40 --> Origin: http://localhost:4200
ERROR - 2025-08-29 07:14:39 --> CORS Filter
ERROR - 2025-08-29 07:14:39 --> Origin: http://localhost:4200
ERROR - 2025-08-29 07:14:39 --> CORS Filter
ERROR - 2025-08-29 07:14:39 --> Origin: http://localhost:4200
ERROR - 2025-08-29 07:14:41 --> CORS Filter
ERROR - 2025-08-29 07:14:41 --> Origin: http://localhost:4200
ERROR - 2025-08-29 07:14:41 --> CORS Filter
ERROR - 2025-08-29 07:14:41 --> Origin: http://localhost:4200
ERROR - 2025-08-29 07:14:42 --> CORS Filter
ERROR - 2025-08-29 07:14:42 --> Origin: http://localhost:4200
ERROR - 2025-08-29 07:14:42 --> CORS Filter
ERROR - 2025-08-29 07:14:42 --> Origin: http://localhost:4200
ERROR - 2025-08-29 07:14:43 --> CORS Filter
ERROR - 2025-08-29 07:14:43 --> Origin: http://localhost:4200
ERROR - 2025-08-29 07:14:43 --> CORS Filter
ERROR - 2025-08-29 07:14:43 --> Origin: http://localhost:4200
ERROR - 2025-08-29 07:15:18 --> CORS Filter
ERROR - 2025-08-29 07:15:18 --> Origin: http://localhost:4200
ERROR - 2025-08-29 07:15:18 --> CORS Filter
ERROR - 2025-08-29 07:15:18 --> Origin: http://localhost:4200
ERROR - 2025-08-29 07:16:42 --> CORS Filter
ERROR - 2025-08-29 07:16:42 --> Origin: http://localhost:4200
ERROR - 2025-08-29 07:16:43 --> CORS Filter
ERROR - 2025-08-29 07:16:43 --> Origin: http://localhost:4200
ERROR - 2025-08-29 07:16:43 --> CORS Filter
ERROR - 2025-08-29 07:16:43 --> Origin: http://localhost:4200
ERROR - 2025-08-29 07:16:44 --> CORS Filter
ERROR - 2025-08-29 07:16:44 --> Origin: http://localhost:4200
ERROR - 2025-08-29 07:18:11 --> CORS Filter
ERROR - 2025-08-29 07:18:11 --> Origin: http://localhost:4200
ERROR - 2025-08-29 07:18:11 --> CORS Filter
ERROR - 2025-08-29 07:18:11 --> Origin: http://localhost:4200
ERROR - 2025-08-29 07:18:32 --> CORS Filter
ERROR - 2025-08-29 07:18:32 --> Origin: http://localhost:4200
ERROR - 2025-08-29 07:18:32 --> CORS Filter
ERROR - 2025-08-29 07:18:32 --> Origin: http://localhost:4200
ERROR - 2025-08-29 07:18:33 --> CORS Filter
ERROR - 2025-08-29 07:18:33 --> Origin: http://localhost:4200
ERROR - 2025-08-29 07:18:34 --> CORS Filter
ERROR - 2025-08-29 07:18:34 --> Origin: http://localhost:4200
ERROR - 2025-08-29 07:18:35 --> CORS Filter
ERROR - 2025-08-29 07:18:35 --> Origin: http://localhost:4200
ERROR - 2025-08-29 07:18:36 --> CORS Filter
ERROR - 2025-08-29 07:18:36 --> Origin: http://localhost:4200
ERROR - 2025-08-29 07:18:43 --> CORS Filter
ERROR - 2025-08-29 07:18:43 --> Origin: http://localhost:4200
ERROR - 2025-08-29 07:18:43 --> CORS Filter
ERROR - 2025-08-29 07:18:43 --> Origin: http://localhost:4200
ERROR - 2025-08-29 07:18:52 --> CORS Filter
ERROR - 2025-08-29 07:18:52 --> Origin: http://localhost:4200
ERROR - 2025-08-29 07:18:53 --> CORS Filter
ERROR - 2025-08-29 07:18:53 --> Origin: http://localhost:4200
ERROR - 2025-08-29 07:18:53 --> CORS Filter
ERROR - 2025-08-29 07:18:53 --> Origin: http://localhost:4200
ERROR - 2025-08-29 07:18:54 --> CORS Filter
ERROR - 2025-08-29 07:18:54 --> Origin: http://localhost:4200
ERROR - 2025-08-29 07:19:22 --> CORS Filter
ERROR - 2025-08-29 07:19:22 --> Origin: http://localhost:4200
ERROR - 2025-08-29 07:19:22 --> CORS Filter
ERROR - 2025-08-29 07:19:22 --> Origin: http://localhost:4200
ERROR - 2025-08-29 07:19:22 --> CORS Filter
ERROR - 2025-08-29 07:19:22 --> Origin: http://localhost:4200
ERROR - 2025-08-29 07:19:23 --> CORS Filter
ERROR - 2025-08-29 07:19:23 --> Origin: http://localhost:4200
ERROR - 2025-08-29 07:19:33 --> CORS Filter
ERROR - 2025-08-29 07:19:33 --> Origin: http://localhost:4200
ERROR - 2025-08-29 07:19:33 --> CORS Filter
ERROR - 2025-08-29 07:19:33 --> Origin: http://localhost:4200
ERROR - 2025-08-29 07:19:33 --> CORS Filter
ERROR - 2025-08-29 07:19:33 --> Origin: http://localhost:4200
ERROR - 2025-08-29 07:19:33 --> CORS Filter
ERROR - 2025-08-29 07:19:33 --> Origin: http://localhost:4200
ERROR - 2025-08-29 07:19:34 --> CORS Filter
ERROR - 2025-08-29 07:19:34 --> Origin: http://localhost:4200
ERROR - 2025-08-29 07:19:35 --> CORS Filter
ERROR - 2025-08-29 07:19:35 --> Origin: http://localhost:4200
ERROR - 2025-08-29 07:22:09 --> CORS Filter
ERROR - 2025-08-29 07:22:09 --> Origin: http://localhost:4200
ERROR - 2025-08-29 07:22:09 --> CORS Filter
ERROR - 2025-08-29 07:22:09 --> Origin: http://localhost:4200
ERROR - 2025-08-29 07:22:09 --> CORS Filter
ERROR - 2025-08-29 07:22:09 --> Origin: http://localhost:4200
ERROR - 2025-08-29 07:22:10 --> CORS Filter
ERROR - 2025-08-29 07:22:10 --> Origin: http://localhost:4200
ERROR - 2025-08-29 07:22:10 --> CORS Filter
ERROR - 2025-08-29 07:22:10 --> Origin: http://localhost:4200
ERROR - 2025-08-29 07:22:10 --> CORS Filter
ERROR - 2025-08-29 07:22:10 --> Origin: http://localhost:4200
ERROR - 2025-08-29 07:22:10 --> CORS Filter
ERROR - 2025-08-29 07:22:10 --> Origin: http://localhost:4200
ERROR - 2025-08-29 07:22:11 --> CORS Filter
ERROR - 2025-08-29 07:22:11 --> Origin: http://localhost:4200
ERROR - 2025-08-29 07:22:11 --> CORS Filter
ERROR - 2025-08-29 07:22:11 --> Origin: http://localhost:4200
ERROR - 2025-08-29 07:22:12 --> CORS Filter
ERROR - 2025-08-29 07:22:12 --> Origin: http://localhost:4200
ERROR - 2025-08-29 07:22:12 --> CORS Filter
ERROR - 2025-08-29 07:22:12 --> Origin: http://localhost:4200
ERROR - 2025-08-29 07:22:12 --> CORS Filter
ERROR - 2025-08-29 07:22:12 --> Origin: http://localhost:4200
ERROR - 2025-08-29 07:22:12 --> CORS Filter
ERROR - 2025-08-29 07:22:12 --> Origin: http://localhost:4200
ERROR - 2025-08-29 07:22:12 --> CORS Filter
ERROR - 2025-08-29 07:22:12 --> Origin: http://localhost:4200
ERROR - 2025-08-29 07:22:13 --> CORS Filter
ERROR - 2025-08-29 07:22:13 --> Origin: http://localhost:4200
ERROR - 2025-08-29 08:12:12 --> CORS Filter
ERROR - 2025-08-29 08:12:12 --> Origin: http://localhost:4200
ERROR - 2025-08-29 08:12:12 --> CORS Filter
ERROR - 2025-08-29 08:12:12 --> Origin: http://localhost:4200
ERROR - 2025-08-29 08:12:12 --> CORS Filter
ERROR - 2025-08-29 08:12:12 --> Origin: http://localhost:4200
ERROR - 2025-08-29 08:12:12 --> CORS Filter
ERROR - 2025-08-29 08:12:12 --> Origin: http://localhost:4200
ERROR - 2025-08-29 08:12:12 --> CORS Filter
ERROR - 2025-08-29 08:12:12 --> Origin: http://localhost:4200
ERROR - 2025-08-29 08:12:13 --> CORS Filter
ERROR - 2025-08-29 08:12:13 --> Origin: http://localhost:4200
ERROR - 2025-08-29 08:12:13 --> CORS Filter
ERROR - 2025-08-29 08:12:13 --> Origin: http://localhost:4200
ERROR - 2025-08-29 08:12:13 --> CORS Filter
ERROR - 2025-08-29 08:12:13 --> Origin: http://localhost:4200
ERROR - 2025-08-29 08:12:13 --> CORS Filter
ERROR - 2025-08-29 08:12:13 --> Origin: http://localhost:4200
ERROR - 2025-08-29 08:12:13 --> CORS Filter
ERROR - 2025-08-29 08:12:13 --> Origin: http://localhost:4200
ERROR - 2025-08-29 08:12:14 --> CORS Filter
ERROR - 2025-08-29 08:12:14 --> Origin: http://localhost:4200
ERROR - 2025-08-29 08:12:14 --> CORS Filter
ERROR - 2025-08-29 08:12:14 --> Origin: http://localhost:4200
ERROR - 2025-08-29 08:12:14 --> CORS Filter
ERROR - 2025-08-29 08:12:14 --> Origin: http://localhost:4200
ERROR - 2025-08-29 08:12:15 --> CORS Filter
ERROR - 2025-08-29 08:12:15 --> Origin: http://localhost:4200
ERROR - 2025-08-29 08:12:15 --> CORS Filter
ERROR - 2025-08-29 08:12:15 --> Origin: http://localhost:4200
ERROR - 2025-08-29 08:12:15 --> CORS Filter
ERROR - 2025-08-29 08:12:15 --> Origin: http://localhost:4200
ERROR - 2025-08-29 08:13:43 --> CORS Filter
ERROR - 2025-08-29 08:13:43 --> Origin: http://localhost:4200
ERROR - 2025-08-29 08:13:43 --> CORS Filter
ERROR - 2025-08-29 08:13:43 --> Origin: http://localhost:4200
ERROR - 2025-08-29 08:13:43 --> CORS Filter
ERROR - 2025-08-29 08:13:43 --> Origin: http://localhost:4200
ERROR - 2025-08-29 08:13:43 --> CORS Filter
ERROR - 2025-08-29 08:13:43 --> Origin: http://localhost:4200
ERROR - 2025-08-29 08:13:43 --> CORS Filter
ERROR - 2025-08-29 08:13:43 --> Origin: http://localhost:4200
ERROR - 2025-08-29 08:13:43 --> CORS Filter
ERROR - 2025-08-29 08:13:43 --> Origin: http://localhost:4200
ERROR - 2025-08-29 08:13:44 --> CORS Filter
ERROR - 2025-08-29 08:13:44 --> Origin: http://localhost:4200
ERROR - 2025-08-29 08:13:44 --> CORS Filter
ERROR - 2025-08-29 08:13:44 --> Origin: http://localhost:4200
ERROR - 2025-08-29 08:13:44 --> CORS Filter
ERROR - 2025-08-29 08:13:44 --> Origin: http://localhost:4200
ERROR - 2025-08-29 08:13:44 --> CORS Filter
ERROR - 2025-08-29 08:13:44 --> Origin: http://localhost:4200
ERROR - 2025-08-29 08:13:44 --> CORS Filter
ERROR - 2025-08-29 08:13:44 --> Origin: http://localhost:4200
ERROR - 2025-08-29 08:13:44 --> CORS Filter
ERROR - 2025-08-29 08:13:44 --> Origin: http://localhost:4200
ERROR - 2025-08-29 08:13:45 --> CORS Filter
ERROR - 2025-08-29 08:13:45 --> Origin: http://localhost:4200
ERROR - 2025-08-29 08:13:45 --> CORS Filter
ERROR - 2025-08-29 08:13:45 --> Origin: http://localhost:4200
ERROR - 2025-08-29 08:13:45 --> CORS Filter
ERROR - 2025-08-29 08:13:45 --> Origin: http://localhost:4200
ERROR - 2025-08-29 08:13:52 --> CORS Filter
ERROR - 2025-08-29 08:13:52 --> Origin: http://localhost:4200
ERROR - 2025-08-29 08:13:53 --> CORS Filter
ERROR - 2025-08-29 08:13:53 --> Origin: http://localhost:4200
ERROR - 2025-08-29 08:13:53 --> CORS Filter
ERROR - 2025-08-29 08:13:53 --> Origin: http://localhost:4200
ERROR - 2025-08-29 08:13:53 --> CORS Filter
ERROR - 2025-08-29 08:13:53 --> Origin: http://localhost:4200
ERROR - 2025-08-29 08:13:53 --> CORS Filter
ERROR - 2025-08-29 08:13:53 --> Origin: http://localhost:4200
ERROR - 2025-08-29 08:13:53 --> CORS Filter
ERROR - 2025-08-29 08:13:53 --> Origin: http://localhost:4200
ERROR - 2025-08-29 08:13:54 --> CORS Filter
ERROR - 2025-08-29 08:13:54 --> Origin: http://localhost:4200
ERROR - 2025-08-29 08:13:54 --> CORS Filter
ERROR - 2025-08-29 08:13:54 --> Origin: http://localhost:4200
ERROR - 2025-08-29 08:13:54 --> CORS Filter
ERROR - 2025-08-29 08:13:54 --> Origin: http://localhost:4200
ERROR - 2025-08-29 08:13:54 --> CORS Filter
ERROR - 2025-08-29 08:13:54 --> Origin: http://localhost:4200
ERROR - 2025-08-29 08:13:54 --> CORS Filter
ERROR - 2025-08-29 08:13:54 --> Origin: http://localhost:4200
ERROR - 2025-08-29 08:13:54 --> CORS Filter
ERROR - 2025-08-29 08:13:54 --> Origin: http://localhost:4200
ERROR - 2025-08-29 08:13:54 --> CORS Filter
ERROR - 2025-08-29 08:13:54 --> Origin: http://localhost:4200
ERROR - 2025-08-29 08:13:55 --> CORS Filter
ERROR - 2025-08-29 08:13:55 --> Origin: http://localhost:4200
ERROR - 2025-08-29 08:13:55 --> CORS Filter
ERROR - 2025-08-29 08:13:55 --> Origin: http://localhost:4200
ERROR - 2025-08-29 08:20:17 --> CORS Filter
ERROR - 2025-08-29 08:20:17 --> Origin: http://localhost:4200
ERROR - 2025-08-29 08:20:17 --> CORS Filter
ERROR - 2025-08-29 08:20:17 --> Origin: http://localhost:4200
ERROR - 2025-08-29 08:20:17 --> CORS Filter
ERROR - 2025-08-29 08:20:17 --> Origin: http://localhost:4200
ERROR - 2025-08-29 08:20:17 --> CORS Filter
ERROR - 2025-08-29 08:20:17 --> Origin: http://localhost:4200
ERROR - 2025-08-29 08:20:17 --> CORS Filter
ERROR - 2025-08-29 08:20:17 --> Origin: http://localhost:4200
ERROR - 2025-08-29 08:20:18 --> CORS Filter
ERROR - 2025-08-29 08:20:18 --> Origin: http://localhost:4200
ERROR - 2025-08-29 08:20:18 --> CORS Filter
ERROR - 2025-08-29 08:20:18 --> Origin: http://localhost:4200
ERROR - 2025-08-29 08:20:18 --> CORS Filter
ERROR - 2025-08-29 08:20:18 --> Origin: http://localhost:4200
ERROR - 2025-08-29 08:20:18 --> CORS Filter
ERROR - 2025-08-29 08:20:18 --> Origin: http://localhost:4200
ERROR - 2025-08-29 08:20:19 --> CORS Filter
ERROR - 2025-08-29 08:20:19 --> Origin: http://localhost:4200
ERROR - 2025-08-29 08:20:19 --> CORS Filter
ERROR - 2025-08-29 08:20:19 --> Origin: http://localhost:4200
ERROR - 2025-08-29 08:20:19 --> CORS Filter
ERROR - 2025-08-29 08:20:19 --> Origin: http://localhost:4200
ERROR - 2025-08-29 08:20:19 --> CORS Filter
ERROR - 2025-08-29 08:20:19 --> Origin: http://localhost:4200
ERROR - 2025-08-29 08:20:19 --> CORS Filter
ERROR - 2025-08-29 08:20:19 --> Origin: http://localhost:4200
ERROR - 2025-08-29 08:20:19 --> CORS Filter
ERROR - 2025-08-29 08:20:19 --> Origin: http://localhost:4200
ERROR - 2025-08-29 08:20:36 --> CORS Filter
ERROR - 2025-08-29 08:20:36 --> Origin: http://localhost:4200
ERROR - 2025-08-29 08:20:36 --> CORS Filter
ERROR - 2025-08-29 08:20:36 --> Origin: http://localhost:4200
ERROR - 2025-08-29 08:20:36 --> CORS Filter
ERROR - 2025-08-29 08:20:36 --> Origin: http://localhost:4200
ERROR - 2025-08-29 08:20:37 --> CORS Filter
ERROR - 2025-08-29 08:20:37 --> Origin: http://localhost:4200
ERROR - 2025-08-29 08:20:38 --> CORS Filter
ERROR - 2025-08-29 08:20:38 --> Origin: http://localhost:4200
ERROR - 2025-08-29 08:20:38 --> CORS Filter
ERROR - 2025-08-29 08:20:38 --> Origin: http://localhost:4200
ERROR - 2025-08-29 08:20:38 --> CORS Filter
ERROR - 2025-08-29 08:20:38 --> Origin: http://localhost:4200
ERROR - 2025-08-29 08:20:38 --> CORS Filter
ERROR - 2025-08-29 08:20:38 --> Origin: http://localhost:4200
ERROR - 2025-08-29 08:20:38 --> CORS Filter
ERROR - 2025-08-29 08:20:38 --> Origin: http://localhost:4200
ERROR - 2025-08-29 08:20:38 --> CORS Filter
ERROR - 2025-08-29 08:20:38 --> Origin: http://localhost:4200
ERROR - 2025-08-29 08:20:39 --> CORS Filter
ERROR - 2025-08-29 08:20:39 --> Origin: http://localhost:4200
ERROR - 2025-08-29 08:20:39 --> CORS Filter
ERROR - 2025-08-29 08:20:39 --> Origin: http://localhost:4200
ERROR - 2025-08-29 08:20:39 --> CORS Filter
ERROR - 2025-08-29 08:20:39 --> Origin: http://localhost:4200
ERROR - 2025-08-29 08:20:39 --> CORS Filter
ERROR - 2025-08-29 08:20:39 --> Origin: http://localhost:4200
ERROR - 2025-08-29 08:20:39 --> CORS Filter
ERROR - 2025-08-29 08:20:39 --> Origin: http://localhost:4200
ERROR - 2025-08-29 08:20:50 --> CORS Filter
ERROR - 2025-08-29 08:20:50 --> Origin: http://localhost:4200
ERROR - 2025-08-29 08:20:51 --> CORS Filter
ERROR - 2025-08-29 08:20:51 --> Origin: http://localhost:4200
ERROR - 2025-08-29 08:20:51 --> CORS Filter
ERROR - 2025-08-29 08:20:51 --> Origin: http://localhost:4200
ERROR - 2025-08-29 08:20:51 --> CORS Filter
ERROR - 2025-08-29 08:20:51 --> Origin: http://localhost:4200
ERROR - 2025-08-29 08:20:51 --> CORS Filter
ERROR - 2025-08-29 08:20:51 --> Origin: http://localhost:4200
ERROR - 2025-08-29 08:20:51 --> CORS Filter
ERROR - 2025-08-29 08:20:51 --> Origin: http://localhost:4200
ERROR - 2025-08-29 08:20:52 --> CORS Filter
ERROR - 2025-08-29 08:20:52 --> Origin: http://localhost:4200
ERROR - 2025-08-29 08:20:52 --> CORS Filter
ERROR - 2025-08-29 08:20:52 --> Origin: http://localhost:4200
ERROR - 2025-08-29 08:20:52 --> CORS Filter
ERROR - 2025-08-29 08:20:52 --> Origin: http://localhost:4200
ERROR - 2025-08-29 08:20:52 --> CORS Filter
ERROR - 2025-08-29 08:20:52 --> Origin: http://localhost:4200
ERROR - 2025-08-29 08:20:53 --> CORS Filter
ERROR - 2025-08-29 08:20:53 --> Origin: http://localhost:4200
ERROR - 2025-08-29 08:20:53 --> CORS Filter
ERROR - 2025-08-29 08:20:53 --> Origin: http://localhost:4200
ERROR - 2025-08-29 08:20:53 --> CORS Filter
ERROR - 2025-08-29 08:20:53 --> Origin: http://localhost:4200
ERROR - 2025-08-29 08:20:53 --> CORS Filter
ERROR - 2025-08-29 08:20:53 --> Origin: http://localhost:4200
ERROR - 2025-08-29 08:20:53 --> CORS Filter
ERROR - 2025-08-29 08:20:53 --> Origin: http://localhost:4200
ERROR - 2025-08-29 08:21:16 --> CORS Filter
ERROR - 2025-08-29 08:21:16 --> Origin: http://localhost:4200
ERROR - 2025-08-29 08:21:16 --> CORS Filter
ERROR - 2025-08-29 08:21:16 --> Origin: http://localhost:4200
ERROR - 2025-08-29 08:21:16 --> CORS Filter
ERROR - 2025-08-29 08:21:16 --> Origin: http://localhost:4200
ERROR - 2025-08-29 08:21:16 --> CORS Filter
ERROR - 2025-08-29 08:21:16 --> Origin: http://localhost:4200
ERROR - 2025-08-29 08:21:16 --> CORS Filter
ERROR - 2025-08-29 08:21:16 --> Origin: http://localhost:4200
ERROR - 2025-08-29 08:21:17 --> CORS Filter
ERROR - 2025-08-29 08:21:17 --> Origin: http://localhost:4200
ERROR - 2025-08-29 08:21:17 --> CORS Filter
ERROR - 2025-08-29 08:21:17 --> Origin: http://localhost:4200
ERROR - 2025-08-29 08:21:17 --> CORS Filter
ERROR - 2025-08-29 08:21:17 --> Origin: http://localhost:4200
ERROR - 2025-08-29 08:21:18 --> CORS Filter
ERROR - 2025-08-29 08:21:18 --> Origin: http://localhost:4200
ERROR - 2025-08-29 08:21:18 --> CORS Filter
ERROR - 2025-08-29 08:21:18 --> Origin: http://localhost:4200
ERROR - 2025-08-29 08:21:23 --> CORS Filter
ERROR - 2025-08-29 08:21:23 --> Origin: http://localhost:4200
ERROR - 2025-08-29 08:21:24 --> CORS Filter
ERROR - 2025-08-29 08:21:24 --> Origin: http://localhost:4200
ERROR - 2025-08-29 08:21:24 --> CORS Filter
ERROR - 2025-08-29 08:21:24 --> Origin: http://localhost:4200
ERROR - 2025-08-29 08:21:24 --> CORS Filter
ERROR - 2025-08-29 08:21:24 --> Origin: http://localhost:4200
ERROR - 2025-08-29 08:21:25 --> CORS Filter
ERROR - 2025-08-29 08:21:25 --> Origin: http://localhost:4200
ERROR - 2025-08-29 08:21:25 --> CORS Filter
ERROR - 2025-08-29 08:21:25 --> Origin: http://localhost:4200
ERROR - 2025-08-29 08:21:25 --> CORS Filter
ERROR - 2025-08-29 08:21:25 --> Origin: http://localhost:4200
ERROR - 2025-08-29 08:21:25 --> CORS Filter
ERROR - 2025-08-29 08:21:25 --> Origin: http://localhost:4200
ERROR - 2025-08-29 08:21:25 --> CORS Filter
ERROR - 2025-08-29 08:21:25 --> Origin: http://localhost:4200
ERROR - 2025-08-29 08:21:26 --> CORS Filter
ERROR - 2025-08-29 08:21:26 --> Origin: http://localhost:4200
ERROR - 2025-08-29 08:21:26 --> CORS Filter
ERROR - 2025-08-29 08:21:26 --> Origin: http://localhost:4200
ERROR - 2025-08-29 08:21:26 --> CORS Filter
ERROR - 2025-08-29 08:21:26 --> Origin: http://localhost:4200
ERROR - 2025-08-29 08:21:26 --> CORS Filter
ERROR - 2025-08-29 08:21:26 --> Origin: http://localhost:4200
ERROR - 2025-08-29 08:21:26 --> CORS Filter
ERROR - 2025-08-29 08:21:26 --> Origin: http://localhost:4200
ERROR - 2025-08-29 08:21:26 --> CORS Filter
ERROR - 2025-08-29 08:21:26 --> Origin: http://localhost:4200
ERROR - 2025-08-29 08:21:26 --> CORS Filter
ERROR - 2025-08-29 08:21:26 --> Origin: http://localhost:4200
ERROR - 2025-08-29 08:21:48 --> CORS Filter
ERROR - 2025-08-29 08:21:48 --> Origin: http://localhost:4200
ERROR - 2025-08-29 08:21:48 --> CORS Filter
ERROR - 2025-08-29 08:21:48 --> Origin: http://localhost:4200
ERROR - 2025-08-29 08:21:48 --> CORS Filter
ERROR - 2025-08-29 08:21:48 --> Origin: http://localhost:4200
ERROR - 2025-08-29 08:21:48 --> CORS Filter
ERROR - 2025-08-29 08:21:48 --> Origin: http://localhost:4200
ERROR - 2025-08-29 08:21:48 --> CORS Filter
ERROR - 2025-08-29 08:21:48 --> Origin: http://localhost:4200
ERROR - 2025-08-29 08:21:48 --> CORS Filter
ERROR - 2025-08-29 08:21:48 --> Origin: http://localhost:4200
ERROR - 2025-08-29 08:21:49 --> CORS Filter
ERROR - 2025-08-29 08:21:49 --> Origin: http://localhost:4200
ERROR - 2025-08-29 08:21:49 --> CORS Filter
ERROR - 2025-08-29 08:21:49 --> Origin: http://localhost:4200
ERROR - 2025-08-29 08:21:49 --> CORS Filter
ERROR - 2025-08-29 08:21:49 --> Origin: http://localhost:4200
ERROR - 2025-08-29 08:21:49 --> CORS Filter
ERROR - 2025-08-29 08:21:49 --> Origin: http://localhost:4200
ERROR - 2025-08-29 08:21:50 --> CORS Filter
ERROR - 2025-08-29 08:21:50 --> Origin: http://localhost:4200
ERROR - 2025-08-29 08:21:50 --> CORS Filter
ERROR - 2025-08-29 08:21:50 --> Origin: http://localhost:4200
ERROR - 2025-08-29 08:21:50 --> CORS Filter
ERROR - 2025-08-29 08:21:50 --> Origin: http://localhost:4200
ERROR - 2025-08-29 08:21:50 --> CORS Filter
ERROR - 2025-08-29 08:21:50 --> Origin: http://localhost:4200
ERROR - 2025-08-29 08:21:50 --> CORS Filter
ERROR - 2025-08-29 08:21:50 --> Origin: http://localhost:4200
ERROR - 2025-08-29 08:22:31 --> CORS Filter
ERROR - 2025-08-29 08:22:31 --> Origin: http://localhost:4200
ERROR - 2025-08-29 08:22:31 --> CORS Filter
ERROR - 2025-08-29 08:22:31 --> Origin: http://localhost:4200
ERROR - 2025-08-29 08:22:32 --> CORS Filter
ERROR - 2025-08-29 08:22:32 --> Origin: http://localhost:4200
ERROR - 2025-08-29 08:22:32 --> CORS Filter
ERROR - 2025-08-29 08:22:32 --> Origin: http://localhost:4200
ERROR - 2025-08-29 08:22:32 --> CORS Filter
ERROR - 2025-08-29 08:22:32 --> Origin: http://localhost:4200
ERROR - 2025-08-29 08:22:32 --> CORS Filter
ERROR - 2025-08-29 08:22:32 --> Origin: http://localhost:4200
ERROR - 2025-08-29 08:22:33 --> CORS Filter
ERROR - 2025-08-29 08:22:33 --> Origin: http://localhost:4200
ERROR - 2025-08-29 08:22:33 --> CORS Filter
ERROR - 2025-08-29 08:22:33 --> Origin: http://localhost:4200
ERROR - 2025-08-29 08:22:33 --> CORS Filter
ERROR - 2025-08-29 08:22:33 --> Origin: http://localhost:4200
ERROR - 2025-08-29 08:22:34 --> CORS Filter
ERROR - 2025-08-29 08:22:34 --> Origin: http://localhost:4200
ERROR - 2025-08-29 08:22:34 --> CORS Filter
ERROR - 2025-08-29 08:22:34 --> Origin: http://localhost:4200
ERROR - 2025-08-29 08:22:34 --> CORS Filter
ERROR - 2025-08-29 08:22:34 --> Origin: http://localhost:4200
ERROR - 2025-08-29 08:22:34 --> CORS Filter
ERROR - 2025-08-29 08:22:34 --> Origin: http://localhost:4200
ERROR - 2025-08-29 08:22:35 --> CORS Filter
ERROR - 2025-08-29 08:22:35 --> Origin: http://localhost:4200
ERROR - 2025-08-29 08:22:35 --> CORS Filter
ERROR - 2025-08-29 08:22:35 --> Origin: http://localhost:4200
ERROR - 2025-08-29 08:32:03 --> CORS Filter
ERROR - 2025-08-29 08:32:03 --> Origin: http://localhost:4200
ERROR - 2025-08-29 08:32:03 --> CORS Filter
ERROR - 2025-08-29 08:32:03 --> Origin: http://localhost:4200
ERROR - 2025-08-29 08:32:03 --> CORS Filter
ERROR - 2025-08-29 08:32:03 --> Origin: http://localhost:4200
ERROR - 2025-08-29 08:32:04 --> CORS Filter
ERROR - 2025-08-29 08:32:04 --> Origin: http://localhost:4200
ERROR - 2025-08-29 08:32:04 --> CORS Filter
ERROR - 2025-08-29 08:32:04 --> Origin: http://localhost:4200
ERROR - 2025-08-29 08:32:04 --> CORS Filter
ERROR - 2025-08-29 08:32:04 --> Origin: http://localhost:4200
ERROR - 2025-08-29 08:32:04 --> CORS Filter
ERROR - 2025-08-29 08:32:04 --> Origin: http://localhost:4200
ERROR - 2025-08-29 08:32:05 --> CORS Filter
ERROR - 2025-08-29 08:32:05 --> Origin: http://localhost:4200
ERROR - 2025-08-29 08:32:05 --> CORS Filter
ERROR - 2025-08-29 08:32:05 --> Origin: http://localhost:4200
ERROR - 2025-08-29 08:32:05 --> CORS Filter
ERROR - 2025-08-29 08:32:05 --> Origin: http://localhost:4200
ERROR - 2025-08-29 08:32:05 --> CORS Filter
ERROR - 2025-08-29 08:32:05 --> Origin: http://localhost:4200
ERROR - 2025-08-29 08:32:06 --> CORS Filter
ERROR - 2025-08-29 08:32:06 --> Origin: http://localhost:4200
ERROR - 2025-08-29 08:32:06 --> CORS Filter
ERROR - 2025-08-29 08:32:06 --> Origin: http://localhost:4200
ERROR - 2025-08-29 08:32:06 --> CORS Filter
ERROR - 2025-08-29 08:32:06 --> Origin: http://localhost:4200
ERROR - 2025-08-29 08:32:06 --> CORS Filter
ERROR - 2025-08-29 08:32:06 --> Origin: http://localhost:4200
ERROR - 2025-08-29 08:32:55 --> CORS Filter
ERROR - 2025-08-29 08:32:55 --> Origin: http://localhost:4200
ERROR - 2025-08-29 08:32:56 --> CORS Filter
ERROR - 2025-08-29 08:32:56 --> Origin: http://localhost:4200
ERROR - 2025-08-29 08:32:56 --> CORS Filter
ERROR - 2025-08-29 08:32:56 --> Origin: http://localhost:4200
ERROR - 2025-08-29 08:32:56 --> CORS Filter
ERROR - 2025-08-29 08:32:56 --> Origin: http://localhost:4200
ERROR - 2025-08-29 08:32:57 --> CORS Filter
ERROR - 2025-08-29 08:32:57 --> Origin: http://localhost:4200
ERROR - 2025-08-29 08:32:57 --> CORS Filter
ERROR - 2025-08-29 08:32:57 --> Origin: http://localhost:4200
ERROR - 2025-08-29 08:32:57 --> CORS Filter
ERROR - 2025-08-29 08:32:57 --> Origin: http://localhost:4200
ERROR - 2025-08-29 08:32:58 --> CORS Filter
ERROR - 2025-08-29 08:32:58 --> Origin: http://localhost:4200
ERROR - 2025-08-29 08:32:58 --> CORS Filter
ERROR - 2025-08-29 08:32:58 --> Origin: http://localhost:4200
ERROR - 2025-08-29 08:32:58 --> CORS Filter
ERROR - 2025-08-29 08:32:58 --> Origin: http://localhost:4200
ERROR - 2025-08-29 08:32:58 --> CORS Filter
ERROR - 2025-08-29 08:32:58 --> Origin: http://localhost:4200
ERROR - 2025-08-29 08:32:59 --> CORS Filter
ERROR - 2025-08-29 08:32:59 --> Origin: http://localhost:4200
ERROR - 2025-08-29 08:32:59 --> CORS Filter
ERROR - 2025-08-29 08:32:59 --> Origin: http://localhost:4200
ERROR - 2025-08-29 08:32:59 --> CORS Filter
ERROR - 2025-08-29 08:32:59 --> Origin: http://localhost:4200
ERROR - 2025-08-29 08:33:00 --> CORS Filter
ERROR - 2025-08-29 08:33:00 --> Origin: http://localhost:4200
ERROR - 2025-08-29 08:34:15 --> CORS Filter
ERROR - 2025-08-29 08:34:15 --> Origin: http://localhost:4200
ERROR - 2025-08-29 08:34:17 --> CORS Filter
ERROR - 2025-08-29 08:34:17 --> Origin: http://localhost:4200
ERROR - 2025-08-29 08:34:17 --> CORS Filter
ERROR - 2025-08-29 08:34:17 --> Origin: http://localhost:4200
ERROR - 2025-08-29 08:34:17 --> CORS Filter
ERROR - 2025-08-29 08:34:17 --> Origin: http://localhost:4200
ERROR - 2025-08-29 08:34:18 --> CORS Filter
ERROR - 2025-08-29 08:34:18 --> Origin: http://localhost:4200
ERROR - 2025-08-29 08:34:19 --> CORS Filter
ERROR - 2025-08-29 08:34:19 --> Origin: http://localhost:4200
ERROR - 2025-08-29 08:34:19 --> CORS Filter
ERROR - 2025-08-29 08:34:19 --> Origin: http://localhost:4200
ERROR - 2025-08-29 08:34:20 --> CORS Filter
ERROR - 2025-08-29 08:34:20 --> Origin: http://localhost:4200
ERROR - 2025-08-29 08:34:21 --> CORS Filter
ERROR - 2025-08-29 08:34:21 --> Origin: http://localhost:4200
ERROR - 2025-08-29 08:34:21 --> CORS Filter
ERROR - 2025-08-29 08:34:21 --> Origin: http://localhost:4200
ERROR - 2025-08-29 08:34:22 --> CORS Filter
ERROR - 2025-08-29 08:34:22 --> Origin: http://localhost:4200
ERROR - 2025-08-29 08:34:23 --> CORS Filter
ERROR - 2025-08-29 08:34:23 --> Origin: http://localhost:4200
ERROR - 2025-08-29 08:34:23 --> CORS Filter
ERROR - 2025-08-29 08:34:23 --> Origin: http://localhost:4200
ERROR - 2025-08-29 08:34:24 --> CORS Filter
ERROR - 2025-08-29 08:34:24 --> Origin: http://localhost:4200
ERROR - 2025-08-29 08:34:24 --> CORS Filter
ERROR - 2025-08-29 08:34:24 --> Origin: http://localhost:4200
ERROR - 2025-08-29 08:36:47 --> CORS Filter
ERROR - 2025-08-29 08:36:47 --> Origin: http://localhost:4200
ERROR - 2025-08-29 08:36:48 --> CORS Filter
ERROR - 2025-08-29 08:36:48 --> Origin: http://localhost:4200
ERROR - 2025-08-29 08:36:48 --> CORS Filter
ERROR - 2025-08-29 08:36:48 --> Origin: http://localhost:4200
ERROR - 2025-08-29 08:36:48 --> CORS Filter
ERROR - 2025-08-29 08:36:48 --> Origin: http://localhost:4200
ERROR - 2025-08-29 08:36:48 --> CORS Filter
ERROR - 2025-08-29 08:36:48 --> Origin: http://localhost:4200
ERROR - 2025-08-29 08:36:49 --> CORS Filter
ERROR - 2025-08-29 08:36:49 --> Origin: http://localhost:4200
ERROR - 2025-08-29 08:36:49 --> CORS Filter
ERROR - 2025-08-29 08:36:49 --> Origin: http://localhost:4200
ERROR - 2025-08-29 08:36:50 --> CORS Filter
ERROR - 2025-08-29 08:36:50 --> Origin: http://localhost:4200
ERROR - 2025-08-29 08:36:50 --> CORS Filter
ERROR - 2025-08-29 08:36:50 --> Origin: http://localhost:4200
ERROR - 2025-08-29 08:36:51 --> CORS Filter
ERROR - 2025-08-29 08:36:51 --> Origin: http://localhost:4200
ERROR - 2025-08-29 08:36:52 --> CORS Filter
ERROR - 2025-08-29 08:36:52 --> Origin: http://localhost:4200
ERROR - 2025-08-29 08:36:52 --> CORS Filter
ERROR - 2025-08-29 08:36:52 --> Origin: http://localhost:4200
ERROR - 2025-08-29 08:36:53 --> CORS Filter
ERROR - 2025-08-29 08:36:53 --> Origin: http://localhost:4200
ERROR - 2025-08-29 08:36:53 --> CORS Filter
ERROR - 2025-08-29 08:36:53 --> Origin: http://localhost:4200
ERROR - 2025-08-29 08:36:53 --> CORS Filter
ERROR - 2025-08-29 08:36:53 --> Origin: http://localhost:4200
ERROR - 2025-08-29 08:36:58 --> CORS Filter
ERROR - 2025-08-29 08:36:58 --> Origin: http://localhost:4200
ERROR - 2025-08-29 08:36:58 --> CORS Filter
ERROR - 2025-08-29 08:36:58 --> Origin: http://localhost:4200
ERROR - 2025-08-29 08:36:58 --> CORS Filter
ERROR - 2025-08-29 08:36:58 --> Origin: http://localhost:4200
ERROR - 2025-08-29 08:36:58 --> CORS Filter
ERROR - 2025-08-29 08:36:58 --> Origin: http://localhost:4200
ERROR - 2025-08-29 08:36:59 --> CORS Filter
ERROR - 2025-08-29 08:36:59 --> Origin: http://localhost:4200
ERROR - 2025-08-29 08:36:59 --> CORS Filter
ERROR - 2025-08-29 08:36:59 --> Origin: http://localhost:4200
ERROR - 2025-08-29 08:36:59 --> CORS Filter
ERROR - 2025-08-29 08:36:59 --> Origin: http://localhost:4200
ERROR - 2025-08-29 08:37:00 --> CORS Filter
ERROR - 2025-08-29 08:37:00 --> Origin: http://localhost:4200
ERROR - 2025-08-29 08:37:00 --> CORS Filter
ERROR - 2025-08-29 08:37:00 --> Origin: http://localhost:4200
ERROR - 2025-08-29 08:37:00 --> CORS Filter
ERROR - 2025-08-29 08:37:00 --> Origin: http://localhost:4200
ERROR - 2025-08-29 08:37:02 --> CORS Filter
ERROR - 2025-08-29 08:37:02 --> Origin: http://localhost:4200
ERROR - 2025-08-29 08:37:02 --> CORS Filter
ERROR - 2025-08-29 08:37:02 --> Origin: http://localhost:4200
ERROR - 2025-08-29 08:37:03 --> CORS Filter
ERROR - 2025-08-29 08:37:03 --> Origin: http://localhost:4200
ERROR - 2025-08-29 08:37:03 --> CORS Filter
ERROR - 2025-08-29 08:37:03 --> Origin: http://localhost:4200
ERROR - 2025-08-29 08:37:03 --> CORS Filter
ERROR - 2025-08-29 08:37:03 --> Origin: http://localhost:4200
ERROR - 2025-08-29 08:37:05 --> CORS Filter
ERROR - 2025-08-29 08:37:05 --> Origin: http://localhost:4200
ERROR - 2025-08-29 08:37:06 --> CORS Filter
ERROR - 2025-08-29 08:37:06 --> Origin: http://localhost:4200
ERROR - 2025-08-29 08:37:06 --> CORS Filter
ERROR - 2025-08-29 08:37:06 --> Origin: http://localhost:4200
ERROR - 2025-08-29 08:37:06 --> CORS Filter
ERROR - 2025-08-29 08:37:06 --> Origin: http://localhost:4200
ERROR - 2025-08-29 08:37:07 --> CORS Filter
ERROR - 2025-08-29 08:37:07 --> Origin: http://localhost:4200
ERROR - 2025-08-29 08:37:07 --> CORS Filter
ERROR - 2025-08-29 08:37:07 --> Origin: http://localhost:4200
ERROR - 2025-08-29 08:37:08 --> CORS Filter
ERROR - 2025-08-29 08:37:08 --> Origin: http://localhost:4200
ERROR - 2025-08-29 08:37:08 --> CORS Filter
ERROR - 2025-08-29 08:37:08 --> Origin: http://localhost:4200
ERROR - 2025-08-29 08:37:08 --> CORS Filter
ERROR - 2025-08-29 08:37:08 --> Origin: http://localhost:4200
ERROR - 2025-08-29 08:37:08 --> CORS Filter
ERROR - 2025-08-29 08:37:08 --> Origin: http://localhost:4200
ERROR - 2025-08-29 08:37:09 --> CORS Filter
ERROR - 2025-08-29 08:37:09 --> Origin: http://localhost:4200
ERROR - 2025-08-29 08:37:09 --> CORS Filter
ERROR - 2025-08-29 08:37:09 --> Origin: http://localhost:4200
ERROR - 2025-08-29 08:37:10 --> CORS Filter
ERROR - 2025-08-29 08:37:10 --> Origin: http://localhost:4200
ERROR - 2025-08-29 08:37:10 --> CORS Filter
ERROR - 2025-08-29 08:37:10 --> Origin: http://localhost:4200
ERROR - 2025-08-29 08:37:11 --> CORS Filter
ERROR - 2025-08-29 08:37:11 --> Origin: http://localhost:4200
ERROR - 2025-08-29 08:37:11 --> CORS Filter
ERROR - 2025-08-29 08:37:11 --> Origin: http://localhost:4200
ERROR - 2025-08-29 08:37:43 --> CORS Filter
ERROR - 2025-08-29 08:37:43 --> Origin: http://localhost:4200
ERROR - 2025-08-29 08:37:43 --> CORS Filter
ERROR - 2025-08-29 08:37:43 --> Origin: http://localhost:4200
ERROR - 2025-08-29 08:37:43 --> CORS Filter
ERROR - 2025-08-29 08:37:43 --> Origin: http://localhost:4200
ERROR - 2025-08-29 08:37:44 --> CORS Filter
ERROR - 2025-08-29 08:37:44 --> Origin: http://localhost:4200
ERROR - 2025-08-29 08:37:44 --> CORS Filter
ERROR - 2025-08-29 08:37:44 --> Origin: http://localhost:4200
ERROR - 2025-08-29 08:37:44 --> CORS Filter
ERROR - 2025-08-29 08:37:44 --> Origin: http://localhost:4200
ERROR - 2025-08-29 08:37:44 --> CORS Filter
ERROR - 2025-08-29 08:37:44 --> Origin: http://localhost:4200
ERROR - 2025-08-29 08:37:44 --> CORS Filter
ERROR - 2025-08-29 08:37:44 --> Origin: http://localhost:4200
ERROR - 2025-08-29 08:37:45 --> CORS Filter
ERROR - 2025-08-29 08:37:45 --> Origin: http://localhost:4200
ERROR - 2025-08-29 08:37:45 --> CORS Filter
ERROR - 2025-08-29 08:37:45 --> Origin: http://localhost:4200
ERROR - 2025-08-29 08:37:45 --> CORS Filter
ERROR - 2025-08-29 08:37:45 --> Origin: http://localhost:4200
ERROR - 2025-08-29 08:37:46 --> CORS Filter
ERROR - 2025-08-29 08:37:46 --> Origin: http://localhost:4200
ERROR - 2025-08-29 08:37:46 --> CORS Filter
ERROR - 2025-08-29 08:37:46 --> Origin: http://localhost:4200
ERROR - 2025-08-29 08:37:46 --> CORS Filter
ERROR - 2025-08-29 08:37:46 --> Origin: http://localhost:4200
ERROR - 2025-08-29 08:37:46 --> CORS Filter
ERROR - 2025-08-29 08:37:46 --> Origin: http://localhost:4200
ERROR - 2025-08-29 08:37:47 --> CORS Filter
ERROR - 2025-08-29 08:37:47 --> Origin: http://localhost:4200
ERROR - 2025-08-29 08:39:46 --> CORS Filter
ERROR - 2025-08-29 08:39:46 --> Origin: http://localhost:4200
ERROR - 2025-08-29 08:39:46 --> CORS Filter
ERROR - 2025-08-29 08:39:46 --> Origin: http://localhost:4200
ERROR - 2025-08-29 08:39:46 --> CORS Filter
ERROR - 2025-08-29 08:39:46 --> Origin: http://localhost:4200
ERROR - 2025-08-29 08:39:47 --> CORS Filter
ERROR - 2025-08-29 08:39:47 --> Origin: http://localhost:4200
ERROR - 2025-08-29 08:39:47 --> CORS Filter
ERROR - 2025-08-29 08:39:47 --> Origin: http://localhost:4200
ERROR - 2025-08-29 08:39:47 --> CORS Filter
ERROR - 2025-08-29 08:39:47 --> Origin: http://localhost:4200
ERROR - 2025-08-29 08:39:47 --> CORS Filter
ERROR - 2025-08-29 08:39:47 --> Origin: http://localhost:4200
ERROR - 2025-08-29 08:39:48 --> CORS Filter
ERROR - 2025-08-29 08:39:48 --> Origin: http://localhost:4200
ERROR - 2025-08-29 08:39:48 --> CORS Filter
ERROR - 2025-08-29 08:39:48 --> Origin: http://localhost:4200
ERROR - 2025-08-29 08:39:48 --> CORS Filter
ERROR - 2025-08-29 08:39:48 --> Origin: http://localhost:4200
ERROR - 2025-08-29 08:39:48 --> CORS Filter
ERROR - 2025-08-29 08:39:48 --> Origin: http://localhost:4200
ERROR - 2025-08-29 08:39:49 --> CORS Filter
ERROR - 2025-08-29 08:39:49 --> Origin: http://localhost:4200
ERROR - 2025-08-29 08:39:49 --> CORS Filter
ERROR - 2025-08-29 08:39:49 --> Origin: http://localhost:4200
ERROR - 2025-08-29 08:39:49 --> CORS Filter
ERROR - 2025-08-29 08:39:49 --> Origin: http://localhost:4200
ERROR - 2025-08-29 08:39:50 --> CORS Filter
ERROR - 2025-08-29 08:39:50 --> Origin: http://localhost:4200
ERROR - 2025-08-29 08:42:28 --> CORS Filter
ERROR - 2025-08-29 08:42:28 --> Origin: http://localhost:4200
ERROR - 2025-08-29 08:42:28 --> CORS Filter
ERROR - 2025-08-29 08:42:28 --> Origin: http://localhost:4200
ERROR - 2025-08-29 08:42:28 --> CORS Filter
ERROR - 2025-08-29 08:42:28 --> Origin: http://localhost:4200
ERROR - 2025-08-29 08:42:28 --> CORS Filter
ERROR - 2025-08-29 08:42:28 --> Origin: http://localhost:4200
ERROR - 2025-08-29 08:42:29 --> CORS Filter
ERROR - 2025-08-29 08:42:29 --> Origin: http://localhost:4200
ERROR - 2025-08-29 08:42:29 --> CORS Filter
ERROR - 2025-08-29 08:42:29 --> Origin: http://localhost:4200
ERROR - 2025-08-29 08:42:29 --> CORS Filter
ERROR - 2025-08-29 08:42:29 --> Origin: http://localhost:4200
ERROR - 2025-08-29 08:42:29 --> CORS Filter
ERROR - 2025-08-29 08:42:29 --> Origin: http://localhost:4200
ERROR - 2025-08-29 08:42:30 --> CORS Filter
ERROR - 2025-08-29 08:42:30 --> Origin: http://localhost:4200
ERROR - 2025-08-29 08:42:30 --> CORS Filter
ERROR - 2025-08-29 08:42:30 --> Origin: http://localhost:4200
ERROR - 2025-08-29 08:42:30 --> CORS Filter
ERROR - 2025-08-29 08:42:30 --> Origin: http://localhost:4200
ERROR - 2025-08-29 08:42:30 --> CORS Filter
ERROR - 2025-08-29 08:42:30 --> Origin: http://localhost:4200
ERROR - 2025-08-29 08:42:31 --> CORS Filter
ERROR - 2025-08-29 08:42:31 --> Origin: http://localhost:4200
ERROR - 2025-08-29 08:42:31 --> CORS Filter
ERROR - 2025-08-29 08:42:31 --> Origin: http://localhost:4200
ERROR - 2025-08-29 08:42:31 --> CORS Filter
ERROR - 2025-08-29 08:42:31 --> Origin: http://localhost:4200
ERROR - 2025-08-29 08:44:20 --> CORS Filter
ERROR - 2025-08-29 08:44:20 --> Origin: http://localhost:4200
ERROR - 2025-08-29 08:44:20 --> CORS Filter
ERROR - 2025-08-29 08:44:20 --> Origin: http://localhost:4200
ERROR - 2025-08-29 08:44:20 --> CORS Filter
ERROR - 2025-08-29 08:44:20 --> Origin: http://localhost:4200
ERROR - 2025-08-29 08:44:21 --> CORS Filter
ERROR - 2025-08-29 08:44:21 --> Origin: http://localhost:4200
ERROR - 2025-08-29 08:44:21 --> CORS Filter
ERROR - 2025-08-29 08:44:21 --> Origin: http://localhost:4200
ERROR - 2025-08-29 08:44:21 --> CORS Filter
ERROR - 2025-08-29 08:44:21 --> Origin: http://localhost:4200
ERROR - 2025-08-29 08:44:22 --> CORS Filter
ERROR - 2025-08-29 08:44:22 --> Origin: http://localhost:4200
ERROR - 2025-08-29 08:44:22 --> CORS Filter
ERROR - 2025-08-29 08:44:22 --> Origin: http://localhost:4200
ERROR - 2025-08-29 08:44:23 --> CORS Filter
ERROR - 2025-08-29 08:44:23 --> Origin: http://localhost:4200
ERROR - 2025-08-29 08:44:23 --> CORS Filter
ERROR - 2025-08-29 08:44:23 --> Origin: http://localhost:4200
ERROR - 2025-08-29 08:44:24 --> CORS Filter
ERROR - 2025-08-29 08:44:24 --> Origin: http://localhost:4200
ERROR - 2025-08-29 08:44:24 --> CORS Filter
ERROR - 2025-08-29 08:44:24 --> Origin: http://localhost:4200
ERROR - 2025-08-29 08:44:24 --> CORS Filter
ERROR - 2025-08-29 08:44:24 --> Origin: http://localhost:4200
ERROR - 2025-08-29 08:44:25 --> CORS Filter
ERROR - 2025-08-29 08:44:25 --> Origin: http://localhost:4200
ERROR - 2025-08-29 08:44:26 --> CORS Filter
ERROR - 2025-08-29 08:44:26 --> Origin: http://localhost:4200
ERROR - 2025-08-29 08:44:30 --> CORS Filter
ERROR - 2025-08-29 08:44:30 --> Origin: http://localhost:4200
ERROR - 2025-08-29 08:44:30 --> CORS Filter
ERROR - 2025-08-29 08:44:30 --> Origin: http://localhost:4200
ERROR - 2025-08-29 08:44:30 --> CORS Filter
ERROR - 2025-08-29 08:44:30 --> Origin: http://localhost:4200
ERROR - 2025-08-29 08:44:31 --> CORS Filter
ERROR - 2025-08-29 08:44:31 --> Origin: http://localhost:4200
ERROR - 2025-08-29 08:44:31 --> CORS Filter
ERROR - 2025-08-29 08:44:31 --> Origin: http://localhost:4200
ERROR - 2025-08-29 08:44:32 --> CORS Filter
ERROR - 2025-08-29 08:44:32 --> Origin: http://localhost:4200
ERROR - 2025-08-29 08:44:32 --> CORS Filter
ERROR - 2025-08-29 08:44:32 --> Origin: http://localhost:4200
ERROR - 2025-08-29 08:44:33 --> CORS Filter
ERROR - 2025-08-29 08:44:33 --> Origin: http://localhost:4200
ERROR - 2025-08-29 08:44:34 --> CORS Filter
ERROR - 2025-08-29 08:44:34 --> Origin: http://localhost:4200
ERROR - 2025-08-29 08:44:35 --> CORS Filter
ERROR - 2025-08-29 08:44:35 --> Origin: http://localhost:4200
ERROR - 2025-08-29 08:44:36 --> CORS Filter
ERROR - 2025-08-29 08:44:36 --> Origin: http://localhost:4200
ERROR - 2025-08-29 08:44:37 --> CORS Filter
ERROR - 2025-08-29 08:44:37 --> Origin: http://localhost:4200
ERROR - 2025-08-29 08:44:37 --> CORS Filter
ERROR - 2025-08-29 08:44:37 --> Origin: http://localhost:4200
ERROR - 2025-08-29 08:44:37 --> CORS Filter
ERROR - 2025-08-29 08:44:37 --> Origin: http://localhost:4200
ERROR - 2025-08-29 08:44:38 --> CORS Filter
ERROR - 2025-08-29 08:44:38 --> Origin: http://localhost:4200
ERROR - 2025-08-29 08:44:38 --> CORS Filter
ERROR - 2025-08-29 08:44:38 --> Origin: http://localhost:4200
ERROR - 2025-08-29 08:44:38 --> CORS Filter
ERROR - 2025-08-29 08:44:38 --> Origin: http://localhost:4200
ERROR - 2025-08-29 08:44:39 --> CORS Filter
ERROR - 2025-08-29 08:44:39 --> Origin: http://localhost:4200
ERROR - 2025-08-29 08:44:39 --> CORS Filter
ERROR - 2025-08-29 08:44:39 --> Origin: http://localhost:4200
ERROR - 2025-08-29 08:44:39 --> CORS Filter
ERROR - 2025-08-29 08:44:39 --> Origin: http://localhost:4200
ERROR - 2025-08-29 08:44:40 --> CORS Filter
ERROR - 2025-08-29 08:44:40 --> Origin: http://localhost:4200
ERROR - 2025-08-29 08:44:41 --> CORS Filter
ERROR - 2025-08-29 08:44:41 --> Origin: http://localhost:4200
ERROR - 2025-08-29 08:44:42 --> CORS Filter
ERROR - 2025-08-29 08:44:42 --> Origin: http://localhost:4200
ERROR - 2025-08-29 08:44:42 --> CORS Filter
ERROR - 2025-08-29 08:44:42 --> Origin: http://localhost:4200
ERROR - 2025-08-29 08:44:43 --> CORS Filter
ERROR - 2025-08-29 08:44:43 --> Origin: http://localhost:4200
ERROR - 2025-08-29 08:44:43 --> CORS Filter
ERROR - 2025-08-29 08:44:43 --> Origin: http://localhost:4200
ERROR - 2025-08-29 08:44:43 --> CORS Filter
ERROR - 2025-08-29 08:44:43 --> Origin: http://localhost:4200
ERROR - 2025-08-29 08:44:44 --> CORS Filter
ERROR - 2025-08-29 08:44:44 --> Origin: http://localhost:4200
ERROR - 2025-08-29 08:44:44 --> CORS Filter
ERROR - 2025-08-29 08:44:44 --> Origin: http://localhost:4200
ERROR - 2025-08-29 08:44:44 --> CORS Filter
ERROR - 2025-08-29 08:44:44 --> Origin: http://localhost:4200
ERROR - 2025-08-29 08:44:44 --> CORS Filter
ERROR - 2025-08-29 08:44:44 --> Origin: http://localhost:4200
ERROR - 2025-08-29 09:00:45 --> CORS Filter
ERROR - 2025-08-29 09:00:45 --> Origin: http://localhost:4200
ERROR - 2025-08-29 09:00:46 --> CORS Filter
ERROR - 2025-08-29 09:00:46 --> Origin: http://localhost:4200
ERROR - 2025-08-29 09:00:46 --> CORS Filter
ERROR - 2025-08-29 09:00:46 --> Origin: http://localhost:4200
ERROR - 2025-08-29 09:00:46 --> CORS Filter
ERROR - 2025-08-29 09:00:46 --> Origin: http://localhost:4200
ERROR - 2025-08-29 09:00:46 --> CORS Filter
ERROR - 2025-08-29 09:00:46 --> Origin: http://localhost:4200
ERROR - 2025-08-29 09:00:46 --> CORS Filter
ERROR - 2025-08-29 09:00:46 --> Origin: http://localhost:4200
ERROR - 2025-08-29 09:00:47 --> CORS Filter
ERROR - 2025-08-29 09:00:47 --> Origin: http://localhost:4200
ERROR - 2025-08-29 09:00:47 --> CORS Filter
ERROR - 2025-08-29 09:00:47 --> Origin: http://localhost:4200
ERROR - 2025-08-29 09:00:47 --> CORS Filter
ERROR - 2025-08-29 09:00:47 --> Origin: http://localhost:4200
ERROR - 2025-08-29 09:00:48 --> CORS Filter
ERROR - 2025-08-29 09:00:48 --> Origin: http://localhost:4200
ERROR - 2025-08-29 09:00:48 --> CORS Filter
ERROR - 2025-08-29 09:00:48 --> Origin: http://localhost:4200
ERROR - 2025-08-29 09:00:48 --> CORS Filter
ERROR - 2025-08-29 09:00:48 --> Origin: http://localhost:4200
ERROR - 2025-08-29 09:00:48 --> CORS Filter
ERROR - 2025-08-29 09:00:48 --> Origin: http://localhost:4200
ERROR - 2025-08-29 09:00:48 --> CORS Filter
ERROR - 2025-08-29 09:00:48 --> Origin: http://localhost:4200
ERROR - 2025-08-29 09:00:49 --> CORS Filter
ERROR - 2025-08-29 09:00:49 --> Origin: http://localhost:4200
ERROR - 2025-08-29 09:48:57 --> CORS Filter
ERROR - 2025-08-29 09:48:57 --> Origin: http://localhost:4200
ERROR - 2025-08-29 09:48:57 --> CORS Filter
ERROR - 2025-08-29 09:48:57 --> Origin: http://localhost:4200
ERROR - 2025-08-29 09:48:58 --> CORS Filter
ERROR - 2025-08-29 09:48:58 --> Origin: http://localhost:4200
ERROR - 2025-08-29 09:48:58 --> CORS Filter
ERROR - 2025-08-29 09:48:58 --> Origin: http://localhost:4200
ERROR - 2025-08-29 09:48:58 --> CORS Filter
ERROR - 2025-08-29 09:48:58 --> Origin: http://localhost:4200
ERROR - 2025-08-29 09:48:58 --> CORS Filter
ERROR - 2025-08-29 09:48:58 --> Origin: http://localhost:4200
ERROR - 2025-08-29 09:48:58 --> CORS Filter
ERROR - 2025-08-29 09:48:58 --> Origin: http://localhost:4200
ERROR - 2025-08-29 09:48:59 --> CORS Filter
ERROR - 2025-08-29 09:48:59 --> Origin: http://localhost:4200
ERROR - 2025-08-29 09:48:59 --> CORS Filter
ERROR - 2025-08-29 09:48:59 --> Origin: http://localhost:4200
ERROR - 2025-08-29 09:48:59 --> CORS Filter
ERROR - 2025-08-29 09:48:59 --> Origin: http://localhost:4200
ERROR - 2025-08-29 09:49:00 --> CORS Filter
ERROR - 2025-08-29 09:49:00 --> Origin: http://localhost:4200
ERROR - 2025-08-29 09:49:00 --> CORS Filter
ERROR - 2025-08-29 09:49:00 --> Origin: http://localhost:4200
ERROR - 2025-08-29 09:49:01 --> CORS Filter
ERROR - 2025-08-29 09:49:01 --> Origin: http://localhost:4200
ERROR - 2025-08-29 09:49:01 --> CORS Filter
ERROR - 2025-08-29 09:49:01 --> Origin: http://localhost:4200
ERROR - 2025-08-29 09:49:02 --> CORS Filter
ERROR - 2025-08-29 09:49:02 --> Origin: http://localhost:4200
ERROR - 2025-08-29 09:49:02 --> CORS Filter
ERROR - 2025-08-29 09:49:02 --> Origin: http://localhost:4200
ERROR - 2025-08-29 09:52:04 --> CORS Filter
ERROR - 2025-08-29 09:52:05 --> Origin: http://localhost:4200
ERROR - 2025-08-29 09:52:05 --> CORS Filter
ERROR - 2025-08-29 09:52:05 --> Origin: http://localhost:4200
ERROR - 2025-08-29 09:52:05 --> CORS Filter
ERROR - 2025-08-29 09:52:05 --> Origin: http://localhost:4200
ERROR - 2025-08-29 09:52:05 --> CORS Filter
ERROR - 2025-08-29 09:52:05 --> Origin: http://localhost:4200
ERROR - 2025-08-29 09:52:05 --> CORS Filter
ERROR - 2025-08-29 09:52:05 --> Origin: http://localhost:4200
ERROR - 2025-08-29 09:52:05 --> CORS Filter
ERROR - 2025-08-29 09:52:05 --> Origin: http://localhost:4200
ERROR - 2025-08-29 09:52:06 --> CORS Filter
ERROR - 2025-08-29 09:52:06 --> Origin: http://localhost:4200
ERROR - 2025-08-29 09:52:06 --> CORS Filter
ERROR - 2025-08-29 09:52:06 --> Origin: http://localhost:4200
ERROR - 2025-08-29 09:52:06 --> CORS Filter
ERROR - 2025-08-29 09:52:06 --> Origin: http://localhost:4200
ERROR - 2025-08-29 09:52:06 --> CORS Filter
ERROR - 2025-08-29 09:52:06 --> Origin: http://localhost:4200
ERROR - 2025-08-29 09:52:07 --> CORS Filter
ERROR - 2025-08-29 09:52:07 --> Origin: http://localhost:4200
ERROR - 2025-08-29 09:52:07 --> CORS Filter
ERROR - 2025-08-29 09:52:07 --> Origin: http://localhost:4200
ERROR - 2025-08-29 09:52:07 --> CORS Filter
ERROR - 2025-08-29 09:52:07 --> Origin: http://localhost:4200
ERROR - 2025-08-29 09:52:07 --> CORS Filter
ERROR - 2025-08-29 09:52:07 --> Origin: http://localhost:4200
ERROR - 2025-08-29 09:52:07 --> CORS Filter
ERROR - 2025-08-29 09:52:07 --> Origin: http://localhost:4200
ERROR - 2025-08-29 09:58:11 --> CORS Filter
ERROR - 2025-08-29 09:58:11 --> Origin: http://localhost:4200
ERROR - 2025-08-29 09:58:11 --> CORS Filter
ERROR - 2025-08-29 09:58:11 --> Origin: http://localhost:4200
ERROR - 2025-08-29 09:58:14 --> CORS Filter
ERROR - 2025-08-29 09:58:14 --> Origin: http://localhost:4200
ERROR - 2025-08-29 09:58:17 --> CORS Filter
ERROR - 2025-08-29 09:58:17 --> Origin: http://localhost:4200
ERROR - 2025-08-29 09:58:18 --> CORS Filter
ERROR - 2025-08-29 09:58:18 --> Origin: http://localhost:4200
ERROR - 2025-08-29 09:58:18 --> CORS Filter
ERROR - 2025-08-29 09:58:18 --> Origin: http://localhost:4200
ERROR - 2025-08-29 09:58:19 --> CORS Filter
ERROR - 2025-08-29 09:58:19 --> Origin: http://localhost:4200
ERROR - 2025-08-29 09:58:19 --> CORS Filter
ERROR - 2025-08-29 09:58:19 --> Origin: http://localhost:4200
ERROR - 2025-08-29 09:58:29 --> CORS Filter
ERROR - 2025-08-29 09:58:29 --> Origin: http://localhost:4200
ERROR - 2025-08-29 09:58:29 --> CORS Filter
ERROR - 2025-08-29 09:58:29 --> Origin: http://localhost:4200
ERROR - 2025-08-29 09:58:36 --> CORS Filter
ERROR - 2025-08-29 09:58:36 --> Origin: http://localhost:4200
ERROR - 2025-08-29 09:58:36 --> CORS Filter
ERROR - 2025-08-29 09:58:36 --> Origin: http://localhost:4200
ERROR - 2025-08-29 09:58:37 --> CORS Filter
ERROR - 2025-08-29 09:58:37 --> Origin: http://localhost:4200
ERROR - 2025-08-29 09:58:37 --> CORS Filter
ERROR - 2025-08-29 09:58:37 --> Origin: http://localhost:4200
ERROR - 2025-08-29 10:12:24 --> CORS Filter
ERROR - 2025-08-29 10:12:24 --> Origin: http://localhost:4200
ERROR - 2025-08-29 10:12:24 --> CORS Filter
ERROR - 2025-08-29 10:12:24 --> Origin: http://localhost:4200
ERROR - 2025-08-29 10:12:26 --> CORS Filter
ERROR - 2025-08-29 10:12:26 --> Origin: http://localhost:4200
ERROR - 2025-08-29 10:12:27 --> CORS Filter
ERROR - 2025-08-29 10:12:27 --> Origin: http://localhost:4200
ERROR - 2025-08-29 10:12:51 --> CORS Filter
ERROR - 2025-08-29 10:12:51 --> Origin: http://localhost:4200
ERROR - 2025-08-29 10:12:51 --> CORS Filter
ERROR - 2025-08-29 10:12:51 --> Origin: http://localhost:4200
ERROR - 2025-08-29 10:13:02 --> CORS Filter
ERROR - 2025-08-29 10:13:02 --> Origin: http://localhost:4200
ERROR - 2025-08-29 10:13:02 --> CORS Filter
ERROR - 2025-08-29 10:13:02 --> Origin: http://localhost:4200
ERROR - 2025-08-29 10:13:18 --> CORS Filter
ERROR - 2025-08-29 10:13:18 --> Origin: http://localhost:4200
ERROR - 2025-08-29 10:13:19 --> CORS Filter
ERROR - 2025-08-29 10:13:19 --> Origin: http://localhost:4200
ERROR - 2025-08-29 10:13:45 --> CORS Filter
ERROR - 2025-08-29 10:13:45 --> Origin: http://localhost:4200
ERROR - 2025-08-29 10:13:46 --> CORS Filter
ERROR - 2025-08-29 10:13:46 --> Origin: http://localhost:4200
ERROR - 2025-08-29 10:13:46 --> CORS Filter
ERROR - 2025-08-29 10:13:46 --> Origin: http://localhost:4200
ERROR - 2025-08-29 10:13:46 --> CORS Filter
ERROR - 2025-08-29 10:13:46 --> Origin: http://localhost:4200
ERROR - 2025-08-29 10:18:27 --> CORS Filter
ERROR - 2025-08-29 10:18:27 --> Origin: http://localhost:4200
ERROR - 2025-08-29 10:18:27 --> CORS Filter
ERROR - 2025-08-29 10:18:27 --> Origin: http://localhost:4200
ERROR - 2025-08-29 10:18:28 --> CORS Filter
ERROR - 2025-08-29 10:18:28 --> Origin: http://localhost:4200
ERROR - 2025-08-29 10:18:30 --> CORS Filter
ERROR - 2025-08-29 10:18:30 --> Origin: http://localhost:4200
ERROR - 2025-08-29 10:19:29 --> CORS Filter
ERROR - 2025-08-29 10:19:29 --> Origin: http://localhost:4200
ERROR - 2025-08-29 10:19:30 --> CORS Filter
ERROR - 2025-08-29 10:19:30 --> Origin: http://localhost:4200
ERROR - 2025-08-29 10:19:30 --> CORS Filter
ERROR - 2025-08-29 10:19:30 --> Origin: http://localhost:4200
ERROR - 2025-08-29 10:19:31 --> CORS Filter
ERROR - 2025-08-29 10:19:31 --> Origin: http://localhost:4200
ERROR - 2025-08-29 10:19:42 --> CORS Filter
ERROR - 2025-08-29 10:19:42 --> Origin: http://localhost:4200
ERROR - 2025-08-29 10:19:43 --> CORS Filter
ERROR - 2025-08-29 10:19:43 --> Origin: http://localhost:4200
ERROR - 2025-08-29 10:19:43 --> CORS Filter
ERROR - 2025-08-29 10:19:43 --> Origin: http://localhost:4200
ERROR - 2025-08-29 10:19:43 --> CORS Filter
ERROR - 2025-08-29 10:19:43 --> Origin: http://localhost:4200
ERROR - 2025-08-29 10:20:23 --> CORS Filter
ERROR - 2025-08-29 10:20:23 --> Origin: http://localhost:4200
ERROR - 2025-08-29 10:20:24 --> CORS Filter
ERROR - 2025-08-29 10:20:24 --> Origin: http://localhost:4200
ERROR - 2025-08-29 10:20:30 --> CORS Filter
ERROR - 2025-08-29 10:20:30 --> Origin: http://localhost:4200
ERROR - 2025-08-29 10:20:31 --> CORS Filter
ERROR - 2025-08-29 10:20:31 --> Origin: http://localhost:4200
ERROR - 2025-08-29 10:20:32 --> CORS Filter
ERROR - 2025-08-29 10:20:32 --> Origin: http://localhost:4200
ERROR - 2025-08-29 10:20:32 --> CORS Filter
ERROR - 2025-08-29 10:20:32 --> Origin: http://localhost:4200
ERROR - 2025-08-29 10:20:40 --> CORS Filter
ERROR - 2025-08-29 10:20:40 --> Origin: http://localhost:4200
ERROR - 2025-08-29 10:20:40 --> CORS Filter
ERROR - 2025-08-29 10:20:40 --> Origin: http://localhost:4200
ERROR - 2025-08-29 10:20:41 --> CORS Filter
ERROR - 2025-08-29 10:20:41 --> Origin: http://localhost:4200
ERROR - 2025-08-29 10:20:41 --> CORS Filter
ERROR - 2025-08-29 10:20:41 --> Origin: http://localhost:4200
ERROR - 2025-08-29 10:20:42 --> CORS Filter
ERROR - 2025-08-29 10:20:42 --> Origin: http://localhost:4200
ERROR - 2025-08-29 10:20:43 --> CORS Filter
ERROR - 2025-08-29 10:20:43 --> Origin: http://localhost:4200
ERROR - 2025-08-29 10:20:53 --> CORS Filter
ERROR - 2025-08-29 10:20:53 --> Origin: http://localhost:4200
ERROR - 2025-08-29 10:20:53 --> CORS Filter
ERROR - 2025-08-29 10:20:53 --> Origin: http://localhost:4200
ERROR - 2025-08-29 10:20:54 --> CORS Filter
ERROR - 2025-08-29 10:20:54 --> Origin: http://localhost:4200
ERROR - 2025-08-29 10:20:54 --> CORS Filter
ERROR - 2025-08-29 10:20:54 --> Origin: http://localhost:4200
ERROR - 2025-08-29 10:21:23 --> CORS Filter
ERROR - 2025-08-29 10:21:23 --> Origin: http://localhost:4200
ERROR - 2025-08-29 10:21:23 --> CORS Filter
ERROR - 2025-08-29 10:21:23 --> Origin: http://localhost:4200
ERROR - 2025-08-29 10:21:23 --> CORS Filter
ERROR - 2025-08-29 10:21:23 --> Origin: http://localhost:4200
ERROR - 2025-08-29 10:21:24 --> CORS Filter
ERROR - 2025-08-29 10:21:24 --> Origin: http://localhost:4200
ERROR - 2025-08-29 10:28:08 --> CORS Filter
ERROR - 2025-08-29 10:28:08 --> Origin: http://localhost:4200
ERROR - 2025-08-29 10:28:08 --> CORS Filter
ERROR - 2025-08-29 10:28:08 --> Origin: http://localhost:4200
ERROR - 2025-08-29 10:28:08 --> CORS Filter
ERROR - 2025-08-29 10:28:08 --> Origin: http://localhost:4200
ERROR - 2025-08-29 10:28:09 --> CORS Filter
ERROR - 2025-08-29 10:28:09 --> Origin: http://localhost:4200
ERROR - 2025-08-29 10:29:56 --> CORS Filter
ERROR - 2025-08-29 10:29:56 --> Origin: http://localhost:4200
ERROR - 2025-08-29 10:29:57 --> CORS Filter
ERROR - 2025-08-29 10:29:57 --> Origin: http://localhost:4200
ERROR - 2025-08-29 10:29:58 --> CORS Filter
ERROR - 2025-08-29 10:29:58 --> Origin: http://localhost:4200
ERROR - 2025-08-29 10:29:58 --> CORS Filter
ERROR - 2025-08-29 10:29:58 --> Origin: http://localhost:4200
ERROR - 2025-08-29 10:30:32 --> CORS Filter
ERROR - 2025-08-29 10:30:32 --> Origin: http://localhost:4200
ERROR - 2025-08-29 10:30:32 --> CORS Filter
ERROR - 2025-08-29 10:30:32 --> Origin: http://localhost:4200
ERROR - 2025-08-29 10:32:39 --> CORS Filter
ERROR - 2025-08-29 10:32:39 --> Origin: http://localhost:4200
ERROR - 2025-08-29 10:32:40 --> CORS Filter
ERROR - 2025-08-29 10:32:40 --> Origin: http://localhost:4200
ERROR - 2025-08-29 10:32:41 --> CORS Filter
ERROR - 2025-08-29 10:32:41 --> Origin: http://localhost:4200
ERROR - 2025-08-29 10:32:41 --> CORS Filter
ERROR - 2025-08-29 10:32:41 --> Origin: http://localhost:4200
ERROR - 2025-08-29 10:33:07 --> CORS Filter
ERROR - 2025-08-29 10:33:07 --> Origin: http://localhost:4200
ERROR - 2025-08-29 10:33:07 --> CORS Filter
ERROR - 2025-08-29 10:33:07 --> Origin: http://localhost:4200
ERROR - 2025-08-29 10:33:28 --> CORS Filter
ERROR - 2025-08-29 10:33:28 --> Origin: http://localhost:4200
ERROR - 2025-08-29 10:33:28 --> CORS Filter
ERROR - 2025-08-29 10:33:28 --> Origin: http://localhost:4200
ERROR - 2025-08-29 10:33:28 --> CORS Filter
ERROR - 2025-08-29 10:33:28 --> Origin: http://localhost:4200
ERROR - 2025-08-29 10:33:28 --> CORS Filter
ERROR - 2025-08-29 10:33:28 --> Origin: http://localhost:4200
ERROR - 2025-08-29 10:34:36 --> CORS Filter
ERROR - 2025-08-29 10:34:36 --> Origin: http://localhost:4200
ERROR - 2025-08-29 10:34:36 --> CORS Filter
ERROR - 2025-08-29 10:34:36 --> Origin: http://localhost:4200
ERROR - 2025-08-29 10:34:36 --> CORS Filter
ERROR - 2025-08-29 10:34:36 --> Origin: http://localhost:4200
ERROR - 2025-08-29 10:34:37 --> CORS Filter
ERROR - 2025-08-29 10:34:37 --> Origin: http://localhost:4200
ERROR - 2025-08-29 10:37:47 --> CORS Filter
ERROR - 2025-08-29 10:37:47 --> Origin: http://localhost:4200
ERROR - 2025-08-29 10:37:48 --> CORS Filter
ERROR - 2025-08-29 10:37:48 --> Origin: http://localhost:4200
ERROR - 2025-08-29 10:37:49 --> CORS Filter
ERROR - 2025-08-29 10:37:49 --> Origin: http://localhost:4200
ERROR - 2025-08-29 10:37:49 --> CORS Filter
ERROR - 2025-08-29 10:37:49 --> Origin: http://localhost:4200
ERROR - 2025-08-29 10:40:40 --> CORS Filter
ERROR - 2025-08-29 10:40:40 --> Origin: http://localhost:4200
ERROR - 2025-08-29 10:40:41 --> CORS Filter
ERROR - 2025-08-29 10:40:41 --> Origin: http://localhost:4200
ERROR - 2025-08-29 10:40:41 --> CORS Filter
ERROR - 2025-08-29 10:40:41 --> Origin: http://localhost:4200
ERROR - 2025-08-29 10:40:41 --> CORS Filter
ERROR - 2025-08-29 10:40:41 --> Origin: http://localhost:4200
ERROR - 2025-08-29 10:43:47 --> CORS Filter
ERROR - 2025-08-29 10:43:47 --> Origin: http://localhost:4200
ERROR - 2025-08-29 10:43:47 --> CORS Filter
ERROR - 2025-08-29 10:43:47 --> Origin: http://localhost:4200
ERROR - 2025-08-29 10:43:48 --> CORS Filter
ERROR - 2025-08-29 10:43:48 --> Origin: http://localhost:4200
ERROR - 2025-08-29 10:43:48 --> CORS Filter
ERROR - 2025-08-29 10:43:48 --> Origin: http://localhost:4200
ERROR - 2025-08-29 10:44:25 --> CORS Filter
ERROR - 2025-08-29 10:44:25 --> Origin: http://localhost:4200
ERROR - 2025-08-29 10:44:26 --> CORS Filter
ERROR - 2025-08-29 10:44:26 --> Origin: http://localhost:4200
ERROR - 2025-08-29 10:44:26 --> CORS Filter
ERROR - 2025-08-29 10:44:26 --> Origin: http://localhost:4200
ERROR - 2025-08-29 10:44:26 --> CORS Filter
ERROR - 2025-08-29 10:44:26 --> Origin: http://localhost:4200
ERROR - 2025-08-29 10:44:58 --> CORS Filter
ERROR - 2025-08-29 10:44:58 --> Origin: http://localhost:4200
ERROR - 2025-08-29 10:44:58 --> CORS Filter
ERROR - 2025-08-29 10:44:58 --> Origin: http://localhost:4200
ERROR - 2025-08-29 10:47:38 --> CORS Filter
ERROR - 2025-08-29 10:47:38 --> Origin: http://localhost:4200
ERROR - 2025-08-29 10:47:39 --> CORS Filter
ERROR - 2025-08-29 10:47:39 --> Origin: http://localhost:4200
ERROR - 2025-08-29 10:47:39 --> CORS Filter
ERROR - 2025-08-29 10:47:39 --> Origin: http://localhost:4200
ERROR - 2025-08-29 10:47:39 --> CORS Filter
ERROR - 2025-08-29 10:47:39 --> Origin: http://localhost:4200
ERROR - 2025-08-29 10:48:55 --> CORS Filter
ERROR - 2025-08-29 10:48:55 --> Origin: http://localhost:4200
ERROR - 2025-08-29 10:48:56 --> CORS Filter
ERROR - 2025-08-29 10:48:56 --> Origin: http://localhost:4200
ERROR - 2025-08-29 10:48:57 --> CORS Filter
ERROR - 2025-08-29 10:48:57 --> Origin: http://localhost:4200
ERROR - 2025-08-29 10:48:57 --> CORS Filter
ERROR - 2025-08-29 10:48:57 --> Origin: http://localhost:4200
ERROR - 2025-08-29 10:49:20 --> CORS Filter
ERROR - 2025-08-29 10:49:20 --> Origin: http://localhost:4200
ERROR - 2025-08-29 10:49:20 --> CORS Filter
ERROR - 2025-08-29 10:49:20 --> Origin: http://localhost:4200
ERROR - 2025-08-29 10:51:37 --> CORS Filter
ERROR - 2025-08-29 10:51:37 --> Origin: http://localhost:4200
ERROR - 2025-08-29 10:51:38 --> CORS Filter
ERROR - 2025-08-29 10:51:38 --> Origin: http://localhost:4200
ERROR - 2025-08-29 10:51:38 --> CORS Filter
ERROR - 2025-08-29 10:51:38 --> Origin: http://localhost:4200
ERROR - 2025-08-29 10:51:38 --> CORS Filter
ERROR - 2025-08-29 10:51:38 --> Origin: http://localhost:4200
ERROR - 2025-08-29 10:56:22 --> CORS Filter
ERROR - 2025-08-29 10:56:22 --> Origin: http://localhost:4200
ERROR - 2025-08-29 10:56:23 --> CORS Filter
ERROR - 2025-08-29 10:56:23 --> Origin: http://localhost:4200
ERROR - 2025-08-29 10:56:24 --> CORS Filter
ERROR - 2025-08-29 10:56:24 --> Origin: http://localhost:4200
ERROR - 2025-08-29 10:56:24 --> CORS Filter
ERROR - 2025-08-29 10:56:24 --> Origin: http://localhost:4200
ERROR - 2025-08-29 10:57:28 --> CORS Filter
ERROR - 2025-08-29 10:57:28 --> Origin: http://localhost:4200
ERROR - 2025-08-29 10:57:28 --> CORS Filter
ERROR - 2025-08-29 10:57:28 --> Origin: http://localhost:4200
ERROR - 2025-08-29 10:57:29 --> CORS Filter
ERROR - 2025-08-29 10:57:29 --> Origin: http://localhost:4200
ERROR - 2025-08-29 10:57:29 --> CORS Filter
ERROR - 2025-08-29 10:57:29 --> Origin: http://localhost:4200
ERROR - 2025-08-29 10:59:08 --> CORS Filter
ERROR - 2025-08-29 10:59:08 --> Origin: http://localhost:4200
ERROR - 2025-08-29 10:59:08 --> CORS Filter
ERROR - 2025-08-29 10:59:08 --> Origin: http://localhost:4200
ERROR - 2025-08-29 10:59:09 --> CORS Filter
ERROR - 2025-08-29 10:59:09 --> Origin: http://localhost:4200
ERROR - 2025-08-29 10:59:09 --> CORS Filter
ERROR - 2025-08-29 10:59:09 --> Origin: http://localhost:4200
ERROR - 2025-08-29 10:59:10 --> CORS Filter
ERROR - 2025-08-29 10:59:10 --> Origin: http://localhost:4200
ERROR - 2025-08-29 10:59:10 --> CORS Filter
ERROR - 2025-08-29 10:59:10 --> Origin: http://localhost:4200
ERROR - 2025-08-29 10:59:11 --> CORS Filter
ERROR - 2025-08-29 10:59:11 --> Origin: http://localhost:4200
ERROR - 2025-08-29 10:59:11 --> CORS Filter
ERROR - 2025-08-29 10:59:11 --> Origin: http://localhost:4200
ERROR - 2025-08-29 10:59:17 --> CORS Filter
ERROR - 2025-08-29 10:59:17 --> Origin: http://localhost:4200
ERROR - 2025-08-29 10:59:18 --> CORS Filter
ERROR - 2025-08-29 10:59:18 --> Origin: http://localhost:4200
ERROR - 2025-08-29 10:59:23 --> CORS Filter
ERROR - 2025-08-29 10:59:23 --> Origin: http://localhost:4200
ERROR - 2025-08-29 10:59:23 --> CORS Filter
ERROR - 2025-08-29 10:59:23 --> Origin: http://localhost:4200
ERROR - 2025-08-29 10:59:24 --> CORS Filter
ERROR - 2025-08-29 10:59:24 --> Origin: http://localhost:4200
ERROR - 2025-08-29 10:59:24 --> CORS Filter
ERROR - 2025-08-29 10:59:24 --> Origin: http://localhost:4200
ERROR - 2025-08-29 11:01:19 --> CORS Filter
ERROR - 2025-08-29 11:01:19 --> Origin: http://localhost:4200
ERROR - 2025-08-29 11:01:19 --> CORS Filter
ERROR - 2025-08-29 11:01:19 --> Origin: http://localhost:4200
ERROR - 2025-08-29 11:01:49 --> CORS Filter
ERROR - 2025-08-29 11:01:49 --> Origin: http://localhost:4200
ERROR - 2025-08-29 11:01:50 --> CORS Filter
ERROR - 2025-08-29 11:01:50 --> Origin: http://localhost:4200
ERROR - 2025-08-29 11:01:51 --> CORS Filter
ERROR - 2025-08-29 11:01:51 --> Origin: http://localhost:4200
ERROR - 2025-08-29 11:01:51 --> CORS Filter
ERROR - 2025-08-29 11:01:51 --> Origin: http://localhost:4200
ERROR - 2025-08-29 11:01:59 --> CORS Filter
ERROR - 2025-08-29 11:01:59 --> Origin: http://localhost:4200
ERROR - 2025-08-29 11:01:59 --> CORS Filter
ERROR - 2025-08-29 11:01:59 --> Origin: http://localhost:4200
ERROR - 2025-08-29 11:02:00 --> CORS Filter
ERROR - 2025-08-29 11:02:00 --> Origin: http://localhost:4200
ERROR - 2025-08-29 11:02:01 --> CORS Filter
ERROR - 2025-08-29 11:02:01 --> Origin: http://localhost:4200
ERROR - 2025-08-29 11:10:20 --> CORS Filter
ERROR - 2025-08-29 11:10:20 --> Origin: http://localhost:4200
ERROR - 2025-08-29 11:10:20 --> CORS Filter
ERROR - 2025-08-29 11:10:20 --> Origin: http://localhost:4200
ERROR - 2025-08-29 11:10:21 --> CORS Filter
ERROR - 2025-08-29 11:10:21 --> Origin: http://localhost:4200
ERROR - 2025-08-29 11:10:21 --> CORS Filter
ERROR - 2025-08-29 11:10:21 --> Origin: http://localhost:4200
ERROR - 2025-08-29 11:10:21 --> CORS Filter
ERROR - 2025-08-29 11:10:21 --> Origin: http://localhost:4200
ERROR - 2025-08-29 11:10:21 --> CORS Filter
ERROR - 2025-08-29 11:10:21 --> Origin: http://localhost:4200
ERROR - 2025-08-29 11:10:27 --> CORS Filter
ERROR - 2025-08-29 11:10:27 --> Origin: http://localhost:4200
ERROR - 2025-08-29 11:10:27 --> CORS Filter
ERROR - 2025-08-29 11:10:27 --> Origin: http://localhost:4200
ERROR - 2025-08-29 17:06:45 --> CORS Filter
ERROR - 2025-08-29 17:06:45 --> Origin: http://localhost:4200
ERROR - 2025-08-29 17:06:45 --> CORS Filter
ERROR - 2025-08-29 17:06:45 --> Origin: http://localhost:4200
ERROR - 2025-08-29 17:06:45 --> CORS Filter
ERROR - 2025-08-29 17:06:45 --> Origin: http://localhost:4200
ERROR - 2025-08-29 17:06:48 --> CORS Filter
ERROR - 2025-08-29 17:06:48 --> Origin: http://localhost:4200
ERROR - 2025-08-29 17:28:27 --> CORS Filter
ERROR - 2025-08-29 17:28:27 --> Origin: http://localhost:4200
ERROR - 2025-08-29 17:28:27 --> CORS Filter
ERROR - 2025-08-29 17:28:27 --> Origin: http://localhost:4200
ERROR - 2025-08-29 17:28:31 --> CORS Filter
ERROR - 2025-08-29 17:28:31 --> Origin: http://localhost:4200
ERROR - 2025-08-29 17:28:31 --> CORS Filter
ERROR - 2025-08-29 17:28:31 --> Origin: http://localhost:4200
ERROR - 2025-08-29 17:28:32 --> CORS Filter
ERROR - 2025-08-29 17:28:32 --> Origin: http://localhost:4200
ERROR - 2025-08-29 17:28:32 --> CORS Filter
ERROR - 2025-08-29 17:28:32 --> Origin: http://localhost:4200
ERROR - 2025-08-29 17:28:32 --> CORS Filter
ERROR - 2025-08-29 17:28:32 --> Origin: http://localhost:4200
ERROR - 2025-08-29 17:28:33 --> CORS Filter
ERROR - 2025-08-29 17:28:33 --> Origin: http://localhost:4200
ERROR - 2025-08-29 17:28:45 --> CORS Filter
ERROR - 2025-08-29 17:28:45 --> Origin: http://localhost:4200
ERROR - 2025-08-29 17:28:45 --> CORS Filter
ERROR - 2025-08-29 17:28:45 --> Origin: http://localhost:4200
ERROR - 2025-08-29 17:28:51 --> CORS Filter
ERROR - 2025-08-29 17:28:51 --> Origin: http://localhost:4200
ERROR - 2025-08-29 17:28:51 --> CORS Filter
ERROR - 2025-08-29 17:28:51 --> Origin: http://localhost:4200
ERROR - 2025-08-29 17:28:51 --> CORS Filter
ERROR - 2025-08-29 17:28:51 --> Origin: http://localhost:4200
ERROR - 2025-08-29 17:28:51 --> CORS Filter
ERROR - 2025-08-29 17:28:51 --> Origin: http://localhost:4200
ERROR - 2025-08-29 17:31:00 --> CORS Filter
ERROR - 2025-08-29 17:31:00 --> Origin: http://localhost:4200
ERROR - 2025-08-29 17:31:00 --> CORS Filter
ERROR - 2025-08-29 17:31:00 --> Origin: http://localhost:4200
ERROR - 2025-08-29 17:31:00 --> CORS Filter
ERROR - 2025-08-29 17:31:00 --> Origin: http://localhost:4200
ERROR - 2025-08-29 17:31:00 --> CORS Filter
ERROR - 2025-08-29 17:31:00 --> Origin: http://localhost:4200
ERROR - 2025-08-29 17:31:37 --> CORS Filter
ERROR - 2025-08-29 17:31:37 --> Origin: http://localhost:4200
ERROR - 2025-08-29 17:31:37 --> CORS Filter
ERROR - 2025-08-29 17:31:37 --> Origin: http://localhost:4200
ERROR - 2025-08-29 17:31:38 --> CORS Filter
ERROR - 2025-08-29 17:31:38 --> Origin: http://localhost:4200
ERROR - 2025-08-29 17:31:38 --> CORS Filter
ERROR - 2025-08-29 17:31:38 --> Origin: http://localhost:4200
ERROR - 2025-08-29 17:34:06 --> CORS Filter
ERROR - 2025-08-29 17:34:06 --> Origin: http://localhost:4200
ERROR - 2025-08-29 17:34:06 --> CORS Filter
ERROR - 2025-08-29 17:34:06 --> Origin: http://localhost:4200
ERROR - 2025-08-29 17:34:06 --> CORS Filter
ERROR - 2025-08-29 17:34:06 --> Origin: http://localhost:4200
ERROR - 2025-08-29 17:34:06 --> CORS Filter
ERROR - 2025-08-29 17:34:06 --> Origin: http://localhost:4200
ERROR - 2025-08-29 17:35:02 --> CORS Filter
ERROR - 2025-08-29 17:35:02 --> Origin: http://localhost:4200
ERROR - 2025-08-29 17:35:02 --> CORS Filter
ERROR - 2025-08-29 17:35:02 --> Origin: http://localhost:4200
ERROR - 2025-08-29 17:35:02 --> CORS Filter
ERROR - 2025-08-29 17:35:02 --> Origin: http://localhost:4200
ERROR - 2025-08-29 17:35:02 --> CORS Filter
ERROR - 2025-08-29 17:35:02 --> Origin: http://localhost:4200
ERROR - 2025-08-29 17:37:08 --> CORS Filter
ERROR - 2025-08-29 17:37:08 --> Origin: http://localhost:4200
ERROR - 2025-08-29 17:37:08 --> CORS Filter
ERROR - 2025-08-29 17:37:08 --> Origin: http://localhost:4200
ERROR - 2025-08-29 17:37:08 --> CORS Filter
ERROR - 2025-08-29 17:37:08 --> Origin: http://localhost:4200
ERROR - 2025-08-29 17:37:08 --> CORS Filter
ERROR - 2025-08-29 17:37:08 --> Origin: http://localhost:4200
ERROR - 2025-08-29 17:37:50 --> CORS Filter
ERROR - 2025-08-29 17:37:50 --> Origin: http://localhost:4200
ERROR - 2025-08-29 17:37:50 --> CORS Filter
ERROR - 2025-08-29 17:37:50 --> Origin: http://localhost:4200
ERROR - 2025-08-29 17:37:51 --> CORS Filter
ERROR - 2025-08-29 17:37:51 --> Origin: http://localhost:4200
ERROR - 2025-08-29 17:37:51 --> CORS Filter
ERROR - 2025-08-29 17:37:51 --> Origin: http://localhost:4200
ERROR - 2025-08-29 17:38:15 --> CORS Filter
ERROR - 2025-08-29 17:38:15 --> Origin: http://localhost:4200
ERROR - 2025-08-29 17:38:15 --> CORS Filter
ERROR - 2025-08-29 17:38:15 --> Origin: http://localhost:4200
ERROR - 2025-08-29 17:38:15 --> CORS Filter
ERROR - 2025-08-29 17:38:15 --> Origin: http://localhost:4200
ERROR - 2025-08-29 17:38:15 --> CORS Filter
ERROR - 2025-08-29 17:38:15 --> Origin: http://localhost:4200
ERROR - 2025-08-29 17:39:28 --> CORS Filter
ERROR - 2025-08-29 17:39:28 --> Origin: http://localhost:4200
ERROR - 2025-08-29 17:39:28 --> CORS Filter
ERROR - 2025-08-29 17:39:28 --> Origin: http://localhost:4200
ERROR - 2025-08-29 17:39:28 --> CORS Filter
ERROR - 2025-08-29 17:39:28 --> Origin: http://localhost:4200
ERROR - 2025-08-29 17:39:28 --> CORS Filter
ERROR - 2025-08-29 17:39:28 --> Origin: http://localhost:4200
ERROR - 2025-08-29 17:44:38 --> CORS Filter
ERROR - 2025-08-29 17:44:38 --> Origin: http://localhost:4200
ERROR - 2025-08-29 17:44:38 --> CORS Filter
ERROR - 2025-08-29 17:44:38 --> Origin: http://localhost:4200
ERROR - 2025-08-29 17:44:38 --> CORS Filter
ERROR - 2025-08-29 17:44:38 --> Origin: http://localhost:4200
ERROR - 2025-08-29 17:44:38 --> CORS Filter
ERROR - 2025-08-29 17:44:38 --> Origin: http://localhost:4200
ERROR - 2025-08-29 17:47:33 --> CORS Filter
ERROR - 2025-08-29 17:47:33 --> Origin: http://localhost:4200
ERROR - 2025-08-29 17:47:33 --> CORS Filter
ERROR - 2025-08-29 17:47:33 --> Origin: http://localhost:4200
ERROR - 2025-08-29 17:47:33 --> CORS Filter
ERROR - 2025-08-29 17:47:33 --> Origin: http://localhost:4200
ERROR - 2025-08-29 17:47:33 --> CORS Filter
ERROR - 2025-08-29 17:47:33 --> Origin: http://localhost:4200
ERROR - 2025-08-29 17:50:30 --> CORS Filter
ERROR - 2025-08-29 17:50:30 --> Origin: http://localhost:4200
ERROR - 2025-08-29 17:50:30 --> CORS Filter
ERROR - 2025-08-29 17:50:30 --> Origin: http://localhost:4200
ERROR - 2025-08-29 17:50:30 --> CORS Filter
ERROR - 2025-08-29 17:50:30 --> Origin: http://localhost:4200
ERROR - 2025-08-29 17:50:30 --> CORS Filter
ERROR - 2025-08-29 17:50:30 --> Origin: http://localhost:4200
ERROR - 2025-08-29 17:52:53 --> CORS Filter
ERROR - 2025-08-29 17:52:53 --> Origin: http://localhost:4200
ERROR - 2025-08-29 17:52:53 --> CORS Filter
ERROR - 2025-08-29 17:52:53 --> Origin: http://localhost:4200
ERROR - 2025-08-29 17:52:53 --> CORS Filter
ERROR - 2025-08-29 17:52:53 --> Origin: http://localhost:4200
ERROR - 2025-08-29 17:52:53 --> CORS Filter
ERROR - 2025-08-29 17:52:53 --> Origin: http://localhost:4200
ERROR - 2025-08-29 17:54:06 --> CORS Filter
ERROR - 2025-08-29 17:54:06 --> Origin: http://localhost:4200
ERROR - 2025-08-29 17:54:06 --> CORS Filter
ERROR - 2025-08-29 17:54:06 --> Origin: http://localhost:4200
ERROR - 2025-08-29 17:54:06 --> CORS Filter
ERROR - 2025-08-29 17:54:06 --> Origin: http://localhost:4200
ERROR - 2025-08-29 17:54:06 --> CORS Filter
ERROR - 2025-08-29 17:54:06 --> Origin: http://localhost:4200
ERROR - 2025-08-29 17:54:31 --> CORS Filter
ERROR - 2025-08-29 17:54:31 --> Origin: http://localhost:4200
ERROR - 2025-08-29 17:54:32 --> CORS Filter
ERROR - 2025-08-29 17:54:32 --> Origin: http://localhost:4200
ERROR - 2025-08-29 17:54:32 --> CORS Filter
ERROR - 2025-08-29 17:54:32 --> Origin: http://localhost:4200
ERROR - 2025-08-29 17:54:32 --> CORS Filter
ERROR - 2025-08-29 17:54:32 --> Origin: http://localhost:4200
ERROR - 2025-08-29 18:04:30 --> CORS Filter
ERROR - 2025-08-29 18:04:30 --> Origin: http://localhost:4200
ERROR - 2025-08-29 18:04:30 --> CORS Filter
ERROR - 2025-08-29 18:04:30 --> Origin: http://localhost:4200
ERROR - 2025-08-29 18:04:31 --> CORS Filter
ERROR - 2025-08-29 18:04:31 --> Origin: http://localhost:4200
ERROR - 2025-08-29 18:04:31 --> CORS Filter
ERROR - 2025-08-29 18:04:31 --> Origin: http://localhost:4200
ERROR - 2025-08-29 18:04:45 --> CORS Filter
ERROR - 2025-08-29 18:04:45 --> Origin: http://localhost:4200
ERROR - 2025-08-29 18:04:46 --> CORS Filter
ERROR - 2025-08-29 18:04:46 --> Origin: http://localhost:4200
ERROR - 2025-08-29 18:04:46 --> CORS Filter
ERROR - 2025-08-29 18:04:46 --> Origin: http://localhost:4200
ERROR - 2025-08-29 18:04:46 --> CORS Filter
ERROR - 2025-08-29 18:04:46 --> Origin: http://localhost:4200
ERROR - 2025-08-29 18:04:58 --> CORS Filter
ERROR - 2025-08-29 18:04:58 --> Origin: http://localhost:4200
ERROR - 2025-08-29 18:04:58 --> CORS Filter
ERROR - 2025-08-29 18:04:58 --> Origin: http://localhost:4200
ERROR - 2025-08-29 18:05:51 --> CORS Filter
ERROR - 2025-08-29 18:05:51 --> Origin: http://localhost:4200
ERROR - 2025-08-29 18:05:51 --> CORS Filter
ERROR - 2025-08-29 18:05:51 --> Origin: http://localhost:4200
ERROR - 2025-08-29 18:05:51 --> CORS Filter
ERROR - 2025-08-29 18:05:51 --> Origin: http://localhost:4200
ERROR - 2025-08-29 18:05:51 --> CORS Filter
ERROR - 2025-08-29 18:05:51 --> Origin: http://localhost:4200
ERROR - 2025-08-29 18:09:31 --> CORS Filter
ERROR - 2025-08-29 18:09:31 --> Origin: http://localhost:4200
ERROR - 2025-08-29 18:09:31 --> CORS Filter
ERROR - 2025-08-29 18:09:31 --> Origin: http://localhost:4200
ERROR - 2025-08-29 18:09:31 --> CORS Filter
ERROR - 2025-08-29 18:09:31 --> Origin: http://localhost:4200
ERROR - 2025-08-29 18:09:32 --> CORS Filter
ERROR - 2025-08-29 18:09:32 --> Origin: http://localhost:4200
ERROR - 2025-08-29 18:10:31 --> CORS Filter
ERROR - 2025-08-29 18:10:31 --> Origin: http://localhost:4200
ERROR - 2025-08-29 18:10:31 --> CORS Filter
ERROR - 2025-08-29 18:10:31 --> Origin: http://localhost:4200
ERROR - 2025-08-29 18:10:47 --> CORS Filter
ERROR - 2025-08-29 18:10:47 --> Origin: http://localhost:4200
ERROR - 2025-08-29 18:10:47 --> CORS Filter
ERROR - 2025-08-29 18:10:47 --> Origin: http://localhost:4200
ERROR - 2025-08-29 18:11:31 --> CORS Filter
ERROR - 2025-08-29 18:11:31 --> Origin: http://localhost:4200
ERROR - 2025-08-29 18:11:31 --> CORS Filter
ERROR - 2025-08-29 18:11:31 --> Origin: http://localhost:4200
ERROR - 2025-08-29 18:15:53 --> CORS Filter
ERROR - 2025-08-29 18:15:53 --> Origin: http://localhost:4200
ERROR - 2025-08-29 18:15:54 --> CORS Filter
ERROR - 2025-08-29 18:15:54 --> Origin: http://localhost:4200
ERROR - 2025-08-29 18:15:55 --> CORS Filter
ERROR - 2025-08-29 18:15:55 --> Origin: http://localhost:4200
ERROR - 2025-08-29 18:15:55 --> CORS Filter
ERROR - 2025-08-29 18:15:55 --> Origin: http://localhost:4200
ERROR - 2025-08-29 18:15:59 --> CORS Filter
ERROR - 2025-08-29 18:15:59 --> Origin: http://localhost:4200
ERROR - 2025-08-29 18:16:00 --> CORS Filter
ERROR - 2025-08-29 18:16:00 --> Origin: http://localhost:4200
ERROR - 2025-08-29 18:16:01 --> CORS Filter
ERROR - 2025-08-29 18:16:01 --> Origin: http://localhost:4200
ERROR - 2025-08-29 18:16:01 --> CORS Filter
ERROR - 2025-08-29 18:16:01 --> Origin: http://localhost:4200
ERROR - 2025-08-29 18:16:29 --> CORS Filter
ERROR - 2025-08-29 18:16:29 --> Origin: http://localhost:4200
ERROR - 2025-08-29 18:16:29 --> CORS Filter
ERROR - 2025-08-29 18:16:29 --> Origin: http://localhost:4200
ERROR - 2025-08-29 18:16:56 --> CORS Filter
ERROR - 2025-08-29 18:16:56 --> Origin: http://localhost:4200
ERROR - 2025-08-29 18:16:56 --> CORS Filter
ERROR - 2025-08-29 18:16:56 --> Origin: http://localhost:4200
ERROR - 2025-08-29 18:16:57 --> CORS Filter
ERROR - 2025-08-29 18:16:57 --> Origin: http://localhost:4200
ERROR - 2025-08-29 18:16:57 --> CORS Filter
ERROR - 2025-08-29 18:16:57 --> Origin: http://localhost:4200
ERROR - 2025-08-29 18:16:58 --> CORS Filter
ERROR - 2025-08-29 18:16:58 --> Origin: http://localhost:4200
ERROR - 2025-08-29 18:16:58 --> CORS Filter
ERROR - 2025-08-29 18:16:58 --> Origin: http://localhost:4200
ERROR - 2025-08-29 18:17:06 --> CORS Filter
ERROR - 2025-08-29 18:17:06 --> Origin: http://localhost:4200
ERROR - 2025-08-29 18:17:07 --> CORS Filter
ERROR - 2025-08-29 18:17:07 --> Origin: http://localhost:4200
ERROR - 2025-08-29 18:17:07 --> CORS Filter
ERROR - 2025-08-29 18:17:07 --> Origin: http://localhost:4200
ERROR - 2025-08-29 18:17:07 --> CORS Filter
ERROR - 2025-08-29 18:17:07 --> Origin: http://localhost:4200
ERROR - 2025-08-29 18:18:35 --> CORS Filter
ERROR - 2025-08-29 18:18:35 --> Origin: http://localhost:4200
ERROR - 2025-08-29 18:18:35 --> CORS Filter
ERROR - 2025-08-29 18:18:35 --> Origin: http://localhost:4200
ERROR - 2025-08-29 18:18:45 --> CORS Filter
ERROR - 2025-08-29 18:18:45 --> Origin: http://localhost:4200
ERROR - 2025-08-29 18:18:45 --> CORS Filter
ERROR - 2025-08-29 18:18:45 --> Origin: http://localhost:4200
ERROR - 2025-08-29 18:19:16 --> CORS Filter
ERROR - 2025-08-29 18:19:16 --> Origin: http://localhost:4200
ERROR - 2025-08-29 18:19:16 --> CORS Filter
ERROR - 2025-08-29 18:19:16 --> Origin: http://localhost:4200
ERROR - 2025-08-29 18:19:17 --> CORS Filter
ERROR - 2025-08-29 18:19:17 --> Origin: http://localhost:4200
ERROR - 2025-08-29 18:19:17 --> CORS Filter
ERROR - 2025-08-29 18:19:17 --> Origin: http://localhost:4200
ERROR - 2025-08-29 18:19:18 --> CORS Filter
ERROR - 2025-08-29 18:19:18 --> Origin: http://localhost:4200
ERROR - 2025-08-29 18:19:18 --> CORS Filter
ERROR - 2025-08-29 18:19:18 --> Origin: http://localhost:4200
ERROR - 2025-08-29 18:20:55 --> CORS Filter
ERROR - 2025-08-29 18:20:55 --> Origin: http://localhost:4200
ERROR - 2025-08-29 18:20:55 --> CORS Filter
ERROR - 2025-08-29 18:20:55 --> Origin: http://localhost:4200
ERROR - 2025-08-29 18:20:56 --> CORS Filter
ERROR - 2025-08-29 18:20:56 --> Origin: http://localhost:4200
ERROR - 2025-08-29 18:20:56 --> CORS Filter
ERROR - 2025-08-29 18:20:56 --> Origin: http://localhost:4200
ERROR - 2025-08-29 18:20:56 --> CORS Filter
ERROR - 2025-08-29 18:20:56 --> Origin: http://localhost:4200
ERROR - 2025-08-29 18:20:56 --> CORS Filter
ERROR - 2025-08-29 18:20:56 --> Origin: http://localhost:4200
ERROR - 2025-08-29 18:22:26 --> CORS Filter
ERROR - 2025-08-29 18:22:26 --> Origin: http://localhost:4200
ERROR - 2025-08-29 18:22:26 --> CORS Filter
ERROR - 2025-08-29 18:22:26 --> Origin: http://localhost:4200
ERROR - 2025-08-29 18:22:29 --> CORS Filter
ERROR - 2025-08-29 18:22:29 --> Origin: http://localhost:4200
ERROR - 2025-08-29 18:22:29 --> CORS Filter
ERROR - 2025-08-29 18:22:29 --> Origin: http://localhost:4200
ERROR - 2025-08-29 18:22:35 --> CORS Filter
ERROR - 2025-08-29 18:22:35 --> Origin: http://localhost:4200
ERROR - 2025-08-29 18:22:36 --> CORS Filter
ERROR - 2025-08-29 18:22:36 --> Origin: http://localhost:4200
ERROR - 2025-08-29 18:22:36 --> CORS Filter
ERROR - 2025-08-29 18:22:36 --> Origin: http://localhost:4200
ERROR - 2025-08-29 18:22:37 --> CORS Filter
ERROR - 2025-08-29 18:22:37 --> Origin: http://localhost:4200
ERROR - 2025-08-29 18:22:54 --> CORS Filter
ERROR - 2025-08-29 18:22:54 --> Origin: http://localhost:4200
ERROR - 2025-08-29 18:22:54 --> CORS Filter
ERROR - 2025-08-29 18:22:54 --> Origin: http://localhost:4200
ERROR - 2025-08-29 18:23:02 --> CORS Filter
ERROR - 2025-08-29 18:23:02 --> Origin: http://localhost:4200
ERROR - 2025-08-29 18:23:02 --> CORS Filter
ERROR - 2025-08-29 18:23:02 --> Origin: http://localhost:4200
ERROR - 2025-08-29 18:24:09 --> CORS Filter
ERROR - 2025-08-29 18:24:09 --> Origin: http://localhost:4200
ERROR - 2025-08-29 18:24:10 --> CORS Filter
ERROR - 2025-08-29 18:24:10 --> Origin: http://localhost:4200
ERROR - 2025-08-29 18:24:13 --> CORS Filter
ERROR - 2025-08-29 18:24:13 --> Origin: http://localhost:4200
ERROR - 2025-08-29 18:24:13 --> CORS Filter
ERROR - 2025-08-29 18:24:13 --> Origin: http://localhost:4200
ERROR - 2025-08-29 18:24:14 --> CORS Filter
ERROR - 2025-08-29 18:24:14 --> Origin: http://localhost:4200
ERROR - 2025-08-29 18:25:46 --> CORS Filter
ERROR - 2025-08-29 18:25:46 --> Origin: http://localhost:4200
ERROR - 2025-08-29 18:25:47 --> CORS Filter
ERROR - 2025-08-29 18:25:47 --> Origin: http://localhost:4200
ERROR - 2025-08-29 18:27:17 --> CORS Filter
ERROR - 2025-08-29 18:27:17 --> Origin: http://localhost:4200
ERROR - 2025-08-29 18:27:18 --> CORS Filter
ERROR - 2025-08-29 18:27:18 --> Origin: http://localhost:4200
ERROR - 2025-08-29 18:28:53 --> CORS Filter
ERROR - 2025-08-29 18:28:53 --> Origin: http://localhost:4200
ERROR - 2025-08-29 18:28:53 --> CORS Filter
ERROR - 2025-08-29 18:28:53 --> Origin: http://localhost:4200
ERROR - 2025-08-29 18:28:53 --> CORS Filter
ERROR - 2025-08-29 18:28:53 --> Origin: http://localhost:4200
ERROR - 2025-08-29 18:28:54 --> CORS Filter
ERROR - 2025-08-29 18:28:54 --> Origin: http://localhost:4200
ERROR - 2025-08-29 18:28:54 --> CORS Filter
ERROR - 2025-08-29 18:28:54 --> Origin: http://localhost:4200
ERROR - 2025-08-29 18:28:54 --> CORS Filter
ERROR - 2025-08-29 18:28:54 --> Origin: http://localhost:4200
ERROR - 2025-08-29 18:28:55 --> CORS Filter
ERROR - 2025-08-29 18:28:55 --> Origin: http://localhost:4200
ERROR - 2025-08-29 18:28:55 --> CORS Filter
ERROR - 2025-08-29 18:28:55 --> Origin: http://localhost:4200
ERROR - 2025-08-29 18:29:02 --> CORS Filter
ERROR - 2025-08-29 18:29:02 --> Origin: http://localhost:4200
ERROR - 2025-08-29 18:29:02 --> CORS Filter
ERROR - 2025-08-29 18:29:02 --> Origin: http://localhost:4200
ERROR - 2025-08-29 18:29:07 --> CORS Filter
ERROR - 2025-08-29 18:29:07 --> Origin: http://localhost:4200
ERROR - 2025-08-29 18:29:07 --> CORS Filter
ERROR - 2025-08-29 18:29:07 --> Origin: http://localhost:4200
ERROR - 2025-08-29 18:29:08 --> CORS Filter
ERROR - 2025-08-29 18:29:08 --> Origin: http://localhost:4200
ERROR - 2025-08-29 18:29:08 --> CORS Filter
ERROR - 2025-08-29 18:29:08 --> Origin: http://localhost:4200
ERROR - 2025-08-29 18:29:24 --> CORS Filter
ERROR - 2025-08-29 18:29:24 --> Origin: http://localhost:4200
ERROR - 2025-08-29 18:29:24 --> CORS Filter
ERROR - 2025-08-29 18:29:24 --> Origin: http://localhost:4200
ERROR - 2025-08-29 18:31:02 --> CORS Filter
ERROR - 2025-08-29 18:31:02 --> Origin: http://localhost:4200
ERROR - 2025-08-29 18:31:02 --> CORS Filter
ERROR - 2025-08-29 18:31:02 --> Origin: http://localhost:4200
ERROR - 2025-08-29 18:31:10 --> CORS Filter
ERROR - 2025-08-29 18:31:10 --> Origin: http://localhost:4200
ERROR - 2025-08-29 18:31:10 --> CORS Filter
ERROR - 2025-08-29 18:31:10 --> Origin: http://localhost:4200
ERROR - 2025-08-29 18:31:11 --> CORS Filter
ERROR - 2025-08-29 18:31:11 --> Origin: http://localhost:4200
ERROR - 2025-08-29 18:31:11 --> CORS Filter
ERROR - 2025-08-29 18:31:11 --> Origin: http://localhost:4200
ERROR - 2025-08-29 18:31:19 --> CORS Filter
ERROR - 2025-08-29 18:31:19 --> Origin: http://localhost:4200
ERROR - 2025-08-29 18:31:19 --> CORS Filter
ERROR - 2025-08-29 18:31:19 --> Origin: http://localhost:4200
ERROR - 2025-08-29 18:34:20 --> CORS Filter
ERROR - 2025-08-29 18:34:20 --> Origin: http://localhost:4200
ERROR - 2025-08-29 18:34:20 --> CORS Filter
ERROR - 2025-08-29 18:34:20 --> Origin: http://localhost:4200
ERROR - 2025-08-29 18:34:21 --> CORS Filter
ERROR - 2025-08-29 18:34:21 --> Origin: http://localhost:4200
ERROR - 2025-08-29 18:34:21 --> CORS Filter
ERROR - 2025-08-29 18:34:21 --> Origin: http://localhost:4200
ERROR - 2025-08-29 18:35:04 --> CORS Filter
ERROR - 2025-08-29 18:35:04 --> Origin: http://localhost:4200
ERROR - 2025-08-29 18:35:04 --> CORS Filter
ERROR - 2025-08-29 18:35:04 --> Origin: http://localhost:4200
ERROR - 2025-08-29 18:35:04 --> CORS Filter
ERROR - 2025-08-29 18:35:04 --> Origin: http://localhost:4200
ERROR - 2025-08-29 18:35:05 --> CORS Filter
ERROR - 2025-08-29 18:35:05 --> Origin: http://localhost:4200
ERROR - 2025-08-29 18:35:46 --> CORS Filter
ERROR - 2025-08-29 18:35:46 --> Origin: http://localhost:4200
ERROR - 2025-08-29 18:35:46 --> CORS Filter
ERROR - 2025-08-29 18:35:46 --> Origin: http://localhost:4200
ERROR - 2025-08-29 18:35:47 --> CORS Filter
ERROR - 2025-08-29 18:35:47 --> Origin: http://localhost:4200
ERROR - 2025-08-29 18:35:47 --> CORS Filter
ERROR - 2025-08-29 18:35:47 --> Origin: http://localhost:4200
ERROR - 2025-08-29 18:38:37 --> CORS Filter
ERROR - 2025-08-29 18:38:37 --> Origin: http://localhost:4200
ERROR - 2025-08-29 18:38:37 --> CORS Filter
ERROR - 2025-08-29 18:38:37 --> Origin: http://localhost:4200
ERROR - 2025-08-29 18:38:38 --> CORS Filter
ERROR - 2025-08-29 18:38:38 --> Origin: http://localhost:4200
ERROR - 2025-08-29 18:38:38 --> CORS Filter
ERROR - 2025-08-29 18:38:38 --> Origin: http://localhost:4200
