ERROR - 2025-05-28 07:37:47 --> CORS Filter
ERROR - 2025-05-28 07:37:47 --> Origin: http://localhost:4200
ERROR - 2025-05-28 07:37:47 --> CORS Filter
ERROR - 2025-05-28 07:37:47 --> Origin: http://localhost:4200
ERROR - 2025-05-28 07:37:50 --> CORS Filter
ERROR - 2025-05-28 07:37:50 --> Origin: http://localhost:4200
ERROR - 2025-05-28 07:37:50 --> CORS Filter
ERROR - 2025-05-28 07:37:50 --> Origin: http://localhost:4200
ERROR - 2025-05-28 07:37:51 --> CORS Filter
ERROR - 2025-05-28 07:37:51 --> Origin: http://localhost:4200
ERROR - 2025-05-28 07:37:51 --> CORS Filter
ERROR - 2025-05-28 07:37:51 --> Origin: http://localhost:4200
ERROR - 2025-05-28 07:49:17 --> CORS Filter
ERROR - 2025-05-28 07:49:17 --> Origin: http://localhost:4200
ERROR - 2025-05-28 07:49:17 --> CORS Filter
ERROR - 2025-05-28 07:49:17 --> Origin: http://localhost:4200
ERROR - 2025-05-28 07:53:23 --> CORS Filter
ERROR - 2025-05-28 07:53:23 --> Origin: http://localhost:4200
ERROR - 2025-05-28 07:53:23 --> CORS Filter
ERROR - 2025-05-28 07:53:23 --> Origin: http://localhost:4200
ERROR - 2025-05-28 07:53:45 --> CORS Filter
ERROR - 2025-05-28 07:53:45 --> Origin: http://localhost:4200
ERROR - 2025-05-28 07:53:45 --> CORS Filter
ERROR - 2025-05-28 07:53:45 --> Origin: http://localhost:4200
ERROR - 2025-05-28 07:55:38 --> CORS Filter
ERROR - 2025-05-28 07:55:38 --> Origin: http://localhost:4200
ERROR - 2025-05-28 07:55:38 --> CORS Filter
ERROR - 2025-05-28 07:55:38 --> Origin: http://localhost:4200
ERROR - 2025-05-28 07:55:58 --> CORS Filter
ERROR - 2025-05-28 07:55:58 --> Origin: http://localhost:4200
ERROR - 2025-05-28 07:55:58 --> CORS Filter
ERROR - 2025-05-28 07:55:58 --> Origin: http://localhost:4200
ERROR - 2025-05-28 07:57:02 --> CORS Filter
ERROR - 2025-05-28 07:57:02 --> Origin: http://localhost:4200
ERROR - 2025-05-28 07:57:02 --> CORS Filter
ERROR - 2025-05-28 07:57:02 --> Origin: http://localhost:4200
ERROR - 2025-05-28 07:57:02 --> CORS Filter
ERROR - 2025-05-28 07:57:02 --> Origin: http://localhost:4200
ERROR - 2025-05-28 07:57:03 --> CORS Filter
ERROR - 2025-05-28 07:57:03 --> Origin: http://localhost:4200
ERROR - 2025-05-28 07:57:03 --> CORS Filter
ERROR - 2025-05-28 07:57:03 --> Origin: http://localhost:4200
ERROR - 2025-05-28 07:57:04 --> CORS Filter
ERROR - 2025-05-28 07:57:04 --> Origin: http://localhost:4200
ERROR - 2025-05-28 08:33:17 --> CORS Filter
ERROR - 2025-05-28 08:33:17 --> Origin: http://localhost:4200
ERROR - 2025-05-28 08:33:17 --> CORS Filter
ERROR - 2025-05-28 08:33:17 --> Origin: http://localhost:4200
ERROR - 2025-05-28 08:33:17 --> CORS Filter
ERROR - 2025-05-28 08:33:17 --> Origin: http://localhost:4200
ERROR - 2025-05-28 08:33:17 --> CORS Filter
ERROR - 2025-05-28 08:33:17 --> Origin: http://localhost:4200
ERROR - 2025-05-28 08:35:25 --> CORS Filter
ERROR - 2025-05-28 08:35:25 --> Origin: http://localhost:4200
ERROR - 2025-05-28 08:35:26 --> CORS Filter
ERROR - 2025-05-28 08:35:26 --> Origin: http://localhost:4200
ERROR - 2025-05-28 08:35:26 --> CORS Filter
ERROR - 2025-05-28 08:35:26 --> Origin: http://localhost:4200
ERROR - 2025-05-28 08:35:26 --> CORS Filter
ERROR - 2025-05-28 08:35:26 --> Origin: http://localhost:4200
ERROR - 2025-05-28 08:40:19 --> CORS Filter
ERROR - 2025-05-28 08:40:19 --> Origin: http://localhost:4200
ERROR - 2025-05-28 08:40:19 --> CORS Filter
ERROR - 2025-05-28 08:40:19 --> Origin: http://localhost:4200
ERROR - 2025-05-28 08:40:19 --> CORS Filter
ERROR - 2025-05-28 08:40:19 --> Origin: http://localhost:4200
ERROR - 2025-05-28 08:40:19 --> CORS Filter
ERROR - 2025-05-28 08:40:19 --> Origin: http://localhost:4200
ERROR - 2025-05-28 08:40:19 --> CORS Filter
ERROR - 2025-05-28 08:40:19 --> Origin: http://localhost:4200
ERROR - 2025-05-28 08:40:20 --> CORS Filter
ERROR - 2025-05-28 08:40:20 --> Origin: http://localhost:4200
ERROR - 2025-05-28 08:59:25 --> CORS Filter
ERROR - 2025-05-28 08:59:25 --> Origin: http://localhost:4200
ERROR - 2025-05-28 08:59:25 --> CORS Filter
ERROR - 2025-05-28 08:59:25 --> Origin: http://localhost:4200
ERROR - 2025-05-28 08:59:25 --> CORS Filter
ERROR - 2025-05-28 08:59:25 --> Origin: http://localhost:4200
ERROR - 2025-05-28 08:59:25 --> CORS Filter
ERROR - 2025-05-28 08:59:25 --> Origin: http://localhost:4200
ERROR - 2025-05-28 09:02:16 --> CORS Filter
ERROR - 2025-05-28 09:02:16 --> Origin: http://localhost:4200
ERROR - 2025-05-28 09:02:16 --> CORS Filter
ERROR - 2025-05-28 09:02:16 --> Origin: http://localhost:4200
ERROR - 2025-05-28 09:02:16 --> CORS Filter
ERROR - 2025-05-28 09:02:16 --> Origin: http://localhost:4200
ERROR - 2025-05-28 09:02:16 --> CORS Filter
ERROR - 2025-05-28 09:02:16 --> Origin: http://localhost:4200
ERROR - 2025-05-28 09:02:23 --> CORS Filter
ERROR - 2025-05-28 09:02:23 --> Origin: http://localhost:4200
ERROR - 2025-05-28 09:02:23 --> CORS Filter
ERROR - 2025-05-28 09:02:23 --> Origin: http://localhost:4200
ERROR - 2025-05-28 09:02:23 --> CORS Filter
ERROR - 2025-05-28 09:02:23 --> Origin: http://localhost:4200
ERROR - 2025-05-28 09:02:23 --> CORS Filter
ERROR - 2025-05-28 09:02:23 --> Origin: http://localhost:4200
ERROR - 2025-05-28 09:15:35 --> CORS Filter
ERROR - 2025-05-28 09:15:35 --> Origin: http://localhost:4200
ERROR - 2025-05-28 09:15:36 --> CORS Filter
ERROR - 2025-05-28 09:15:36 --> Origin: http://localhost:4200
ERROR - 2025-05-28 09:17:16 --> CORS Filter
ERROR - 2025-05-28 09:17:16 --> Origin: http://localhost:4200
ERROR - 2025-05-28 09:17:16 --> CORS Filter
ERROR - 2025-05-28 09:17:16 --> Origin: http://localhost:4200
ERROR - 2025-05-28 09:17:16 --> CORS Filter
ERROR - 2025-05-28 09:17:16 --> Origin: http://localhost:4200
ERROR - 2025-05-28 09:17:16 --> CORS Filter
ERROR - 2025-05-28 09:17:16 --> Origin: http://localhost:4200
ERROR - 2025-05-28 09:17:17 --> CORS Filter
ERROR - 2025-05-28 09:17:17 --> Origin: http://localhost:4200
ERROR - 2025-05-28 09:17:17 --> CORS Filter
ERROR - 2025-05-28 09:17:17 --> Origin: http://localhost:4200
ERROR - 2025-05-28 09:18:25 --> CORS Filter
ERROR - 2025-05-28 09:18:25 --> Origin: http://localhost:4200
ERROR - 2025-05-28 09:18:25 --> CORS Filter
ERROR - 2025-05-28 09:18:25 --> Origin: http://localhost:4200
ERROR - 2025-05-28 09:18:26 --> CORS Filter
ERROR - 2025-05-28 09:18:26 --> Origin: http://localhost:4200
ERROR - 2025-05-28 09:18:26 --> CORS Filter
ERROR - 2025-05-28 09:18:26 --> Origin: http://localhost:4200
ERROR - 2025-05-28 09:18:28 --> CORS Filter
ERROR - 2025-05-28 09:18:28 --> Origin: http://localhost:4200
ERROR - 2025-05-28 09:18:28 --> CORS Filter
ERROR - 2025-05-28 09:18:28 --> Origin: http://localhost:4200
ERROR - 2025-05-28 09:18:34 --> CORS Filter
ERROR - 2025-05-28 09:18:34 --> Origin: http://localhost:4200
ERROR - 2025-05-28 09:18:34 --> CORS Filter
ERROR - 2025-05-28 09:18:34 --> Origin: http://localhost:4200
ERROR - 2025-05-28 09:18:34 --> CORS Filter
ERROR - 2025-05-28 09:18:34 --> Origin: http://localhost:4200
ERROR - 2025-05-28 09:18:35 --> CORS Filter
ERROR - 2025-05-28 09:18:35 --> Origin: http://localhost:4200
ERROR - 2025-05-28 09:18:35 --> CORS Filter
ERROR - 2025-05-28 09:18:35 --> Origin: http://localhost:4200
ERROR - 2025-05-28 09:18:35 --> CORS Filter
ERROR - 2025-05-28 09:18:35 --> Origin: http://localhost:4200
ERROR - 2025-05-28 09:18:39 --> CORS Filter
ERROR - 2025-05-28 09:18:39 --> Origin: http://localhost:4200
ERROR - 2025-05-28 09:18:40 --> CORS Filter
ERROR - 2025-05-28 09:18:40 --> Origin: http://localhost:4200
ERROR - 2025-05-28 09:18:40 --> CORS Filter
ERROR - 2025-05-28 09:18:40 --> Origin: http://localhost:4200
ERROR - 2025-05-28 09:18:41 --> CORS Filter
ERROR - 2025-05-28 09:18:41 --> Origin: http://localhost:4200
ERROR - 2025-05-28 09:18:42 --> CORS Filter
ERROR - 2025-05-28 09:18:42 --> Origin: http://localhost:4200
ERROR - 2025-05-28 09:18:45 --> CORS Filter
ERROR - 2025-05-28 09:18:45 --> Origin: http://localhost:4200
ERROR - 2025-05-28 09:18:45 --> CORS Filter
ERROR - 2025-05-28 09:18:45 --> Origin: http://localhost:4200
ERROR - 2025-05-28 09:18:45 --> CORS Filter
ERROR - 2025-05-28 09:18:45 --> Origin: http://localhost:4200
ERROR - 2025-05-28 09:18:46 --> CORS Filter
ERROR - 2025-05-28 09:18:46 --> Origin: http://localhost:4200
ERROR - 2025-05-28 09:18:46 --> CORS Filter
ERROR - 2025-05-28 09:18:46 --> Origin: http://localhost:4200
ERROR - 2025-05-28 09:23:25 --> CORS Filter
ERROR - 2025-05-28 09:23:25 --> Origin: http://localhost:4200
ERROR - 2025-05-28 09:23:25 --> CORS Filter
ERROR - 2025-05-28 09:23:25 --> Origin: http://localhost:4200
ERROR - 2025-05-28 09:23:26 --> CORS Filter
ERROR - 2025-05-28 09:23:26 --> Origin: http://localhost:4200
ERROR - 2025-05-28 09:23:27 --> CORS Filter
ERROR - 2025-05-28 09:23:27 --> Origin: http://localhost:4200
ERROR - 2025-05-28 09:26:07 --> CORS Filter
ERROR - 2025-05-28 09:26:07 --> Origin: http://localhost:4200
ERROR - 2025-05-28 09:26:07 --> CORS Filter
ERROR - 2025-05-28 09:26:07 --> Origin: http://localhost:4200
ERROR - 2025-05-28 09:26:07 --> CORS Filter
ERROR - 2025-05-28 09:26:07 --> Origin: http://localhost:4200
ERROR - 2025-05-28 09:26:07 --> CORS Filter
ERROR - 2025-05-28 09:26:07 --> Origin: http://localhost:4200
ERROR - 2025-05-28 09:26:08 --> CORS Filter
ERROR - 2025-05-28 09:26:08 --> Origin: http://localhost:4200
ERROR - 2025-05-28 09:26:08 --> CORS Filter
ERROR - 2025-05-28 09:26:08 --> Origin: http://localhost:4200
ERROR - 2025-05-28 09:30:47 --> CORS Filter
ERROR - 2025-05-28 09:30:47 --> Origin: http://localhost:4200
ERROR - 2025-05-28 09:30:48 --> CORS Filter
ERROR - 2025-05-28 09:30:48 --> Origin: http://localhost:4200
ERROR - 2025-05-28 09:30:49 --> CORS Filter
ERROR - 2025-05-28 09:30:49 --> Origin: http://localhost:4200
ERROR - 2025-05-28 09:30:49 --> CORS Filter
ERROR - 2025-05-28 09:30:49 --> Origin: http://localhost:4200
ERROR - 2025-05-28 09:30:52 --> CORS Filter
ERROR - 2025-05-28 09:30:52 --> Origin: http://localhost:4200
ERROR - 2025-05-28 09:30:52 --> CORS Filter
ERROR - 2025-05-28 09:30:52 --> Origin: http://localhost:4200
ERROR - 2025-05-28 09:30:58 --> CORS Filter
ERROR - 2025-05-28 09:30:58 --> Origin: http://localhost:4200
ERROR - 2025-05-28 09:30:58 --> CORS Filter
ERROR - 2025-05-28 09:30:58 --> Origin: http://localhost:4200
ERROR - 2025-05-28 09:30:58 --> CORS Filter
ERROR - 2025-05-28 09:30:58 --> Origin: http://localhost:4200
ERROR - 2025-05-28 09:30:58 --> CORS Filter
ERROR - 2025-05-28 09:30:58 --> Origin: http://localhost:4200
ERROR - 2025-05-28 09:31:08 --> CORS Filter
ERROR - 2025-05-28 09:31:08 --> Origin: http://localhost:4200
ERROR - 2025-05-28 09:31:09 --> CORS Filter
ERROR - 2025-05-28 09:31:09 --> Origin: http://localhost:4200
ERROR - 2025-05-28 09:31:09 --> CORS Filter
ERROR - 2025-05-28 09:31:09 --> Origin: http://localhost:4200
ERROR - 2025-05-28 09:31:10 --> CORS Filter
ERROR - 2025-05-28 09:31:10 --> Origin: http://localhost:4200
ERROR - 2025-05-28 09:31:19 --> CORS Filter
ERROR - 2025-05-28 09:31:19 --> Origin: http://localhost:4200
ERROR - 2025-05-28 09:31:19 --> CORS Filter
ERROR - 2025-05-28 09:31:19 --> Origin: http://localhost:4200
ERROR - 2025-05-28 09:31:20 --> CORS Filter
ERROR - 2025-05-28 09:31:20 --> Origin: http://localhost:4200
ERROR - 2025-05-28 09:31:20 --> CORS Filter
ERROR - 2025-05-28 09:31:20 --> Origin: http://localhost:4200
ERROR - 2025-05-28 09:47:16 --> CORS Filter
ERROR - 2025-05-28 09:47:16 --> Origin: http://localhost:4200
ERROR - 2025-05-28 09:47:16 --> CORS Filter
ERROR - 2025-05-28 09:47:16 --> Origin: http://localhost:4200
ERROR - 2025-05-28 09:47:16 --> CORS Filter
ERROR - 2025-05-28 09:47:16 --> Origin: http://localhost:4200
ERROR - 2025-05-28 09:47:16 --> CORS Filter
ERROR - 2025-05-28 09:47:16 --> Origin: http://localhost:4200
ERROR - 2025-05-28 09:47:17 --> CORS Filter
ERROR - 2025-05-28 09:47:17 --> Origin: http://localhost:4200
ERROR - 2025-05-28 09:47:17 --> CORS Filter
ERROR - 2025-05-28 09:47:17 --> Origin: http://localhost:4200
ERROR - 2025-05-28 10:01:34 --> CORS Filter
ERROR - 2025-05-28 10:01:34 --> Origin: http://localhost:4200
ERROR - 2025-05-28 10:01:34 --> CORS Filter
ERROR - 2025-05-28 10:01:34 --> Origin: http://localhost:4200
ERROR - 2025-05-28 10:01:35 --> CORS Filter
ERROR - 2025-05-28 10:01:35 --> Origin: http://localhost:4200
ERROR - 2025-05-28 10:01:35 --> CORS Filter
ERROR - 2025-05-28 10:01:35 --> Origin: http://localhost:4200
ERROR - 2025-05-28 10:01:43 --> CORS Filter
ERROR - 2025-05-28 10:01:43 --> Origin: http://localhost:4200
ERROR - 2025-05-28 10:01:43 --> CORS Filter
ERROR - 2025-05-28 10:01:43 --> Origin: http://localhost:4200
ERROR - 2025-05-28 10:15:28 --> CORS Filter
ERROR - 2025-05-28 10:15:28 --> Origin: http://localhost:4200
ERROR - 2025-05-28 10:15:28 --> CORS Filter
ERROR - 2025-05-28 10:15:28 --> Origin: http://localhost:4200
ERROR - 2025-05-28 10:15:29 --> CORS Filter
ERROR - 2025-05-28 10:15:29 --> Origin: http://localhost:4200
ERROR - 2025-05-28 10:15:29 --> Inside getAllItemCategory function
ERROR - 2025-05-28 10:15:29 --> Tenant Header: {"DSN":"","hostname":"localhost","username":"root","password":"","database":"exiaa_ex0001","DBDriver":"MySQLi","DBPrefix":"","pConnect":false,"DBDebug":true,"charset":"utf8","DBCollat":"utf8_general_ci","swapPre":"","encrypt":false,"compress":false,"strictOn":false,"failover":[],"port":3306}
ERROR - 2025-05-28 10:15:29 --> CORS Filter
ERROR - 2025-05-28 10:15:29 --> Origin: http://localhost:4200
ERROR - 2025-05-28 10:41:06 --> CORS Filter
ERROR - 2025-05-28 10:41:06 --> Origin: http://localhost:4200
ERROR - 2025-05-28 10:41:06 --> CORS Filter
ERROR - 2025-05-28 10:41:06 --> Origin: http://localhost:4200
ERROR - 2025-05-28 10:41:06 --> CORS Filter
ERROR - 2025-05-28 10:41:06 --> Origin: http://localhost:4200
ERROR - 2025-05-28 10:41:06 --> CORS Filter
ERROR - 2025-05-28 10:41:06 --> Origin: http://localhost:4200
ERROR - 2025-05-28 10:58:27 --> CORS Filter
ERROR - 2025-05-28 10:58:27 --> Origin: http://localhost:4200
ERROR - 2025-05-28 10:58:27 --> CORS Filter
ERROR - 2025-05-28 10:58:27 --> Origin: http://localhost:4200
ERROR - 2025-05-28 10:58:34 --> CORS Filter
ERROR - 2025-05-28 10:58:34 --> Origin: http://localhost:4200
ERROR - 2025-05-28 10:58:34 --> CORS Filter
ERROR - 2025-05-28 10:58:34 --> Origin: http://localhost:4200
ERROR - 2025-05-28 10:58:34 --> CORS Filter
ERROR - 2025-05-28 10:58:34 --> Origin: http://localhost:4200
ERROR - 2025-05-28 10:58:34 --> CORS Filter
ERROR - 2025-05-28 10:58:34 --> Origin: http://localhost:4200
ERROR - 2025-05-28 10:58:35 --> CORS Filter
ERROR - 2025-05-28 10:58:35 --> Origin: http://localhost:4200
ERROR - 2025-05-28 10:58:35 --> CORS Filter
ERROR - 2025-05-28 10:58:35 --> Origin: http://localhost:4200
ERROR - 2025-05-28 11:25:09 --> CORS Filter
ERROR - 2025-05-28 11:25:09 --> Origin: http://localhost:4200
ERROR - 2025-05-28 11:25:09 --> CORS Filter
ERROR - 2025-05-28 11:25:09 --> Origin: http://localhost:4200
ERROR - 2025-05-28 11:25:09 --> CORS Filter
ERROR - 2025-05-28 11:25:09 --> Origin: http://localhost:4200
ERROR - 2025-05-28 11:25:09 --> CORS Filter
ERROR - 2025-05-28 11:25:09 --> Origin: http://localhost:4200
ERROR - 2025-05-28 11:25:20 --> CORS Filter
ERROR - 2025-05-28 11:25:20 --> Origin: http://localhost:4200
ERROR - 2025-05-28 11:25:20 --> CORS Filter
ERROR - 2025-05-28 11:25:20 --> Origin: http://localhost:4200
ERROR - 2025-05-28 11:26:31 --> CORS Filter
ERROR - 2025-05-28 11:26:31 --> Origin: http://localhost:4200
ERROR - 2025-05-28 11:26:31 --> CORS Filter
ERROR - 2025-05-28 11:26:31 --> Origin: http://localhost:4200
ERROR - 2025-05-28 11:26:31 --> CORS Filter
ERROR - 2025-05-28 11:26:31 --> Origin: http://localhost:4200
ERROR - 2025-05-28 11:26:32 --> CORS Filter
ERROR - 2025-05-28 11:26:32 --> Origin: http://localhost:4200
ERROR - 2025-05-28 11:26:41 --> CORS Filter
ERROR - 2025-05-28 11:26:41 --> Origin: http://localhost:4200
ERROR - 2025-05-28 11:26:41 --> CORS Filter
ERROR - 2025-05-28 11:26:41 --> Origin: http://localhost:4200
ERROR - 2025-05-28 11:27:04 --> CORS Filter
ERROR - 2025-05-28 11:27:04 --> Origin: http://localhost:4200
ERROR - 2025-05-28 11:27:04 --> CORS Filter
ERROR - 2025-05-28 11:27:04 --> Origin: http://localhost:4200
ERROR - 2025-05-28 11:27:45 --> CORS Filter
ERROR - 2025-05-28 11:27:45 --> Origin: http://localhost:4200
ERROR - 2025-05-28 11:27:46 --> CORS Filter
ERROR - 2025-05-28 11:27:46 --> Origin: http://localhost:4200
ERROR - 2025-05-28 11:27:52 --> CORS Filter
ERROR - 2025-05-28 11:27:52 --> Origin: http://localhost:4200
ERROR - 2025-05-28 11:27:55 --> CORS Filter
ERROR - 2025-05-28 11:27:55 --> Origin: http://localhost:4200
ERROR - 2025-05-28 11:27:55 --> CORS Filter
ERROR - 2025-05-28 11:27:55 --> Origin: http://localhost:4200
ERROR - 2025-05-28 11:27:56 --> CORS Filter
ERROR - 2025-05-28 11:27:56 --> Origin: http://localhost:4200
ERROR - 2025-05-28 11:28:05 --> CORS Filter
ERROR - 2025-05-28 11:28:05 --> Origin: http://localhost:4200
ERROR - 2025-05-28 11:28:05 --> CORS Filter
ERROR - 2025-05-28 11:28:05 --> Origin: http://localhost:4200
ERROR - 2025-05-28 11:28:05 --> Array
(
    [itemCategoryName] => abc
    [itemTypeId] => 3
)

ERROR - 2025-05-28 12:10:26 --> CORS Filter
ERROR - 2025-05-28 12:10:26 --> Origin: http://localhost:4200
ERROR - 2025-05-28 12:10:27 --> CORS Filter
ERROR - 2025-05-28 12:10:27 --> Origin: http://localhost:4200
ERROR - 2025-05-28 12:10:27 --> CORS Filter
ERROR - 2025-05-28 12:10:27 --> Origin: http://localhost:4200
ERROR - 2025-05-28 12:10:27 --> CORS Filter
ERROR - 2025-05-28 12:10:27 --> Origin: http://localhost:4200
ERROR - 2025-05-28 12:10:28 --> CORS Filter
ERROR - 2025-05-28 12:10:28 --> Origin: http://localhost:4200
ERROR - 2025-05-28 12:10:28 --> CORS Filter
ERROR - 2025-05-28 12:10:28 --> Origin: http://localhost:4200
ERROR - 2025-05-28 12:10:37 --> CORS Filter
ERROR - 2025-05-28 12:10:37 --> Origin: http://localhost:4200
ERROR - 2025-05-28 12:10:37 --> CORS Filter
ERROR - 2025-05-28 12:10:37 --> Origin: http://localhost:4200
ERROR - 2025-05-28 12:10:38 --> CORS Filter
ERROR - 2025-05-28 12:10:38 --> Origin: http://localhost:4200
ERROR - 2025-05-28 12:10:38 --> Inside getAllItemCategory function
ERROR - 2025-05-28 12:10:38 --> Tenant Header: {"DSN":"","hostname":"localhost","username":"root","password":"","database":"exiaa_ex0001","DBDriver":"MySQLi","DBPrefix":"","pConnect":false,"DBDebug":true,"charset":"utf8","DBCollat":"utf8_general_ci","swapPre":"","encrypt":false,"compress":false,"strictOn":false,"failover":[],"port":3306}
ERROR - 2025-05-28 12:10:38 --> CORS Filter
ERROR - 2025-05-28 12:10:38 --> Origin: http://localhost:4200
ERROR - 2025-05-28 12:13:23 --> CORS Filter
ERROR - 2025-05-28 12:13:23 --> Origin: http://localhost:4200
ERROR - 2025-05-28 12:13:23 --> CORS Filter
ERROR - 2025-05-28 12:13:23 --> Origin: http://localhost:4200
ERROR - 2025-05-28 12:13:24 --> CORS Filter
ERROR - 2025-05-28 12:13:24 --> Origin: http://localhost:4200
ERROR - 2025-05-28 12:13:25 --> CORS Filter
ERROR - 2025-05-28 12:13:25 --> Origin: http://localhost:4200
ERROR - 2025-05-28 12:14:40 --> CORS Filter
ERROR - 2025-05-28 12:14:40 --> Origin: http://localhost:4200
ERROR - 2025-05-28 12:14:40 --> CORS Filter
ERROR - 2025-05-28 12:14:40 --> Origin: http://localhost:4200
ERROR - 2025-05-28 12:14:40 --> CORS Filter
ERROR - 2025-05-28 12:14:40 --> Origin: http://localhost:4200
ERROR - 2025-05-28 12:14:40 --> CORS Filter
ERROR - 2025-05-28 12:14:40 --> Origin: http://localhost:4200
ERROR - 2025-05-28 12:14:41 --> CORS Filter
ERROR - 2025-05-28 12:14:41 --> Origin: http://localhost:4200
ERROR - 2025-05-28 12:14:41 --> CORS Filter
ERROR - 2025-05-28 12:14:41 --> Origin: http://localhost:4200
ERROR - 2025-05-28 12:14:41 --> Inside getAllItemCategory function
ERROR - 2025-05-28 12:14:41 --> Tenant Header: {"DSN":"","hostname":"localhost","username":"root","password":"","database":"exiaa_ex0001","DBDriver":"MySQLi","DBPrefix":"","pConnect":false,"DBDebug":true,"charset":"utf8","DBCollat":"utf8_general_ci","swapPre":"","encrypt":false,"compress":false,"strictOn":false,"failover":[],"port":3306}
ERROR - 2025-05-28 12:15:00 --> CORS Filter
ERROR - 2025-05-28 12:15:00 --> Origin: http://localhost:4200
ERROR - 2025-05-28 12:15:00 --> CORS Filter
ERROR - 2025-05-28 12:15:00 --> Origin: http://localhost:4200
ERROR - 2025-05-28 12:15:00 --> CORS Filter
ERROR - 2025-05-28 12:15:00 --> Origin: http://localhost:4200
ERROR - 2025-05-28 12:15:00 --> CORS Filter
ERROR - 2025-05-28 12:15:00 --> Origin: http://localhost:4200
ERROR - 2025-05-28 12:16:52 --> CORS Filter
ERROR - 2025-05-28 12:16:52 --> Origin: http://localhost:4200
ERROR - 2025-05-28 12:16:52 --> CORS Filter
ERROR - 2025-05-28 12:16:52 --> Origin: http://localhost:4200
ERROR - 2025-05-28 12:16:52 --> Inside getAllItemCategory function
ERROR - 2025-05-28 12:16:52 --> Tenant Header: {"DSN":"","hostname":"localhost","username":"root","password":"","database":"exiaa_ex0001","DBDriver":"MySQLi","DBPrefix":"","pConnect":false,"DBDebug":true,"charset":"utf8","DBCollat":"utf8_general_ci","swapPre":"","encrypt":false,"compress":false,"strictOn":false,"failover":[],"port":3306}
ERROR - 2025-05-28 12:17:02 --> CORS Filter
ERROR - 2025-05-28 12:17:02 --> Origin: http://localhost:4200
ERROR - 2025-05-28 12:17:02 --> CORS Filter
ERROR - 2025-05-28 12:17:02 --> Origin: http://localhost:4200
ERROR - 2025-05-28 12:17:03 --> CORS Filter
ERROR - 2025-05-28 12:17:03 --> Origin: http://localhost:4200
ERROR - 2025-05-28 12:17:03 --> CORS Filter
ERROR - 2025-05-28 12:17:03 --> Origin: http://localhost:4200
ERROR - 2025-05-28 12:18:21 --> CORS Filter
ERROR - 2025-05-28 12:18:21 --> Origin: http://localhost:4200
ERROR - 2025-05-28 12:18:21 --> CORS Filter
ERROR - 2025-05-28 12:18:21 --> Origin: http://localhost:4200
ERROR - 2025-05-28 12:18:22 --> CORS Filter
ERROR - 2025-05-28 12:18:22 --> Origin: http://localhost:4200
ERROR - 2025-05-28 12:18:22 --> CORS Filter
ERROR - 2025-05-28 12:18:22 --> Origin: http://localhost:4200
ERROR - 2025-05-28 12:18:23 --> CORS Filter
ERROR - 2025-05-28 12:18:23 --> Origin: http://localhost:4200
ERROR - 2025-05-28 12:18:23 --> CORS Filter
ERROR - 2025-05-28 12:18:23 --> Origin: http://localhost:4200
ERROR - 2025-05-28 12:18:37 --> CORS Filter
ERROR - 2025-05-28 12:18:37 --> Origin: http://localhost:4200
ERROR - 2025-05-28 12:18:37 --> CORS Filter
ERROR - 2025-05-28 12:18:37 --> Origin: http://localhost:4200
ERROR - 2025-05-28 12:18:37 --> Inside getAllItemCategory function
ERROR - 2025-05-28 12:18:37 --> Tenant Header: {"DSN":"","hostname":"localhost","username":"root","password":"","database":"exiaa_ex0001","DBDriver":"MySQLi","DBPrefix":"","pConnect":false,"DBDebug":true,"charset":"utf8","DBCollat":"utf8_general_ci","swapPre":"","encrypt":false,"compress":false,"strictOn":false,"failover":[],"port":3306}
ERROR - 2025-05-28 12:18:49 --> CORS Filter
ERROR - 2025-05-28 12:18:49 --> Origin: http://localhost:4200
ERROR - 2025-05-28 12:18:49 --> CORS Filter
ERROR - 2025-05-28 12:18:49 --> Origin: http://localhost:4200
ERROR - 2025-05-28 12:18:50 --> CORS Filter
ERROR - 2025-05-28 12:18:50 --> Origin: http://localhost:4200
ERROR - 2025-05-28 12:18:50 --> CORS Filter
ERROR - 2025-05-28 12:18:50 --> Origin: http://localhost:4200
ERROR - 2025-05-28 12:18:57 --> CORS Filter
ERROR - 2025-05-28 12:18:57 --> Origin: http://localhost:4200
ERROR - 2025-05-28 12:18:57 --> CORS Filter
ERROR - 2025-05-28 12:18:57 --> Origin: http://localhost:4200
ERROR - 2025-05-28 12:18:57 --> Inside getAllItemCategory function
ERROR - 2025-05-28 12:18:57 --> Tenant Header: {"DSN":"","hostname":"localhost","username":"root","password":"","database":"exiaa_ex0001","DBDriver":"MySQLi","DBPrefix":"","pConnect":false,"DBDebug":true,"charset":"utf8","DBCollat":"utf8_general_ci","swapPre":"","encrypt":false,"compress":false,"strictOn":false,"failover":[],"port":3306}
ERROR - 2025-05-28 12:26:47 --> CORS Filter
ERROR - 2025-05-28 12:26:47 --> Origin: http://localhost:4200
ERROR - 2025-05-28 12:26:48 --> CORS Filter
ERROR - 2025-05-28 12:26:48 --> Origin: http://localhost:4200
ERROR - 2025-05-28 12:26:49 --> CORS Filter
ERROR - 2025-05-28 12:26:49 --> Origin: http://localhost:4200
ERROR - 2025-05-28 12:26:49 --> CORS Filter
ERROR - 2025-05-28 12:26:49 --> Origin: http://localhost:4200
ERROR - 2025-05-28 12:26:49 --> CORS Filter
ERROR - 2025-05-28 12:26:49 --> Origin: http://localhost:4200
ERROR - 2025-05-28 12:26:49 --> Inside getAllItemCategory function
ERROR - 2025-05-28 12:26:49 --> Tenant Header: {"DSN":"","hostname":"localhost","username":"root","password":"","database":"exiaa_ex0001","DBDriver":"MySQLi","DBPrefix":"","pConnect":false,"DBDebug":true,"charset":"utf8","DBCollat":"utf8_general_ci","swapPre":"","encrypt":false,"compress":false,"strictOn":false,"failover":[],"port":3306}
ERROR - 2025-05-28 12:26:50 --> CORS Filter
ERROR - 2025-05-28 12:26:50 --> Origin: http://localhost:4200
ERROR - 2025-05-28 12:27:11 --> CORS Filter
ERROR - 2025-05-28 12:27:11 --> Origin: http://localhost:4200
ERROR - 2025-05-28 12:27:11 --> CORS Filter
ERROR - 2025-05-28 12:27:11 --> Origin: http://localhost:4200
ERROR - 2025-05-28 12:27:11 --> Inside getAllItemCategory function
ERROR - 2025-05-28 12:27:11 --> Tenant Header: {"DSN":"","hostname":"localhost","username":"root","password":"","database":"exiaa_ex0001","DBDriver":"MySQLi","DBPrefix":"","pConnect":false,"DBDebug":true,"charset":"utf8","DBCollat":"utf8_general_ci","swapPre":"","encrypt":false,"compress":false,"strictOn":false,"failover":[],"port":3306}
ERROR - 2025-05-28 12:28:54 --> CORS Filter
ERROR - 2025-05-28 12:28:54 --> Origin: http://localhost:4200
ERROR - 2025-05-28 12:28:54 --> CORS Filter
ERROR - 2025-05-28 12:28:54 --> Origin: http://localhost:4200
ERROR - 2025-05-28 12:28:55 --> CORS Filter
ERROR - 2025-05-28 12:28:55 --> Origin: http://localhost:4200
ERROR - 2025-05-28 12:28:55 --> CORS Filter
ERROR - 2025-05-28 12:28:55 --> Origin: http://localhost:4200
ERROR - 2025-05-28 12:28:56 --> CORS Filter
ERROR - 2025-05-28 12:28:56 --> Origin: http://localhost:4200
ERROR - 2025-05-28 12:28:56 --> CORS Filter
ERROR - 2025-05-28 12:28:56 --> Origin: http://localhost:4200
ERROR - 2025-05-28 12:28:56 --> Inside getAllItemCategory function
ERROR - 2025-05-28 12:28:56 --> Tenant Header: {"DSN":"","hostname":"localhost","username":"root","password":"","database":"exiaa_ex0001","DBDriver":"MySQLi","DBPrefix":"","pConnect":false,"DBDebug":true,"charset":"utf8","DBCollat":"utf8_general_ci","swapPre":"","encrypt":false,"compress":false,"strictOn":false,"failover":[],"port":3306}
