ERROR - 2025-11-27 04:02:13 --> CORS Filter
ERROR - 2025-11-27 04:02:13 --> Origin: http://localhost:4200
ERROR - 2025-11-27 04:02:13 --> CORS Filter
ERROR - 2025-11-27 04:02:13 --> Origin: http://localhost:4200
ERROR - 2025-11-27 04:02:25 --> CORS Filter
ERROR - 2025-11-27 04:02:25 --> Origin: http://localhost:4200
ERROR - 2025-11-27 04:02:26 --> CORS Filter
ERROR - 2025-11-27 04:02:26 --> Origin: http://localhost:4200
ERROR - 2025-11-27 04:03:01 --> CORS Filter
ERROR - 2025-11-27 04:03:01 --> Origin: http://localhost:4200
ERROR - 2025-11-27 04:03:01 --> CORS Filter
ERROR - 2025-11-27 04:03:01 --> Origin: http://localhost:4200
ERROR - 2025-11-27 05:23:10 --> CORS Filter
ERROR - 2025-11-27 05:23:10 --> Origin: http://localhost:4200
ERROR - 2025-11-27 05:23:10 --> CORS Filter
ERROR - 2025-11-27 05:23:10 --> Origin: http://localhost:4200
ERROR - 2025-11-27 05:28:23 --> CORS Filter
ERROR - 2025-11-27 05:28:23 --> Origin: http://localhost:4200
ERROR - 2025-11-27 05:28:23 --> CORS Filter
ERROR - 2025-11-27 05:28:23 --> Origin: http://localhost:4200
ERROR - 2025-11-27 05:29:20 --> CORS Filter
ERROR - 2025-11-27 05:29:20 --> Origin: http://localhost:4200
ERROR - 2025-11-27 05:29:20 --> CORS Filter
ERROR - 2025-11-27 05:29:20 --> Origin: http://localhost:4200
ERROR - 2025-11-27 05:31:40 --> CORS Filter
ERROR - 2025-11-27 05:31:40 --> Origin: http://localhost:4200
ERROR - 2025-11-27 05:31:40 --> CORS Filter
ERROR - 2025-11-27 05:31:40 --> Origin: http://localhost:4200
ERROR - 2025-11-27 05:35:57 --> CORS Filter
ERROR - 2025-11-27 05:35:57 --> Origin: http://localhost:4200
ERROR - 2025-11-27 05:35:57 --> CORS Filter
ERROR - 2025-11-27 05:35:57 --> Origin: http://localhost:4200
CRITICAL - 2025-11-27 05:35:57 --> InvalidArgumentException: "exiaa_ex0018" is not a valid database connection group.
[Method: POST, Route: webapi/communitee/registercommunitee]
in SYSTEMPATH\Database\Config.php on line 72.
 1 SYSTEMPATH\Model.php(155): CodeIgniter\Database\Config::connect('exiaa_ex0018')
 2 APPPATH\Controllers\Communitee.php(38): CodeIgniter\Model->__construct()
 3 SYSTEMPATH\CodeIgniter.php(933): App\Controllers\Communitee->registerCommunitee()
 4 SYSTEMPATH\CodeIgniter.php(509): CodeIgniter\CodeIgniter->runController(Object(App\Controllers\Communitee))
 5 SYSTEMPATH\CodeIgniter.php(355): CodeIgniter\CodeIgniter->handleRequest(null, Object(Config\Cache), false)
 6 SYSTEMPATH\Boot.php(334): CodeIgniter\CodeIgniter->run()
 7 SYSTEMPATH\Boot.php(67): CodeIgniter\Boot::runCodeIgniter(Object(CodeIgniter\CodeIgniter))
 8 FCPATH\index.php(56): CodeIgniter\Boot::bootWeb(Object(Config\Paths))
 9 SYSTEMPATH\rewrite.php(44): require_once('C:\\xampp\\htdocs\\exiaa-material-api\\public\\index.php')
ERROR - 2025-11-27 05:36:22 --> CORS Filter
ERROR - 2025-11-27 05:36:22 --> Origin: http://localhost:4200
ERROR - 2025-11-27 05:36:22 --> CORS Filter
ERROR - 2025-11-27 05:36:22 --> Origin: http://localhost:4200
CRITICAL - 2025-11-27 05:36:22 --> InvalidArgumentException: "exiaa_ex0018" is not a valid database connection group.
[Method: POST, Route: webapi/communitee/registercommunitee]
in SYSTEMPATH\Database\Config.php on line 72.
 1 SYSTEMPATH\Model.php(155): CodeIgniter\Database\Config::connect('exiaa_ex0018')
 2 APPPATH\Controllers\Communitee.php(38): CodeIgniter\Model->__construct()
 3 SYSTEMPATH\CodeIgniter.php(933): App\Controllers\Communitee->registerCommunitee()
 4 SYSTEMPATH\CodeIgniter.php(509): CodeIgniter\CodeIgniter->runController(Object(App\Controllers\Communitee))
 5 SYSTEMPATH\CodeIgniter.php(355): CodeIgniter\CodeIgniter->handleRequest(null, Object(Config\Cache), false)
 6 SYSTEMPATH\Boot.php(334): CodeIgniter\CodeIgniter->run()
 7 SYSTEMPATH\Boot.php(67): CodeIgniter\Boot::runCodeIgniter(Object(CodeIgniter\CodeIgniter))
 8 FCPATH\index.php(56): CodeIgniter\Boot::bootWeb(Object(Config\Paths))
 9 SYSTEMPATH\rewrite.php(44): require_once('C:\\xampp\\htdocs\\exiaa-material-api\\public\\index.php')
ERROR - 2025-11-27 05:40:55 --> CORS Filter
ERROR - 2025-11-27 05:40:55 --> Origin: http://localhost:4200
ERROR - 2025-11-27 05:40:55 --> CORS Filter
ERROR - 2025-11-27 05:40:55 --> Origin: http://localhost:4200
ERROR - 2025-11-27 05:44:59 --> CORS Filter
ERROR - 2025-11-27 05:44:59 --> Origin: http://localhost:4200
ERROR - 2025-11-27 05:47:49 --> CORS Filter
ERROR - 2025-11-27 05:47:49 --> Origin: http://localhost:4200
ERROR - 2025-11-27 05:47:49 --> CORS Filter
ERROR - 2025-11-27 05:47:49 --> Origin: http://localhost:4200
ERROR - 2025-11-27 05:48:04 --> CORS Filter
ERROR - 2025-11-27 05:48:04 --> Origin: http://localhost:4200
ERROR - 2025-11-27 05:48:04 --> CORS Filter
ERROR - 2025-11-27 05:48:04 --> Origin: http://localhost:4200
ERROR - 2025-11-27 05:48:13 --> CORS Filter
ERROR - 2025-11-27 05:48:13 --> Origin: http://localhost:4200
ERROR - 2025-11-27 05:48:13 --> CORS Filter
ERROR - 2025-11-27 05:48:13 --> Origin: http://localhost:4200
ERROR - 2025-11-27 05:48:39 --> CORS Filter
ERROR - 2025-11-27 05:48:39 --> Origin: http://localhost:4200
ERROR - 2025-11-27 05:48:39 --> CORS Filter
ERROR - 2025-11-27 05:48:39 --> Origin: http://localhost:4200
ERROR - 2025-11-27 05:49:08 --> CORS Filter
ERROR - 2025-11-27 05:49:08 --> Origin: http://localhost:4200
ERROR - 2025-11-27 05:49:08 --> CORS Filter
ERROR - 2025-11-27 05:49:08 --> Origin: http://localhost:4200
ERROR - 2025-11-27 05:49:26 --> CORS Filter
ERROR - 2025-11-27 05:49:26 --> Origin: http://localhost:4200
ERROR - 2025-11-27 05:49:26 --> CORS Filter
ERROR - 2025-11-27 05:49:26 --> Origin: http://localhost:4200
ERROR - 2025-11-27 05:49:37 --> CORS Filter
ERROR - 2025-11-27 05:49:37 --> Origin: http://localhost:4200
ERROR - 2025-11-27 05:49:37 --> CORS Filter
ERROR - 2025-11-27 05:49:37 --> Origin: http://localhost:4200
ERROR - 2025-11-27 05:59:12 --> CORS Filter
ERROR - 2025-11-27 05:59:12 --> Origin: http://localhost:4200
ERROR - 2025-11-27 05:59:12 --> CORS Filter
ERROR - 2025-11-27 05:59:12 --> Origin: http://localhost:4200
ERROR - 2025-11-27 06:00:29 --> CORS Filter
ERROR - 2025-11-27 06:00:29 --> Origin: http://localhost:4200
ERROR - 2025-11-27 06:00:29 --> CORS Filter
ERROR - 2025-11-27 06:00:29 --> Origin: http://localhost:4200
ERROR - 2025-11-27 06:01:03 --> CORS Filter
ERROR - 2025-11-27 06:01:03 --> Origin: http://localhost:4200
ERROR - 2025-11-27 06:01:03 --> CORS Filter
ERROR - 2025-11-27 06:01:03 --> Origin: http://localhost:4200
ERROR - 2025-11-27 06:03:48 --> CORS Filter
ERROR - 2025-11-27 06:03:48 --> Origin: http://localhost:4200
ERROR - 2025-11-27 06:03:48 --> CORS Filter
ERROR - 2025-11-27 06:03:48 --> Origin: http://localhost:4200
ERROR - 2025-11-27 06:04:49 --> CORS Filter
ERROR - 2025-11-27 06:04:49 --> Origin: http://localhost:4200
ERROR - 2025-11-27 06:04:49 --> CORS Filter
ERROR - 2025-11-27 06:04:49 --> Origin: http://localhost:4200
ERROR - 2025-11-27 06:05:19 --> CORS Filter
ERROR - 2025-11-27 06:05:19 --> Origin: http://localhost:4200
ERROR - 2025-11-27 06:05:19 --> CORS Filter
ERROR - 2025-11-27 06:05:19 --> Origin: http://localhost:4200
ERROR - 2025-11-27 06:05:21 --> CORS Filter
ERROR - 2025-11-27 06:05:21 --> Origin: http://localhost:4200
ERROR - 2025-11-27 06:05:22 --> CORS Filter
ERROR - 2025-11-27 06:05:22 --> Origin: http://localhost:4200
ERROR - 2025-11-27 06:38:29 --> CORS Filter
ERROR - 2025-11-27 06:38:29 --> Origin: http://localhost:4200
ERROR - 2025-11-27 06:38:29 --> CORS Filter
ERROR - 2025-11-27 06:38:29 --> Origin: http://localhost:4200
ERROR - 2025-11-27 06:38:36 --> CORS Filter
ERROR - 2025-11-27 06:38:36 --> Origin: http://localhost:4200
ERROR - 2025-11-27 06:38:36 --> CORS Filter
ERROR - 2025-11-27 06:38:36 --> Origin: http://localhost:4200
ERROR - 2025-11-27 06:50:20 --> CORS Filter
ERROR - 2025-11-27 06:50:20 --> Origin: http://localhost:4200
ERROR - 2025-11-27 06:50:20 --> CORS Filter
ERROR - 2025-11-27 06:50:20 --> Origin: http://localhost:4200
ERROR - 2025-11-27 06:51:17 --> CORS Filter
ERROR - 2025-11-27 06:51:17 --> Origin: http://localhost:4200
ERROR - 2025-11-27 06:51:18 --> CORS Filter
ERROR - 2025-11-27 06:51:18 --> Origin: http://localhost:4200
ERROR - 2025-11-27 08:23:01 --> CORS Filter
ERROR - 2025-11-27 08:23:01 --> Origin: http://localhost:4200
ERROR - 2025-11-27 08:23:01 --> CORS Filter
ERROR - 2025-11-27 08:23:01 --> Origin: http://localhost:4200
ERROR - 2025-11-27 08:25:36 --> CORS Filter
ERROR - 2025-11-27 08:25:36 --> Origin: http://localhost:4200
ERROR - 2025-11-27 08:25:37 --> CORS Filter
ERROR - 2025-11-27 08:25:37 --> Origin: http://localhost:4200
ERROR - 2025-11-27 09:42:33 --> CORS Filter
ERROR - 2025-11-27 09:42:33 --> Origin: http://localhost:4200
ERROR - 2025-11-27 09:42:33 --> CORS Filter
ERROR - 2025-11-27 09:42:33 --> Origin: http://localhost:4200
ERROR - 2025-11-27 09:42:39 --> CORS Filter
ERROR - 2025-11-27 09:42:39 --> Origin: http://localhost:4200
ERROR - 2025-11-27 09:42:39 --> CORS Filter
ERROR - 2025-11-27 09:42:39 --> Origin: http://localhost:4200
ERROR - 2025-11-27 09:47:40 --> CORS Filter
ERROR - 2025-11-27 09:47:40 --> Origin: http://localhost:4200
ERROR - 2025-11-27 09:47:40 --> CORS Filter
ERROR - 2025-11-27 09:47:40 --> Origin: http://localhost:4200
ERROR - 2025-11-27 09:50:23 --> CORS Filter
ERROR - 2025-11-27 09:50:23 --> Origin: http://localhost:4200
ERROR - 2025-11-27 09:50:23 --> CORS Filter
ERROR - 2025-11-27 09:50:23 --> Origin: http://localhost:4200
ERROR - 2025-11-27 09:50:23 --> CORS Filter
ERROR - 2025-11-27 09:50:23 --> Origin: http://localhost:4200
ERROR - 2025-11-27 09:50:24 --> CORS Filter
ERROR - 2025-11-27 09:50:24 --> Origin: http://localhost:4200
ERROR - 2025-11-27 11:03:47 --> CORS Filter
ERROR - 2025-11-27 11:03:47 --> Origin: http://localhost:4200
ERROR - 2025-11-27 11:03:47 --> CORS Filter
ERROR - 2025-11-27 11:03:47 --> Origin: http://localhost:4200
ERROR - 2025-11-27 11:03:48 --> CORS Filter
ERROR - 2025-11-27 11:03:48 --> Origin: http://localhost:4200
ERROR - 2025-11-27 11:03:48 --> CORS Filter
ERROR - 2025-11-27 11:03:48 --> Origin: http://localhost:4200
ERROR - 2025-11-27 11:03:48 --> CORS Filter
ERROR - 2025-11-27 11:03:48 --> Origin: http://localhost:4200
ERROR - 2025-11-27 11:03:48 --> CORS Filter
ERROR - 2025-11-27 11:03:48 --> Origin: http://localhost:4200
ERROR - 2025-11-27 11:03:50 --> CORS Filter
ERROR - 2025-11-27 11:03:50 --> Origin: http://localhost:4200
ERROR - 2025-11-27 11:03:52 --> CORS Filter
ERROR - 2025-11-27 11:03:52 --> Origin: http://localhost:4200
ERROR - 2025-11-27 11:03:52 --> CORS Filter
ERROR - 2025-11-27 11:03:52 --> Origin: http://localhost:4200
ERROR - 2025-11-27 11:03:53 --> CORS Filter
ERROR - 2025-11-27 11:03:53 --> Origin: http://localhost:4200
ERROR - 2025-11-27 11:04:00 --> CORS Filter
ERROR - 2025-11-27 11:04:00 --> Origin: http://localhost:4200
ERROR - 2025-11-27 11:04:00 --> CORS Filter
ERROR - 2025-11-27 11:04:00 --> Origin: http://localhost:4200
ERROR - 2025-11-27 11:04:00 --> CORS Filter
ERROR - 2025-11-27 11:04:00 --> Origin: http://localhost:4200
ERROR - 2025-11-27 11:04:00 --> CORS Filter
ERROR - 2025-11-27 11:04:00 --> Origin: http://localhost:4200
ERROR - 2025-11-27 11:04:00 --> CORS Filter
ERROR - 2025-11-27 11:04:00 --> Origin: http://localhost:4200
ERROR - 2025-11-27 11:04:01 --> CORS Filter
ERROR - 2025-11-27 11:04:01 --> Origin: http://localhost:4200
ERROR - 2025-11-27 11:04:01 --> CORS Filter
ERROR - 2025-11-27 11:04:01 --> Origin: http://localhost:4200
ERROR - 2025-11-27 11:04:02 --> CORS Filter
ERROR - 2025-11-27 11:04:02 --> Origin: http://localhost:4200
ERROR - 2025-11-27 11:56:28 --> CORS Filter
ERROR - 2025-11-27 11:56:28 --> Origin: http://localhost:4200
ERROR - 2025-11-27 11:56:28 --> CORS Filter
ERROR - 2025-11-27 11:56:28 --> Origin: http://localhost:4200
ERROR - 2025-11-27 11:56:35 --> CORS Filter
ERROR - 2025-11-27 11:56:35 --> Origin: http://localhost:4200
ERROR - 2025-11-27 11:56:35 --> CORS Filter
ERROR - 2025-11-27 11:56:35 --> Origin: http://localhost:4200
ERROR - 2025-11-27 11:56:36 --> CORS Filter
ERROR - 2025-11-27 11:56:36 --> Origin: http://localhost:4200
ERROR - 2025-11-27 11:56:36 --> CORS Filter
ERROR - 2025-11-27 11:56:36 --> Origin: http://localhost:4200
ERROR - 2025-11-27 11:57:04 --> CORS Filter
ERROR - 2025-11-27 11:57:04 --> Origin: http://localhost:4200
ERROR - 2025-11-27 11:57:04 --> CORS Filter
ERROR - 2025-11-27 11:57:04 --> Origin: http://localhost:4200
ERROR - 2025-11-27 11:58:52 --> CORS Filter
ERROR - 2025-11-27 11:58:52 --> Origin: http://localhost:4200
ERROR - 2025-11-27 11:58:53 --> CORS Filter
ERROR - 2025-11-27 11:58:53 --> Origin: http://localhost:4200
ERROR - 2025-11-27 11:58:53 --> CORS Filter
ERROR - 2025-11-27 11:58:53 --> Origin: http://localhost:4200
ERROR - 2025-11-27 11:58:53 --> CORS Filter
ERROR - 2025-11-27 11:58:53 --> Origin: http://localhost:4200
ERROR - 2025-11-27 11:58:53 --> CORS Filter
ERROR - 2025-11-27 11:58:53 --> Origin: http://localhost:4200
ERROR - 2025-11-27 11:58:53 --> CORS Filter
ERROR - 2025-11-27 11:58:53 --> Origin: http://localhost:4200
ERROR - 2025-11-27 11:59:05 --> CORS Filter
ERROR - 2025-11-27 11:59:05 --> Origin: http://localhost:4200
ERROR - 2025-11-27 11:59:05 --> CORS Filter
ERROR - 2025-11-27 11:59:05 --> Origin: http://localhost:4200
ERROR - 2025-11-27 11:59:06 --> mysqli_sql_exception: Unknown column 'menuType' in 'where clause' in C:\xampp\htdocs\exiaa-material-api\vendor\codeigniter4\framework\system\Database\MySQLi\Connection.php:312
Stack trace:
#0 C:\xampp\htdocs\exiaa-material-api\vendor\codeigniter4\framework\system\Database\MySQLi\Connection.php(312): mysqli->query('SELECT COUNT(*)...', 0)
#1 C:\xampp\htdocs\exiaa-material-api\vendor\codeigniter4\framework\system\Database\BaseConnection.php(734): CodeIgniter\Database\MySQLi\Connection->execute('SELECT COUNT(*)...')
#2 C:\xampp\htdocs\exiaa-material-api\vendor\codeigniter4\framework\system\Database\BaseConnection.php(648): CodeIgniter\Database\BaseConnection->simpleQuery('SELECT COUNT(*)...')
#3 C:\xampp\htdocs\exiaa-material-api\vendor\codeigniter4\framework\system\Database\BaseBuilder.php(1728): CodeIgniter\Database\BaseConnection->query('SELECT COUNT(*)...', Array, false)
#4 C:\xampp\htdocs\exiaa-material-api\vendor\codeigniter4\framework\system\Model.php(676): CodeIgniter\Database\BaseBuilder->countAllResults(false)
#5 C:\xampp\htdocs\exiaa-material-api\vendor\codeigniter4\framework\system\BaseModel.php(1283): CodeIgniter\Model->countAllResults(false)
#6 C:\xampp\htdocs\exiaa-material-api\app\Controllers\Website.php(251): CodeIgniter\BaseModel->paginate(10, 'default', 1)
#7 C:\xampp\htdocs\exiaa-material-api\vendor\codeigniter4\framework\system\CodeIgniter.php(933): App\Controllers\Website->getContentPaging()
#8 C:\xampp\htdocs\exiaa-material-api\vendor\codeigniter4\framework\system\CodeIgniter.php(509): CodeIgniter\CodeIgniter->runController(Object(App\Controllers\Website))
#9 C:\xampp\htdocs\exiaa-material-api\vendor\codeigniter4\framework\system\CodeIgniter.php(355): CodeIgniter\CodeIgniter->handleRequest(NULL, Object(Config\Cache), false)
#10 C:\xampp\htdocs\exiaa-material-api\vendor\codeigniter4\framework\system\Boot.php(334): CodeIgniter\CodeIgniter->run()
#11 C:\xampp\htdocs\exiaa-material-api\vendor\codeigniter4\framework\system\Boot.php(67): CodeIgniter\Boot::runCodeIgniter(Object(CodeIgniter\CodeIgniter))
#12 C:\xampp\htdocs\exiaa-material-api\public\index.php(56): CodeIgniter\Boot::bootWeb(Object(Config\Paths))
#13 C:\xampp\htdocs\exiaa-material-api\vendor\codeigniter4\framework\system\rewrite.php(44): require_once('C:\\xampp\\htdocs...')
#14 {main}
CRITICAL - 2025-11-27 11:59:06 --> CodeIgniter\Database\Exceptions\DatabaseException: Unknown column 'menuType' in 'where clause'
[Method: POST, Route: api/website/getallpagingcontent]
in SYSTEMPATH\Database\BaseConnection.php on line 688.
 1 SYSTEMPATH\Database\BaseBuilder.php(1728): CodeIgniter\Database\BaseConnection->query('SELECT COUNT(*) AS `numrows`
FROM `content_menu`
WHERE `isDeleted` = :isDeleted:
AND `businessId` = :businessId:
AND `menuType` = :menuType:', [...], false)
 2 SYSTEMPATH\Model.php(676): CodeIgniter\Database\BaseBuilder->countAllResults(false)
 3 SYSTEMPATH\BaseModel.php(1283): CodeIgniter\Model->countAllResults(false)
 4 APPPATH\Controllers\Website.php(251): CodeIgniter\BaseModel->paginate(10, 'default', 1)
 5 SYSTEMPATH\CodeIgniter.php(933): App\Controllers\Website->getContentPaging()
 6 SYSTEMPATH\CodeIgniter.php(509): CodeIgniter\CodeIgniter->runController(Object(App\Controllers\Website))
 7 SYSTEMPATH\CodeIgniter.php(355): CodeIgniter\CodeIgniter->handleRequest(null, Object(Config\Cache), false)
 8 SYSTEMPATH\Boot.php(334): CodeIgniter\CodeIgniter->run()
 9 SYSTEMPATH\Boot.php(67): CodeIgniter\Boot::runCodeIgniter(Object(CodeIgniter\CodeIgniter))
10 FCPATH\index.php(56): CodeIgniter\Boot::bootWeb(Object(Config\Paths))
11 SYSTEMPATH\rewrite.php(44): require_once('C:\\xampp\\htdocs\\exiaa-material-api\\public\\index.php')
CRITICAL - 2025-11-27 11:59:06 --> [Caused by] CodeIgniter\Database\Exceptions\DatabaseException: Unknown column 'menuType' in 'where clause'
in SYSTEMPATH\Database\MySQLi\Connection.php on line 317.
 1 SYSTEMPATH\Database\BaseConnection.php(734): CodeIgniter\Database\MySQLi\Connection->execute('SELECT COUNT(*) AS `numrows`
FROM `content_menu`
WHERE `isDeleted` = 0
AND `businessId` = 3
AND `menuType` = \'URL\'')
 2 SYSTEMPATH\Database\BaseConnection.php(648): CodeIgniter\Database\BaseConnection->simpleQuery('SELECT COUNT(*) AS `numrows`
FROM `content_menu`
WHERE `isDeleted` = 0
AND `businessId` = 3
AND `menuType` = \'URL\'')
 3 SYSTEMPATH\Database\BaseBuilder.php(1728): CodeIgniter\Database\BaseConnection->query('SELECT COUNT(*) AS `numrows`
FROM `content_menu`
WHERE `isDeleted` = :isDeleted:
AND `businessId` = :businessId:
AND `menuType` = :menuType:', [...], false)
 4 SYSTEMPATH\Model.php(676): CodeIgniter\Database\BaseBuilder->countAllResults(false)
 5 SYSTEMPATH\BaseModel.php(1283): CodeIgniter\Model->countAllResults(false)
 6 APPPATH\Controllers\Website.php(251): CodeIgniter\BaseModel->paginate(10, 'default', 1)
 7 SYSTEMPATH\CodeIgniter.php(933): App\Controllers\Website->getContentPaging()
 8 SYSTEMPATH\CodeIgniter.php(509): CodeIgniter\CodeIgniter->runController(Object(App\Controllers\Website))
 9 SYSTEMPATH\CodeIgniter.php(355): CodeIgniter\CodeIgniter->handleRequest(null, Object(Config\Cache), false)
10 SYSTEMPATH\Boot.php(334): CodeIgniter\CodeIgniter->run()
11 SYSTEMPATH\Boot.php(67): CodeIgniter\Boot::runCodeIgniter(Object(CodeIgniter\CodeIgniter))
12 FCPATH\index.php(56): CodeIgniter\Boot::bootWeb(Object(Config\Paths))
13 SYSTEMPATH\rewrite.php(44): require_once('C:\\xampp\\htdocs\\exiaa-material-api\\public\\index.php')
CRITICAL - 2025-11-27 11:59:06 --> [Caused by] mysqli_sql_exception: Unknown column 'menuType' in 'where clause'
in SYSTEMPATH\Database\MySQLi\Connection.php on line 312.
 1 SYSTEMPATH\Database\MySQLi\Connection.php(312): mysqli->query('SELECT COUNT(*) AS `numrows`
FROM `content_menu`
WHERE `isDeleted` = 0
AND `businessId` = 3
AND `menuType` = \'URL\'', 0)
 2 SYSTEMPATH\Database\BaseConnection.php(734): CodeIgniter\Database\MySQLi\Connection->execute('SELECT COUNT(*) AS `numrows`
FROM `content_menu`
WHERE `isDeleted` = 0
AND `businessId` = 3
AND `menuType` = \'URL\'')
 3 SYSTEMPATH\Database\BaseConnection.php(648): CodeIgniter\Database\BaseConnection->simpleQuery('SELECT COUNT(*) AS `numrows`
FROM `content_menu`
WHERE `isDeleted` = 0
AND `businessId` = 3
AND `menuType` = \'URL\'')
 4 SYSTEMPATH\Database\BaseBuilder.php(1728): CodeIgniter\Database\BaseConnection->query('SELECT COUNT(*) AS `numrows`
FROM `content_menu`
WHERE `isDeleted` = :isDeleted:
AND `businessId` = :businessId:
AND `menuType` = :menuType:', [...], false)
 5 SYSTEMPATH\Model.php(676): CodeIgniter\Database\BaseBuilder->countAllResults(false)
 6 SYSTEMPATH\BaseModel.php(1283): CodeIgniter\Model->countAllResults(false)
 7 APPPATH\Controllers\Website.php(251): CodeIgniter\BaseModel->paginate(10, 'default', 1)
 8 SYSTEMPATH\CodeIgniter.php(933): App\Controllers\Website->getContentPaging()
 9 SYSTEMPATH\CodeIgniter.php(509): CodeIgniter\CodeIgniter->runController(Object(App\Controllers\Website))
10 SYSTEMPATH\CodeIgniter.php(355): CodeIgniter\CodeIgniter->handleRequest(null, Object(Config\Cache), false)
11 SYSTEMPATH\Boot.php(334): CodeIgniter\CodeIgniter->run()
12 SYSTEMPATH\Boot.php(67): CodeIgniter\Boot::runCodeIgniter(Object(CodeIgniter\CodeIgniter))
13 FCPATH\index.php(56): CodeIgniter\Boot::bootWeb(Object(Config\Paths))
14 SYSTEMPATH\rewrite.php(44): require_once('C:\\xampp\\htdocs\\exiaa-material-api\\public\\index.php')
ERROR - 2025-11-27 12:05:01 --> CORS Filter
ERROR - 2025-11-27 12:05:01 --> Origin: http://localhost:4200
ERROR - 2025-11-27 12:05:01 --> CORS Filter
ERROR - 2025-11-27 12:05:01 --> Origin: http://localhost:4200
ERROR - 2025-11-27 12:05:17 --> CORS Filter
ERROR - 2025-11-27 12:05:17 --> Origin: http://localhost:4200
ERROR - 2025-11-27 12:05:17 --> CORS Filter
ERROR - 2025-11-27 12:05:17 --> Origin: http://localhost:4200
ERROR - 2025-11-27 12:05:17 --> CORS Filter
ERROR - 2025-11-27 12:05:17 --> Origin: http://localhost:4200
ERROR - 2025-11-27 12:05:18 --> CORS Filter
ERROR - 2025-11-27 12:05:18 --> Origin: http://localhost:4200
ERROR - 2025-11-27 12:05:18 --> CORS Filter
ERROR - 2025-11-27 12:05:18 --> Origin: http://localhost:4200
ERROR - 2025-11-27 12:05:19 --> CORS Filter
ERROR - 2025-11-27 12:05:19 --> Origin: http://localhost:4200
ERROR - 2025-11-27 12:05:19 --> CORS Filter
ERROR - 2025-11-27 12:05:19 --> Origin: http://localhost:4200
ERROR - 2025-11-27 12:05:19 --> CORS Filter
ERROR - 2025-11-27 12:05:19 --> Origin: http://localhost:4200
ERROR - 2025-11-27 12:05:19 --> CORS Filter
ERROR - 2025-11-27 12:05:19 --> Origin: http://localhost:4200
ERROR - 2025-11-27 12:05:20 --> CORS Filter
ERROR - 2025-11-27 12:05:20 --> Origin: http://localhost:4200
ERROR - 2025-11-27 12:05:20 --> CORS Filter
ERROR - 2025-11-27 12:05:20 --> Origin: http://localhost:4200
ERROR - 2025-11-27 12:05:21 --> CORS Filter
ERROR - 2025-11-27 12:05:21 --> Origin: http://localhost:4200
ERROR - 2025-11-27 12:05:27 --> CORS Filter
ERROR - 2025-11-27 12:05:27 --> Origin: http://localhost:4200
ERROR - 2025-11-27 12:05:27 --> CORS Filter
ERROR - 2025-11-27 12:05:27 --> Origin: http://localhost:4200
ERROR - 2025-11-27 12:05:54 --> CORS Filter
ERROR - 2025-11-27 12:05:54 --> Origin: http://localhost:4200
ERROR - 2025-11-27 12:05:54 --> CORS Filter
ERROR - 2025-11-27 12:05:54 --> Origin: http://localhost:4200
ERROR - 2025-11-27 12:05:56 --> CORS Filter
ERROR - 2025-11-27 12:05:56 --> Origin: http://localhost:4200
ERROR - 2025-11-27 12:05:56 --> CORS Filter
ERROR - 2025-11-27 12:05:56 --> Origin: http://localhost:4200
ERROR - 2025-11-27 12:06:19 --> CORS Filter
ERROR - 2025-11-27 12:06:19 --> Origin: http://localhost:4200
ERROR - 2025-11-27 12:06:19 --> CORS Filter
ERROR - 2025-11-27 12:06:19 --> Origin: http://localhost:4200
ERROR - 2025-11-27 12:06:21 --> CORS Filter
ERROR - 2025-11-27 12:06:21 --> Origin: http://localhost:4200
ERROR - 2025-11-27 12:06:21 --> CORS Filter
ERROR - 2025-11-27 12:06:21 --> Origin: http://localhost:4200
ERROR - 2025-11-27 12:33:43 --> CORS Filter
ERROR - 2025-11-27 12:33:43 --> Origin: http://localhost:4200
ERROR - 2025-11-27 12:33:43 --> CORS Filter
ERROR - 2025-11-27 12:33:43 --> Origin: http://localhost:4200
ERROR - 2025-11-27 12:33:44 --> CORS Filter
ERROR - 2025-11-27 12:33:44 --> Origin: http://localhost:4200
ERROR - 2025-11-27 12:33:44 --> CORS Filter
ERROR - 2025-11-27 12:33:44 --> Origin: http://localhost:4200
ERROR - 2025-11-27 12:33:45 --> CORS Filter
ERROR - 2025-11-27 12:33:45 --> Origin: http://localhost:4200
ERROR - 2025-11-27 12:33:45 --> CORS Filter
ERROR - 2025-11-27 12:33:45 --> Origin: http://localhost:4200
ERROR - 2025-11-27 12:33:45 --> CORS Filter
ERROR - 2025-11-27 12:33:45 --> Origin: http://localhost:4200
ERROR - 2025-11-27 12:33:46 --> CORS Filter
ERROR - 2025-11-27 12:33:46 --> Origin: http://localhost:4200
ERROR - 2025-11-27 12:33:46 --> CORS Filter
ERROR - 2025-11-27 12:33:46 --> Origin: http://localhost:4200
ERROR - 2025-11-27 12:33:47 --> CORS Filter
ERROR - 2025-11-27 12:33:47 --> Origin: http://localhost:4200
ERROR - 2025-11-27 12:36:35 --> CORS Filter
ERROR - 2025-11-27 12:36:35 --> Origin: http://localhost:4200
ERROR - 2025-11-27 12:36:36 --> CORS Filter
ERROR - 2025-11-27 12:36:36 --> Origin: http://localhost:4200
ERROR - 2025-11-27 12:36:36 --> CORS Filter
ERROR - 2025-11-27 12:36:36 --> Origin: http://localhost:4200
ERROR - 2025-11-27 12:36:36 --> CORS Filter
ERROR - 2025-11-27 12:36:36 --> Origin: http://localhost:4200
ERROR - 2025-11-27 12:36:36 --> CORS Filter
ERROR - 2025-11-27 12:36:36 --> Origin: http://localhost:4200
ERROR - 2025-11-27 12:36:37 --> CORS Filter
ERROR - 2025-11-27 12:36:37 --> Origin: http://localhost:4200
ERROR - 2025-11-27 12:36:37 --> CORS Filter
ERROR - 2025-11-27 12:36:37 --> Origin: http://localhost:4200
ERROR - 2025-11-27 12:36:37 --> CORS Filter
ERROR - 2025-11-27 12:36:37 --> Origin: http://localhost:4200
ERROR - 2025-11-27 12:36:37 --> CORS Filter
ERROR - 2025-11-27 12:36:37 --> Origin: http://localhost:4200
ERROR - 2025-11-27 12:36:38 --> CORS Filter
ERROR - 2025-11-27 12:36:38 --> Origin: http://localhost:4200
ERROR - 2025-11-27 12:36:38 --> CORS Filter
ERROR - 2025-11-27 12:36:38 --> Origin: http://localhost:4200
ERROR - 2025-11-27 12:36:38 --> CORS Filter
ERROR - 2025-11-27 12:36:38 --> Origin: http://localhost:4200
ERROR - 2025-11-27 12:36:38 --> CORS Filter
ERROR - 2025-11-27 12:36:38 --> Origin: http://localhost:4200
ERROR - 2025-11-27 12:36:38 --> CORS Filter
ERROR - 2025-11-27 12:36:38 --> Origin: http://localhost:4200
ERROR - 2025-11-27 12:36:39 --> CORS Filter
ERROR - 2025-11-27 12:36:39 --> Origin: http://localhost:4200
ERROR - 2025-11-27 12:36:39 --> CORS Filter
ERROR - 2025-11-27 12:36:39 --> Origin: http://localhost:4200
ERROR - 2025-11-27 12:36:39 --> CORS Filter
ERROR - 2025-11-27 12:36:39 --> Origin: http://localhost:4200
ERROR - 2025-11-27 12:36:40 --> CORS Filter
ERROR - 2025-11-27 12:36:40 --> Origin: http://localhost:4200
ERROR - 2025-11-27 12:46:14 --> CORS Filter
ERROR - 2025-11-27 12:46:14 --> Origin: http://localhost:4200
ERROR - 2025-11-27 12:46:14 --> CORS Filter
ERROR - 2025-11-27 12:46:14 --> Origin: http://localhost:4200
ERROR - 2025-11-27 12:46:15 --> CORS Filter
ERROR - 2025-11-27 12:46:15 --> Origin: http://localhost:4200
ERROR - 2025-11-27 12:46:15 --> CORS Filter
ERROR - 2025-11-27 12:46:15 --> Origin: http://localhost:4200
ERROR - 2025-11-27 12:46:16 --> CORS Filter
ERROR - 2025-11-27 12:46:16 --> Origin: http://localhost:4200
ERROR - 2025-11-27 12:46:16 --> CORS Filter
ERROR - 2025-11-27 12:46:16 --> Origin: http://localhost:4200
ERROR - 2025-11-27 12:46:16 --> CORS Filter
ERROR - 2025-11-27 12:46:16 --> Origin: http://localhost:4200
ERROR - 2025-11-27 12:46:17 --> CORS Filter
ERROR - 2025-11-27 12:46:17 --> Origin: http://localhost:4200
ERROR - 2025-11-27 12:46:22 --> CORS Filter
ERROR - 2025-11-27 12:46:22 --> Origin: http://localhost:4200
ERROR - 2025-11-27 12:46:22 --> CORS Filter
ERROR - 2025-11-27 12:46:22 --> Origin: http://localhost:4200
ERROR - 2025-11-27 12:55:26 --> CORS Filter
ERROR - 2025-11-27 12:55:26 --> Origin: http://localhost:4200
ERROR - 2025-11-27 12:55:26 --> CORS Filter
ERROR - 2025-11-27 12:55:26 --> Origin: http://localhost:4200
ERROR - 2025-11-27 12:55:26 --> CORS Filter
ERROR - 2025-11-27 12:55:26 --> Origin: http://localhost:4200
ERROR - 2025-11-27 12:55:26 --> CORS Filter
ERROR - 2025-11-27 12:55:26 --> Origin: http://localhost:4200
ERROR - 2025-11-27 12:55:27 --> CORS Filter
ERROR - 2025-11-27 12:55:27 --> Origin: http://localhost:4200
ERROR - 2025-11-27 12:55:27 --> CORS Filter
ERROR - 2025-11-27 12:55:27 --> Origin: http://localhost:4200
ERROR - 2025-11-27 12:55:27 --> CORS Filter
ERROR - 2025-11-27 12:55:27 --> Origin: http://localhost:4200
ERROR - 2025-11-27 12:55:28 --> CORS Filter
ERROR - 2025-11-27 12:55:28 --> Origin: http://localhost:4200
ERROR - 2025-11-27 12:55:28 --> CORS Filter
ERROR - 2025-11-27 12:55:28 --> Origin: http://localhost:4200
ERROR - 2025-11-27 12:55:28 --> CORS Filter
ERROR - 2025-11-27 12:55:28 --> Origin: http://localhost:4200
ERROR - 2025-11-27 12:55:41 --> CORS Filter
ERROR - 2025-11-27 12:55:41 --> Origin: http://localhost:4200
ERROR - 2025-11-27 12:55:41 --> CORS Filter
ERROR - 2025-11-27 12:55:41 --> Origin: http://localhost:4200
ERROR - 2025-11-27 12:55:41 --> CORS Filter
ERROR - 2025-11-27 12:55:41 --> Origin: http://localhost:4200
ERROR - 2025-11-27 12:55:42 --> CORS Filter
ERROR - 2025-11-27 12:55:42 --> Origin: http://localhost:4200
ERROR - 2025-11-27 12:55:42 --> CORS Filter
ERROR - 2025-11-27 12:55:42 --> Origin: http://localhost:4200
ERROR - 2025-11-27 12:55:42 --> CORS Filter
ERROR - 2025-11-27 12:55:42 --> Origin: http://localhost:4200
ERROR - 2025-11-27 12:55:42 --> CORS Filter
ERROR - 2025-11-27 12:55:42 --> Origin: http://localhost:4200
ERROR - 2025-11-27 12:55:42 --> CORS Filter
ERROR - 2025-11-27 12:55:42 --> Origin: http://localhost:4200
ERROR - 2025-11-27 12:55:43 --> CORS Filter
ERROR - 2025-11-27 12:55:43 --> Origin: http://localhost:4200
ERROR - 2025-11-27 12:55:43 --> CORS Filter
ERROR - 2025-11-27 12:55:43 --> Origin: http://localhost:4200
ERROR - 2025-11-27 12:55:43 --> CORS Filter
ERROR - 2025-11-27 12:55:43 --> Origin: http://localhost:4200
ERROR - 2025-11-27 12:55:43 --> CORS Filter
ERROR - 2025-11-27 12:55:43 --> Origin: http://localhost:4200
ERROR - 2025-11-27 12:55:44 --> CORS Filter
ERROR - 2025-11-27 12:55:44 --> Origin: http://localhost:4200
ERROR - 2025-11-27 12:55:44 --> CORS Filter
ERROR - 2025-11-27 12:55:44 --> Origin: http://localhost:4200
ERROR - 2025-11-27 12:55:44 --> CORS Filter
ERROR - 2025-11-27 12:55:44 --> Origin: http://localhost:4200
ERROR - 2025-11-27 12:55:44 --> CORS Filter
ERROR - 2025-11-27 12:55:44 --> Origin: http://localhost:4200
ERROR - 2025-11-27 12:55:45 --> CORS Filter
ERROR - 2025-11-27 12:55:45 --> Origin: http://localhost:4200
ERROR - 2025-11-27 12:55:45 --> CORS Filter
ERROR - 2025-11-27 12:55:45 --> Origin: http://localhost:4200
ERROR - 2025-11-27 12:55:53 --> CORS Filter
ERROR - 2025-11-27 12:55:53 --> Origin: http://localhost:4200
ERROR - 2025-11-27 12:55:54 --> CORS Filter
ERROR - 2025-11-27 12:55:54 --> Origin: http://localhost:4200
ERROR - 2025-11-27 12:55:54 --> CORS Filter
ERROR - 2025-11-27 12:55:54 --> Origin: http://localhost:4200
ERROR - 2025-11-27 12:55:54 --> CORS Filter
ERROR - 2025-11-27 12:55:54 --> Origin: http://localhost:4200
ERROR - 2025-11-27 12:55:54 --> CORS Filter
ERROR - 2025-11-27 12:55:54 --> Origin: http://localhost:4200
ERROR - 2025-11-27 12:55:54 --> CORS Filter
ERROR - 2025-11-27 12:55:54 --> Origin: http://localhost:4200
ERROR - 2025-11-27 12:55:55 --> CORS Filter
ERROR - 2025-11-27 12:55:55 --> Origin: http://localhost:4200
ERROR - 2025-11-27 12:55:55 --> CORS Filter
ERROR - 2025-11-27 12:55:55 --> Origin: http://localhost:4200
ERROR - 2025-11-27 12:55:55 --> CORS Filter
ERROR - 2025-11-27 12:55:55 --> Origin: http://localhost:4200
ERROR - 2025-11-27 12:55:55 --> CORS Filter
ERROR - 2025-11-27 12:55:55 --> Origin: http://localhost:4200
ERROR - 2025-11-27 12:55:56 --> CORS Filter
ERROR - 2025-11-27 12:55:56 --> Origin: http://localhost:4200
ERROR - 2025-11-27 12:55:56 --> CORS Filter
ERROR - 2025-11-27 12:55:56 --> Origin: http://localhost:4200
ERROR - 2025-11-27 12:55:56 --> CORS Filter
ERROR - 2025-11-27 12:55:56 --> Origin: http://localhost:4200
ERROR - 2025-11-27 12:55:56 --> CORS Filter
ERROR - 2025-11-27 12:55:56 --> Origin: http://localhost:4200
ERROR - 2025-11-27 12:55:57 --> CORS Filter
ERROR - 2025-11-27 12:55:57 --> Origin: http://localhost:4200
ERROR - 2025-11-27 12:55:57 --> CORS Filter
ERROR - 2025-11-27 12:55:57 --> Origin: http://localhost:4200
ERROR - 2025-11-27 12:55:57 --> CORS Filter
ERROR - 2025-11-27 12:55:57 --> Origin: http://localhost:4200
ERROR - 2025-11-27 12:55:58 --> CORS Filter
ERROR - 2025-11-27 12:55:58 --> Origin: http://localhost:4200
ERROR - 2025-11-27 13:02:21 --> CORS Filter
ERROR - 2025-11-27 13:02:21 --> Origin: http://localhost:4200
ERROR - 2025-11-27 13:02:21 --> CORS Filter
ERROR - 2025-11-27 13:02:21 --> Origin: http://localhost:4200
ERROR - 2025-11-27 13:02:22 --> CORS Filter
ERROR - 2025-11-27 13:02:22 --> Origin: http://localhost:4200
ERROR - 2025-11-27 13:02:22 --> CORS Filter
ERROR - 2025-11-27 13:02:22 --> Origin: http://localhost:4200
ERROR - 2025-11-27 13:02:22 --> CORS Filter
ERROR - 2025-11-27 13:02:22 --> Origin: http://localhost:4200
ERROR - 2025-11-27 13:02:22 --> CORS Filter
ERROR - 2025-11-27 13:02:22 --> Origin: http://localhost:4200
ERROR - 2025-11-27 13:02:22 --> CORS Filter
ERROR - 2025-11-27 13:02:22 --> Origin: http://localhost:4200
ERROR - 2025-11-27 13:02:23 --> CORS Filter
ERROR - 2025-11-27 13:02:23 --> Origin: http://localhost:4200
ERROR - 2025-11-27 13:02:23 --> CORS Filter
ERROR - 2025-11-27 13:02:23 --> Origin: http://localhost:4200
ERROR - 2025-11-27 13:02:23 --> CORS Filter
ERROR - 2025-11-27 13:02:23 --> Origin: http://localhost:4200
ERROR - 2025-11-27 13:02:23 --> CORS Filter
ERROR - 2025-11-27 13:02:23 --> Origin: http://localhost:4200
ERROR - 2025-11-27 13:02:23 --> CORS Filter
ERROR - 2025-11-27 13:02:23 --> Origin: http://localhost:4200
ERROR - 2025-11-27 13:02:24 --> CORS Filter
ERROR - 2025-11-27 13:02:24 --> Origin: http://localhost:4200
ERROR - 2025-11-27 13:02:24 --> CORS Filter
ERROR - 2025-11-27 13:02:24 --> Origin: http://localhost:4200
ERROR - 2025-11-27 13:02:24 --> CORS Filter
ERROR - 2025-11-27 13:02:24 --> Origin: http://localhost:4200
ERROR - 2025-11-27 13:02:24 --> CORS Filter
ERROR - 2025-11-27 13:02:24 --> Origin: http://localhost:4200
ERROR - 2025-11-27 13:02:25 --> CORS Filter
ERROR - 2025-11-27 13:02:25 --> Origin: http://localhost:4200
ERROR - 2025-11-27 13:02:25 --> CORS Filter
ERROR - 2025-11-27 13:02:25 --> Origin: http://localhost:4200
ERROR - 2025-11-27 13:02:43 --> CORS Filter
ERROR - 2025-11-27 13:02:43 --> Origin: http://localhost:4200
ERROR - 2025-11-27 13:02:43 --> CORS Filter
ERROR - 2025-11-27 13:02:43 --> Origin: http://localhost:4200
ERROR - 2025-11-27 13:02:44 --> CORS Filter
ERROR - 2025-11-27 13:02:44 --> Origin: http://localhost:4200
ERROR - 2025-11-27 13:02:44 --> CORS Filter
ERROR - 2025-11-27 13:02:44 --> Origin: http://localhost:4200
ERROR - 2025-11-27 13:02:44 --> CORS Filter
ERROR - 2025-11-27 13:02:44 --> Origin: http://localhost:4200
ERROR - 2025-11-27 13:02:44 --> CORS Filter
ERROR - 2025-11-27 13:02:44 --> Origin: http://localhost:4200
ERROR - 2025-11-27 13:02:44 --> CORS Filter
ERROR - 2025-11-27 13:02:44 --> Origin: http://localhost:4200
ERROR - 2025-11-27 13:02:45 --> CORS Filter
ERROR - 2025-11-27 13:02:45 --> Origin: http://localhost:4200
ERROR - 2025-11-27 13:02:45 --> CORS Filter
ERROR - 2025-11-27 13:02:45 --> Origin: http://localhost:4200
ERROR - 2025-11-27 13:02:45 --> CORS Filter
ERROR - 2025-11-27 13:02:45 --> Origin: http://localhost:4200
ERROR - 2025-11-27 13:02:45 --> CORS Filter
ERROR - 2025-11-27 13:02:45 --> Origin: http://localhost:4200
ERROR - 2025-11-27 13:02:46 --> CORS Filter
ERROR - 2025-11-27 13:02:46 --> Origin: http://localhost:4200
ERROR - 2025-11-27 13:02:47 --> CORS Filter
ERROR - 2025-11-27 13:02:47 --> Origin: http://localhost:4200
ERROR - 2025-11-27 13:02:47 --> CORS Filter
ERROR - 2025-11-27 13:02:47 --> Origin: http://localhost:4200
ERROR - 2025-11-27 13:02:47 --> CORS Filter
ERROR - 2025-11-27 13:02:47 --> Origin: http://localhost:4200
ERROR - 2025-11-27 13:02:47 --> CORS Filter
ERROR - 2025-11-27 13:02:47 --> Origin: http://localhost:4200
ERROR - 2025-11-27 13:02:48 --> CORS Filter
ERROR - 2025-11-27 13:02:48 --> Origin: http://localhost:4200
ERROR - 2025-11-27 13:02:48 --> CORS Filter
ERROR - 2025-11-27 13:02:48 --> Origin: http://localhost:4200
ERROR - 2025-11-27 13:03:10 --> CORS Filter
ERROR - 2025-11-27 13:03:10 --> Origin: http://localhost:4200
ERROR - 2025-11-27 13:03:11 --> CORS Filter
ERROR - 2025-11-27 13:03:11 --> Origin: http://localhost:4200
ERROR - 2025-11-27 13:03:11 --> CORS Filter
ERROR - 2025-11-27 13:03:11 --> Origin: http://localhost:4200
ERROR - 2025-11-27 13:03:11 --> CORS Filter
ERROR - 2025-11-27 13:03:11 --> Origin: http://localhost:4200
ERROR - 2025-11-27 13:03:11 --> CORS Filter
ERROR - 2025-11-27 13:03:11 --> Origin: http://localhost:4200
ERROR - 2025-11-27 13:03:11 --> CORS Filter
ERROR - 2025-11-27 13:03:11 --> Origin: http://localhost:4200
ERROR - 2025-11-27 13:03:12 --> CORS Filter
ERROR - 2025-11-27 13:03:12 --> Origin: http://localhost:4200
ERROR - 2025-11-27 13:03:12 --> CORS Filter
ERROR - 2025-11-27 13:03:12 --> Origin: http://localhost:4200
ERROR - 2025-11-27 13:03:12 --> CORS Filter
ERROR - 2025-11-27 13:03:12 --> Origin: http://localhost:4200
ERROR - 2025-11-27 13:03:12 --> CORS Filter
ERROR - 2025-11-27 13:03:12 --> Origin: http://localhost:4200
ERROR - 2025-11-27 13:03:12 --> CORS Filter
ERROR - 2025-11-27 13:03:12 --> Origin: http://localhost:4200
ERROR - 2025-11-27 13:03:13 --> CORS Filter
ERROR - 2025-11-27 13:03:13 --> Origin: http://localhost:4200
ERROR - 2025-11-27 13:03:13 --> CORS Filter
ERROR - 2025-11-27 13:03:13 --> Origin: http://localhost:4200
ERROR - 2025-11-27 13:03:13 --> CORS Filter
ERROR - 2025-11-27 13:03:13 --> Origin: http://localhost:4200
ERROR - 2025-11-27 13:03:14 --> CORS Filter
ERROR - 2025-11-27 13:03:14 --> Origin: http://localhost:4200
ERROR - 2025-11-27 13:03:14 --> CORS Filter
ERROR - 2025-11-27 13:03:14 --> Origin: http://localhost:4200
ERROR - 2025-11-27 13:03:14 --> CORS Filter
ERROR - 2025-11-27 13:03:14 --> Origin: http://localhost:4200
ERROR - 2025-11-27 13:03:14 --> CORS Filter
ERROR - 2025-11-27 13:03:14 --> Origin: http://localhost:4200
ERROR - 2025-11-27 13:03:37 --> CORS Filter
ERROR - 2025-11-27 13:03:37 --> Origin: http://localhost:4200
ERROR - 2025-11-27 13:03:37 --> CORS Filter
ERROR - 2025-11-27 13:03:37 --> Origin: http://localhost:4200
ERROR - 2025-11-27 13:03:37 --> CORS Filter
ERROR - 2025-11-27 13:03:37 --> Origin: http://localhost:4200
ERROR - 2025-11-27 13:03:38 --> CORS Filter
ERROR - 2025-11-27 13:03:38 --> Origin: http://localhost:4200
ERROR - 2025-11-27 13:03:38 --> CORS Filter
ERROR - 2025-11-27 13:03:38 --> Origin: http://localhost:4200
ERROR - 2025-11-27 13:03:38 --> CORS Filter
ERROR - 2025-11-27 13:03:38 --> Origin: http://localhost:4200
ERROR - 2025-11-27 13:03:38 --> CORS Filter
ERROR - 2025-11-27 13:03:38 --> Origin: http://localhost:4200
ERROR - 2025-11-27 13:03:39 --> CORS Filter
ERROR - 2025-11-27 13:03:39 --> Origin: http://localhost:4200
ERROR - 2025-11-27 13:03:39 --> CORS Filter
ERROR - 2025-11-27 13:03:39 --> Origin: http://localhost:4200
ERROR - 2025-11-27 13:03:39 --> CORS Filter
ERROR - 2025-11-27 13:03:39 --> Origin: http://localhost:4200
ERROR - 2025-11-27 13:03:39 --> CORS Filter
ERROR - 2025-11-27 13:03:39 --> Origin: http://localhost:4200
ERROR - 2025-11-27 13:03:39 --> CORS Filter
ERROR - 2025-11-27 13:03:39 --> Origin: http://localhost:4200
ERROR - 2025-11-27 13:03:39 --> CORS Filter
ERROR - 2025-11-27 13:03:39 --> Origin: http://localhost:4200
ERROR - 2025-11-27 13:03:40 --> CORS Filter
ERROR - 2025-11-27 13:03:40 --> Origin: http://localhost:4200
ERROR - 2025-11-27 13:03:40 --> CORS Filter
ERROR - 2025-11-27 13:03:40 --> Origin: http://localhost:4200
ERROR - 2025-11-27 13:03:40 --> CORS Filter
ERROR - 2025-11-27 13:03:40 --> Origin: http://localhost:4200
ERROR - 2025-11-27 13:03:41 --> CORS Filter
ERROR - 2025-11-27 13:03:41 --> Origin: http://localhost:4200
ERROR - 2025-11-27 13:03:41 --> CORS Filter
ERROR - 2025-11-27 13:03:41 --> Origin: http://localhost:4200
ERROR - 2025-11-27 13:03:53 --> CORS Filter
ERROR - 2025-11-27 13:03:53 --> Origin: http://localhost:4200
ERROR - 2025-11-27 13:03:54 --> CORS Filter
ERROR - 2025-11-27 13:03:54 --> Origin: http://localhost:4200
ERROR - 2025-11-27 13:03:54 --> CORS Filter
ERROR - 2025-11-27 13:03:54 --> Origin: http://localhost:4200
ERROR - 2025-11-27 13:03:54 --> CORS Filter
ERROR - 2025-11-27 13:03:54 --> Origin: http://localhost:4200
ERROR - 2025-11-27 13:03:54 --> CORS Filter
ERROR - 2025-11-27 13:03:54 --> Origin: http://localhost:4200
ERROR - 2025-11-27 13:03:54 --> CORS Filter
ERROR - 2025-11-27 13:03:54 --> Origin: http://localhost:4200
ERROR - 2025-11-27 13:03:54 --> CORS Filter
ERROR - 2025-11-27 13:03:54 --> Origin: http://localhost:4200
ERROR - 2025-11-27 13:03:55 --> CORS Filter
ERROR - 2025-11-27 13:03:55 --> Origin: http://localhost:4200
ERROR - 2025-11-27 13:03:55 --> CORS Filter
ERROR - 2025-11-27 13:03:55 --> Origin: http://localhost:4200
ERROR - 2025-11-27 13:03:55 --> CORS Filter
ERROR - 2025-11-27 13:03:55 --> Origin: http://localhost:4200
ERROR - 2025-11-27 13:03:55 --> CORS Filter
ERROR - 2025-11-27 13:03:55 --> Origin: http://localhost:4200
ERROR - 2025-11-27 13:03:55 --> CORS Filter
ERROR - 2025-11-27 13:03:55 --> Origin: http://localhost:4200
ERROR - 2025-11-27 13:03:56 --> CORS Filter
ERROR - 2025-11-27 13:03:56 --> Origin: http://localhost:4200
ERROR - 2025-11-27 13:03:56 --> CORS Filter
ERROR - 2025-11-27 13:03:56 --> Origin: http://localhost:4200
ERROR - 2025-11-27 13:03:56 --> CORS Filter
ERROR - 2025-11-27 13:03:56 --> Origin: http://localhost:4200
ERROR - 2025-11-27 13:03:56 --> CORS Filter
ERROR - 2025-11-27 13:03:56 --> Origin: http://localhost:4200
ERROR - 2025-11-27 13:03:57 --> CORS Filter
ERROR - 2025-11-27 13:03:57 --> Origin: http://localhost:4200
ERROR - 2025-11-27 13:03:57 --> CORS Filter
ERROR - 2025-11-27 13:03:57 --> Origin: http://localhost:4200
